13/05 14:42:10:758 DBQueue started
13/05 14:42:10:771 Starting process session
13/05 14:42:10:772 Init queue connection pool 1399966930772
13/05 15:05:00:247 DBQueue started
13/05 15:05:00:263 Starting process session
13/05 15:05:00:264 Init queue connection pool 1399968300264
13/05 15:05:12:426 Thread destroyed
13/05 16:05:28:326 DBQueue started
13/05 16:05:28:340 Starting process session
13/05 16:05:28:341 Init queue connection pool 1399971928341
13/05 16:05:28:531 Scanning database queue ... 
13/05 16:05:28:579 orderId = 0 | requestId = 0 | orderDate = 2014/05/13 16:05:28 | cycleDate = 2014/05/13 16:05:28 | companyId = 0 | groupId = 0 | userId = system | subscriberId = 0 | subPackageId = 0 | subProductId = 0 | segmentId = 0 | campaignId = 0 | channel = core | serviceAddress = D10 | keyword = SUBSCRIPTION_D10 | isdn = 84922000512 | subscriberType = -1 | shipTo =  | actionType =  | productId = 0 | associateProductId = 0 | offerPrice = 0.0 | price = 0.0 | quantity = 1 | discount = 0.0 | amount = 0.0 | loyalty = 0.0 | provisioningId = 0 | commandId = 0 | request =  | response =  | status = 1 | cause =  | description = 
13/05 16:05:28:580 Total transfer record :1
13/05 16:05:28:682 Scanning database queue ... 
13/05 16:05:28:785 Scanning database queue ... 
13/05 16:05:28:888 Scanning database queue ... 
13/05 16:05:28:991 Scanning database queue ... 
13/05 16:05:29:095 Scanning database queue ... 
13/05 16:05:29:197 Scanning database queue ... 
13/05 16:05:29:300 Scanning database queue ... 
13/05 16:05:29:403 Scanning database queue ... 
13/05 16:05:29:506 Scanning database queue ... 
13/05 16:05:29:609 Scanning database queue ... 
13/05 16:05:29:712 Scanning database queue ... 
13/05 16:05:29:817 Scanning database queue ... 
13/05 16:05:29:921 Scanning database queue ... 
13/05 16:05:30:024 Scanning database queue ... 
13/05 16:05:30:127 Scanning database queue ... 
13/05 16:05:30:230 Scanning database queue ... 
13/05 16:05:30:333 Scanning database queue ... 
13/05 16:05:30:436 Scanning database queue ... 
13/05 16:05:30:539 Scanning database queue ... 
13/05 16:05:30:642 Scanning database queue ... 
13/05 16:05:30:745 Scanning database queue ... 
13/05 16:05:30:848 Scanning database queue ... 
13/05 16:05:30:951 Scanning database queue ... 
13/05 16:05:31:054 Scanning database queue ... 
13/05 16:05:31:157 Scanning database queue ... 
13/05 16:05:31:260 Scanning database queue ... 
13/05 16:05:31:363 Scanning database queue ... 
13/05 16:05:31:466 Scanning database queue ... 
13/05 16:05:31:569 Scanning database queue ... 
13/05 16:05:31:672 Scanning database queue ... 
13/05 16:05:31:775 Scanning database queue ... 
13/05 16:05:31:878 Scanning database queue ... 
13/05 16:05:31:981 Scanning database queue ... 
13/05 16:05:32:085 Scanning database queue ... 
13/05 16:05:32:189 Scanning database queue ... 
13/05 16:05:32:292 Scanning database queue ... 
13/05 16:05:32:395 Scanning database queue ... 
13/05 16:05:32:498 Scanning database queue ... 
13/05 16:05:32:601 Scanning database queue ... 
13/05 16:05:32:704 Scanning database queue ... 
13/05 16:05:32:808 Scanning database queue ... 
13/05 16:05:32:911 Scanning database queue ... 
13/05 16:05:33:014 Scanning database queue ... 
13/05 16:05:33:117 Scanning database queue ... 
13/05 16:05:33:220 Scanning database queue ... 
13/05 16:05:33:323 Scanning database queue ... 
13/05 16:05:33:426 Scanning database queue ... 
13/05 16:05:33:529 Scanning database queue ... 
13/05 16:05:33:633 Scanning database queue ... 
13/05 16:05:33:736 Scanning database queue ... 
13/05 16:05:33:839 Scanning database queue ... 
13/05 16:05:33:942 Scanning database queue ... 
13/05 16:05:34:045 Scanning database queue ... 
13/05 16:05:34:148 Scanning database queue ... 
13/05 16:05:34:252 Scanning database queue ... 
13/05 16:05:34:355 Scanning database queue ... 
13/05 16:05:34:458 Scanning database queue ... 
13/05 16:05:34:561 Scanning database queue ... 
13/05 16:05:34:664 Scanning database queue ... 
13/05 16:05:34:767 Scanning database queue ... 
13/05 16:05:34:870 Scanning database queue ... 
13/05 16:05:34:973 Scanning database queue ... 
13/05 16:05:35:076 Scanning database queue ... 
13/05 16:05:35:179 Scanning database queue ... 
13/05 16:05:35:282 Scanning database queue ... 
13/05 16:05:35:386 Scanning database queue ... 
13/05 16:05:35:489 Scanning database queue ... 
13/05 16:05:35:592 Scanning database queue ... 
13/05 16:05:35:695 Scanning database queue ... 
13/05 16:05:35:798 Scanning database queue ... 
13/05 16:05:35:904 Scanning database queue ... 
13/05 16:05:36:007 Scanning database queue ... 
13/05 16:05:36:111 Scanning database queue ... 
13/05 16:05:36:214 Scanning database queue ... 
13/05 16:05:36:317 Scanning database queue ... 
13/05 16:05:36:420 Scanning database queue ... 
13/05 16:05:36:523 Scanning database queue ... 
13/05 16:05:36:626 Scanning database queue ... 
13/05 16:05:36:729 Scanning database queue ... 
13/05 16:05:36:832 Scanning database queue ... 
13/05 16:05:36:936 Scanning database queue ... 
13/05 16:05:37:039 Scanning database queue ... 
13/05 16:05:37:142 Scanning database queue ... 
13/05 16:05:37:246 Scanning database queue ... 
13/05 16:05:37:349 Scanning database queue ... 
13/05 16:05:37:452 Scanning database queue ... 
13/05 16:05:37:556 Scanning database queue ... 
13/05 16:05:37:659 Scanning database queue ... 
13/05 16:05:37:762 Scanning database queue ... 
13/05 16:05:37:865 Scanning database queue ... 
13/05 16:05:37:968 Scanning database queue ... 
13/05 16:05:38:071 Scanning database queue ... 
13/05 16:05:38:174 Scanning database queue ... 
13/05 16:05:38:277 Scanning database queue ... 
13/05 16:05:38:379 Close queue connection pool.
13/05 16:05:38:380 End of process session
13/05 16:05:38:381 DBQueue stopped
