11/09 09:35:50:155 EPOS started
11/09 09:36:17:235 Testing connection ...
11/09 09:36:34:020 Testing connection are success
11/09 09:36:34:021 Starting process session
11/09 09:36:34:621 Total 0 instances are started
11/09 09:36:34:622 Total 6 instances are added
11/09 09:36:55:162 com.sun.messaging.jms.JMSException: [C4003]: Error occurred on connection creation [10.32.62.65:7676]. - cause: java.net.ConnectException: Connection timed out: connect
11/09 09:36:55:309 Total 5 instances are started
11/09 09:36:55:310 Total 1 instances are added
11/09 09:38:09:785 EPOS started
11/09 09:38:09:962 Testing connection ...
11/09 09:38:11:566 Testing connection are success
11/09 09:38:11:566 Starting process session
11/09 09:38:12:167 Total 0 instances are started
11/09 09:38:12:168 Total 6 instances are added
11/09 09:56:17:913 EPOS started
11/09 09:56:19:558 Testing connection ...
11/09 09:56:20:507 Testing connection are success
11/09 09:56:20:507 Starting process session
11/09 09:56:21:109 Total 0 instances are started
11/09 09:56:21:110 Total 6 instances are added
11/09 10:25:04:622 EPOS started
11/09 10:25:06:579 Testing connection ...
11/09 10:25:10:431 Testing connection are success
11/09 10:25:10:432 Starting process session
11/09 10:25:11:033 Total 0 instances are started
11/09 10:25:11:033 Total 6 instances are added
11/09 10:27:40:046 EPOS started
11/09 10:27:41:725 Testing connection ...
11/09 10:27:42:966 Testing connection are success
11/09 10:27:42:967 Starting process session
11/09 10:27:43:567 Total 0 instances are started
11/09 10:27:43:567 Total 6 instances are added
11/09 10:42:17:228 EPOS started
11/09 10:42:18:787 Testing connection ...
11/09 10:42:20:409 Testing connection are success
11/09 10:42:20:409 Starting process session
11/09 10:42:21:118 Total 0 instances are started
11/09 10:42:21:118 Total 6 instances are added
11/09 11:28:06:212 EPOS started
11/09 11:28:07:824 Testing connection ...
11/09 11:28:08:571 Testing connection are success
11/09 11:28:08:572 Starting process session
11/09 11:28:09:246 Total 0 instances are started
11/09 11:28:09:247 Total 6 instances are added
11/09 14:13:16:567 EPOS started
11/09 14:13:27:679 Testing connection ...
11/09 14:13:32:325 Testing connection are success
11/09 14:13:32:326 Starting process session
11/09 14:13:33:011 Total 0 instances are started
11/09 14:13:33:011 Total 6 instances are added
11/09 15:00:05:022 EPOS started
11/09 15:00:06:403 Testing connection ...
11/09 15:00:08:616 Testing connection are success
11/09 15:00:08:616 Starting process session
11/09 15:00:09:219 Total 0 instances are started
11/09 15:00:09:219 Total 6 instances are added
11/09 16:22:14:865 EPOS started
11/09 16:22:19:661 Testing connection ...
11/09 16:22:25:098 Testing connection are success
11/09 16:22:25:099 Starting process session
11/09 16:22:25:699 Total 0 instances are started
11/09 16:22:25:700 Total 6 instances are added
11/09 16:59:41:463 EPOS started
11/09 16:59:43:480 Testing connection ...
11/09 16:59:44:544 Testing connection are success
11/09 16:59:44:545 Starting process session
11/09 16:59:45:145 Total 0 instances are started
11/09 16:59:45:146 Total 6 instances are added
11/09 17:18:32:268 EPOS started
11/09 17:18:33:741 Testing connection ...
11/09 17:18:34:843 Testing connection are success
11/09 17:18:34:843 Starting process session
11/09 17:18:35:444 Total 0 instances are started
11/09 17:18:35:445 Total 6 instances are added
11/09 17:21:28:855 EPOS started
11/09 17:21:30:409 Testing connection ...
11/09 17:21:31:439 Testing connection are success
11/09 17:21:31:439 Starting process session
11/09 17:21:32:042 Total 0 instances are started
11/09 17:21:32:043 Total 6 instances are added
11/09 17:36:41:483 EPOS started
11/09 17:36:43:894 Testing connection ...
11/09 17:36:45:712 Testing connection are success
11/09 17:36:45:713 Starting process session
11/09 17:36:46:313 Total 0 instances are started
11/09 17:36:46:314 Total 6 instances are added
11/09 17:58:12:902 EPOS started
11/09 17:58:14:386 Testing connection ...
11/09 17:58:15:403 Testing connection are success
11/09 17:58:15:403 Starting process session
11/09 17:58:16:007 Total 0 instances are started
11/09 17:58:16:008 Total 6 instances are added
11/09 17:59:34:282 EPOS started
11/09 17:59:35:265 Testing connection ...
11/09 17:59:36:905 Testing connection are success
11/09 17:59:36:905 Starting process session
11/09 17:59:37:505 Total 0 instances are started
11/09 17:59:37:506 Total 6 instances are added
11/09 18:02:26:676 EPOS started
11/09 18:02:28:579 Testing connection ...
11/09 18:02:29:720 Testing connection are success
11/09 18:02:29:722 Starting process session
11/09 18:02:30:322 Total 0 instances are started
11/09 18:02:30:332 Total 6 instances are added
11/09 18:09:37:686 EPOS started
11/09 18:09:37:899 Testing connection ...
11/09 18:09:40:153 Testing connection are success
11/09 18:09:40:154 Starting process session
11/09 18:09:40:755 Total 0 instances are started
11/09 18:09:40:756 Total 6 instances are added
11/09 18:14:51:258 EPOS started
11/09 18:14:52:949 Testing connection ...
11/09 18:14:53:931 Testing connection are success
11/09 18:14:53:931 Starting process session
11/09 18:14:54:533 Total 0 instances are started
11/09 18:14:54:534 Total 6 instances are added
11/09 18:17:41:554 EPOS started
11/09 18:17:43:256 Testing connection ...
11/09 18:17:44:270 Testing connection are success
11/09 18:17:44:271 Starting process session
11/09 18:17:44:879 Total 0 instances are started
11/09 18:17:44:880 Total 6 instances are added
11/09 18:29:10:274 EPOS started
11/09 18:29:11:802 Testing connection ...
11/09 18:29:12:644 Testing connection are success
11/09 18:29:12:645 Starting process session
11/09 18:29:13:269 Total 0 instances are started
11/09 18:29:13:270 Total 6 instances are added
11/09 18:32:58:069 EPOS started
11/09 18:32:59:467 Testing connection ...
11/09 18:33:00:423 Testing connection are success
11/09 18:33:00:424 Starting process session
11/09 18:33:01:026 Total 0 instances are started
11/09 18:33:01:031 Total 6 instances are added
11/09 18:41:12:974 EPOS started
11/09 18:41:14:816 Testing connection ...
11/09 18:41:15:600 Testing connection are success
11/09 18:41:15:601 Starting process session
11/09 18:41:16:229 Total 0 instances are started
11/09 18:41:16:229 Total 6 instances are added
11/09 18:43:27:467 EPOS started
11/09 18:43:28:857 Testing connection ...
11/09 18:43:29:627 Testing connection are success
11/09 18:43:29:628 Starting process session
11/09 18:43:30:228 Total 0 instances are started
11/09 18:43:30:228 Total 6 instances are added
11/09 18:49:37:239 EPOS started
11/09 18:49:37:366 Testing connection ...
11/09 18:49:39:477 Testing connection are success
11/09 18:49:39:478 Starting process session
11/09 18:49:40:079 Total 0 instances are started
11/09 18:49:40:079 Total 6 instances are added
11/09 18:49:56:282 EPOS started
11/09 18:49:57:994 Testing connection ...
11/09 18:49:59:101 Testing connection are success
11/09 18:49:59:103 Starting process session
11/09 18:49:59:705 Total 0 instances are started
11/09 18:49:59:706 Total 6 instances are added
11/09 18:54:58:052 EPOS started
11/09 18:54:59:984 Testing connection ...
11/09 18:55:01:031 Testing connection are success
11/09 18:55:01:032 Starting process session
11/09 18:55:01:632 Total 0 instances are started
11/09 18:55:01:633 Total 6 instances are added
11/09 18:56:53:039 EPOS started
11/09 18:56:54:523 Testing connection ...
11/09 18:56:55:302 Testing connection are success
11/09 18:56:55:302 Starting process session
11/09 18:56:55:968 Total 0 instances are started
11/09 18:56:55:969 Total 6 instances are added
11/09 19:04:50:798 EPOS started
11/09 19:04:52:392 Testing connection ...
11/09 19:04:53:427 Testing connection are success
11/09 19:04:53:427 Starting process session
11/09 19:04:54:029 Total 0 instances are started
11/09 19:04:54:031 Total 6 instances are added
11/09 19:15:35:306 EPOS started
11/09 19:15:36:875 Testing connection ...
11/09 19:15:37:804 Testing connection are success
11/09 19:15:37:804 Starting process session
11/09 19:15:38:406 Total 0 instances are started
11/09 19:15:38:407 Total 6 instances are added
11/09 19:21:25:761 EPOS started
11/09 19:21:25:843 Testing connection ...
11/09 19:21:27:192 Testing connection are success
11/09 19:21:27:193 Starting process session
11/09 19:21:27:869 Total 0 instances are started
11/09 19:21:27:870 Total 6 instances are added
11/09 19:26:43:954 EPOS started
11/09 19:26:45:147 Testing connection ...
11/09 19:26:46:051 Testing connection are success
11/09 19:26:46:051 Starting process session
11/09 19:26:46:652 Total 0 instances are started
11/09 19:26:46:652 Total 6 instances are added
