04/09 08:51:04:652 EPOS started
04/09 08:51:06:705 Testing connection ...
04/09 08:51:08:849 open connection is fail
04/09 08:51:08:884 org.apache.axis.AxisFault: ; nested exception is: 
	java.net.ConnectException: Connection refused: connect
04/09 08:51:08:884 Starting process session
04/09 08:51:09:486 Total 0 instances are started
04/09 08:51:09:487 Total 6 instances are added
04/09 08:57:25:350 EPOS started
04/09 08:57:25:560 Testing connection ...
04/09 08:57:28:715 open connection is fail
04/09 08:57:28:738 org.apache.axis.AxisFault: ; nested exception is: 
	java.net.ConnectException: Connection refused: connect
04/09 08:57:28:739 Starting process session
04/09 08:57:29:341 Total 0 instances are started
04/09 08:57:29:342 Total 6 instances are added
04/09 09:00:34:992 EPOS started
04/09 09:00:36:964 Testing connection ...
04/09 09:00:38:945 open connection is fail
04/09 09:00:38:981 org.apache.axis.AxisFault: ; nested exception is: 
	java.net.ConnectException: Connection refused: connect
04/09 09:00:38:981 Starting process session
04/09 09:00:39:586 Total 0 instances are started
04/09 09:00:39:587 Total 6 instances are added
04/09 09:07:30:435 EPOS started
04/09 09:07:31:952 Testing connection ...
04/09 09:07:33:942 open connection is fail
04/09 09:07:33:971 org.apache.axis.AxisFault: ; nested exception is: 
	java.net.ConnectException: Connection refused: connect
04/09 09:07:33:972 Starting process session
04/09 09:07:34:572 Total 0 instances are started
04/09 09:07:34:573 Total 6 instances are added
04/09 09:08:42:398 EPOS started
04/09 09:08:44:329 Testing connection ...
04/09 09:08:46:372 open connection is fail
04/09 09:08:46:400 org.apache.axis.AxisFault: ; nested exception is: 
	java.net.ConnectException: Connection refused: connect
04/09 09:08:46:400 Starting process session
04/09 09:08:47:001 Total 0 instances are started
04/09 09:08:47:002 Total 6 instances are added
04/09 09:09:42:508 EPOS started
04/09 09:09:44:349 Testing connection ...
04/09 09:09:46:403 open connection is fail
04/09 09:09:46:424 org.apache.axis.AxisFault: ; nested exception is: 
	java.net.ConnectException: Connection refused: connect
04/09 09:09:46:425 Starting process session
04/09 09:09:47:025 Total 0 instances are started
04/09 09:09:47:026 Total 6 instances are added
04/09 09:18:24:549 EPOS started
04/09 09:18:26:368 Testing connection ...
04/09 09:18:28:469 open connection is fail
04/09 09:18:28:491 org.apache.axis.AxisFault: ; nested exception is: 
	java.net.ConnectException: Connection refused: connect
04/09 09:18:28:492 Starting process session
04/09 09:18:29:101 Total 0 instances are started
04/09 09:18:29:102 Total 6 instances are added
04/09 09:18:50:751 EPOS started
04/09 09:18:52:023 Testing connection ...
04/09 09:18:54:096 open connection is fail
04/09 09:18:54:128 org.apache.axis.AxisFault: ; nested exception is: 
	java.net.ConnectException: Connection refused: connect
04/09 09:18:54:128 Starting process session
04/09 09:18:54:732 Total 0 instances are started
04/09 09:18:54:732 Total 6 instances are added
04/09 09:20:16:612 EPOS started
04/09 09:20:18:288 Testing connection ...
04/09 09:20:20:318 open connection is fail
04/09 09:20:20:340 org.apache.axis.AxisFault: ; nested exception is: 
	java.net.ConnectException: Connection refused: connect
04/09 09:20:20:340 Starting process session
04/09 09:20:20:941 Total 0 instances are started
04/09 09:20:20:942 Total 6 instances are added
04/09 09:22:35:741 EPOS started
04/09 09:22:37:504 Testing connection ...
04/09 09:22:39:542 open connection is fail
04/09 09:22:39:561 org.apache.axis.AxisFault: ; nested exception is: 
	java.net.ConnectException: Connection refused: connect
04/09 09:22:39:562 Starting process session
04/09 09:22:40:167 Total 0 instances are started
04/09 09:22:40:170 Total 6 instances are added
04/09 09:23:58:589 EPOS started
04/09 09:24:00:120 Testing connection ...
04/09 09:24:02:508 open connection is fail
04/09 09:24:02:534 org.apache.axis.AxisFault: ; nested exception is: 
	java.net.ConnectException: Connection refused: connect
04/09 09:24:02:534 Starting process session
04/09 09:24:03:138 Total 0 instances are started
04/09 09:24:03:138 Total 6 instances are added
04/09 09:30:34:793 EPOS started
04/09 09:30:36:633 Testing connection ...
04/09 09:30:38:638 open connection is fail
04/09 09:30:38:671 org.apache.axis.AxisFault: ; nested exception is: 
	java.net.ConnectException: Connection refused: connect
04/09 09:30:38:671 Starting process session
04/09 09:30:39:273 Total 0 instances are started
04/09 09:30:39:274 Total 6 instances are added
04/09 09:33:06:196 EPOS started
04/09 09:33:08:145 Testing connection ...
04/09 09:33:10:222 open connection is fail
04/09 09:33:10:245 org.apache.axis.AxisFault: ; nested exception is: 
	java.net.ConnectException: Connection refused: connect
04/09 09:33:10:246 Starting process session
04/09 09:33:10:851 Total 0 instances are started
04/09 09:33:10:852 Total 6 instances are added
04/09 09:38:05:058 EPOS started
04/09 09:38:07:000 Testing connection ...
04/09 09:38:09:082 open connection is fail
04/09 09:38:09:113 org.apache.axis.AxisFault: ; nested exception is: 
	java.net.ConnectException: Connection refused: connect
04/09 09:38:09:114 Starting process session
04/09 09:38:09:719 Total 0 instances are started
04/09 09:38:09:720 Total 6 instances are added
04/09 10:04:46:046 EPOS started
04/09 10:04:46:484 Testing connection ...
04/09 10:04:49:397 open connection is fail
04/09 10:04:49:426 org.apache.axis.AxisFault: ; nested exception is: 
	java.net.ConnectException: Connection refused: connect
04/09 10:04:49:427 Starting process session
04/09 10:04:50:031 Total 0 instances are started
04/09 10:04:50:031 Total 6 instances are added
04/09 10:13:28:932 EPOS started
04/09 10:13:30:370 Testing connection ...
04/09 10:13:32:338 open connection is fail
04/09 10:13:32:359 org.apache.axis.AxisFault: ; nested exception is: 
	java.net.ConnectException: Connection refused: connect
04/09 10:13:32:359 Starting process session
04/09 10:13:32:960 Total 0 instances are started
04/09 10:13:32:961 Total 6 instances are added
04/09 10:21:03:681 EPOS started
04/09 10:21:05:100 Testing connection ...
04/09 10:21:06:815 open connection is fail
04/09 10:21:06:843 org.apache.axis.AxisFault: ; nested exception is: 
	java.net.ConnectException: Connection refused: connect
04/09 10:21:06:843 Starting process session
04/09 10:21:07:444 Total 0 instances are started
04/09 10:21:07:444 Total 6 instances are added
04/09 11:02:30:647 EPOS started
04/09 11:02:32:284 Testing connection ...
04/09 11:02:34:134 open connection is fail
04/09 11:02:34:161 org.apache.axis.AxisFault: ; nested exception is: 
	java.net.ConnectException: Connection refused: connect
04/09 11:02:34:162 Starting process session
04/09 11:02:34:764 Total 0 instances are started
04/09 11:02:34:765 Total 6 instances are added
04/09 11:07:24:234 EPOS started
04/09 11:07:25:217 Testing connection ...
04/09 11:07:27:096 open connection is fail
04/09 11:07:27:119 org.apache.axis.AxisFault: ; nested exception is: 
	java.net.ConnectException: Connection refused: connect
04/09 11:07:27:119 Starting process session
04/09 11:07:27:721 Total 0 instances are started
04/09 11:07:27:721 Total 6 instances are added
04/09 11:10:36:352 EPOS started
04/09 11:10:37:823 Testing connection ...
04/09 11:10:39:863 open connection is fail
04/09 11:10:39:893 org.apache.axis.AxisFault: ; nested exception is: 
	java.net.ConnectException: Connection refused: connect
04/09 11:10:39:893 Starting process session
04/09 11:10:40:494 Total 0 instances are started
04/09 11:10:40:495 Total 6 instances are added
04/09 11:15:44:968 EPOS started
04/09 11:15:46:620 Testing connection ...
04/09 11:15:48:458 open connection is fail
04/09 11:15:48:480 org.apache.axis.AxisFault: ; nested exception is: 
	java.net.ConnectException: Connection refused: connect
04/09 11:15:48:480 Starting process session
04/09 11:15:49:084 Total 0 instances are started
04/09 11:15:49:085 Total 6 instances are added
04/09 11:17:28:032 EPOS started
04/09 11:17:29:591 Testing connection ...
04/09 11:17:31:612 open connection is fail
04/09 11:17:31:639 org.apache.axis.AxisFault: ; nested exception is: 
	java.net.ConnectException: Connection refused: connect
04/09 11:17:31:640 Starting process session
04/09 11:17:32:251 Total 0 instances are started
04/09 11:17:32:253 Total 6 instances are added
04/09 11:20:01:255 EPOS started
04/09 11:20:02:978 Testing connection ...
04/09 11:20:05:012 open connection is fail
04/09 11:20:05:042 org.apache.axis.AxisFault: ; nested exception is: 
	java.net.ConnectException: Connection refused: connect
04/09 11:20:05:042 Starting process session
04/09 11:20:05:658 Total 0 instances are started
04/09 11:20:05:659 Total 6 instances are added
04/09 11:23:33:031 EPOS started
04/09 11:23:34:785 Testing connection ...
04/09 11:23:36:475 open connection is fail
04/09 11:23:36:506 org.apache.axis.AxisFault: ; nested exception is: 
	java.net.ConnectException: Connection refused: connect
04/09 11:23:36:506 Starting process session
04/09 11:23:37:108 Total 0 instances are started
04/09 11:23:37:110 Total 6 instances are added
04/09 11:27:12:383 EPOS started
04/09 11:27:14:197 Testing connection ...
04/09 11:27:16:233 open connection is fail
04/09 11:27:16:256 org.apache.axis.AxisFault: ; nested exception is: 
	java.net.ConnectException: Connection refused: connect
04/09 11:27:16:257 Starting process session
04/09 11:27:16:857 Total 0 instances are started
04/09 11:27:16:858 Total 6 instances are added
04/09 11:28:41:830 EPOS started
04/09 11:28:43:690 Testing connection ...
04/09 11:28:45:723 open connection is fail
04/09 11:28:45:757 org.apache.axis.AxisFault: ; nested exception is: 
	java.net.ConnectException: Connection refused: connect
04/09 11:28:45:757 Starting process session
04/09 11:28:46:368 Total 0 instances are started
04/09 11:28:46:369 Total 6 instances are added
04/09 11:30:38:799 EPOS started
04/09 11:30:40:573 Testing connection ...
04/09 11:30:42:650 open connection is fail
04/09 11:30:42:683 org.apache.axis.AxisFault: ; nested exception is: 
	java.net.ConnectException: Connection refused: connect
04/09 11:30:42:683 Starting process session
04/09 11:30:43:291 Total 0 instances are started
04/09 11:30:43:293 Total 6 instances are added
04/09 11:33:25:255 EPOS started
04/09 11:33:27:002 Testing connection ...
04/09 11:33:28:951 open connection is fail
04/09 11:33:28:983 org.apache.axis.AxisFault: ; nested exception is: 
	java.net.ConnectException: Connection refused: connect
04/09 11:33:28:986 Starting process session
04/09 11:33:29:593 Total 0 instances are started
04/09 11:33:29:594 Total 6 instances are added
04/09 11:35:52:290 EPOS started
04/09 11:35:54:197 Testing connection ...
04/09 11:35:56:176 open connection is fail
04/09 11:35:56:198 org.apache.axis.AxisFault: ; nested exception is: 
	java.net.ConnectException: Connection refused: connect
04/09 11:35:56:198 Starting process session
04/09 11:35:56:799 Total 0 instances are started
04/09 11:35:56:800 Total 6 instances are added
04/09 11:38:06:395 EPOS started
04/09 11:38:08:026 Testing connection ...
04/09 11:38:10:106 open connection is fail
04/09 11:38:10:139 org.apache.axis.AxisFault: ; nested exception is: 
	java.net.ConnectException: Connection refused: connect
04/09 11:38:10:140 Starting process session
04/09 11:38:10:744 Total 0 instances are started
04/09 11:38:10:745 Total 6 instances are added
04/09 11:47:00:321 EPOS started
04/09 11:47:01:998 Testing connection ...
04/09 11:47:03:977 open connection is fail
04/09 11:47:04:001 org.apache.axis.AxisFault: ; nested exception is: 
	java.net.ConnectException: Connection refused: connect
04/09 11:47:04:002 Starting process session
04/09 11:47:04:604 Total 0 instances are started
04/09 11:47:04:605 Total 6 instances are added
04/09 11:48:30:658 EPOS started
04/09 11:48:32:084 Testing connection ...
04/09 11:48:34:320 open connection is fail
04/09 11:48:34:347 org.apache.axis.AxisFault: ; nested exception is: 
	java.net.ConnectException: Connection refused: connect
04/09 11:48:34:347 Starting process session
04/09 11:48:34:958 Total 0 instances are started
04/09 11:48:34:959 Total 6 instances are added
04/09 11:48:53:889 EPOS started
04/09 11:48:55:558 Testing connection ...
04/09 11:48:57:660 open connection is fail
04/09 11:48:57:681 org.apache.axis.AxisFault: ; nested exception is: 
	java.net.ConnectException: Connection refused: connect
04/09 11:48:57:681 Starting process session
04/09 11:48:58:282 Total 0 instances are started
04/09 11:48:58:283 Total 6 instances are added
04/09 11:49:14:123 EPOS started
04/09 11:49:15:866 Testing connection ...
04/09 11:49:17:900 open connection is fail
04/09 11:49:17:924 org.apache.axis.AxisFault: ; nested exception is: 
	java.net.ConnectException: Connection refused: connect
04/09 11:49:17:924 Starting process session
04/09 11:49:18:528 Total 0 instances are started
04/09 11:49:18:529 Total 6 instances are added
04/09 11:52:16:748 EPOS started
04/09 11:52:18:515 Testing connection ...
04/09 11:52:20:445 open connection is fail
04/09 11:52:20:475 org.apache.axis.AxisFault: ; nested exception is: 
	java.net.ConnectException: Connection refused: connect
04/09 11:52:20:475 Starting process session
04/09 11:52:21:080 Total 0 instances are started
04/09 11:52:21:081 Total 6 instances are added
04/09 11:54:18:679 EPOS started
04/09 11:54:20:294 Testing connection ...
04/09 11:54:22:333 open connection is fail
04/09 11:54:22:351 org.apache.axis.AxisFault: ; nested exception is: 
	java.net.ConnectException: Connection refused: connect
04/09 11:54:22:352 Starting process session
04/09 11:54:22:953 Total 0 instances are started
04/09 11:54:22:955 Total 6 instances are added
04/09 12:18:04:675 EPOS started
04/09 12:18:06:187 Testing connection ...
04/09 12:18:08:446 open connection is fail
04/09 12:18:08:472 org.apache.axis.AxisFault: ; nested exception is: 
	java.net.ConnectException: Connection refused: connect
04/09 12:18:08:472 Starting process session
04/09 12:18:09:073 Total 0 instances are started
04/09 12:18:09:074 Total 6 instances are added
04/09 12:20:51:412 EPOS started
04/09 12:20:53:395 Testing connection ...
04/09 12:20:55:519 open connection is fail
04/09 12:20:55:543 org.apache.axis.AxisFault: ; nested exception is: 
	java.net.ConnectException: Connection refused: connect
04/09 12:20:55:543 Starting process session
04/09 12:20:56:144 Total 0 instances are started
04/09 12:20:56:145 Total 6 instances are added
04/09 12:22:18:867 EPOS started
04/09 12:22:20:216 Testing connection ...
04/09 12:22:22:082 open connection is fail
04/09 12:22:22:103 org.apache.axis.AxisFault: ; nested exception is: 
	java.net.ConnectException: Connection refused: connect
04/09 12:22:22:104 Starting process session
04/09 12:22:22:704 Total 0 instances are started
04/09 12:22:22:705 Total 6 instances are added
04/09 12:26:04:105 EPOS started
04/09 12:26:05:852 Testing connection ...
04/09 12:26:07:842 open connection is fail
04/09 12:26:07:871 org.apache.axis.AxisFault: ; nested exception is: 
	java.net.ConnectException: Connection refused: connect
04/09 12:26:07:872 Starting process session
04/09 12:26:08:482 Total 0 instances are started
04/09 12:26:08:486 Total 6 instances are added
04/09 12:31:04:432 EPOS started
04/09 12:31:05:751 Testing connection ...
04/09 12:31:08:101 open connection is fail
04/09 12:31:08:129 org.apache.axis.AxisFault: ; nested exception is: 
	java.net.ConnectException: Connection refused: connect
04/09 12:31:08:130 Starting process session
04/09 12:31:08:731 Total 0 instances are started
04/09 12:31:08:732 Total 6 instances are added
04/09 12:34:49:587 EPOS started
04/09 12:34:51:481 Testing connection ...
04/09 12:34:53:518 open connection is fail
04/09 12:34:53:549 org.apache.axis.AxisFault: ; nested exception is: 
	java.net.ConnectException: Connection refused: connect
04/09 12:34:53:553 Starting process session
04/09 12:34:54:159 Total 0 instances are started
04/09 12:34:54:160 Total 6 instances are added
04/09 12:40:23:186 EPOS started
04/09 12:40:24:741 Testing connection ...
04/09 12:40:26:796 open connection is fail
04/09 12:40:26:826 org.apache.axis.AxisFault: ; nested exception is: 
	java.net.ConnectException: Connection refused: connect
04/09 12:40:26:827 Starting process session
04/09 12:40:27:433 Total 0 instances are started
04/09 12:40:27:435 Total 6 instances are added
04/09 13:40:28:641 EPOS started
04/09 13:40:30:365 Testing connection ...
04/09 13:40:32:336 open connection is fail
04/09 13:40:32:370 org.apache.axis.AxisFault: ; nested exception is: 
	java.net.ConnectException: Connection refused: connect
04/09 13:40:32:370 Starting process session
04/09 13:40:32:973 Total 0 instances are started
04/09 13:40:32:974 Total 6 instances are added
04/09 13:55:42:234 EPOS started
04/09 13:55:43:566 Testing connection ...
04/09 13:55:45:683 open connection is fail
04/09 13:55:45:709 org.apache.axis.AxisFault: ; nested exception is: 
	java.net.ConnectException: Connection refused: connect
04/09 13:55:45:710 Starting process session
04/09 13:55:46:312 Total 0 instances are started
04/09 13:55:46:313 Total 6 instances are added
04/09 13:57:09:170 EPOS started
04/09 13:57:11:085 Testing connection ...
04/09 13:57:12:877 open connection is fail
04/09 13:57:12:901 org.apache.axis.AxisFault: ; nested exception is: 
	java.net.ConnectException: Connection refused: connect
04/09 13:57:12:902 Starting process session
04/09 13:57:13:502 Total 0 instances are started
04/09 13:57:13:502 Total 6 instances are added
04/09 13:59:24:306 EPOS started
04/09 13:59:25:845 Testing connection ...
04/09 13:59:27:706 open connection is fail
04/09 13:59:27:735 org.apache.axis.AxisFault: ; nested exception is: 
	java.net.ConnectException: Connection refused: connect
04/09 13:59:27:736 Starting process session
04/09 13:59:28:369 Total 0 instances are started
04/09 13:59:28:370 Total 6 instances are added
04/09 14:01:59:577 EPOS started
04/09 14:02:00:714 Testing connection ...
04/09 14:02:02:920 open connection is fail
04/09 14:02:02:946 org.apache.axis.AxisFault: ; nested exception is: 
	java.net.ConnectException: Connection refused: connect
04/09 14:02:02:946 Starting process session
04/09 14:02:03:546 Total 0 instances are started
04/09 14:02:03:547 Total 6 instances are added
04/09 14:04:29:109 EPOS started
04/09 14:04:30:770 Testing connection ...
04/09 14:04:32:965 open connection is fail
04/09 14:04:32:993 org.apache.axis.AxisFault: ; nested exception is: 
	java.net.ConnectException: Connection refused: connect
04/09 14:04:32:993 Starting process session
04/09 14:04:33:594 Total 0 instances are started
04/09 14:04:33:595 Total 6 instances are added
04/09 14:05:55:169 EPOS started
04/09 14:05:56:309 Testing connection ...
04/09 14:05:58:620 open connection is fail
04/09 14:05:58:647 org.apache.axis.AxisFault: ; nested exception is: 
	java.net.ConnectException: Connection refused: connect
04/09 14:05:58:647 Starting process session
04/09 14:05:59:251 Total 0 instances are started
04/09 14:05:59:252 Total 6 instances are added
04/09 14:07:32:269 EPOS started
04/09 14:07:33:766 Testing connection ...
04/09 14:07:35:679 open connection is fail
04/09 14:07:35:701 org.apache.axis.AxisFault: ; nested exception is: 
	java.net.ConnectException: Connection refused: connect
04/09 14:07:35:701 Starting process session
04/09 14:07:36:303 Total 0 instances are started
04/09 14:07:36:304 Total 6 instances are added
04/09 14:16:50:464 EPOS started
04/09 14:16:50:578 Testing connection ...
04/09 14:16:54:019 open connection is fail
04/09 14:16:54:040 org.apache.axis.AxisFault: ; nested exception is: 
	java.net.ConnectException: Connection refused: connect
04/09 14:16:54:041 Starting process session
04/09 14:16:54:641 Total 0 instances are started
04/09 14:16:54:642 Total 6 instances are added
04/09 14:31:05:258 EPOS started
04/09 14:31:08:706 Testing connection ...
04/09 14:31:10:701 open connection is fail
04/09 14:31:10:727 org.apache.axis.AxisFault: ; nested exception is: 
	java.net.ConnectException: Connection refused: connect
04/09 14:31:10:727 Starting process session
04/09 14:31:11:331 Total 0 instances are started
04/09 14:31:11:331 Total 6 instances are added
04/09 14:33:56:908 EPOS started
04/09 14:33:58:458 Testing connection ...
04/09 14:34:00:216 open connection is fail
04/09 14:34:00:252 org.apache.axis.AxisFault: ; nested exception is: 
	java.net.ConnectException: Connection refused: connect
04/09 14:34:00:252 Starting process session
04/09 14:34:00:857 Total 0 instances are started
04/09 14:34:00:857 Total 6 instances are added
04/09 15:10:54:986 EPOS started
04/09 15:10:56:407 Testing connection ...
04/09 15:10:58:420 open connection is fail
04/09 15:10:58:446 org.apache.axis.AxisFault: ; nested exception is: 
	java.net.ConnectException: Connection refused: connect
04/09 15:10:58:447 Starting process session
04/09 15:10:59:047 Total 0 instances are started
04/09 15:10:59:048 Total 6 instances are added
04/09 15:14:50:883 EPOS started
04/09 15:14:52:500 Testing connection ...
04/09 15:14:54:797 open connection is fail
04/09 15:14:54:834 org.apache.axis.AxisFault: ; nested exception is: 
	java.net.ConnectException: Connection refused: connect
04/09 15:14:54:834 Starting process session
04/09 15:14:55:435 Total 0 instances are started
04/09 15:14:55:436 Total 6 instances are added
04/09 15:21:18:576 EPOS started
04/09 15:21:18:655 Testing connection ...
04/09 15:21:21:464 open connection is fail
04/09 15:21:21:486 org.apache.axis.AxisFault: ; nested exception is: 
	java.net.ConnectException: Connection refused: connect
04/09 15:21:21:487 Starting process session
04/09 15:21:22:087 Total 0 instances are started
04/09 15:21:22:088 Total 6 instances are added
04/09 15:28:00:555 EPOS started
04/09 15:28:02:252 Testing connection ...
04/09 15:28:04:285 open connection is fail
04/09 15:28:04:315 org.apache.axis.AxisFault: ; nested exception is: 
	java.net.ConnectException: Connection refused: connect
04/09 15:28:04:315 Starting process session
04/09 15:28:04:919 Total 0 instances are started
04/09 15:28:04:919 Total 6 instances are added
04/09 15:30:47:737 EPOS started
04/09 15:30:49:437 Testing connection ...
04/09 15:30:51:336 open connection is fail
04/09 15:30:51:370 org.apache.axis.AxisFault: ; nested exception is: 
	java.net.ConnectException: Connection refused: connect
04/09 15:30:51:370 Starting process session
04/09 15:30:51:978 Total 0 instances are started
04/09 15:30:51:978 Total 6 instances are added
04/09 15:31:55:230 EPOS started
04/09 15:31:55:361 Testing connection ...
04/09 15:31:58:556 open connection is fail
04/09 15:31:58:622 org.apache.axis.AxisFault: ; nested exception is: 
	java.net.ConnectException: Connection refused: connect
04/09 15:31:58:622 Starting process session
04/09 15:31:59:226 Total 0 instances are started
04/09 15:31:59:232 Total 6 instances are added
04/09 15:33:33:198 EPOS started
04/09 15:33:34:578 Testing connection ...
04/09 15:33:36:389 open connection is fail
04/09 15:33:36:416 org.apache.axis.AxisFault: ; nested exception is: 
	java.net.ConnectException: Connection refused: connect
04/09 15:33:36:416 Starting process session
04/09 15:33:37:017 Total 0 instances are started
04/09 15:33:37:017 Total 6 instances are added
04/09 15:36:05:477 EPOS started
04/09 15:36:06:967 Testing connection ...
04/09 15:36:09:052 open connection is fail
04/09 15:36:09:072 org.apache.axis.AxisFault: ; nested exception is: 
	java.net.ConnectException: Connection refused: connect
04/09 15:36:09:072 Starting process session
04/09 15:36:09:673 Total 0 instances are started
04/09 15:36:09:674 Total 6 instances are added
04/09 15:41:46:411 EPOS started
04/09 15:41:48:006 Testing connection ...
04/09 15:41:50:113 open connection is fail
04/09 15:41:50:146 org.apache.axis.AxisFault: ; nested exception is: 
	java.net.ConnectException: Connection refused: connect
04/09 15:41:50:147 Starting process session
04/09 15:41:50:748 Total 0 instances are started
04/09 15:41:50:749 Total 6 instances are added
04/09 15:45:39:458 EPOS started
04/09 15:45:40:664 Testing connection ...
04/09 15:45:42:469 open connection is fail
04/09 15:45:42:490 org.apache.axis.AxisFault: ; nested exception is: 
	java.net.ConnectException: Connection refused: connect
04/09 15:45:42:490 Starting process session
04/09 15:45:43:091 Total 0 instances are started
04/09 15:45:43:092 Total 6 instances are added
04/09 15:47:51:931 EPOS started
04/09 15:47:53:854 Testing connection ...
04/09 15:47:55:935 open connection is fail
04/09 15:47:55:972 org.apache.axis.AxisFault: ; nested exception is: 
	java.net.ConnectException: Connection refused: connect
04/09 15:47:55:972 Starting process session
04/09 15:47:56:573 Total 0 instances are started
04/09 15:47:56:575 Total 6 instances are added
04/09 15:56:58:554 EPOS started
04/09 15:56:59:931 Testing connection ...
04/09 15:57:01:858 open connection is fail
04/09 15:57:01:880 org.apache.axis.AxisFault: ; nested exception is: 
	java.net.ConnectException: Connection refused: connect
04/09 15:57:01:880 Starting process session
04/09 15:57:02:481 Total 0 instances are started
04/09 15:57:02:482 Total 6 instances are added
04/09 16:00:40:894 EPOS started
04/09 16:00:42:573 Testing connection ...
04/09 16:00:44:531 open connection is fail
04/09 16:00:44:556 org.apache.axis.AxisFault: ; nested exception is: 
	java.net.ConnectException: Connection refused: connect
04/09 16:00:44:556 Starting process session
04/09 16:00:45:163 Total 0 instances are started
04/09 16:00:45:163 Total 6 instances are added
04/09 16:03:11:943 EPOS started
04/09 16:03:13:684 Testing connection ...
04/09 16:03:15:729 open connection is fail
04/09 16:03:15:750 org.apache.axis.AxisFault: ; nested exception is: 
	java.net.ConnectException: Connection refused: connect
04/09 16:03:15:750 Starting process session
04/09 16:03:16:350 Total 0 instances are started
04/09 16:03:16:351 Total 6 instances are added
04/09 16:08:55:806 EPOS started
04/09 16:08:57:344 Testing connection ...
04/09 16:08:59:188 open connection is fail
04/09 16:08:59:210 org.apache.axis.AxisFault: ; nested exception is: 
	java.net.ConnectException: Connection refused: connect
04/09 16:08:59:210 Starting process session
04/09 16:08:59:815 Total 0 instances are started
04/09 16:08:59:816 Total 6 instances are added
04/09 16:11:05:616 EPOS started
04/09 16:11:07:456 Testing connection ...
04/09 16:11:09:419 open connection is fail
04/09 16:11:09:447 org.apache.axis.AxisFault: ; nested exception is: 
	java.net.ConnectException: Connection refused: connect
04/09 16:11:09:447 Starting process session
04/09 16:11:10:047 Total 0 instances are started
04/09 16:11:10:048 Total 6 instances are added
04/09 16:17:15:079 EPOS started
04/09 16:17:16:612 Testing connection ...
04/09 16:17:18:565 open connection is fail
04/09 16:17:18:588 org.apache.axis.AxisFault: ; nested exception is: 
	java.net.ConnectException: Connection refused: connect
04/09 16:17:18:588 Starting process session
04/09 16:17:19:189 Total 0 instances are started
04/09 16:17:19:190 Total 6 instances are added
04/09 16:24:08:928 EPOS started
04/09 16:24:35:702 java.sql.SQLException: Connections could not be acquired from the underlying database!
04/09 16:24:35:703 End of process session
04/09 16:26:15:812 Testing connection ...
04/09 16:26:16:978 open connection is fail
04/09 16:26:17:004 org.apache.axis.AxisFault: ; nested exception is: 
	java.net.ConnectException: Connection refused: connect
04/09 16:26:17:005 Starting process session
04/09 16:26:17:606 Total 0 instances are started
04/09 16:26:17:607 Total 6 instances are added
04/09 16:27:49:950 EPOS started
04/09 16:27:52:428 Testing connection ...
04/09 16:27:54:274 open connection is fail
04/09 16:27:54:299 org.apache.axis.AxisFault: ; nested exception is: 
	java.net.ConnectException: Connection refused: connect
04/09 16:27:54:299 Starting process session
04/09 16:27:54:907 Total 0 instances are started
04/09 16:27:54:908 Total 6 instances are added
04/09 16:28:58:104 EPOS started
04/09 16:28:59:698 Testing connection ...
04/09 16:29:01:754 open connection is fail
04/09 16:29:01:782 org.apache.axis.AxisFault: ; nested exception is: 
	java.net.ConnectException: Connection refused: connect
04/09 16:29:01:783 Starting process session
04/09 16:29:02:410 Total 0 instances are started
04/09 16:29:02:411 Total 6 instances are added
04/09 16:40:10:947 EPOS started
04/09 16:40:12:123 Testing connection ...
04/09 16:40:13:831 open connection is fail
04/09 16:40:13:854 org.apache.axis.AxisFault: ; nested exception is: 
	java.net.ConnectException: Connection refused: connect
04/09 16:40:13:854 Starting process session
04/09 16:40:14:456 Total 0 instances are started
04/09 16:40:14:456 Total 6 instances are added
04/09 17:17:23:146 EPOS started
04/09 17:17:24:603 Testing connection ...
04/09 17:17:26:551 open connection is fail
04/09 17:17:26:575 org.apache.axis.AxisFault: ; nested exception is: 
	java.net.ConnectException: Connection refused: connect
04/09 17:17:26:575 Starting process session
04/09 17:17:27:177 Total 0 instances are started
04/09 17:17:27:178 Total 6 instances are added
04/09 17:19:59:398 EPOS started
04/09 17:20:00:834 Testing connection ...
04/09 17:20:02:794 open connection is fail
04/09 17:20:02:827 org.apache.axis.AxisFault: ; nested exception is: 
	java.net.ConnectException: Connection refused: connect
04/09 17:20:02:827 Starting process session
04/09 17:20:03:433 Total 0 instances are started
04/09 17:20:03:434 Total 6 instances are added
04/09 17:21:15:101 EPOS started
04/09 17:21:16:727 Testing connection ...
04/09 17:21:18:444 open connection is fail
04/09 17:21:18:478 org.apache.axis.AxisFault: ; nested exception is: 
	java.net.ConnectException: Connection refused: connect
04/09 17:21:18:479 Starting process session
04/09 17:21:19:082 Total 0 instances are started
04/09 17:21:19:083 Total 6 instances are added
04/09 17:29:06:233 EPOS started
04/09 17:29:07:835 Testing connection ...
04/09 17:29:09:895 open connection is fail
04/09 17:29:09:914 org.apache.axis.AxisFault: ; nested exception is: 
	java.net.ConnectException: Connection refused: connect
04/09 17:29:09:915 Starting process session
04/09 17:29:10:515 Total 0 instances are started
04/09 17:29:10:516 Total 6 instances are added
04/09 17:50:32:388 EPOS started
04/09 17:50:34:007 Testing connection ...
04/09 17:50:35:953 open connection is fail
04/09 17:50:35:991 org.apache.axis.AxisFault: ; nested exception is: 
	java.net.ConnectException: Connection refused: connect
04/09 17:50:35:992 Starting process session
04/09 17:50:36:597 Total 0 instances are started
04/09 17:50:36:598 Total 6 instances are added
04/09 18:09:17:517 EPOS started
04/09 18:09:19:436 Testing connection ...
04/09 18:09:21:334 open connection is fail
04/09 18:09:21:359 org.apache.axis.AxisFault: ; nested exception is: 
	java.net.ConnectException: Connection refused: connect
04/09 18:09:21:360 Starting process session
04/09 18:09:21:967 Total 0 instances are started
04/09 18:09:21:968 Total 6 instances are added
04/09 18:10:55:857 EPOS started
04/09 18:10:57:491 Testing connection ...
04/09 18:10:59:311 open connection is fail
04/09 18:10:59:334 org.apache.axis.AxisFault: ; nested exception is: 
	java.net.ConnectException: Connection refused: connect
04/09 18:10:59:335 Starting process session
04/09 18:10:59:935 Total 0 instances are started
04/09 18:10:59:936 Total 6 instances are added
04/09 18:12:17:696 EPOS started
04/09 18:12:19:768 Testing connection ...
04/09 18:12:21:660 open connection is fail
04/09 18:12:21:689 org.apache.axis.AxisFault: ; nested exception is: 
	java.net.ConnectException: Connection refused: connect
04/09 18:12:21:692 Starting process session
04/09 18:12:22:302 Total 0 instances are started
04/09 18:12:22:303 Total 6 instances are added
04/09 18:19:24:491 EPOS started
04/09 18:19:25:997 Testing connection ...
04/09 18:19:27:774 open connection is fail
04/09 18:19:27:802 org.apache.axis.AxisFault: ; nested exception is: 
	java.net.ConnectException: Connection refused: connect
04/09 18:19:27:802 Starting process session
04/09 18:19:28:403 Total 0 instances are started
04/09 18:19:28:404 Total 6 instances are added
04/09 18:21:31:122 EPOS started
04/09 18:21:32:695 Testing connection ...
04/09 18:21:34:602 open connection is fail
04/09 18:21:34:659 org.apache.axis.AxisFault: ; nested exception is: 
	java.net.ConnectException: Connection refused: connect
04/09 18:21:34:659 Starting process session
04/09 18:21:35:266 Total 0 instances are started
04/09 18:21:35:266 Total 6 instances are added
04/09 18:39:20:895 EPOS started
04/09 18:39:22:210 Testing connection ...
04/09 18:39:23:931 open connection is fail
04/09 18:39:23:953 org.apache.axis.AxisFault: ; nested exception is: 
	java.net.ConnectException: Connection refused: connect
04/09 18:39:23:953 Starting process session
04/09 18:39:24:554 Total 0 instances are started
04/09 18:39:24:554 Total 6 instances are added
04/09 18:42:53:184 EPOS started
04/09 18:42:55:036 Testing connection ...
04/09 18:42:56:892 open connection is fail
04/09 18:42:56:915 org.apache.axis.AxisFault: ; nested exception is: 
	java.net.ConnectException: Connection refused: connect
04/09 18:42:56:915 Starting process session
04/09 18:42:57:531 Total 0 instances are started
04/09 18:42:57:532 Total 6 instances are added
04/09 18:46:25:658 EPOS started
04/09 18:46:27:385 Testing connection ...
04/09 18:46:29:285 open connection is fail
04/09 18:46:29:307 org.apache.axis.AxisFault: ; nested exception is: 
	java.net.ConnectException: Connection refused: connect
04/09 18:46:29:307 Starting process session
04/09 18:46:29:907 Total 0 instances are started
04/09 18:46:29:908 Total 6 instances are added
04/09 18:47:03:322 EPOS started
04/09 18:47:04:911 Testing connection ...
04/09 18:47:06:852 open connection is fail
04/09 18:47:06:881 org.apache.axis.AxisFault: ; nested exception is: 
	java.net.ConnectException: Connection refused: connect
04/09 18:47:06:882 Starting process session
04/09 18:47:07:484 Total 0 instances are started
04/09 18:47:07:484 Total 6 instances are added
04/09 18:47:21:734 EPOS started
04/09 18:47:23:054 Testing connection ...
04/09 18:47:25:395 open connection is fail
04/09 18:47:25:423 org.apache.axis.AxisFault: ; nested exception is: 
	java.net.ConnectException: Connection refused: connect
04/09 18:47:25:423 Starting process session
04/09 18:47:26:024 Total 0 instances are started
04/09 18:47:26:025 Total 6 instances are added
04/09 18:59:26:554 EPOS started
04/09 18:59:27:807 Testing connection ...
04/09 18:59:29:822 open connection is fail
04/09 18:59:29:844 org.apache.axis.AxisFault: ; nested exception is: 
	java.net.ConnectException: Connection refused: connect
04/09 18:59:29:844 Starting process session
04/09 18:59:30:447 Total 0 instances are started
04/09 18:59:30:448 Total 6 instances are added
