03/09 08:29:37:212 EPOS started
03/09 08:29:38:880 java.lang.NoSuchMethodException: com.crm.provisioning.impl.loyalty.LoyaltyImpl.getBalanceQuery(com.crm.provisioning.thread.CommandInstance, com.crm.provisioning.cache.ProvisioningCommand, com.crm.provisioning.message.CommandMessage)
03/09 08:29:38:880 End of process session
03/09 08:31:18:937 java.lang.NoSuchMethodException: com.crm.provisioning.impl.loyalty.LoyaltyImpl.getBalanceQuery(com.crm.provisioning.thread.CommandInstance, com.crm.provisioning.cache.ProvisioningCommand, com.crm.provisioning.message.CommandMessage)
03/09 08:31:18:938 End of process session
03/09 08:32:08:011 EPOS started
03/09 08:32:08:669 java.lang.NoSuchMethodException: com.crm.provisioning.impl.loyalty.LoyaltyImpl.getBalanceQuery(com.crm.provisioning.thread.CommandInstance, com.crm.provisioning.cache.ProvisioningCommand, com.crm.provisioning.message.CommandMessage)
03/09 08:32:08:669 End of process session
03/09 08:33:17:770 EPOS started
03/09 08:33:19:469 java.lang.NoSuchMethodException: com.crm.provisioning.impl.loyalty.LoyaltyImpl.getBalanceQuery(com.crm.provisioning.thread.CommandInstance, com.crm.provisioning.cache.ProvisioningCommand, com.crm.provisioning.message.CommandMessage)
03/09 08:33:19:471 End of process session
03/09 08:34:59:570 java.lang.NoSuchMethodException: com.crm.provisioning.impl.loyalty.LoyaltyImpl.getBalanceQuery(com.crm.provisioning.thread.CommandInstance, com.crm.provisioning.cache.ProvisioningCommand, com.crm.provisioning.message.CommandMessage)
03/09 08:34:59:599 End of process session
03/09 08:36:39:656 java.lang.NoSuchMethodException: com.crm.provisioning.impl.loyalty.LoyaltyImpl.getBalanceQuery(com.crm.provisioning.thread.CommandInstance, com.crm.provisioning.cache.ProvisioningCommand, com.crm.provisioning.message.CommandMessage)
03/09 08:36:39:657 End of process session
03/09 08:36:54:903 EPOS started
03/09 08:36:56:796 java.lang.NoSuchMethodException: com.crm.provisioning.impl.loyalty.LoyaltyImpl.getBalanceQuery(com.crm.provisioning.thread.CommandInstance, com.crm.provisioning.cache.ProvisioningCommand, com.crm.provisioning.message.CommandMessage)
03/09 08:36:56:796 End of process session
03/09 08:38:36:855 java.lang.NoSuchMethodException: com.crm.provisioning.impl.loyalty.LoyaltyImpl.getBalanceQuery(com.crm.provisioning.thread.CommandInstance, com.crm.provisioning.cache.ProvisioningCommand, com.crm.provisioning.message.CommandMessage)
03/09 08:38:36:855 End of process session
03/09 08:42:39:697 EPOS started
03/09 08:42:40:803 java.lang.NoSuchMethodException: com.crm.provisioning.impl.loyalty.LoyaltyImpl.getBalanceQuery(com.crm.provisioning.thread.CommandInstance, com.crm.provisioning.cache.ProvisioningCommand, com.crm.provisioning.message.CommandMessage)
03/09 08:42:40:804 End of process session
03/09 08:43:56:050 EPOS started
03/09 08:43:57:201 java.lang.NoSuchMethodException: com.crm.provisioning.impl.loyalty.LoyaltyImpl.getBalanceQuery(com.crm.provisioning.thread.CommandInstance, com.crm.provisioning.cache.ProvisioningCommand, com.crm.provisioning.message.CommandMessage)
03/09 08:43:57:201 End of process session
03/09 08:45:37:247 java.lang.NoSuchMethodException: com.crm.provisioning.impl.loyalty.LoyaltyImpl.getBalanceQuery(com.crm.provisioning.thread.CommandInstance, com.crm.provisioning.cache.ProvisioningCommand, com.crm.provisioning.message.CommandMessage)
03/09 08:45:37:248 End of process session
03/09 08:48:02:289 EPOS started
03/09 08:48:02:692 java.lang.NoSuchMethodException: com.crm.provisioning.impl.loyalty.LoyaltyImpl.getBalanceQuery(com.crm.provisioning.thread.CommandInstance, com.crm.provisioning.cache.ProvisioningCommand, com.crm.provisioning.message.CommandMessage)
03/09 08:48:02:694 End of process session
03/09 08:49:42:731 java.lang.NoSuchMethodException: com.crm.provisioning.impl.loyalty.LoyaltyImpl.getBalanceQuery(com.crm.provisioning.thread.CommandInstance, com.crm.provisioning.cache.ProvisioningCommand, com.crm.provisioning.message.CommandMessage)
03/09 08:49:42:732 End of process session
03/09 08:51:22:842 java.lang.NoSuchMethodException: com.crm.provisioning.impl.loyalty.LoyaltyImpl.getBalanceQuery(com.crm.provisioning.thread.CommandInstance, com.crm.provisioning.cache.ProvisioningCommand, com.crm.provisioning.message.CommandMessage)
03/09 08:51:22:844 End of process session
03/09 08:53:02:872 java.lang.NoSuchMethodException: com.crm.provisioning.impl.loyalty.LoyaltyImpl.getBalanceQuery(com.crm.provisioning.thread.CommandInstance, com.crm.provisioning.cache.ProvisioningCommand, com.crm.provisioning.message.CommandMessage)
03/09 08:53:02:873 End of process session
03/09 08:54:42:904 java.lang.NoSuchMethodException: com.crm.provisioning.impl.loyalty.LoyaltyImpl.getBalanceQuery(com.crm.provisioning.thread.CommandInstance, com.crm.provisioning.cache.ProvisioningCommand, com.crm.provisioning.message.CommandMessage)
03/09 08:54:42:905 End of process session
03/09 08:56:22:947 java.lang.NoSuchMethodException: com.crm.provisioning.impl.loyalty.LoyaltyImpl.getBalanceQuery(com.crm.provisioning.thread.CommandInstance, com.crm.provisioning.cache.ProvisioningCommand, com.crm.provisioning.message.CommandMessage)
03/09 08:56:22:948 End of process session
03/09 08:58:02:984 java.lang.NoSuchMethodException: com.crm.provisioning.impl.loyalty.LoyaltyImpl.getBalanceQuery(com.crm.provisioning.thread.CommandInstance, com.crm.provisioning.cache.ProvisioningCommand, com.crm.provisioning.message.CommandMessage)
03/09 08:58:02:985 End of process session
03/09 08:59:43:021 java.lang.NoSuchMethodException: com.crm.provisioning.impl.loyalty.LoyaltyImpl.getBalanceQuery(com.crm.provisioning.thread.CommandInstance, com.crm.provisioning.cache.ProvisioningCommand, com.crm.provisioning.message.CommandMessage)
03/09 08:59:43:022 End of process session
03/09 09:01:23:053 java.lang.NoSuchMethodException: com.crm.provisioning.impl.loyalty.LoyaltyImpl.getBalanceQuery(com.crm.provisioning.thread.CommandInstance, com.crm.provisioning.cache.ProvisioningCommand, com.crm.provisioning.message.CommandMessage)
03/09 09:01:23:054 End of process session
03/09 09:03:03:087 java.lang.NoSuchMethodException: com.crm.provisioning.impl.loyalty.LoyaltyImpl.getBalanceQuery(com.crm.provisioning.thread.CommandInstance, com.crm.provisioning.cache.ProvisioningCommand, com.crm.provisioning.message.CommandMessage)
03/09 09:03:03:088 End of process session
03/09 09:04:43:123 java.lang.NoSuchMethodException: com.crm.provisioning.impl.loyalty.LoyaltyImpl.getBalanceQuery(com.crm.provisioning.thread.CommandInstance, com.crm.provisioning.cache.ProvisioningCommand, com.crm.provisioning.message.CommandMessage)
03/09 09:04:43:125 End of process session
03/09 09:06:23:179 java.lang.NoSuchMethodException: com.crm.provisioning.impl.loyalty.LoyaltyImpl.getBalanceQuery(com.crm.provisioning.thread.CommandInstance, com.crm.provisioning.cache.ProvisioningCommand, com.crm.provisioning.message.CommandMessage)
03/09 09:06:23:179 End of process session
03/09 09:08:03:268 java.lang.NoSuchMethodException: com.crm.provisioning.impl.loyalty.LoyaltyImpl.getBalanceQuery(com.crm.provisioning.thread.CommandInstance, com.crm.provisioning.cache.ProvisioningCommand, com.crm.provisioning.message.CommandMessage)
03/09 09:08:03:269 End of process session
03/09 09:09:43:299 java.lang.NoSuchMethodException: com.crm.provisioning.impl.loyalty.LoyaltyImpl.getBalanceQuery(com.crm.provisioning.thread.CommandInstance, com.crm.provisioning.cache.ProvisioningCommand, com.crm.provisioning.message.CommandMessage)
03/09 09:09:43:300 End of process session
03/09 09:11:23:336 java.lang.NoSuchMethodException: com.crm.provisioning.impl.loyalty.LoyaltyImpl.getBalanceQuery(com.crm.provisioning.thread.CommandInstance, com.crm.provisioning.cache.ProvisioningCommand, com.crm.provisioning.message.CommandMessage)
03/09 09:11:23:337 End of process session
03/09 09:13:03:400 java.lang.NoSuchMethodException: com.crm.provisioning.impl.loyalty.LoyaltyImpl.getBalanceQuery(com.crm.provisioning.thread.CommandInstance, com.crm.provisioning.cache.ProvisioningCommand, com.crm.provisioning.message.CommandMessage)
03/09 09:13:03:401 End of process session
03/09 09:14:43:431 java.lang.NoSuchMethodException: com.crm.provisioning.impl.loyalty.LoyaltyImpl.getBalanceQuery(com.crm.provisioning.thread.CommandInstance, com.crm.provisioning.cache.ProvisioningCommand, com.crm.provisioning.message.CommandMessage)
03/09 09:14:43:432 End of process session
03/09 09:16:23:446 Testing connection ...
03/09 09:16:25:028 open connection is fail
03/09 09:16:25:055 org.apache.axis.AxisFault: ; nested exception is: 
	java.net.ConnectException: Connection refused: connect
03/09 09:16:25:056 Starting process session
03/09 09:16:25:657 Total 0 instances are started
03/09 09:16:25:658 Total 6 instances are added
03/09 09:19:52:405 EPOS started
03/09 09:19:52:974 java.lang.NoSuchMethodException: com.crm.provisioning.impl.loyalty.LoyaltyImpl.getBalanceQuery(com.crm.provisioning.thread.CommandInstance, com.crm.provisioning.cache.ProvisioningCommand, com.crm.provisioning.message.CommandMessage)
03/09 09:19:52:975 End of process session
03/09 09:21:33:183 java.lang.NoSuchMethodException: com.crm.provisioning.impl.loyalty.LoyaltyImpl.getBalanceQuery(com.crm.provisioning.thread.CommandInstance, com.crm.provisioning.cache.ProvisioningCommand, com.crm.provisioning.message.CommandMessage)
03/09 09:21:33:183 End of process session
03/09 09:23:13:266 java.lang.NoSuchMethodException: com.crm.provisioning.impl.loyalty.LoyaltyImpl.getBalanceQuery(com.crm.provisioning.thread.CommandInstance, com.crm.provisioning.cache.ProvisioningCommand, com.crm.provisioning.message.CommandMessage)
03/09 09:23:13:266 End of process session
03/09 09:23:56:978 EPOS started
03/09 09:23:58:617 java.lang.NoSuchMethodException: com.crm.provisioning.impl.loyalty.LoyaltyImpl.getBalanceQuery(com.crm.provisioning.thread.CommandInstance, com.crm.provisioning.cache.ProvisioningCommand, com.crm.provisioning.message.CommandMessage)
03/09 09:23:58:617 End of process session
03/09 09:25:38:683 java.lang.NoSuchMethodException: com.crm.provisioning.impl.loyalty.LoyaltyImpl.getBalanceQuery(com.crm.provisioning.thread.CommandInstance, com.crm.provisioning.cache.ProvisioningCommand, com.crm.provisioning.message.CommandMessage)
03/09 09:25:38:684 End of process session
03/09 09:43:02:804 EPOS started
03/09 09:43:04:578 java.lang.NoSuchMethodException: com.crm.provisioning.impl.loyalty.LoyaltyImpl.getBalanceQuery(com.crm.provisioning.thread.CommandInstance, com.crm.provisioning.cache.ProvisioningCommand, com.crm.provisioning.message.CommandMessage)
03/09 09:43:04:578 End of process session
03/09 09:44:44:640 java.lang.NoSuchMethodException: com.crm.provisioning.impl.loyalty.LoyaltyImpl.getBalanceQuery(com.crm.provisioning.thread.CommandInstance, com.crm.provisioning.cache.ProvisioningCommand, com.crm.provisioning.message.CommandMessage)
03/09 09:44:44:641 End of process session
03/09 09:46:24:786 java.lang.NoSuchMethodException: com.crm.provisioning.impl.loyalty.LoyaltyImpl.getBalanceQuery(com.crm.provisioning.thread.CommandInstance, com.crm.provisioning.cache.ProvisioningCommand, com.crm.provisioning.message.CommandMessage)
03/09 09:46:24:787 End of process session
03/09 09:48:04:873 java.lang.NoSuchMethodException: com.crm.provisioning.impl.loyalty.LoyaltyImpl.getBalanceQuery(com.crm.provisioning.thread.CommandInstance, com.crm.provisioning.cache.ProvisioningCommand, com.crm.provisioning.message.CommandMessage)
03/09 09:48:04:874 End of process session
03/09 09:49:44:938 java.lang.NoSuchMethodException: com.crm.provisioning.impl.loyalty.LoyaltyImpl.getBalanceQuery(com.crm.provisioning.thread.CommandInstance, com.crm.provisioning.cache.ProvisioningCommand, com.crm.provisioning.message.CommandMessage)
03/09 09:49:44:939 End of process session
03/09 09:51:25:024 java.lang.NoSuchMethodException: com.crm.provisioning.impl.loyalty.LoyaltyImpl.getBalanceQuery(com.crm.provisioning.thread.CommandInstance, com.crm.provisioning.cache.ProvisioningCommand, com.crm.provisioning.message.CommandMessage)
03/09 09:51:25:025 End of process session
03/09 09:53:05:086 java.lang.NoSuchMethodException: com.crm.provisioning.impl.loyalty.LoyaltyImpl.getBalanceQuery(com.crm.provisioning.thread.CommandInstance, com.crm.provisioning.cache.ProvisioningCommand, com.crm.provisioning.message.CommandMessage)
03/09 09:53:05:087 End of process session
03/09 09:54:45:153 java.lang.NoSuchMethodException: com.crm.provisioning.impl.loyalty.LoyaltyImpl.getBalanceQuery(com.crm.provisioning.thread.CommandInstance, com.crm.provisioning.cache.ProvisioningCommand, com.crm.provisioning.message.CommandMessage)
03/09 09:54:45:153 End of process session
03/09 09:56:25:281 java.lang.NoSuchMethodException: com.crm.provisioning.impl.loyalty.LoyaltyImpl.getBalanceQuery(com.crm.provisioning.thread.CommandInstance, com.crm.provisioning.cache.ProvisioningCommand, com.crm.provisioning.message.CommandMessage)
03/09 09:56:25:282 End of process session
03/09 09:58:05:342 java.lang.NoSuchMethodException: com.crm.provisioning.impl.loyalty.LoyaltyImpl.getBalanceQuery(com.crm.provisioning.thread.CommandInstance, com.crm.provisioning.cache.ProvisioningCommand, com.crm.provisioning.message.CommandMessage)
03/09 09:58:05:342 End of process session
03/09 09:58:42:909 EPOS started
03/09 09:58:44:203 java.lang.NoSuchMethodException: com.crm.provisioning.impl.loyalty.LoyaltyImpl.getBalanceQuery(com.crm.provisioning.thread.CommandInstance, com.crm.provisioning.cache.ProvisioningCommand, com.crm.provisioning.message.CommandMessage)
03/09 09:58:44:203 End of process session
03/09 10:01:35:662 EPOS started
03/09 10:01:37:279 java.lang.NoSuchMethodException: com.crm.provisioning.impl.loyalty.LoyaltyImpl.getBalanceQuery(com.crm.provisioning.thread.CommandInstance, com.crm.provisioning.cache.ProvisioningCommand, com.crm.provisioning.message.CommandMessage)
03/09 10:01:37:280 End of process session
03/09 10:03:17:341 java.lang.NoSuchMethodException: com.crm.provisioning.impl.loyalty.LoyaltyImpl.getBalanceQuery(com.crm.provisioning.thread.CommandInstance, com.crm.provisioning.cache.ProvisioningCommand, com.crm.provisioning.message.CommandMessage)
03/09 10:03:17:342 End of process session
03/09 10:04:57:404 java.lang.NoSuchMethodException: com.crm.provisioning.impl.loyalty.LoyaltyImpl.getBalanceQuery(com.crm.provisioning.thread.CommandInstance, com.crm.provisioning.cache.ProvisioningCommand, com.crm.provisioning.message.CommandMessage)
03/09 10:04:57:404 End of process session
03/09 10:06:37:548 java.lang.NoSuchMethodException: com.crm.provisioning.impl.loyalty.LoyaltyImpl.getBalanceQuery(com.crm.provisioning.thread.CommandInstance, com.crm.provisioning.cache.ProvisioningCommand, com.crm.provisioning.message.CommandMessage)
03/09 10:06:37:549 End of process session
03/09 10:08:17:616 java.lang.NoSuchMethodException: com.crm.provisioning.impl.loyalty.LoyaltyImpl.getBalanceQuery(com.crm.provisioning.thread.CommandInstance, com.crm.provisioning.cache.ProvisioningCommand, com.crm.provisioning.message.CommandMessage)
03/09 10:08:17:617 End of process session
03/09 10:09:57:681 java.lang.NoSuchMethodException: com.crm.provisioning.impl.loyalty.LoyaltyImpl.getBalanceQuery(com.crm.provisioning.thread.CommandInstance, com.crm.provisioning.cache.ProvisioningCommand, com.crm.provisioning.message.CommandMessage)
03/09 10:09:57:682 End of process session
03/09 10:11:37:752 java.lang.NoSuchMethodException: com.crm.provisioning.impl.loyalty.LoyaltyImpl.getBalanceQuery(com.crm.provisioning.thread.CommandInstance, com.crm.provisioning.cache.ProvisioningCommand, com.crm.provisioning.message.CommandMessage)
03/09 10:11:37:753 End of process session
03/09 10:17:48:611 EPOS started
03/09 10:17:50:356 java.lang.NoSuchMethodException: com.crm.provisioning.impl.loyalty.LoyaltyImpl.getBalanceQuery(com.crm.provisioning.thread.CommandInstance, com.crm.provisioning.cache.ProvisioningCommand, com.crm.provisioning.message.CommandMessage)
03/09 10:17:50:356 End of process session
03/09 10:19:30:424 java.lang.NoSuchMethodException: com.crm.provisioning.impl.loyalty.LoyaltyImpl.getBalanceQuery(com.crm.provisioning.thread.CommandInstance, com.crm.provisioning.cache.ProvisioningCommand, com.crm.provisioning.message.CommandMessage)
03/09 10:19:30:425 End of process session
03/09 10:21:10:580 java.lang.NoSuchMethodException: com.crm.provisioning.impl.loyalty.LoyaltyImpl.getBalanceQuery(com.crm.provisioning.thread.CommandInstance, com.crm.provisioning.cache.ProvisioningCommand, com.crm.provisioning.message.CommandMessage)
03/09 10:21:10:581 End of process session
03/09 10:22:50:654 java.lang.NoSuchMethodException: com.crm.provisioning.impl.loyalty.LoyaltyImpl.getBalanceQuery(com.crm.provisioning.thread.CommandInstance, com.crm.provisioning.cache.ProvisioningCommand, com.crm.provisioning.message.CommandMessage)
03/09 10:22:50:655 End of process session
03/09 10:24:30:717 java.lang.NoSuchMethodException: com.crm.provisioning.impl.loyalty.LoyaltyImpl.getBalanceQuery(com.crm.provisioning.thread.CommandInstance, com.crm.provisioning.cache.ProvisioningCommand, com.crm.provisioning.message.CommandMessage)
03/09 10:24:30:718 End of process session
03/09 10:26:10:783 java.lang.NoSuchMethodException: com.crm.provisioning.impl.loyalty.LoyaltyImpl.getBalanceQuery(com.crm.provisioning.thread.CommandInstance, com.crm.provisioning.cache.ProvisioningCommand, com.crm.provisioning.message.CommandMessage)
03/09 10:26:10:784 End of process session
03/09 10:27:50:848 java.lang.NoSuchMethodException: com.crm.provisioning.impl.loyalty.LoyaltyImpl.getBalanceQuery(com.crm.provisioning.thread.CommandInstance, com.crm.provisioning.cache.ProvisioningCommand, com.crm.provisioning.message.CommandMessage)
03/09 10:27:50:849 End of process session
03/09 10:29:30:983 java.lang.NoSuchMethodException: com.crm.provisioning.impl.loyalty.LoyaltyImpl.getBalanceQuery(com.crm.provisioning.thread.CommandInstance, com.crm.provisioning.cache.ProvisioningCommand, com.crm.provisioning.message.CommandMessage)
03/09 10:29:30:984 End of process session
03/09 10:31:11:052 java.lang.NoSuchMethodException: com.crm.provisioning.impl.loyalty.LoyaltyImpl.getBalanceQuery(com.crm.provisioning.thread.CommandInstance, com.crm.provisioning.cache.ProvisioningCommand, com.crm.provisioning.message.CommandMessage)
03/09 10:31:11:053 End of process session
03/09 10:32:51:125 java.lang.NoSuchMethodException: com.crm.provisioning.impl.loyalty.LoyaltyImpl.getBalanceQuery(com.crm.provisioning.thread.CommandInstance, com.crm.provisioning.cache.ProvisioningCommand, com.crm.provisioning.message.CommandMessage)
03/09 10:32:51:125 End of process session
03/09 10:34:31:198 java.lang.NoSuchMethodException: com.crm.provisioning.impl.loyalty.LoyaltyImpl.getBalanceQuery(com.crm.provisioning.thread.CommandInstance, com.crm.provisioning.cache.ProvisioningCommand, com.crm.provisioning.message.CommandMessage)
03/09 10:34:31:199 End of process session
03/09 10:36:11:265 java.lang.NoSuchMethodException: com.crm.provisioning.impl.loyalty.LoyaltyImpl.getBalanceQuery(com.crm.provisioning.thread.CommandInstance, com.crm.provisioning.cache.ProvisioningCommand, com.crm.provisioning.message.CommandMessage)
03/09 10:36:11:266 End of process session
03/09 10:37:51:425 java.lang.NoSuchMethodException: com.crm.provisioning.impl.loyalty.LoyaltyImpl.getBalanceQuery(com.crm.provisioning.thread.CommandInstance, com.crm.provisioning.cache.ProvisioningCommand, com.crm.provisioning.message.CommandMessage)
03/09 10:37:51:426 End of process session
03/09 10:39:31:491 java.lang.NoSuchMethodException: com.crm.provisioning.impl.loyalty.LoyaltyImpl.getBalanceQuery(com.crm.provisioning.thread.CommandInstance, com.crm.provisioning.cache.ProvisioningCommand, com.crm.provisioning.message.CommandMessage)
03/09 10:39:31:492 End of process session
03/09 10:39:44:599 EPOS started
03/09 10:39:46:519 java.lang.NoSuchMethodException: com.crm.provisioning.impl.loyalty.LoyaltyImpl.getBalanceQuery(com.crm.provisioning.thread.CommandInstance, com.crm.provisioning.cache.ProvisioningCommand, com.crm.provisioning.message.CommandMessage)
03/09 10:39:46:519 End of process session
03/09 10:41:26:582 java.lang.NoSuchMethodException: com.crm.provisioning.impl.loyalty.LoyaltyImpl.getBalanceQuery(com.crm.provisioning.thread.CommandInstance, com.crm.provisioning.cache.ProvisioningCommand, com.crm.provisioning.message.CommandMessage)
03/09 10:41:26:583 End of process session
03/09 10:43:06:647 java.lang.NoSuchMethodException: com.crm.provisioning.impl.loyalty.LoyaltyImpl.getBalanceQuery(com.crm.provisioning.thread.CommandInstance, com.crm.provisioning.cache.ProvisioningCommand, com.crm.provisioning.message.CommandMessage)
03/09 10:43:06:647 End of process session
03/09 10:44:46:719 java.lang.NoSuchMethodException: com.crm.provisioning.impl.loyalty.LoyaltyImpl.getBalanceQuery(com.crm.provisioning.thread.CommandInstance, com.crm.provisioning.cache.ProvisioningCommand, com.crm.provisioning.message.CommandMessage)
03/09 10:44:46:719 End of process session
03/09 10:46:26:788 java.lang.NoSuchMethodException: com.crm.provisioning.impl.loyalty.LoyaltyImpl.getBalanceQuery(com.crm.provisioning.thread.CommandInstance, com.crm.provisioning.cache.ProvisioningCommand, com.crm.provisioning.message.CommandMessage)
03/09 10:46:26:789 End of process session
03/09 10:48:06:859 java.lang.NoSuchMethodException: com.crm.provisioning.impl.loyalty.LoyaltyImpl.getBalanceQuery(com.crm.provisioning.thread.CommandInstance, com.crm.provisioning.cache.ProvisioningCommand, com.crm.provisioning.message.CommandMessage)
03/09 10:48:06:859 End of process session
03/09 10:49:46:879 Testing connection ...
03/09 10:49:49:849 open connection is fail
03/09 10:49:49:880 org.apache.axis.AxisFault: ; nested exception is: 
	java.net.ConnectException: Connection refused: connect
03/09 10:49:49:881 Starting process session
03/09 10:49:50:483 Total 0 instances are started
03/09 10:49:50:484 Total 6 instances are added
03/09 11:15:20:382 EPOS started
03/09 11:15:22:329 java.lang.NoSuchMethodException: com.crm.provisioning.impl.loyalty.LoyaltyImpl.getBalanceQuery(com.crm.provisioning.thread.CommandInstance, com.crm.provisioning.cache.ProvisioningCommand, com.crm.provisioning.message.CommandMessage)
03/09 11:15:22:329 End of process session
03/09 11:17:02:409 java.lang.NoSuchMethodException: com.crm.provisioning.impl.loyalty.LoyaltyImpl.getBalanceQuery(com.crm.provisioning.thread.CommandInstance, com.crm.provisioning.cache.ProvisioningCommand, com.crm.provisioning.message.CommandMessage)
03/09 11:17:02:409 End of process session
03/09 11:18:42:565 java.lang.NoSuchMethodException: com.crm.provisioning.impl.loyalty.LoyaltyImpl.getBalanceQuery(com.crm.provisioning.thread.CommandInstance, com.crm.provisioning.cache.ProvisioningCommand, com.crm.provisioning.message.CommandMessage)
03/09 11:18:42:566 End of process session
03/09 11:20:22:627 java.lang.NoSuchMethodException: com.crm.provisioning.impl.loyalty.LoyaltyImpl.getBalanceQuery(com.crm.provisioning.thread.CommandInstance, com.crm.provisioning.cache.ProvisioningCommand, com.crm.provisioning.message.CommandMessage)
03/09 11:20:22:628 End of process session
03/09 11:22:02:697 java.lang.NoSuchMethodException: com.crm.provisioning.impl.loyalty.LoyaltyImpl.getBalanceQuery(com.crm.provisioning.thread.CommandInstance, com.crm.provisioning.cache.ProvisioningCommand, com.crm.provisioning.message.CommandMessage)
03/09 11:22:02:697 End of process session
03/09 11:23:42:781 Testing connection ...
03/09 11:23:43:941 open connection is fail
03/09 11:23:43:971 org.apache.axis.AxisFault: ; nested exception is: 
	java.net.ConnectException: Connection refused: connect
03/09 11:23:43:973 Starting process session
03/09 11:23:44:574 Total 0 instances are started
03/09 11:23:44:575 Total 6 instances are added
03/09 11:26:16:991 EPOS started
03/09 11:26:18:576 Testing connection ...
03/09 11:26:20:450 open connection is fail
03/09 11:26:20:478 org.apache.axis.AxisFault: ; nested exception is: 
	java.net.ConnectException: Connection refused: connect
03/09 11:26:20:478 Starting process session
03/09 11:26:21:082 Total 0 instances are started
03/09 11:26:21:082 Total 6 instances are added
03/09 11:43:09:010 EPOS started
03/09 11:43:10:328 Testing connection ...
03/09 11:43:12:061 open connection is fail
03/09 11:43:12:098 org.apache.axis.AxisFault: ; nested exception is: 
	java.net.ConnectException: Connection refused: connect
03/09 11:43:12:099 Starting process session
03/09 11:43:12:699 Total 0 instances are started
03/09 11:43:12:699 Total 6 instances are added
03/09 11:45:21:676 EPOS started
03/09 11:45:23:386 Testing connection ...
03/09 11:45:25:623 open connection is fail
03/09 11:45:25:652 org.apache.axis.AxisFault: ; nested exception is: 
	java.net.ConnectException: Connection refused: connect
03/09 11:45:25:653 Starting process session
03/09 11:45:26:255 Total 0 instances are started
03/09 11:45:26:256 Total 6 instances are added
03/09 11:50:47:896 EPOS started
03/09 11:50:49:335 Testing connection ...
03/09 11:50:51:339 open connection is fail
03/09 11:50:51:365 org.apache.axis.AxisFault: ; nested exception is: 
	java.net.ConnectException: Connection refused: connect
03/09 11:50:51:366 Starting process session
03/09 11:50:51:966 Total 0 instances are started
03/09 11:50:51:967 Total 6 instances are added
03/09 13:35:04:314 EPOS started
03/09 13:35:26:633 EPOS started
03/09 13:35:28:477 Testing connection ...
03/09 13:35:47:223 open connection is fail
03/09 13:35:47:251 org.apache.axis.AxisFault: ; nested exception is: 
	java.net.ConnectException: Connection refused: connect
03/09 13:35:47:251 Starting process session
03/09 13:35:47:859 Total 0 instances are started
03/09 13:35:47:859 Total 6 instances are added
03/09 14:17:29:407 EPOS started
03/09 14:17:29:537 Testing connection ...
03/09 14:17:32:110 open connection is fail
03/09 14:17:32:128 org.apache.axis.AxisFault: ; nested exception is: 
	java.net.ConnectException: Connection refused: connect
03/09 14:17:32:129 Starting process session
03/09 14:17:32:729 Total 0 instances are started
03/09 14:17:32:730 Total 6 instances are added
03/09 14:26:10:453 EPOS started
03/09 14:26:11:929 java.lang.NoSuchMethodException: com.crm.provisioning.impl.loyalty.LoyaltyImpl.getBalanceQuery(com.crm.provisioning.thread.CommandInstance, com.crm.provisioning.cache.ProvisioningCommand, com.crm.provisioning.message.CommandMessage)
03/09 14:26:11:929 End of process session
03/09 14:27:51:990 java.lang.NoSuchMethodException: com.crm.provisioning.impl.loyalty.LoyaltyImpl.getBalanceQuery(com.crm.provisioning.thread.CommandInstance, com.crm.provisioning.cache.ProvisioningCommand, com.crm.provisioning.message.CommandMessage)
03/09 14:27:51:991 End of process session
03/09 14:28:55:619 EPOS started
03/09 14:28:57:118 java.lang.NoSuchMethodException: com.crm.provisioning.impl.loyalty.LoyaltyImpl.getBalanceQuery(com.crm.provisioning.thread.CommandInstance, com.crm.provisioning.cache.ProvisioningCommand, com.crm.provisioning.message.CommandMessage)
03/09 14:28:57:119 End of process session
03/09 14:30:37:301 java.lang.NoSuchMethodException: com.crm.provisioning.impl.loyalty.LoyaltyImpl.getBalanceQuery(com.crm.provisioning.thread.CommandInstance, com.crm.provisioning.cache.ProvisioningCommand, com.crm.provisioning.message.CommandMessage)
03/09 14:30:37:301 End of process session
03/09 14:31:57:622 EPOS started
03/09 14:31:58:090 java.lang.NoSuchMethodException: com.crm.provisioning.impl.loyalty.LoyaltyImpl.getBalanceQuery(com.crm.provisioning.thread.CommandInstance, com.crm.provisioning.cache.ProvisioningCommand, com.crm.provisioning.message.CommandMessage)
03/09 14:31:58:091 End of process session
03/09 14:33:45:458 EPOS started
03/09 14:33:46:159 java.lang.NoSuchMethodException: com.crm.provisioning.impl.loyalty.LoyaltyImpl.getBalanceQuery(com.crm.provisioning.thread.CommandInstance, com.crm.provisioning.cache.ProvisioningCommand, com.crm.provisioning.message.CommandMessage)
03/09 14:33:46:163 End of process session
03/09 14:35:26:305 java.lang.NoSuchMethodException: com.crm.provisioning.impl.loyalty.LoyaltyImpl.getBalanceAmount(com.crm.provisioning.thread.CommandInstance, com.crm.provisioning.cache.ProvisioningCommand, com.crm.provisioning.message.CommandMessage)
03/09 14:35:26:306 End of process session
03/09 14:35:54:529 EPOS started
03/09 14:35:56:209 java.lang.NoSuchMethodException: com.crm.provisioning.impl.loyalty.LoyaltyImpl.getBalanceAmount(com.crm.provisioning.thread.CommandInstance, com.crm.provisioning.cache.ProvisioningCommand, com.crm.provisioning.message.CommandMessage)
03/09 14:35:56:209 End of process session
03/09 14:37:36:310 java.lang.NoSuchMethodException: com.crm.provisioning.impl.loyalty.LoyaltyImpl.getBalanceAmount(com.crm.provisioning.thread.CommandInstance, com.crm.provisioning.cache.ProvisioningCommand, com.crm.provisioning.message.CommandMessage)
03/09 14:37:36:311 End of process session
03/09 14:40:13:098 EPOS started
03/09 14:40:15:017 java.lang.NoSuchMethodException: com.crm.provisioning.impl.loyalty.LoyaltyImpl.getBalanceAmount(com.crm.provisioning.thread.CommandInstance, com.crm.provisioning.cache.ProvisioningCommand, com.crm.provisioning.message.CommandMessage)
03/09 14:40:15:018 End of process session
03/09 14:41:55:088 java.lang.NoSuchMethodException: com.crm.provisioning.impl.loyalty.LoyaltyImpl.getBalanceAmount(com.crm.provisioning.thread.CommandInstance, com.crm.provisioning.cache.ProvisioningCommand, com.crm.provisioning.message.CommandMessage)
03/09 14:41:55:089 End of process session
03/09 14:43:35:204 java.lang.NoSuchMethodException: com.crm.provisioning.impl.loyalty.LoyaltyImpl.getBalanceAmount(com.crm.provisioning.thread.CommandInstance, com.crm.provisioning.cache.ProvisioningCommand, com.crm.provisioning.message.CommandMessage)
03/09 14:43:35:204 End of process session
03/09 14:45:15:296 java.lang.NoSuchMethodException: com.crm.provisioning.impl.loyalty.LoyaltyImpl.getBalanceAmount(com.crm.provisioning.thread.CommandInstance, com.crm.provisioning.cache.ProvisioningCommand, com.crm.provisioning.message.CommandMessage)
03/09 14:45:15:297 End of process session
03/09 14:46:55:363 java.lang.NoSuchMethodException: com.crm.provisioning.impl.loyalty.LoyaltyImpl.getBalanceAmount(com.crm.provisioning.thread.CommandInstance, com.crm.provisioning.cache.ProvisioningCommand, com.crm.provisioning.message.CommandMessage)
03/09 14:46:55:364 End of process session
03/09 14:48:35:569 java.lang.NoSuchMethodException: com.crm.provisioning.impl.loyalty.LoyaltyImpl.getBalanceAmount(com.crm.provisioning.thread.CommandInstance, com.crm.provisioning.cache.ProvisioningCommand, com.crm.provisioning.message.CommandMessage)
03/09 14:48:35:569 End of process session
03/09 14:49:37:759 EPOS started
03/09 14:57:32:533 EPOS started
03/09 14:57:34:308 java.lang.NoSuchMethodException: com.crm.provisioning.impl.loyalty.LoyaltyImpl.getBalanceAmount(com.crm.provisioning.thread.CommandInstance, com.crm.provisioning.cache.ProvisioningCommand, com.crm.provisioning.message.CommandMessage)
03/09 14:57:34:309 End of process session
03/09 14:59:14:414 java.lang.NoSuchMethodException: com.crm.provisioning.impl.loyalty.LoyaltyImpl.getBalanceAmount(com.crm.provisioning.thread.CommandInstance, com.crm.provisioning.cache.ProvisioningCommand, com.crm.provisioning.message.CommandMessage)
03/09 14:59:14:415 End of process session
03/09 15:00:42:426 EPOS started
03/09 15:00:44:068 java.lang.NoSuchMethodException: com.crm.provisioning.impl.loyalty.LoyaltyImpl.getBalanceAmount(com.crm.provisioning.thread.CommandInstance, com.crm.provisioning.cache.ProvisioningCommand, com.crm.provisioning.message.CommandMessage)
03/09 15:00:44:068 End of process session
03/09 15:02:02:387 EPOS started
03/09 15:02:04:106 Testing connection ...
03/09 15:02:05:787 open connection is fail
03/09 15:02:05:814 org.apache.axis.AxisFault: ; nested exception is: 
	java.net.ConnectException: Connection refused: connect
03/09 15:02:05:815 Starting process session
03/09 15:02:06:415 Total 0 instances are started
03/09 15:02:06:416 Total 6 instances are added
03/09 15:10:13:631 EPOS started
03/09 15:10:15:201 Testing connection ...
03/09 15:10:16:986 open connection is fail
03/09 15:10:17:015 org.apache.axis.AxisFault: ; nested exception is: 
	java.net.ConnectException: Connection refused: connect
03/09 15:10:17:015 Starting process session
03/09 15:10:17:616 Total 0 instances are started
03/09 15:10:17:617 Total 6 instances are added
03/09 15:31:16:651 EPOS started
03/09 15:31:18:407 Testing connection ...
03/09 15:31:20:487 open connection is fail
03/09 15:31:20:510 org.apache.axis.AxisFault: ; nested exception is: 
	java.net.ConnectException: Connection refused: connect
03/09 15:31:20:510 Starting process session
03/09 15:31:21:170 Total 0 instances are started
03/09 15:31:21:171 Total 6 instances are added
03/09 15:49:54:766 EPOS started
03/09 15:49:56:343 Testing connection ...
03/09 15:49:58:062 open connection is fail
03/09 15:49:58:097 org.apache.axis.AxisFault: ; nested exception is: 
	java.net.ConnectException: Connection refused: connect
03/09 15:49:58:097 Starting process session
03/09 15:49:58:698 Total 0 instances are started
03/09 15:49:58:699 Total 6 instances are added
03/09 15:54:17:236 EPOS started
03/09 15:54:19:226 Testing connection ...
03/09 15:54:21:201 open connection is fail
03/09 15:54:21:222 org.apache.axis.AxisFault: ; nested exception is: 
	java.net.ConnectException: Connection refused: connect
03/09 15:54:21:223 Starting process session
03/09 15:54:21:832 Total 0 instances are started
03/09 15:54:21:833 Total 6 instances are added
03/09 15:57:47:492 EPOS started
03/09 15:57:49:199 Testing connection ...
03/09 15:57:51:123 open connection is fail
03/09 15:57:51:146 org.apache.axis.AxisFault: ; nested exception is: 
	java.net.ConnectException: Connection refused: connect
03/09 15:57:51:146 Starting process session
03/09 15:57:51:746 Total 0 instances are started
03/09 15:57:51:747 Total 6 instances are added
03/09 16:04:15:988 EPOS started
03/09 16:04:17:632 Testing connection ...
03/09 16:04:19:649 open connection is fail
03/09 16:04:19:672 org.apache.axis.AxisFault: ; nested exception is: 
	java.net.ConnectException: Connection refused: connect
03/09 16:04:19:672 Starting process session
03/09 16:04:20:274 Total 0 instances are started
03/09 16:04:20:275 Total 6 instances are added
03/09 16:08:13:766 EPOS started
03/09 16:08:15:331 Testing connection ...
03/09 16:08:17:359 open connection is fail
03/09 16:08:17:384 org.apache.axis.AxisFault: ; nested exception is: 
	java.net.ConnectException: Connection refused: connect
03/09 16:08:17:384 Starting process session
03/09 16:08:17:990 Total 0 instances are started
03/09 16:08:17:991 Total 6 instances are added
03/09 16:12:47:323 EPOS started
03/09 16:12:48:002 Testing connection ...
03/09 16:12:50:558 open connection is fail
03/09 16:12:50:584 org.apache.axis.AxisFault: ; nested exception is: 
	java.net.ConnectException: Connection refused: connect
03/09 16:12:50:585 Starting process session
03/09 16:12:51:185 Total 0 instances are started
03/09 16:12:51:186 Total 6 instances are added
03/09 16:15:15:871 EPOS started
03/09 16:15:17:712 Testing connection ...
03/09 16:15:19:782 open connection is fail
03/09 16:15:19:811 org.apache.axis.AxisFault: ; nested exception is: 
	java.net.ConnectException: Connection refused: connect
03/09 16:15:19:812 Starting process session
03/09 16:15:20:414 Total 0 instances are started
03/09 16:15:20:415 Total 6 instances are added
03/09 16:17:31:077 EPOS started
03/09 16:17:32:903 Testing connection ...
03/09 16:17:34:821 open connection is fail
03/09 16:17:34:849 org.apache.axis.AxisFault: ; nested exception is: 
	java.net.ConnectException: Connection refused: connect
03/09 16:17:34:850 Starting process session
03/09 16:17:35:455 Total 0 instances are started
03/09 16:17:35:456 Total 6 instances are added
03/09 16:20:16:477 EPOS started
03/09 16:20:18:033 Testing connection ...
03/09 16:20:20:017 open connection is fail
03/09 16:20:20:040 org.apache.axis.AxisFault: ; nested exception is: 
	java.net.ConnectException: Connection refused: connect
03/09 16:20:20:040 Starting process session
03/09 16:20:20:644 Total 0 instances are started
03/09 16:20:20:645 Total 6 instances are added
03/09 16:24:36:090 EPOS started
03/09 16:24:36:272 Testing connection ...
03/09 16:24:39:318 open connection is fail
03/09 16:24:39:339 org.apache.axis.AxisFault: ; nested exception is: 
	java.net.ConnectException: Connection refused: connect
03/09 16:24:39:339 Starting process session
03/09 16:24:39:940 Total 0 instances are started
03/09 16:24:39:941 Total 6 instances are added
03/09 16:28:31:324 EPOS started
03/09 16:28:32:881 Testing connection ...
03/09 16:28:34:896 open connection is fail
03/09 16:28:34:917 org.apache.axis.AxisFault: ; nested exception is: 
	java.net.ConnectException: Connection refused: connect
03/09 16:28:34:917 Starting process session
03/09 16:28:35:524 Total 0 instances are started
03/09 16:28:35:525 Total 6 instances are added
03/09 16:31:10:054 EPOS started
03/09 16:31:11:684 Testing connection ...
03/09 16:31:13:631 open connection is fail
03/09 16:31:13:653 org.apache.axis.AxisFault: ; nested exception is: 
	java.net.ConnectException: Connection refused: connect
03/09 16:31:13:653 Starting process session
03/09 16:31:14:255 Total 0 instances are started
03/09 16:31:14:255 Total 6 instances are added
03/09 16:35:11:241 EPOS started
03/09 16:35:12:602 Testing connection ...
03/09 16:35:14:665 open connection is fail
03/09 16:35:14:707 org.apache.axis.AxisFault: ; nested exception is: 
	java.net.ConnectException: Connection refused: connect
03/09 16:35:14:707 Starting process session
03/09 16:35:15:307 Total 0 instances are started
03/09 16:35:15:323 Total 6 instances are added
03/09 16:41:25:488 EPOS started
03/09 16:41:27:116 Testing connection ...
03/09 16:41:29:025 open connection is fail
03/09 16:41:29:049 org.apache.axis.AxisFault: ; nested exception is: 
	java.net.ConnectException: Connection refused: connect
03/09 16:41:29:049 Starting process session
03/09 16:41:29:654 Total 0 instances are started
03/09 16:41:29:655 Total 6 instances are added
03/09 16:43:42:783 EPOS started
03/09 16:43:44:304 Testing connection ...
03/09 16:43:46:045 open connection is fail
03/09 16:43:46:070 org.apache.axis.AxisFault: ; nested exception is: 
	java.net.ConnectException: Connection refused: connect
03/09 16:43:46:070 Starting process session
03/09 16:43:46:673 Total 0 instances are started
03/09 16:43:46:674 Total 6 instances are added
03/09 16:51:20:370 EPOS started
03/09 16:51:21:944 Testing connection ...
03/09 16:51:23:710 open connection is fail
03/09 16:51:23:740 org.apache.axis.AxisFault: ; nested exception is: 
	java.net.ConnectException: Connection refused: connect
03/09 16:51:23:740 Starting process session
03/09 16:51:24:341 Total 0 instances are started
03/09 16:51:24:342 Total 6 instances are added
03/09 16:59:07:294 EPOS started
03/09 16:59:09:013 Testing connection ...
03/09 16:59:10:981 open connection is fail
03/09 16:59:11:009 org.apache.axis.AxisFault: ; nested exception is: 
	java.net.ConnectException: Connection refused: connect
03/09 16:59:11:013 Starting process session
03/09 16:59:11:620 Total 0 instances are started
03/09 16:59:11:621 Total 6 instances are added
03/09 17:11:13:806 EPOS started
03/09 17:11:15:593 Testing connection ...
03/09 17:11:28:006 EPOS started
03/09 17:11:29:830 Testing connection ...
03/09 17:11:31:693 open connection is fail
03/09 17:11:31:723 org.apache.axis.AxisFault: ; nested exception is: 
	java.net.ConnectException: Connection refused: connect
03/09 17:11:31:723 Starting process session
03/09 17:11:32:327 Total 0 instances are started
03/09 17:11:32:330 Total 6 instances are added
03/09 17:12:16:627 EPOS started
03/09 17:12:18:582 Testing connection ...
03/09 17:12:20:519 open connection is fail
03/09 17:12:20:543 org.apache.axis.AxisFault: ; nested exception is: 
	java.net.ConnectException: Connection refused: connect
03/09 17:12:20:543 Starting process session
03/09 17:12:21:148 Total 0 instances are started
03/09 17:12:21:149 Total 6 instances are added
03/09 17:13:02:125 EPOS started
03/09 17:13:02:258 Testing connection ...
03/09 17:13:05:251 open connection is fail
03/09 17:13:05:273 org.apache.axis.AxisFault: ; nested exception is: 
	java.net.ConnectException: Connection refused: connect
03/09 17:13:05:273 Starting process session
03/09 17:13:05:989 Total 0 instances are started
03/09 17:13:05:990 Total 6 instances are added
03/09 17:15:50:255 EPOS started
03/09 17:15:51:688 Testing connection ...
03/09 17:15:53:353 open connection is fail
03/09 17:15:53:379 org.apache.axis.AxisFault: ; nested exception is: 
	java.net.ConnectException: Connection refused: connect
03/09 17:15:53:379 Starting process session
03/09 17:15:53:983 Total 0 instances are started
03/09 17:15:53:984 Total 6 instances are added
03/09 17:26:49:900 EPOS started
03/09 17:26:51:352 Testing connection ...
03/09 17:26:53:014 open connection is fail
03/09 17:26:53:044 org.apache.axis.AxisFault: ; nested exception is: 
	java.net.ConnectException: Connection refused: connect
03/09 17:26:53:044 Starting process session
03/09 17:26:53:646 Total 0 instances are started
03/09 17:26:53:647 Total 6 instances are added
03/09 17:37:33:013 EPOS started
03/09 17:37:33:221 Testing connection ...
03/09 17:37:35:792 open connection is fail
03/09 17:37:35:819 org.apache.axis.AxisFault: ; nested exception is: 
	java.net.ConnectException: Connection refused: connect
03/09 17:37:35:819 Starting process session
03/09 17:37:36:440 Total 0 instances are started
03/09 17:37:36:441 Total 6 instances are added
03/09 17:49:22:559 EPOS started
03/09 17:49:24:198 Testing connection ...
03/09 17:49:26:185 open connection is fail
03/09 17:49:26:214 org.apache.axis.AxisFault: ; nested exception is: 
	java.net.ConnectException: Connection refused: connect
03/09 17:49:26:214 Starting process session
03/09 17:49:26:825 Total 0 instances are started
03/09 17:49:26:837 Total 6 instances are added
03/09 17:54:38:968 EPOS started
03/09 17:54:40:641 Testing connection ...
03/09 17:54:42:747 open connection is fail
03/09 17:54:42:768 org.apache.axis.AxisFault: ; nested exception is: 
	java.net.ConnectException: Connection refused: connect
03/09 17:54:42:769 Starting process session
03/09 17:54:43:371 Total 0 instances are started
03/09 17:54:43:371 Total 6 instances are added
03/09 17:55:01:143 EPOS started
03/09 17:55:03:033 Testing connection ...
03/09 17:55:04:947 open connection is fail
03/09 17:55:04:975 org.apache.axis.AxisFault: ; nested exception is: 
	java.net.ConnectException: Connection refused: connect
03/09 17:55:04:976 Starting process session
03/09 17:55:05:580 Total 0 instances are started
03/09 17:55:05:581 Total 6 instances are added
03/09 17:56:28:495 EPOS started
03/09 17:56:30:114 Testing connection ...
03/09 17:56:31:984 open connection is fail
03/09 17:56:32:009 org.apache.axis.AxisFault: ; nested exception is: 
	java.net.ConnectException: Connection refused: connect
03/09 17:56:32:009 Starting process session
03/09 17:56:32:615 Total 0 instances are started
03/09 17:56:32:615 Total 6 instances are added
03/09 18:02:40:352 EPOS started
03/09 18:02:42:193 Testing connection ...
03/09 18:02:44:036 open connection is fail
03/09 18:02:44:061 org.apache.axis.AxisFault: ; nested exception is: 
	java.net.ConnectException: Connection refused: connect
03/09 18:02:44:061 Starting process session
03/09 18:02:44:665 Total 0 instances are started
03/09 18:02:44:666 Total 6 instances are added
03/09 18:07:57:714 EPOS started
03/09 18:07:57:905 Testing connection ...
03/09 18:08:01:398 open connection is fail
03/09 18:08:01:421 org.apache.axis.AxisFault: ; nested exception is: 
	java.net.ConnectException: Connection refused: connect
03/09 18:08:01:421 Starting process session
03/09 18:08:02:026 Total 0 instances are started
03/09 18:08:02:027 Total 6 instances are added
03/09 18:16:40:204 EPOS started
03/09 18:17:08:559 Testing connection ...
03/09 18:17:10:805 open connection is fail
03/09 18:17:10:827 org.apache.axis.AxisFault: ; nested exception is: 
	java.net.ConnectException: Connection refused: connect
03/09 18:17:10:828 Starting process session
03/09 18:17:11:435 Total 0 instances are started
03/09 18:17:11:436 Total 6 instances are added
03/09 18:22:03:981 EPOS started
03/09 18:22:06:014 Testing connection ...
03/09 18:22:08:000 open connection is fail
03/09 18:22:08:032 org.apache.axis.AxisFault: ; nested exception is: 
	java.net.ConnectException: Connection refused: connect
03/09 18:22:08:032 Starting process session
03/09 18:22:08:635 Total 0 instances are started
03/09 18:22:08:636 Total 6 instances are added
03/09 18:44:56:749 EPOS started
03/09 18:44:57:953 Testing connection ...
03/09 18:44:59:679 open connection is fail
03/09 18:44:59:708 org.apache.axis.AxisFault: ; nested exception is: 
	java.net.ConnectException: Connection refused: connect
03/09 18:44:59:708 Starting process session
03/09 18:45:00:310 Total 0 instances are started
03/09 18:45:00:311 Total 6 instances are added
