16/09 08:49:33:414 EPOS started
16/09 08:49:41:075 Testing connection ...
16/09 08:50:03:571 Testing connection are success
16/09 08:50:03:572 Starting process session
16/09 08:50:04:173 Total 0 instances are started
16/09 08:50:04:176 Total 6 instances are added
16/09 09:07:20:611 EPOS started
16/09 09:07:22:064 Testing connection ...
16/09 09:07:23:124 Testing connection are success
16/09 09:07:23:126 Starting process session
16/09 09:07:23:726 Total 0 instances are started
16/09 09:07:23:726 Total 6 instances are added
16/09 09:10:47:981 EPOS started
16/09 09:10:49:936 Testing connection ...
16/09 09:10:51:020 Testing connection are success
16/09 09:10:51:021 Starting process session
16/09 09:10:51:623 Total 0 instances are started
16/09 09:10:51:623 Total 6 instances are added
16/09 09:25:58:579 EPOS started
16/09 09:26:31:282 Testing connection ...
16/09 09:26:32:102 Testing connection are success
16/09 09:26:32:102 Starting process session
16/09 09:26:32:703 Total 0 instances are started
16/09 09:26:32:704 Total 6 instances are added
16/09 09:37:14:153 EPOS started
16/09 09:37:15:400 Testing connection ...
16/09 09:37:16:329 Testing connection are success
16/09 09:37:16:329 Starting process session
16/09 09:37:17:043 Total 0 instances are started
16/09 09:37:17:044 Total 6 instances are added
16/09 09:38:43:452 EPOS started
16/09 09:38:45:257 Testing connection ...
16/09 09:38:46:062 Testing connection are success
16/09 09:38:46:063 Starting process session
16/09 09:38:46:704 Total 0 instances are started
16/09 09:38:46:705 Total 6 instances are added
16/09 09:39:59:560 EPOS started
16/09 09:40:01:302 Testing connection ...
16/09 09:40:02:356 Testing connection are success
16/09 09:40:02:356 Starting process session
16/09 09:40:02:959 Total 0 instances are started
16/09 09:40:02:967 Total 6 instances are added
16/09 09:51:22:215 EPOS started
16/09 09:51:24:979 Testing connection ...
16/09 09:51:25:673 Testing connection are success
16/09 09:51:25:673 Starting process session
16/09 09:51:26:278 Total 0 instances are started
16/09 09:51:26:279 Total 6 instances are added
16/09 09:53:16:136 EPOS started
16/09 09:53:18:179 Testing connection ...
16/09 09:53:19:303 Testing connection are success
16/09 09:53:19:304 Starting process session
16/09 09:53:19:905 Total 0 instances are started
16/09 09:53:19:906 Total 6 instances are added
16/09 10:03:32:546 EPOS started
16/09 10:03:34:313 Testing connection ...
16/09 10:03:35:324 Testing connection are success
16/09 10:03:35:325 Starting process session
16/09 10:03:35:925 Total 0 instances are started
16/09 10:03:35:926 Total 6 instances are added
16/09 10:06:48:433 EPOS started
16/09 10:06:50:134 Testing connection ...
16/09 10:06:51:240 Testing connection are success
16/09 10:06:51:240 Starting process session
16/09 10:06:51:841 Total 0 instances are started
16/09 10:06:51:841 Total 6 instances are added
16/09 10:17:46:942 EPOS started
16/09 10:17:48:445 Testing connection ...
16/09 10:17:49:513 Testing connection are success
16/09 10:17:49:514 Starting process session
16/09 10:17:50:119 Total 0 instances are started
16/09 10:17:50:120 Total 6 instances are added
