#
# An unexpected error has been detected by Java Runtime Environment:
#
#  EXCEPTION_ACCESS_VIOLATION (0xc0000005) at pc=0x6d937e6f, pid=4420, tid=3048
#
# Java VM: Java HotSpot(TM) Client VM (1.6.0-b105 mixed mode)
# Problematic frame:
# V  [jvm.dll+0x177e6f]
#
# If you would like to submit a bug report, please visit:
#   http://java.sun.com/webapps/bugreport/crash.jsp
#

---------------  T H R E A D  ---------------

Current thread (0x018d8c00):  VMThread [id=3048]

siginfo: ExceptionCode=0xc0000005, reading address 0x00000085

Registers:
EAX=0x08337cc8, EBX=0x018631b4, ECX=0x01863178, EDX=0x00000079
ESP=0x0133f5fc, EBP=0x01860410, ESI=0x07c7da70, EDI=0x07c7da70
EIP=0x6d937e6f, EFLAGS=0x00010293

Top of Stack: (sp=0x0133f5fc)
0x0133f5fc:   07c7da70 6d7db7cb 07c7da70 0133f64c
0x0133f60c:   0133f64c 00000002 0185fb58 6d861d41
0x0133f61c:   07c7e0d0 01860268 6d861b11 01863178
0x0133f62c:   6d832873 0133f64c 00000000 0185fbb0
0x0133f63c:   07c7e0d0 6d861957 0133f64c 00000000
0x0133f64c:   6d99cd24 07c7e0d0 00000000 6d85c623
0x0133f65c:   07c7e0d0 07c7e0d0 00000000 0133f77c
0x0133f66c:   00000000 6d8fc563 07c7e0d0 6d7dbe74 

Instructions: (pc=0x6d937e6f)
0x6d937e5f:   cc 8b 41 34 56 8b 74 24 08 3b f0 73 38 8b 56 04
0x6d937e6f:   8b 42 0c 83 c2 08 85 c0 7f 33 7d 1d 83 c9 ff 2b 


Stack: [0x012f0000,0x01340000),  sp=0x0133f5fc,  free space=317k
Native frames: (J=compiled Java code, j=interpreted, Vv=VM code, C=native code)
V  [jvm.dll+0x177e6f]

VM_Operation (0x0db4f5d8): generation collection for allocation, mode: safepoint, requested by thread 0x0c367c00


---------------  P R O C E S S  ---------------

Java Threads: ( => current thread )
  0x0c367c00 JavaThread "Unknown thread" [_thread_blocked, id=3196]
  0x0c367800 JavaThread "Thread-32" [_thread_blocked, id=5880]
  0x0c367000 JavaThread "Thread-31" [_thread_blocked, id=5924]
  0x0c366c00 JavaThread "Thread-30" [_thread_blocked, id=2384]
  0x0c366000 JavaThread "com.mchange.v2.async.ThreadPoolAsynchronousRunner$PoolThread-#19" daemon [_thread_blocked, id=5580]
  0x0c365800 JavaThread "com.mchange.v2.async.ThreadPoolAsynchronousRunner$PoolThread-#18" daemon [_thread_blocked, id=6004]
  0x0c365400 JavaThread "com.mchange.v2.async.ThreadPoolAsynchronousRunner$PoolThread-#17" daemon [_thread_blocked, id=4608]
  0x0c364c00 JavaThread "com.mchange.v2.async.ThreadPoolAsynchronousRunner$PoolThread-#16" daemon [_thread_blocked, id=4656]
  0x0c364800 JavaThread "com.mchange.v2.async.ThreadPoolAsynchronousRunner$PoolThread-#15" daemon [_thread_blocked, id=5600]
  0x0c364400 JavaThread "com.mchange.v2.async.ThreadPoolAsynchronousRunner$PoolThread-#14" daemon [_thread_blocked, id=6120]
  0x0c363c00 JavaThread "com.mchange.v2.async.ThreadPoolAsynchronousRunner$PoolThread-#13" daemon [_thread_blocked, id=5516]
  0x0c363800 JavaThread "com.mchange.v2.async.ThreadPoolAsynchronousRunner$PoolThread-#12" daemon [_thread_blocked, id=5404]
  0x0c363000 JavaThread "com.mchange.v2.async.ThreadPoolAsynchronousRunner$PoolThread-#11" daemon [_thread_blocked, id=5728]
  0x0c362c00 JavaThread "com.mchange.v2.async.ThreadPoolAsynchronousRunner$PoolThread-#10" daemon [_thread_blocked, id=2224]
  0x0c362400 JavaThread "com.mchange.v2.async.ThreadPoolAsynchronousRunner$PoolThread-#9" daemon [_thread_blocked, id=5740]
  0x0c362000 JavaThread "com.mchange.v2.async.ThreadPoolAsynchronousRunner$PoolThread-#8" daemon [_thread_blocked, id=4584]
  0x0c361800 JavaThread "com.mchange.v2.async.ThreadPoolAsynchronousRunner$PoolThread-#7" daemon [_thread_blocked, id=1424]
  0x0c361400 JavaThread "com.mchange.v2.async.ThreadPoolAsynchronousRunner$PoolThread-#6" daemon [_thread_blocked, id=1432]
  0x0c361000 JavaThread "com.mchange.v2.async.ThreadPoolAsynchronousRunner$PoolThread-#5" daemon [_thread_blocked, id=2072]
  0x0c360800 JavaThread "com.mchange.v2.async.ThreadPoolAsynchronousRunner$PoolThread-#4" daemon [_thread_blocked, id=1744]
  0x0c360400 JavaThread "com.mchange.v2.async.ThreadPoolAsynchronousRunner$PoolThread-#3" daemon [_thread_blocked, id=5104]
  0x0c417c00 JavaThread "com.mchange.v2.async.ThreadPoolAsynchronousRunner$PoolThread-#2" daemon [_thread_blocked, id=5128]
  0x0c415400 JavaThread "com.mchange.v2.async.ThreadPoolAsynchronousRunner$PoolThread-#1" daemon [_thread_blocked, id=4968]
  0x0c414c00 JavaThread "com.mchange.v2.async.ThreadPoolAsynchronousRunner$PoolThread-#0" daemon [_thread_blocked, id=3520]
  0x0c413400 JavaThread "Timer-0" daemon [_thread_blocked, id=4312]
  0x0c5c5800 JavaThread "Thread-7" [_thread_in_native, id=1160]
  0x0cab1400 JavaThread "Thread-6" [_thread_blocked, id=5916]
  0x0cb3c000 JavaThread "Thread-5" [_thread_in_native, id=2960]
  0x011be400 JavaThread "DestroyJavaVM" [_thread_blocked, id=384]
  0x0cb28c00 JavaThread "Thread-2" [_thread_blocked, id=832]
  0x0cb28800 JavaThread "Thread-1" [_thread_blocked, id=4216]
  0x0cb45c00 JavaThread "Thread-0" [_thread_in_native, id=3352]
  0x01921c00 JavaThread "Low Memory Detector" daemon [_thread_blocked, id=504]
  0x01918000 JavaThread "CompilerThread0" daemon [_thread_blocked, id=5496]
  0x0190cc00 JavaThread "JDWP Command Reader" daemon [_thread_in_native, id=5372]
  0x0190c800 JavaThread "JDWP Event Helper Thread" daemon [_thread_blocked, id=4464]
  0x0190b400 JavaThread "JDWP Transport Listener: dt_socket" daemon [_thread_blocked, id=1684]
  0x018fac00 JavaThread "Attach Listener" daemon [_thread_blocked, id=4496]
  0x018fa800 JavaThread "Signal Dispatcher" daemon [_thread_blocked, id=5336]
  0x018e7c00 JavaThread "Finalizer" daemon [_thread_blocked, id=5852]
  0x018dbc00 JavaThread "Reference Handler" daemon [_thread_blocked, id=5080]

Other Threads:
=>0x018d8c00 VMThread [id=3048]
  0x0193b800 WatcherThread [id=2588]

VM state:at safepoint (normal execution)

VM Mutex/Monitor currently owned by a thread:  ([mutex/lock_event])
[0x0185e448/0x000002bc] Threads_lock - owner thread: 0x018d8c00
[0x0185dc90/0x000002fc] Heap_lock - owner thread: 0x0c367c00

Heap
 def new generation   total 1216K, used 128K [0x03940000, 0x03a90000, 0x03e20000)
  eden space 1088K,   0% used [0x03940000, 0x03940000, 0x03a50000)
  from space 128K, 100% used [0x03a70000, 0x03a90000, 0x03a90000)
  to   space 128K,   0% used [0x03a50000, 0x03a50000, 0x03a70000)
 tenured generation   total 15172K, used 14329K [0x03e20000, 0x04cf1000, 0x07940000)
   the space 15172K,  94% used [0x03e20000, 0x04c1e510, 0x04205600, 0x04cf1000)
 compacting perm gen  total 12288K, used 10207K [0x07940000, 0x08540000, 0x0b940000)
   the space 12288K,  83% used [0x07940000, 0x08337cc8, 0x0832e600, 0x08540000)
No shared spaces configured.

Dynamic libraries:
0x00400000 - 0x00439000 	C:\Program Files\Java\jre1.6.0\bin\javaw.exe
0x777b0000 - 0x778ec000 	C:\Windows\SYSTEM32\ntdll.dll
0x762d0000 - 0x763a4000 	C:\Windows\system32\kernel32.dll
0x75ab0000 - 0x75afb000 	C:\Windows\system32\KERNELBASE.dll
0x76630000 - 0x766d0000 	C:\Windows\system32\ADVAPI32.dll
0x76180000 - 0x7622c000 	C:\Windows\system32\msvcrt.dll
0x764e0000 - 0x764f9000 	C:\Windows\SYSTEM32\sechost.dll
0x76430000 - 0x764d2000 	C:\Windows\system32\RPCRT4.dll
0x768a0000 - 0x76969000 	C:\Windows\system32\USER32.dll
0x75fb0000 - 0x75ffe000 	C:\Windows\system32\GDI32.dll
0x766d0000 - 0x766da000 	C:\Windows\system32\LPK.dll
0x76230000 - 0x762cd000 	C:\Windows\system32\USP10.dll
0x779c0000 - 0x779df000 	C:\Windows\system32\IMM32.DLL
0x76500000 - 0x765cc000 	C:\Windows\system32\MSCTF.dll
0x75530000 - 0x757e3000 	c:\progra~2\bitguard\261694~1.246\{c16c1~1\bitguard.dll
0x769c0000 - 0x7760a000 	C:\Windows\system32\SHELL32.dll
0x765d0000 - 0x76627000 	C:\Windows\system32\SHLWAPI.dll
0x766e0000 - 0x7683c000 	C:\Windows\system32\ole32.dll
0x77930000 - 0x779bf000 	C:\Windows\system32\OLEAUT32.dll
0x754c0000 - 0x754c9000 	C:\Windows\system32\VERSION.dll
0x77900000 - 0x7792a000 	C:\Windows\system32\imagehlp.dll
0x75f10000 - 0x75f15000 	C:\Windows\system32\PSAPI.DLL
0x75460000 - 0x754b8000 	C:\Windows\system32\WINHTTP.dll
0x75410000 - 0x7545f000 	C:\Windows\system32\webio.dll
0x7c340000 - 0x7c3ac000 	C:\Program Files\Java\jre1.6.0\bin\msvcr71.dll
0x6d7c0000 - 0x6da1d000 	C:\Program Files\Java\jre1.6.0\bin\client\jvm.dll
0x73670000 - 0x736a2000 	C:\Windows\system32\WINMM.dll
0x753a0000 - 0x753ec000 	C:\Windows\system32\apphelp.dll
0x6d310000 - 0x6d32e000 	C:\Program Files\Java\jre1.6.0\bin\hpi.dll
0x6d400000 - 0x6d43f000 	C:\Program Files\Java\jre1.6.0\bin\jdwp.dll
0x6d6c0000 - 0x6d6dc000 	C:\Program Files\Java\jre1.6.0\bin\npt.dll
0x6d770000 - 0x6d792000 	C:\Program Files\Java\jre1.6.0\bin\verify.dll
0x6d3b0000 - 0x6d3e5000 	C:\Program Files\Java\jre1.6.0\bin\java.dll
0x003c0000 - 0x003e5000 	C:\Program Files\Java\jre1.6.0\bin\zip.dll
0x6d280000 - 0x6d29d000 	C:\Program Files\Java\jre1.6.0\bin\dt_socket.dll
0x76010000 - 0x76045000 	C:\Windows\system32\WS2_32.dll
0x778f0000 - 0x778f6000 	C:\Windows\system32\NSI.dll
0x73620000 - 0x73630000 	C:\Windows\system32\NLAapi.dll
0x6e780000 - 0x6e790000 	C:\Windows\system32\napinsp.dll
0x6e760000 - 0x6e772000 	C:\Windows\system32\pnrpnsp.dll
0x6e750000 - 0x6e75d000 	C:\Windows\system32\wshbth.dll
0x6f8f0000 - 0x6f911000 	C:\Program Files\Bonjour\mdnsNSP.dll
0x73280000 - 0x7329c000 	C:\Windows\system32\Iphlpapi.DLL
0x73270000 - 0x73277000 	C:\Windows\system32\WINNSI.DLL
0x6f860000 - 0x6f887000 	C:\Program Files\Common Files\Microsoft Shared\Windows Live\WLIDNSP.DLL
0x74ee0000 - 0x74f1c000 	C:\Windows\System32\mswsock.dll
0x74da0000 - 0x74de4000 	C:\Windows\system32\DNSAPI.dll
0x6e740000 - 0x6e748000 	C:\Windows\System32\winrnr.dll
0x72f40000 - 0x72f78000 	C:\Windows\System32\fwpuclnt.dll
0x6f7c0000 - 0x6f7c6000 	C:\Windows\system32\rasadhlp.dll
0x749c0000 - 0x749c5000 	C:\Windows\System32\wshtcpip.dll
0x6d570000 - 0x6d599000 	C:\Program Files\Java\jre1.6.0\bin\net.dll
0x74ed0000 - 0x74ed6000 	C:\Windows\System32\wship6.dll
0x74f20000 - 0x74f36000 	C:\Windows\system32\CRYPTSP.dll
0x74c90000 - 0x74ccb000 	C:\Windows\system32\rsaenh.dll
0x74a90000 - 0x74aa7000 	C:\Windows\system32\USERENV.dll
0x757f0000 - 0x757fb000 	C:\Windows\system32\profapi.dll
0x753f0000 - 0x753fc000 	C:\Windows\system32\CRYPTBASE.dll
0x01210000 - 0x0122f000 	C:\Program Files\Java\jre1.6.0\bin\management.dll

VM Arguments:
jvm_args: -agentlib:jdwp=transport=dt_socket,suspend=y,address=localhost:51025 -Dfile.encoding=Cp1252
java_command: com.crm.thread.ServiceManager
Launcher Type: SUN_STANDARD

Environment Variables:
JAVA_HOME=C:\Program Files\Java\jdk1.7.0_21; C:\Program Files\Java\jdk1.6.0;D:\NMS\glassfish3\glassfish;
CLASSPATH=.;C:\Program Files\Java\jre7\lib\ext\QTJava.zip
PATH=C:/Program Files/Java/jre7/bin/client;C:/Program Files/Java/jre7/bin;C:/Program Files/Java/jre7/lib/i386;C:\Program Files\Common Files\Microsoft Shared\Windows Live;D:\app\QUANGTRUNG\product\11.2.0\client_1\bin;D:\app\QUANGTRUNG\product\11.2.0\client_1;C:\Program Files\Common Files\NetSarang;C:\Windows\system32;C:\Windows;C:\Windows\System32\Wbem;C:\Windows\System32\WindowsPowerShell\v1.0\;D:\NMS\axis2.1.4\axis2-1.4\bin;C:\Program Files\Java\jdk1.7.0_21\bin;C:\Program Files\Java\jdk1.6.0\bin;D:\NMS\glassfish3\glassfish\bin;C:\Program Files\QuickTime\QTSystem\;C:\Program Files\instantclient;C:\Program Files\Windows Live\Shared
USERNAME=QUANGTRUNG
OS=Windows_NT
PROCESSOR_IDENTIFIER=x86 Family 6 Model 37 Stepping 5, GenuineIntel



---------------  S Y S T E M  ---------------

OS: Windows NT 6.1 Build 7601 Service Pack 1

CPU:total 4 family 6, cmov, cx8, fxsr, mmx, sse, sse2

Memory: 4k page, physical 1954228k(255684k free), swap 3908456k(1831272k free)

vm_info: Java HotSpot(TM) Client VM (1.6.0-b105) for windows-x86, built on Nov 29 2006 00:48:48 by "java_re" with unknown MS VC++:1310

