11/10 09:17:44:581 Weekly Report started
11/10 09:18:06:765 Starting process session
11/10 09:19:33:824 Weekly Report started
11/10 09:19:34:734 Starting process session
11/10 09:21:09:821 Weekly Report started
11/10 09:21:10:862 Starting process session
11/10 09:21:26:074 Thread destroyed
11/10 09:27:37:925 Weekly Report started
11/10 09:27:37:955 Starting process session
11/10 09:27:39:045 Loi xay ra khi tao noi dung  excel:null
11/10 09:27:39:045 Loi xay ra khi tao file excel:null
11/10 09:27:39:205 Send mail [Weekly Report11-10-2013 09] to [trungnq@nms.com.vn] from [trungnq@nms.com.vn].
11/10 09:29:21:056 Weekly Report started
11/10 09:30:03:682 Starting process session
11/10 09:32:15:382 Weekly Report started
11/10 09:32:16:193 Starting process session
11/10 09:32:40:096 Thread destroyed
11/10 09:33:30:546 Weekly Report started
11/10 09:33:31:416 Starting process session
11/10 09:33:58:810 Thread destroyed
11/10 09:34:53:860 Weekly Report started
11/10 09:35:10:502 Starting process session
11/10 09:37:05:032 Weekly Report started
11/10 09:37:15:715 Starting process session
11/10 09:43:42:111 javax.mail.MessagingException: Exception reading response
11/10 09:46:01:988 End of process session
11/10 09:46:01:988 Weekly Report stopped
11/10 09:46:03:735 Weekly Report started
11/10 09:47:42:054 Starting process session
11/10 09:47:43:114 javax.mail.MessagingException: Could not connect to SMTP host: mail.nms.com.vn, port: 995
11/10 09:47:47:202 End of process session
11/10 09:51:26:825 Weekly Report stopped
11/10 09:51:28:506 Weekly Report started
11/10 09:51:43:198 Starting process session
11/10 09:52:09:692 Thread destroyed
11/10 09:52:42:538 Weekly Report started
11/10 09:53:53:997 Starting process session
11/10 09:57:37:380 Loi xay ra khi tao noi dung  excel:null
11/10 09:57:37:390 Loi xay ra khi tao file excel:null
11/10 09:57:37:510 Send mail [Weekly Report11-10-2013 09] to [trungnq@nms.com.vn] from [trungnq@nms.com.vn].
11/10 10:00:42:282 Weekly Report started
11/10 10:00:58:108 Starting process session
11/10 10:01:22:533 Thread destroyed
11/10 10:01:28:309 Weekly Report started
11/10 10:02:30:581 Weekly Report started
11/10 10:02:50:937 Starting process session
11/10 10:04:16:891 Thread destroyed
11/10 10:04:42:612 Weekly Report started
11/10 10:07:41:814 Weekly Report started
11/10 10:07:42:716 Starting process session
11/10 10:11:13:856 Weekly Report started
11/10 10:11:45:451 Starting process session
11/10 10:12:26:865 Thread destroyed
11/10 10:12:29:904 Weekly Report started
11/10 10:21:33:269 Weekly Report started
11/10 10:22:22:926 Starting process session
11/10 10:23:15:475 Thread destroyed
11/10 10:26:49:582 Weekly Report started
11/10 10:27:08:485 Starting process session
11/10 10:38:48:846 Weekly Report started
11/10 10:39:08:799 Starting process session
11/10 10:46:51:713 Weekly Report started
11/10 10:46:51:777 Starting process session
11/10 10:47:34:598 Thread destroyed
11/10 10:47:37:741 Weekly Report started
11/10 10:47:37:765 Starting process session
11/10 10:47:38:620 Loi xay ra khi tao noi dung  excel:null
11/10 10:47:38:624 Loi xay ra khi tao file excel:null
11/10 10:47:38:761 Send mail [Weekly Report11-10-2013 10] to [trungnq@nms.com.vn] from [trungnq@nms.com.vn].
11/10 10:47:59:649 Thread destroyed
11/10 10:48:01:765 Weekly Report started
11/10 10:48:01:790 Starting process session
11/10 10:48:02:099 Loi xay ra khi tao noi dung  excel:null
11/10 10:48:02:103 Loi xay ra khi tao file excel:null
11/10 10:48:02:110 Send mail [Weekly Report11-10-2013 10] to [trungnq@nms.com.vn] from [trungnq@nms.com.vn].
11/10 10:48:06:676 Thread destroyed
11/10 10:48:08:790 Weekly Report started
11/10 10:48:08:814 Starting process session
11/10 10:48:09:106 Loi xay ra khi tao noi dung  excel:null
11/10 10:48:09:110 Loi xay ra khi tao file excel:null
11/10 10:48:09:117 Send mail [Weekly Report11-10-2013 10] to [trungnq@nms.com.vn] from [trungnq@nms.com.vn].
11/10 10:48:12:706 Thread destroyed
11/10 10:48:46:816 Weekly Report started
11/10 10:48:46:841 Starting process session
11/10 10:48:47:146 Loi xay ra khi tao noi dung  excel:null
11/10 10:48:47:150 Loi xay ra khi tao file excel:null
11/10 10:48:47:156 Send mail [Weekly Report11-10-2013 10] to [trungnq@nms.com.vn] from [trungnq@nms.com.vn].
11/10 10:49:49:745 Thread destroyed
11/10 10:49:52:846 Weekly Report started
11/10 10:49:52:869 Starting process session
11/10 10:49:53:173 Loi xay ra khi tao noi dung  excel:null
11/10 10:49:53:177 Loi xay ra khi tao file excel:null
11/10 10:49:53:184 Send mail [Weekly Report11-10-2013 10] to [trungnq@nms.com.vn] from [trungnq@nms.com.vn].
11/10 10:50:54:361 Weekly Report started
11/10 10:50:55:332 Starting process session
11/10 10:54:04:302 Thread destroyed
11/10 10:54:06:398 Weekly Report started
11/10 10:54:06:427 Starting process session
11/10 10:54:38:478 Loi xay ra khi tao noi dung  excel:null
11/10 10:54:38:482 Loi xay ra khi tao file excel:null
11/10 10:54:38:538 Send mail [Weekly Report11-10-2013 10] to [trungnq@nms.com.vn] from [trungnq@nms.com.vn].
11/10 10:54:47:354 Thread destroyed
11/10 10:54:49:440 Weekly Report started
11/10 10:54:49:464 Starting process session
11/10 10:56:18:186 Loi xay ra khi tao noi dung  excel:null
11/10 10:56:18:200 Loi xay ra khi tao file excel:null
11/10 10:56:22:218 Send mail [Weekly Report11-10-2013 10] to [trungnq@nms.com.vn] from [trungnq@nms.com.vn].
11/10 10:57:53:395 Thread destroyed
11/10 10:57:56:503 Weekly Report started
11/10 10:57:56:528 Starting process session
11/10 11:00:24:346 Weekly Report started
11/10 11:00:26:014 Starting process session
11/10 11:13:45:480 Weekly Report started
11/10 11:14:16:747 Starting process session
11/10 11:14:44:441 Thread destroyed
11/10 11:14:54:512 Weekly Report started
11/10 11:15:05:304 Starting process session
11/10 11:15:12:325 Loi xay ra khi tao noi dung  excel:null
11/10 11:15:12:335 Loi xay ra khi tao file excel:null
11/10 11:15:12:755 Send mail [Weekly Report11-10-2013 11] to [trungnq@nms.com.vn] from [trungnq@nms.com.vn].
11/10 11:15:41:480 Thread destroyed
11/10 11:15:45:540 Weekly Report started
11/10 11:15:55:331 Starting process session
11/10 11:16:02:162 Loi xay ra khi tao noi dung  excel:null
11/10 11:16:02:172 Loi xay ra khi tao file excel:null
11/10 11:16:02:192 Send mail [Weekly Report11-10-2013 11] to [trungnq@nms.com.vn] from [trungnq@nms.com.vn].
11/10 11:16:21:508 Thread destroyed
11/10 11:16:25:568 Weekly Report started
11/10 11:16:38:010 Starting process session
11/10 11:16:43:441 Loi xay ra khi tao noi dung  excel:null
11/10 11:16:43:451 Loi xay ra khi tao file excel:null
11/10 11:16:43:481 Send mail [Weekly Report11-10-2013 11] to [trungnq@nms.com.vn] from [trungnq@nms.com.vn].
11/10 11:17:08:544 Thread destroyed
11/10 11:17:14:595 Weekly Report started
11/10 11:17:22:986 Starting process session
11/10 11:19:18:287 Weekly Report started
11/10 11:19:30:959 Starting process session
11/10 11:21:24:409 Weekly Report started
11/10 11:21:39:982 Starting process session
11/10 11:22:11:117 Thread destroyed
11/10 11:22:15:437 Weekly Report started
11/10 11:22:24:649 Starting process session
11/10 11:22:38:342 Loi xay ra khi tao noi dung  excel:null
11/10 11:22:38:352 Loi xay ra khi tao file excel:null
11/10 11:22:38:442 Send mail [Weekly Report11-10-2013 11] to [trungnq@nms.com.vn] from [trungnq@nms.com.vn].
11/10 11:23:06:145 Thread destroyed
11/10 11:23:11:466 Weekly Report started
11/10 11:23:22:079 Starting process session
11/10 11:23:37:051 Loi xay ra khi tao noi dung  excel:null
11/10 11:23:37:061 Loi xay ra khi tao file excel:null
11/10 11:23:37:081 Send mail [Weekly Report11-10-2013 11] to [trungnq@nms.com.vn] from [trungnq@nms.com.vn].
11/10 11:24:20:187 Thread destroyed
11/10 11:24:35:500 Weekly Report started
11/10 11:24:48:042 Starting process session
11/10 11:25:13:515 Loi xay ra khi tao noi dung  excel:null
11/10 11:25:13:525 Loi xay ra khi tao file excel:null
11/10 11:25:13:555 Send mail [Weekly Report11-10-2013 11] to [trungnq@nms.com.vn] from [trungnq@nms.com.vn].
11/10 11:26:26:249 Thread destroyed
11/10 11:26:33:551 Weekly Report started
11/10 11:26:45:353 Starting process session
11/10 11:29:04:446 Weekly Report started
11/10 11:29:18:680 Starting process session
11/10 11:30:40:344 Thread destroyed
11/10 11:34:48:740 Weekly Report started
11/10 11:35:01:742 Starting process session
11/10 11:38:29:941 Thread destroyed
11/10 13:45:02:164 Weekly Report started
11/10 13:45:22:548 Starting process session
