30/12 09:25:45:602 Update DB Daily Test started
30/12 09:25:45:640 Starting process session
30/12 09:25:45:660 Starting InterestrateMonthly...
30/12 09:25:45:714 Updated 491 records InterestrateMonthly to SubscriberBalance is successfully!!!
30/12 09:25:45:722 Starting collect_topup...
30/12 09:25:45:815 Number of Sleep: 1
30/12 09:25:48:825 Starting collect_topup...
30/12 09:25:48:833 Number of Sleep: 2
30/12 09:25:51:841 Starting collect_topup...
30/12 09:25:51:849 Number of Sleep: 3
30/12 09:25:54:858 Starting collect_topup...
30/12 09:25:54:985 Updated collect_topup to SubscriberBalance is not successfully!!!
30/12 09:25:55:004 null
30/12 09:25:55:008 success...
30/12 09:25:55:012 End of process session
30/12 09:27:13:085 Update DB Daily Test stopped
30/12 09:27:14:712 Update DB Daily Test started
30/12 09:27:14:762 Starting process session
30/12 09:27:14:767 Starting InterestrateMonthly...
30/12 09:27:14:776 Updated 0 records InterestrateMonthly to SubscriberBalance is successfully!!!
30/12 09:27:14:781 Number of Sleep: 2
30/12 09:27:17:785 Starting InterestrateMonthly...
30/12 09:27:17:796 Updated 0 records InterestrateMonthly to SubscriberBalance is successfully!!!
30/12 09:27:17:804 Number of Sleep: 3
30/12 09:27:20:813 Starting InterestrateMonthly...
30/12 09:27:20:824 Updated 0 records InterestrateMonthly to SubscriberBalance is successfully!!!
30/12 09:27:20:833 Starting collect_topup...
30/12 09:27:20:846 Number of Sleep: 1
30/12 09:27:23:854 Starting collect_topup...
30/12 09:27:23:863 Number of Sleep: 2
30/12 09:27:26:871 Starting collect_topup...
30/12 09:27:26:878 Number of Sleep: 3
30/12 09:27:29:885 Starting collect_topup...
30/12 09:27:30:009 Invalid report time, skipping. Next check time after 20140101070000 (yyyyMMddHHmmss)
30/12 09:27:30:013 null
30/12 09:27:30:060 success...
30/12 09:27:30:065 End of process session
30/12 09:27:40:395 Thread destroyed
30/12 09:29:02:857 Update DB Daily Test started
30/12 09:29:02:892 Starting process session
30/12 09:29:03:672 Starting InterestrateMonthly...
30/12 09:29:03:778 Updated 491 records InterestrateMonthly to SubscriberBalance is successfully!!!
30/12 09:29:03:784 Starting collect_topup...
30/12 09:29:03:815 Number of Sleep: 1
30/12 09:29:06:821 Starting collect_topup...
30/12 09:29:06:830 Number of Sleep: 2
30/12 09:29:09:839 Starting collect_topup...
30/12 09:29:09:849 Number of Sleep: 3
30/12 09:29:12:857 Starting collect_topup...
30/12 09:29:13:004 Updated collect_topup to SubscriberBalance is not successfully!!!
30/12 09:29:13:025 null
30/12 09:29:13:029 success...
30/12 09:29:13:034 End of process session
30/12 09:36:40:204 Update DB Daily Test started
30/12 09:36:40:231 Starting process session
30/12 09:36:40:292 Starting InterestrateMonthly...
30/12 09:36:40:373 Updated 491 records InterestrateMonthly to SubscriberBalance is successfully!!!
30/12 09:36:40:382 Starting collect_topup...
30/12 09:36:40:401 log: java.sql.SQLException: An SQLException was provoked by the following failure: java.lang.StringIndexOutOfBoundsException: String index out of range: 46
30/12 09:36:40:410 Number of Sleep: 1
30/12 09:36:43:420 Starting collect_topup...
30/12 09:36:43:429 log: java.lang.NullPointerException
30/12 09:36:43:438 Number of Sleep: 2
30/12 09:36:46:447 Starting collect_topup...
30/12 09:36:46:455 log: java.lang.NullPointerException
30/12 09:36:46:465 Number of Sleep: 3
30/12 09:36:49:475 Starting collect_topup...
30/12 09:36:49:485 log: java.lang.NullPointerException
30/12 09:36:49:724 java.lang.NullPointerException: null
30/12 09:36:49:730 Updated collect_topup to SubscriberBalance is not successfully!!!
30/12 09:36:49:753 null
30/12 09:36:49:758 finally...
30/12 09:36:49:764 End of process session
30/12 09:41:13:688 Update DB Daily Test started
30/12 09:41:13:731 Starting process session
30/12 09:41:13:827 Starting InterestrateMonthly...
30/12 09:41:13:917 Updated 491 records InterestrateMonthly to SubscriberBalance is successfully!!!
30/12 09:41:13:921 Starting collect_topup...
30/12 09:41:13:961 Updated 491 collect_topup to SubscriberBalance is successfully!!!
30/12 09:41:13:966 Starting inout_network...
30/12 09:41:13:984 Updated 0 records inout_network to SubscriberBalance is successfully!!!
30/12 09:41:16:994 Starting inout_network...
30/12 09:41:17:008 Updated 0 records inout_network to SubscriberBalance is successfully!!!
30/12 09:41:20:017 Starting inout_network...
30/12 09:41:20:030 Updated 0 records inout_network to SubscriberBalance is successfully!!!
30/12 09:41:23:040 Starting inout_network...
30/12 09:41:23:054 Updated 0 records inout_network to SubscriberBalance is successfully!!!
30/12 09:41:23:062 finally...
30/12 09:41:23:067 End of process session
30/12 09:41:36:083 Update DB Daily Test stopped
30/12 09:41:37:738 Update DB Daily Test started
30/12 09:41:37:771 Starting process session
30/12 09:41:37:778 Starting InterestrateMonthly...
30/12 09:41:37:787 Updated 0 records InterestrateMonthly to SubscriberBalance is successfully!!!
30/12 09:41:37:793 Number of Sleep: 2
30/12 09:41:40:798 Starting InterestrateMonthly...
30/12 09:41:40:809 Updated 0 records InterestrateMonthly to SubscriberBalance is successfully!!!
30/12 09:41:40:819 Number of Sleep: 3
30/12 09:41:43:827 Starting InterestrateMonthly...
30/12 09:41:43:839 Updated 0 records InterestrateMonthly to SubscriberBalance is successfully!!!
30/12 09:41:43:847 Starting collect_topup...
30/12 09:41:43:885 Updated 491 collect_topup to SubscriberBalance is successfully!!!
30/12 09:41:43:894 Starting inout_network...
30/12 09:41:43:909 Updated 0 records inout_network to SubscriberBalance is successfully!!!
30/12 09:41:46:918 Starting inout_network...
30/12 09:41:46:932 Updated 0 records inout_network to SubscriberBalance is successfully!!!
30/12 09:41:49:942 Starting inout_network...
30/12 09:41:49:951 Updated 0 records inout_network to SubscriberBalance is successfully!!!
30/12 09:41:52:955 Starting inout_network...
30/12 09:41:52:969 Updated 0 records inout_network to SubscriberBalance is successfully!!!
30/12 09:41:52:977 finally...
30/12 09:41:52:986 End of process session
30/12 09:43:30:378 Thread destroyed
30/12 12:16:21:209 Update DB Daily Test started
30/12 12:16:21:237 Starting process session
30/12 12:16:21:940 Starting InterestrateMonthly...
30/12 12:16:22:018 Updated 491 records InterestrateMonthly to SubscriberBalance is successfully!!!
30/12 12:16:22:023 Starting collect_topup...
30/12 12:16:22:062 Updated 491 collect_topup to SubscriberBalance is successfully!!!
30/12 12:16:22:071 Starting inout_network...
30/12 12:16:22:088 Updated 0 records inout_network to SubscriberBalance is successfully!!!
30/12 12:16:22:097 Number of Sleep: 1
30/12 12:16:25:105 Starting inout_network...
30/12 12:16:25:119 Updated 0 records inout_network to SubscriberBalance is successfully!!!
30/12 12:16:25:128 Number of Sleep: 2
30/12 12:16:28:136 Starting inout_network...
30/12 12:16:28:149 Updated 0 records inout_network to SubscriberBalance is successfully!!!
30/12 12:16:28:158 Number of Sleep: 3
30/12 12:16:31:169 Starting inout_network...
30/12 12:16:31:183 Updated 0 records inout_network to SubscriberBalance is successfully!!!
30/12 12:16:31:192 finally...
30/12 12:16:31:203 End of process session
30/12 12:16:37:218 Update DB Daily Test stopped
30/12 12:16:38:250 Update DB Daily Test started
30/12 12:16:38:280 Starting process session
30/12 12:16:38:286 Starting InterestrateMonthly...
30/12 12:16:38:295 Updated 0 records InterestrateMonthly to SubscriberBalance is successfully!!!
30/12 12:16:38:300 Number of Sleep: 2
30/12 12:16:41:306 Starting InterestrateMonthly...
30/12 12:16:41:318 Updated 0 records InterestrateMonthly to SubscriberBalance is successfully!!!
30/12 12:16:41:327 Number of Sleep: 3
30/12 12:16:44:338 Starting InterestrateMonthly...
30/12 12:16:44:349 Updated 0 records InterestrateMonthly to SubscriberBalance is successfully!!!
30/12 12:16:44:358 finally...
30/12 12:16:44:368 End of process session
30/12 12:16:54:386 Update DB Daily Test stopped
30/12 12:16:56:296 Update DB Daily Test started
30/12 12:16:56:344 Starting process session
30/12 12:16:56:351 Starting InterestrateMonthly...
30/12 12:16:56:361 Updated 0 records InterestrateMonthly to SubscriberBalance is successfully!!!
30/12 12:16:56:365 Number of Sleep: 2
30/12 12:16:59:369 Starting InterestrateMonthly...
30/12 12:16:59:381 Updated 0 records InterestrateMonthly to SubscriberBalance is successfully!!!
30/12 12:16:59:390 Number of Sleep: 3
30/12 12:17:02:396 Starting InterestrateMonthly...
30/12 12:17:02:411 Updated 0 records InterestrateMonthly to SubscriberBalance is successfully!!!
30/12 12:17:02:419 finally...
30/12 12:17:02:429 End of process session
30/12 12:17:09:444 Update DB Daily Test stopped
30/12 12:17:47:368 Update DB Daily Test started
30/12 12:17:47:396 Starting process session
30/12 12:17:47:401 Starting InterestrateMonthly...
30/12 12:17:47:409 Updated 0 records InterestrateMonthly to SubscriberBalance is successfully!!!
30/12 12:17:47:413 Number of Sleep: 2
30/12 12:17:50:419 Starting InterestrateMonthly...
30/12 12:17:50:431 Updated 0 records InterestrateMonthly to SubscriberBalance is successfully!!!
30/12 12:17:50:440 Number of Sleep: 3
30/12 12:17:53:450 Starting InterestrateMonthly...
30/12 12:17:53:462 Updated 0 records InterestrateMonthly to SubscriberBalance is successfully!!!
30/12 12:17:53:470 finally...
30/12 12:17:53:480 End of process session
30/12 14:26:07:899 Update DB Daily Test started
30/12 14:26:32:332 Thread destroyed
30/12 14:26:51:964 Update DB Daily Test started
30/12 14:26:51:993 Starting process session
30/12 14:26:52:086 Starting InterestrateMonthly...
30/12 14:26:52:162 Updated 491 records InterestrateMonthly to SubscriberBalance is successfully!!!
30/12 14:26:52:167 Starting collect_topup...
30/12 14:26:52:209 Updated 491 collect_topup to SubscriberBalance is successfully!!!
30/12 14:26:52:218 Starting inout_network...
30/12 14:26:52:236 Updated 0 records inout_network to SubscriberBalance is successfully!!!
30/12 14:26:52:245 Number of Sleep: 1
30/12 14:26:55:253 Starting inout_network...
30/12 14:26:55:267 Updated 0 records inout_network to SubscriberBalance is successfully!!!
30/12 14:26:55:276 Number of Sleep: 2
30/12 14:26:58:287 Starting inout_network...
30/12 14:26:58:301 Updated 0 records inout_network to SubscriberBalance is successfully!!!
30/12 14:26:58:309 Number of Sleep: 3
30/12 14:27:01:320 Starting inout_network...
30/12 14:27:01:334 Updated 0 records inout_network to SubscriberBalance is successfully!!!
30/12 14:27:01:344 finally...
30/12 14:27:06:353 Starting InterestrateMonthly...
30/12 14:27:06:365 Updated 0 records InterestrateMonthly to SubscriberBalance is successfully!!!
30/12 14:27:06:374 Number of Sleep: 2
30/12 14:27:09:384 Starting InterestrateMonthly...
30/12 14:27:09:397 Updated 0 records InterestrateMonthly to SubscriberBalance is successfully!!!
30/12 14:27:09:407 Number of Sleep: 3
30/12 14:27:12:417 Starting InterestrateMonthly...
30/12 14:27:12:430 Updated 0 records InterestrateMonthly to SubscriberBalance is successfully!!!
30/12 14:27:12:439 finally...
30/12 14:27:17:445 Starting InterestrateMonthly...
30/12 14:27:17:457 Updated 0 records InterestrateMonthly to SubscriberBalance is successfully!!!
30/12 14:27:17:467 Number of Sleep: 2
30/12 14:27:20:477 Starting InterestrateMonthly...
30/12 14:27:20:489 Updated 0 records InterestrateMonthly to SubscriberBalance is successfully!!!
30/12 14:27:20:498 Number of Sleep: 3
30/12 14:27:23:508 Starting InterestrateMonthly...
30/12 14:27:23:521 Updated 0 records InterestrateMonthly to SubscriberBalance is successfully!!!
30/12 14:27:23:530 finally...
30/12 14:27:28:539 Starting InterestrateMonthly...
30/12 14:27:28:551 Updated 0 records InterestrateMonthly to SubscriberBalance is successfully!!!
30/12 14:27:28:560 Number of Sleep: 2
30/12 14:27:31:571 Starting InterestrateMonthly...
30/12 14:27:31:583 Updated 0 records InterestrateMonthly to SubscriberBalance is successfully!!!
30/12 14:27:31:598 Number of Sleep: 3
30/12 14:27:34:613 Starting InterestrateMonthly...
30/12 14:27:34:621 Updated 0 records InterestrateMonthly to SubscriberBalance is successfully!!!
30/12 14:27:34:627 finally...
30/12 14:27:39:633 Starting InterestrateMonthly...
30/12 14:27:39:641 Updated 0 records InterestrateMonthly to SubscriberBalance is successfully!!!
30/12 14:27:39:645 Number of Sleep: 2
30/12 14:27:42:651 Starting InterestrateMonthly...
30/12 14:27:42:663 Updated 0 records InterestrateMonthly to SubscriberBalance is successfully!!!
30/12 14:27:42:673 Number of Sleep: 3
30/12 14:27:45:682 Starting InterestrateMonthly...
30/12 14:27:45:694 Updated 0 records InterestrateMonthly to SubscriberBalance is successfully!!!
30/12 14:27:45:703 finally...
30/12 14:27:50:712 Starting InterestrateMonthly...
30/12 14:27:50:724 Updated 0 records InterestrateMonthly to SubscriberBalance is successfully!!!
30/12 14:27:50:733 Number of Sleep: 2
30/12 14:27:53:744 Starting InterestrateMonthly...
30/12 14:27:53:757 Updated 0 records InterestrateMonthly to SubscriberBalance is successfully!!!
30/12 14:27:53:766 Number of Sleep: 3
30/12 14:27:56:777 Starting InterestrateMonthly...
30/12 14:27:56:789 Updated 0 records InterestrateMonthly to SubscriberBalance is successfully!!!
30/12 14:27:56:797 finally...
30/12 14:28:01:807 Starting InterestrateMonthly...
30/12 14:28:01:820 Updated 0 records InterestrateMonthly to SubscriberBalance is successfully!!!
30/12 14:28:01:830 Number of Sleep: 2
30/12 14:28:04:841 Starting InterestrateMonthly...
30/12 14:28:04:853 Updated 0 records InterestrateMonthly to SubscriberBalance is successfully!!!
30/12 14:28:04:858 Number of Sleep: 3
30/12 14:28:07:864 Starting InterestrateMonthly...
30/12 14:28:07:877 Updated 0 records InterestrateMonthly to SubscriberBalance is successfully!!!
30/12 14:28:07:887 finally...
30/12 14:28:12:898 Starting InterestrateMonthly...
30/12 14:28:12:911 Updated 0 records InterestrateMonthly to SubscriberBalance is successfully!!!
30/12 14:28:12:921 Number of Sleep: 2
30/12 14:28:15:934 Starting InterestrateMonthly...
30/12 14:28:15:946 Updated 0 records InterestrateMonthly to SubscriberBalance is successfully!!!
30/12 14:28:15:953 Number of Sleep: 3
30/12 14:28:18:958 Starting InterestrateMonthly...
30/12 14:28:18:971 Updated 0 records InterestrateMonthly to SubscriberBalance is successfully!!!
30/12 14:28:18:980 finally...
30/12 14:28:23:993 Starting InterestrateMonthly...
30/12 14:28:24:006 Updated 0 records InterestrateMonthly to SubscriberBalance is successfully!!!
30/12 14:28:24:016 Number of Sleep: 2
30/12 14:28:27:026 Starting InterestrateMonthly...
30/12 14:28:27:038 Updated 0 records InterestrateMonthly to SubscriberBalance is successfully!!!
30/12 14:28:27:047 Number of Sleep: 3
30/12 14:28:30:057 Starting InterestrateMonthly...
30/12 14:28:30:069 Updated 0 records InterestrateMonthly to SubscriberBalance is successfully!!!
30/12 14:28:30:078 finally...
30/12 14:28:35:088 Starting InterestrateMonthly...
30/12 14:28:35:104 Updated 0 records InterestrateMonthly to SubscriberBalance is successfully!!!
30/12 14:28:35:113 Number of Sleep: 2
30/12 14:28:38:123 Starting InterestrateMonthly...
30/12 14:28:38:135 Updated 0 records InterestrateMonthly to SubscriberBalance is successfully!!!
30/12 14:28:38:144 Number of Sleep: 3
30/12 14:28:41:154 Starting InterestrateMonthly...
30/12 14:28:41:166 Updated 0 records InterestrateMonthly to SubscriberBalance is successfully!!!
30/12 14:28:41:174 finally...
30/12 14:28:46:184 Starting InterestrateMonthly...
30/12 14:28:46:197 Updated 0 records InterestrateMonthly to SubscriberBalance is successfully!!!
30/12 14:28:46:206 Number of Sleep: 2
30/12 14:28:49:216 Starting InterestrateMonthly...
30/12 14:28:49:229 Updated 0 records InterestrateMonthly to SubscriberBalance is successfully!!!
30/12 14:28:49:238 Number of Sleep: 3
30/12 14:28:52:249 Starting InterestrateMonthly...
30/12 14:28:52:261 Updated 0 records InterestrateMonthly to SubscriberBalance is successfully!!!
30/12 14:28:52:270 finally...
30/12 14:28:57:281 Starting InterestrateMonthly...
30/12 14:28:57:293 Updated 0 records InterestrateMonthly to SubscriberBalance is successfully!!!
30/12 14:28:57:302 Number of Sleep: 2
30/12 14:29:00:313 Starting InterestrateMonthly...
30/12 14:29:00:326 Updated 0 records InterestrateMonthly to SubscriberBalance is successfully!!!
30/12 14:29:00:335 Number of Sleep: 3
30/12 14:29:03:345 Starting InterestrateMonthly...
30/12 14:29:03:359 Updated 0 records InterestrateMonthly to SubscriberBalance is successfully!!!
30/12 14:29:03:369 finally...
30/12 14:29:08:379 Starting InterestrateMonthly...
30/12 14:29:08:391 Updated 0 records InterestrateMonthly to SubscriberBalance is successfully!!!
30/12 14:29:08:400 Number of Sleep: 2
30/12 14:29:11:409 Starting InterestrateMonthly...
30/12 14:29:11:422 Updated 0 records InterestrateMonthly to SubscriberBalance is successfully!!!
30/12 14:29:11:431 Number of Sleep: 3
30/12 14:29:14:441 Starting InterestrateMonthly...
30/12 14:29:14:455 Updated 0 records InterestrateMonthly to SubscriberBalance is successfully!!!
30/12 14:29:14:465 finally...
30/12 14:29:19:475 Starting InterestrateMonthly...
30/12 14:29:19:487 Updated 0 records InterestrateMonthly to SubscriberBalance is successfully!!!
30/12 14:29:19:497 Number of Sleep: 2
30/12 14:29:22:507 Starting InterestrateMonthly...
30/12 14:29:22:519 Updated 0 records InterestrateMonthly to SubscriberBalance is successfully!!!
30/12 14:29:22:528 Number of Sleep: 3
30/12 14:29:25:539 Starting InterestrateMonthly...
30/12 14:29:25:551 Updated 0 records InterestrateMonthly to SubscriberBalance is successfully!!!
30/12 14:29:25:557 finally...
30/12 14:29:30:564 Starting InterestrateMonthly...
30/12 14:29:30:575 Updated 0 records InterestrateMonthly to SubscriberBalance is successfully!!!
30/12 14:29:30:585 Number of Sleep: 2
30/12 14:29:33:594 Starting InterestrateMonthly...
30/12 14:29:33:606 Updated 0 records InterestrateMonthly to SubscriberBalance is successfully!!!
30/12 14:29:33:615 Number of Sleep: 3
30/12 14:29:36:625 Starting InterestrateMonthly...
30/12 14:29:36:637 Updated 0 records InterestrateMonthly to SubscriberBalance is successfully!!!
30/12 14:29:36:646 finally...
30/12 14:29:41:654 Starting InterestrateMonthly...
30/12 14:29:41:666 Updated 0 records InterestrateMonthly to SubscriberBalance is successfully!!!
30/12 14:29:41:676 Number of Sleep: 2
30/12 14:29:43:247 finally...
30/12 14:29:43:261 End of process session
30/12 14:29:43:288 Thread destroyed
30/12 14:58:55:780 Update DB Daily Test started
30/12 14:58:55:812 Starting process session
30/12 14:58:55:824 Starting InterestrateMonthly...
30/12 14:58:55:861 Updated 0 records InterestrateMonthly to SubscriberBalance is successfully!!!
30/12 14:58:55:866 Number of Sleep: 2
30/12 14:58:58:871 Starting InterestrateMonthly...
30/12 14:58:58:884 Updated 0 records InterestrateMonthly to SubscriberBalance is successfully!!!
30/12 14:58:58:894 Number of Sleep: 3
30/12 14:59:01:905 Starting InterestrateMonthly...
30/12 14:59:01:915 Updated 0 records InterestrateMonthly to SubscriberBalance is successfully!!!
30/12 14:59:01:923 finally...
30/12 14:59:06:928 Starting InterestrateMonthly...
30/12 14:59:06:936 Updated 0 records InterestrateMonthly to SubscriberBalance is successfully!!!
30/12 14:59:06:941 Number of Sleep: 2
30/12 14:59:09:947 Starting InterestrateMonthly...
30/12 14:59:09:959 Updated 0 records InterestrateMonthly to SubscriberBalance is successfully!!!
30/12 14:59:09:969 Number of Sleep: 3
30/12 14:59:12:979 Starting InterestrateMonthly...
30/12 14:59:12:992 Updated 0 records InterestrateMonthly to SubscriberBalance is successfully!!!
30/12 14:59:13:001 finally...
30/12 14:59:18:011 Starting InterestrateMonthly...
30/12 14:59:18:024 Updated 0 records InterestrateMonthly to SubscriberBalance is successfully!!!
30/12 14:59:18:030 Number of Sleep: 2
30/12 14:59:21:036 Starting InterestrateMonthly...
30/12 14:59:21:050 Updated 0 records InterestrateMonthly to SubscriberBalance is successfully!!!
30/12 14:59:21:059 Number of Sleep: 3
30/12 14:59:24:069 Starting InterestrateMonthly...
30/12 14:59:24:081 Updated 0 records InterestrateMonthly to SubscriberBalance is successfully!!!
30/12 14:59:24:091 finally...
30/12 14:59:24:100 End of process session
30/12 14:59:24:140 Update DB Daily Test stopped
30/12 15:00:10:881 Update DB Daily Test started
30/12 15:00:10:910 Starting process session
30/12 15:00:10:915 Starting InterestrateMonthly...
30/12 15:00:10:958 Updated 491 records InterestrateMonthly to SubscriberBalance is successfully!!!
30/12 15:00:10:963 Starting collect_topup...
30/12 15:00:11:005 Updated 491 collect_topup to SubscriberBalance is successfully!!!
30/12 15:00:11:014 Starting inout_network...
30/12 15:00:11:051 Updated 0 records inout_network to SubscriberBalance is successfully!!!
30/12 15:00:11:067 Number of Sleep: 1
30/12 15:00:14:076 Starting inout_network...
30/12 15:00:14:095 Updated 0 records inout_network to SubscriberBalance is successfully!!!
30/12 15:00:14:109 Number of Sleep: 2
30/12 15:00:17:120 Starting inout_network...
30/12 15:00:17:134 Updated 0 records inout_network to SubscriberBalance is successfully!!!
30/12 15:00:17:143 Number of Sleep: 3
30/12 15:00:20:153 Starting inout_network...
30/12 15:00:20:167 Updated 0 records inout_network to SubscriberBalance is successfully!!!
30/12 15:00:20:176 finally...
30/12 15:00:25:186 Starting InterestrateMonthly...
30/12 15:00:25:198 Updated 0 records InterestrateMonthly to SubscriberBalance is successfully!!!
30/12 15:00:25:207 Number of Sleep: 2
30/12 15:00:28:218 Starting InterestrateMonthly...
30/12 15:00:28:226 Updated 0 records InterestrateMonthly to SubscriberBalance is successfully!!!
30/12 15:00:28:230 Number of Sleep: 3
30/12 15:00:31:236 Starting InterestrateMonthly...
30/12 15:00:31:248 Updated 0 records InterestrateMonthly to SubscriberBalance is successfully!!!
30/12 15:00:31:254 finally...
30/12 15:00:31:261 End of process session
30/12 15:00:31:287 Update DB Daily Test stopped
