26/11 11:29:28:365 Update DB Daily started
26/11 11:29:28:525 Starting process session
26/11 11:29:28:629 Starting collect_topup...
26/11 11:31:08:613 Invalid report time, skipping. Next check time after 20131126113200 (yyyyMMddHHmmss)
26/11 11:31:09:130 null
26/11 11:31:14:896 Starting collect_topup...
26/11 11:31:55:530 Invalid report time, skipping. Next check time after 20131126113200 (yyyyMMddHHmmss)
26/11 11:31:56:063 null
26/11 11:31:59:302 Starting collect_topup...
26/11 11:32:00:991 Invalid report time, skipping. Next check time after 20131126113200 (yyyyMMddHHmmss)
26/11 11:32:00:995 null
26/11 11:32:01:999 Starting collect_topup...
26/11 11:32:03:849 Updated collect_topup to SubscriberBalance is not successfully!!!
26/11 11:32:03:852 null
26/11 11:32:04:856 Starting collect_topup...
26/11 11:32:13:651 Updated collect_topup to SubscriberBalance is not successfully!!!
26/11 11:32:13:653 null
26/11 11:32:14:657 Starting collect_topup...
26/11 11:32:21:722 Updated collect_topup to SubscriberBalance is not successfully!!!
26/11 11:32:21:725 null
26/11 11:32:22:729 Starting collect_topup...
26/11 11:32:23:060 Updated collect_topup to SubscriberBalance is not successfully!!!
26/11 11:32:23:064 null
26/11 11:32:24:069 Starting collect_topup...
26/11 11:36:14:198 Update DB Daily started
26/11 11:36:50:114 Starting process session
26/11 11:37:01:204 Starting collect_topup...
26/11 11:37:29:044 Updated collect_topup to SubscriberBalance is not successfully!!!
26/11 11:37:34:624 null
26/11 11:37:55:845 Starting collect_topup...
26/11 11:37:59:825 Updated collect_topup to SubscriberBalance is not successfully!!!
26/11 11:38:00:402 null
26/11 11:38:24:985 Starting collect_topup...
26/11 11:40:29:715 Updated collect_topup to SubscriberBalance is not successfully!!!
26/11 11:40:30:571 null
26/11 11:40:52:689 Starting collect_topup...
26/11 11:49:37:486 Starting collect_topup...
26/11 11:50:14:378 Updated collect_topup to SubscriberBalance is not successfully!!!
26/11 11:50:17:341 null
26/11 11:50:23:860 Starting collect_topup...
26/11 11:51:25:727 Invalid report time, skipping. Next check time after 20131127113600 (yyyyMMddHHmmss)
26/11 11:51:27:426 null
26/11 11:51:32:453 Starting collect_topup...
26/11 11:51:55:474 Invalid report time, skipping. Next check time after 20131127113600 (yyyyMMddHHmmss)
26/11 11:51:55:486 null
26/11 11:52:44:514 Update DB Daily started
26/11 11:52:44:577 Starting process session
26/11 11:52:44:727 Starting collect_topup...
26/11 11:52:44:911 Invalid report time, skipping. Next check time after 20131126115400 (yyyyMMddHHmmss)
26/11 11:52:44:915 An SQLException was provoked by the following failure: java.lang.StringIndexOutOfBoundsException: String index out of range: 46
26/11 11:52:45:919 Starting collect_topup...
26/11 11:52:46:009 Invalid report time, skipping. Next check time after 20131126115400 (yyyyMMddHHmmss)
26/11 11:52:46:013 null
26/11 11:52:47:018 Starting collect_topup...
26/11 11:52:47:112 Invalid report time, skipping. Next check time after 20131126115400 (yyyyMMddHHmmss)
26/11 11:52:47:115 null
26/11 11:52:48:119 Starting collect_topup...
26/11 11:52:48:215 Invalid report time, skipping. Next check time after 20131126115400 (yyyyMMddHHmmss)
26/11 11:52:48:219 null
26/11 11:52:49:223 Starting collect_topup...
26/11 11:52:49:358 Invalid report time, skipping. Next check time after 20131126115400 (yyyyMMddHHmmss)
26/11 11:52:49:363 null
26/11 11:52:50:368 Starting collect_topup...
26/11 11:52:50:499 Invalid report time, skipping. Next check time after 20131126115400 (yyyyMMddHHmmss)
26/11 11:52:50:502 null
26/11 11:52:51:507 Starting collect_topup...
26/11 11:52:51:606 Invalid report time, skipping. Next check time after 20131126115400 (yyyyMMddHHmmss)
26/11 11:52:51:609 null
26/11 11:52:52:613 Starting collect_topup...
26/11 11:52:52:708 Invalid report time, skipping. Next check time after 20131126115400 (yyyyMMddHHmmss)
26/11 11:52:52:711 null
26/11 11:52:53:715 Starting collect_topup...
26/11 11:52:53:836 Invalid report time, skipping. Next check time after 20131126115400 (yyyyMMddHHmmss)
26/11 11:52:53:840 null
26/11 11:52:54:845 Starting collect_topup...
26/11 11:52:55:009 Invalid report time, skipping. Next check time after 20131126115400 (yyyyMMddHHmmss)
26/11 11:52:55:015 null
26/11 11:52:56:020 Starting collect_topup...
26/11 11:52:56:103 Invalid report time, skipping. Next check time after 20131126115400 (yyyyMMddHHmmss)
26/11 11:52:56:106 null
26/11 11:52:57:110 Starting collect_topup...
26/11 11:52:57:209 Invalid report time, skipping. Next check time after 20131126115400 (yyyyMMddHHmmss)
26/11 11:52:57:213 null
26/11 11:52:58:218 Starting collect_topup...
26/11 11:52:58:314 Invalid report time, skipping. Next check time after 20131126115400 (yyyyMMddHHmmss)
26/11 11:52:58:317 null
26/11 11:52:59:321 Starting collect_topup...
26/11 11:52:59:418 Invalid report time, skipping. Next check time after 20131126115400 (yyyyMMddHHmmss)
26/11 11:52:59:422 null
26/11 11:53:00:426 Starting collect_topup...
26/11 11:53:00:507 Invalid report time, skipping. Next check time after 20131126115400 (yyyyMMddHHmmss)
26/11 11:53:00:511 null
26/11 11:53:01:516 Starting collect_topup...
26/11 11:53:01:661 Invalid report time, skipping. Next check time after 20131126115400 (yyyyMMddHHmmss)
26/11 11:53:01:665 null
26/11 11:53:02:670 Starting collect_topup...
26/11 11:53:02:791 Invalid report time, skipping. Next check time after 20131126115400 (yyyyMMddHHmmss)
26/11 11:53:02:794 null
26/11 11:53:03:798 Starting collect_topup...
26/11 11:53:03:918 Invalid report time, skipping. Next check time after 20131126115400 (yyyyMMddHHmmss)
26/11 11:53:03:922 null
26/11 11:53:04:926 Starting collect_topup...
26/11 11:53:05:014 Invalid report time, skipping. Next check time after 20131126115400 (yyyyMMddHHmmss)
26/11 11:53:05:017 null
26/11 11:53:06:021 Starting collect_topup...
26/11 11:53:06:164 Invalid report time, skipping. Next check time after 20131126115400 (yyyyMMddHHmmss)
26/11 11:53:06:168 null
26/11 11:53:07:174 Starting collect_topup...
26/11 11:53:07:283 Invalid report time, skipping. Next check time after 20131126115400 (yyyyMMddHHmmss)
26/11 11:53:07:286 null
26/11 11:53:08:291 Starting collect_topup...
26/11 11:53:08:387 Invalid report time, skipping. Next check time after 20131126115400 (yyyyMMddHHmmss)
26/11 11:53:08:391 null
26/11 11:53:09:395 Starting collect_topup...
26/11 11:53:09:504 Invalid report time, skipping. Next check time after 20131126115400 (yyyyMMddHHmmss)
26/11 11:53:09:507 null
26/11 11:53:10:511 Starting collect_topup...
26/11 11:53:10:601 Invalid report time, skipping. Next check time after 20131126115400 (yyyyMMddHHmmss)
26/11 11:53:10:606 null
26/11 11:53:11:612 Starting collect_topup...
26/11 11:53:11:741 Invalid report time, skipping. Next check time after 20131126115400 (yyyyMMddHHmmss)
26/11 11:53:11:745 null
26/11 11:53:12:749 Starting collect_topup...
26/11 11:53:12:911 Invalid report time, skipping. Next check time after 20131126115400 (yyyyMMddHHmmss)
26/11 11:53:12:918 null
26/11 11:53:13:927 Starting collect_topup...
26/11 11:53:14:015 Invalid report time, skipping. Next check time after 20131126115400 (yyyyMMddHHmmss)
26/11 11:53:14:018 null
26/11 11:53:15:023 Starting collect_topup...
26/11 11:53:15:167 Invalid report time, skipping. Next check time after 20131126115400 (yyyyMMddHHmmss)
26/11 11:53:15:171 null
26/11 11:53:16:176 Starting collect_topup...
26/11 11:53:16:264 Invalid report time, skipping. Next check time after 20131126115400 (yyyyMMddHHmmss)
26/11 11:53:16:267 null
26/11 11:53:17:272 Starting collect_topup...
26/11 11:53:17:380 Invalid report time, skipping. Next check time after 20131126115400 (yyyyMMddHHmmss)
26/11 11:53:17:385 null
26/11 11:53:18:390 Starting collect_topup...
26/11 11:53:18:501 Invalid report time, skipping. Next check time after 20131126115400 (yyyyMMddHHmmss)
26/11 11:53:18:505 null
26/11 11:53:19:509 Starting collect_topup...
26/11 11:53:19:583 Invalid report time, skipping. Next check time after 20131126115400 (yyyyMMddHHmmss)
26/11 11:53:19:586 null
26/11 11:53:20:591 Starting collect_topup...
26/11 11:53:20:697 Invalid report time, skipping. Next check time after 20131126115400 (yyyyMMddHHmmss)
26/11 11:53:20:700 null
26/11 11:53:21:705 Starting collect_topup...
26/11 11:53:21:809 Invalid report time, skipping. Next check time after 20131126115400 (yyyyMMddHHmmss)
26/11 11:53:21:812 null
26/11 11:53:22:817 Starting collect_topup...
26/11 11:53:22:917 Invalid report time, skipping. Next check time after 20131126115400 (yyyyMMddHHmmss)
26/11 11:53:22:921 null
26/11 11:53:23:925 Starting collect_topup...
26/11 11:53:24:086 Invalid report time, skipping. Next check time after 20131126115400 (yyyyMMddHHmmss)
26/11 11:53:24:094 null
26/11 11:53:25:104 Starting collect_topup...
26/11 11:53:25:200 Invalid report time, skipping. Next check time after 20131126115400 (yyyyMMddHHmmss)
26/11 11:53:25:204 null
26/11 11:53:26:208 Starting collect_topup...
26/11 11:53:26:327 Invalid report time, skipping. Next check time after 20131126115400 (yyyyMMddHHmmss)
26/11 11:53:26:331 null
26/11 11:53:27:335 Starting collect_topup...
26/11 11:53:27:423 Invalid report time, skipping. Next check time after 20131126115400 (yyyyMMddHHmmss)
26/11 11:53:27:427 null
26/11 11:53:28:432 Starting collect_topup...
26/11 11:53:28:542 Invalid report time, skipping. Next check time after 20131126115400 (yyyyMMddHHmmss)
26/11 11:53:28:545 null
26/11 11:53:29:550 Starting collect_topup...
26/11 11:53:29:637 Invalid report time, skipping. Next check time after 20131126115400 (yyyyMMddHHmmss)
26/11 11:53:29:640 null
26/11 11:53:30:645 Starting collect_topup...
26/11 11:53:30:798 Invalid report time, skipping. Next check time after 20131126115400 (yyyyMMddHHmmss)
26/11 11:53:30:803 null
26/11 11:53:31:808 Starting collect_topup...
26/11 11:53:31:916 Invalid report time, skipping. Next check time after 20131126115400 (yyyyMMddHHmmss)
26/11 11:53:31:919 null
26/11 11:53:32:924 Starting collect_topup...
26/11 11:53:33:084 Invalid report time, skipping. Next check time after 20131126115400 (yyyyMMddHHmmss)
26/11 11:53:33:089 null
26/11 11:53:34:095 Starting collect_topup...
26/11 11:53:34:302 Invalid report time, skipping. Next check time after 20131126115400 (yyyyMMddHHmmss)
26/11 11:53:34:310 null
26/11 11:53:35:317 Starting collect_topup...
26/11 11:53:35:424 Invalid report time, skipping. Next check time after 20131126115400 (yyyyMMddHHmmss)
26/11 11:53:35:428 null
26/11 11:53:36:432 Starting collect_topup...
26/11 11:53:36:553 Invalid report time, skipping. Next check time after 20131126115400 (yyyyMMddHHmmss)
26/11 11:53:36:557 null
26/11 11:53:37:561 Starting collect_topup...
26/11 11:53:37:661 Invalid report time, skipping. Next check time after 20131126115400 (yyyyMMddHHmmss)
26/11 11:53:37:665 null
26/11 11:53:38:670 Starting collect_topup...
26/11 11:53:38:789 Invalid report time, skipping. Next check time after 20131126115400 (yyyyMMddHHmmss)
26/11 11:53:38:793 null
26/11 11:53:39:798 Starting collect_topup...
26/11 11:53:39:895 Invalid report time, skipping. Next check time after 20131126115400 (yyyyMMddHHmmss)
26/11 11:53:39:898 null
26/11 11:53:40:902 Starting collect_topup...
26/11 11:53:41:021 Invalid report time, skipping. Next check time after 20131126115400 (yyyyMMddHHmmss)
26/11 11:53:41:026 null
26/11 11:53:42:030 Starting collect_topup...
26/11 11:53:42:132 Invalid report time, skipping. Next check time after 20131126115400 (yyyyMMddHHmmss)
26/11 11:53:42:136 null
26/11 11:53:43:140 Starting collect_topup...
26/11 11:53:43:233 Invalid report time, skipping. Next check time after 20131126115400 (yyyyMMddHHmmss)
26/11 11:53:43:237 null
26/11 11:53:44:241 Starting collect_topup...
26/11 11:53:44:355 Invalid report time, skipping. Next check time after 20131126115400 (yyyyMMddHHmmss)
26/11 11:53:44:359 null
26/11 11:53:45:363 Starting collect_topup...
26/11 11:53:45:490 Invalid report time, skipping. Next check time after 20131126115400 (yyyyMMddHHmmss)
26/11 11:53:45:494 null
26/11 11:53:46:498 Starting collect_topup...
26/11 11:53:46:606 Invalid report time, skipping. Next check time after 20131126115400 (yyyyMMddHHmmss)
26/11 11:53:46:611 null
26/11 11:53:47:616 Starting collect_topup...
26/11 11:53:47:689 Invalid report time, skipping. Next check time after 20131126115400 (yyyyMMddHHmmss)
26/11 11:53:47:693 null
26/11 11:53:48:697 Starting collect_topup...
26/11 11:53:48:788 Invalid report time, skipping. Next check time after 20131126115400 (yyyyMMddHHmmss)
26/11 11:53:48:792 null
26/11 11:53:49:797 Starting collect_topup...
26/11 11:53:49:889 Invalid report time, skipping. Next check time after 20131126115400 (yyyyMMddHHmmss)
26/11 11:53:49:893 null
26/11 11:53:50:897 Starting collect_topup...
26/11 11:53:51:060 Invalid report time, skipping. Next check time after 20131126115400 (yyyyMMddHHmmss)
26/11 11:53:51:068 null
26/11 11:53:52:076 Starting collect_topup...
26/11 11:53:52:190 Invalid report time, skipping. Next check time after 20131126115400 (yyyyMMddHHmmss)
26/11 11:53:52:193 null
26/11 11:53:53:198 Starting collect_topup...
26/11 11:53:53:289 Invalid report time, skipping. Next check time after 20131126115400 (yyyyMMddHHmmss)
26/11 11:53:53:294 null
26/11 11:53:54:298 Starting collect_topup...
26/11 11:53:54:443 Invalid report time, skipping. Next check time after 20131126115400 (yyyyMMddHHmmss)
26/11 11:53:54:446 null
26/11 11:53:55:451 Starting collect_topup...
26/11 11:53:55:564 Invalid report time, skipping. Next check time after 20131126115400 (yyyyMMddHHmmss)
26/11 11:53:55:567 null
26/11 11:53:56:572 Starting collect_topup...
26/11 11:53:56:646 Invalid report time, skipping. Next check time after 20131126115400 (yyyyMMddHHmmss)
26/11 11:53:56:650 null
26/11 11:53:57:654 Starting collect_topup...
26/11 11:53:57:742 Invalid report time, skipping. Next check time after 20131126115400 (yyyyMMddHHmmss)
26/11 11:53:57:746 null
26/11 11:53:58:750 Starting collect_topup...
26/11 11:53:58:931 Invalid report time, skipping. Next check time after 20131126115400 (yyyyMMddHHmmss)
26/11 11:53:58:936 null
26/11 11:53:59:941 Starting collect_topup...
26/11 11:54:00:036 Invalid report time, skipping. Next check time after 20131126115400 (yyyyMMddHHmmss)
26/11 11:54:00:040 null
26/11 11:54:01:044 Starting collect_topup...
26/11 11:54:01:174 Updated collect_topup to SubscriberBalance is not successfully!!!
26/11 11:54:01:178 null
26/11 11:54:02:182 Starting collect_topup...
26/11 11:54:02:311 Invalid report time, skipping. Next check time after 20131127115400 (yyyyMMddHHmmss)
26/11 11:54:02:315 null
26/11 11:54:03:319 Starting collect_topup...
26/11 11:54:03:476 Invalid report time, skipping. Next check time after 20131127115400 (yyyyMMddHHmmss)
26/11 11:54:03:481 null
26/11 11:54:04:487 Starting collect_topup...
26/11 11:54:04:620 Invalid report time, skipping. Next check time after 20131127115400 (yyyyMMddHHmmss)
26/11 11:54:04:624 null
26/11 11:54:05:628 Starting collect_topup...
26/11 11:54:05:708 Invalid report time, skipping. Next check time after 20131127115400 (yyyyMMddHHmmss)
26/11 11:54:05:711 null
26/11 11:54:06:716 Starting collect_topup...
26/11 11:54:06:829 Invalid report time, skipping. Next check time after 20131127115400 (yyyyMMddHHmmss)
26/11 11:54:06:833 null
26/11 11:54:07:837 Starting collect_topup...
26/11 11:54:07:924 Invalid report time, skipping. Next check time after 20131127115400 (yyyyMMddHHmmss)
26/11 11:54:07:928 null
26/11 11:54:08:932 Starting collect_topup...
26/11 11:54:09:092 Invalid report time, skipping. Next check time after 20131127115400 (yyyyMMddHHmmss)
26/11 11:54:09:099 null
26/11 11:54:10:108 Starting collect_topup...
26/11 11:54:10:216 Invalid report time, skipping. Next check time after 20131127115400 (yyyyMMddHHmmss)
26/11 11:54:10:220 null
26/11 11:54:11:224 Starting collect_topup...
26/11 11:54:11:319 Invalid report time, skipping. Next check time after 20131127115400 (yyyyMMddHHmmss)
26/11 11:54:11:324 null
26/11 11:54:12:329 Starting collect_topup...
26/11 11:54:12:417 Invalid report time, skipping. Next check time after 20131127115400 (yyyyMMddHHmmss)
26/11 11:54:12:420 null
26/11 11:54:13:425 Starting collect_topup...
26/11 11:54:13:577 Invalid report time, skipping. Next check time after 20131127115400 (yyyyMMddHHmmss)
26/11 11:54:13:581 null
26/11 11:54:14:584 Starting collect_topup...
26/11 11:54:14:675 Invalid report time, skipping. Next check time after 20131127115400 (yyyyMMddHHmmss)
26/11 11:54:14:678 null
26/11 11:54:15:682 Starting collect_topup...
26/11 11:54:15:785 Invalid report time, skipping. Next check time after 20131127115400 (yyyyMMddHHmmss)
26/11 11:54:15:789 null
26/11 11:54:16:793 Starting collect_topup...
26/11 11:54:16:881 Invalid report time, skipping. Next check time after 20131127115400 (yyyyMMddHHmmss)
26/11 11:54:16:884 null
26/11 11:54:17:889 Starting collect_topup...
26/11 11:54:17:978 Invalid report time, skipping. Next check time after 20131127115400 (yyyyMMddHHmmss)
26/11 11:54:17:982 null
26/11 11:54:18:986 Starting collect_topup...
26/11 11:54:19:141 Invalid report time, skipping. Next check time after 20131127115400 (yyyyMMddHHmmss)
26/11 11:54:19:145 null
26/11 11:54:20:150 Starting collect_topup...
26/11 11:54:20:228 Invalid report time, skipping. Next check time after 20131127115400 (yyyyMMddHHmmss)
26/11 11:54:20:232 null
26/11 11:54:21:236 Starting collect_topup...
26/11 11:54:21:350 Invalid report time, skipping. Next check time after 20131127115400 (yyyyMMddHHmmss)
26/11 11:54:21:353 null
26/11 11:54:22:357 Starting collect_topup...
26/11 11:54:22:443 Invalid report time, skipping. Next check time after 20131127115400 (yyyyMMddHHmmss)
26/11 11:54:22:447 null
26/11 11:54:23:451 Starting collect_topup...
26/11 11:54:23:569 Invalid report time, skipping. Next check time after 20131127115400 (yyyyMMddHHmmss)
26/11 11:54:23:575 null
26/11 11:54:24:580 Starting collect_topup...
26/11 11:54:24:725 Invalid report time, skipping. Next check time after 20131127115400 (yyyyMMddHHmmss)
26/11 11:54:24:748 null
26/11 11:54:25:752 Starting collect_topup...
26/11 11:54:25:841 Invalid report time, skipping. Next check time after 20131127115400 (yyyyMMddHHmmss)
26/11 11:54:25:845 null
26/11 11:54:26:849 Starting collect_topup...
26/11 11:54:27:003 Invalid report time, skipping. Next check time after 20131127115400 (yyyyMMddHHmmss)
26/11 11:54:27:007 null
26/11 11:54:28:012 Starting collect_topup...
26/11 11:54:28:119 Invalid report time, skipping. Next check time after 20131127115400 (yyyyMMddHHmmss)
26/11 11:54:28:122 null
26/11 11:54:29:127 Starting collect_topup...
26/11 11:54:29:223 Invalid report time, skipping. Next check time after 20131127115400 (yyyyMMddHHmmss)
26/11 11:54:29:226 null
26/11 11:54:30:231 Starting collect_topup...
26/11 11:54:30:410 Invalid report time, skipping. Next check time after 20131127115400 (yyyyMMddHHmmss)
26/11 11:54:30:414 null
26/11 11:54:31:418 Starting collect_topup...
26/11 11:54:31:508 Invalid report time, skipping. Next check time after 20131127115400 (yyyyMMddHHmmss)
26/11 11:54:31:511 null
26/11 11:54:32:515 Starting collect_topup...
26/11 11:54:32:640 Invalid report time, skipping. Next check time after 20131127115400 (yyyyMMddHHmmss)
26/11 11:54:32:644 null
26/11 11:54:33:648 Starting collect_topup...
26/11 11:54:33:721 Invalid report time, skipping. Next check time after 20131127115400 (yyyyMMddHHmmss)
26/11 11:54:33:724 null
26/11 11:54:34:728 Starting collect_topup...
26/11 11:54:34:857 Invalid report time, skipping. Next check time after 20131127115400 (yyyyMMddHHmmss)
26/11 11:54:34:861 null
26/11 11:54:35:866 Starting collect_topup...
26/11 11:54:35:963 Invalid report time, skipping. Next check time after 20131127115400 (yyyyMMddHHmmss)
26/11 11:54:35:968 null
26/11 11:54:36:973 Starting collect_topup...
26/11 11:54:37:072 Invalid report time, skipping. Next check time after 20131127115400 (yyyyMMddHHmmss)
26/11 11:54:37:076 null
26/11 11:54:38:080 Starting collect_topup...
26/11 11:54:38:166 Invalid report time, skipping. Next check time after 20131127115400 (yyyyMMddHHmmss)
26/11 11:54:38:169 null
26/11 11:54:39:173 Starting collect_topup...
26/11 11:54:39:261 Invalid report time, skipping. Next check time after 20131127115400 (yyyyMMddHHmmss)
26/11 11:54:39:265 null
26/11 11:54:40:269 Starting collect_topup...
26/11 11:54:40:383 Invalid report time, skipping. Next check time after 20131127115400 (yyyyMMddHHmmss)
26/11 11:54:40:387 null
26/11 11:54:41:393 Starting collect_topup...
26/11 11:54:41:510 Invalid report time, skipping. Next check time after 20131127115400 (yyyyMMddHHmmss)
26/11 11:54:41:514 null
26/11 11:54:42:518 Starting collect_topup...
26/11 11:54:42:618 Invalid report time, skipping. Next check time after 20131127115400 (yyyyMMddHHmmss)
26/11 11:54:42:622 null
26/11 11:54:43:627 Starting collect_topup...
26/11 11:54:43:724 Invalid report time, skipping. Next check time after 20131127115400 (yyyyMMddHHmmss)
26/11 11:54:43:728 null
26/11 11:54:44:733 Starting collect_topup...
26/11 11:54:44:823 Invalid report time, skipping. Next check time after 20131127115400 (yyyyMMddHHmmss)
26/11 11:54:44:826 null
26/11 11:54:45:830 Starting collect_topup...
26/11 11:54:45:932 Invalid report time, skipping. Next check time after 20131127115400 (yyyyMMddHHmmss)
26/11 11:54:45:935 null
26/11 11:54:46:939 Starting collect_topup...
26/11 11:54:47:047 Invalid report time, skipping. Next check time after 20131127115400 (yyyyMMddHHmmss)
26/11 11:54:47:051 null
26/11 11:54:48:056 Starting collect_topup...
26/11 11:54:48:168 Invalid report time, skipping. Next check time after 20131127115400 (yyyyMMddHHmmss)
26/11 11:54:48:171 null
26/11 11:54:49:176 Starting collect_topup...
26/11 11:54:49:269 Invalid report time, skipping. Next check time after 20131127115400 (yyyyMMddHHmmss)
26/11 11:54:49:273 null
26/11 11:54:50:277 Starting collect_topup...
26/11 11:54:50:411 Invalid report time, skipping. Next check time after 20131127115400 (yyyyMMddHHmmss)
26/11 11:54:50:415 null
26/11 11:54:51:420 Starting collect_topup...
26/11 11:54:51:525 Invalid report time, skipping. Next check time after 20131127115400 (yyyyMMddHHmmss)
26/11 11:54:51:529 null
26/11 11:54:52:534 Starting collect_topup...
26/11 11:54:52:635 Invalid report time, skipping. Next check time after 20131127115400 (yyyyMMddHHmmss)
26/11 11:54:52:639 null
26/11 11:54:53:643 Starting collect_topup...
26/11 11:54:53:722 Invalid report time, skipping. Next check time after 20131127115400 (yyyyMMddHHmmss)
26/11 11:54:53:727 null
26/11 11:54:54:731 Starting collect_topup...
26/11 11:54:54:828 Invalid report time, skipping. Next check time after 20131127115400 (yyyyMMddHHmmss)
26/11 11:54:54:832 null
26/11 11:54:55:836 Starting collect_topup...
26/11 11:54:55:947 Invalid report time, skipping. Next check time after 20131127115400 (yyyyMMddHHmmss)
26/11 11:54:55:951 null
26/11 11:54:56:954 Starting collect_topup...
26/11 11:54:57:060 Invalid report time, skipping. Next check time after 20131127115400 (yyyyMMddHHmmss)
26/11 11:54:57:064 null
26/11 11:54:58:068 Starting collect_topup...
26/11 11:54:58:142 Invalid report time, skipping. Next check time after 20131127115400 (yyyyMMddHHmmss)
26/11 11:54:58:146 null
26/11 11:54:59:150 Starting collect_topup...
26/11 11:54:59:230 Invalid report time, skipping. Next check time after 20131127115400 (yyyyMMddHHmmss)
26/11 11:54:59:234 null
26/11 11:55:00:238 End of process session
26/11 11:55:00:246 Update DB Daily stopped
26/11 12:11:44:760 Update DB Daily started
26/11 12:11:44:837 Starting process session
26/11 12:11:55:226 Starting collect_topup...
26/11 12:12:10:551 Invalid report time, skipping. Next check time after 20131126121300 (yyyyMMddHHmmss)
26/11 12:12:11:389 null
26/11 12:12:18:266 Starting collect_topup...
26/11 12:12:33:517 Invalid report time, skipping. Next check time after 20131126121300 (yyyyMMddHHmmss)
26/11 12:12:33:973 null
