24/12 16:09:12:334 Update DB Daily Test started
24/12 16:09:12:373 Starting process session
24/12 16:09:33:089 Starting InterestrateMonthly...
24/12 16:09:41:372 Updated 0 records InterestrateMonthly to SubscriberBalance is successfully!!!
24/12 16:09:51:310 Starting InterestrateMonthly...
24/12 16:09:56:767 Updated 0 records InterestrateMonthly to SubscriberBalance is successfully!!!
24/12 16:09:57:939 Starting InterestrateMonthly...
24/12 16:11:17:066 Starting InterestrateMonthly...
24/12 16:11:21:909 Updated 0 records InterestrateMonthly to SubscriberBalance is successfully!!!
24/12 16:12:15:345 Starting InterestrateMonthly...
24/12 16:12:19:233 Updated 0 records InterestrateMonthly to SubscriberBalance is successfully!!!
24/12 16:12:41:922 Starting collect_topup...
24/12 16:13:30:549 Starting collect_topup...
24/12 16:14:23:618 Starting InterestrateMonthly...
24/12 16:14:26:656 Updated 0 records InterestrateMonthly to SubscriberBalance is successfully!!!
24/12 16:14:30:874 Starting collect_topup...
24/12 16:14:43:266 Starting collect_topup...
24/12 16:14:48:332 Starting collect_topup...
24/12 16:16:12:084 Starting InterestrateMonthly...
24/12 16:16:15:368 Updated 0 records InterestrateMonthly to SubscriberBalance is successfully!!!
24/12 16:16:17:578 Starting collect_topup...
24/12 16:16:20:819 Starting collect_topup...
24/12 16:16:24:969 Starting collect_topup...
24/12 16:20:42:353 Starting InterestrateMonthly...
24/12 16:20:45:578 Updated 0 records InterestrateMonthly to SubscriberBalance is successfully!!!
24/12 16:20:49:176 Starting collect_topup...
24/12 16:20:59:474 Starting collect_topup...
24/12 16:21:08:504 Starting collect_topup...
24/12 16:21:47:935 Starting InterestrateMonthly...
24/12 16:21:52:904 Updated 0 records InterestrateMonthly to SubscriberBalance is successfully!!!
24/12 16:21:59:285 Starting collect_topup...
24/12 16:22:06:217 Starting collect_topup...
24/12 16:22:10:408 Starting collect_topup...
24/12 16:22:53:159 Starting InterestrateMonthly...
24/12 16:22:53:173 Updated 0 records InterestrateMonthly to SubscriberBalance is successfully!!!
24/12 16:22:53:182 Starting collect_topup...
24/12 16:22:54:194 Starting collect_topup...
24/12 16:22:55:207 Starting collect_topup...
24/12 16:22:55:214 End of process session
24/12 16:22:55:220 Update DB Daily Test stopped
24/12 16:22:57:137 Update DB Daily Test started
24/12 16:22:57:175 Starting process session
24/12 16:22:59:539 Starting InterestrateMonthly...
24/12 16:23:48:638 Updated 0 records InterestrateMonthly to SubscriberBalance is successfully!!!
24/12 16:23:53:453 Starting collect_topup...
24/12 16:23:59:985 Starting collect_topup...
24/12 16:24:06:847 Starting collect_topup...
24/12 16:24:21:830 End of process session
24/12 16:35:47:790 Update DB Daily Test started
24/12 16:35:47:825 Starting process session
24/12 16:35:53:283 Starting InterestrateMonthly...
24/12 16:35:56:664 Updated 0 records InterestrateMonthly to SubscriberBalance is successfully!!!
24/12 16:35:59:458 Starting collect_topup...
24/12 16:36:03:099 Starting collect_topup...
24/12 16:36:07:289 Starting collect_topup...
24/12 16:36:57:338 Updated collect_topup to SubscriberBalance is not successfully!!!
24/12 16:37:01:980 null
24/12 16:37:03:951 success...
24/12 16:37:07:458 End of process session
24/12 16:39:41:102 Update DB Daily Test started
24/12 16:39:41:136 Starting process session
24/12 16:39:48:277 Starting InterestrateMonthly...
24/12 16:39:52:382 Updated 0 records InterestrateMonthly to SubscriberBalance is successfully!!!
24/12 16:39:55:840 Starting collect_topup...
24/12 16:40:00:780 Starting collect_topup...
24/12 16:40:05:459 Starting collect_topup...
24/12 16:40:36:942 Invalid report time, skipping. Next check time after 20131226070000 (yyyyMMddHHmmss)
24/12 16:40:37:316 null
24/12 16:40:37:742 success...
