23/09 09:07:02:883 Auto invited SMS started
23/09 09:07:02:908 Starting process session
23/09 09:07:03:005 End of process session
23/09 09:07:09:006 Auto invited SMS stopped
23/09 09:07:10:907 Auto invited SMS started
23/09 09:07:10:931 Starting process session
23/09 09:07:10:945 End of process session
23/09 09:07:23:947 Auto invited SMS stopped
23/09 09:07:25:929 Auto invited SMS started
23/09 09:07:25:952 Starting process session
23/09 09:07:25:968 End of process session
23/09 09:07:29:968 Auto invited SMS stopped
23/09 09:09:12:416 Auto invited SMS started
23/09 09:09:12:453 Starting process session
23/09 09:10:13:393 End of process session
23/09 09:10:24:051 Auto invited SMS stopped
23/09 09:20:27:490 Auto invited SMS started
23/09 09:20:27:715 Starting process session
23/09 09:23:05:053 End of process session
23/09 09:24:45:060 Starting process session
23/09 09:35:38:412 Auto invited SMS started
23/09 09:35:38:439 Starting process session
23/09 09:38:57:307 Auto invited SMS started
23/09 09:38:58:340 Starting process session
23/09 09:40:08:336 End of process session
23/09 09:41:48:344 Starting process session
23/09 09:44:29:649 Point: 100000.0 ISDN:  Reason: Chuc mung Quy khach da tich luy duoc ~SERVICE_BALANCE~ diem.
23/09 09:44:29:650 Point: 100000.0 ISDN:  Reason: Chuc mung Quy khach da tich luy duoc ~SERVICE_BALANCE~ diem.
23/09 09:44:29:651 Point: 100000.0 ISDN:  Reason: Chuc mung Quy khach da tich luy duoc ~SERVICE_BALANCE~ diem.
23/09 09:44:34:587 End of process session
23/09 09:44:38:268 Auto invited SMS stopped
23/09 09:45:55:358 Auto invited SMS started
23/09 09:45:55:381 Starting process session
23/09 09:47:17:577 Point: 100000.0 ISDN:  Reason: Chuc mung Quy khach da tich luy duoc ~SERVICE_BALANCE~ diem.
23/09 09:47:24:341 Point: 100000.0 ISDN:  Reason: Chuc mung Quy khach da tich luy duoc ~SERVICE_BALANCE~ diem.
23/09 09:47:27:116 Point: 100000.0 ISDN:  Reason: Chuc mung Quy khach da tich luy duoc ~SERVICE_BALANCE~ diem.
23/09 09:47:35:920 End of process session
23/09 09:56:28:610 Auto invited SMS started
23/09 09:56:28:638 Starting process session
23/09 09:59:17:850 Auto invited SMS started
23/09 09:59:18:898 Starting process session
23/09 10:00:12:513 End of process session
23/09 10:02:47:287 Auto invited SMS started
23/09 10:02:48:307 Starting process session
23/09 10:04:17:317 Add Hoc Camp Thread started
23/09 10:04:17:342 Starting process session
23/09 10:04:17:477 End of process session
23/09 10:04:24:478 Add Hoc Camp Thread stopped
23/09 10:19:18:220 Auto invited SMS started
23/09 10:19:20:452 Starting process session
23/09 10:20:00:741 Point: 1000.0 ISDN: 84922000510 Reason: Chuc mung Quy khach da tich luy duoc ~SERVICE_BALANCE~ diem.
23/09 10:20:00:742 Point: 1000.0 ISDN: 84922000511 Reason: Chuc mung Quy khach da tich luy duoc ~SERVICE_BALANCE~ diem.
23/09 10:20:00:743 Point: 1000.0 ISDN: 84922000512 Reason: Chuc mung Quy khach da tich luy duoc ~SERVICE_BALANCE~ diem.
23/09 10:20:00:743 Point: 1000.0 ISDN: 84922000513 Reason: Chuc mung Quy khach da tich luy duoc ~SERVICE_BALANCE~ diem.
23/09 10:20:00:744 Point: 1000.0 ISDN: 84922000514 Reason: Chuc mung Quy khach da tich luy duoc ~SERVICE_BALANCE~ diem.
23/09 10:20:00:744 Point: 1000.0 ISDN: 84922000515 Reason: Chuc mung Quy khach da tich luy duoc ~SERVICE_BALANCE~ diem.
23/09 10:20:00:745 Point: 1000.0 ISDN: 84922000516 Reason: Chuc mung Quy khach da tich luy duoc ~SERVICE_BALANCE~ diem.
23/09 10:20:00:746 Point: 1000.0 ISDN: 84922000517 Reason: Chuc mung Quy khach da tich luy duoc ~SERVICE_BALANCE~ diem.
23/09 10:20:00:746 Point: 1000.0 ISDN: 84922000518 Reason: Chuc mung Quy khach da tich luy duoc ~SERVICE_BALANCE~ diem.
23/09 10:20:00:747 Point: 1000.0 ISDN: 84922000519 Reason: Chuc mung Quy khach da tich luy duoc ~SERVICE_BALANCE~ diem.
23/09 10:20:00:747 Point: 1000.0 ISDN: 84922000520 Reason: Chuc mung Quy khach da tich luy duoc ~SERVICE_BALANCE~ diem.
23/09 10:20:00:755 End of process session
23/09 10:21:40:763 Starting process session
23/09 10:23:31:849 Point: 1000.0 ISDN: 84922000510 Reason: Chuc mung Quy khach da tich luy duoc ~SERVICE_BALANCE~ diem.
23/09 10:23:31:851 Point: 1000.0 ISDN: 84922000511 Reason: Chuc mung Quy khach da tich luy duoc ~SERVICE_BALANCE~ diem.
23/09 10:23:31:853 Point: 1000.0 ISDN: 84922000512 Reason: Chuc mung Quy khach da tich luy duoc ~SERVICE_BALANCE~ diem.
23/09 10:23:31:854 Point: 1000.0 ISDN: 84922000513 Reason: Chuc mung Quy khach da tich luy duoc ~SERVICE_BALANCE~ diem.
23/09 10:23:31:854 Point: 1000.0 ISDN: 84922000514 Reason: Chuc mung Quy khach da tich luy duoc ~SERVICE_BALANCE~ diem.
23/09 10:23:31:855 Point: 1000.0 ISDN: 84922000515 Reason: Chuc mung Quy khach da tich luy duoc ~SERVICE_BALANCE~ diem.
23/09 10:23:31:856 Point: 1000.0 ISDN: 84922000516 Reason: Chuc mung Quy khach da tich luy duoc ~SERVICE_BALANCE~ diem.
23/09 10:23:31:857 Point: 1000.0 ISDN: 84922000517 Reason: Chuc mung Quy khach da tich luy duoc ~SERVICE_BALANCE~ diem.
23/09 10:23:31:857 Point: 1000.0 ISDN: 84922000518 Reason: Chuc mung Quy khach da tich luy duoc ~SERVICE_BALANCE~ diem.
23/09 10:23:31:858 Point: 1000.0 ISDN: 84922000519 Reason: Chuc mung Quy khach da tich luy duoc ~SERVICE_BALANCE~ diem.
23/09 10:23:31:859 Point: 1000.0 ISDN: 84922000520 Reason: Chuc mung Quy khach da tich luy duoc ~SERVICE_BALANCE~ diem.
23/09 10:23:31:869 End of process session
23/09 10:23:31:870 Auto invited SMS stopped
23/09 10:25:43:274 Auto invited SMS started
23/09 10:25:43:301 Starting process session
23/09 10:33:07:688 Point: 1000.0 ISDN: 84922000510 Reason: Chuc mung Quy khach da tich luy duoc ~SERVICE_BALANCE~ diem.
23/09 10:33:08:450 Point: 1000.0 ISDN: 84922000511 Reason: Chuc mung Quy khach da tich luy duoc ~SERVICE_BALANCE~ diem.
23/09 10:33:09:112 Point: 1000.0 ISDN: 84922000512 Reason: Chuc mung Quy khach da tich luy duoc ~SERVICE_BALANCE~ diem.
23/09 10:33:09:565 Point: 1000.0 ISDN: 84922000513 Reason: Chuc mung Quy khach da tich luy duoc ~SERVICE_BALANCE~ diem.
23/09 10:33:09:974 Point: 1000.0 ISDN: 84922000514 Reason: Chuc mung Quy khach da tich luy duoc ~SERVICE_BALANCE~ diem.
23/09 10:33:10:412 Point: 1000.0 ISDN: 84922000515 Reason: Chuc mung Quy khach da tich luy duoc ~SERVICE_BALANCE~ diem.
23/09 10:33:10:931 Point: 1000.0 ISDN: 84922000516 Reason: Chuc mung Quy khach da tich luy duoc ~SERVICE_BALANCE~ diem.
23/09 10:33:11:408 Point: 1000.0 ISDN: 84922000517 Reason: Chuc mung Quy khach da tich luy duoc ~SERVICE_BALANCE~ diem.
23/09 10:33:11:845 Point: 1000.0 ISDN: 84922000518 Reason: Chuc mung Quy khach da tich luy duoc ~SERVICE_BALANCE~ diem.
23/09 10:33:12:643 Point: 1000.0 ISDN: 84922000519 Reason: Chuc mung Quy khach da tich luy duoc ~SERVICE_BALANCE~ diem.
23/09 10:33:13:083 Point: 1000.0 ISDN: 84922000520 Reason: Chuc mung Quy khach da tich luy duoc ~SERVICE_BALANCE~ diem.
23/09 10:33:13:092 End of process session
23/09 10:33:36:094 Auto invited SMS stopped
23/09 10:33:37:323 Auto invited SMS started
23/09 10:33:37:346 Starting process session
23/09 10:47:44:222 Point: 1000.0 ISDN: 84922000510 Reason: Chuc mung Quy khach da tich luy duoc ~SERVICE_BALANCE~ diem.
23/09 10:48:11:185 Point: 1000.0 ISDN: 84922000511 Reason: Chuc mung Quy khach da tich luy duoc ~SERVICE_BALANCE~ diem.
23/09 10:48:11:390 Point: 1000.0 ISDN: 84922000512 Reason: Chuc mung Quy khach da tich luy duoc ~SERVICE_BALANCE~ diem.
23/09 10:48:11:583 Point: 1000.0 ISDN: 84922000513 Reason: Chuc mung Quy khach da tich luy duoc ~SERVICE_BALANCE~ diem.
23/09 10:48:11:794 Point: 1000.0 ISDN: 84922000514 Reason: Chuc mung Quy khach da tich luy duoc ~SERVICE_BALANCE~ diem.
23/09 10:48:11:973 Point: 1000.0 ISDN: 84922000515 Reason: Chuc mung Quy khach da tich luy duoc ~SERVICE_BALANCE~ diem.
23/09 10:48:12:155 Point: 1000.0 ISDN: 84922000516 Reason: Chuc mung Quy khach da tich luy duoc ~SERVICE_BALANCE~ diem.
23/09 10:48:12:331 Point: 1000.0 ISDN: 84922000517 Reason: Chuc mung Quy khach da tich luy duoc ~SERVICE_BALANCE~ diem.
23/09 10:48:12:510 Point: 1000.0 ISDN: 84922000518 Reason: Chuc mung Quy khach da tich luy duoc ~SERVICE_BALANCE~ diem.
23/09 10:48:13:064 Point: 1000.0 ISDN: 84922000519 Reason: Chuc mung Quy khach da tich luy duoc ~SERVICE_BALANCE~ diem.
23/09 10:48:13:106 Point: 1000.0 ISDN: 84922000520 Reason: Chuc mung Quy khach da tich luy duoc ~SERVICE_BALANCE~ diem.
23/09 10:48:13:120 End of process session
23/09 10:48:37:123 Auto invited SMS stopped
23/09 10:48:38:396 Auto invited SMS started
23/09 10:48:38:421 Starting process session
23/09 10:50:09:487 Point: 1000.0 ISDN: 84922000510 Reason: Chuc mung Quy khach da tich luy duoc "~SERVICE_BALANCE~" diem.
23/09 10:50:19:647 Point: 1000.0 ISDN: 84922000511 Reason: Chuc mung Quy khach da tich luy duoc "~SERVICE_BALANCE~" diem.
23/09 10:50:19:946 Point: 1000.0 ISDN: 84922000512 Reason: Chuc mung Quy khach da tich luy duoc "~SERVICE_BALANCE~" diem.
23/09 10:50:20:131 Point: 1000.0 ISDN: 84922000513 Reason: Chuc mung Quy khach da tich luy duoc "~SERVICE_BALANCE~" diem.
23/09 10:50:20:308 Point: 1000.0 ISDN: 84922000514 Reason: Chuc mung Quy khach da tich luy duoc "~SERVICE_BALANCE~" diem.
23/09 10:50:20:474 Point: 1000.0 ISDN: 84922000515 Reason: Chuc mung Quy khach da tich luy duoc "~SERVICE_BALANCE~" diem.
23/09 10:50:20:646 Point: 1000.0 ISDN: 84922000516 Reason: Chuc mung Quy khach da tich luy duoc "~SERVICE_BALANCE~" diem.
23/09 10:50:21:219 Point: 1000.0 ISDN: 84922000517 Reason: Chuc mung Quy khach da tich luy duoc "~SERVICE_BALANCE~" diem.
23/09 10:50:21:255 Point: 1000.0 ISDN: 84922000518 Reason: Chuc mung Quy khach da tich luy duoc "~SERVICE_BALANCE~" diem.
23/09 10:50:21:298 Point: 1000.0 ISDN: 84922000519 Reason: Chuc mung Quy khach da tich luy duoc "~SERVICE_BALANCE~" diem.
23/09 10:50:21:374 Point: 1000.0 ISDN: 84922000520 Reason: Chuc mung Quy khach da tich luy duoc "~SERVICE_BALANCE~" diem.
23/09 10:50:21:384 End of process session
23/09 10:53:16:645 Auto invited SMS started
23/09 10:53:17:822 Starting process session
23/09 10:53:18:294 End of process session
23/09 10:53:29:296 Auto invited SMS stopped
23/09 10:53:30:668 Auto invited SMS started
23/09 10:53:30:703 Starting process session
23/09 10:53:30:813 End of process session
23/09 10:53:37:815 Auto invited SMS stopped
23/09 10:53:39:690 Auto invited SMS started
23/09 10:53:39:713 Starting process session
23/09 10:53:39:784 End of process session
23/09 10:53:59:786 Auto invited SMS stopped
23/09 10:54:01:713 Auto invited SMS started
23/09 10:54:01:735 Starting process session
23/09 10:54:01:843 End of process session
23/09 10:57:52:761 Auto invited SMS started
23/09 10:57:52:788 Starting process session
23/09 14:11:27:168 Auto invited SMS started
23/09 14:11:27:204 Starting process session
23/09 14:17:52:634 End of process session
23/09 14:29:38:175 Auto invited SMS started
23/09 14:29:38:199 Starting process session
23/09 14:29:38:233 Point: 1000.0 ISDN: 84922000510 Reason: Chuc mung Quy khach da tich luy duoc ~SERVICE_BALANCE~ diem.
23/09 14:29:38:234 Point: 1000.0 ISDN: 84922000511 Reason: Chuc mung Quy khach da tich luy duoc ~SERVICE_BALANCE~ diem.
23/09 14:29:38:235 Point: 1000.0 ISDN: 84922000512 Reason: Chuc mung Quy khach da tich luy duoc ~SERVICE_BALANCE~ diem.
23/09 14:29:38:235 Point: 1000.0 ISDN: 84922000513 Reason: Chuc mung Quy khach da tich luy duoc ~SERVICE_BALANCE~ diem.
23/09 14:29:38:236 Point: 1000.0 ISDN: 84922000514 Reason: Chuc mung Quy khach da tich luy duoc ~SERVICE_BALANCE~ diem.
23/09 14:29:38:236 Point: 1000.0 ISDN: 84922000515 Reason: Chuc mung Quy khach da tich luy duoc ~SERVICE_BALANCE~ diem.
23/09 14:29:38:237 Point: 1000.0 ISDN: 84922000516 Reason: Chuc mung Quy khach da tich luy duoc ~SERVICE_BALANCE~ diem.
23/09 14:29:38:237 Point: 1000.0 ISDN: 84922000517 Reason: Chuc mung Quy khach da tich luy duoc ~SERVICE_BALANCE~ diem.
23/09 14:29:38:238 Point: 1000.0 ISDN: 84922000518 Reason: Chuc mung Quy khach da tich luy duoc ~SERVICE_BALANCE~ diem.
23/09 14:29:38:238 Point: 1000.0 ISDN: 84922000519 Reason: Chuc mung Quy khach da tich luy duoc ~SERVICE_BALANCE~ diem.
23/09 14:29:38:239 Point: 1000.0 ISDN: 84922000520 Reason: Chuc mung Quy khach da tich luy duoc ~SERVICE_BALANCE~ diem.
23/09 14:29:38:244 End of process session
23/09 14:31:43:109 Auto invited SMS started
23/09 14:31:43:137 Starting process session
23/09 14:34:10:245 Point: 1000.0 ISDN: 84922000510 Reason: Chuc mung Quy khach da tich luy duoc ~SERVICE_BALANCE~ diem.
23/09 14:43:12:069 Point: 1000.0 ISDN: 84922000510 Reason: Chuc mung Quy khach da tich luy duoc ~SERVICE_BALANCE~ diem.
23/09 14:48:48:492 Point: 1000.0 ISDN: 84922000511 Reason: Chuc mung Quy khach da tich luy duoc ~SERVICE_BALANCE~ diem.
23/09 14:48:49:187 Point: 1000.0 ISDN: 84922000512 Reason: Chuc mung Quy khach da tich luy duoc ~SERVICE_BALANCE~ diem.
23/09 14:48:49:405 Point: 1000.0 ISDN: 84922000513 Reason: Chuc mung Quy khach da tich luy duoc ~SERVICE_BALANCE~ diem.
23/09 14:48:49:602 Point: 1000.0 ISDN: 84922000514 Reason: Chuc mung Quy khach da tich luy duoc ~SERVICE_BALANCE~ diem.
23/09 14:48:49:814 Point: 1000.0 ISDN: 84922000515 Reason: Chuc mung Quy khach da tich luy duoc ~SERVICE_BALANCE~ diem.
23/09 14:48:49:978 Point: 1000.0 ISDN: 84922000516 Reason: Chuc mung Quy khach da tich luy duoc ~SERVICE_BALANCE~ diem.
23/09 14:48:50:552 Point: 1000.0 ISDN: 84922000517 Reason: Chuc mung Quy khach da tich luy duoc ~SERVICE_BALANCE~ diem.
23/09 14:48:50:595 Point: 1000.0 ISDN: 84922000518 Reason: Chuc mung Quy khach da tich luy duoc ~SERVICE_BALANCE~ diem.
23/09 14:48:50:671 Point: 1000.0 ISDN: 84922000519 Reason: Chuc mung Quy khach da tich luy duoc ~SERVICE_BALANCE~ diem.
23/09 14:48:50:753 Point: 1000.0 ISDN: 84922000520 Reason: Chuc mung Quy khach da tich luy duoc ~SERVICE_BALANCE~ diem.
23/09 14:48:50:763 End of process session
23/09 14:48:50:764 Auto invited SMS stopped
23/09 14:48:52:218 Auto invited SMS started
23/09 14:48:52:242 Starting process session
23/09 14:48:58:385 Point: 1000.0 ISDN: 84922000510 Reason: Chuc mung Quy khach da tich luy duoc ~SERVICE_BALANCE~ diem.
23/09 14:49:00:237 Point: 1000.0 ISDN: 84922000511 Reason: Chuc mung Quy khach da tich luy duoc ~SERVICE_BALANCE~ diem.
23/09 14:49:00:700 Point: 1000.0 ISDN: 84922000512 Reason: Chuc mung Quy khach da tich luy duoc ~SERVICE_BALANCE~ diem.
23/09 14:49:01:266 Point: 1000.0 ISDN: 84922000513 Reason: Chuc mung Quy khach da tich luy duoc ~SERVICE_BALANCE~ diem.
23/09 14:49:01:598 Point: 1000.0 ISDN: 84922000514 Reason: Chuc mung Quy khach da tich luy duoc ~SERVICE_BALANCE~ diem.
23/09 14:49:01:808 Point: 1000.0 ISDN: 84922000515 Reason: Chuc mung Quy khach da tich luy duoc ~SERVICE_BALANCE~ diem.
23/09 14:49:01:999 Point: 1000.0 ISDN: 84922000516 Reason: Chuc mung Quy khach da tich luy duoc ~SERVICE_BALANCE~ diem.
23/09 14:49:02:208 Point: 1000.0 ISDN: 84922000517 Reason: Chuc mung Quy khach da tich luy duoc ~SERVICE_BALANCE~ diem.
23/09 14:49:29:269 Point: 1000.0 ISDN: 84922000518 Reason: Chuc mung Quy khach da tich luy duoc ~SERVICE_BALANCE~ diem.
23/09 14:49:29:537 Point: 1000.0 ISDN: 84922000519 Reason: Chuc mung Quy khach da tich luy duoc ~SERVICE_BALANCE~ diem.
23/09 14:49:29:743 Point: 1000.0 ISDN: 84922000520 Reason: Chuc mung Quy khach da tich luy duoc ~SERVICE_BALANCE~ diem.
23/09 14:49:29:751 End of process session
23/09 14:49:29:752 Auto invited SMS stopped
23/09 14:49:46:243 Auto invited SMS started
23/09 14:49:46:265 Starting process session
23/09 14:49:53:007 Point: 1000.0 ISDN: 84922000510 Reason: Chuc mung Quy khach da tich luy duoc ~SERVICE_BALANCE~ diem.
23/09 14:49:54:865 Point: 1000.0 ISDN: 84922000511 Reason: Chuc mung Quy khach da tich luy duoc ~SERVICE_BALANCE~ diem.
23/09 14:49:55:362 Point: 1000.0 ISDN: 84922000512 Reason: Chuc mung Quy khach da tich luy duoc ~SERVICE_BALANCE~ diem.
23/09 14:49:55:657 Point: 1000.0 ISDN: 84922000513 Reason: Chuc mung Quy khach da tich luy duoc ~SERVICE_BALANCE~ diem.
23/09 14:49:55:891 Point: 1000.0 ISDN: 84922000514 Reason: Chuc mung Quy khach da tich luy duoc ~SERVICE_BALANCE~ diem.
23/09 14:49:56:122 Point: 1000.0 ISDN: 84922000515 Reason: Chuc mung Quy khach da tich luy duoc ~SERVICE_BALANCE~ diem.
23/09 14:49:56:361 Point: 1000.0 ISDN: 84922000516 Reason: Chuc mung Quy khach da tich luy duoc ~SERVICE_BALANCE~ diem.
23/09 14:49:56:592 Point: 1000.0 ISDN: 84922000517 Reason: Chuc mung Quy khach da tich luy duoc ~SERVICE_BALANCE~ diem.
23/09 14:49:56:898 Point: 1000.0 ISDN: 84922000518 Reason: Chuc mung Quy khach da tich luy duoc ~SERVICE_BALANCE~ diem.
23/09 14:49:58:240 Point: 1000.0 ISDN: 84922000519 Reason: Chuc mung Quy khach da tich luy duoc ~SERVICE_BALANCE~ diem.
23/09 14:49:58:589 Point: 1000.0 ISDN: 84922000520 Reason: Chuc mung Quy khach da tich luy duoc ~SERVICE_BALANCE~ diem.
23/09 14:49:58:595 End of process session
23/09 14:51:38:603 Starting process session
23/09 14:51:56:494 Point: 1000.0 ISDN: 84922000510 Reason: Chuc mung Quy khach da tich luy duoc ~SERVICE_BALANCE~ diem.
23/09 14:51:56:634 Point: 1000.0 ISDN: 84922000511 Reason: Chuc mung Quy khach da tich luy duoc ~SERVICE_BALANCE~ diem.
23/09 14:51:56:820 Point: 1000.0 ISDN: 84922000512 Reason: Chuc mung Quy khach da tich luy duoc ~SERVICE_BALANCE~ diem.
23/09 14:51:57:383 Point: 1000.0 ISDN: 84922000513 Reason: Chuc mung Quy khach da tich luy duoc ~SERVICE_BALANCE~ diem.
23/09 14:51:57:431 Point: 1000.0 ISDN: 84922000514 Reason: Chuc mung Quy khach da tich luy duoc ~SERVICE_BALANCE~ diem.
23/09 14:51:57:458 Point: 1000.0 ISDN: 84922000515 Reason: Chuc mung Quy khach da tich luy duoc ~SERVICE_BALANCE~ diem.
23/09 14:51:57:512 Point: 1000.0 ISDN: 84922000516 Reason: Chuc mung Quy khach da tich luy duoc ~SERVICE_BALANCE~ diem.
23/09 14:51:57:578 Point: 1000.0 ISDN: 84922000517 Reason: Chuc mung Quy khach da tich luy duoc ~SERVICE_BALANCE~ diem.
23/09 14:51:57:635 Point: 1000.0 ISDN: 84922000518 Reason: Chuc mung Quy khach da tich luy duoc ~SERVICE_BALANCE~ diem.
23/09 14:51:57:697 Point: 1000.0 ISDN: 84922000519 Reason: Chuc mung Quy khach da tich luy duoc ~SERVICE_BALANCE~ diem.
23/09 14:51:57:743 Point: 1000.0 ISDN: 84922000520 Reason: Chuc mung Quy khach da tich luy duoc ~SERVICE_BALANCE~ diem.
23/09 14:51:57:752 End of process session
23/09 14:52:54:991 Auto invited SMS started
23/09 14:52:55:908 Starting process session
23/09 14:56:34:937 Auto invited SMS started
23/09 14:56:36:089 Starting process session
23/09 14:56:41:086 Point: 1000.0 ISDN: 84922000510 Reason: Chuc mung Quy khach da tich luy duoc 1000.0 diem.
23/09 14:56:41:198 Point: 1000.0 ISDN: 84922000511 Reason: Chuc mung Quy khach da tich luy duoc 1000.0 diem.
23/09 14:56:41:393 Point: 1000.0 ISDN: 84922000512 Reason: Chuc mung Quy khach da tich luy duoc 1000.0 diem.
23/09 14:56:41:574 Point: 1000.0 ISDN: 84922000513 Reason: Chuc mung Quy khach da tich luy duoc 1000.0 diem.
23/09 14:56:42:142 Point: 1000.0 ISDN: 84922000514 Reason: Chuc mung Quy khach da tich luy duoc 1000.0 diem.
23/09 14:56:42:190 Point: 1000.0 ISDN: 84922000515 Reason: Chuc mung Quy khach da tich luy duoc 1000.0 diem.
23/09 14:56:42:218 Point: 1000.0 ISDN: 84922000516 Reason: Chuc mung Quy khach da tich luy duoc 1000.0 diem.
23/09 14:56:42:268 Point: 1000.0 ISDN: 84922000517 Reason: Chuc mung Quy khach da tich luy duoc 1000.0 diem.
23/09 14:56:42:301 Point: 1000.0 ISDN: 84922000518 Reason: Chuc mung Quy khach da tich luy duoc 1000.0 diem.
23/09 14:56:42:338 Point: 1000.0 ISDN: 84922000519 Reason: Chuc mung Quy khach da tich luy duoc 1000.0 diem.
23/09 14:56:42:414 Point: 1000.0 ISDN: 84922000520 Reason: Chuc mung Quy khach da tich luy duoc 1000.0 diem.
23/09 14:56:42:424 End of process session
23/09 14:57:46:742 Auto invited SMS started
23/09 14:57:47:395 Starting process session
23/09 14:57:48:973 Point: 1000.0 ISDN: 84922000510 Reason: Chuc mung Quy khach da tich luy duoc 1000.0 diem.
23/09 14:57:48:974 Point: 1000.0 ISDN: 84922000511 Reason: Chuc mung Quy khach da tich luy duoc 1000.0 diem.
23/09 14:57:48:975 Point: 1000.0 ISDN: 84922000512 Reason: Chuc mung Quy khach da tich luy duoc 1000.0 diem.
23/09 14:57:48:975 Point: 1000.0 ISDN: 84922000513 Reason: Chuc mung Quy khach da tich luy duoc 1000.0 diem.
23/09 14:57:48:976 Point: 1000.0 ISDN: 84922000514 Reason: Chuc mung Quy khach da tich luy duoc 1000.0 diem.
23/09 14:57:48:977 Point: 1000.0 ISDN: 84922000515 Reason: Chuc mung Quy khach da tich luy duoc 1000.0 diem.
23/09 14:57:48:977 Point: 1000.0 ISDN: 84922000516 Reason: Chuc mung Quy khach da tich luy duoc 1000.0 diem.
23/09 14:57:48:978 Point: 1000.0 ISDN: 84922000517 Reason: Chuc mung Quy khach da tich luy duoc 1000.0 diem.
23/09 14:57:48:979 Point: 1000.0 ISDN: 84922000518 Reason: Chuc mung Quy khach da tich luy duoc 1000.0 diem.
23/09 14:57:48:979 Point: 1000.0 ISDN: 84922000519 Reason: Chuc mung Quy khach da tich luy duoc 1000.0 diem.
23/09 14:57:48:980 Point: 1000.0 ISDN: 84922000520 Reason: Chuc mung Quy khach da tich luy duoc 1000.0 diem.
23/09 14:57:48:987 End of process session
23/09 14:57:58:988 Auto invited SMS stopped
23/09 16:19:24:782 Auto invited SMS started
23/09 16:19:24:848 Starting process session
23/09 16:19:26:106 Point: 1000.0 ISDN: 84922000510 Reason: Chuc mung Quy khach da tich luy duoc 1000 diem.
23/09 16:19:26:107 Point: 2000.0 ISDN: 84922000511 Reason: Chuc mung Quy khach da tich luy duoc 1000 diem.
23/09 16:19:26:107 Point: 3000.0 ISDN: 84922000512 Reason: Chuc mung Quy khach da tich luy duoc 1000 diem.
23/09 16:19:26:108 Point: 4000.0 ISDN: 84922000513 Reason: Chuc mung Quy khach da tich luy duoc 1000 diem.
23/09 16:19:26:109 Point: 5000.0 ISDN: 84922000515 Reason: Chuc mung Quy khach da tich luy duoc 1000 diem.
23/09 16:19:26:110 Point: 6000.0 ISDN: 84922000516 Reason: Chuc mung Quy khach da tich luy duoc 1000 diem.
23/09 16:19:26:110 Point: 7000.0 ISDN: 84922000517 Reason: Chuc mung Quy khach da tich luy duoc 1000 diem.
23/09 16:19:26:111 Point: 8000.0 ISDN: 84922000518 Reason: Chuc mung Quy khach da tich luy duoc 1000 diem.
23/09 16:19:26:112 Point: 9000.0 ISDN: 84922000519 Reason: Chuc mung Quy khach da tich luy duoc 1000 diem.
23/09 16:19:26:113 Point: 10000.0 ISDN: 84922000520 Reason: Chuc mung Quy khach da tich luy duoc 1000 diem.
23/09 16:19:26:119 End of process session
23/09 16:19:38:122 Auto invited SMS stopped
23/09 16:24:27:009 Auto invited SMS started
23/09 16:24:28:506 Starting process session
23/09 16:25:27:980 Point: 1000.0 ISDN: 84922000510 Reason: Chuc mung Quy khach da tich luy duoc 1000 diem.
23/09 16:27:25:022 Point: 2000.0 ISDN: 84922000511 Reason: Chuc mung Quy khach da tich luy duoc 1000 diem.
23/09 16:29:52:602 Point: 1000.0 ISDN: 84922000510 Reason: Chuc mung Quy khach da tich luy duoc 1000 diem.
23/09 16:30:10:162 Point: 2000.0 ISDN: 84922000511 Reason: Chuc mung Quy khach da tich luy duoc 1000 diem.
23/09 16:30:43:581 Point: 3000.0 ISDN: 84922000512 Reason: Chuc mung Quy khach da tich luy duoc 1000 diem.
23/09 16:34:09:369 Point: 1000.0 ISDN: 84922000510 Reason: Chuc mung Quy khach da tich luy duoc 1000 diem.
23/09 16:35:04:612 Point: 1000.0 ISDN: 84922000510 Reason: Chuc mung Quy khach da tich luy duoc 1000 diem.
23/09 16:35:28:509 Point: 1000.0 ISDN: 84922000510 Reason: Chuc mung Quy khach da tich luy duoc 1000 diem.
23/09 16:35:46:581 Point: 2000.0 ISDN: 84922000511 Reason: Chuc mung Quy khach da tich luy duoc 1000 diem.
23/09 16:37:40:299 Point: 1000.0 ISDN: 84922000510 Reason: Chuc mung Quy khach da tich luy duoc 1000 diem.
23/09 16:38:08:950 Point: 2000.0 ISDN: 84922000511 Reason: Chuc mung Quy khach da tich luy duoc 1000 diem.
23/09 16:42:08:800 Point: 1000.0 ISDN: 84922000510 Reason: Chuc mung Quy khach da tich luy duoc 1000 diem.
23/09 16:48:38:190 Point: 1000.0 ISDN: 84922000510 Reason: Chuc mung Quy khach da tich luy duoc 1000 diem.
23/09 16:49:59:154 Point: 2000.0 ISDN: 84922000511 Reason: Chuc mung Quy khach da tich luy duoc 1000 diem.
23/09 16:50:28:930 Point: 3000.0 ISDN: 84922000512 Reason: Chuc mung Quy khach da tich luy duoc 1000 diem.
23/09 16:50:29:642 Point: 4000.0 ISDN: 84922000513 Reason: Chuc mung Quy khach da tich luy duoc 1000 diem.
23/09 16:50:30:005 Point: 5000.0 ISDN: 84922000515 Reason: Chuc mung Quy khach da tich luy duoc 1000 diem.
23/09 16:50:30:281 Point: 6000.0 ISDN: 84922000516 Reason: Chuc mung Quy khach da tich luy duoc 1000 diem.
23/09 16:50:30:482 Point: 7000.0 ISDN: 84922000517 Reason: Chuc mung Quy khach da tich luy duoc 1000 diem.
23/09 16:50:30:737 Point: 8000.0 ISDN: 84922000518 Reason: Chuc mung Quy khach da tich luy duoc 1000 diem.
23/09 16:50:31:303 Point: 9000.0 ISDN: 84922000519 Reason: Chuc mung Quy khach da tich luy duoc 1000 diem.
23/09 16:50:31:351 Point: 10000.0 ISDN: 84922000520 Reason: Chuc mung Quy khach da tich luy duoc 1000 diem.
23/09 16:50:31:362 End of process session
23/09 16:52:13:192 Auto invited SMS started
23/09 16:52:14:395 Starting process session
23/09 16:52:15:544 Point: 1000.0 ISDN: 84922000510 Reason: Chuc mung Quy khach da tich luy duoc 1000.0 diem.
23/09 16:52:15:545 Point: 2000.0 ISDN: 84922000511 Reason: Chuc mung Quy khach da tich luy duoc 2000.0 diem.
23/09 16:52:15:546 Point: 3000.0 ISDN: 84922000512 Reason: Chuc mung Quy khach da tich luy duoc 3000.0 diem.
23/09 16:52:15:546 Point: 4000.0 ISDN: 84922000513 Reason: Chuc mung Quy khach da tich luy duoc 4000.0 diem.
23/09 16:52:15:547 Point: 5000.0 ISDN: 84922000515 Reason: Chuc mung Quy khach da tich luy duoc 5000.0 diem.
23/09 16:52:15:548 Point: 6000.0 ISDN: 84922000516 Reason: Chuc mung Quy khach da tich luy duoc 6000.0 diem.
23/09 16:52:15:548 Point: 7000.0 ISDN: 84922000517 Reason: Chuc mung Quy khach da tich luy duoc 7000.0 diem.
23/09 16:52:15:549 Point: 8000.0 ISDN: 84922000518 Reason: Chuc mung Quy khach da tich luy duoc 8000.0 diem.
23/09 16:52:15:549 Point: 9000.0 ISDN: 84922000519 Reason: Chuc mung Quy khach da tich luy duoc 9000.0 diem.
23/09 16:52:15:550 Point: 10000.0 ISDN: 84922000520 Reason: Chuc mung Quy khach da tich luy duoc 10000.0 diem.
23/09 16:52:15:557 End of process session
23/09 16:52:28:559 Auto invited SMS stopped
23/09 16:52:30:214 Auto invited SMS started
23/09 16:52:30:237 Starting process session
23/09 16:52:30:271 Point: 1000.0 ISDN: 84922000510 Reason: Chuc mung Quy khach da tich luy duoc 1000.0 diem.
23/09 16:52:30:272 Point: 2000.0 ISDN: 84922000511 Reason: Chuc mung Quy khach da tich luy duoc 2000.0 diem.
23/09 16:52:30:272 Point: 3000.0 ISDN: 84922000512 Reason: Chuc mung Quy khach da tich luy duoc 3000.0 diem.
23/09 16:52:30:273 Point: 4000.0 ISDN: 84922000513 Reason: Chuc mung Quy khach da tich luy duoc 4000.0 diem.
23/09 16:52:30:274 Point: 5000.0 ISDN: 84922000515 Reason: Chuc mung Quy khach da tich luy duoc 5000.0 diem.
23/09 16:52:30:274 Point: 6000.0 ISDN: 84922000516 Reason: Chuc mung Quy khach da tich luy duoc 6000.0 diem.
23/09 16:52:30:276 Point: 7000.0 ISDN: 84922000517 Reason: Chuc mung Quy khach da tich luy duoc 7000.0 diem.
23/09 16:52:30:277 Point: 8000.0 ISDN: 84922000518 Reason: Chuc mung Quy khach da tich luy duoc 8000.0 diem.
23/09 16:52:30:277 Point: 9000.0 ISDN: 84922000519 Reason: Chuc mung Quy khach da tich luy duoc 9000.0 diem.
23/09 16:52:30:278 Point: 10000.0 ISDN: 84922000520 Reason: Chuc mung Quy khach da tich luy duoc 10000.0 diem.
23/09 16:52:30:284 End of process session
23/09 16:52:37:285 Auto invited SMS stopped
23/09 16:52:39:247 Auto invited SMS started
23/09 16:52:39:269 Starting process session
23/09 16:52:39:277 Point: 1000.0 ISDN: 84922000510 Reason: Chuc mung Quy khach da tich luy duoc 1000.0 diem.
23/09 16:52:39:278 Point: 2000.0 ISDN: 84922000511 Reason: Chuc mung Quy khach da tich luy duoc 2000.0 diem.
23/09 16:52:39:278 Point: 3000.0 ISDN: 84922000512 Reason: Chuc mung Quy khach da tich luy duoc 3000.0 diem.
23/09 16:52:39:279 Point: 4000.0 ISDN: 84922000513 Reason: Chuc mung Quy khach da tich luy duoc 4000.0 diem.
23/09 16:52:39:279 Point: 5000.0 ISDN: 84922000515 Reason: Chuc mung Quy khach da tich luy duoc 5000.0 diem.
23/09 16:52:39:280 Point: 6000.0 ISDN: 84922000516 Reason: Chuc mung Quy khach da tich luy duoc 6000.0 diem.
23/09 16:52:39:281 Point: 7000.0 ISDN: 84922000517 Reason: Chuc mung Quy khach da tich luy duoc 7000.0 diem.
23/09 16:52:39:281 Point: 8000.0 ISDN: 84922000518 Reason: Chuc mung Quy khach da tich luy duoc 8000.0 diem.
23/09 16:52:39:282 Point: 9000.0 ISDN: 84922000519 Reason: Chuc mung Quy khach da tich luy duoc 9000.0 diem.
23/09 16:52:39:282 Point: 10000.0 ISDN: 84922000520 Reason: Chuc mung Quy khach da tich luy duoc 10000.0 diem.
23/09 16:52:39:288 End of process session
23/09 16:52:44:291 Auto invited SMS stopped
23/09 16:54:50:013 Auto invited SMS started
23/09 16:54:51:261 Starting process session
23/09 16:54:52:412 Point: 1000.0 ISDN: 84922000510 Reason: Chuc mung Quy khach da tich luy duoc 1000.0 diem.
23/09 16:54:52:413 Point: 2000.0 ISDN: 84922000511 Reason: Chuc mung Quy khach da tich luy duoc 1000.0 diem.
23/09 16:54:52:414 Point: 3000.0 ISDN: 84922000512 Reason: Chuc mung Quy khach da tich luy duoc 1000.0 diem.
23/09 16:54:52:415 Point: 4000.0 ISDN: 84922000513 Reason: Chuc mung Quy khach da tich luy duoc 1000.0 diem.
23/09 16:54:52:416 Point: 5000.0 ISDN: 84922000515 Reason: Chuc mung Quy khach da tich luy duoc 1000.0 diem.
23/09 16:54:52:417 Point: 6000.0 ISDN: 84922000516 Reason: Chuc mung Quy khach da tich luy duoc 1000.0 diem.
23/09 16:54:52:417 Point: 7000.0 ISDN: 84922000517 Reason: Chuc mung Quy khach da tich luy duoc 1000.0 diem.
23/09 16:54:52:419 Point: 8000.0 ISDN: 84922000518 Reason: Chuc mung Quy khach da tich luy duoc 1000.0 diem.
23/09 16:54:52:420 Point: 9000.0 ISDN: 84922000519 Reason: Chuc mung Quy khach da tich luy duoc 1000.0 diem.
23/09 16:54:52:420 Point: 10000.0 ISDN: 84922000520 Reason: Chuc mung Quy khach da tich luy duoc 1000.0 diem.
23/09 16:54:52:427 End of process session
23/09 16:54:57:429 Auto invited SMS stopped
23/09 16:55:26:072 Auto invited SMS started
23/09 16:55:26:096 Starting process session
23/09 16:55:26:125 Point: 1000.0 ISDN: 84922000510 Reason: Chuc mung Quy khach da tich luy duoc 1000.0 diem.
23/09 16:55:26:126 Point: 2000.0 ISDN: 84922000511 Reason: Chuc mung Quy khach da tich luy duoc 1000.0 diem.
23/09 16:55:26:127 Point: 3000.0 ISDN: 84922000512 Reason: Chuc mung Quy khach da tich luy duoc 1000.0 diem.
23/09 16:55:26:128 Point: 4000.0 ISDN: 84922000513 Reason: Chuc mung Quy khach da tich luy duoc 1000.0 diem.
23/09 16:55:26:129 Point: 5000.0 ISDN: 84922000515 Reason: Chuc mung Quy khach da tich luy duoc 1000.0 diem.
23/09 16:55:26:129 Point: 6000.0 ISDN: 84922000516 Reason: Chuc mung Quy khach da tich luy duoc 1000.0 diem.
23/09 16:55:26:130 Point: 7000.0 ISDN: 84922000517 Reason: Chuc mung Quy khach da tich luy duoc 1000.0 diem.
23/09 16:55:26:131 Point: 8000.0 ISDN: 84922000518 Reason: Chuc mung Quy khach da tich luy duoc 1000.0 diem.
23/09 16:55:26:132 Point: 9000.0 ISDN: 84922000519 Reason: Chuc mung Quy khach da tich luy duoc 1000.0 diem.
23/09 16:55:26:133 Point: 10000.0 ISDN: 84922000520 Reason: Chuc mung Quy khach da tich luy duoc 1000.0 diem.
23/09 16:55:26:139 End of process session
23/09 16:55:31:141 Auto invited SMS stopped
23/09 16:56:04:847 Auto invited SMS started
23/09 16:56:06:134 Starting process session
23/09 16:56:07:712 Point: 1000.0 ISDN: 84922000510 Reason: Chuc mung Quy khach da tich luy duoc 1000.0 diem.
23/09 16:56:07:714 Point: 2000.0 ISDN: 84922000511 Reason: Chuc mung Quy khach da tich luy duoc 2000.0 diem.
23/09 16:56:07:716 Point: 3000.0 ISDN: 84922000512 Reason: Chuc mung Quy khach da tich luy duoc 3000.0 diem.
23/09 16:56:07:718 Point: 4000.0 ISDN: 84922000513 Reason: Chuc mung Quy khach da tich luy duoc 4000.0 diem.
23/09 16:56:07:719 Point: 5000.0 ISDN: 84922000515 Reason: Chuc mung Quy khach da tich luy duoc 5000.0 diem.
23/09 16:56:07:719 Point: 6000.0 ISDN: 84922000516 Reason: Chuc mung Quy khach da tich luy duoc 6000.0 diem.
23/09 16:56:07:720 Point: 7000.0 ISDN: 84922000517 Reason: Chuc mung Quy khach da tich luy duoc 7000.0 diem.
23/09 16:56:07:721 Point: 8000.0 ISDN: 84922000518 Reason: Chuc mung Quy khach da tich luy duoc 8000.0 diem.
23/09 16:56:07:722 Point: 9000.0 ISDN: 84922000519 Reason: Chuc mung Quy khach da tich luy duoc 9000.0 diem.
23/09 16:56:07:723 Point: 10000.0 ISDN: 84922000520 Reason: Chuc mung Quy khach da tich luy duoc 10000.0 diem.
23/09 16:56:07:734 End of process session
23/09 16:56:15:735 Auto invited SMS stopped
23/09 16:57:11:860 Auto invited SMS started
23/09 16:57:13:128 Starting process session
23/09 16:57:14:256 Point: 1000.0 ISDN: 84922000510 Reason: Chuc mung Quy khach da tich luy duoc 1000.0 diem.
23/09 16:57:14:257 Point: 2000.0 ISDN: 84922000511 Reason: Chuc mung Quy khach da tich luy duoc 2000.0 diem.
23/09 16:57:14:258 Point: 3000.0 ISDN: 84922000512 Reason: Chuc mung Quy khach da tich luy duoc 3000.0 diem.
23/09 16:57:14:259 Point: 4000.0 ISDN: 84922000513 Reason: Chuc mung Quy khach da tich luy duoc 4000.0 diem.
23/09 16:57:14:259 Point: 5000.0 ISDN: 84922000515 Reason: Chuc mung Quy khach da tich luy duoc 5000.0 diem.
23/09 16:57:14:260 Point: 6000.0 ISDN: 84922000516 Reason: Chuc mung Quy khach da tich luy duoc 6000.0 diem.
23/09 16:57:14:260 Point: 7000.0 ISDN: 84922000517 Reason: Chuc mung Quy khach da tich luy duoc 7000.0 diem.
23/09 16:57:14:261 Point: 8000.0 ISDN: 84922000518 Reason: Chuc mung Quy khach da tich luy duoc 8000.0 diem.
23/09 16:57:14:262 Point: 9000.0 ISDN: 84922000519 Reason: Chuc mung Quy khach da tich luy duoc 9000.0 diem.
23/09 16:57:14:262 Point: 10000.0 ISDN: 84922000520 Reason: Chuc mung Quy khach da tich luy duoc 10000.0 diem.
23/09 16:57:14:280 End of process session
23/09 16:57:18:282 Auto invited SMS stopped
