14/09 10:20:40:961 Add Hoc Camp Thread started
14/09 10:20:40:982 Starting process session
14/09 10:20:41:013 java.lang.NullPointerException: null
14/09 10:20:41:014 End of process session
14/09 10:22:21:021 Starting process session
14/09 10:22:21:029 java.lang.NullPointerException: null
14/09 10:22:21:029 End of process session
14/09 10:23:37:589 Add Hoc Camp Thread started
14/09 10:23:37:612 Starting process session
14/09 10:26:15:206 Add Hoc Camp Thread started
14/09 10:26:15:230 Starting process session
14/09 10:26:15:333 java.sql.SQLException: Invalid column name
14/09 10:26:15:334 End of process session
14/09 10:28:15:729 Add Hoc Camp Thread started
14/09 10:28:15:752 Starting process session
14/09 10:28:24:783 End of process session
14/09 10:28:24:783 Add Hoc Camp Thread stopped
14/09 10:28:26:752 Add Hoc Camp Thread started
14/09 10:28:26:774 Starting process session
14/09 10:29:22:877 End of process session
14/09 10:29:22:877 Add Hoc Camp Thread stopped
14/09 10:29:24:802 Add Hoc Camp Thread started
14/09 10:29:24:825 Starting process session
14/09 10:29:46:898 End of process session
14/09 10:29:46:900 Add Hoc Camp Thread stopped
14/09 10:30:56:830 Add Hoc Camp Thread started
14/09 10:30:56:853 Starting process session
14/09 10:32:10:903 End of process session
14/09 10:32:10:903 Add Hoc Camp Thread stopped
14/09 10:32:57:860 Add Hoc Camp Thread started
14/09 10:32:57:882 Starting process session
14/09 10:42:45:347 java.lang.NullPointerException: null
14/09 10:42:45:348 End of process session
14/09 10:44:25:448 Starting process session
14/09 10:44:25:455 java.lang.NullPointerException: null
14/09 10:44:25:455 End of process session
14/09 10:46:05:569 Starting process session
14/09 10:46:05:605 java.lang.NullPointerException: null
14/09 10:46:05:605 End of process session
14/09 10:47:45:614 Starting process session
14/09 10:47:45:667 java.lang.NullPointerException: null
14/09 10:47:45:668 End of process session
14/09 10:49:25:727 Starting process session
14/09 10:49:25:747 java.lang.NullPointerException: null
14/09 10:49:25:748 End of process session
14/09 10:51:05:755 Starting process session
14/09 10:51:05:792 java.lang.NullPointerException: null
14/09 10:51:05:793 End of process session
14/09 10:52:45:799 Starting process session
14/09 10:54:17:287 End of process session
14/09 10:54:17:287 Add Hoc Camp Thread stopped
14/09 10:54:24:249 Add Hoc Camp Thread started
14/09 10:54:24:271 Starting process session
14/09 10:54:30:289 End of process session
14/09 10:54:30:289 Add Hoc Camp Thread stopped
14/09 10:55:27:319 Add Hoc Camp Thread started
14/09 10:55:27:341 Starting process session
14/09 10:56:47:347 End of process session
14/09 10:56:47:347 Add Hoc Camp Thread stopped
14/09 10:56:49:345 Add Hoc Camp Thread started
14/09 10:56:49:368 Starting process session
14/09 10:58:12:504 Add Hoc Camp Thread started
14/09 10:58:12:527 Starting process session
14/09 10:59:59:195 End of process session
14/09 11:00:17:060 Add Hoc Camp Thread stopped
14/09 11:02:35:682 Add Hoc Camp Thread started
14/09 11:02:35:710 Starting process session
14/09 11:05:32:877 End of process session
14/09 11:05:32:877 Add Hoc Camp Thread stopped
14/09 11:20:20:615 Add Hoc Camp Thread started
14/09 11:20:20:639 Starting process session
14/09 11:22:45:509 End of process session
14/09 11:22:45:510 Add Hoc Camp Thread stopped
14/09 11:23:09:652 Add Hoc Camp Thread started
14/09 11:23:09:674 Starting process session
14/09 11:26:29:681 Add Hoc Camp Thread started
14/09 11:26:29:705 Starting process session
14/09 11:27:14:870 End of process session
14/09 11:27:14:871 Add Hoc Camp Thread stopped
14/09 11:27:17:711 Add Hoc Camp Thread started
14/09 11:27:17:736 Starting process session
14/09 11:29:54:409 End of process session
14/09 11:29:54:410 Add Hoc Camp Thread stopped
14/09 11:29:58:746 Add Hoc Camp Thread started
14/09 11:29:58:771 Starting process session
14/09 11:30:08:048 End of process session
14/09 11:30:08:049 Add Hoc Camp Thread stopped
14/09 11:30:37:725 Add Hoc Camp Thread started
14/09 11:30:37:750 Starting process session
14/09 11:31:03:633 End of process session
14/09 11:31:03:634 Add Hoc Camp Thread stopped
14/09 11:32:15:452 Add Hoc Camp Thread started
14/09 11:32:15:479 Starting process session
14/09 11:32:18:480 End of process session
14/09 11:32:18:481 Add Hoc Camp Thread stopped
14/09 11:33:06:514 Add Hoc Camp Thread started
14/09 11:33:06:541 Starting process session
14/09 11:33:43:650 End of process session
14/09 11:33:43:651 Add Hoc Camp Thread stopped
14/09 11:34:55:545 Add Hoc Camp Thread started
14/09 11:34:55:567 Starting process session
14/09 11:37:59:045 End of process session
14/09 11:37:59:046 Add Hoc Camp Thread stopped
14/09 11:38:03:579 Add Hoc Camp Thread started
14/09 11:38:03:602 Starting process session
14/09 11:41:26:394 End of process session
14/09 11:41:26:394 Add Hoc Camp Thread stopped
14/09 11:42:00:683 Add Hoc Camp Thread started
14/09 11:42:00:707 Starting process session
14/09 11:42:30:310 End of process session
14/09 11:42:30:311 Add Hoc Camp Thread stopped
14/09 11:46:18:733 Add Hoc Camp Thread started
14/09 11:46:18:757 Starting process session
14/09 11:46:58:539 End of process session
14/09 11:46:58:540 Add Hoc Camp Thread stopped
14/09 11:49:11:771 Add Hoc Camp Thread started
14/09 11:49:11:795 Starting process session
14/09 11:50:03:674 End of process session
14/09 11:50:03:676 Add Hoc Camp Thread stopped
14/09 11:51:23:690 Add Hoc Camp Thread started
14/09 11:51:23:715 Starting process session
14/09 11:52:25:028 End of process session
14/09 11:52:25:029 Add Hoc Camp Thread stopped
14/09 11:52:44:718 Add Hoc Camp Thread started
14/09 11:52:44:741 Starting process session
14/09 11:52:51:483 End of process session
14/09 11:52:51:484 Add Hoc Camp Thread stopped
14/09 11:53:45:744 Add Hoc Camp Thread started
14/09 11:53:45:767 Starting process session
14/09 11:54:00:606 End of process session
14/09 11:54:00:607 Add Hoc Camp Thread stopped
14/09 11:55:46:946 Add Hoc Camp Thread started
14/09 11:55:46:975 Starting process session
14/09 12:01:55:639 Add Hoc Camp Thread started
14/09 12:01:55:663 Starting process session
14/09 12:08:58:956 End of process session
14/09 12:08:58:958 Add Hoc Camp Thread stopped
14/09 12:09:08:693 Add Hoc Camp Thread started
14/09 12:09:08:718 Starting process session
14/09 12:10:11:215 End of process session
14/09 12:10:13:402 Add Hoc Camp Thread stopped
14/09 12:19:05:786 Add Hoc Camp Thread started
14/09 12:19:05:810 Starting process session
14/09 12:20:00:400 End of process session
14/09 12:20:00:401 Add Hoc Camp Thread stopped
14/09 12:30:27:216 Add Hoc Camp Thread started
14/09 12:30:27:240 Starting process session
14/09 12:30:30:240 End of process session
14/09 12:30:30:241 Add Hoc Camp Thread stopped
