03/12 09:32:49:224 SQL Test started
03/12 09:32:49:252 Starting process session
03/12 09:32:49:379 level 0: 500
03/12 09:32:49:381 allSubs 0: 324
03/12 09:32:49:384 maxAmount 0: 499
03/12 09:32:49:386 minAmount 0: 1
03/12 09:32:49:389 avg_aonet 0: 13
03/12 09:32:49:391 avg_topup 0: 0
03/12 09:32:49:394 avg_usage 0: 0
03/12 09:32:49:396 avg_cutover 0: 34
03/12 09:32:49:398 level 1: 1000
03/12 09:32:49:401 allSubs 1: 435
03/12 09:32:49:403 maxAmount 1: 999
03/12 09:32:49:406 minAmount 1: 500
03/12 09:32:49:408 avg_aonet 1: 54
03/12 09:32:49:410 avg_topup 1: 0
03/12 09:32:49:413 avg_usage 1: 0
03/12 09:32:49:415 avg_cutover 1: 0
03/12 09:32:49:418 level 3: 3000
03/12 09:32:49:420 allSubs 3: 43
03/12 09:32:49:422 maxAmount 3: 2999
03/12 09:32:49:425 minAmount 3: 2000
03/12 09:32:49:427 avg_aonet 3: 0
03/12 09:32:49:430 avg_topup 3: 65
03/12 09:32:49:432 avg_usage 3: 0
03/12 09:32:49:434 avg_cutover 3: 0
03/12 09:32:49:437 level 5: 12000
03/12 09:32:49:439 allSubs 5: 76
03/12 09:32:49:442 maxAmount 5: 11999
03/12 09:32:49:444 minAmount 5: 11000
03/12 09:32:49:446 avg_aonet 5: 0
03/12 09:32:49:449 avg_topup 5: 0
03/12 09:32:49:451 avg_usage 5: 67
03/12 09:32:49:454 avg_cutover 5: 0
03/12 09:32:50:465 level 0: 500
03/12 09:32:50:470 allSubs 0: 324
03/12 09:32:50:476 maxAmount 0: 499
03/12 09:32:50:482 minAmount 0: 1
03/12 09:32:50:487 avg_aonet 0: 13
03/12 09:32:50:492 avg_topup 0: 0
03/12 09:32:50:498 avg_usage 0: 0
03/12 09:32:50:503 avg_cutover 0: 34
03/12 09:32:50:509 level 1: 1000
03/12 09:32:50:515 allSubs 1: 435
03/12 09:32:50:519 maxAmount 1: 999
03/12 09:32:50:523 minAmount 1: 500
03/12 09:32:50:526 avg_aonet 1: 54
03/12 09:32:50:529 avg_topup 1: 0
03/12 09:32:50:532 avg_usage 1: 0
03/12 09:32:50:535 avg_cutover 1: 0
03/12 09:32:50:538 level 3: 3000
03/12 09:32:50:541 allSubs 3: 43
03/12 09:32:50:544 maxAmount 3: 2999
03/12 09:32:50:547 minAmount 3: 2000
03/12 09:32:50:550 avg_aonet 3: 0
03/12 09:32:50:553 avg_topup 3: 65
03/12 09:32:50:555 avg_usage 3: 0
03/12 09:32:50:558 avg_cutover 3: 0
03/12 09:32:50:560 level 5: 12000
03/12 09:32:50:563 allSubs 5: 76
03/12 09:32:50:566 maxAmount 5: 11999
03/12 09:32:50:569 minAmount 5: 11000
03/12 09:32:50:571 avg_aonet 5: 0
03/12 09:32:50:574 avg_topup 5: 0
03/12 09:32:50:576 avg_usage 5: 67
03/12 09:32:50:579 avg_cutover 5: 0
03/12 09:32:51:587 level 0: 500
03/12 09:32:51:593 allSubs 0: 324
03/12 09:32:51:599 maxAmount 0: 499
03/12 09:32:51:604 minAmount 0: 1
03/12 09:32:51:610 avg_aonet 0: 13
03/12 09:32:51:616 avg_topup 0: 0
03/12 09:32:51:622 avg_usage 0: 0
03/12 09:32:51:628 avg_cutover 0: 34
03/12 09:32:51:631 level 1: 1000
03/12 09:32:51:635 allSubs 1: 435
03/12 09:32:51:638 maxAmount 1: 999
03/12 09:32:51:641 minAmount 1: 500
03/12 09:32:51:645 avg_aonet 1: 54
03/12 09:32:51:648 avg_topup 1: 0
03/12 09:32:51:652 avg_usage 1: 0
03/12 09:32:51:655 avg_cutover 1: 0
03/12 09:32:51:658 level 3: 3000
03/12 09:32:51:661 allSubs 3: 43
03/12 09:32:51:663 maxAmount 3: 2999
03/12 09:32:51:666 minAmount 3: 2000
03/12 09:32:51:669 avg_aonet 3: 0
03/12 09:32:51:672 avg_topup 3: 65
03/12 09:32:51:674 avg_usage 3: 0
03/12 09:32:51:677 avg_cutover 3: 0
03/12 09:32:51:680 level 5: 12000
03/12 09:32:51:682 allSubs 5: 76
03/12 09:32:51:685 maxAmount 5: 11999
03/12 09:32:51:688 minAmount 5: 11000
03/12 09:32:51:691 avg_aonet 5: 0
03/12 09:32:51:694 avg_topup 5: 0
03/12 09:32:51:696 avg_usage 5: 67
03/12 09:32:51:699 avg_cutover 5: 0
03/12 09:32:52:721 level 0: 500
03/12 09:32:52:728 allSubs 0: 324
03/12 09:32:52:734 maxAmount 0: 499
03/12 09:32:52:741 minAmount 0: 1
03/12 09:32:52:747 avg_aonet 0: 13
03/12 09:32:52:753 avg_topup 0: 0
03/12 09:32:52:760 avg_usage 0: 0
03/12 09:32:52:767 avg_cutover 0: 34
03/12 09:32:52:772 level 1: 1000
03/12 09:32:52:775 allSubs 1: 435
03/12 09:32:52:780 maxAmount 1: 999
03/12 09:32:52:783 minAmount 1: 500
03/12 09:32:52:787 avg_aonet 1: 54
03/12 09:32:52:791 avg_topup 1: 0
03/12 09:32:52:795 avg_usage 1: 0
03/12 09:32:52:799 avg_cutover 1: 0
03/12 09:32:52:802 level 3: 3000
03/12 09:32:52:805 allSubs 3: 43
03/12 09:32:52:808 maxAmount 3: 2999
03/12 09:32:52:811 minAmount 3: 2000
03/12 09:32:52:814 avg_aonet 3: 0
03/12 09:32:52:817 avg_topup 3: 65
03/12 09:32:52:820 avg_usage 3: 0
03/12 09:32:52:823 avg_cutover 3: 0
03/12 09:32:52:825 level 5: 12000
03/12 09:32:52:828 allSubs 5: 76
03/12 09:32:52:831 maxAmount 5: 11999
03/12 09:32:52:834 minAmount 5: 11000
03/12 09:32:52:837 avg_aonet 5: 0
03/12 09:32:52:840 avg_topup 5: 0
03/12 09:32:52:843 avg_usage 5: 67
03/12 09:32:52:847 avg_cutover 5: 0
03/12 09:32:53:866 level 0: 500
03/12 09:32:53:872 allSubs 0: 324
03/12 09:32:53:878 maxAmount 0: 499
03/12 09:32:53:886 minAmount 0: 1
03/12 09:32:53:896 avg_aonet 0: 13
03/12 09:32:53:903 avg_topup 0: 0
03/12 09:32:53:908 avg_usage 0: 0
03/12 09:32:53:912 avg_cutover 0: 34
03/12 09:32:53:916 level 1: 1000
03/12 09:32:53:920 allSubs 1: 435
03/12 09:32:53:923 maxAmount 1: 999
03/12 09:32:53:927 minAmount 1: 500
03/12 09:32:53:931 avg_aonet 1: 54
03/12 09:32:53:935 avg_topup 1: 0
03/12 09:32:53:939 avg_usage 1: 0
03/12 09:32:53:942 avg_cutover 1: 0
03/12 09:32:53:947 level 3: 3000
03/12 09:32:53:952 allSubs 3: 43
03/12 09:32:53:956 maxAmount 3: 2999
03/12 09:32:53:961 minAmount 3: 2000
03/12 09:32:53:966 avg_aonet 3: 0
03/12 09:32:53:971 avg_topup 3: 65
03/12 09:32:53:975 avg_usage 3: 0
03/12 09:32:53:979 avg_cutover 3: 0
03/12 09:32:53:982 level 5: 12000
03/12 09:32:53:986 allSubs 5: 76
03/12 09:32:53:989 maxAmount 5: 11999
03/12 09:32:53:992 minAmount 5: 11000
03/12 09:32:53:995 avg_aonet 5: 0
03/12 09:32:53:998 avg_topup 5: 0
03/12 09:32:54:001 avg_usage 5: 67
03/12 09:32:54:005 avg_cutover 5: 0
03/12 09:32:55:020 level 0: 500
03/12 09:32:55:024 allSubs 0: 324
03/12 09:32:55:029 maxAmount 0: 499
03/12 09:32:55:033 minAmount 0: 1
03/12 09:32:55:037 avg_aonet 0: 13
03/12 09:32:55:040 avg_topup 0: 0
03/12 09:32:55:043 avg_usage 0: 0
03/12 09:32:55:046 avg_cutover 0: 34
03/12 09:32:55:049 level 1: 1000
03/12 09:32:55:052 allSubs 1: 435
03/12 09:32:55:056 maxAmount 1: 999
03/12 09:32:55:059 minAmount 1: 500
03/12 09:32:55:062 avg_aonet 1: 54
03/12 09:32:55:065 avg_topup 1: 0
03/12 09:32:55:069 avg_usage 1: 0
03/12 09:32:55:072 avg_cutover 1: 0
03/12 09:32:55:075 level 3: 3000
03/12 09:32:55:079 allSubs 3: 43
03/12 09:32:55:083 maxAmount 3: 2999
03/12 09:32:55:086 minAmount 3: 2000
03/12 09:32:55:090 avg_aonet 3: 0
03/12 09:32:55:094 avg_topup 3: 65
03/12 09:32:55:097 avg_usage 3: 0
03/12 09:32:55:101 avg_cutover 3: 0
03/12 09:32:55:104 level 5: 12000
03/12 09:32:55:108 allSubs 5: 76
03/12 09:32:55:112 maxAmount 5: 11999
03/12 09:32:55:115 minAmount 5: 11000
03/12 09:32:55:120 avg_aonet 5: 0
03/12 09:32:55:124 avg_topup 5: 0
03/12 09:32:55:128 avg_usage 5: 67
03/12 09:32:55:132 avg_cutover 5: 0
03/12 09:32:56:136 End of process session
03/12 09:32:56:144 SQL Test stopped
03/12 09:33:46:679 SQL Test started
03/12 09:33:46:708 Starting process session
03/12 09:34:54:561 level 0: 500
03/12 09:34:55:038 allSubs 0: 324
03/12 09:34:55:285 maxAmount 0: 499
03/12 09:34:55:518 minAmount 0: 1
03/12 09:34:55:729 avg_aonet 0: 13
03/12 09:34:55:968 avg_topup 0: 0
03/12 09:34:56:335 avg_usage 0: 0
03/12 09:34:56:723 avg_cutover 0: 34
03/12 09:35:40:842 level 1: 1000
03/12 09:35:41:082 allSubs 1: 435
03/12 09:35:41:287 maxAmount 1: 999
03/12 09:35:41:505 minAmount 1: 500
03/12 09:35:41:746 avg_aonet 1: 54
03/12 09:35:41:965 avg_topup 1: 0
03/12 09:35:42:248 avg_usage 1: 0
03/12 09:35:42:873 avg_cutover 1: 0
03/12 09:37:45:092 level 3: 3000
03/12 09:37:45:451 allSubs 3: 43
03/12 09:37:45:660 maxAmount 3: 2999
03/12 09:37:45:879 minAmount 3: 2000
03/12 09:37:46:113 avg_aonet 3: 0
03/12 09:37:46:391 avg_topup 3: 65
03/12 09:37:46:723 avg_usage 3: 0
03/12 09:37:47:132 avg_cutover 3: 0
03/12 09:38:42:410 level 5: 12000
03/12 09:38:42:904 allSubs 5: 76
03/12 09:38:43:142 maxAmount 5: 11999
03/12 09:38:43:343 minAmount 5: 11000
03/12 09:38:43:541 avg_aonet 5: 0
03/12 09:38:43:869 avg_topup 5: 0
03/12 09:38:44:248 avg_usage 5: 67
03/12 09:38:45:004 avg_cutover 5: 0
