29/11 17:00:39:549 SQL Test started
29/11 17:00:39:664 Starting process session
29/11 17:00:39:891 level 0: 500
29/11 17:00:39:894 allSubs 0: 0
29/11 17:00:39:897 maxAmount 0: 499
29/11 17:00:39:900 minAmount 0: 1
29/11 17:00:39:902 avg_aonet 0: 13
29/11 17:00:39:906 avg_topup 0: 0
29/11 17:00:39:909 avg_usage 0: 0
29/11 17:00:39:913 avg_cutover 0: 34
29/11 17:00:39:918 level 1: 1000
29/11 17:00:39:922 allSubs 1: 0
29/11 17:00:39:926 maxAmount 1: 999
29/11 17:00:39:937 minAmount 1: 500
29/11 17:00:39:941 avg_aonet 1: 54
29/11 17:00:39:946 avg_topup 1: 0
29/11 17:00:39:949 avg_usage 1: 0
29/11 17:00:39:952 avg_cutover 1: 0
29/11 17:00:39:988 java.lang.ArrayIndexOutOfBoundsException: 2
29/11 17:00:39:991 End of process session
29/11 17:00:52:005 SQL Test stopped
29/11 17:03:43:975 SQL Test started
29/11 17:03:44:025 Starting process session
29/11 17:03:45:122 level 0: 500
29/11 17:03:45:125 allSubs 0: 0
29/11 17:03:45:128 maxAmount 0: 499
29/11 17:03:45:131 minAmount 0: 1
29/11 17:03:45:133 avg_aonet 0: 13
29/11 17:03:45:136 avg_topup 0: 0
29/11 17:03:45:139 avg_usage 0: 0
29/11 17:03:45:142 avg_cutover 0: 34
29/11 17:03:45:144 level 1: 1000
29/11 17:03:45:147 allSubs 1: 0
29/11 17:03:45:150 maxAmount 1: 999
29/11 17:03:45:153 minAmount 1: 500
29/11 17:03:45:156 avg_aonet 1: 54
29/11 17:03:45:159 avg_topup 1: 0
29/11 17:03:45:162 avg_usage 1: 0
29/11 17:03:45:165 avg_cutover 1: 0
29/11 17:03:45:204 java.lang.ArrayIndexOutOfBoundsException: 2
29/11 17:03:45:209 End of process session
29/11 17:04:00:228 SQL Test stopped
29/11 17:05:00:561 SQL Test started
29/11 17:05:00:612 Starting process session
29/11 17:05:33:460 level 0: 500
29/11 17:05:33:980 allSubs 0: 0
29/11 17:05:34:280 maxAmount 0: 499
29/11 17:05:34:532 minAmount 0: 1
29/11 17:05:34:733 avg_aonet 0: 13
29/11 17:05:35:052 avg_topup 0: 0
29/11 17:05:35:329 avg_usage 0: 0
29/11 17:05:35:773 avg_cutover 0: 34
29/11 17:06:12:714 level 1: 1000
29/11 17:06:13:668 allSubs 1: 0
29/11 17:06:14:068 maxAmount 1: 999
29/11 17:06:14:280 minAmount 1: 500
29/11 17:06:14:506 avg_aonet 1: 54
29/11 17:06:14:756 avg_topup 1: 0
29/11 17:06:15:097 avg_usage 1: 0
29/11 17:06:15:542 avg_cutover 1: 0
29/11 17:07:03:741 java.lang.ArrayIndexOutOfBoundsException: 2
29/11 17:07:03:748 End of process session
29/11 17:07:08:760 SQL Test stopped
29/11 17:07:10:755 SQL Test started
29/11 17:07:10:820 Starting process session
29/11 17:07:17:537 level 0: 500
29/11 17:07:17:548 allSubs 0: 0
29/11 17:07:17:555 maxAmount 0: 499
29/11 17:07:17:563 minAmount 0: 1
29/11 17:07:17:568 avg_aonet 0: 13
29/11 17:07:17:572 avg_topup 0: 0
29/11 17:07:17:576 avg_usage 0: 0
29/11 17:07:17:581 avg_cutover 0: 34
29/11 17:07:18:655 level 1: 1000
29/11 17:07:18:664 allSubs 1: 0
29/11 17:07:18:673 maxAmount 1: 999
29/11 17:07:18:684 minAmount 1: 500
29/11 17:07:18:693 avg_aonet 1: 54
29/11 17:07:18:701 avg_topup 1: 0
29/11 17:07:18:706 avg_usage 1: 0
29/11 17:07:18:710 avg_cutover 1: 0
29/11 17:08:25:943 level 0: 500
29/11 17:08:25:952 allSubs 0: 0
29/11 17:08:25:961 maxAmount 0: 499
29/11 17:08:25:970 minAmount 0: 1
29/11 17:08:25:980 avg_aonet 0: 13
29/11 17:08:25:988 avg_topup 0: 0
29/11 17:08:25:994 avg_usage 0: 0
29/11 17:08:26:000 avg_cutover 0: 34
29/11 17:08:28:511 level 1: 1000
29/11 17:08:28:520 allSubs 1: 0
29/11 17:08:28:528 maxAmount 1: 999
29/11 17:08:28:540 minAmount 1: 500
29/11 17:08:28:546 avg_aonet 1: 54
29/11 17:08:28:594 avg_topup 1: 0
29/11 17:08:28:597 avg_usage 1: 0
29/11 17:08:28:601 avg_cutover 1: 0
29/11 17:09:44:606 level 3: 3000
29/11 17:09:44:972 allSubs 3: 0
29/11 17:09:45:218 maxAmount 3: 2999
29/11 17:09:45:457 minAmount 3: 2000
29/11 17:09:45:686 avg_aonet 3: 0
29/11 17:09:46:154 avg_topup 3: 65
29/11 17:09:46:635 avg_usage 3: 0
29/11 17:09:47:186 avg_cutover 3: 0
29/11 17:09:59:288 level 5: 12000
29/11 17:09:59:298 allSubs 5: 0
29/11 17:09:59:308 maxAmount 5: 11999
29/11 17:09:59:317 minAmount 5: 11000
29/11 17:09:59:323 avg_aonet 5: 0
29/11 17:09:59:327 avg_topup 5: 0
29/11 17:09:59:332 avg_usage 5: 67
29/11 17:09:59:338 avg_cutover 5: 0
29/11 17:10:10:406 level 0: 500
29/11 17:10:10:417 allSubs 0: 0
29/11 17:10:10:429 maxAmount 0: 499
29/11 17:10:10:442 minAmount 0: 1
29/11 17:10:10:451 avg_aonet 0: 13
29/11 17:10:10:455 avg_topup 0: 0
29/11 17:10:10:462 avg_usage 0: 0
29/11 17:10:10:468 avg_cutover 0: 34
29/11 17:10:11:139 level 1: 1000
29/11 17:10:11:150 allSubs 1: 0
29/11 17:10:11:160 maxAmount 1: 999
29/11 17:10:11:169 minAmount 1: 500
29/11 17:10:11:175 avg_aonet 1: 54
29/11 17:10:11:180 avg_topup 1: 0
29/11 17:10:11:186 avg_usage 1: 0
29/11 17:10:11:191 avg_cutover 1: 0
