10/10 14:48:34:283 Weekly Report started
10/10 14:48:34:323 Starting process session
10/10 14:48:36:573 javax.mail.MessagingException: Could not connect to SMTP host: mail.nms.com.vn, port: 587
10/10 14:48:36:573 End of process session
10/10 14:49:32:581 Weekly Report stopped
10/10 14:49:34:314 Weekly Report started
10/10 14:49:34:337 Starting process session
10/10 14:49:35:348 javax.mail.MessagingException: Could not connect to SMTP host: mail.nms.com.vn, port: 25
10/10 14:49:35:348 End of process session
10/10 14:53:56:376 Weekly Report stopped
10/10 14:53:58:354 Weekly Report started
10/10 14:53:58:378 Starting process session
10/10 14:53:59:580 javax.mail.MessagingException: Could not connect to SMTP host: mail.nms.com.vn, port: 25
10/10 14:53:59:581 End of process session
10/10 15:07:04:679 Weekly Report stopped
10/10 15:07:06:458 Weekly Report started
10/10 15:07:06:689 Starting process session
10/10 15:07:08:083 Loi xay ra khi tao noi dung  excel:null
10/10 15:07:08:087 Loi xay ra khi tao file excel:null
10/10 15:07:08:284 Send mail [Weekly Report10-10-2013 15] to [trungnq@nms.com.vn] from [trungnq@nms.com.vn].
10/10 15:07:10:271 End of process session
10/10 15:26:35:359 Weekly Report stopped
10/10 15:26:36:579 Weekly Report started
10/10 15:26:36:599 Starting process session
10/10 15:26:37:429 Loi xay ra khi tao noi dung  excel:null
10/10 15:26:37:439 Loi xay ra khi tao file excel:null
10/10 15:26:37:449 Send mail [Weekly Report10-10-2013 15] to [trungnq@nms.com.vn] from [trungnq@nms.com.vn].
10/10 15:26:37:789 End of process session
10/10 15:27:13:795 Weekly Report stopped
10/10 15:27:15:606 Weekly Report started
10/10 15:27:15:636 Starting process session
10/10 15:27:35:639 Thread destroyed
10/10 15:27:40:630 Weekly Report started
10/10 15:27:40:650 Starting process session
10/10 15:27:41:050 Loi xay ra khi tao noi dung  excel:null
10/10 15:27:41:050 Loi xay ra khi tao file excel:null
10/10 15:27:41:060 Send mail [Weekly Report10-10-2013 15] to [trungnq@nms.com.vn] from [trungnq@nms.com.vn].
10/10 15:29:04:679 Thread destroyed
10/10 15:29:19:671 Weekly Report started
10/10 15:29:19:691 Starting process session
10/10 15:29:20:011 Loi xay ra khi tao noi dung  excel:null
10/10 15:29:20:011 Loi xay ra khi tao file excel:null
10/10 15:29:20:021 Send mail [Weekly Report10-10-2013 15] to [trungnq@nms.com.vn] from [trungnq@nms.com.vn].
10/10 16:24:20:394 Weekly Report started
10/10 16:24:32:319 Starting process session
10/10 16:26:27:307 Weekly Report started
10/10 16:26:36:095 Starting process session
10/10 16:33:56:184 Weekly Report started
10/10 16:34:18:019 Starting process session
10/10 17:08:05:666 Weekly Report started
10/10 17:08:16:858 Starting process session
10/10 17:09:17:898 Weekly Report started
10/10 17:09:23:919 Starting process session
10/10 17:10:39:184 Weekly Report started
10/10 17:10:51:357 Starting process session
10/10 17:12:15:889 Weekly Report started
10/10 17:12:22:220 Starting process session
