16/09 08:50:29:415 Add Hoc Camp Thread started
16/09 08:50:29:438 Starting process session
16/09 08:51:20:538 End of process session
16/09 08:51:20:539 Add Hoc Camp Thread stopped
16/09 08:55:06:766 Add Hoc Camp Thread started
16/09 08:55:06:830 Starting process session
16/09 08:57:18:788 End of process session
16/09 08:57:18:788 Add Hoc Camp Thread stopped
16/09 09:07:57:541 Add Hoc Camp Thread started
16/09 09:07:57:562 Starting process session
16/09 09:08:43:779 End of process session
16/09 09:08:43:780 Add Hoc Camp Thread stopped
16/09 09:08:46:566 Add Hoc Camp Thread started
16/09 09:08:46:588 Starting process session
16/09 09:09:08:868 End of process session
16/09 09:09:08:870 Add Hoc Camp Thread stopped
16/09 09:09:21:589 Add Hoc Camp Thread started
16/09 09:09:21:612 Starting process session
16/09 09:10:19:609 End of process session
16/09 09:10:19:610 Add Hoc Camp Thread stopped
16/09 09:10:22:625 Add Hoc Camp Thread started
16/09 09:10:22:650 Starting process session
16/09 09:11:08:294 Add Hoc Camp Thread started
16/09 09:11:08:320 Starting process session
16/09 09:21:27:554 End of process session
16/09 09:21:27:556 Add Hoc Camp Thread stopped
16/09 09:21:44:483 Add Hoc Camp Thread started
16/09 09:21:44:506 Starting process session
16/09 09:22:07:936 End of process session
16/09 09:22:07:937 Add Hoc Camp Thread stopped
16/09 09:29:04:636 Add Hoc Camp Thread started
16/09 09:29:04:660 Starting process session
16/09 09:37:51:330 Add Hoc Camp Thread started
16/09 09:37:51:352 Starting process session
16/09 09:37:54:414 End of process session
16/09 09:37:54:415 Add Hoc Camp Thread stopped
16/09 09:38:56:598 Add Hoc Camp Thread started
16/09 09:38:56:621 Starting process session
16/09 09:40:14:604 Add Hoc Camp Thread started
16/09 09:40:14:627 Starting process session
16/09 09:40:55:748 End of process session
16/09 09:40:55:749 Add Hoc Camp Thread stopped
16/09 09:41:36:636 Add Hoc Camp Thread started
16/09 09:41:36:657 Starting process session
16/09 09:42:06:210 End of process session
16/09 09:42:06:211 Add Hoc Camp Thread stopped
16/09 09:42:44:665 Add Hoc Camp Thread started
16/09 09:42:44:686 Starting process session
16/09 09:42:54:094 update subscriberbalance set balanceAmount = 2000.0, cumulationAmount = 2000.0 where isdn = 84922000512 
16/09 09:46:31:720 End of process session
16/09 09:46:31:721 Add Hoc Camp Thread stopped
16/09 09:46:35:789 Add Hoc Camp Thread started
16/09 09:46:35:813 Starting process session
16/09 09:46:40:752 update subscriberbalance set balanceAmount = 2000.0, cumulationAmount = 2000.0 where isdn = 84922000512 
16/09 09:46:40:760 End of process session
16/09 09:46:40:760 Add Hoc Camp Thread stopped
16/09 09:47:39:824 Add Hoc Camp Thread started
16/09 09:47:39:853 Starting process session
16/09 09:48:19:895 update subscriberbalance set balanceAmount = 2000.0, cumulationAmount = 2000.0 where isdn = 84922000512 
16/09 09:48:34:817 update subscriberbalance set balanceAmount = 2000.0, cumulationAmount = 2000.0 where isdn = 84922000512 
16/09 09:48:34:983 update subscriberbalance set balanceAmount = 2000.0, cumulationAmount = 2000.0 where isdn = 84922000512 
16/09 09:51:51:099 Add Hoc Camp Thread started
16/09 09:51:51:123 Starting process session
16/09 09:51:51:166 update subscriberbalance set balanceAmount = 2000.0, cumulationAmount = 2000.0 where isdn = 84922000512 
16/09 09:51:51:292 update subscriberbalance set balanceAmount = 2000.0, cumulationAmount = 2000.0 where isdn = 84922000512 
16/09 09:51:51:433 update subscriberbalance set balanceAmount = 2000.0, cumulationAmount = 2000.0 where isdn = 84922000512 
16/09 09:51:51:559 update subscriberbalance set balanceAmount = 2000.0, cumulationAmount = 2000.0 where isdn = 84922000512 
16/09 09:51:51:686 update subscriberbalance set balanceAmount = 2000.0, cumulationAmount = 2000.0 where isdn = 84922000512 
16/09 09:51:51:813 update subscriberbalance set balanceAmount = 2000.0, cumulationAmount = 2000.0 where isdn = 84922000512 
16/09 09:51:51:932 update subscriberbalance set balanceAmount = 2000.0, cumulationAmount = 2000.0 where isdn = 84922000512 
16/09 09:51:52:052 update subscriberbalance set balanceAmount = 2000.0, cumulationAmount = 2000.0 where isdn = 84922000512 
16/09 09:51:52:168 update subscriberbalance set balanceAmount = 2000.0, cumulationAmount = 2000.0 where isdn = 84922000512 
16/09 09:51:52:288 update subscriberbalance set balanceAmount = 2000.0, cumulationAmount = 2000.0 where isdn = 84922000512 
16/09 09:51:52:410 update subscriberbalance set balanceAmount = 2000.0, cumulationAmount = 2000.0 where isdn = 84922000512 
16/09 09:51:52:526 update subscriberbalance set balanceAmount = 2000.0, cumulationAmount = 2000.0 where isdn = 84922000512 
16/09 09:51:52:639 update subscriberbalance set balanceAmount = 2000.0, cumulationAmount = 2000.0 where isdn = 84922000512 
16/09 09:51:52:754 update subscriberbalance set balanceAmount = 2000.0, cumulationAmount = 2000.0 where isdn = 84922000512 
16/09 09:51:52:869 update subscriberbalance set balanceAmount = 2000.0, cumulationAmount = 2000.0 where isdn = 84922000512 
16/09 09:51:52:988 update subscriberbalance set balanceAmount = 2000.0, cumulationAmount = 2000.0 where isdn = 84922000512 
16/09 09:51:53:104 update subscriberbalance set balanceAmount = 2000.0, cumulationAmount = 2000.0 where isdn = 84922000512 
16/09 09:51:53:219 update subscriberbalance set balanceAmount = 2000.0, cumulationAmount = 2000.0 where isdn = 84922000512 
16/09 09:51:53:335 update subscriberbalance set balanceAmount = 2000.0, cumulationAmount = 2000.0 where isdn = 84922000512 
16/09 09:51:53:452 update subscriberbalance set balanceAmount = 2000.0, cumulationAmount = 2000.0 where isdn = 84922000512 
16/09 09:51:53:569 update subscriberbalance set balanceAmount = 2000.0, cumulationAmount = 2000.0 where isdn = 84922000512 
16/09 09:51:53:685 update subscriberbalance set balanceAmount = 2000.0, cumulationAmount = 2000.0 where isdn = 84922000512 
16/09 09:51:53:799 update subscriberbalance set balanceAmount = 2000.0, cumulationAmount = 2000.0 where isdn = 84922000512 
16/09 09:51:53:913 update subscriberbalance set balanceAmount = 2000.0, cumulationAmount = 2000.0 where isdn = 84922000512 
16/09 09:51:54:025 update subscriberbalance set balanceAmount = 2000.0, cumulationAmount = 2000.0 where isdn = 84922000512 
16/09 09:51:54:137 update subscriberbalance set balanceAmount = 2000.0, cumulationAmount = 2000.0 where isdn = 84922000512 
16/09 09:51:54:249 update subscriberbalance set balanceAmount = 2000.0, cumulationAmount = 2000.0 where isdn = 84922000512 
16/09 09:51:54:361 update subscriberbalance set balanceAmount = 2000.0, cumulationAmount = 2000.0 where isdn = 84922000512 
16/09 09:51:54:475 update subscriberbalance set balanceAmount = 2000.0, cumulationAmount = 2000.0 where isdn = 84922000512 
16/09 09:51:54:588 update subscriberbalance set balanceAmount = 2000.0, cumulationAmount = 2000.0 where isdn = 84922000512 
16/09 09:51:54:702 update subscriberbalance set balanceAmount = 2000.0, cumulationAmount = 2000.0 where isdn = 84922000512 
16/09 09:51:54:814 update subscriberbalance set balanceAmount = 2000.0, cumulationAmount = 2000.0 where isdn = 84922000512 
16/09 09:51:54:936 update subscriberbalance set balanceAmount = 2000.0, cumulationAmount = 2000.0 where isdn = 84922000512 
16/09 09:51:55:049 update subscriberbalance set balanceAmount = 2000.0, cumulationAmount = 2000.0 where isdn = 84922000512 
16/09 09:51:55:154 Close queue connection pool.
16/09 09:51:55:158 End of process session
16/09 09:51:55:159 Add Hoc Camp Thread stopped
16/09 09:52:57:128 Add Hoc Camp Thread started
16/09 09:52:57:150 Starting process session
16/09 09:52:57:168 update subscriberbalance set balanceAmount = 2000.0, cumulationAmount = 2000.0 where isdn = 84922000512 
16/09 09:52:57:279 update subscriberbalance set balanceAmount = 2000.0, cumulationAmount = 2000.0 where isdn = 84922000512 
16/09 09:52:57:392 update subscriberbalance set balanceAmount = 2000.0, cumulationAmount = 2000.0 where isdn = 84922000512 
16/09 09:52:57:506 update subscriberbalance set balanceAmount = 2000.0, cumulationAmount = 2000.0 where isdn = 84922000512 
16/09 09:52:57:617 update subscriberbalance set balanceAmount = 2000.0, cumulationAmount = 2000.0 where isdn = 84922000512 
16/09 09:52:57:729 update subscriberbalance set balanceAmount = 2000.0, cumulationAmount = 2000.0 where isdn = 84922000512 
16/09 09:52:57:840 update subscriberbalance set balanceAmount = 2000.0, cumulationAmount = 2000.0 where isdn = 84922000512 
16/09 09:52:57:953 update subscriberbalance set balanceAmount = 2000.0, cumulationAmount = 2000.0 where isdn = 84922000512 
16/09 09:52:58:065 update subscriberbalance set balanceAmount = 2000.0, cumulationAmount = 2000.0 where isdn = 84922000512 
16/09 09:52:58:178 update subscriberbalance set balanceAmount = 2000.0, cumulationAmount = 2000.0 where isdn = 84922000512 
16/09 09:52:58:290 update subscriberbalance set balanceAmount = 2000.0, cumulationAmount = 2000.0 where isdn = 84922000512 
16/09 09:52:58:403 update subscriberbalance set balanceAmount = 2000.0, cumulationAmount = 2000.0 where isdn = 84922000512 
16/09 09:52:58:514 update subscriberbalance set balanceAmount = 2000.0, cumulationAmount = 2000.0 where isdn = 84922000512 
16/09 09:52:58:627 update subscriberbalance set balanceAmount = 2000.0, cumulationAmount = 2000.0 where isdn = 84922000512 
16/09 09:52:58:739 update subscriberbalance set balanceAmount = 2000.0, cumulationAmount = 2000.0 where isdn = 84922000512 
16/09 09:52:58:850 update subscriberbalance set balanceAmount = 2000.0, cumulationAmount = 2000.0 where isdn = 84922000512 
16/09 09:52:58:962 update subscriberbalance set balanceAmount = 2000.0, cumulationAmount = 2000.0 where isdn = 84922000512 
16/09 09:52:59:073 update subscriberbalance set balanceAmount = 2000.0, cumulationAmount = 2000.0 where isdn = 84922000512 
16/09 09:52:59:178 Close queue connection pool.
16/09 09:52:59:183 End of process session
16/09 09:52:59:185 Add Hoc Camp Thread stopped
16/09 09:53:33:344 Add Hoc Camp Thread started
16/09 09:53:33:367 Starting process session
16/09 09:53:33:415 update subscriberbalance set balanceAmount = 2000.0, cumulationAmount = 2000.0 where isdn = 84922000512 
16/09 09:53:33:422 false
16/09 09:53:33:539 update subscriberbalance set balanceAmount = 2000.0, cumulationAmount = 2000.0 where isdn = 84922000512 
16/09 09:53:33:543 false
16/09 09:53:33:664 update subscriberbalance set balanceAmount = 2000.0, cumulationAmount = 2000.0 where isdn = 84922000512 
16/09 09:53:33:667 false
16/09 09:53:33:776 update subscriberbalance set balanceAmount = 2000.0, cumulationAmount = 2000.0 where isdn = 84922000512 
16/09 09:53:33:779 false
16/09 09:53:33:889 update subscriberbalance set balanceAmount = 2000.0, cumulationAmount = 2000.0 where isdn = 84922000512 
16/09 09:53:33:892 false
16/09 09:53:34:009 update subscriberbalance set balanceAmount = 2000.0, cumulationAmount = 2000.0 where isdn = 84922000512 
16/09 09:53:34:012 false
16/09 09:53:34:121 update subscriberbalance set balanceAmount = 2000.0, cumulationAmount = 2000.0 where isdn = 84922000512 
16/09 09:53:34:123 false
16/09 09:53:34:241 update subscriberbalance set balanceAmount = 2000.0, cumulationAmount = 2000.0 where isdn = 84922000512 
16/09 09:53:34:243 false
16/09 09:53:34:354 update subscriberbalance set balanceAmount = 2000.0, cumulationAmount = 2000.0 where isdn = 84922000512 
16/09 09:53:34:357 false
16/09 09:53:34:468 update subscriberbalance set balanceAmount = 2000.0, cumulationAmount = 2000.0 where isdn = 84922000512 
16/09 09:53:34:471 false
16/09 09:53:34:580 update subscriberbalance set balanceAmount = 2000.0, cumulationAmount = 2000.0 where isdn = 84922000512 
16/09 09:53:34:584 false
16/09 09:53:34:694 update subscriberbalance set balanceAmount = 2000.0, cumulationAmount = 2000.0 where isdn = 84922000512 
16/09 09:53:34:697 false
16/09 09:53:34:808 update subscriberbalance set balanceAmount = 2000.0, cumulationAmount = 2000.0 where isdn = 84922000512 
16/09 09:53:34:811 false
16/09 09:53:34:921 update subscriberbalance set balanceAmount = 2000.0, cumulationAmount = 2000.0 where isdn = 84922000512 
16/09 09:53:34:924 false
16/09 09:53:35:035 update subscriberbalance set balanceAmount = 2000.0, cumulationAmount = 2000.0 where isdn = 84922000512 
16/09 09:53:35:038 false
16/09 09:53:35:148 update subscriberbalance set balanceAmount = 2000.0, cumulationAmount = 2000.0 where isdn = 84922000512 
16/09 09:53:35:151 false
16/09 09:53:35:262 update subscriberbalance set balanceAmount = 2000.0, cumulationAmount = 2000.0 where isdn = 84922000512 
16/09 09:53:35:268 false
16/09 09:53:35:371 Close queue connection pool.
16/09 09:53:35:374 End of process session
16/09 09:53:35:374 Add Hoc Camp Thread stopped
16/09 09:56:59:389 Add Hoc Camp Thread started
16/09 09:56:59:414 Starting process session
16/09 09:56:59:441 update subscriberbalance set balanceAmount = 2000.0, cumulationAmount = 2000.0 where isdn = 84922000512 
16/09 09:56:59:444 false
16/09 09:56:59:553 update subscriberbalance set balanceAmount = 2000.0, cumulationAmount = 2000.0 where isdn = 84922000512 
16/09 09:56:59:556 false
16/09 09:56:59:665 update subscriberbalance set balanceAmount = 2000.0, cumulationAmount = 2000.0 where isdn = 84922000512 
16/09 09:56:59:668 false
16/09 09:56:59:778 update subscriberbalance set balanceAmount = 2000.0, cumulationAmount = 2000.0 where isdn = 84922000512 
16/09 09:56:59:780 false
16/09 09:56:59:907 update subscriberbalance set balanceAmount = 2000.0, cumulationAmount = 2000.0 where isdn = 84922000512 
16/09 09:56:59:910 false
16/09 09:57:00:020 update subscriberbalance set balanceAmount = 2000.0, cumulationAmount = 2000.0 where isdn = 84922000512 
16/09 09:57:00:023 false
16/09 09:57:00:133 update subscriberbalance set balanceAmount = 2000.0, cumulationAmount = 2000.0 where isdn = 84922000512 
16/09 09:57:00:135 false
16/09 09:57:00:244 update subscriberbalance set balanceAmount = 2000.0, cumulationAmount = 2000.0 where isdn = 84922000512 
16/09 09:57:00:247 false
16/09 09:57:00:357 update subscriberbalance set balanceAmount = 2000.0, cumulationAmount = 2000.0 where isdn = 84922000512 
16/09 09:57:00:359 false
16/09 09:57:00:469 update subscriberbalance set balanceAmount = 2000.0, cumulationAmount = 2000.0 where isdn = 84922000512 
16/09 09:57:00:471 false
16/09 09:57:00:580 update subscriberbalance set balanceAmount = 2000.0, cumulationAmount = 2000.0 where isdn = 84922000512 
16/09 09:57:00:585 false
16/09 09:57:00:695 update subscriberbalance set balanceAmount = 2000.0, cumulationAmount = 2000.0 where isdn = 84922000512 
16/09 09:57:00:697 false
16/09 09:57:00:806 update subscriberbalance set balanceAmount = 2000.0, cumulationAmount = 2000.0 where isdn = 84922000512 
16/09 09:57:00:808 false
16/09 09:57:00:917 update subscriberbalance set balanceAmount = 2000.0, cumulationAmount = 2000.0 where isdn = 84922000512 
16/09 09:57:00:920 false
16/09 09:57:01:029 update subscriberbalance set balanceAmount = 2000.0, cumulationAmount = 2000.0 where isdn = 84922000512 
16/09 09:57:01:032 false
16/09 09:57:01:142 update subscriberbalance set balanceAmount = 2000.0, cumulationAmount = 2000.0 where isdn = 84922000512 
16/09 09:57:01:145 false
16/09 09:57:01:265 update subscriberbalance set balanceAmount = 2000.0, cumulationAmount = 2000.0 where isdn = 84922000512 
16/09 09:57:01:269 false
16/09 09:57:01:394 update subscriberbalance set balanceAmount = 2000.0, cumulationAmount = 2000.0 where isdn = 84922000512 
16/09 09:57:01:397 false
16/09 09:57:01:505 update subscriberbalance set balanceAmount = 2000.0, cumulationAmount = 2000.0 where isdn = 84922000512 
16/09 09:57:01:507 false
16/09 09:57:01:617 update subscriberbalance set balanceAmount = 2000.0, cumulationAmount = 2000.0 where isdn = 84922000512 
16/09 09:57:01:620 false
16/09 09:57:01:729 update subscriberbalance set balanceAmount = 2000.0, cumulationAmount = 2000.0 where isdn = 84922000512 
16/09 09:57:01:731 false
16/09 09:57:01:841 update subscriberbalance set balanceAmount = 2000.0, cumulationAmount = 2000.0 where isdn = 84922000512 
16/09 09:57:01:844 false
16/09 09:57:01:952 update subscriberbalance set balanceAmount = 2000.0, cumulationAmount = 2000.0 where isdn = 84922000512 
16/09 09:57:01:954 false
16/09 09:57:02:063 update subscriberbalance set balanceAmount = 2000.0, cumulationAmount = 2000.0 where isdn = 84922000512 
16/09 09:57:02:066 false
16/09 09:57:02:176 update subscriberbalance set balanceAmount = 2000.0, cumulationAmount = 2000.0 where isdn = 84922000512 
16/09 09:57:02:178 false
16/09 09:57:02:287 update subscriberbalance set balanceAmount = 2000.0, cumulationAmount = 2000.0 where isdn = 84922000512 
16/09 09:57:02:289 false
16/09 09:57:02:391 Close queue connection pool.
16/09 09:57:02:394 End of process session
16/09 09:57:02:396 Add Hoc Camp Thread stopped
16/09 09:57:11:408 Add Hoc Camp Thread started
16/09 09:57:11:432 Starting process session
16/09 09:57:11:451 update subscriberbalance set balanceAmount = 2000.0, cumulationAmount = 2000.0 where isdn = 84922000512 
16/09 09:57:11:454 false
16/09 09:57:11:456 Close queue connection pool.
16/09 09:57:11:458 End of process session
16/09 09:57:16:459 Add Hoc Camp Thread stopped
16/09 10:03:42:607 Add Hoc Camp Thread started
16/09 10:03:42:630 Starting process session
16/09 10:03:42:680 false
16/09 10:03:42:683 Close queue connection pool.
16/09 10:03:42:689 End of process session
16/09 10:03:45:691 Add Hoc Camp Thread stopped
16/09 10:06:58:500 Add Hoc Camp Thread started
16/09 10:06:58:524 Starting process session
16/09 10:06:58:569 0
16/09 10:06:58:571 Close queue connection pool.
16/09 10:06:58:574 End of process session
16/09 10:07:03:574 Add Hoc Camp Thread stopped
16/09 10:12:00:618 Add Hoc Camp Thread started
16/09 10:12:00:638 Starting process session
16/09 10:12:01:035 com.mchange.v2.c3p0.impl.NewProxyResultSet@1a85608
16/09 10:12:01:037 Close queue connection pool.
16/09 10:12:01:040 End of process session
16/09 10:12:06:044 Add Hoc Camp Thread stopped
16/09 10:12:27:642 Add Hoc Camp Thread started
16/09 10:12:27:665 Starting process session
16/09 10:12:51:299 com.mchange.v2.c3p0.impl.NewProxyResultSet@936956
16/09 10:12:51:301 Close queue connection pool.
16/09 10:12:51:317 End of process session
16/09 10:14:31:338 Starting process session
16/09 10:17:55:754 Add Hoc Camp Thread started
16/09 10:17:55:777 Starting process session
16/09 10:19:58:054 Add Hoc Camp Thread started
16/09 10:19:59:125 Starting process session
16/09 10:22:04:966 com.mchange.v2.c3p0.impl.NewProxyResultSet@bbe677
16/09 10:22:04:969 Close queue connection pool.
16/09 10:22:04:975 End of process session
16/09 10:22:51:978 Add Hoc Camp Thread stopped
16/09 10:22:55:103 Add Hoc Camp Thread started
16/09 10:22:55:127 Starting process session
16/09 10:25:26:779 com.mchange.v2.c3p0.impl.NewProxyResultSet@e3a006
16/09 10:25:26:782 Close queue connection pool.
16/09 10:25:26:791 End of process session
16/09 10:25:57:821 Add Hoc Camp Thread stopped
16/09 10:26:01:138 Add Hoc Camp Thread started
16/09 10:26:01:163 Starting process session
16/09 10:26:12:613 isdn: 84922000512
16/09 10:26:20:175 com.mchange.v2.c3p0.impl.NewProxyResultSet@18c85dd
16/09 10:26:20:178 Close queue connection pool.
16/09 10:26:20:187 End of process session
16/09 10:27:39:192 Add Hoc Camp Thread stopped
16/09 10:27:42:163 Add Hoc Camp Thread started
16/09 10:27:42:186 Starting process session
16/09 10:27:53:699 Close queue connection pool.
16/09 10:27:53:706 End of process session
16/09 10:28:11:709 Add Hoc Camp Thread stopped
16/09 10:28:13:187 Add Hoc Camp Thread started
16/09 10:28:13:208 Starting process session
16/09 10:28:30:883 com.mchange.v2.c3p0.impl.NewProxyResultSet@1016f9e
16/09 10:28:30:886 Close queue connection pool.
16/09 10:28:30:893 End of process session
16/09 10:30:10:899 Starting process session
16/09 10:30:16:051 com.mchange.v2.c3p0.impl.NewProxyResultSet@1c491e0
16/09 10:30:16:054 Close queue connection pool.
16/09 10:30:16:061 End of process session
16/09 10:30:36:063 Add Hoc Camp Thread stopped
16/09 10:30:37:218 Add Hoc Camp Thread started
16/09 10:30:37:242 Starting process session
16/09 10:32:58:767 isdn: 84922000512
16/09 10:32:58:769 com.mchange.v2.c3p0.impl.NewProxyResultSet@113532b
16/09 10:32:58:771 Close queue connection pool.
16/09 10:32:58:778 End of process session
16/09 10:33:06:779 Add Hoc Camp Thread stopped
16/09 10:33:08:254 Add Hoc Camp Thread started
16/09 10:33:08:278 Starting process session
16/09 10:33:40:723 com.mchange.v2.c3p0.impl.NewProxyResultSet@39f63e
16/09 10:33:40:726 Close queue connection pool.
16/09 10:33:40:731 End of process session
16/09 10:33:45:734 Add Hoc Camp Thread stopped
16/09 10:33:47:276 Add Hoc Camp Thread started
16/09 10:33:47:300 Starting process session
16/09 10:35:20:103 isdn: 84922000512
16/09 10:35:20:105 com.mchange.v2.c3p0.impl.NewProxyResultSet@126ff0f
16/09 10:35:20:107 Close queue connection pool.
16/09 10:35:20:113 End of process session
16/09 10:35:25:113 Add Hoc Camp Thread stopped
16/09 10:35:26:301 Add Hoc Camp Thread started
16/09 10:35:26:323 Starting process session
16/09 10:36:01:285 isdn: 84922000512
16/09 10:36:01:285 com.mchange.v2.c3p0.impl.NewProxyResultSet@8fa61d
16/09 10:36:01:287 Close queue connection pool.
16/09 10:36:01:296 End of process session
16/09 10:37:41:302 Starting process session
16/09 11:24:36:265 Add Hoc Camp Thread started
16/09 11:24:39:384 Starting process session
16/09 11:24:43:839 Close queue connection pool.
16/09 11:24:43:947 End of process session
16/09 11:24:43:948 Add Hoc Camp Thread stopped
16/09 11:25:14:371 Add Hoc Camp Thread started
16/09 11:25:14:392 Starting process session
16/09 11:25:14:588 java.lang.NullPointerException: null
16/09 11:25:14:588 Close queue connection pool.
16/09 11:25:14:591 End of process session
16/09 11:26:54:599 Starting process session
16/09 11:26:54:697 java.lang.NullPointerException: null
16/09 11:26:54:697 Close queue connection pool.
16/09 11:26:54:700 End of process session
16/09 11:27:34:069 Add Hoc Camp Thread started
16/09 11:27:34:092 Starting process session
16/09 11:27:34:215 Close queue connection pool.
16/09 11:27:34:222 End of process session
16/09 11:30:16:289 Add Hoc Camp Thread started
16/09 11:30:16:312 Starting process session
16/09 11:30:51:264 Close queue connection pool.
16/09 11:30:51:283 End of process session
16/09 11:30:51:284 Add Hoc Camp Thread stopped
16/09 11:30:55:311 Add Hoc Camp Thread started
16/09 11:30:55:334 Starting process session
16/09 11:31:03:107 Close queue connection pool.
16/09 11:31:03:118 End of process session
16/09 11:31:14:120 Add Hoc Camp Thread stopped
16/09 11:42:07:376 Add Hoc Camp Thread started
16/09 11:42:07:397 Starting process session
16/09 11:44:30:874 Add Hoc Camp Thread started
16/09 11:44:30:900 Starting process session
16/09 11:48:57:826 Add Hoc Camp Thread started
16/09 11:48:58:921 Starting process session
16/09 13:31:08:266 Add Hoc Camp Thread started
16/09 13:31:08:323 Starting process session
16/09 13:36:25:241 Add Hoc Camp Thread started
16/09 13:36:25:268 Starting process session
16/09 13:39:59:340 Add Hoc Camp Thread started
16/09 13:39:59:366 Starting process session
16/09 13:43:11:154 Add Hoc Camp Thread started
16/09 13:43:11:189 Starting process session
16/09 13:44:35:411 Add Hoc Camp Thread started
16/09 13:44:36:479 Starting process session
16/09 13:45:58:477 Add Hoc Camp Thread started
16/09 13:45:59:468 Starting process session
16/09 13:49:10:532 Add Hoc Camp Thread started
16/09 13:49:11:503 Starting process session
16/09 13:50:03:751 com.mchange.v2.c3p0.impl.NewProxyResultSet@b6d990
16/09 13:50:04:124 End of process session
16/09 13:50:04:125 Add Hoc Camp Thread stopped
16/09 13:50:05:559 Add Hoc Camp Thread started
16/09 13:50:05:580 Starting process session
16/09 13:50:47:637 com.mchange.v2.c3p0.impl.NewProxyResultSet@333b2e
16/09 13:50:58:380 End of process session
16/09 13:51:11:449 Add Hoc Camp Thread stopped
16/09 13:54:12:318 Add Hoc Camp Thread started
16/09 13:54:12:345 Starting process session
16/09 13:58:49:044 com.mchange.v2.c3p0.impl.NewProxyResultSet@1cab161
16/09 13:58:49:050 End of process session
16/09 13:58:49:053 Add Hoc Camp Thread stopped
16/09 14:00:31:532 Add Hoc Camp Thread started
16/09 14:00:32:551 Starting process session
16/09 14:02:59:180 Add Hoc Camp Thread started
16/09 14:02:59:944 Starting process session
16/09 14:03:04:188 com.mchange.v2.c3p0.impl.NewProxyResultSet@1971eb3
16/09 14:03:04:562 End of process session
16/09 14:03:04:563 Add Hoc Camp Thread stopped
16/09 14:16:13:294 Add Hoc Camp Thread started
16/09 14:16:13:315 Starting process session
16/09 14:16:27:296 com.mchange.v2.c3p0.impl.NewProxyResultSet@132f2b2
16/09 14:16:27:297 End of process session
16/09 14:16:27:298 Add Hoc Camp Thread stopped
16/09 14:16:29:314 Add Hoc Camp Thread started
16/09 14:16:29:335 Starting process session
16/09 14:22:07:641 Add Hoc Camp Thread started
16/09 14:22:07:668 Starting process session
16/09 14:22:46:595 com.mchange.v2.c3p0.impl.NewProxyResultSet@127a6bc
16/09 14:22:59:090 End of process session
16/09 14:23:01:478 Add Hoc Camp Thread stopped
16/09 14:23:02:667 Add Hoc Camp Thread started
16/09 14:23:02:689 Starting process session
16/09 14:29:20:564 Add Hoc Camp Thread started
16/09 14:29:20:589 Starting process session
16/09 14:29:24:611 End of process session
16/09 14:29:24:612 Add Hoc Camp Thread stopped
16/09 14:30:39:593 Add Hoc Camp Thread started
16/09 14:30:39:620 Starting process session
16/09 14:30:52:522 End of process session
16/09 14:30:52:524 Add Hoc Camp Thread stopped
16/09 14:34:58:100 Add Hoc Camp Thread started
16/09 14:34:58:127 Starting process session
16/09 14:42:09:893 End of process session
16/09 14:42:09:894 Add Hoc Camp Thread stopped
16/09 14:42:11:197 Add Hoc Camp Thread started
16/09 14:42:11:220 Starting process session
16/09 14:42:52:898 End of process session
16/09 14:42:52:900 Add Hoc Camp Thread stopped
16/09 14:51:18:415 Add Hoc Camp Thread started
16/09 14:51:18:437 Starting process session
16/09 14:59:05:472 Add Hoc Camp Thread started
16/09 14:59:05:497 Starting process session
16/09 16:56:50:581 Add Hoc Camp Thread started
16/09 16:56:54:312 Starting process session
16/09 17:00:59:974 Add Hoc Camp Thread started
16/09 17:00:59:999 Starting process session
16/09 17:59:54:435 Add Hoc Camp Thread started
16/09 17:59:54:460 Starting process session
16/09 18:00:50:952 java.sql.SQLException: You can't operate on a closed ResultSet!!!
16/09 18:09:14:659 Add Hoc Camp Thread started
16/09 18:09:15:760 Starting process session
16/09 18:09:49:162 java.sql.SQLException: You can't operate on a closed ResultSet!!!
16/09 18:09:49:165 End of process session
16/09 18:10:59:170 Add Hoc Camp Thread stopped
16/09 18:11:00:687 Add Hoc Camp Thread started
16/09 18:11:00:710 Starting process session
