05/09 08:46:51:651 CB started
05/09 08:46:55:023 Testing connection ...
05/09 08:47:16:213 open connection is fail
05/09 08:47:16:224 com.adc.eji.tre.TreChainedException: <E00000> The message for Message ID 12142 does not exist.
05/09 08:47:16:225 Starting process session
05/09 08:47:16:325 Total 0 instances are started
05/09 08:47:16:327 Total 1 instances are added
05/09 08:53:25:610 CB started
05/09 08:53:28:897 Testing connection ...
05/09 08:53:49:988 open connection is fail
05/09 08:53:49:997 com.adc.eji.tre.TreChainedException: <E00000> The message for Message ID 12142 does not exist.
05/09 08:53:49:997 Starting process session
05/09 08:53:50:098 Total 0 instances are started
05/09 08:53:50:099 Total 1 instances are added
05/09 08:58:23:451 CB started
05/09 08:58:26:585 Testing connection ...
05/09 08:58:47:702 open connection is fail
05/09 08:58:47:712 com.adc.eji.tre.TreChainedException: <E00000> The message for Message ID 12142 does not exist.
05/09 08:58:47:712 Starting process session
05/09 08:58:47:812 Total 0 instances are started
05/09 08:58:47:813 Total 1 instances are added
05/09 09:02:23:484 CB started
05/09 09:02:26:670 Testing connection ...
05/09 09:02:47:788 open connection is fail
05/09 09:02:47:795 com.adc.eji.tre.TreChainedException: <E00000> The message for Message ID 12142 does not exist.
05/09 09:02:47:796 Starting process session
05/09 09:02:47:896 Total 0 instances are started
05/09 09:02:47:897 Total 1 instances are added
05/09 09:03:44:106 CB started
05/09 09:03:47:281 Testing connection ...
05/09 09:04:15:888 CB started
05/09 09:04:18:487 Testing connection ...
05/09 09:04:39:618 open connection is fail
05/09 09:04:39:627 com.adc.eji.tre.TreChainedException: <E00000> The message for Message ID 12142 does not exist.
05/09 09:04:39:628 Starting process session
05/09 09:04:39:729 Total 0 instances are started
05/09 09:04:39:730 Total 1 instances are added
05/09 09:10:25:269 CB started
05/09 09:10:28:427 Testing connection ...
05/09 09:10:49:554 open connection is fail
05/09 09:10:49:607 com.adc.eji.tre.TreChainedException: <E00000> The message for Message ID 12142 does not exist.
05/09 09:10:49:608 Starting process session
05/09 09:10:49:709 Total 0 instances are started
05/09 09:10:49:710 Total 1 instances are added
05/09 09:10:49:812 Total 0 instances are started
05/09 09:10:49:813 Total 1 instances are added
05/09 09:12:06:806 CB started
05/09 09:12:10:179 Testing connection ...
05/09 09:12:31:272 open connection is fail
05/09 09:12:31:286 com.adc.eji.tre.TreChainedException: <E00000> The message for Message ID 12142 does not exist.
05/09 09:12:31:286 Starting process session
05/09 09:12:31:387 Total 0 instances are started
05/09 09:12:31:388 Total 1 instances are added
05/09 09:14:22:824 CB started
05/09 09:14:26:237 Testing connection ...
05/09 09:14:47:386 open connection is fail
05/09 09:14:47:398 com.adc.eji.tre.TreChainedException: <E00000> The message for Message ID 12142 does not exist.
05/09 09:14:47:399 Starting process session
05/09 09:14:47:500 Total 0 instances are started
05/09 09:14:47:501 Total 1 instances are added
05/09 09:16:26:104 CB started
05/09 09:16:29:228 Testing connection ...
05/09 09:16:50:318 open connection is fail
05/09 09:16:50:326 com.adc.eji.tre.TreChainedException: <E00000> The message for Message ID 12142 does not exist.
05/09 09:16:50:327 Starting process session
05/09 09:16:50:427 Total 0 instances are started
05/09 09:16:50:428 Total 1 instances are added
05/09 09:19:03:094 CB started
05/09 09:19:05:264 Testing connection ...
05/09 09:19:26:506 open connection is fail
05/09 09:19:26:520 com.adc.eji.tre.TreChainedException: <E00000> The message for Message ID 12142 does not exist.
05/09 09:19:26:521 Starting process session
05/09 09:19:26:622 Total 0 instances are started
05/09 09:19:26:623 Total 1 instances are added
05/09 09:29:27:810 CB started
05/09 09:29:30:728 Testing connection ...
05/09 09:29:51:942 open connection is fail
05/09 09:29:51:950 com.adc.eji.tre.TreChainedException: <E00000> The message for Message ID 12142 does not exist.
05/09 09:29:51:950 Starting process session
05/09 09:29:52:050 Total 0 instances are started
05/09 09:29:52:051 Total 1 instances are added
05/09 09:29:52:152 Total 0 instances are started
05/09 09:29:52:153 Total 1 instances are added
05/09 09:35:39:328 CB started
05/09 09:35:40:367 Testing connection ...
05/09 09:36:02:712 open connection is fail
05/09 09:36:02:726 com.adc.eji.tre.TreChainedException: <E00000> The message for Message ID 12142 does not exist.
05/09 09:36:02:727 Starting process session
05/09 09:36:02:829 Total 0 instances are started
05/09 09:36:02:830 Total 1 instances are added
05/09 09:36:02:933 Total 0 instances are started
05/09 09:36:02:934 Total 1 instances are added
05/09 09:40:48:078 CB started
05/09 09:40:51:339 Testing connection ...
05/09 09:41:12:424 open connection is fail
05/09 09:41:12:435 com.adc.eji.tre.TreChainedException: <E00000> The message for Message ID 12142 does not exist.
05/09 09:41:12:435 Starting process session
05/09 09:41:12:536 Total 0 instances are started
05/09 09:41:12:537 Total 1 instances are added
05/09 09:44:07:784 CB started
05/09 09:44:10:811 Testing connection ...
05/09 09:44:31:900 open connection is fail
05/09 09:44:31:911 com.adc.eji.tre.TreChainedException: <E00000> The message for Message ID 12142 does not exist.
05/09 09:44:31:911 Starting process session
05/09 09:44:32:012 Total 0 instances are started
05/09 09:44:32:012 Total 1 instances are added
05/09 09:55:52:578 CB started
05/09 09:55:55:301 Testing connection ...
05/09 09:56:16:409 open connection is fail
05/09 09:56:16:421 com.adc.eji.tre.TreChainedException: <E00000> The message for Message ID 12142 does not exist.
05/09 09:56:16:421 Starting process session
05/09 09:56:16:521 Total 0 instances are started
05/09 09:56:16:522 Total 1 instances are added
05/09 10:10:22:024 CB started
05/09 10:10:25:156 Testing connection ...
05/09 10:10:46:356 open connection is fail
05/09 10:10:46:368 com.adc.eji.tre.TreChainedException: <E00000> The message for Message ID 12142 does not exist.
05/09 10:10:46:369 Starting process session
05/09 10:10:46:469 Total 0 instances are started
05/09 10:10:46:470 Total 1 instances are added
05/09 10:19:01:475 CB started
05/09 10:19:04:409 Testing connection ...
05/09 10:19:25:487 open connection is fail
05/09 10:19:25:509 com.adc.eji.tre.TreChainedException: <E00000> The message for Message ID 12142 does not exist.
05/09 10:19:25:509 Starting process session
05/09 10:19:25:610 Total 0 instances are started
05/09 10:19:25:611 Total 1 instances are added
05/09 10:24:04:330 CB started
05/09 10:24:07:276 Testing connection ...
05/09 10:24:28:450 open connection is fail
05/09 10:24:28:462 com.adc.eji.tre.TreChainedException: <E00000> The message for Message ID 12142 does not exist.
05/09 10:24:28:463 Starting process session
05/09 10:24:28:563 Total 0 instances are started
05/09 10:24:28:564 Total 1 instances are added
05/09 11:20:32:949 CB started
05/09 11:20:36:015 Testing connection ...
05/09 11:20:57:147 open connection is fail
05/09 11:20:57:157 com.adc.eji.tre.TreChainedException: <E00000> The message for Message ID 12142 does not exist.
05/09 11:20:57:157 Starting process session
05/09 11:20:57:257 Total 0 instances are started
05/09 11:20:57:258 Total 1 instances are added
05/09 11:36:26:864 CB started
05/09 11:36:29:899 Testing connection ...
05/09 11:36:51:044 open connection is fail
05/09 11:36:51:052 com.adc.eji.tre.TreChainedException: <E00000> The message for Message ID 12142 does not exist.
05/09 11:36:51:053 Starting process session
05/09 11:36:51:153 Total 0 instances are started
05/09 11:36:51:154 Total 1 instances are added
05/09 15:28:22:939 CB started
05/09 15:28:25:730 Testing connection ...
05/09 15:28:46:816 open connection is fail
05/09 15:28:46:834 com.adc.eji.tre.TreChainedException: <E00000> The message for Message ID 12142 does not exist.
05/09 15:28:46:834 Starting process session
05/09 15:28:46:935 Total 0 instances are started
05/09 15:28:46:936 Total 1 instances are added
05/09 15:53:10:546 CB started
05/09 15:53:13:730 Testing connection ...
05/09 15:53:34:855 open connection is fail
05/09 15:53:34:862 com.adc.eji.tre.TreChainedException: <E00000> The message for Message ID 12142 does not exist.
05/09 15:53:34:863 Starting process session
05/09 15:53:34:963 Total 0 instances are started
05/09 15:53:34:964 Total 1 instances are added
05/09 15:57:14:966 CB started
05/09 15:57:18:810 Testing connection ...
05/09 15:57:39:917 open connection is fail
05/09 15:57:39:927 com.adc.eji.tre.TreChainedException: <E00000> The message for Message ID 12142 does not exist.
05/09 15:57:39:928 Starting process session
05/09 15:57:40:033 Total 0 instances are started
05/09 15:57:40:034 Total 1 instances are added
05/09 16:29:36:832 CB started
05/09 16:29:40:089 Testing connection ...
05/09 16:30:01:186 open connection is fail
05/09 16:30:01:201 com.adc.eji.tre.TreChainedException: <E00000> The message for Message ID 12142 does not exist.
05/09 16:30:01:202 Starting process session
05/09 16:30:01:302 Total 0 instances are started
05/09 16:30:01:303 Total 1 instances are added
05/09 16:34:26:413 CB started
05/09 16:34:29:290 Testing connection ...
05/09 16:34:50:411 open connection is fail
05/09 16:34:50:425 com.adc.eji.tre.TreChainedException: <E00000> The message for Message ID 12142 does not exist.
05/09 16:34:50:427 Starting process session
05/09 16:34:50:529 Total 0 instances are started
05/09 16:34:50:530 Total 1 instances are added
05/09 16:34:50:632 Total 0 instances are started
05/09 16:34:50:634 Total 1 instances are added
05/09 16:37:10:867 CB started
05/09 16:37:14:474 Testing connection ...
05/09 16:37:35:574 open connection is fail
05/09 16:37:35:582 com.adc.eji.tre.TreChainedException: <E00000> The message for Message ID 12142 does not exist.
05/09 16:37:35:582 Starting process session
05/09 16:37:35:683 Total 0 instances are started
05/09 16:37:35:684 Total 1 instances are added
05/09 16:39:55:599 CB started
05/09 16:39:57:503 Testing connection ...
05/09 16:40:19:156 open connection is fail
05/09 16:40:19:163 com.adc.eji.tre.TreChainedException: <E00000> The message for Message ID 12142 does not exist.
05/09 16:40:19:164 Starting process session
05/09 16:40:19:264 Total 0 instances are started
05/09 16:40:19:266 Total 1 instances are added
05/09 16:42:16:794 CB started
05/09 16:42:20:449 Testing connection ...
05/09 16:42:41:575 open connection is fail
05/09 16:42:41:586 com.adc.eji.tre.TreChainedException: <E00000> The message for Message ID 12142 does not exist.
05/09 16:42:41:587 Starting process session
05/09 16:42:41:687 Total 0 instances are started
05/09 16:42:41:688 Total 1 instances are added
05/09 16:55:42:087 CB started
05/09 16:55:45:662 Testing connection ...
05/09 16:56:06:802 open connection is fail
05/09 16:56:06:818 com.adc.eji.tre.TreChainedException: <E00000> The message for Message ID 12142 does not exist.
05/09 16:56:06:819 Starting process session
05/09 16:56:06:920 Total 0 instances are started
05/09 16:56:06:921 Total 1 instances are added
05/09 17:02:29:729 CB started
05/09 17:02:33:724 Testing connection ...
05/09 17:02:54:903 open connection is fail
05/09 17:02:54:917 com.adc.eji.tre.TreChainedException: <E00000> The message for Message ID 12142 does not exist.
05/09 17:02:54:918 Starting process session
05/09 17:02:55:019 Total 0 instances are started
05/09 17:02:55:020 Total 1 instances are added
05/09 17:17:55:336 CB started
05/09 17:18:00:482 Testing connection ...
05/09 17:18:21:576 open connection is fail
05/09 17:18:21:587 com.adc.eji.tre.TreChainedException: <E00000> The message for Message ID 12142 does not exist.
05/09 17:18:21:588 Starting process session
05/09 17:18:21:689 Total 0 instances are started
05/09 17:18:21:690 Total 1 instances are added
05/09 17:21:05:965 CB started
05/09 17:21:09:674 Testing connection ...
05/09 17:21:30:789 open connection is fail
05/09 17:21:30:799 com.adc.eji.tre.TreChainedException: <E00000> The message for Message ID 12142 does not exist.
05/09 17:21:30:799 Starting process session
05/09 17:21:30:905 Total 0 instances are started
05/09 17:21:30:906 Total 1 instances are added
05/09 17:21:31:007 Total 0 instances are started
05/09 17:21:31:008 Total 1 instances are added
05/09 17:24:52:838 CB started
05/09 17:24:55:696 Testing connection ...
05/09 17:25:16:839 open connection is fail
05/09 17:25:16:850 com.adc.eji.tre.TreChainedException: <E00000> The message for Message ID 12142 does not exist.
05/09 17:25:16:851 Starting process session
05/09 17:25:16:952 Total 0 instances are started
05/09 17:25:16:954 Total 1 instances are added
05/09 17:51:55:892 CB started
05/09 17:51:59:022 Testing connection ...
05/09 17:52:20:106 open connection is fail
05/09 17:52:20:114 com.adc.eji.tre.TreChainedException: <E00000> The message for Message ID 12142 does not exist.
05/09 17:52:20:114 Starting process session
05/09 17:52:20:215 Total 0 instances are started
05/09 17:52:20:216 Total 1 instances are added
05/09 17:53:26:846 CB started
05/09 17:53:30:050 Testing connection ...
05/09 17:53:51:181 open connection is fail
05/09 17:53:51:191 com.adc.eji.tre.TreChainedException: <E00000> The message for Message ID 12142 does not exist.
05/09 17:53:51:192 Starting process session
05/09 17:53:51:293 Total 0 instances are started
05/09 17:53:51:294 Total 1 instances are added
05/09 17:56:42:737 CB started
05/09 17:56:46:038 Testing connection ...
05/09 17:57:07:129 open connection is fail
05/09 17:57:07:140 com.adc.eji.tre.TreChainedException: <E00000> The message for Message ID 12142 does not exist.
05/09 17:57:07:140 Starting process session
05/09 17:57:07:241 Total 0 instances are started
05/09 17:57:07:242 Total 1 instances are added
05/09 17:59:18:145 CB started
05/09 17:59:21:495 Testing connection ...
05/09 17:59:42:607 open connection is fail
05/09 17:59:42:616 com.adc.eji.tre.TreChainedException: <E00000> The message for Message ID 12142 does not exist.
05/09 17:59:42:617 Starting process session
05/09 17:59:42:717 Total 0 instances are started
05/09 17:59:42:718 Total 1 instances are added
05/09 18:15:28:233 CB started
05/09 18:15:31:390 Testing connection ...
05/09 18:15:52:502 open connection is fail
05/09 18:15:52:516 com.adc.eji.tre.TreChainedException: <E00000> The message for Message ID 12142 does not exist.
05/09 18:15:52:517 Starting process session
05/09 18:15:52:618 Total 0 instances are started
05/09 18:15:52:619 Total 1 instances are added
05/09 18:21:01:308 CB started
05/09 18:21:04:268 Testing connection ...
05/09 18:21:25:371 open connection is fail
05/09 18:21:25:381 com.adc.eji.tre.TreChainedException: <E00000> The message for Message ID 12142 does not exist.
05/09 18:21:25:381 Starting process session
05/09 18:21:25:482 Total 0 instances are started
05/09 18:21:25:483 Total 1 instances are added
05/09 18:21:25:585 Total 0 instances are started
05/09 18:21:25:586 Total 1 instances are added
05/09 18:23:02:279 CB started
05/09 18:23:05:468 Testing connection ...
05/09 18:23:26:562 open connection is fail
05/09 18:23:26:571 com.adc.eji.tre.TreChainedException: <E00000> The message for Message ID 12142 does not exist.
05/09 18:23:26:572 Starting process session
05/09 18:23:26:672 Total 0 instances are started
05/09 18:23:26:672 Total 1 instances are added
05/09 18:28:10:422 CB started
05/09 18:28:13:707 Testing connection ...
05/09 18:28:31:810 CB started
05/09 18:28:35:106 Testing connection ...
05/09 18:28:56:208 open connection is fail
05/09 18:28:56:219 com.adc.eji.tre.TreChainedException: <E00000> The message for Message ID 12142 does not exist.
05/09 18:28:56:222 Starting process session
05/09 18:28:56:324 Total 0 instances are started
05/09 18:28:56:325 Total 1 instances are added
05/09 18:31:16:280 CB started
05/09 18:31:19:495 Testing connection ...
05/09 18:31:40:617 open connection is fail
05/09 18:31:40:636 com.adc.eji.tre.TreChainedException: <E00000> The message for Message ID 12142 does not exist.
05/09 18:31:40:637 Starting process session
05/09 18:31:40:739 Total 0 instances are started
05/09 18:31:40:747 Total 1 instances are added
05/09 18:32:59:569 CB started
05/09 18:33:02:618 Testing connection ...
05/09 18:33:23:701 open connection is fail
05/09 18:33:23:709 com.adc.eji.tre.TreChainedException: <E00000> The message for Message ID 12142 does not exist.
05/09 18:33:23:709 Starting process session
05/09 18:33:23:810 Total 0 instances are started
05/09 18:33:23:811 Total 1 instances are added
05/09 18:35:26:683 CB started
05/09 18:35:29:970 Testing connection ...
05/09 18:35:51:086 open connection is fail
05/09 18:35:51:095 com.adc.eji.tre.TreChainedException: <E00000> The message for Message ID 12142 does not exist.
05/09 18:35:51:095 Starting process session
05/09 18:35:51:196 Total 0 instances are started
05/09 18:35:51:198 Total 1 instances are added
05/09 18:42:16:536 CB started
05/09 18:42:19:556 Testing connection ...
05/09 18:42:40:660 open connection is fail
05/09 18:42:40:669 com.adc.eji.tre.TreChainedException: <E00000> The message for Message ID 12142 does not exist.
05/09 18:42:40:670 Starting process session
05/09 18:42:40:771 Total 0 instances are started
05/09 18:42:40:772 Total 1 instances are added
05/09 18:49:20:385 CB started
05/09 18:49:22:823 Testing connection ...
05/09 18:49:43:943 open connection is fail
05/09 18:49:43:956 com.adc.eji.tre.TreChainedException: <E00000> The message for Message ID 12142 does not exist.
05/09 18:49:43:957 Starting process session
05/09 18:49:44:058 Total 0 instances are started
05/09 18:49:44:059 Total 1 instances are added
05/09 18:56:11:755 CB started
05/09 18:56:14:745 Testing connection ...
05/09 18:56:35:876 open connection is fail
05/09 18:56:35:885 com.adc.eji.tre.TreChainedException: <E00000> The message for Message ID 12142 does not exist.
05/09 18:56:35:886 Starting process session
05/09 18:56:35:987 Total 0 instances are started
05/09 18:56:35:988 Total 1 instances are added
05/09 18:56:59:514 CB started
05/09 18:57:02:528 Testing connection ...
05/09 18:57:23:657 open connection is fail
05/09 18:57:23:667 com.adc.eji.tre.TreChainedException: <E00000> The message for Message ID 12142 does not exist.
05/09 18:57:23:667 Starting process session
05/09 18:57:23:779 Total 0 instances are started
05/09 18:57:23:785 Total 1 instances are added
05/09 18:57:23:886 Total 0 instances are started
05/09 18:57:23:887 Total 1 instances are added
05/09 19:01:24:149 CB started
05/09 19:01:27:603 Testing connection ...
05/09 19:01:48:697 open connection is fail
05/09 19:01:48:707 com.adc.eji.tre.TreChainedException: <E00000> The message for Message ID 12142 does not exist.
05/09 19:01:48:708 Starting process session
05/09 19:01:48:809 Total 0 instances are started
05/09 19:01:48:811 Total 1 instances are added
05/09 19:03:16:179 CB started
05/09 19:03:19:533 Testing connection ...
05/09 19:03:40:640 open connection is fail
05/09 19:03:40:648 com.adc.eji.tre.TreChainedException: <E00000> The message for Message ID 12142 does not exist.
05/09 19:03:40:649 Starting process session
05/09 19:03:40:749 Total 0 instances are started
05/09 19:03:40:750 Total 1 instances are added
05/09 19:15:33:816 CB started
05/09 19:15:37:153 Testing connection ...
05/09 19:15:58:266 open connection is fail
05/09 19:15:58:275 com.adc.eji.tre.TreChainedException: <E00000> The message for Message ID 12142 does not exist.
05/09 19:15:58:275 Starting process session
05/09 19:15:58:376 Total 0 instances are started
05/09 19:15:58:377 Total 1 instances are added
05/09 19:15:59:387 com.sun.messaging.jms.JMSException: [C4003]: Error occurred on connection creation [10.32.62.52:7676]. - cause: java.net.ConnectException: Connection refused: connect
05/09 19:15:59:387 Consumer was closed, reconnect.
05/09 19:15:59:489 Total 0 instances are started
05/09 19:15:59:490 Total 1 instances are added
05/09 19:16:00:521 com.sun.messaging.jms.JMSException: [C4003]: Error occurred on connection creation [10.32.62.52:7676]. - cause: java.net.ConnectException: Connection refused: connect
05/09 19:16:00:522 Consumer was closed, reconnect.
05/09 19:16:00:623 Total 0 instances are started
05/09 19:16:00:624 Total 1 instances are added
05/09 19:16:01:658 com.sun.messaging.jms.JMSException: [C4003]: Error occurred on connection creation [10.32.62.52:7676]. - cause: java.net.ConnectException: Connection refused: connect
05/09 19:16:01:658 Consumer was closed, reconnect.
05/09 19:16:01:759 Total 0 instances are started
05/09 19:16:01:759 Total 1 instances are added
05/09 19:16:02:774 com.sun.messaging.jms.JMSException: [C4003]: Error occurred on connection creation [10.32.62.52:7676]. - cause: java.net.ConnectException: Connection refused: connect
05/09 19:16:02:775 Consumer was closed, reconnect.
05/09 19:16:02:876 Total 0 instances are started
05/09 19:16:02:877 Total 1 instances are added
05/09 19:16:03:895 com.sun.messaging.jms.JMSException: [C4003]: Error occurred on connection creation [10.32.62.52:7676]. - cause: java.net.ConnectException: Connection refused: connect
05/09 19:16:03:895 Consumer was closed, reconnect.
05/09 19:16:03:997 Total 0 instances are started
05/09 19:16:03:998 Total 1 instances are added
05/09 19:16:05:013 com.sun.messaging.jms.JMSException: [C4003]: Error occurred on connection creation [10.32.62.52:7676]. - cause: java.net.ConnectException: Connection refused: connect
05/09 19:16:05:014 Consumer was closed, reconnect.
05/09 19:16:05:115 Total 0 instances are started
05/09 19:16:05:116 Total 1 instances are added
05/09 19:16:06:144 com.sun.messaging.jms.JMSException: [C4003]: Error occurred on connection creation [10.32.62.52:7676]. - cause: java.net.ConnectException: Connection refused: connect
05/09 19:16:06:146 Consumer was closed, reconnect.
05/09 19:16:06:247 Total 0 instances are started
05/09 19:16:06:247 Total 1 instances are added
05/09 19:16:07:305 com.sun.messaging.jms.JMSException: [C4003]: Error occurred on connection creation [10.32.62.52:7676]. - cause: java.net.ConnectException: Connection refused: connect
05/09 19:16:07:309 Consumer was closed, reconnect.
05/09 19:16:07:410 Total 0 instances are started
05/09 19:16:07:411 Total 1 instances are added
05/09 19:16:08:439 com.sun.messaging.jms.JMSException: [C4003]: Error occurred on connection creation [10.32.62.52:7676]. - cause: java.net.ConnectException: Connection refused: connect
05/09 19:16:08:440 Consumer was closed, reconnect.
05/09 19:16:08:541 Total 0 instances are started
05/09 19:16:08:542 Total 1 instances are added
05/09 19:16:09:569 com.sun.messaging.jms.JMSException: [C4003]: Error occurred on connection creation [10.32.62.52:7676]. - cause: java.net.ConnectException: Connection refused: connect
05/09 19:16:09:569 Consumer was closed, reconnect.
05/09 19:16:09:671 Total 0 instances are started
05/09 19:16:09:671 Total 1 instances are added
05/09 19:16:10:691 com.sun.messaging.jms.JMSException: [C4003]: Error occurred on connection creation [10.32.62.52:7676]. - cause: java.net.ConnectException: Connection refused: connect
05/09 19:16:10:692 Consumer was closed, reconnect.
05/09 19:16:10:793 Total 0 instances are started
05/09 19:16:10:793 Total 1 instances are added
05/09 19:16:11:814 com.sun.messaging.jms.JMSException: [C4003]: Error occurred on connection creation [10.32.62.52:7676]. - cause: java.net.ConnectException: Connection refused: connect
05/09 19:16:11:815 Consumer was closed, reconnect.
05/09 19:16:11:915 Total 0 instances are started
05/09 19:16:11:916 Total 1 instances are added
05/09 19:16:13:048 com.sun.messaging.jms.JMSException: [C4003]: Error occurred on connection creation [10.32.62.52:7676]. - cause: java.net.ConnectException: Connection refused: connect
05/09 19:16:13:049 Consumer was closed, reconnect.
05/09 19:16:13:163 Total 0 instances are started
05/09 19:16:13:164 Total 1 instances are added
05/09 19:16:14:218 com.sun.messaging.jms.JMSException: [C4003]: Error occurred on connection creation [10.32.62.52:7676]. - cause: java.net.ConnectException: Connection refused: connect
05/09 19:16:14:218 Consumer was closed, reconnect.
05/09 19:16:14:341 Total 0 instances are started
05/09 19:16:14:341 Total 1 instances are added
05/09 19:16:15:355 com.sun.messaging.jms.JMSException: [C4003]: Error occurred on connection creation [10.32.62.52:7676]. - cause: java.net.ConnectException: Connection refused: connect
05/09 19:16:15:356 Consumer was closed, reconnect.
05/09 19:16:15:457 Total 0 instances are started
05/09 19:16:15:457 Total 1 instances are added
05/09 19:16:16:489 com.sun.messaging.jms.JMSException: [C4003]: Error occurred on connection creation [10.32.62.52:7676]. - cause: java.net.ConnectException: Connection refused: connect
05/09 19:16:16:489 Consumer was closed, reconnect.
05/09 19:16:16:594 Total 0 instances are started
05/09 19:16:16:595 Total 1 instances are added
05/09 19:16:17:642 com.sun.messaging.jms.JMSException: [C4003]: Error occurred on connection creation [10.32.62.52:7676]. - cause: java.net.ConnectException: Connection refused: connect
05/09 19:16:17:643 Consumer was closed, reconnect.
05/09 19:16:17:744 Total 0 instances are started
05/09 19:16:17:745 Total 1 instances are added
05/09 19:16:18:770 com.sun.messaging.jms.JMSException: [C4003]: Error occurred on connection creation [10.32.62.52:7676]. - cause: java.net.ConnectException: Connection refused: connect
05/09 19:16:18:771 Consumer was closed, reconnect.
05/09 19:16:18:872 Total 0 instances are started
05/09 19:16:18:965 Total 1 instances are added
05/09 19:16:19:913 com.sun.messaging.jms.JMSException: [C4003]: Error occurred on connection creation [10.32.62.52:7676]. - cause: java.net.ConnectException: Connection refused: connect
05/09 19:16:19:914 Consumer was closed, reconnect.
05/09 19:16:20:015 Total 0 instances are started
05/09 19:16:20:016 Total 1 instances are added
05/09 19:16:21:036 com.sun.messaging.jms.JMSException: [C4003]: Error occurred on connection creation [10.32.62.52:7676]. - cause: java.net.ConnectException: Connection refused: connect
05/09 19:16:21:036 Consumer was closed, reconnect.
05/09 19:16:21:137 Total 0 instances are started
05/09 19:16:21:137 Total 1 instances are added
05/09 19:16:22:154 com.sun.messaging.jms.JMSException: [C4003]: Error occurred on connection creation [10.32.62.52:7676]. - cause: java.net.ConnectException: Connection refused: connect
05/09 19:16:22:154 Consumer was closed, reconnect.
05/09 19:16:22:256 Total 0 instances are started
05/09 19:16:22:257 Total 1 instances are added
05/09 19:16:23:268 com.sun.messaging.jms.JMSException: [C4003]: Error occurred on connection creation [10.32.62.52:7676]. - cause: java.net.ConnectException: Connection refused: connect
05/09 19:16:23:268 Consumer was closed, reconnect.
05/09 19:16:23:370 Total 0 instances are started
05/09 19:16:23:371 Total 1 instances are added
05/09 19:16:24:412 com.sun.messaging.jms.JMSException: [C4003]: Error occurred on connection creation [10.32.62.52:7676]. - cause: java.net.ConnectException: Connection refused: connect
05/09 19:16:24:412 Consumer was closed, reconnect.
05/09 19:16:24:514 Total 0 instances are started
05/09 19:16:24:515 Total 1 instances are added
05/09 19:16:25:593 com.sun.messaging.jms.JMSException: [C4003]: Error occurred on connection creation [10.32.62.52:7676]. - cause: java.net.ConnectException: Connection refused: connect
05/09 19:16:25:593 Consumer was closed, reconnect.
05/09 19:16:25:694 Total 0 instances are started
05/09 19:16:25:695 Total 1 instances are added
05/09 19:16:26:712 com.sun.messaging.jms.JMSException: [C4003]: Error occurred on connection creation [10.32.62.52:7676]. - cause: java.net.ConnectException: Connection refused: connect
05/09 19:16:26:713 Consumer was closed, reconnect.
05/09 19:16:26:814 Total 0 instances are started
05/09 19:16:26:893 Total 1 instances are added
05/09 19:16:27:860 com.sun.messaging.jms.JMSException: [C4003]: Error occurred on connection creation [10.32.62.52:7676]. - cause: java.net.ConnectException: Connection refused: connect
05/09 19:16:27:861 Consumer was closed, reconnect.
05/09 19:16:27:962 Total 0 instances are started
05/09 19:16:27:962 Total 1 instances are added
05/09 19:16:30:179 com.sun.messaging.jms.JMSException: [C4003]: Error occurred on connection creation [10.32.62.52:7676]. - cause: java.net.ConnectException: Connection refused: connect
05/09 19:16:30:179 Consumer was closed, reconnect.
05/09 19:16:30:291 Total 0 instances are started
05/09 19:16:30:291 Total 1 instances are added
05/09 19:16:31:312 com.sun.messaging.jms.JMSException: [C4003]: Error occurred on connection creation [10.32.62.52:7676]. - cause: java.net.ConnectException: Connection refused: connect
05/09 19:16:31:312 Consumer was closed, reconnect.
05/09 19:16:31:415 Total 0 instances are started
05/09 19:16:31:416 Total 1 instances are added
05/09 19:16:32:433 com.sun.messaging.jms.JMSException: [C4003]: Error occurred on connection creation [10.32.62.52:7676]. - cause: java.net.ConnectException: Connection refused: connect
05/09 19:16:32:434 Consumer was closed, reconnect.
05/09 19:16:32:534 Total 0 instances are started
05/09 19:16:32:536 Total 1 instances are added
05/09 19:16:33:555 com.sun.messaging.jms.JMSException: [C4003]: Error occurred on connection creation [10.32.62.52:7676]. - cause: java.net.ConnectException: Connection refused: connect
05/09 19:16:33:556 Consumer was closed, reconnect.
05/09 19:16:33:657 Total 0 instances are started
05/09 19:16:33:657 Total 1 instances are added
05/09 19:16:34:679 com.sun.messaging.jms.JMSException: [C4003]: Error occurred on connection creation [10.32.62.52:7676]. - cause: java.net.ConnectException: Connection refused: connect
05/09 19:16:34:679 Consumer was closed, reconnect.
05/09 19:16:34:781 Total 0 instances are started
05/09 19:16:34:781 Total 1 instances are added
05/09 19:16:35:791 com.sun.messaging.jms.JMSException: [C4003]: Error occurred on connection creation [10.32.62.52:7676]. - cause: java.net.ConnectException: Connection refused: connect
05/09 19:16:35:793 Consumer was closed, reconnect.
05/09 19:16:35:893 Total 0 instances are started
05/09 19:16:35:893 Total 1 instances are added
05/09 19:22:13:716 CB started
05/09 19:22:17:108 Testing connection ...
05/09 19:22:38:212 open connection is fail
05/09 19:22:38:223 com.adc.eji.tre.TreChainedException: <E00000> The message for Message ID 12142 does not exist.
05/09 19:22:38:225 Starting process session
05/09 19:22:38:325 Total 0 instances are started
05/09 19:22:38:326 Total 1 instances are added
05/09 19:24:48:845 CB started
05/09 19:24:51:921 Testing connection ...
05/09 19:25:13:007 open connection is fail
05/09 19:25:13:015 com.adc.eji.tre.TreChainedException: <E00000> The message for Message ID 12142 does not exist.
05/09 19:25:13:015 Starting process session
05/09 19:25:13:116 Total 0 instances are started
05/09 19:25:13:118 Total 1 instances are added
05/09 19:27:09:964 CB started
05/09 19:27:13:261 Testing connection ...
05/09 19:27:34:406 open connection is fail
05/09 19:27:34:415 com.adc.eji.tre.TreChainedException: <E00000> The message for Message ID 12142 does not exist.
05/09 19:27:34:415 Starting process session
05/09 19:27:34:516 Total 0 instances are started
05/09 19:27:34:518 Total 1 instances are added
05/09 19:30:27:285 CB started
05/09 19:30:30:522 Testing connection ...
05/09 19:30:51:614 open connection is fail
05/09 19:30:51:622 com.adc.eji.tre.TreChainedException: <E00000> The message for Message ID 12142 does not exist.
05/09 19:30:51:623 Starting process session
05/09 19:30:51:723 Total 0 instances are started
05/09 19:30:51:724 Total 1 instances are added
05/09 19:32:16:571 CB started
05/09 19:32:19:711 Testing connection ...
05/09 19:32:40:820 open connection is fail
05/09 19:32:40:829 com.adc.eji.tre.TreChainedException: <E00000> The message for Message ID 12142 does not exist.
05/09 19:32:40:829 Starting process session
05/09 19:32:40:930 Total 0 instances are started
05/09 19:32:40:931 Total 1 instances are added
05/09 19:50:02:966 CB started
05/09 19:50:05:705 Testing connection ...
05/09 19:50:26:883 open connection is fail
05/09 19:50:26:890 com.adc.eji.tre.TreChainedException: <E00000> The message for Message ID 12142 does not exist.
05/09 19:50:26:891 Starting process session
05/09 19:50:26:991 Total 0 instances are started
05/09 19:50:26:992 Total 1 instances are added
