04/09 08:51:03:445 CB started
04/09 08:51:06:709 Testing connection ...
04/09 08:51:27:873 open connection is fail
04/09 08:51:27:883 com.adc.eji.tre.TreChainedException: <E00000> The message for Message ID 12142 does not exist.
04/09 08:51:27:884 Starting process session
04/09 08:51:27:984 Total 0 instances are started
04/09 08:51:27:988 Total 1 instances are added
04/09 08:57:23:944 CB started
04/09 08:57:25:035 Testing connection ...
04/09 08:57:47:607 open connection is fail
04/09 08:57:47:623 com.adc.eji.tre.TreChainedException: <E00000> The message for Message ID 12142 does not exist.
04/09 08:57:47:624 Starting process session
04/09 08:57:47:725 Total 0 instances are started
04/09 08:57:47:726 Total 1 instances are added
04/09 09:00:33:672 CB started
04/09 09:00:36:964 Testing connection ...
04/09 09:00:58:059 open connection is fail
04/09 09:00:58:068 com.adc.eji.tre.TreChainedException: <E00000> The message for Message ID 12142 does not exist.
04/09 09:00:58:069 Starting process session
04/09 09:00:58:169 Total 0 instances are started
04/09 09:00:58:170 Total 1 instances are added
04/09 09:07:28:808 CB started
04/09 09:07:31:952 Testing connection ...
04/09 09:07:53:052 open connection is fail
04/09 09:07:53:059 com.adc.eji.tre.TreChainedException: <E00000> The message for Message ID 12142 does not exist.
04/09 09:07:53:059 Starting process session
04/09 09:07:53:160 Total 0 instances are started
04/09 09:07:53:161 Total 1 instances are added
04/09 09:08:40:968 CB started
04/09 09:08:44:319 Testing connection ...
04/09 09:09:05:425 open connection is fail
04/09 09:09:05:440 com.adc.eji.tre.TreChainedException: <E00000> The message for Message ID 12142 does not exist.
04/09 09:09:05:442 Starting process session
04/09 09:09:05:543 Total 0 instances are started
04/09 09:09:05:544 Total 1 instances are added
04/09 09:09:41:229 CB started
04/09 09:09:44:350 Testing connection ...
04/09 09:10:05:474 open connection is fail
04/09 09:10:05:481 com.adc.eji.tre.TreChainedException: <E00000> The message for Message ID 12142 does not exist.
04/09 09:10:05:481 Starting process session
04/09 09:10:05:583 Total 0 instances are started
04/09 09:10:05:585 Total 1 instances are added
04/09 09:18:23:111 CB started
04/09 09:18:26:368 Testing connection ...
04/09 09:18:48:947 CB started
04/09 09:18:52:015 Testing connection ...
04/09 09:20:15:195 CB started
04/09 09:20:18:288 Testing connection ...
04/09 09:20:39:392 open connection is fail
04/09 09:20:39:405 com.adc.eji.tre.TreChainedException: <E00000> The message for Message ID 12142 does not exist.
04/09 09:20:39:406 Starting process session
04/09 09:20:39:507 Total 0 instances are started
04/09 09:20:39:508 Total 1 instances are added
04/09 09:22:34:386 CB started
04/09 09:22:37:506 Testing connection ...
04/09 09:22:58:664 open connection is fail
04/09 09:22:58:678 com.adc.eji.tre.TreChainedException: <E00000> The message for Message ID 12142 does not exist.
04/09 09:22:58:679 Starting process session
04/09 09:22:58:780 Total 0 instances are started
04/09 09:22:58:781 Total 1 instances are added
04/09 09:23:57:286 CB started
04/09 09:24:00:118 Testing connection ...
04/09 09:24:21:309 open connection is fail
04/09 09:24:21:320 com.adc.eji.tre.TreChainedException: <E00000> The message for Message ID 12142 does not exist.
04/09 09:24:21:320 Starting process session
04/09 09:24:21:421 Total 0 instances are started
04/09 09:24:21:422 Total 1 instances are added
04/09 09:30:33:478 CB started
04/09 09:30:36:650 Testing connection ...
04/09 09:30:57:737 open connection is fail
04/09 09:30:57:781 com.adc.eji.tre.TreChainedException: <E00000> The message for Message ID 12142 does not exist.
04/09 09:30:57:782 Starting process session
04/09 09:30:57:883 Total 0 instances are started
04/09 09:30:57:885 Total 1 instances are added
04/09 09:33:04:957 CB started
04/09 09:33:08:138 Testing connection ...
04/09 09:33:29:238 open connection is fail
04/09 09:33:29:249 com.adc.eji.tre.TreChainedException: <E00000> The message for Message ID 12142 does not exist.
04/09 09:33:29:250 Starting process session
04/09 09:33:29:350 Total 0 instances are started
04/09 09:33:29:351 Total 1 instances are added
04/09 09:38:03:891 CB started
04/09 09:38:07:000 Testing connection ...
04/09 09:38:28:104 open connection is fail
04/09 09:38:28:117 com.adc.eji.tre.TreChainedException: <E00000> The message for Message ID 12142 does not exist.
04/09 09:38:28:118 Starting process session
04/09 09:38:28:219 Total 0 instances are started
04/09 09:38:28:220 Total 1 instances are added
04/09 10:04:44:763 CB started
04/09 10:04:45:622 Testing connection ...
04/09 10:05:07:958 open connection is fail
04/09 10:05:07:974 com.adc.eji.tre.TreChainedException: <E00000> The message for Message ID 12142 does not exist.
04/09 10:05:07:974 Starting process session
04/09 10:05:08:074 Total 0 instances are started
04/09 10:05:08:075 Total 1 instances are added
04/09 10:13:27:681 CB started
04/09 10:13:30:372 Testing connection ...
04/09 10:13:51:539 open connection is fail
04/09 10:13:51:548 com.adc.eji.tre.TreChainedException: <E00000> The message for Message ID 12142 does not exist.
04/09 10:13:51:548 Starting process session
04/09 10:13:51:649 Total 0 instances are started
04/09 10:13:51:651 Total 1 instances are added
04/09 10:21:02:248 CB started
04/09 10:21:05:099 Testing connection ...
04/09 10:21:26:213 open connection is fail
04/09 10:21:26:227 com.adc.eji.tre.TreChainedException: <E00000> The message for Message ID 12142 does not exist.
04/09 10:21:26:228 Starting process session
04/09 10:21:26:329 Total 0 instances are started
04/09 10:21:26:330 Total 1 instances are added
04/09 11:02:29:349 CB started
04/09 11:02:32:280 Testing connection ...
04/09 11:02:53:403 open connection is fail
04/09 11:02:53:417 com.adc.eji.tre.TreChainedException: <E00000> The message for Message ID 12142 does not exist.
04/09 11:02:53:418 Starting process session
04/09 11:02:53:519 Total 0 instances are started
04/09 11:02:53:521 Total 1 instances are added
04/09 11:07:22:510 CB started
04/09 11:07:25:210 Testing connection ...
04/09 11:07:46:333 open connection is fail
04/09 11:07:46:346 com.adc.eji.tre.TreChainedException: <E00000> The message for Message ID 12142 does not exist.
04/09 11:07:46:347 Starting process session
04/09 11:07:46:447 Total 0 instances are started
04/09 11:07:46:448 Total 1 instances are added
04/09 11:10:35:119 CB started
04/09 11:10:37:821 Testing connection ...
04/09 11:10:58:999 open connection is fail
04/09 11:10:59:007 com.adc.eji.tre.TreChainedException: <E00000> The message for Message ID 12142 does not exist.
04/09 11:10:59:008 Starting process session
04/09 11:10:59:108 Total 0 instances are started
04/09 11:10:59:109 Total 1 instances are added
04/09 11:15:43:728 CB started
04/09 11:15:46:622 Testing connection ...
04/09 11:16:07:765 open connection is fail
04/09 11:16:07:776 com.adc.eji.tre.TreChainedException: <E00000> The message for Message ID 12142 does not exist.
04/09 11:16:07:776 Starting process session
04/09 11:16:07:877 Total 0 instances are started
04/09 11:16:07:879 Total 1 instances are added
04/09 11:17:26:550 CB started
04/09 11:17:29:591 Testing connection ...
04/09 11:17:50:717 open connection is fail
04/09 11:17:50:730 com.adc.eji.tre.TreChainedException: <E00000> The message for Message ID 12142 does not exist.
04/09 11:17:50:730 Starting process session
04/09 11:17:50:831 Total 0 instances are started
04/09 11:17:50:832 Total 1 instances are added
04/09 11:19:59:987 CB started
04/09 11:20:02:981 Testing connection ...
04/09 11:20:24:102 open connection is fail
04/09 11:20:24:110 com.adc.eji.tre.TreChainedException: <E00000> The message for Message ID 12142 does not exist.
04/09 11:20:24:111 Starting process session
04/09 11:20:24:212 Total 0 instances are started
04/09 11:20:24:213 Total 1 instances are added
04/09 11:23:31:781 CB started
04/09 11:23:34:783 Testing connection ...
04/09 11:23:55:889 open connection is fail
04/09 11:23:55:905 com.adc.eji.tre.TreChainedException: <E00000> The message for Message ID 12142 does not exist.
04/09 11:23:55:906 Starting process session
04/09 11:23:56:007 Total 0 instances are started
04/09 11:23:56:009 Total 1 instances are added
04/09 11:27:11:027 CB started
04/09 11:27:14:195 Testing connection ...
04/09 11:27:35:344 open connection is fail
04/09 11:27:35:351 com.adc.eji.tre.TreChainedException: <E00000> The message for Message ID 12142 does not exist.
04/09 11:27:35:352 Starting process session
04/09 11:27:35:452 Total 0 instances are started
04/09 11:27:35:453 Total 1 instances are added
04/09 11:27:35:554 Total 0 instances are started
04/09 11:27:35:555 Total 1 instances are added
04/09 11:27:35:656 Total 0 instances are started
04/09 11:27:35:659 Total 1 instances are added
04/09 11:28:40:492 CB started
04/09 11:28:43:690 Testing connection ...
04/09 11:29:04:835 open connection is fail
04/09 11:29:04:857 com.adc.eji.tre.TreChainedException: <E00000> The message for Message ID 12142 does not exist.
04/09 11:29:04:858 Starting process session
04/09 11:29:04:958 Total 0 instances are started
04/09 11:29:04:960 Total 1 instances are added
04/09 11:30:37:446 CB started
04/09 11:30:40:574 Testing connection ...
04/09 11:31:01:749 open connection is fail
04/09 11:31:01:757 com.adc.eji.tre.TreChainedException: <E00000> The message for Message ID 12142 does not exist.
04/09 11:31:01:758 Starting process session
04/09 11:31:01:859 Total 0 instances are started
04/09 11:31:01:860 Total 1 instances are added
04/09 11:33:23:775 CB started
04/09 11:33:27:003 Testing connection ...
04/09 11:33:48:093 open connection is fail
04/09 11:33:48:100 com.adc.eji.tre.TreChainedException: <E00000> The message for Message ID 12142 does not exist.
04/09 11:33:48:101 Starting process session
04/09 11:33:48:201 Total 0 instances are started
04/09 11:33:48:202 Total 1 instances are added
04/09 11:35:51:084 CB started
04/09 11:35:54:194 Testing connection ...
04/09 11:36:15:291 open connection is fail
04/09 11:36:15:305 com.adc.eji.tre.TreChainedException: <E00000> The message for Message ID 12142 does not exist.
04/09 11:36:15:306 Starting process session
04/09 11:36:15:406 Total 0 instances are started
04/09 11:36:15:407 Total 1 instances are added
04/09 11:38:04:973 CB started
04/09 11:38:08:027 Testing connection ...
04/09 11:38:29:183 open connection is fail
04/09 11:38:29:191 com.adc.eji.tre.TreChainedException: <E00000> The message for Message ID 12142 does not exist.
04/09 11:38:29:192 Starting process session
04/09 11:38:29:293 Total 0 instances are started
04/09 11:38:29:294 Total 1 instances are added
04/09 11:46:58:618 CB started
04/09 11:47:01:992 Testing connection ...
04/09 11:47:23:116 open connection is fail
04/09 11:47:23:124 com.adc.eji.tre.TreChainedException: <E00000> The message for Message ID 12142 does not exist.
04/09 11:47:23:125 Starting process session
04/09 11:47:23:226 Total 0 instances are started
04/09 11:47:23:227 Total 1 instances are added
04/09 11:48:29:320 CB started
04/09 11:48:32:086 Testing connection ...
04/09 11:48:52:578 CB started
04/09 11:48:55:557 Testing connection ...
04/09 11:49:12:778 CB started
04/09 11:49:15:859 Testing connection ...
04/09 11:49:37:021 open connection is fail
04/09 11:49:37:029 com.adc.eji.tre.TreChainedException: <E00000> The message for Message ID 12142 does not exist.
04/09 11:49:37:029 Starting process session
04/09 11:49:37:130 Total 0 instances are started
04/09 11:49:37:131 Total 1 instances are added
04/09 11:49:37:232 Total 0 instances are started
04/09 11:49:37:233 Total 1 instances are added
04/09 11:52:15:426 CB started
04/09 11:52:18:511 Testing connection ...
04/09 11:52:39:623 open connection is fail
04/09 11:52:39:631 com.adc.eji.tre.TreChainedException: <E00000> The message for Message ID 12142 does not exist.
04/09 11:52:39:632 Starting process session
04/09 11:52:39:732 Total 0 instances are started
04/09 11:52:39:734 Total 1 instances are added
04/09 11:52:39:837 Total 0 instances are started
04/09 11:52:39:838 Total 1 instances are added
04/09 11:54:16:997 CB started
04/09 11:54:20:292 Testing connection ...
04/09 11:54:41:409 open connection is fail
04/09 11:54:41:428 com.adc.eji.tre.TreChainedException: <E00000> The message for Message ID 12142 does not exist.
04/09 11:54:41:428 Starting process session
04/09 11:54:41:529 Total 0 instances are started
04/09 11:54:41:530 Total 1 instances are added
04/09 12:18:03:075 CB started
04/09 12:18:06:190 Testing connection ...
04/09 12:18:27:337 open connection is fail
04/09 12:18:27:344 com.adc.eji.tre.TreChainedException: <E00000> The message for Message ID 12142 does not exist.
04/09 12:18:27:345 Starting process session
04/09 12:18:27:445 Total 0 instances are started
04/09 12:18:27:447 Total 1 instances are added
04/09 12:20:49:898 CB started
04/09 12:20:53:390 Testing connection ...
04/09 12:21:14:535 open connection is fail
04/09 12:21:14:550 com.adc.eji.tre.TreChainedException: <E00000> The message for Message ID 12142 does not exist.
04/09 12:21:14:550 Starting process session
04/09 12:21:14:651 Total 0 instances are started
04/09 12:21:14:652 Total 1 instances are added
04/09 12:21:14:755 Total 0 instances are started
04/09 12:21:14:757 Total 1 instances are added
04/09 12:22:17:273 CB started
04/09 12:22:20:210 Testing connection ...
04/09 12:22:41:336 open connection is fail
04/09 12:22:41:347 com.adc.eji.tre.TreChainedException: <E00000> The message for Message ID 12142 does not exist.
04/09 12:22:41:348 Starting process session
04/09 12:22:41:448 Total 0 instances are started
04/09 12:22:41:449 Total 1 instances are added
04/09 12:26:02:699 CB started
04/09 12:26:05:852 Testing connection ...
04/09 12:26:26:944 open connection is fail
04/09 12:26:26:951 com.adc.eji.tre.TreChainedException: <E00000> The message for Message ID 12142 does not exist.
04/09 12:26:26:952 Starting process session
04/09 12:26:27:053 Total 0 instances are started
04/09 12:26:27:054 Total 1 instances are added
04/09 12:31:03:070 CB started
04/09 12:31:05:754 Testing connection ...
04/09 12:31:26:886 open connection is fail
04/09 12:31:26:897 com.adc.eji.tre.TreChainedException: <E00000> The message for Message ID 12142 does not exist.
04/09 12:31:26:899 Starting process session
04/09 12:31:26:999 Total 0 instances are started
04/09 12:31:27:000 Total 1 instances are added
04/09 12:34:48:237 CB started
04/09 12:34:51:488 Testing connection ...
04/09 12:35:12:610 open connection is fail
04/09 12:35:12:628 com.adc.eji.tre.TreChainedException: <E00000> The message for Message ID 12142 does not exist.
04/09 12:35:12:628 Starting process session
04/09 12:35:12:729 Total 0 instances are started
04/09 12:35:12:730 Total 1 instances are added
04/09 12:40:21:714 CB started
04/09 12:40:24:754 Testing connection ...
04/09 12:40:45:922 open connection is fail
04/09 12:40:45:933 com.adc.eji.tre.TreChainedException: <E00000> The message for Message ID 12142 does not exist.
04/09 12:40:45:934 Starting process session
04/09 12:40:46:034 Total 0 instances are started
04/09 12:40:46:035 Total 1 instances are added
04/09 13:40:27:439 CB started
04/09 13:40:30:367 Testing connection ...
04/09 13:40:51:469 open connection is fail
04/09 13:40:51:480 com.adc.eji.tre.TreChainedException: <E00000> The message for Message ID 12142 does not exist.
04/09 13:40:51:480 Starting process session
04/09 13:40:51:581 Total 0 instances are started
04/09 13:40:51:583 Total 1 instances are added
04/09 13:55:40:628 CB started
04/09 13:55:43:574 Testing connection ...
04/09 13:56:04:713 open connection is fail
04/09 13:56:04:728 com.adc.eji.tre.TreChainedException: <E00000> The message for Message ID 12142 does not exist.
04/09 13:56:04:730 Starting process session
04/09 13:56:04:830 Total 0 instances are started
04/09 13:56:04:831 Total 1 instances are added
04/09 13:57:08:050 CB started
04/09 13:57:11:077 Testing connection ...
04/09 13:57:32:238 open connection is fail
04/09 13:57:32:247 com.adc.eji.tre.TreChainedException: <E00000> The message for Message ID 12142 does not exist.
04/09 13:57:32:248 Starting process session
04/09 13:57:32:348 Total 0 instances are started
04/09 13:57:32:349 Total 1 instances are added
04/09 13:59:22:871 CB started
04/09 13:59:25:845 Testing connection ...
04/09 13:59:46:987 open connection is fail
04/09 13:59:47:006 com.adc.eji.tre.TreChainedException: <E00000> The message for Message ID 12142 does not exist.
04/09 13:59:47:006 Starting process session
04/09 13:59:47:107 Total 0 instances are started
04/09 13:59:47:108 Total 1 instances are added
04/09 14:01:58:178 CB started
04/09 14:02:00:630 Testing connection ...
04/09 14:02:21:946 open connection is fail
04/09 14:02:21:960 com.adc.eji.tre.TreChainedException: <E00000> The message for Message ID 12142 does not exist.
04/09 14:02:21:960 Starting process session
04/09 14:02:22:061 Total 0 instances are started
04/09 14:02:22:062 Total 1 instances are added
04/09 14:04:27:492 CB started
04/09 14:04:30:767 Testing connection ...
04/09 14:04:51:866 open connection is fail
04/09 14:04:51:874 com.adc.eji.tre.TreChainedException: <E00000> The message for Message ID 12142 does not exist.
04/09 14:04:51:874 Starting process session
04/09 14:04:51:975 Total 0 instances are started
04/09 14:04:51:976 Total 1 instances are added
04/09 14:05:53:730 CB started
04/09 14:05:56:299 Testing connection ...
04/09 14:06:17:463 open connection is fail
04/09 14:06:17:485 com.adc.eji.tre.TreChainedException: <E00000> The message for Message ID 12142 does not exist.
04/09 14:06:17:486 Starting process session
04/09 14:06:17:586 Total 0 instances are started
04/09 14:06:17:588 Total 1 instances are added
04/09 14:07:30:670 CB started
04/09 14:07:33:763 Testing connection ...
04/09 14:07:54:878 open connection is fail
04/09 14:07:54:890 com.adc.eji.tre.TreChainedException: <E00000> The message for Message ID 12142 does not exist.
04/09 14:07:54:891 Starting process session
04/09 14:07:54:991 Total 0 instances are started
04/09 14:07:54:993 Total 1 instances are added
04/09 14:07:55:095 Total 0 instances are started
04/09 14:07:55:096 Total 1 instances are added
04/09 14:16:48:962 CB started
04/09 14:16:50:151 Testing connection ...
04/09 14:17:12:752 open connection is fail
04/09 14:17:12:764 com.adc.eji.tre.TreChainedException: <E00000> The message for Message ID 12142 does not exist.
04/09 14:17:12:765 Starting process session
04/09 14:17:12:865 Total 0 instances are started
04/09 14:17:12:866 Total 1 instances are added
04/09 14:17:12:968 Total 0 instances are started
04/09 14:17:12:970 Total 1 instances are added
04/09 14:31:03:910 CB started
04/09 14:31:08:706 Testing connection ...
04/09 14:31:29:856 open connection is fail
04/09 14:31:29:866 com.adc.eji.tre.TreChainedException: <E00000> The message for Message ID 12142 does not exist.
04/09 14:31:29:866 Starting process session
04/09 14:31:29:967 Total 0 instances are started
04/09 14:31:29:967 Total 1 instances are added
04/09 14:33:55:570 CB started
04/09 14:33:58:460 Testing connection ...
04/09 14:34:19:603 open connection is fail
04/09 14:34:19:620 com.adc.eji.tre.TreChainedException: <E00000> The message for Message ID 12142 does not exist.
04/09 14:34:19:621 Starting process session
04/09 14:34:19:722 Total 0 instances are started
04/09 14:34:19:723 Total 1 instances are added
04/09 15:10:53:601 CB started
04/09 15:10:56:403 Testing connection ...
04/09 15:11:17:581 open connection is fail
04/09 15:11:17:593 com.adc.eji.tre.TreChainedException: <E00000> The message for Message ID 12142 does not exist.
04/09 15:11:17:594 Starting process session
04/09 15:11:17:694 Total 0 instances are started
04/09 15:11:17:696 Total 1 instances are added
04/09 15:14:49:404 CB started
04/09 15:14:52:480 Testing connection ...
04/09 15:15:13:647 open connection is fail
04/09 15:15:13:660 com.adc.eji.tre.TreChainedException: <E00000> The message for Message ID 12142 does not exist.
04/09 15:15:13:661 Starting process session
04/09 15:15:13:761 Total 0 instances are started
04/09 15:15:13:762 Total 1 instances are added
04/09 15:21:17:055 CB started
04/09 15:21:17:929 Testing connection ...
04/09 15:21:40:301 open connection is fail
04/09 15:21:40:324 com.adc.eji.tre.TreChainedException: <E00000> The message for Message ID 12142 does not exist.
04/09 15:21:40:324 Starting process session
04/09 15:21:40:425 Total 0 instances are started
04/09 15:21:40:426 Total 1 instances are added
04/09 15:21:40:527 Total 0 instances are started
04/09 15:21:40:528 Total 1 instances are added
04/09 15:27:59:081 CB started
04/09 15:28:02:256 Testing connection ...
04/09 15:28:23:400 open connection is fail
04/09 15:28:23:417 com.adc.eji.tre.TreChainedException: <E00000> The message for Message ID 12142 does not exist.
04/09 15:28:23:417 Starting process session
04/09 15:28:23:518 Total 0 instances are started
04/09 15:28:23:521 Total 1 instances are added
04/09 15:30:46:295 CB started
04/09 15:30:49:434 Testing connection ...
04/09 15:31:10:536 open connection is fail
04/09 15:31:10:548 com.adc.eji.tre.TreChainedException: <E00000> The message for Message ID 12142 does not exist.
04/09 15:31:10:549 Starting process session
04/09 15:31:10:649 Total 0 instances are started
04/09 15:31:10:650 Total 1 instances are added
04/09 15:31:53:821 CB started
04/09 15:31:54:718 Testing connection ...
04/09 15:32:17:434 open connection is fail
04/09 15:32:17:443 com.adc.eji.tre.TreChainedException: <E00000> The message for Message ID 12142 does not exist.
04/09 15:32:17:444 Starting process session
04/09 15:32:17:544 Total 0 instances are started
04/09 15:32:17:545 Total 1 instances are added
04/09 15:33:31:721 CB started
04/09 15:33:34:599 Testing connection ...
04/09 15:33:55:757 open connection is fail
04/09 15:33:55:769 com.adc.eji.tre.TreChainedException: <E00000> The message for Message ID 12142 does not exist.
04/09 15:33:55:770 Starting process session
04/09 15:33:55:871 Total 0 instances are started
04/09 15:33:55:872 Total 1 instances are added
04/09 15:33:55:973 Total 0 instances are started
04/09 15:33:55:974 Total 1 instances are added
04/09 15:36:04:074 CB started
04/09 15:36:06:965 Testing connection ...
04/09 15:36:28:135 open connection is fail
04/09 15:36:28:148 com.adc.eji.tre.TreChainedException: <E00000> The message for Message ID 12142 does not exist.
04/09 15:36:28:149 Starting process session
04/09 15:36:28:270 Total 0 instances are started
04/09 15:36:28:272 Total 1 instances are added
04/09 15:36:28:375 Total 0 instances are started
04/09 15:36:28:376 Total 1 instances are added
04/09 15:41:44:984 CB started
04/09 15:41:48:005 Testing connection ...
04/09 15:42:09:092 open connection is fail
04/09 15:42:09:102 com.adc.eji.tre.TreChainedException: <E00000> The message for Message ID 12142 does not exist.
04/09 15:42:09:103 Starting process session
04/09 15:42:09:204 Total 0 instances are started
04/09 15:42:09:205 Total 1 instances are added
04/09 15:45:37:865 CB started
04/09 15:45:40:663 Testing connection ...
04/09 15:46:01:798 open connection is fail
04/09 15:46:01:813 com.adc.eji.tre.TreChainedException: <E00000> The message for Message ID 12142 does not exist.
04/09 15:46:01:814 Starting process session
04/09 15:46:01:915 Total 0 instances are started
04/09 15:46:01:917 Total 1 instances are added
04/09 15:46:02:019 Total 0 instances are started
04/09 15:46:02:020 Total 1 instances are added
04/09 15:47:50:653 CB started
04/09 15:47:53:860 Testing connection ...
04/09 15:48:15:072 open connection is fail
04/09 15:48:15:079 com.adc.eji.tre.TreChainedException: <E00000> The message for Message ID 12142 does not exist.
04/09 15:48:15:080 Starting process session
04/09 15:48:15:180 Total 0 instances are started
04/09 15:48:15:181 Total 1 instances are added
04/09 15:56:57:263 CB started
04/09 15:56:59:929 Testing connection ...
04/09 15:57:21:043 open connection is fail
04/09 15:57:21:055 com.adc.eji.tre.TreChainedException: <E00000> The message for Message ID 12142 does not exist.
04/09 15:57:21:056 Starting process session
04/09 15:57:21:157 Total 0 instances are started
04/09 15:57:21:158 Total 1 instances are added
04/09 16:00:39:490 CB started
04/09 16:00:42:563 Testing connection ...
04/09 16:01:03:662 open connection is fail
04/09 16:01:03:673 com.adc.eji.tre.TreChainedException: <E00000> The message for Message ID 12142 does not exist.
04/09 16:01:03:679 Starting process session
04/09 16:01:03:781 Total 0 instances are started
04/09 16:01:03:782 Total 1 instances are added
04/09 16:03:10:615 CB started
04/09 16:03:13:690 Testing connection ...
04/09 16:03:34:855 open connection is fail
04/09 16:03:34:865 com.adc.eji.tre.TreChainedException: <E00000> The message for Message ID 12142 does not exist.
04/09 16:03:34:866 Starting process session
04/09 16:03:34:967 Total 0 instances are started
04/09 16:03:34:969 Total 1 instances are added
04/09 16:08:54:345 CB started
04/09 16:08:57:342 Testing connection ...
04/09 16:09:18:426 open connection is fail
04/09 16:09:18:438 com.adc.eji.tre.TreChainedException: <E00000> The message for Message ID 12142 does not exist.
04/09 16:09:18:438 Starting process session
04/09 16:09:18:539 Total 0 instances are started
04/09 16:09:18:542 Total 1 instances are added
04/09 16:11:04:258 CB started
04/09 16:11:07:446 Testing connection ...
04/09 16:11:28:545 open connection is fail
04/09 16:11:28:555 com.adc.eji.tre.TreChainedException: <E00000> The message for Message ID 12142 does not exist.
04/09 16:11:28:556 Starting process session
04/09 16:11:28:656 Total 0 instances are started
04/09 16:11:28:657 Total 1 instances are added
04/09 16:17:13:623 CB started
04/09 16:17:16:615 Testing connection ...
04/09 16:17:37:799 open connection is fail
04/09 16:17:37:807 com.adc.eji.tre.TreChainedException: <E00000> The message for Message ID 12142 does not exist.
04/09 16:17:37:808 Starting process session
04/09 16:17:37:909 Total 0 instances are started
04/09 16:17:37:911 Total 1 instances are added
04/09 16:17:38:013 Total 0 instances are started
04/09 16:17:38:014 Total 1 instances are added
04/09 16:24:07:449 CB started
04/09 16:24:35:815 Error occured: Connections could not be acquired from the underlying database!
04/09 16:24:55:600 Error occured: Connections could not be acquired from the underlying database!
04/09 16:25:00:402 Testing connection ...
04/09 16:25:21:484 open connection is fail
04/09 16:25:21:495 com.adc.eji.tre.TreChainedException: <E00000> The message for Message ID 12142 does not exist.
04/09 16:25:21:496 Starting process session
04/09 16:25:21:597 Total 0 instances are started
04/09 16:25:21:598 Total 1 instances are added
04/09 16:27:48:505 CB started
04/09 16:27:52:407 Testing connection ...
04/09 16:28:13:527 open connection is fail
04/09 16:28:13:538 com.adc.eji.tre.TreChainedException: <E00000> The message for Message ID 12142 does not exist.
04/09 16:28:13:539 Starting process session
04/09 16:28:13:639 Total 0 instances are started
04/09 16:28:13:640 Total 1 instances are added
04/09 16:28:56:570 CB started
04/09 16:28:59:702 Testing connection ...
04/09 16:29:20:805 open connection is fail
04/09 16:29:20:815 com.adc.eji.tre.TreChainedException: <E00000> The message for Message ID 12142 does not exist.
04/09 16:29:20:816 Starting process session
04/09 16:29:20:916 Total 0 instances are started
04/09 16:29:20:917 Total 1 instances are added
04/09 16:40:09:369 CB started
04/09 16:40:12:127 Testing connection ...
04/09 16:40:33:229 open connection is fail
04/09 16:40:33:240 com.adc.eji.tre.TreChainedException: <E00000> The message for Message ID 12142 does not exist.
04/09 16:40:33:241 Starting process session
04/09 16:40:33:342 Total 0 instances are started
04/09 16:40:33:344 Total 1 instances are added
04/09 17:17:21:588 CB started
04/09 17:17:24:602 Testing connection ...
04/09 17:17:45:784 open connection is fail
04/09 17:17:45:791 com.adc.eji.tre.TreChainedException: <E00000> The message for Message ID 12142 does not exist.
04/09 17:17:45:792 Starting process session
04/09 17:17:45:892 Total 0 instances are started
04/09 17:17:45:894 Total 1 instances are added
04/09 17:17:45:996 Total 0 instances are started
04/09 17:17:45:998 Total 1 instances are added
04/09 17:19:57:768 CB started
04/09 17:20:00:832 Testing connection ...
04/09 17:20:21:942 open connection is fail
04/09 17:20:21:955 com.adc.eji.tre.TreChainedException: <E00000> The message for Message ID 12142 does not exist.
04/09 17:20:21:956 Starting process session
04/09 17:20:22:057 Total 0 instances are started
04/09 17:20:22:057 Total 1 instances are added
04/09 17:20:22:159 Total 0 instances are started
04/09 17:20:22:162 Total 1 instances are added
04/09 17:21:13:900 CB started
04/09 17:21:16:730 Testing connection ...
04/09 17:21:37:862 open connection is fail
04/09 17:21:37:873 com.adc.eji.tre.TreChainedException: <E00000> The message for Message ID 12142 does not exist.
04/09 17:21:37:874 Starting process session
04/09 17:21:37:975 Total 0 instances are started
04/09 17:21:37:979 Total 1 instances are added
04/09 17:29:04:778 CB started
04/09 17:29:07:833 Testing connection ...
04/09 17:29:28:958 open connection is fail
04/09 17:29:28:966 com.adc.eji.tre.TreChainedException: <E00000> The message for Message ID 12142 does not exist.
04/09 17:29:28:967 Starting process session
04/09 17:29:29:081 Total 0 instances are started
04/09 17:29:29:082 Total 1 instances are added
04/09 17:29:29:183 Total 0 instances are started
04/09 17:29:29:184 Total 1 instances are added
04/09 17:50:30:859 CB started
04/09 17:50:34:003 Testing connection ...
04/09 17:50:55:127 open connection is fail
04/09 17:50:55:145 com.adc.eji.tre.TreChainedException: <E00000> The message for Message ID 12142 does not exist.
04/09 17:50:55:147 Starting process session
04/09 17:50:55:248 Total 0 instances are started
04/09 17:50:55:249 Total 1 instances are added
04/09 18:09:16:238 CB started
04/09 18:09:19:425 Testing connection ...
04/09 18:09:40:525 open connection is fail
04/09 18:09:40:540 com.adc.eji.tre.TreChainedException: <E00000> The message for Message ID 12142 does not exist.
04/09 18:09:40:541 Starting process session
04/09 18:09:40:641 Total 0 instances are started
04/09 18:09:40:642 Total 1 instances are added
04/09 18:10:54:659 CB started
04/09 18:10:57:491 Testing connection ...
04/09 18:11:18:687 open connection is fail
04/09 18:11:18:695 com.adc.eji.tre.TreChainedException: <E00000> The message for Message ID 12142 does not exist.
04/09 18:11:18:695 Starting process session
04/09 18:11:18:796 Total 0 instances are started
04/09 18:11:18:797 Total 1 instances are added
04/09 18:12:16:517 CB started
04/09 18:12:19:818 Testing connection ...
04/09 18:12:40:882 open connection is fail
04/09 18:12:40:895 com.adc.eji.tre.TreChainedException: <E00000> The message for Message ID 12142 does not exist.
04/09 18:12:40:896 Starting process session
04/09 18:12:40:996 Total 0 instances are started
04/09 18:12:40:997 Total 1 instances are added
04/09 18:19:23:178 CB started
04/09 18:19:25:998 Testing connection ...
04/09 18:19:47:113 open connection is fail
04/09 18:19:47:126 com.adc.eji.tre.TreChainedException: <E00000> The message for Message ID 12142 does not exist.
04/09 18:19:47:126 Starting process session
04/09 18:19:47:227 Total 0 instances are started
04/09 18:19:47:228 Total 1 instances are added
04/09 18:21:29:583 CB started
04/09 18:21:32:693 Testing connection ...
04/09 18:21:53:784 open connection is fail
04/09 18:21:53:792 com.adc.eji.tre.TreChainedException: <E00000> The message for Message ID 12142 does not exist.
04/09 18:21:53:792 Starting process session
04/09 18:21:53:892 Total 0 instances are started
04/09 18:21:53:895 Total 1 instances are added
04/09 18:39:19:433 CB started
04/09 18:39:22:210 Testing connection ...
04/09 18:39:43:306 open connection is fail
04/09 18:39:43:317 com.adc.eji.tre.TreChainedException: <E00000> The message for Message ID 12142 does not exist.
04/09 18:39:43:317 Starting process session
04/09 18:39:43:418 Total 0 instances are started
04/09 18:39:43:419 Total 1 instances are added
04/09 18:42:51:902 CB started
04/09 18:42:55:036 Testing connection ...
04/09 18:43:16:117 open connection is fail
04/09 18:43:16:124 com.adc.eji.tre.TreChainedException: <E00000> The message for Message ID 12142 does not exist.
04/09 18:43:16:125 Starting process session
04/09 18:43:16:225 Total 0 instances are started
04/09 18:43:16:226 Total 1 instances are added
04/09 18:46:24:154 CB started
04/09 18:46:27:383 Testing connection ...
04/09 18:47:01:818 CB started
04/09 18:47:04:916 Testing connection ...
04/09 18:47:20:269 CB started
04/09 18:47:23:053 Testing connection ...
04/09 18:47:44:175 open connection is fail
04/09 18:47:44:190 com.adc.eji.tre.TreChainedException: <E00000> The message for Message ID 12142 does not exist.
04/09 18:47:44:191 Starting process session
04/09 18:47:44:293 Total 0 instances are started
04/09 18:47:44:294 Total 1 instances are added
04/09 18:59:25:077 CB started
04/09 18:59:27:788 Testing connection ...
04/09 18:59:48:960 open connection is fail
04/09 18:59:48:972 com.adc.eji.tre.TreChainedException: <E00000> The message for Message ID 12142 does not exist.
04/09 18:59:48:972 Starting process session
04/09 18:59:49:073 Total 0 instances are started
04/09 18:59:49:074 Total 1 instances are added
