06/09 08:43:53:960 CB started
06/09 08:43:56:977 Testing connection ...
06/09 08:44:18:153 open connection is fail
06/09 08:44:18:166 com.adc.eji.tre.TreChainedException: <E00000> The message for Message ID 12142 does not exist.
06/09 08:44:18:166 Starting process session
06/09 08:44:18:267 Total 0 instances are started
06/09 08:44:18:268 Total 1 instances are added
06/09 09:00:11:367 CB started
06/09 09:00:25:102 Testing connection ...
06/09 09:00:47:047 open connection is fail
06/09 09:00:47:061 com.adc.eji.tre.TreChainedException: <E00000> The message for Message ID 12142 does not exist.
06/09 09:00:47:062 Starting process session
06/09 09:00:47:162 Total 0 instances are started
06/09 09:00:47:163 Total 1 instances are added
06/09 09:00:47:264 Total 0 instances are started
06/09 09:00:47:265 Total 1 instances are added
06/09 09:01:45:375 CB started
06/09 09:01:48:554 Testing connection ...
06/09 09:02:09:657 open connection is fail
06/09 09:02:09:664 com.adc.eji.tre.TreChainedException: <E00000> The message for Message ID 12142 does not exist.
06/09 09:02:09:665 Starting process session
06/09 09:02:09:765 Total 0 instances are started
06/09 09:02:09:766 Total 1 instances are added
06/09 09:03:56:285 CB started
06/09 09:03:59:769 Testing connection ...
06/09 09:04:20:877 open connection is fail
06/09 09:04:20:891 com.adc.eji.tre.TreChainedException: <E00000> The message for Message ID 12142 does not exist.
06/09 09:04:20:892 Starting process session
06/09 09:04:20:993 Total 0 instances are started
06/09 09:04:20:994 Total 1 instances are added
06/09 09:05:10:665 CB started
06/09 09:05:13:856 Testing connection ...
06/09 09:05:34:954 open connection is fail
06/09 09:05:34:965 com.adc.eji.tre.TreChainedException: <E00000> The message for Message ID 12142 does not exist.
06/09 09:05:34:966 Starting process session
06/09 09:05:35:067 Total 0 instances are started
06/09 09:05:35:069 Total 1 instances are added
06/09 09:15:18:267 CB started
06/09 09:15:19:673 Testing connection ...
06/09 09:15:42:133 open connection is fail
06/09 09:15:42:146 com.adc.eji.tre.TreChainedException: <E00000> The message for Message ID 12142 does not exist.
06/09 09:15:42:146 Starting process session
06/09 09:15:42:247 Total 0 instances are started
06/09 09:15:42:249 Total 1 instances are added
06/09 09:26:05:563 CB started
06/09 09:26:09:289 Testing connection ...
06/09 09:26:30:473 open connection is fail
06/09 09:26:30:481 com.adc.eji.tre.TreChainedException: <E00000> The message for Message ID 12142 does not exist.
06/09 09:26:30:481 Starting process session
06/09 09:26:30:582 Total 0 instances are started
06/09 09:26:30:583 Total 1 instances are added
06/09 09:29:47:806 CB started
06/09 09:29:50:738 Testing connection ...
06/09 09:30:11:825 open connection is fail
06/09 09:30:11:835 com.adc.eji.tre.TreChainedException: <E00000> The message for Message ID 12142 does not exist.
06/09 09:30:11:836 Starting process session
06/09 09:30:11:937 Total 0 instances are started
06/09 09:30:11:939 Total 1 instances are added
06/09 09:33:06:487 CB started
06/09 09:33:09:494 Testing connection ...
06/09 09:33:30:718 open connection is fail
06/09 09:33:30:732 com.adc.eji.tre.TreChainedException: <E00000> The message for Message ID 12142 does not exist.
06/09 09:33:30:734 Starting process session
06/09 09:33:30:835 Total 0 instances are started
06/09 09:33:30:837 Total 1 instances are added
06/09 09:34:14:962 CB started
06/09 09:34:17:882 Testing connection ...
06/09 09:34:39:011 open connection is fail
06/09 09:34:39:019 com.adc.eji.tre.TreChainedException: <E00000> The message for Message ID 12142 does not exist.
06/09 09:34:39:020 Starting process session
06/09 09:34:39:120 Total 0 instances are started
06/09 09:34:39:121 Total 1 instances are added
06/09 09:36:25:570 CB started
06/09 09:36:28:788 Testing connection ...
06/09 09:36:49:919 open connection is fail
06/09 09:36:49:929 com.adc.eji.tre.TreChainedException: <E00000> The message for Message ID 12142 does not exist.
06/09 09:36:49:930 Starting process session
06/09 09:36:50:030 Total 0 instances are started
06/09 09:36:50:031 Total 1 instances are added
06/09 09:37:03:494 CB started
06/09 09:37:06:410 Testing connection ...
06/09 09:37:27:522 open connection is fail
06/09 09:37:27:536 com.adc.eji.tre.TreChainedException: <E00000> The message for Message ID 12142 does not exist.
06/09 09:37:27:536 Starting process session
06/09 09:37:27:637 Total 0 instances are started
06/09 09:37:27:638 Total 1 instances are added
06/09 10:00:23:969 CB started
06/09 10:00:26:999 Testing connection ...
06/09 10:00:48:186 open connection is fail
06/09 10:00:48:196 com.adc.eji.tre.TreChainedException: <E00000> The message for Message ID 12142 does not exist.
06/09 10:00:48:197 Starting process session
06/09 10:00:48:297 Total 0 instances are started
06/09 10:00:48:298 Total 1 instances are added
06/09 10:00:48:400 Total 0 instances are started
06/09 10:00:48:401 Total 1 instances are added
06/09 10:06:26:868 CB started
06/09 10:06:30:617 Testing connection ...
06/09 10:06:51:718 open connection is fail
06/09 10:06:51:728 com.adc.eji.tre.TreChainedException: <E00000> The message for Message ID 12142 does not exist.
06/09 10:06:51:729 Starting process session
06/09 10:06:51:829 Total 0 instances are started
06/09 10:06:51:830 Total 1 instances are added
06/09 10:09:18:412 CB started
06/09 10:09:21:954 Testing connection ...
06/09 10:09:43:071 open connection is fail
06/09 10:09:43:079 com.adc.eji.tre.TreChainedException: <E00000> The message for Message ID 12142 does not exist.
06/09 10:09:43:080 Starting process session
06/09 10:09:43:180 Total 0 instances are started
06/09 10:09:43:181 Total 1 instances are added
06/09 10:15:39:444 CB started
06/09 10:15:42:797 Testing connection ...
06/09 10:16:03:886 open connection is fail
06/09 10:16:03:895 com.adc.eji.tre.TreChainedException: <E00000> The message for Message ID 12142 does not exist.
06/09 10:16:03:896 Starting process session
06/09 10:16:03:998 Total 0 instances are started
06/09 10:16:04:004 Total 1 instances are added
06/09 10:44:19:380 CB started
06/09 10:44:22:903 Testing connection ...
06/09 10:44:44:009 open connection is fail
06/09 10:44:44:020 com.adc.eji.tre.TreChainedException: <E00000> The message for Message ID 12142 does not exist.
06/09 10:44:44:021 Starting process session
06/09 10:44:44:121 Total 0 instances are started
06/09 10:44:44:122 Total 1 instances are added
06/09 10:56:30:433 CB started
06/09 10:56:34:381 Testing connection ...
06/09 10:56:55:478 open connection is fail
06/09 10:56:55:486 com.adc.eji.tre.TreChainedException: <E00000> The message for Message ID 12142 does not exist.
06/09 10:56:55:487 Starting process session
06/09 10:56:55:588 Total 0 instances are started
06/09 10:56:55:589 Total 1 instances are added
06/09 11:01:20:614 CB started
06/09 11:01:23:393 Testing connection ...
06/09 11:01:44:514 open connection is fail
06/09 11:01:44:525 com.adc.eji.tre.TreChainedException: <E00000> The message for Message ID 12142 does not exist.
06/09 11:01:44:526 Starting process session
06/09 11:01:44:627 Total 0 instances are started
06/09 11:01:44:628 Total 1 instances are added
06/09 11:12:23:276 CB started
06/09 11:12:26:868 Testing connection ...
06/09 11:12:47:968 open connection is fail
06/09 11:12:47:981 com.adc.eji.tre.TreChainedException: <E00000> The message for Message ID 12142 does not exist.
06/09 11:12:47:981 Starting process session
06/09 11:12:48:081 Total 0 instances are started
06/09 11:12:48:081 Total 1 instances are added
06/09 11:16:55:300 CB started
06/09 11:16:58:599 Testing connection ...
06/09 11:17:19:688 open connection is fail
06/09 11:17:19:698 com.adc.eji.tre.TreChainedException: <E00000> The message for Message ID 12142 does not exist.
06/09 11:17:19:698 Starting process session
06/09 11:17:19:799 Total 0 instances are started
06/09 11:17:19:799 Total 1 instances are added
06/09 11:30:48:711 CB started
06/09 11:30:51:703 Testing connection ...
06/09 11:31:12:877 open connection is fail
06/09 11:31:12:885 com.adc.eji.tre.TreChainedException: <E00000> The message for Message ID 12142 does not exist.
06/09 11:31:12:886 Starting process session
06/09 11:31:12:986 Total 0 instances are started
06/09 11:31:12:987 Total 1 instances are added
06/09 11:39:47:670 CB started
06/09 11:39:50:557 Testing connection ...
06/09 11:40:11:637 open connection is fail
06/09 11:40:11:649 com.adc.eji.tre.TreChainedException: <E00000> The message for Message ID 12142 does not exist.
06/09 11:40:11:650 Starting process session
06/09 11:40:11:750 Total 0 instances are started
06/09 11:40:11:751 Total 1 instances are added
06/09 11:42:44:230 CB started
06/09 11:42:46:693 Testing connection ...
06/09 11:43:07:819 open connection is fail
06/09 11:43:07:836 com.adc.eji.tre.TreChainedException: <E00000> The message for Message ID 12142 does not exist.
06/09 11:43:07:837 Starting process session
06/09 11:43:07:939 Total 0 instances are started
06/09 11:43:07:940 Total 1 instances are added
06/09 11:44:59:072 CB started
06/09 11:45:01:688 Testing connection ...
06/09 11:45:22:859 open connection is fail
06/09 11:45:22:872 com.adc.eji.tre.TreChainedException: <E00000> The message for Message ID 12142 does not exist.
06/09 11:45:22:873 Starting process session
06/09 11:45:22:974 Total 0 instances are started
06/09 11:45:22:975 Total 1 instances are added
06/09 14:04:55:751 CB started
06/09 14:04:58:035 Testing connection ...
06/09 14:05:19:239 open connection is fail
06/09 14:05:19:252 com.adc.eji.tre.TreChainedException: <E00000> The message for Message ID 12142 does not exist.
06/09 14:05:19:253 Starting process session
06/09 14:05:19:353 Total 0 instances are started
06/09 14:05:19:354 Total 1 instances are added
06/09 14:16:40:250 CB started
06/09 14:16:43:486 Testing connection ...
06/09 14:17:04:589 open connection is fail
06/09 14:17:04:596 com.adc.eji.tre.TreChainedException: <E00000> The message for Message ID 12142 does not exist.
06/09 14:17:04:597 Starting process session
06/09 14:17:04:698 Total 0 instances are started
06/09 14:17:04:701 Total 1 instances are added
06/09 14:21:05:305 CB started
06/09 14:21:08:486 Testing connection ...
06/09 14:21:29:572 open connection is fail
06/09 14:21:29:588 com.adc.eji.tre.TreChainedException: <E00000> The message for Message ID 12142 does not exist.
06/09 14:21:29:589 Starting process session
06/09 14:21:29:689 Total 0 instances are started
06/09 14:21:29:690 Total 1 instances are added
06/09 14:22:11:625 CB started
06/09 14:22:13:893 Testing connection ...
06/09 14:22:35:143 open connection is fail
06/09 14:22:35:150 com.adc.eji.tre.TreChainedException: <E00000> The message for Message ID 12142 does not exist.
06/09 14:22:35:151 Starting process session
06/09 14:22:35:251 Total 0 instances are started
06/09 14:22:35:252 Total 1 instances are added
06/09 15:16:43:986 CB started
06/09 15:16:47:066 Testing connection ...
06/09 15:17:08:135 open connection is fail
06/09 15:17:08:144 com.adc.eji.tre.TreChainedException: <E00000> The message for Message ID 12142 does not exist.
06/09 15:17:08:145 Starting process session
06/09 15:17:08:245 Total 0 instances are started
06/09 15:17:08:246 Total 1 instances are added
06/09 15:23:55:100 CB started
06/09 15:23:58:235 Testing connection ...
06/09 15:24:19:312 open connection is fail
06/09 15:24:19:320 com.adc.eji.tre.TreChainedException: <E00000> The message for Message ID 12142 does not exist.
06/09 15:24:19:321 Starting process session
06/09 15:24:19:421 Total 0 instances are started
06/09 15:24:19:422 Total 1 instances are added
06/09 15:24:19:534 Total 0 instances are started
06/09 15:24:19:535 Total 1 instances are added
06/09 15:34:15:601 CB started
06/09 15:34:18:628 Testing connection ...
06/09 15:34:39:719 open connection is fail
06/09 15:34:39:730 com.adc.eji.tre.TreChainedException: <E00000> The message for Message ID 12142 does not exist.
06/09 15:34:39:731 Starting process session
06/09 15:34:39:831 Total 0 instances are started
06/09 15:34:39:832 Total 1 instances are added
06/09 15:42:28:203 CB started
06/09 15:42:31:209 Testing connection ...
06/09 15:42:52:289 open connection is fail
06/09 15:42:52:304 com.adc.eji.tre.TreChainedException: <E00000> The message for Message ID 12142 does not exist.
06/09 15:42:52:304 Starting process session
06/09 15:42:52:409 Total 0 instances are started
06/09 15:42:52:410 Total 1 instances are added
06/09 15:42:52:512 Total 0 instances are started
06/09 15:42:52:513 Total 1 instances are added
06/09 15:45:33:167 CB started
06/09 15:45:36:329 Testing connection ...
06/09 15:45:57:421 open connection is fail
06/09 15:45:57:472 com.adc.eji.tre.TreChainedException: <E00000> The message for Message ID 12142 does not exist.
06/09 15:45:57:473 Starting process session
06/09 15:45:57:574 Total 0 instances are started
06/09 15:45:57:576 Total 1 instances are added
06/09 16:32:21:608 CB started
06/09 16:32:24:966 Testing connection ...
06/09 16:32:46:049 open connection is fail
06/09 16:32:46:062 com.adc.eji.tre.TreChainedException: <E00000> The message for Message ID 12142 does not exist.
06/09 16:32:46:062 Starting process session
06/09 16:32:46:163 Total 0 instances are started
06/09 16:32:46:164 Total 1 instances are added
06/09 16:40:36:023 CB started
06/09 16:40:39:058 Testing connection ...
06/09 16:41:00:149 open connection is fail
06/09 16:41:00:160 com.adc.eji.tre.TreChainedException: <E00000> The message for Message ID 12142 does not exist.
06/09 16:41:00:160 Starting process session
06/09 16:41:00:260 Total 0 instances are started
06/09 16:41:00:260 Total 1 instances are added
06/09 16:42:37:254 CB started
06/09 16:42:39:795 Testing connection ...
06/09 16:43:00:879 open connection is fail
06/09 16:43:00:890 com.adc.eji.tre.TreChainedException: <E00000> The message for Message ID 12142 does not exist.
06/09 16:43:00:891 Starting process session
06/09 16:43:00:992 Total 0 instances are started
06/09 16:43:00:994 Total 1 instances are added
06/09 16:57:23:932 CB started
06/09 16:57:27:018 Testing connection ...
06/09 16:57:48:120 open connection is fail
06/09 16:57:48:132 com.adc.eji.tre.TreChainedException: <E00000> The message for Message ID 12142 does not exist.
06/09 16:57:48:132 Starting process session
06/09 16:57:48:233 Total 0 instances are started
06/09 16:57:48:234 Total 1 instances are added
06/09 17:04:36:881 CB started
06/09 17:04:39:854 Testing connection ...
06/09 17:05:00:956 open connection is fail
06/09 17:05:00:965 com.adc.eji.tre.TreChainedException: <E00000> The message for Message ID 12142 does not exist.
06/09 17:05:00:966 Starting process session
06/09 17:05:01:066 Total 0 instances are started
06/09 17:05:01:067 Total 1 instances are added
06/09 17:05:01:170 Total 0 instances are started
06/09 17:05:01:171 Total 1 instances are added
06/09 17:15:52:068 CB started
06/09 17:15:54:844 Testing connection ...
06/09 17:16:16:019 open connection is fail
06/09 17:16:16:027 com.adc.eji.tre.TreChainedException: <E00000> The message for Message ID 12142 does not exist.
06/09 17:16:16:028 Starting process session
06/09 17:16:16:128 Total 0 instances are started
06/09 17:16:16:129 Total 1 instances are added
06/09 17:17:06:692 CB started
06/09 17:17:09:468 Testing connection ...
06/09 17:17:30:562 open connection is fail
06/09 17:17:30:570 com.adc.eji.tre.TreChainedException: <E00000> The message for Message ID 12142 does not exist.
06/09 17:17:30:570 Starting process session
06/09 17:17:30:671 Total 0 instances are started
06/09 17:17:30:672 Total 1 instances are added
06/09 17:30:15:786 CB started
06/09 17:30:18:781 Testing connection ...
06/09 17:30:39:881 open connection is fail
06/09 17:30:39:893 com.adc.eji.tre.TreChainedException: <E00000> The message for Message ID 12142 does not exist.
06/09 17:30:39:894 Starting process session
06/09 17:30:39:994 Total 0 instances are started
06/09 17:30:39:995 Total 1 instances are added
06/09 17:33:04:012 CB started
06/09 17:33:07:322 Testing connection ...
06/09 17:33:28:427 open connection is fail
06/09 17:33:28:438 com.adc.eji.tre.TreChainedException: <E00000> The message for Message ID 12142 does not exist.
06/09 17:33:28:438 Starting process session
06/09 17:33:28:539 Total 0 instances are started
06/09 17:33:28:540 Total 1 instances are added
06/09 17:33:59:391 CB started
06/09 17:34:01:190 Testing connection ...
06/09 17:34:23:029 open connection is fail
06/09 17:34:23:054 com.adc.eji.tre.TreChainedException: <E00000> The message for Message ID 12142 does not exist.
06/09 17:34:23:055 Starting process session
06/09 17:34:23:155 Total 0 instances are started
06/09 17:34:23:156 Total 1 instances are added
06/09 17:38:23:444 CB started
06/09 17:38:26:208 Testing connection ...
06/09 17:38:47:315 open connection is fail
06/09 17:38:47:326 com.adc.eji.tre.TreChainedException: <E00000> The message for Message ID 12142 does not exist.
06/09 17:38:47:327 Starting process session
06/09 17:38:47:428 Total 0 instances are started
06/09 17:38:47:429 Total 1 instances are added
06/09 17:58:21:360 CB started
06/09 17:58:23:435 Testing connection ...
06/09 17:58:45:343 open connection is fail
06/09 17:58:45:365 com.adc.eji.tre.TreChainedException: <E00000> The message for Message ID 12142 does not exist.
06/09 17:58:45:365 Starting process session
06/09 17:58:45:466 Total 0 instances are started
06/09 17:58:45:467 Total 1 instances are added
06/09 17:58:45:568 Total 0 instances are started
06/09 17:58:45:568 Total 1 instances are added
06/09 18:04:36:527 CB started
06/09 18:04:39:306 Testing connection ...
06/09 18:05:00:394 open connection is fail
06/09 18:05:00:402 com.adc.eji.tre.TreChainedException: <E00000> The message for Message ID 12142 does not exist.
06/09 18:05:00:403 Starting process session
06/09 18:05:00:504 Total 0 instances are started
06/09 18:05:00:505 Total 1 instances are added
06/09 18:05:00:606 Total 0 instances are started
06/09 18:05:00:607 Total 1 instances are added
06/09 18:10:07:884 CB started
06/09 18:10:10:937 Testing connection ...
06/09 18:10:32:027 open connection is fail
06/09 18:10:32:039 com.adc.eji.tre.TreChainedException: <E00000> The message for Message ID 12142 does not exist.
06/09 18:10:32:040 Starting process session
06/09 18:10:32:140 Total 0 instances are started
06/09 18:10:32:140 Total 1 instances are added
