04/09 08:51:05:879 OSA started
04/09 08:51:06:692 Testing connection ...
04/09 08:51:07:543 Created provisioning instance for OSA
04/09 08:51:07:543 Testing connection are success
04/09 08:51:07:544 Starting process session
04/09 08:51:09:682 Total 0 instances are started
04/09 08:51:09:683 Total 1 instances are added
04/09 08:57:26:437 OSA started
04/09 08:57:26:553 Testing connection ...
04/09 08:57:27:555 Created provisioning instance for OSA
04/09 08:57:27:556 Testing connection are success
04/09 08:57:27:557 Starting process session
04/09 08:57:28:593 Total 0 instances are started
04/09 08:57:28:594 Total 1 instances are added
04/09 09:00:36:188 OSA started
04/09 09:00:36:962 Testing connection ...
04/09 09:00:37:604 Created provisioning instance for OSA
04/09 09:00:37:605 Testing connection are success
04/09 09:00:37:605 Starting process session
04/09 09:00:39:327 Total 0 instances are started
04/09 09:00:39:328 Total 1 instances are added
04/09 09:07:31:132 OSA started
04/09 09:07:31:945 Testing connection ...
04/09 09:07:32:654 Created provisioning instance for OSA
04/09 09:07:32:655 Testing connection are success
04/09 09:07:32:655 Starting process session
04/09 09:07:34:878 Total 0 instances are started
04/09 09:07:34:879 Total 1 instances are added
04/09 09:08:43:439 OSA started
04/09 09:08:44:316 Testing connection ...
04/09 09:08:45:012 Created provisioning instance for OSA
04/09 09:08:45:012 Testing connection are success
04/09 09:08:45:013 Starting process session
04/09 09:08:46:446 Total 0 instances are started
04/09 09:08:46:447 Total 1 instances are added
04/09 09:09:43:674 OSA started
04/09 09:09:44:347 Testing connection ...
04/09 09:09:45:128 Created provisioning instance for OSA
04/09 09:09:45:129 Testing connection are success
04/09 09:09:45:129 Starting process session
04/09 09:09:46:700 Total 0 instances are started
04/09 09:09:46:700 Total 1 instances are added
04/09 09:18:25:664 OSA started
04/09 09:18:26:365 Testing connection ...
04/09 09:18:27:156 Created provisioning instance for OSA
04/09 09:18:27:157 Testing connection are success
04/09 09:18:27:157 Starting process session
04/09 09:18:28:838 Total 0 instances are started
04/09 09:18:28:839 Total 1 instances are added
04/09 09:18:51:709 OSA started
04/09 09:18:52:014 Testing connection ...
04/09 09:18:52:791 Created provisioning instance for OSA
04/09 09:18:52:792 Testing connection are success
04/09 09:18:52:792 Starting process session
04/09 09:18:54:760 Total 0 instances are started
04/09 09:18:54:761 Total 1 instances are added
04/09 09:20:17:527 OSA started
04/09 09:20:18:282 Testing connection ...
04/09 09:20:19:168 Created provisioning instance for OSA
04/09 09:20:19:169 Testing connection are success
04/09 09:20:19:170 Starting process session
04/09 09:20:20:181 Total 0 instances are started
04/09 09:20:20:181 Total 1 instances are added
04/09 09:22:36:796 OSA started
04/09 09:22:37:506 Testing connection ...
04/09 09:22:38:237 Created provisioning instance for OSA
04/09 09:22:38:237 Testing connection are success
04/09 09:22:38:237 Starting process session
04/09 09:22:39:777 Total 0 instances are started
04/09 09:22:39:780 Total 1 instances are added
04/09 09:23:59:504 OSA started
04/09 09:23:59:565 Testing connection ...
04/09 09:24:01:306 Created provisioning instance for OSA
04/09 09:24:01:307 Testing connection are success
04/09 09:24:01:307 Starting process session
04/09 09:24:02:756 Total 0 instances are started
04/09 09:24:02:757 Total 1 instances are added
04/09 09:30:35:849 OSA started
04/09 09:30:36:627 Testing connection ...
04/09 09:30:37:305 Created provisioning instance for OSA
04/09 09:30:37:306 Testing connection are success
04/09 09:30:37:306 Starting process session
04/09 09:30:39:252 Total 0 instances are started
04/09 09:30:39:271 Total 1 instances are added
04/09 09:33:07:413 OSA started
04/09 09:33:08:136 Testing connection ...
04/09 09:33:08:896 Created provisioning instance for OSA
04/09 09:33:08:897 Testing connection are success
04/09 09:33:08:897 Starting process session
04/09 09:33:10:451 Total 0 instances are started
04/09 09:33:10:452 Total 1 instances are added
04/09 09:38:06:103 OSA started
04/09 09:38:06:997 Testing connection ...
04/09 09:38:07:956 Created provisioning instance for OSA
04/09 09:38:07:957 Testing connection are success
04/09 09:38:07:957 Starting process session
04/09 09:38:09:559 Total 0 instances are started
04/09 09:38:09:559 Total 1 instances are added
04/09 10:04:47:249 OSA started
04/09 10:04:47:388 Testing connection ...
04/09 10:04:48:258 Created provisioning instance for OSA
04/09 10:04:48:258 Testing connection are success
04/09 10:04:48:258 Starting process session
04/09 10:04:49:761 Total 0 instances are started
04/09 10:04:49:762 Total 1 instances are added
04/09 10:13:30:045 OSA started
04/09 10:13:30:368 Testing connection ...
04/09 10:13:31:150 Created provisioning instance for OSA
04/09 10:13:31:151 Testing connection are success
04/09 10:13:31:151 Starting process session
04/09 10:13:33:057 Total 0 instances are started
04/09 10:13:33:058 Total 1 instances are added
04/09 10:21:04:733 OSA started
04/09 10:21:05:096 Testing connection ...
04/09 10:21:05:674 Created provisioning instance for OSA
04/09 10:21:05:675 Testing connection are success
04/09 10:21:05:675 Starting process session
04/09 10:21:07:764 Total 0 instances are started
04/09 10:21:07:765 Total 1 instances are added
04/09 11:02:31:786 OSA started
04/09 11:02:32:276 Testing connection ...
04/09 11:02:33:021 Created provisioning instance for OSA
04/09 11:02:33:021 Testing connection are success
04/09 11:02:33:022 Starting process session
04/09 11:02:34:640 Total 0 instances are started
04/09 11:02:34:641 Total 1 instances are added
04/09 11:07:25:116 OSA started
04/09 11:07:25:209 Testing connection ...
04/09 11:07:25:974 Created provisioning instance for OSA
04/09 11:07:25:975 Testing connection are success
04/09 11:07:25:975 Starting process session
04/09 11:07:27:430 Total 0 instances are started
04/09 11:07:27:431 Total 1 instances are added
04/09 11:10:37:491 OSA started
04/09 11:10:37:819 Testing connection ...
04/09 11:10:38:719 Created provisioning instance for OSA
04/09 11:10:38:719 Testing connection are success
04/09 11:10:38:719 Starting process session
04/09 11:10:40:292 Total 0 instances are started
04/09 11:10:40:293 Total 1 instances are added
04/09 11:15:46:180 OSA started
04/09 11:15:46:609 Testing connection ...
04/09 11:15:47:323 Created provisioning instance for OSA
04/09 11:15:47:324 Testing connection are success
04/09 11:15:47:324 Starting process session
04/09 11:15:48:525 Total 0 instances are started
04/09 11:15:48:526 Total 1 instances are added
04/09 11:17:28:891 OSA started
04/09 11:17:29:587 Testing connection ...
04/09 11:17:30:316 Created provisioning instance for OSA
04/09 11:17:30:317 Testing connection are success
04/09 11:17:30:317 Starting process session
04/09 11:17:31:758 Total 0 instances are started
04/09 11:17:31:763 Total 1 instances are added
04/09 11:20:02:303 OSA started
04/09 11:20:02:978 Testing connection ...
04/09 11:20:03:885 Created provisioning instance for OSA
04/09 11:20:03:886 Testing connection are success
04/09 11:20:03:886 Starting process session
04/09 11:20:05:519 Total 0 instances are started
04/09 11:20:05:522 Total 1 instances are added
04/09 11:23:34:126 OSA started
04/09 11:23:34:781 Testing connection ...
04/09 11:23:35:343 Created provisioning instance for OSA
04/09 11:23:35:344 Testing connection are success
04/09 11:23:35:344 Starting process session
04/09 11:23:37:684 Total 0 instances are started
04/09 11:23:37:685 Total 1 instances are added
04/09 11:27:13:428 OSA started
04/09 11:27:14:195 Testing connection ...
04/09 11:27:14:933 Created provisioning instance for OSA
04/09 11:27:14:934 Testing connection are success
04/09 11:27:14:934 Starting process session
04/09 11:27:16:128 Total 0 instances are started
04/09 11:27:16:129 Total 1 instances are added
04/09 11:28:42:849 OSA started
04/09 11:28:43:685 Testing connection ...
04/09 11:28:44:372 Created provisioning instance for OSA
04/09 11:28:44:372 Testing connection are success
04/09 11:28:44:373 Starting process session
04/09 11:28:46:679 Total 0 instances are started
04/09 11:28:46:681 Total 1 instances are added
04/09 11:30:39:896 OSA started
04/09 11:30:40:570 Testing connection ...
04/09 11:30:41:537 Created provisioning instance for OSA
04/09 11:30:41:537 Testing connection are success
04/09 11:30:41:538 Starting process session
04/09 11:30:43:106 Total 0 instances are started
04/09 11:30:43:108 Total 1 instances are added
04/09 11:33:26:329 OSA started
04/09 11:33:26:994 Testing connection ...
04/09 11:33:27:665 Created provisioning instance for OSA
04/09 11:33:27:665 Testing connection are success
04/09 11:33:27:666 Starting process session
04/09 11:33:29:696 Total 0 instances are started
04/09 11:33:29:697 Total 1 instances are added
04/09 11:35:53:508 OSA started
04/09 11:35:54:191 Testing connection ...
04/09 11:35:54:884 Created provisioning instance for OSA
04/09 11:35:54:884 Testing connection are success
04/09 11:35:54:885 Starting process session
04/09 11:35:56:071 Total 0 instances are started
04/09 11:35:56:072 Total 1 instances are added
04/09 11:38:07:401 OSA started
04/09 11:38:08:020 Testing connection ...
04/09 11:38:08:797 Created provisioning instance for OSA
04/09 11:38:08:797 Testing connection are success
04/09 11:38:08:798 Starting process session
04/09 11:38:09:882 Total 0 instances are started
04/09 11:38:09:883 Total 1 instances are added
04/09 11:47:01:219 OSA started
04/09 11:47:01:992 Testing connection ...
04/09 11:47:02:713 Created provisioning instance for OSA
04/09 11:47:02:714 Testing connection are success
04/09 11:47:02:714 Starting process session
04/09 11:47:04:645 Total 0 instances are started
04/09 11:47:04:647 Total 1 instances are added
04/09 11:48:31:848 OSA started
04/09 11:48:32:078 Testing connection ...
04/09 11:48:33:182 Created provisioning instance for OSA
04/09 11:48:33:183 Testing connection are success
04/09 11:48:33:183 Starting process session
04/09 11:48:34:646 Total 0 instances are started
04/09 11:48:34:646 Total 1 instances are added
04/09 11:48:54:822 OSA started
04/09 11:48:55:554 Testing connection ...
04/09 11:48:56:361 Created provisioning instance for OSA
04/09 11:48:56:361 Testing connection are success
04/09 11:48:56:361 Starting process session
04/09 11:48:58:088 Total 0 instances are started
04/09 11:48:58:089 Total 1 instances are added
04/09 11:49:15:173 OSA started
04/09 11:49:15:859 Testing connection ...
04/09 11:49:16:644 Created provisioning instance for OSA
04/09 11:49:16:645 Testing connection are success
04/09 11:49:16:740 Starting process session
04/09 11:49:18:776 Total 0 instances are started
04/09 11:49:18:777 Total 1 instances are added
04/09 11:52:17:894 OSA started
04/09 11:52:18:507 Testing connection ...
04/09 11:52:19:184 Created provisioning instance for OSA
04/09 11:52:19:184 Testing connection are success
04/09 11:52:19:185 Starting process session
04/09 11:52:21:178 Total 0 instances are started
04/09 11:52:21:180 Total 1 instances are added
04/09 11:54:19:553 OSA started
04/09 11:54:20:290 Testing connection ...
04/09 11:54:21:003 Created provisioning instance for OSA
04/09 11:54:21:003 Testing connection are success
04/09 11:54:21:004 Starting process session
04/09 11:54:22:296 Total 0 instances are started
04/09 11:54:22:299 Total 1 instances are added
04/09 12:18:05:634 OSA started
04/09 12:18:06:186 Testing connection ...
04/09 12:18:07:282 Created provisioning instance for OSA
04/09 12:18:07:282 Testing connection are success
04/09 12:18:07:282 Starting process session
04/09 12:18:08:405 Total 0 instances are started
04/09 12:18:08:406 Total 1 instances are added
04/09 12:20:52:346 OSA started
04/09 12:20:53:385 Testing connection ...
04/09 12:20:54:381 Created provisioning instance for OSA
04/09 12:20:54:381 Testing connection are success
04/09 12:20:54:382 Starting process session
04/09 12:20:55:598 Total 0 instances are started
04/09 12:20:55:599 Total 1 instances are added
04/09 12:22:19:699 OSA started
04/09 12:22:20:209 Testing connection ...
04/09 12:22:20:887 Created provisioning instance for OSA
04/09 12:22:20:887 Testing connection are success
04/09 12:22:20:888 Starting process session
04/09 12:22:22:359 Total 0 instances are started
04/09 12:22:22:360 Total 1 instances are added
04/09 12:26:05:094 OSA started
04/09 12:26:05:850 Testing connection ...
04/09 12:26:06:548 Created provisioning instance for OSA
04/09 12:26:06:549 Testing connection are success
04/09 12:26:06:549 Starting process session
04/09 12:26:08:830 Total 0 instances are started
04/09 12:26:08:834 Total 1 instances are added
04/09 12:31:05:492 OSA started
04/09 12:31:05:750 Testing connection ...
04/09 12:31:06:949 Created provisioning instance for OSA
04/09 12:31:06:950 Testing connection are success
04/09 12:31:06:951 Starting process session
04/09 12:31:07:925 Total 0 instances are started
04/09 12:31:07:925 Total 1 instances are added
04/09 12:34:50:674 OSA started
04/09 12:34:51:479 Testing connection ...
04/09 12:34:52:191 Created provisioning instance for OSA
04/09 12:34:52:192 Testing connection are success
04/09 12:34:52:199 Starting process session
04/09 12:34:53:886 Total 0 instances are started
04/09 12:34:53:886 Total 1 instances are added
04/09 12:40:24:314 OSA started
04/09 12:40:24:742 Testing connection ...
04/09 12:40:25:501 Created provisioning instance for OSA
04/09 12:40:25:502 Testing connection are success
04/09 12:40:25:502 Starting process session
04/09 12:40:27:658 Total 0 instances are started
04/09 12:40:27:664 Total 1 instances are added
04/09 13:40:29:715 OSA started
04/09 13:40:30:361 Testing connection ...
04/09 13:40:31:043 Created provisioning instance for OSA
04/09 13:40:31:043 Testing connection are success
04/09 13:40:31:043 Starting process session
04/09 13:40:32:608 Total 0 instances are started
04/09 13:40:32:609 Total 1 instances are added
04/09 13:55:43:113 OSA started
04/09 13:55:43:565 Testing connection ...
04/09 13:55:44:512 Created provisioning instance for OSA
04/09 13:55:44:513 Testing connection are success
04/09 13:55:44:514 Starting process session
04/09 13:55:46:585 Total 0 instances are started
04/09 13:55:46:587 Total 1 instances are added
04/09 13:57:10:285 OSA started
04/09 13:57:11:085 Testing connection ...
04/09 13:57:11:725 Created provisioning instance for OSA
04/09 13:57:11:726 Testing connection are success
04/09 13:57:11:726 Starting process session
04/09 13:57:13:087 Total 0 instances are started
04/09 13:57:13:087 Total 1 instances are added
04/09 13:59:25:198 OSA started
04/09 13:59:25:842 Testing connection ...
04/09 13:59:26:597 Created provisioning instance for OSA
04/09 13:59:26:597 Testing connection are success
04/09 13:59:26:598 Starting process session
04/09 13:59:27:729 Total 0 instances are started
04/09 13:59:27:729 Total 1 instances are added
04/09 14:02:00:724 OSA started
04/09 14:02:00:870 Testing connection ...
04/09 14:02:01:737 Created provisioning instance for OSA
04/09 14:02:01:737 Testing connection are success
04/09 14:02:01:738 Starting process session
04/09 14:02:02:751 Total 0 instances are started
04/09 14:02:02:751 Total 1 instances are added
04/09 14:04:29:993 OSA started
04/09 14:04:30:764 Testing connection ...
04/09 14:04:31:774 Created provisioning instance for OSA
04/09 14:04:31:774 Testing connection are success
04/09 14:04:31:775 Starting process session
04/09 14:04:33:030 Total 0 instances are started
04/09 14:04:33:031 Total 1 instances are added
04/09 14:05:55:974 OSA started
04/09 14:05:56:298 Testing connection ...
04/09 14:05:57:305 Created provisioning instance for OSA
04/09 14:05:57:306 Testing connection are success
04/09 14:05:57:306 Starting process session
04/09 14:05:58:679 Total 0 instances are started
04/09 14:05:58:679 Total 1 instances are added
04/09 14:07:33:056 OSA started
04/09 14:07:33:761 Testing connection ...
04/09 14:07:34:415 Created provisioning instance for OSA
04/09 14:07:34:416 Testing connection are success
04/09 14:07:34:417 Starting process session
04/09 14:07:36:604 Total 0 instances are started
04/09 14:07:36:605 Total 1 instances are added
04/09 14:16:51:605 OSA started
04/09 14:16:51:643 Testing connection ...
04/09 14:16:52:714 Created provisioning instance for OSA
04/09 14:16:52:714 Testing connection are success
04/09 14:16:52:715 Starting process session
04/09 14:16:53:925 Total 0 instances are started
04/09 14:16:53:926 Total 1 instances are added
04/09 14:31:06:337 OSA started
04/09 14:31:08:701 Testing connection ...
04/09 14:31:09:580 Created provisioning instance for OSA
04/09 14:31:09:582 Testing connection are success
04/09 14:31:09:582 Starting process session
04/09 14:31:11:007 Total 0 instances are started
04/09 14:31:11:008 Total 1 instances are added
04/09 14:33:58:101 OSA started
04/09 14:33:58:453 Testing connection ...
04/09 14:33:59:076 Created provisioning instance for OSA
04/09 14:33:59:077 Testing connection are success
04/09 14:33:59:077 Starting process session
04/09 14:34:01:031 Total 0 instances are started
04/09 14:34:01:032 Total 1 instances are added
04/09 15:10:55:812 OSA started
04/09 15:10:56:390 Testing connection ...
04/09 15:10:57:209 Created provisioning instance for OSA
04/09 15:10:57:210 Testing connection are success
04/09 15:10:57:210 Starting process session
04/09 15:10:58:921 Total 0 instances are started
04/09 15:10:58:922 Total 1 instances are added
04/09 15:14:51:742 OSA started
04/09 15:14:52:474 Testing connection ...
04/09 15:14:53:589 Created provisioning instance for OSA
04/09 15:14:53:589 Testing connection are success
04/09 15:14:53:590 Starting process session
04/09 15:14:54:525 Total 0 instances are started
04/09 15:14:54:525 Total 1 instances are added
04/09 15:21:19:456 OSA started
04/09 15:21:19:488 Testing connection ...
04/09 15:21:20:181 Created provisioning instance for OSA
04/09 15:21:20:181 Testing connection are success
04/09 15:21:20:181 Starting process session
04/09 15:21:22:260 Total 0 instances are started
04/09 15:21:22:261 Total 1 instances are added
04/09 15:28:01:649 OSA started
04/09 15:28:02:249 Testing connection ...
04/09 15:28:02:982 Created provisioning instance for OSA
04/09 15:28:02:982 Testing connection are success
04/09 15:28:02:982 Starting process session
04/09 15:28:04:547 Total 0 instances are started
04/09 15:28:04:547 Total 1 instances are added
04/09 15:30:48:762 OSA started
04/09 15:30:49:432 Testing connection ...
04/09 15:30:50:067 Created provisioning instance for OSA
04/09 15:30:50:068 Testing connection are success
04/09 15:30:50:068 Starting process session
04/09 15:30:52:478 Total 0 instances are started
04/09 15:30:52:479 Total 1 instances are added
04/09 15:31:56:263 OSA started
04/09 15:31:56:300 Testing connection ...
04/09 15:31:57:285 Created provisioning instance for OSA
04/09 15:31:57:286 Testing connection are success
04/09 15:31:57:287 Starting process session
04/09 15:31:59:215 Total 0 instances are started
04/09 15:31:59:216 Total 1 instances are added
04/09 15:33:34:136 OSA started
04/09 15:33:34:578 Testing connection ...
04/09 15:33:35:143 Created provisioning instance for OSA
04/09 15:33:35:144 Testing connection are success
04/09 15:33:35:144 Starting process session
04/09 15:33:37:135 Total 0 instances are started
04/09 15:33:37:136 Total 1 instances are added
04/09 15:36:06:492 OSA started
04/09 15:36:06:955 Testing connection ...
04/09 15:36:07:789 Created provisioning instance for OSA
04/09 15:36:07:789 Testing connection are success
04/09 15:36:07:790 Starting process session
04/09 15:36:08:967 Total 0 instances are started
04/09 15:36:08:967 Total 1 instances are added
04/09 15:41:47:308 OSA started
04/09 15:41:47:994 Testing connection ...
04/09 15:41:48:741 Created provisioning instance for OSA
04/09 15:41:48:741 Testing connection are success
04/09 15:41:48:742 Starting process session
04/09 15:41:50:489 Total 0 instances are started
04/09 15:41:50:492 Total 1 instances are added
04/09 15:45:40:545 OSA started
04/09 15:45:40:661 Testing connection ...
04/09 15:45:41:361 Created provisioning instance for OSA
04/09 15:45:41:362 Testing connection are success
04/09 15:45:41:362 Starting process session
04/09 15:45:43:208 Total 0 instances are started
04/09 15:45:43:209 Total 1 instances are added
04/09 15:47:53:066 OSA started
04/09 15:47:53:852 Testing connection ...
04/09 15:47:54:742 Created provisioning instance for OSA
04/09 15:47:54:743 Testing connection are success
04/09 15:47:54:743 Starting process session
04/09 15:47:56:092 Total 0 instances are started
04/09 15:47:56:093 Total 1 instances are added
04/09 15:56:59:633 OSA started
04/09 15:56:59:924 Testing connection ...
04/09 15:57:00:643 Created provisioning instance for OSA
04/09 15:57:00:644 Testing connection are success
04/09 15:57:00:644 Starting process session
04/09 15:57:02:512 Total 0 instances are started
04/09 15:57:02:513 Total 1 instances are added
04/09 16:00:41:937 OSA started
04/09 16:00:42:563 Testing connection ...
04/09 16:00:43:261 Created provisioning instance for OSA
04/09 16:00:43:261 Testing connection are success
04/09 16:00:43:261 Starting process session
04/09 16:00:45:394 Total 0 instances are started
04/09 16:00:45:395 Total 1 instances are added
04/09 16:03:13:120 OSA started
04/09 16:03:13:684 Testing connection ...
04/09 16:03:14:386 Created provisioning instance for OSA
04/09 16:03:14:387 Testing connection are success
04/09 16:03:14:387 Starting process session
04/09 16:03:16:416 Total 0 instances are started
04/09 16:03:16:417 Total 1 instances are added
04/09 16:08:56:676 OSA started
04/09 16:08:57:339 Testing connection ...
04/09 16:08:58:066 Created provisioning instance for OSA
04/09 16:08:58:067 Testing connection are success
04/09 16:08:58:067 Starting process session
04/09 16:09:00:324 Total 0 instances are started
04/09 16:09:00:325 Total 1 instances are added
04/09 16:11:06:557 OSA started
04/09 16:11:07:440 Testing connection ...
04/09 16:11:08:259 Created provisioning instance for OSA
04/09 16:11:08:259 Testing connection are success
04/09 16:11:08:260 Starting process session
04/09 16:11:10:141 Total 0 instances are started
04/09 16:11:10:141 Total 1 instances are added
04/09 16:17:16:044 OSA started
04/09 16:17:16:608 Testing connection ...
04/09 16:17:17:313 Created provisioning instance for OSA
04/09 16:17:17:313 Testing connection are success
04/09 16:17:17:314 Starting process session
04/09 16:17:19:435 Total 0 instances are started
04/09 16:17:19:436 Total 1 instances are added
04/09 16:24:09:971 OSA started
04/09 16:24:35:808 Error occured: Connections could not be acquired from the underlying database!
04/09 16:27:50:721 OSA started
04/09 16:27:52:413 Testing connection ...
04/09 16:27:53:040 Created provisioning instance for OSA
04/09 16:27:53:040 Testing connection are success
04/09 16:27:53:041 Starting process session
04/09 16:27:55:311 Total 0 instances are started
04/09 16:27:55:312 Total 1 instances are added
04/09 16:28:58:909 OSA started
04/09 16:28:59:696 Testing connection ...
04/09 16:29:00:434 Created provisioning instance for OSA
04/09 16:29:00:435 Testing connection are success
04/09 16:29:00:435 Starting process session
04/09 16:29:01:998 Total 0 instances are started
04/09 16:29:01:999 Total 1 instances are added
04/09 16:40:11:784 OSA started
04/09 16:40:12:121 Testing connection ...
04/09 16:40:12:689 Created provisioning instance for OSA
04/09 16:40:12:689 Testing connection are success
04/09 16:40:12:690 Starting process session
04/09 16:40:13:812 Total 0 instances are started
04/09 16:40:13:812 Total 1 instances are added
04/09 17:17:23:952 OSA started
04/09 17:17:24:602 Testing connection ...
04/09 17:17:25:248 Created provisioning instance for OSA
04/09 17:17:25:253 Testing connection are success
04/09 17:17:25:254 Starting process session
04/09 17:17:27:548 Total 0 instances are started
04/09 17:17:27:548 Total 1 instances are added
04/09 17:20:00:423 OSA started
04/09 17:20:00:824 Testing connection ...
04/09 17:20:01:533 Created provisioning instance for OSA
04/09 17:20:01:533 Testing connection are success
04/09 17:20:01:534 Starting process session
04/09 17:20:02:950 Total 0 instances are started
04/09 17:20:02:950 Total 1 instances are added
04/09 17:21:16:231 OSA started
04/09 17:21:16:721 Testing connection ...
04/09 17:21:17:302 Created provisioning instance for OSA
04/09 17:21:17:305 Testing connection are success
04/09 17:21:17:305 Starting process session
04/09 17:21:26:102 Total 0 instances are started
04/09 17:21:26:104 Total 1 instances are added
04/09 17:29:07:246 OSA started
04/09 17:29:07:826 Testing connection ...
04/09 17:29:08:546 Created provisioning instance for OSA
04/09 17:29:08:546 Testing connection are success
04/09 17:29:08:547 Starting process session
04/09 17:29:09:747 Total 0 instances are started
04/09 17:29:09:748 Total 1 instances are added
04/09 17:50:33:310 OSA started
04/09 17:50:34:001 Testing connection ...
04/09 17:50:34:672 Created provisioning instance for OSA
04/09 17:50:34:672 Testing connection are success
04/09 17:50:34:672 Starting process session
04/09 17:50:37:024 Total 0 instances are started
04/09 17:50:37:025 Total 1 instances are added
04/09 18:09:18:694 OSA started
04/09 18:09:19:424 Testing connection ...
04/09 18:09:20:058 Created provisioning instance for OSA
04/09 18:09:20:058 Testing connection are success
04/09 18:09:20:059 Starting process session
04/09 18:09:22:241 Total 0 instances are started
04/09 18:09:22:247 Total 1 instances are added
04/09 18:10:56:973 OSA started
04/09 18:10:57:473 Testing connection ...
04/09 18:10:58:175 Created provisioning instance for OSA
04/09 18:10:58:176 Testing connection are success
04/09 18:10:58:176 Starting process session
04/09 18:11:00:286 Total 0 instances are started
04/09 18:11:00:287 Total 1 instances are added
04/09 18:12:18:744 OSA started
04/09 18:12:19:768 Testing connection ...
04/09 18:12:20:394 Created provisioning instance for OSA
04/09 18:12:20:395 Testing connection are success
04/09 18:12:20:395 Starting process session
04/09 18:12:21:847 Total 0 instances are started
04/09 18:12:21:850 Total 1 instances are added
04/09 18:19:25:527 OSA started
04/09 18:19:25:995 Testing connection ...
04/09 18:19:26:529 Created provisioning instance for OSA
04/09 18:19:26:530 Testing connection are success
04/09 18:19:26:530 Starting process session
04/09 18:19:28:486 Total 0 instances are started
04/09 18:19:28:487 Total 1 instances are added
04/09 18:21:32:054 OSA started
04/09 18:21:32:692 Testing connection ...
04/09 18:21:33:325 Created provisioning instance for OSA
04/09 18:21:33:325 Testing connection are success
04/09 18:21:33:326 Starting process session
04/09 18:21:34:896 Total 0 instances are started
04/09 18:21:34:896 Total 1 instances are added
04/09 18:39:21:919 OSA started
04/09 18:39:22:209 Testing connection ...
04/09 18:39:22:816 Created provisioning instance for OSA
04/09 18:39:22:817 Testing connection are success
04/09 18:39:22:817 Starting process session
04/09 18:39:25:164 Total 0 instances are started
04/09 18:39:25:165 Total 1 instances are added
04/09 18:42:54:330 OSA started
04/09 18:42:55:035 Testing connection ...
04/09 18:42:55:651 Created provisioning instance for OSA
04/09 18:42:55:651 Testing connection are success
04/09 18:42:55:651 Starting process session
04/09 18:42:57:292 Total 0 instances are started
04/09 18:42:57:292 Total 1 instances are added
04/09 18:46:26:735 OSA started
04/09 18:46:27:382 Testing connection ...
04/09 18:46:28:175 Created provisioning instance for OSA
04/09 18:46:28:175 Testing connection are success
04/09 18:46:28:176 Starting process session
04/09 18:46:29:326 Total 0 instances are started
04/09 18:46:29:326 Total 1 instances are added
04/09 18:47:04:269 OSA started
04/09 18:47:04:911 Testing connection ...
04/09 18:47:05:596 Created provisioning instance for OSA
04/09 18:47:05:596 Testing connection are success
04/09 18:47:05:597 Starting process session
04/09 18:47:07:828 Total 0 instances are started
04/09 18:47:07:830 Total 1 instances are added
04/09 18:47:22:709 OSA started
04/09 18:47:23:049 Testing connection ...
04/09 18:47:24:116 Created provisioning instance for OSA
04/09 18:47:24:116 Testing connection are success
04/09 18:47:24:116 Starting process session
04/09 18:47:25:209 Total 0 instances are started
04/09 18:47:25:210 Total 1 instances are added
04/09 18:59:27:414 OSA started
04/09 18:59:27:786 Testing connection ...
04/09 18:59:28:702 Created provisioning instance for OSA
04/09 18:59:28:702 Testing connection are success
04/09 18:59:28:702 Starting process session
04/09 18:59:30:424 Total 0 instances are started
04/09 18:59:30:425 Total 1 instances are added
