11/09 09:35:51:238 OSA started
11/09 09:36:17:228 Testing connection ...
11/09 09:36:33:152 Created provisioning instance for OSA
11/09 09:36:33:152 Testing connection are success
11/09 09:36:33:153 Starting process session
11/09 09:37:11:156 Total 0 instances are started
11/09 09:37:11:157 Total 1 instances are added
11/09 09:38:10:771 OSA started
11/09 09:38:10:800 Testing connection ...
11/09 09:38:11:412 Created provisioning instance for OSA
11/09 09:38:11:412 Testing connection are success
11/09 09:38:11:413 Starting process session
11/09 09:38:17:026 Total 0 instances are started
11/09 09:38:17:026 Total 1 instances are added
11/09 09:56:19:075 OSA started
11/09 09:56:19:555 Testing connection ...
11/09 09:56:20:105 Created provisioning instance for OSA
11/09 09:56:20:106 Testing connection are success
11/09 09:56:20:106 Starting process session
11/09 09:56:22:274 Total 0 instances are started
11/09 09:56:22:276 Total 1 instances are added
11/09 10:25:05:503 OSA started
11/09 10:25:06:573 Testing connection ...
11/09 10:25:09:253 Created provisioning instance for OSA
11/09 10:25:09:253 Testing connection are success
11/09 10:25:09:254 Starting process session
11/09 10:25:10:456 Total 0 instances are started
11/09 10:25:10:457 Total 1 instances are added
11/09 10:27:40:944 OSA started
11/09 10:27:41:722 Testing connection ...
11/09 10:27:42:387 Created provisioning instance for OSA
11/09 10:27:42:388 Testing connection are success
11/09 10:27:42:392 Starting process session
11/09 10:27:43:775 Total 0 instances are started
11/09 10:27:43:775 Total 1 instances are added
11/09 10:42:18:190 OSA started
11/09 10:42:18:779 Testing connection ...
11/09 10:42:19:559 Created provisioning instance for OSA
11/09 10:42:19:559 Testing connection are success
11/09 10:42:19:559 Starting process session
11/09 10:42:21:785 Total 0 instances are started
11/09 10:42:21:785 Total 1 instances are added
11/09 11:28:07:241 OSA started
11/09 11:28:07:815 Testing connection ...
11/09 11:28:08:361 Created provisioning instance for OSA
11/09 11:28:08:362 Testing connection are success
11/09 11:28:08:362 Starting process session
11/09 11:28:10:203 Total 0 instances are started
11/09 11:28:10:205 Total 1 instances are added
11/09 14:13:15:543 OSA started
11/09 14:13:27:664 Testing connection ...
11/09 14:13:31:499 Created provisioning instance for OSA
11/09 14:13:31:499 Testing connection are success
11/09 14:13:31:500 Starting process session
11/09 14:13:32:609 Total 0 instances are started
11/09 14:13:32:610 Total 1 instances are added
11/09 15:00:06:074 OSA started
11/09 15:00:06:395 Testing connection ...
11/09 15:00:07:441 Created provisioning instance for OSA
11/09 15:00:07:442 Testing connection are success
11/09 15:00:07:442 Starting process session
11/09 15:00:08:939 Total 0 instances are started
11/09 15:00:08:939 Total 1 instances are added
11/09 16:22:15:927 OSA started
11/09 16:22:19:659 Testing connection ...
11/09 16:22:24:248 Created provisioning instance for OSA
11/09 16:22:24:250 Testing connection are success
11/09 16:22:24:250 Starting process session
11/09 16:22:26:534 Total 0 instances are started
11/09 16:22:26:537 Total 1 instances are added
11/09 16:59:42:426 OSA started
11/09 16:59:43:475 Testing connection ...
11/09 16:59:44:287 Created provisioning instance for OSA
11/09 16:59:44:287 Testing connection are success
11/09 16:59:44:287 Starting process session
11/09 16:59:47:282 Total 0 instances are started
11/09 16:59:47:283 Total 1 instances are added
11/09 17:18:33:162 OSA started
11/09 17:18:33:740 Testing connection ...
11/09 17:18:34:421 Created provisioning instance for OSA
11/09 17:18:34:421 Testing connection are success
11/09 17:18:34:422 Starting process session
11/09 17:18:35:842 Total 0 instances are started
11/09 17:18:35:843 Total 1 instances are added
11/09 17:21:29:752 OSA started
11/09 17:21:30:406 Testing connection ...
11/09 17:21:31:098 Created provisioning instance for OSA
11/09 17:21:31:098 Testing connection are success
11/09 17:21:31:099 Starting process session
11/09 17:21:32:620 Total 0 instances are started
11/09 17:21:32:621 Total 1 instances are added
11/09 17:36:42:505 OSA started
11/09 17:36:43:892 Testing connection ...
11/09 17:36:45:070 Created provisioning instance for OSA
11/09 17:36:45:071 Testing connection are success
11/09 17:36:45:071 Starting process session
11/09 17:36:46:476 Total 0 instances are started
11/09 17:36:46:477 Total 1 instances are added
11/09 17:58:13:740 OSA started
11/09 17:58:14:385 Testing connection ...
11/09 17:58:15:031 Created provisioning instance for OSA
11/09 17:58:15:032 Testing connection are success
11/09 17:58:15:032 Starting process session
11/09 17:58:17:077 Total 0 instances are started
11/09 17:58:17:079 Total 1 instances are added
11/09 17:59:35:266 OSA started
11/09 17:59:35:571 Testing connection ...
11/09 17:59:36:557 Created provisioning instance for OSA
11/09 17:59:36:557 Testing connection are success
11/09 17:59:36:558 Starting process session
11/09 17:59:38:247 Total 0 instances are started
11/09 17:59:38:247 Total 1 instances are added
11/09 18:02:27:881 OSA started
11/09 18:02:28:577 Testing connection ...
11/09 18:02:29:294 Created provisioning instance for OSA
11/09 18:02:29:298 Testing connection are success
11/09 18:02:29:300 Starting process session
11/09 18:02:31:025 Total 0 instances are started
11/09 18:02:31:027 Total 1 instances are added
11/09 18:09:38:601 OSA started
11/09 18:09:38:721 Testing connection ...
11/09 18:09:39:912 Created provisioning instance for OSA
11/09 18:09:39:913 Testing connection are success
11/09 18:09:39:913 Starting process session
11/09 18:09:40:915 Total 0 instances are started
11/09 18:09:40:916 Total 1 instances are added
11/09 18:14:52:243 OSA started
11/09 18:14:52:945 Testing connection ...
11/09 18:14:53:627 Created provisioning instance for OSA
11/09 18:14:53:628 Testing connection are success
11/09 18:14:53:628 Starting process session
11/09 18:14:55:906 Total 0 instances are started
11/09 18:14:55:908 Total 1 instances are added
11/09 18:17:42:564 OSA started
11/09 18:17:43:253 Testing connection ...
11/09 18:17:43:945 Created provisioning instance for OSA
11/09 18:17:43:946 Testing connection are success
11/09 18:17:43:946 Starting process session
11/09 18:17:45:997 Total 0 instances are started
11/09 18:17:45:999 Total 1 instances are added
11/09 18:29:11:361 OSA started
11/09 18:29:11:772 Testing connection ...
11/09 18:29:12:463 Created provisioning instance for OSA
11/09 18:29:12:464 Testing connection are success
11/09 18:29:12:465 Starting process session
11/09 18:29:13:939 Total 0 instances are started
11/09 18:29:13:940 Total 1 instances are added
11/09 18:32:59:244 OSA started
11/09 18:32:59:465 Testing connection ...
11/09 18:33:00:235 Created provisioning instance for OSA
11/09 18:33:00:235 Testing connection are success
11/09 18:33:00:235 Starting process session
11/09 18:33:02:145 Total 0 instances are started
11/09 18:33:02:146 Total 1 instances are added
11/09 18:41:14:240 OSA started
11/09 18:41:14:802 Testing connection ...
11/09 18:41:15:427 Created provisioning instance for OSA
11/09 18:41:15:429 Testing connection are success
11/09 18:41:15:430 Starting process session
11/09 18:41:16:963 Total 0 instances are started
11/09 18:41:16:964 Total 1 instances are added
11/09 18:43:28:472 OSA started
11/09 18:43:28:855 Testing connection ...
11/09 18:43:29:448 Created provisioning instance for OSA
11/09 18:43:29:448 Testing connection are success
11/09 18:43:29:449 Starting process session
11/09 18:43:31:468 Total 0 instances are started
11/09 18:43:31:470 Total 1 instances are added
11/09 18:49:38:533 OSA started
11/09 18:49:38:572 Testing connection ...
11/09 18:49:39:223 Created provisioning instance for OSA
11/09 18:49:39:224 Testing connection are success
11/09 18:49:39:224 Starting process session
11/09 18:49:40:442 Total 0 instances are started
11/09 18:49:40:443 Total 1 instances are added
11/09 18:49:57:207 OSA started
11/09 18:49:57:983 Testing connection ...
11/09 18:49:58:910 Created provisioning instance for OSA
11/09 18:49:58:910 Testing connection are success
11/09 18:49:58:912 Starting process session
11/09 18:50:00:332 Total 0 instances are started
11/09 18:50:00:333 Total 1 instances are added
11/09 18:54:59:299 OSA started
11/09 18:54:59:983 Testing connection ...
11/09 18:55:00:687 Created provisioning instance for OSA
11/09 18:55:00:687 Testing connection are success
11/09 18:55:00:688 Starting process session
11/09 18:55:02:241 Total 0 instances are started
11/09 18:55:02:241 Total 1 instances are added
11/09 18:56:54:079 OSA started
11/09 18:56:54:518 Testing connection ...
11/09 18:56:55:122 Created provisioning instance for OSA
11/09 18:56:55:122 Testing connection are success
11/09 18:56:55:123 Starting process session
11/09 18:56:56:469 Total 0 instances are started
11/09 18:56:56:470 Total 1 instances are added
11/09 19:04:51:678 OSA started
11/09 19:04:52:386 Testing connection ...
11/09 19:04:53:057 Created provisioning instance for OSA
11/09 19:04:53:058 Testing connection are success
11/09 19:04:53:058 Starting process session
11/09 19:04:55:091 Total 0 instances are started
11/09 19:04:55:092 Total 1 instances are added
11/09 19:15:36:270 OSA started
11/09 19:15:36:864 Testing connection ...
11/09 19:15:37:515 Created provisioning instance for OSA
11/09 19:15:37:515 Testing connection are success
11/09 19:15:37:516 Starting process session
11/09 19:15:39:946 Total 0 instances are started
11/09 19:15:39:949 Total 1 instances are added
11/09 19:21:26:802 OSA started
11/09 19:21:26:936 Testing connection ...
11/09 19:21:27:150 Created provisioning instance for OSA
11/09 19:21:27:150 Testing connection are success
11/09 19:21:27:151 Starting process session
11/09 19:21:28:507 Total 0 instances are started
11/09 19:21:28:508 Total 1 instances are added
11/09 19:26:44:862 OSA started
11/09 19:26:45:143 Testing connection ...
11/09 19:26:45:878 Created provisioning instance for OSA
11/09 19:26:45:879 Testing connection are success
11/09 19:26:45:880 Starting process session
11/09 19:26:47:994 Total 0 instances are started
11/09 19:26:47:995 Total 1 instances are added
