05/09 08:46:54:047 OSA started
05/09 08:46:55:007 Testing connection ...
05/09 08:46:55:798 Created provisioning instance for OSA
05/09 08:46:55:799 Testing connection are success
05/09 08:46:55:800 Starting process session
05/09 08:46:58:213 Total 0 instances are started
05/09 08:46:58:214 Total 1 instances are added
05/09 08:53:28:212 OSA started
05/09 08:53:28:893 Testing connection ...
05/09 08:53:29:642 Created provisioning instance for OSA
05/09 08:53:29:642 Testing connection are success
05/09 08:53:29:643 Starting process session
05/09 08:53:31:353 Total 0 instances are started
05/09 08:53:31:354 Total 1 instances are added
05/09 08:58:25:846 OSA started
05/09 08:58:26:580 Testing connection ...
05/09 08:58:27:246 Created provisioning instance for OSA
05/09 08:58:27:247 Testing connection are success
05/09 08:58:27:247 Starting process session
05/09 08:58:29:225 Total 0 instances are started
05/09 08:58:29:237 Total 1 instances are added
05/09 09:02:25:896 OSA started
05/09 09:02:26:656 Testing connection ...
05/09 09:02:27:294 Created provisioning instance for OSA
05/09 09:02:27:295 Testing connection are success
05/09 09:02:27:296 Starting process session
05/09 09:02:29:836 Total 0 instances are started
05/09 09:02:29:837 Total 1 instances are added
05/09 09:03:46:481 OSA started
05/09 09:03:47:279 Testing connection ...
05/09 09:03:47:969 Created provisioning instance for OSA
05/09 09:03:47:970 Testing connection are success
05/09 09:03:47:970 Starting process session
05/09 09:03:49:812 Total 0 instances are started
05/09 09:03:49:813 Total 1 instances are added
05/09 09:04:18:422 OSA started
05/09 09:04:18:460 Testing connection ...
05/09 09:04:19:489 Created provisioning instance for OSA
05/09 09:04:19:489 Testing connection are success
05/09 09:04:19:489 Starting process session
05/09 09:04:20:771 Total 0 instances are started
05/09 09:04:20:773 Total 1 instances are added
05/09 09:10:27:693 OSA started
05/09 09:10:28:430 Testing connection ...
05/09 09:10:29:220 Created provisioning instance for OSA
05/09 09:10:29:220 Testing connection are success
05/09 09:10:29:221 Starting process session
05/09 09:10:30:826 Total 0 instances are started
05/09 09:10:30:827 Total 1 instances are added
05/09 09:12:09:113 OSA started
05/09 09:12:10:174 Testing connection ...
05/09 09:12:10:923 Created provisioning instance for OSA
05/09 09:12:10:923 Testing connection are success
05/09 09:12:10:924 Starting process session
05/09 09:12:12:419 Total 0 instances are started
05/09 09:12:12:426 Total 1 instances are added
05/09 09:14:25:428 OSA started
05/09 09:14:26:222 Testing connection ...
05/09 09:14:27:069 Created provisioning instance for OSA
05/09 09:14:27:069 Testing connection are success
05/09 09:14:27:070 Starting process session
05/09 09:14:28:489 Total 0 instances are started
05/09 09:14:28:489 Total 1 instances are added
05/09 09:16:28:582 OSA started
05/09 09:16:29:220 Testing connection ...
05/09 09:16:30:075 Created provisioning instance for OSA
05/09 09:16:30:076 Testing connection are success
05/09 09:16:30:076 Starting process session
05/09 09:16:31:243 Total 0 instances are started
05/09 09:16:31:243 Total 1 instances are added
05/09 09:19:05:286 OSA started
05/09 09:19:05:399 Testing connection ...
05/09 09:19:06:205 Created provisioning instance for OSA
05/09 09:19:06:205 Testing connection are success
05/09 09:19:06:206 Starting process session
05/09 09:19:07:225 Total 0 instances are started
05/09 09:19:07:226 Total 1 instances are added
05/09 09:29:30:332 OSA started
05/09 09:29:30:724 Testing connection ...
05/09 09:29:31:587 Created provisioning instance for OSA
05/09 09:29:31:588 Testing connection are success
05/09 09:29:31:588 Starting process session
05/09 09:29:33:812 Total 0 instances are started
05/09 09:29:33:813 Total 1 instances are added
05/09 09:35:41:581 OSA started
05/09 09:35:41:617 Testing connection ...
05/09 09:35:42:684 Created provisioning instance for OSA
05/09 09:35:42:684 Testing connection are success
05/09 09:35:42:684 Starting process session
05/09 09:35:43:801 Total 0 instances are started
05/09 09:35:43:802 Total 1 instances are added
05/09 09:40:50:686 OSA started
05/09 09:40:51:327 Testing connection ...
05/09 09:40:52:107 Created provisioning instance for OSA
05/09 09:40:52:108 Testing connection are success
05/09 09:40:52:108 Starting process session
05/09 09:40:53:557 Total 0 instances are started
05/09 09:40:53:557 Total 1 instances are added
05/09 09:44:10:096 OSA started
05/09 09:44:10:806 Testing connection ...
05/09 09:44:11:533 Created provisioning instance for OSA
05/09 09:44:11:534 Testing connection are success
05/09 09:44:11:534 Starting process session
05/09 09:44:13:419 Total 0 instances are started
05/09 09:44:13:419 Total 1 instances are added
05/09 09:55:54:982 OSA started
05/09 09:55:55:291 Testing connection ...
05/09 09:55:56:022 Created provisioning instance for OSA
05/09 09:55:56:022 Testing connection are success
05/09 09:55:56:023 Starting process session
05/09 09:55:57:860 Total 0 instances are started
05/09 09:55:57:860 Total 1 instances are added
05/09 10:10:24:232 OSA started
05/09 10:10:25:154 Testing connection ...
05/09 10:10:26:820 Created provisioning instance for OSA
05/09 10:10:26:824 Testing connection are success
05/09 10:10:26:824 Starting process session
05/09 10:10:28:284 Total 0 instances are started
05/09 10:10:28:285 Total 1 instances are added
05/09 10:19:04:018 OSA started
05/09 10:19:04:406 Testing connection ...
05/09 10:19:05:109 Created provisioning instance for OSA
05/09 10:19:05:110 Testing connection are success
05/09 10:19:05:110 Starting process session
05/09 10:19:06:830 Total 0 instances are started
05/09 10:19:06:831 Total 1 instances are added
05/09 10:24:06:722 OSA started
05/09 10:24:07:274 Testing connection ...
05/09 10:24:07:914 Created provisioning instance for OSA
05/09 10:24:07:916 Testing connection are success
05/09 10:24:07:916 Starting process session
05/09 10:24:09:883 Total 0 instances are started
05/09 10:24:09:884 Total 1 instances are added
05/09 11:20:35:753 OSA started
05/09 11:20:36:011 Testing connection ...
05/09 11:20:36:708 Created provisioning instance for OSA
05/09 11:20:36:709 Testing connection are success
05/09 11:20:36:709 Starting process session
05/09 11:20:38:407 Total 0 instances are started
05/09 11:20:38:408 Total 1 instances are added
05/09 11:36:29:335 OSA started
05/09 11:36:29:897 Testing connection ...
05/09 11:36:30:554 Created provisioning instance for OSA
05/09 11:36:30:555 Testing connection are success
05/09 11:36:30:555 Starting process session
05/09 11:36:32:221 Total 0 instances are started
05/09 11:36:32:221 Total 1 instances are added
05/09 15:28:25:373 OSA started
05/09 15:28:25:720 Testing connection ...
05/09 15:28:26:361 Created provisioning instance for OSA
05/09 15:28:26:361 Testing connection are success
05/09 15:28:26:362 Starting process session
05/09 15:28:28:685 Total 0 instances are started
05/09 15:28:28:719 Total 1 instances are added
05/09 15:53:12:920 OSA started
05/09 15:53:13:725 Testing connection ...
05/09 15:53:14:520 Created provisioning instance for OSA
05/09 15:53:14:520 Testing connection are success
05/09 15:53:14:521 Starting process session
05/09 15:53:16:117 Total 0 instances are started
05/09 15:53:16:117 Total 1 instances are added
05/09 15:57:17:358 OSA started
05/09 15:57:18:809 Testing connection ...
05/09 15:57:19:473 Created provisioning instance for OSA
05/09 15:57:19:474 Testing connection are success
05/09 15:57:19:474 Starting process session
05/09 15:57:21:487 Total 0 instances are started
05/09 15:57:21:488 Total 1 instances are added
05/09 16:29:39:104 OSA started
05/09 16:29:40:080 Testing connection ...
05/09 16:29:40:726 Created provisioning instance for OSA
05/09 16:29:40:727 Testing connection are success
05/09 16:29:40:727 Starting process session
05/09 16:29:42:662 Total 0 instances are started
05/09 16:29:42:666 Total 1 instances are added
05/09 16:34:29:184 OSA started
05/09 16:34:29:287 Testing connection ...
05/09 16:34:29:936 Created provisioning instance for OSA
05/09 16:34:29:936 Testing connection are success
05/09 16:34:29:939 Starting process session
05/09 16:34:32:022 Total 0 instances are started
05/09 16:34:32:024 Total 1 instances are added
05/09 16:37:13:202 OSA started
05/09 16:37:14:469 Testing connection ...
05/09 16:37:15:394 Created provisioning instance for OSA
05/09 16:37:15:395 Testing connection are success
05/09 16:37:15:395 Starting process session
05/09 16:37:16:444 Total 0 instances are started
05/09 16:37:16:445 Total 1 instances are added
05/09 16:39:58:038 OSA started
05/09 16:39:58:085 Testing connection ...
05/09 16:39:58:919 Created provisioning instance for OSA
05/09 16:39:58:920 Testing connection are success
05/09 16:39:58:920 Starting process session
05/09 16:40:00:017 Total 0 instances are started
05/09 16:40:00:017 Total 1 instances are added
05/09 16:42:19:177 OSA started
05/09 16:42:20:446 Testing connection ...
05/09 16:42:21:092 Created provisioning instance for OSA
05/09 16:42:21:093 Testing connection are success
05/09 16:42:21:093 Starting process session
05/09 16:42:22:925 Total 0 instances are started
05/09 16:42:22:925 Total 1 instances are added
05/09 16:55:44:353 OSA started
05/09 16:55:45:660 Testing connection ...
05/09 16:55:46:294 Created provisioning instance for OSA
05/09 16:55:46:295 Testing connection are success
05/09 16:55:46:296 Starting process session
05/09 16:55:48:639 Total 0 instances are started
05/09 16:55:48:643 Total 1 instances are added
05/09 17:02:32:211 OSA started
05/09 17:02:33:721 Testing connection ...
05/09 17:02:34:824 Created provisioning instance for OSA
05/09 17:02:34:825 Testing connection are success
05/09 17:02:34:825 Starting process session
05/09 17:02:35:887 Total 0 instances are started
05/09 17:02:35:887 Total 1 instances are added
05/09 17:17:57:668 OSA started
05/09 17:18:00:478 Testing connection ...
05/09 17:18:01:157 Created provisioning instance for OSA
05/09 17:18:01:157 Testing connection are success
05/09 17:18:01:158 Starting process session
05/09 17:18:03:470 Total 0 instances are started
05/09 17:18:03:471 Total 1 instances are added
05/09 17:21:08:341 OSA started
05/09 17:21:09:663 Testing connection ...
05/09 17:21:10:447 Created provisioning instance for OSA
05/09 17:21:10:450 Testing connection are success
05/09 17:21:10:451 Starting process session
05/09 17:21:11:828 Total 0 instances are started
05/09 17:21:11:830 Total 1 instances are added
05/09 17:24:55:382 OSA started
05/09 17:24:55:695 Testing connection ...
05/09 17:24:56:366 Created provisioning instance for OSA
05/09 17:24:56:366 Testing connection are success
05/09 17:24:56:366 Starting process session
05/09 17:24:57:881 Total 0 instances are started
05/09 17:24:57:882 Total 1 instances are added
05/09 17:51:58:365 OSA started
05/09 17:51:59:013 Testing connection ...
05/09 17:51:59:679 Created provisioning instance for OSA
05/09 17:51:59:680 Testing connection are success
05/09 17:51:59:680 Starting process session
05/09 17:52:01:615 Total 0 instances are started
05/09 17:52:01:616 Total 1 instances are added
05/09 17:53:29:133 OSA started
05/09 17:53:30:037 Testing connection ...
05/09 17:53:30:922 Created provisioning instance for OSA
05/09 17:53:30:922 Testing connection are success
05/09 17:53:30:923 Starting process session
05/09 17:53:32:337 Total 0 instances are started
05/09 17:53:32:338 Total 1 instances are added
05/09 17:56:45:281 OSA started
05/09 17:56:46:037 Testing connection ...
05/09 17:56:46:727 Created provisioning instance for OSA
05/09 17:56:46:728 Testing connection are success
05/09 17:56:46:728 Starting process session
05/09 17:56:48:461 Total 0 instances are started
05/09 17:56:48:463 Total 1 instances are added
05/09 17:59:20:700 OSA started
05/09 17:59:21:491 Testing connection ...
05/09 17:59:22:209 Created provisioning instance for OSA
05/09 17:59:22:210 Testing connection are success
05/09 17:59:22:210 Starting process session
05/09 17:59:23:770 Total 0 instances are started
05/09 17:59:23:770 Total 1 instances are added
05/09 18:15:30:627 OSA started
05/09 18:15:31:390 Testing connection ...
05/09 18:15:32:167 Created provisioning instance for OSA
05/09 18:15:32:168 Testing connection are success
05/09 18:15:32:168 Starting process session
05/09 18:15:33:463 Total 0 instances are started
05/09 18:15:33:467 Total 1 instances are added
05/09 18:21:03:651 OSA started
05/09 18:21:04:266 Testing connection ...
05/09 18:21:05:005 Created provisioning instance for OSA
05/09 18:21:05:005 Testing connection are success
05/09 18:21:05:006 Starting process session
05/09 18:21:07:124 Total 0 instances are started
05/09 18:21:07:125 Total 1 instances are added
05/09 18:23:04:766 OSA started
05/09 18:23:05:465 Testing connection ...
05/09 18:23:06:354 Created provisioning instance for OSA
05/09 18:23:06:355 Testing connection are success
05/09 18:23:06:355 Starting process session
05/09 18:23:08:197 Total 0 instances are started
05/09 18:23:08:197 Total 1 instances are added
05/09 18:28:12:926 OSA started
05/09 18:28:13:705 Testing connection ...
05/09 18:28:14:419 Created provisioning instance for OSA
05/09 18:28:14:419 Testing connection are success
05/09 18:28:14:420 Starting process session
05/09 18:28:15:771 Total 0 instances are started
05/09 18:28:15:772 Total 1 instances are added
05/09 18:28:34:387 OSA started
05/09 18:28:35:088 Testing connection ...
05/09 18:28:35:807 Created provisioning instance for OSA
05/09 18:28:35:811 Testing connection are success
05/09 18:28:35:812 Starting process session
05/09 18:28:38:615 Total 0 instances are started
05/09 18:28:38:620 Total 1 instances are added
05/09 18:31:18:642 OSA started
05/09 18:31:19:493 Testing connection ...
05/09 18:31:20:283 Created provisioning instance for OSA
05/09 18:31:20:284 Testing connection are success
05/09 18:31:20:284 Starting process session
05/09 18:31:22:723 Total 0 instances are started
05/09 18:31:22:724 Total 1 instances are added
05/09 18:33:02:042 OSA started
05/09 18:33:02:616 Testing connection ...
05/09 18:33:03:192 Created provisioning instance for OSA
05/09 18:33:03:192 Testing connection are success
05/09 18:33:03:193 Starting process session
05/09 18:33:05:788 Total 0 instances are started
05/09 18:33:05:789 Total 1 instances are added
05/09 18:35:29:197 OSA started
05/09 18:35:29:962 Testing connection ...
05/09 18:35:30:653 Created provisioning instance for OSA
05/09 18:35:30:653 Testing connection are success
05/09 18:35:30:654 Starting process session
05/09 18:35:33:102 Total 0 instances are started
05/09 18:35:33:105 Total 1 instances are added
05/09 18:42:19:210 OSA started
05/09 18:42:19:552 Testing connection ...
05/09 18:42:20:238 Created provisioning instance for OSA
05/09 18:42:20:238 Testing connection are success
05/09 18:42:20:239 Starting process session
05/09 18:42:22:491 Total 0 instances are started
05/09 18:42:22:492 Total 1 instances are added
05/09 18:49:22:632 OSA started
05/09 18:49:22:819 Testing connection ...
05/09 18:49:23:525 Created provisioning instance for OSA
05/09 18:49:23:526 Testing connection are success
05/09 18:49:23:527 Starting process session
05/09 18:49:25:298 Total 0 instances are started
05/09 18:49:25:300 Total 1 instances are added
05/09 18:56:14:357 OSA started
05/09 18:56:14:742 Testing connection ...
05/09 18:56:15:349 Created provisioning instance for OSA
05/09 18:56:15:350 Testing connection are success
05/09 18:56:15:350 Starting process session
05/09 18:56:17:762 Total 0 instances are started
05/09 18:56:17:763 Total 1 instances are added
05/09 18:57:02:099 OSA started
05/09 18:57:02:525 Testing connection ...
05/09 18:57:03:636 Created provisioning instance for OSA
05/09 18:57:03:636 Testing connection are success
05/09 18:57:03:637 Starting process session
05/09 18:57:05:193 Total 0 instances are started
05/09 18:57:05:194 Total 1 instances are added
05/09 19:01:26:640 OSA started
05/09 19:01:27:602 Testing connection ...
05/09 19:01:28:448 Created provisioning instance for OSA
05/09 19:01:28:449 Testing connection are success
05/09 19:01:28:449 Starting process session
05/09 19:01:30:377 Total 0 instances are started
05/09 19:01:30:378 Total 1 instances are added
05/09 19:03:18:726 OSA started
05/09 19:03:19:528 Testing connection ...
05/09 19:03:20:267 Created provisioning instance for OSA
05/09 19:03:20:267 Testing connection are success
05/09 19:03:20:267 Starting process session
05/09 19:03:22:259 Total 0 instances are started
05/09 19:03:22:261 Total 1 instances are added
05/09 19:15:36:156 OSA started
05/09 19:15:37:133 Testing connection ...
05/09 19:15:37:914 Created provisioning instance for OSA
05/09 19:15:37:914 Testing connection are success
05/09 19:15:37:915 Starting process session
05/09 19:15:39:629 Total 0 instances are started
05/09 19:15:39:630 Total 1 instances are added
05/09 19:15:40:660 com.sun.messaging.jms.JMSException: [C4003]: Error occurred on connection creation [10.32.62.52:7676]. - cause: java.net.ConnectException: Connection refused: connect
05/09 19:15:40:660 Consumer was closed, reconnect.
05/09 19:15:40:931 Total 0 instances are started
05/09 19:15:40:932 Total 1 instances are added
05/09 19:15:41:965 com.sun.messaging.jms.JMSException: [C4003]: Error occurred on connection creation [10.32.62.52:7676]. - cause: java.net.ConnectException: Connection refused: connect
05/09 19:15:41:966 Consumer was closed, reconnect.
05/09 19:15:42:232 Total 0 instances are started
05/09 19:15:42:232 Total 1 instances are added
05/09 19:15:43:315 com.sun.messaging.jms.JMSException: [C4003]: Error occurred on connection creation [10.32.62.52:7676]. - cause: java.net.ConnectException: Connection refused: connect
05/09 19:15:43:316 Consumer was closed, reconnect.
05/09 19:15:43:545 Total 0 instances are started
05/09 19:15:43:545 Total 1 instances are added
05/09 19:15:44:583 com.sun.messaging.jms.JMSException: [C4003]: Error occurred on connection creation [10.32.62.52:7676]. - cause: java.net.ConnectException: Connection refused: connect
05/09 19:15:44:584 Consumer was closed, reconnect.
05/09 19:15:44:846 Total 0 instances are started
05/09 19:15:44:888 Total 1 instances are added
05/09 19:15:45:867 com.sun.messaging.jms.JMSException: [C4003]: Error occurred on connection creation [10.32.62.52:7676]. - cause: java.net.ConnectException: Connection refused: connect
05/09 19:15:45:867 Consumer was closed, reconnect.
05/09 19:15:46:189 Total 0 instances are started
05/09 19:15:46:198 Total 1 instances are added
05/09 19:15:47:217 com.sun.messaging.jms.JMSException: [C4003]: Error occurred on connection creation [10.32.62.52:7676]. - cause: java.net.ConnectException: Connection refused: connect
05/09 19:15:47:218 Consumer was closed, reconnect.
05/09 19:15:47:499 Total 0 instances are started
05/09 19:15:47:500 Total 1 instances are added
05/09 19:15:48:579 com.sun.messaging.jms.JMSException: [C4003]: Error occurred on connection creation [10.32.62.52:7676]. - cause: java.net.ConnectException: Connection refused: connect
05/09 19:15:48:579 Consumer was closed, reconnect.
05/09 19:15:48:807 Total 0 instances are started
05/09 19:15:48:808 Total 1 instances are added
05/09 19:15:49:829 com.sun.messaging.jms.JMSException: [C4003]: Error occurred on connection creation [10.32.62.52:7676]. - cause: java.net.ConnectException: Connection refused: connect
05/09 19:15:49:830 Consumer was closed, reconnect.
05/09 19:15:50:113 Total 0 instances are started
05/09 19:15:50:114 Total 1 instances are added
05/09 19:15:51:135 com.sun.messaging.jms.JMSException: [C4003]: Error occurred on connection creation [10.32.62.52:7676]. - cause: java.net.ConnectException: Connection refused: connect
05/09 19:15:51:135 Consumer was closed, reconnect.
05/09 19:15:51:415 Total 0 instances are started
05/09 19:15:51:416 Total 1 instances are added
05/09 19:15:52:438 com.sun.messaging.jms.JMSException: [C4003]: Error occurred on connection creation [10.32.62.52:7676]. - cause: java.net.ConnectException: Connection refused: connect
05/09 19:15:52:439 Consumer was closed, reconnect.
05/09 19:15:52:716 Total 0 instances are started
05/09 19:15:52:717 Total 1 instances are added
05/09 19:15:53:750 com.sun.messaging.jms.JMSException: [C4003]: Error occurred on connection creation [10.32.62.52:7676]. - cause: java.net.ConnectException: Connection refused: connect
05/09 19:15:53:751 Consumer was closed, reconnect.
05/09 19:15:54:017 Total 0 instances are started
05/09 19:15:54:018 Total 1 instances are added
05/09 19:15:55:072 com.sun.messaging.jms.JMSException: [C4003]: Error occurred on connection creation [10.32.62.52:7676]. - cause: java.net.ConnectException: Connection refused: connect
05/09 19:15:55:073 Consumer was closed, reconnect.
05/09 19:15:55:320 Total 0 instances are started
05/09 19:15:55:321 Total 1 instances are added
05/09 19:15:56:347 com.sun.messaging.jms.JMSException: [C4003]: Error occurred on connection creation [10.32.62.52:7676]. - cause: java.net.ConnectException: Connection refused: connect
05/09 19:15:56:347 Consumer was closed, reconnect.
05/09 19:15:56:622 Total 0 instances are started
05/09 19:15:56:623 Total 1 instances are added
05/09 19:15:57:653 com.sun.messaging.jms.JMSException: [C4003]: Error occurred on connection creation [10.32.62.52:7676]. - cause: java.net.ConnectException: Connection refused: connect
05/09 19:15:57:654 Consumer was closed, reconnect.
05/09 19:15:57:924 Total 0 instances are started
05/09 19:15:57:925 Total 1 instances are added
05/09 19:15:59:025 com.sun.messaging.jms.JMSException: [C4003]: Error occurred on connection creation [10.32.62.52:7676]. - cause: java.net.ConnectException: Connection refused: connect
05/09 19:15:59:025 Consumer was closed, reconnect.
05/09 19:15:59:228 Total 0 instances are started
05/09 19:15:59:229 Total 1 instances are added
05/09 19:16:00:267 com.sun.messaging.jms.JMSException: [C4003]: Error occurred on connection creation [10.32.62.52:7676]. - cause: java.net.ConnectException: Connection refused: connect
05/09 19:16:00:268 Consumer was closed, reconnect.
05/09 19:16:00:530 Total 0 instances are started
05/09 19:16:00:530 Total 1 instances are added
05/09 19:16:01:550 com.sun.messaging.jms.JMSException: [C4003]: Error occurred on connection creation [10.32.62.52:7676]. - cause: java.net.ConnectException: Connection refused: connect
05/09 19:16:01:551 Consumer was closed, reconnect.
05/09 19:16:01:831 Total 0 instances are started
05/09 19:16:01:833 Total 1 instances are added
05/09 19:16:03:131 com.sun.messaging.jms.JMSException: [C4003]: Error occurred on connection creation [10.32.62.52:7676]. - cause: java.net.ConnectException: Connection refused: connect
05/09 19:16:03:132 Consumer was closed, reconnect.
05/09 19:16:03:443 Total 0 instances are started
05/09 19:16:03:444 Total 1 instances are added
05/09 19:16:04:483 com.sun.messaging.jms.JMSException: [C4003]: Error occurred on connection creation [10.32.62.52:7676]. - cause: java.net.ConnectException: Connection refused: connect
05/09 19:16:04:484 Consumer was closed, reconnect.
05/09 19:16:04:753 Total 0 instances are started
05/09 19:16:04:754 Total 1 instances are added
05/09 19:16:05:786 com.sun.messaging.jms.JMSException: [C4003]: Error occurred on connection creation [10.32.62.52:7676]. - cause: java.net.ConnectException: Connection refused: connect
05/09 19:16:05:786 Consumer was closed, reconnect.
05/09 19:16:06:054 Total 0 instances are started
05/09 19:16:06:055 Total 1 instances are added
05/09 19:16:07:095 com.sun.messaging.jms.JMSException: [C4003]: Error occurred on connection creation [10.32.62.52:7676]. - cause: java.net.ConnectException: Connection refused: connect
05/09 19:16:07:096 Consumer was closed, reconnect.
05/09 19:16:07:356 Total 0 instances are started
05/09 19:16:07:358 Total 1 instances are added
05/09 19:16:08:392 com.sun.messaging.jms.JMSException: [C4003]: Error occurred on connection creation [10.32.62.52:7676]. - cause: java.net.ConnectException: Connection refused: connect
05/09 19:16:08:393 Consumer was closed, reconnect.
05/09 19:16:08:658 Total 0 instances are started
05/09 19:16:08:659 Total 1 instances are added
05/09 19:16:09:680 com.sun.messaging.jms.JMSException: [C4003]: Error occurred on connection creation [10.32.62.52:7676]. - cause: java.net.ConnectException: Connection refused: connect
05/09 19:16:09:681 Consumer was closed, reconnect.
05/09 19:16:09:960 Total 0 instances are started
05/09 19:16:09:961 Total 1 instances are added
05/09 19:16:11:022 com.sun.messaging.jms.JMSException: [C4003]: Error occurred on connection creation [10.32.62.52:7676]. - cause: java.net.ConnectException: Connection refused: connect
05/09 19:16:11:022 Consumer was closed, reconnect.
05/09 19:16:11:261 Total 0 instances are started
05/09 19:16:11:261 Total 1 instances are added
05/09 19:16:12:277 com.sun.messaging.jms.JMSException: [C4003]: Error occurred on connection creation [10.32.62.52:7676]. - cause: java.net.ConnectException: Connection refused: connect
05/09 19:16:12:278 Consumer was closed, reconnect.
05/09 19:16:12:562 Total 0 instances are started
05/09 19:16:12:563 Total 1 instances are added
05/09 19:16:13:579 com.sun.messaging.jms.JMSException: [C4003]: Error occurred on connection creation [10.32.62.52:7676]. - cause: java.net.ConnectException: Connection refused: connect
05/09 19:16:13:579 Consumer was closed, reconnect.
05/09 19:16:13:863 Total 0 instances are started
05/09 19:16:13:864 Total 1 instances are added
05/09 19:16:14:910 com.sun.messaging.jms.JMSException: [C4003]: Error occurred on connection creation [10.32.62.52:7676]. - cause: java.net.ConnectException: Connection refused: connect
05/09 19:16:14:912 Consumer was closed, reconnect.
05/09 19:16:15:165 Total 0 instances are started
05/09 19:16:15:166 Total 1 instances are added
05/09 19:16:16:185 com.sun.messaging.jms.JMSException: [C4003]: Error occurred on connection creation [10.32.62.52:7676]. - cause: java.net.ConnectException: Connection refused: connect
05/09 19:16:16:185 Consumer was closed, reconnect.
05/09 19:16:16:467 Total 0 instances are started
05/09 19:16:16:470 Total 1 instances are added
05/09 19:16:17:500 com.sun.messaging.jms.JMSException: [C4003]: Error occurred on connection creation [10.32.62.52:7676]. - cause: java.net.ConnectException: Connection refused: connect
05/09 19:16:17:501 Consumer was closed, reconnect.
05/09 19:16:17:771 Total 0 instances are started
05/09 19:16:17:772 Total 1 instances are added
05/09 19:16:18:798 com.sun.messaging.jms.JMSException: [C4003]: Error occurred on connection creation [10.32.62.52:7676]. - cause: java.net.ConnectException: Connection refused: connect
05/09 19:16:18:798 Consumer was closed, reconnect.
05/09 19:16:19:074 Total 0 instances are started
05/09 19:16:19:074 Total 1 instances are added
05/09 19:16:20:097 com.sun.messaging.jms.JMSException: [C4003]: Error occurred on connection creation [10.32.62.52:7676]. - cause: java.net.ConnectException: Connection refused: connect
05/09 19:16:20:098 Consumer was closed, reconnect.
05/09 19:16:20:375 Total 0 instances are started
05/09 19:16:20:375 Total 1 instances are added
05/09 19:16:21:408 com.sun.messaging.jms.JMSException: [C4003]: Error occurred on connection creation [10.32.62.52:7676]. - cause: java.net.ConnectException: Connection refused: connect
05/09 19:16:21:409 Consumer was closed, reconnect.
05/09 19:16:21:677 Total 0 instances are started
05/09 19:16:21:678 Total 1 instances are added
05/09 19:16:22:688 com.sun.messaging.jms.JMSException: [C4003]: Error occurred on connection creation [10.32.62.52:7676]. - cause: java.net.ConnectException: Connection refused: connect
05/09 19:16:22:689 Consumer was closed, reconnect.
05/09 19:16:22:979 Total 0 instances are started
05/09 19:16:22:980 Total 1 instances are added
05/09 19:16:24:007 com.sun.messaging.jms.JMSException: [C4003]: Error occurred on connection creation [10.32.62.52:7676]. - cause: java.net.ConnectException: Connection refused: connect
05/09 19:16:24:007 Consumer was closed, reconnect.
05/09 19:16:24:284 Total 0 instances are started
05/09 19:16:24:285 Total 1 instances are added
05/09 19:16:25:309 com.sun.messaging.jms.JMSException: [C4003]: Error occurred on connection creation [10.32.62.52:7676]. - cause: java.net.ConnectException: Connection refused: connect
05/09 19:16:25:310 Consumer was closed, reconnect.
05/09 19:16:25:585 Total 0 instances are started
05/09 19:16:25:585 Total 1 instances are added
05/09 19:16:26:605 com.sun.messaging.jms.JMSException: [C4003]: Error occurred on connection creation [10.32.62.52:7676]. - cause: java.net.ConnectException: Connection refused: connect
05/09 19:16:26:606 Consumer was closed, reconnect.
05/09 19:16:26:886 Total 0 instances are started
05/09 19:16:26:891 Total 1 instances are added
05/09 19:16:27:926 com.sun.messaging.jms.JMSException: [C4003]: Error occurred on connection creation [10.32.62.52:7676]. - cause: java.net.ConnectException: Connection refused: connect
05/09 19:16:27:926 Consumer was closed, reconnect.
05/09 19:16:28:192 Total 0 instances are started
05/09 19:16:28:193 Total 1 instances are added
05/09 19:16:30:138 com.sun.messaging.jms.JMSException: [C4003]: Error occurred on connection creation [10.32.62.52:7676]. - cause: java.net.ConnectException: Connection refused: connect
05/09 19:16:30:138 Consumer was closed, reconnect.
05/09 19:16:30:394 Total 0 instances are started
05/09 19:16:30:395 Total 1 instances are added
05/09 19:16:31:411 com.sun.messaging.jms.JMSException: [C4003]: Error occurred on connection creation [10.32.62.52:7676]. - cause: java.net.ConnectException: Connection refused: connect
05/09 19:16:31:412 Consumer was closed, reconnect.
05/09 19:16:31:695 Total 0 instances are started
05/09 19:16:31:696 Total 1 instances are added
05/09 19:16:32:735 com.sun.messaging.jms.JMSException: [C4003]: Error occurred on connection creation [10.32.62.52:7676]. - cause: java.net.ConnectException: Connection refused: connect
05/09 19:16:32:736 Consumer was closed, reconnect.
05/09 19:16:32:996 Total 0 instances are started
05/09 19:16:33:258 Total 1 instances are added
05/09 19:16:34:013 com.sun.messaging.jms.JMSException: [C4003]: Error occurred on connection creation [10.32.62.52:7676]. - cause: java.net.ConnectException: Connection refused: connect
05/09 19:16:34:014 Consumer was closed, reconnect.
05/09 19:16:34:258 Total 0 instances are started
05/09 19:16:34:258 Total 1 instances are added
05/09 19:16:35:269 com.sun.messaging.jms.JMSException: [C4003]: Error occurred on connection creation [10.32.62.52:7676]. - cause: java.net.ConnectException: Connection refused: connect
05/09 19:16:35:270 Consumer was closed, reconnect.
05/09 19:16:35:559 Total 0 instances are started
05/09 19:16:35:559 Total 1 instances are added
05/09 19:22:16:319 OSA started
05/09 19:22:17:107 Testing connection ...
05/09 19:22:17:825 Created provisioning instance for OSA
05/09 19:22:17:827 Testing connection are success
05/09 19:22:17:827 Starting process session
05/09 19:22:19:665 Total 0 instances are started
05/09 19:22:19:665 Total 1 instances are added
05/09 19:24:51:188 OSA started
05/09 19:24:51:916 Testing connection ...
05/09 19:24:52:850 Created provisioning instance for OSA
05/09 19:24:52:852 Testing connection are success
05/09 19:24:52:853 Starting process session
05/09 19:24:54:718 Total 0 instances are started
05/09 19:24:54:719 Total 1 instances are added
05/09 19:27:12:414 OSA started
05/09 19:27:13:246 Testing connection ...
05/09 19:27:13:950 Created provisioning instance for OSA
05/09 19:27:13:951 Testing connection are success
05/09 19:27:13:952 Starting process session
05/09 19:27:15:665 Total 0 instances are started
05/09 19:27:15:665 Total 1 instances are added
05/09 19:30:29:715 OSA started
05/09 19:30:30:521 Testing connection ...
05/09 19:30:31:183 Created provisioning instance for OSA
05/09 19:30:31:183 Testing connection are success
05/09 19:30:31:184 Starting process session
05/09 19:30:32:839 Total 0 instances are started
05/09 19:30:32:840 Total 1 instances are added
05/09 19:32:19:102 OSA started
05/09 19:32:19:709 Testing connection ...
05/09 19:32:20:272 Created provisioning instance for OSA
05/09 19:32:20:272 Testing connection are success
05/09 19:32:20:272 Starting process session
05/09 19:32:22:668 Total 0 instances are started
05/09 19:32:22:668 Total 1 instances are added
05/09 19:50:05:354 OSA started
05/09 19:50:05:705 Testing connection ...
05/09 19:50:06:585 Created provisioning instance for OSA
05/09 19:50:06:585 Testing connection are success
05/09 19:50:06:586 Starting process session
05/09 19:50:07:604 Total 0 instances are started
05/09 19:50:07:605 Total 1 instances are added
