16/09 08:49:34:373 OSA started
16/09 08:49:41:080 Testing connection ...
16/09 08:50:00:672 Created provisioning instance for OSA
16/09 08:50:00:673 Testing connection are success
16/09 08:50:00:673 Starting process session
16/09 08:50:02:487 Total 0 instances are started
16/09 08:50:02:488 Total 1 instances are added
16/09 09:07:21:518 OSA started
16/09 09:07:22:063 Testing connection ...
16/09 09:07:22:768 Created provisioning instance for OSA
16/09 09:07:22:769 Testing connection are success
16/09 09:07:22:769 Starting process session
16/09 09:07:24:959 Total 0 instances are started
16/09 09:07:24:960 Total 1 instances are added
16/09 09:10:49:257 OSA started
16/09 09:10:49:936 Testing connection ...
16/09 09:10:50:814 Created provisioning instance for OSA
16/09 09:10:50:815 Testing connection are success
16/09 09:10:50:815 Starting process session
16/09 09:10:52:416 Total 0 instances are started
16/09 09:10:52:418 Total 1 instances are added
16/09 09:25:59:599 OSA started
16/09 09:26:28:421 Error occured: Connections could not be acquired from the underlying database!
16/09 09:31:28:508 Testing connection ...
16/09 09:31:28:557 Created provisioning instance for OSA
16/09 09:31:28:557 Testing connection are success
16/09 09:31:28:558 Starting process session
16/09 09:31:29:328 Total 0 instances are started
16/09 09:31:29:329 Total 1 instances are added
16/09 09:37:15:307 OSA started
16/09 09:37:15:398 Testing connection ...
16/09 09:37:16:175 Created provisioning instance for OSA
16/09 09:37:16:176 Testing connection are success
16/09 09:37:16:176 Starting process session
16/09 09:37:18:090 Total 0 instances are started
16/09 09:37:18:091 Total 1 instances are added
16/09 09:38:44:576 OSA started
16/09 09:38:45:252 Testing connection ...
16/09 09:38:45:872 Created provisioning instance for OSA
16/09 09:38:45:873 Testing connection are success
16/09 09:38:45:873 Starting process session
16/09 09:38:48:074 Total 0 instances are started
16/09 09:38:48:075 Total 1 instances are added
16/09 09:40:00:577 OSA started
16/09 09:40:01:299 Testing connection ...
16/09 09:40:02:141 Created provisioning instance for OSA
16/09 09:40:02:142 Testing connection are success
16/09 09:40:02:142 Starting process session
16/09 09:40:03:707 Total 0 instances are started
16/09 09:40:03:708 Total 1 instances are added
16/09 09:51:23:076 OSA started
16/09 09:51:24:977 Testing connection ...
16/09 09:51:25:511 Created provisioning instance for OSA
16/09 09:51:25:512 Testing connection are success
16/09 09:51:25:512 Starting process session
16/09 09:51:27:896 Total 0 instances are started
16/09 09:51:27:896 Total 1 instances are added
16/09 09:53:17:322 OSA started
16/09 09:53:18:178 Testing connection ...
16/09 09:53:18:953 Created provisioning instance for OSA
16/09 09:53:18:954 Testing connection are success
16/09 09:53:18:954 Starting process session
16/09 09:53:21:108 Total 0 instances are started
16/09 09:53:21:109 Total 1 instances are added
16/09 10:03:33:585 OSA started
16/09 10:03:34:310 Testing connection ...
16/09 10:03:35:120 Created provisioning instance for OSA
16/09 10:03:35:121 Testing connection are success
16/09 10:03:35:122 Starting process session
16/09 10:03:37:055 Total 0 instances are started
16/09 10:03:37:055 Total 1 instances are added
16/09 10:06:49:449 OSA started
16/09 10:06:50:136 Testing connection ...
16/09 10:06:51:045 Created provisioning instance for OSA
16/09 10:06:51:046 Testing connection are success
16/09 10:06:51:046 Starting process session
16/09 10:06:52:542 Total 0 instances are started
16/09 10:06:52:543 Total 1 instances are added
16/09 10:17:47:723 OSA started
16/09 10:17:48:411 Testing connection ...
16/09 10:17:49:248 Created provisioning instance for OSA
16/09 10:17:49:249 Testing connection are success
16/09 10:17:49:250 Starting process session
16/09 10:17:50:721 Total 0 instances are started
16/09 10:17:50:721 Total 1 instances are added
