03/09 08:29:38:413 OSA started
03/09 08:29:38:804 java.lang.NoSuchMethodException: com.crm.provisioning.impl.loyalty.LoyaltyImpl.getBalanceQuery(com.crm.provisioning.thread.CommandInstance, com.crm.provisioning.cache.ProvisioningCommand, com.crm.provisioning.message.CommandMessage)
03/09 08:29:38:805 End of process session
03/09 08:32:09:080 OSA started
03/09 08:32:09:341 java.lang.NoSuchMethodException: com.crm.provisioning.impl.loyalty.LoyaltyImpl.getBalanceQuery(com.crm.provisioning.thread.CommandInstance, com.crm.provisioning.cache.ProvisioningCommand, com.crm.provisioning.message.CommandMessage)
03/09 08:32:09:342 End of process session
03/09 08:33:18:762 OSA started
03/09 08:33:19:426 java.lang.NoSuchMethodException: com.crm.provisioning.impl.loyalty.LoyaltyImpl.getBalanceQuery(com.crm.provisioning.thread.CommandInstance, com.crm.provisioning.cache.ProvisioningCommand, com.crm.provisioning.message.CommandMessage)
03/09 08:33:19:427 End of process session
03/09 08:36:55:985 OSA started
03/09 08:36:56:719 java.lang.NoSuchMethodException: com.crm.provisioning.impl.loyalty.LoyaltyImpl.getBalanceQuery(com.crm.provisioning.thread.CommandInstance, com.crm.provisioning.cache.ProvisioningCommand, com.crm.provisioning.message.CommandMessage)
03/09 08:36:56:720 End of process session
03/09 08:42:40:745 OSA started
03/09 08:42:41:012 java.lang.NoSuchMethodException: com.crm.provisioning.impl.loyalty.LoyaltyImpl.getBalanceQuery(com.crm.provisioning.thread.CommandInstance, com.crm.provisioning.cache.ProvisioningCommand, com.crm.provisioning.message.CommandMessage)
03/09 08:42:41:013 End of process session
03/09 08:43:56:816 OSA started
03/09 08:43:57:166 java.lang.NoSuchMethodException: com.crm.provisioning.impl.loyalty.LoyaltyImpl.getBalanceQuery(com.crm.provisioning.thread.CommandInstance, com.crm.provisioning.cache.ProvisioningCommand, com.crm.provisioning.message.CommandMessage)
03/09 08:43:57:167 End of process session
03/09 08:48:03:363 OSA started
03/09 08:48:03:430 java.lang.NoSuchMethodException: com.crm.provisioning.impl.loyalty.LoyaltyImpl.getBalanceQuery(com.crm.provisioning.thread.CommandInstance, com.crm.provisioning.cache.ProvisioningCommand, com.crm.provisioning.message.CommandMessage)
03/09 08:48:03:430 End of process session
03/09 08:53:03:490 java.lang.NoSuchMethodException: com.crm.provisioning.impl.loyalty.LoyaltyImpl.getBalanceQuery(com.crm.provisioning.thread.CommandInstance, com.crm.provisioning.cache.ProvisioningCommand, com.crm.provisioning.message.CommandMessage)
03/09 08:53:03:491 End of process session
03/09 08:58:03:546 java.lang.NoSuchMethodException: com.crm.provisioning.impl.loyalty.LoyaltyImpl.getBalanceQuery(com.crm.provisioning.thread.CommandInstance, com.crm.provisioning.cache.ProvisioningCommand, com.crm.provisioning.message.CommandMessage)
03/09 08:58:03:547 End of process session
03/09 09:03:03:590 java.lang.NoSuchMethodException: com.crm.provisioning.impl.loyalty.LoyaltyImpl.getBalanceQuery(com.crm.provisioning.thread.CommandInstance, com.crm.provisioning.cache.ProvisioningCommand, com.crm.provisioning.message.CommandMessage)
03/09 09:03:03:591 End of process session
03/09 09:08:03:657 java.lang.NoSuchMethodException: com.crm.provisioning.impl.loyalty.LoyaltyImpl.getBalanceQuery(com.crm.provisioning.thread.CommandInstance, com.crm.provisioning.cache.ProvisioningCommand, com.crm.provisioning.message.CommandMessage)
03/09 09:08:03:658 End of process session
03/09 09:13:03:712 java.lang.NoSuchMethodException: com.crm.provisioning.impl.loyalty.LoyaltyImpl.getBalanceQuery(com.crm.provisioning.thread.CommandInstance, com.crm.provisioning.cache.ProvisioningCommand, com.crm.provisioning.message.CommandMessage)
03/09 09:13:03:712 End of process session
03/09 09:18:03:845 java.lang.NoSuchMethodException: com.crm.provisioning.impl.loyalty.LoyaltyImpl.getBalanceQuery(com.crm.provisioning.thread.CommandInstance, com.crm.provisioning.cache.ProvisioningCommand, com.crm.provisioning.message.CommandMessage)
03/09 09:18:03:846 End of process session
03/09 09:19:53:665 OSA started
03/09 09:19:53:774 java.lang.NoSuchMethodException: com.crm.provisioning.impl.loyalty.LoyaltyImpl.getBalanceQuery(com.crm.provisioning.thread.CommandInstance, com.crm.provisioning.cache.ProvisioningCommand, com.crm.provisioning.message.CommandMessage)
03/09 09:19:53:774 End of process session
03/09 09:23:58:057 OSA started
03/09 09:23:58:478 java.lang.NoSuchMethodException: com.crm.provisioning.impl.loyalty.LoyaltyImpl.getBalanceQuery(com.crm.provisioning.thread.CommandInstance, com.crm.provisioning.cache.ProvisioningCommand, com.crm.provisioning.message.CommandMessage)
03/09 09:23:58:479 End of process session
03/09 09:43:03:919 OSA started
03/09 09:43:04:457 java.lang.NoSuchMethodException: com.crm.provisioning.impl.loyalty.LoyaltyImpl.getBalanceQuery(com.crm.provisioning.thread.CommandInstance, com.crm.provisioning.cache.ProvisioningCommand, com.crm.provisioning.message.CommandMessage)
03/09 09:43:04:458 End of process session
03/09 09:48:04:678 java.lang.NoSuchMethodException: com.crm.provisioning.impl.loyalty.LoyaltyImpl.getBalanceQuery(com.crm.provisioning.thread.CommandInstance, com.crm.provisioning.cache.ProvisioningCommand, com.crm.provisioning.message.CommandMessage)
03/09 09:48:04:678 End of process session
03/09 09:53:04:811 java.lang.NoSuchMethodException: com.crm.provisioning.impl.loyalty.LoyaltyImpl.getBalanceQuery(com.crm.provisioning.thread.CommandInstance, com.crm.provisioning.cache.ProvisioningCommand, com.crm.provisioning.message.CommandMessage)
03/09 09:53:04:812 End of process session
03/09 09:58:04:963 java.lang.NoSuchMethodException: com.crm.provisioning.impl.loyalty.LoyaltyImpl.getBalanceQuery(com.crm.provisioning.thread.CommandInstance, com.crm.provisioning.cache.ProvisioningCommand, com.crm.provisioning.message.CommandMessage)
03/09 09:58:04:964 End of process session
03/09 09:58:43:941 OSA started
03/09 09:58:44:131 java.lang.NoSuchMethodException: com.crm.provisioning.impl.loyalty.LoyaltyImpl.getBalanceQuery(com.crm.provisioning.thread.CommandInstance, com.crm.provisioning.cache.ProvisioningCommand, com.crm.provisioning.message.CommandMessage)
03/09 09:58:44:132 End of process session
03/09 10:01:36:799 OSA started
03/09 10:01:37:178 java.lang.NoSuchMethodException: com.crm.provisioning.impl.loyalty.LoyaltyImpl.getBalanceQuery(com.crm.provisioning.thread.CommandInstance, com.crm.provisioning.cache.ProvisioningCommand, com.crm.provisioning.message.CommandMessage)
03/09 10:01:37:179 End of process session
03/09 10:06:37:274 java.lang.NoSuchMethodException: com.crm.provisioning.impl.loyalty.LoyaltyImpl.getBalanceQuery(com.crm.provisioning.thread.CommandInstance, com.crm.provisioning.cache.ProvisioningCommand, com.crm.provisioning.message.CommandMessage)
03/09 10:06:37:275 End of process session
03/09 10:11:37:417 java.lang.NoSuchMethodException: com.crm.provisioning.impl.loyalty.LoyaltyImpl.getBalanceQuery(com.crm.provisioning.thread.CommandInstance, com.crm.provisioning.cache.ProvisioningCommand, com.crm.provisioning.message.CommandMessage)
03/09 10:11:37:418 End of process session
03/09 10:17:49:731 OSA started
03/09 10:17:50:290 java.lang.NoSuchMethodException: com.crm.provisioning.impl.loyalty.LoyaltyImpl.getBalanceQuery(com.crm.provisioning.thread.CommandInstance, com.crm.provisioning.cache.ProvisioningCommand, com.crm.provisioning.message.CommandMessage)
03/09 10:17:50:291 End of process session
03/09 10:22:50:396 java.lang.NoSuchMethodException: com.crm.provisioning.impl.loyalty.LoyaltyImpl.getBalanceQuery(com.crm.provisioning.thread.CommandInstance, com.crm.provisioning.cache.ProvisioningCommand, com.crm.provisioning.message.CommandMessage)
03/09 10:22:50:397 End of process session
03/09 10:27:50:504 java.lang.NoSuchMethodException: com.crm.provisioning.impl.loyalty.LoyaltyImpl.getBalanceQuery(com.crm.provisioning.thread.CommandInstance, com.crm.provisioning.cache.ProvisioningCommand, com.crm.provisioning.message.CommandMessage)
03/09 10:27:50:505 End of process session
03/09 10:32:50:593 java.lang.NoSuchMethodException: com.crm.provisioning.impl.loyalty.LoyaltyImpl.getBalanceQuery(com.crm.provisioning.thread.CommandInstance, com.crm.provisioning.cache.ProvisioningCommand, com.crm.provisioning.message.CommandMessage)
03/09 10:32:50:594 End of process session
03/09 10:37:50:684 java.lang.NoSuchMethodException: com.crm.provisioning.impl.loyalty.LoyaltyImpl.getBalanceQuery(com.crm.provisioning.thread.CommandInstance, com.crm.provisioning.cache.ProvisioningCommand, com.crm.provisioning.message.CommandMessage)
03/09 10:37:50:685 End of process session
03/09 10:39:45:689 OSA started
03/09 10:39:46:345 java.lang.NoSuchMethodException: com.crm.provisioning.impl.loyalty.LoyaltyImpl.getBalanceQuery(com.crm.provisioning.thread.CommandInstance, com.crm.provisioning.cache.ProvisioningCommand, com.crm.provisioning.message.CommandMessage)
03/09 10:39:46:346 End of process session
03/09 10:44:46:456 java.lang.NoSuchMethodException: com.crm.provisioning.impl.loyalty.LoyaltyImpl.getBalanceQuery(com.crm.provisioning.thread.CommandInstance, com.crm.provisioning.cache.ProvisioningCommand, com.crm.provisioning.message.CommandMessage)
03/09 10:44:46:457 End of process session
03/09 10:49:46:524 Testing connection ...
03/09 10:49:48:498 Created provisioning instance for OSA
03/09 10:49:48:499 Testing connection are success
03/09 10:49:48:500 Starting process session
03/09 10:49:48:997 java.lang.NoSuchMethodException: com.crm.provisioning.impl.loyalty.LoyaltyImpl.getBalanceQuery(com.crm.provisioning.thread.CommandInstance, com.crm.provisioning.cache.ProvisioningCommand, com.crm.provisioning.message.CommandMessage)
03/09 10:49:48:998 Close pool
03/09 10:49:48:998 End of process session
03/09 10:54:49:113 java.lang.NoSuchMethodException: com.crm.provisioning.impl.loyalty.LoyaltyImpl.getBalanceQuery(com.crm.provisioning.thread.CommandInstance, com.crm.provisioning.cache.ProvisioningCommand, com.crm.provisioning.message.CommandMessage)
03/09 10:54:49:114 Close pool
03/09 10:54:49:114 End of process session
03/09 10:59:49:434 java.lang.NoSuchMethodException: com.crm.provisioning.impl.loyalty.LoyaltyImpl.getBalanceQuery(com.crm.provisioning.thread.CommandInstance, com.crm.provisioning.cache.ProvisioningCommand, com.crm.provisioning.message.CommandMessage)
03/09 10:59:49:435 Close pool
03/09 10:59:49:435 End of process session
03/09 11:04:49:585 java.lang.NoSuchMethodException: com.crm.provisioning.impl.loyalty.LoyaltyImpl.getBalanceQuery(com.crm.provisioning.thread.CommandInstance, com.crm.provisioning.cache.ProvisioningCommand, com.crm.provisioning.message.CommandMessage)
03/09 11:04:49:585 Close pool
03/09 11:04:49:586 End of process session
03/09 11:09:49:823 java.lang.NoSuchMethodException: com.crm.provisioning.impl.loyalty.LoyaltyImpl.getBalanceQuery(com.crm.provisioning.thread.CommandInstance, com.crm.provisioning.cache.ProvisioningCommand, com.crm.provisioning.message.CommandMessage)
03/09 11:09:49:824 Close pool
03/09 11:09:49:825 End of process session
03/09 11:15:21:597 OSA started
03/09 11:15:22:221 java.lang.NoSuchMethodException: com.crm.provisioning.impl.loyalty.LoyaltyImpl.getBalanceQuery(com.crm.provisioning.thread.CommandInstance, com.crm.provisioning.cache.ProvisioningCommand, com.crm.provisioning.message.CommandMessage)
03/09 11:15:22:222 End of process session
03/09 11:20:22:409 java.lang.NoSuchMethodException: com.crm.provisioning.impl.loyalty.LoyaltyImpl.getBalanceQuery(com.crm.provisioning.thread.CommandInstance, com.crm.provisioning.cache.ProvisioningCommand, com.crm.provisioning.message.CommandMessage)
03/09 11:20:22:410 End of process session
03/09 11:25:22:486 Testing connection ...
03/09 11:25:22:549 Created provisioning instance for OSA
03/09 11:25:22:550 Testing connection are success
03/09 11:25:22:550 Starting process session
03/09 11:25:23:296 Total 0 instances are started
03/09 11:25:23:297 Total 1 instances are added
03/09 11:26:18:091 OSA started
03/09 11:26:18:579 Testing connection ...
03/09 11:26:19:215 Created provisioning instance for OSA
03/09 11:26:19:216 Testing connection are success
03/09 11:26:19:216 Starting process session
03/09 11:26:20:988 Total 0 instances are started
03/09 11:26:20:989 Total 1 instances are added
03/09 11:43:10:034 OSA started
03/09 11:43:10:325 Testing connection ...
03/09 11:43:10:946 Created provisioning instance for OSA
03/09 11:43:10:946 Testing connection are success
03/09 11:43:10:946 Starting process session
03/09 11:43:12:861 Total 0 instances are started
03/09 11:43:12:862 Total 1 instances are added
03/09 11:45:22:599 OSA started
03/09 11:45:23:376 Testing connection ...
03/09 11:45:24:304 Created provisioning instance for OSA
03/09 11:45:24:305 Testing connection are success
03/09 11:45:24:305 Starting process session
03/09 11:45:26:398 Total 0 instances are started
03/09 11:45:26:401 Total 1 instances are added
03/09 11:50:49:117 OSA started
03/09 11:50:49:329 Testing connection ...
03/09 11:50:50:164 Created provisioning instance for OSA
03/09 11:50:50:165 Testing connection are success
03/09 11:50:50:166 Starting process session
03/09 11:50:51:269 Total 0 instances are started
03/09 11:50:51:269 Total 1 instances are added
03/09 13:35:05:331 OSA started
03/09 13:35:27:728 OSA started
03/09 13:35:28:473 Testing connection ...
03/09 13:35:45:556 Created provisioning instance for OSA
03/09 13:35:45:556 Testing connection are success
03/09 13:35:45:557 Starting process session
03/09 13:35:46:380 Total 0 instances are started
03/09 13:35:46:380 Total 1 instances are added
03/09 14:17:30:329 OSA started
03/09 14:17:30:471 Testing connection ...
03/09 14:17:30:933 Created provisioning instance for OSA
03/09 14:17:30:933 Testing connection are success
03/09 14:17:30:934 Starting process session
03/09 14:17:32:065 Total 0 instances are started
03/09 14:17:32:065 Total 1 instances are added
03/09 14:26:11:474 OSA started
03/09 14:26:11:840 java.lang.NoSuchMethodException: com.crm.provisioning.impl.loyalty.LoyaltyImpl.getBalanceQuery(com.crm.provisioning.thread.CommandInstance, com.crm.provisioning.cache.ProvisioningCommand, com.crm.provisioning.message.CommandMessage)
03/09 14:26:11:840 End of process session
03/09 14:28:56:526 OSA started
03/09 14:28:57:028 java.lang.NoSuchMethodException: com.crm.provisioning.impl.loyalty.LoyaltyImpl.getBalanceQuery(com.crm.provisioning.thread.CommandInstance, com.crm.provisioning.cache.ProvisioningCommand, com.crm.provisioning.message.CommandMessage)
03/09 14:28:57:029 End of process session
03/09 14:31:58:656 OSA started
03/09 14:31:58:885 java.lang.NoSuchMethodException: com.crm.provisioning.impl.loyalty.LoyaltyImpl.getBalanceQuery(com.crm.provisioning.thread.CommandInstance, com.crm.provisioning.cache.ProvisioningCommand, com.crm.provisioning.message.CommandMessage)
03/09 14:31:58:885 End of process session
03/09 14:33:46:482 OSA started
03/09 14:33:46:609 java.lang.NoSuchMethodException: com.crm.provisioning.impl.loyalty.LoyaltyImpl.getBalanceQuery(com.crm.provisioning.thread.CommandInstance, com.crm.provisioning.cache.ProvisioningCommand, com.crm.provisioning.message.CommandMessage)
03/09 14:33:46:610 End of process session
03/09 14:35:55:540 OSA started
03/09 14:35:56:091 java.lang.NoSuchMethodException: com.crm.provisioning.impl.loyalty.LoyaltyImpl.getBalanceAmount(com.crm.provisioning.thread.CommandInstance, com.crm.provisioning.cache.ProvisioningCommand, com.crm.provisioning.message.CommandMessage)
03/09 14:35:56:092 End of process session
03/09 14:40:14:122 OSA started
03/09 14:40:14:794 java.lang.NoSuchMethodException: com.crm.provisioning.impl.loyalty.LoyaltyImpl.getBalanceAmount(com.crm.provisioning.thread.CommandInstance, com.crm.provisioning.cache.ProvisioningCommand, com.crm.provisioning.message.CommandMessage)
03/09 14:40:14:794 End of process session
03/09 14:45:15:006 java.lang.NoSuchMethodException: com.crm.provisioning.impl.loyalty.LoyaltyImpl.getBalanceAmount(com.crm.provisioning.thread.CommandInstance, com.crm.provisioning.cache.ProvisioningCommand, com.crm.provisioning.message.CommandMessage)
03/09 14:45:15:007 End of process session
03/09 14:49:38:791 OSA started
03/09 14:57:33:672 OSA started
03/09 14:57:34:214 java.lang.NoSuchMethodException: com.crm.provisioning.impl.loyalty.LoyaltyImpl.getBalanceAmount(com.crm.provisioning.thread.CommandInstance, com.crm.provisioning.cache.ProvisioningCommand, com.crm.provisioning.message.CommandMessage)
03/09 14:57:34:215 End of process session
03/09 15:00:43:427 OSA started
03/09 15:00:43:727 java.lang.NoSuchMethodException: com.crm.provisioning.impl.loyalty.LoyaltyImpl.getBalanceAmount(com.crm.provisioning.thread.CommandInstance, com.crm.provisioning.cache.ProvisioningCommand, com.crm.provisioning.message.CommandMessage)
03/09 15:00:43:727 End of process session
03/09 15:02:03:586 OSA started
03/09 15:02:04:101 Testing connection ...
03/09 15:02:04:696 Created provisioning instance for OSA
03/09 15:02:04:696 Testing connection are success
03/09 15:02:04:697 Starting process session
03/09 15:02:06:272 Total 0 instances are started
03/09 15:02:06:272 Total 1 instances are added
03/09 15:10:14:758 OSA started
03/09 15:10:15:198 Testing connection ...
03/09 15:10:15:769 Created provisioning instance for OSA
03/09 15:10:15:769 Testing connection are success
03/09 15:10:15:770 Starting process session
03/09 15:10:18:047 Total 0 instances are started
03/09 15:10:18:048 Total 1 instances are added
03/09 15:31:17:597 OSA started
03/09 15:31:18:400 Testing connection ...
03/09 15:31:19:220 Created provisioning instance for OSA
03/09 15:31:19:220 Testing connection are success
03/09 15:31:19:220 Starting process session
03/09 15:31:21:159 Total 0 instances are started
03/09 15:31:21:161 Total 1 instances are added
03/09 15:49:55:922 OSA started
03/09 15:49:56:339 Testing connection ...
03/09 15:49:56:900 Created provisioning instance for OSA
03/09 15:49:56:900 Testing connection are success
03/09 15:49:56:900 Starting process session
03/09 15:49:59:102 Total 0 instances are started
03/09 15:49:59:105 Total 1 instances are added
03/09 15:54:18:354 OSA started
03/09 15:54:19:225 Testing connection ...
03/09 15:54:19:955 Created provisioning instance for OSA
03/09 15:54:19:956 Testing connection are success
03/09 15:54:19:957 Starting process session
03/09 15:54:22:186 Total 0 instances are started
03/09 15:54:22:187 Total 1 instances are added
03/09 15:57:48:472 OSA started
03/09 15:57:49:192 Testing connection ...
03/09 15:57:49:848 Created provisioning instance for OSA
03/09 15:57:49:849 Testing connection are success
03/09 15:57:49:849 Starting process session
03/09 15:57:51:174 Total 0 instances are started
03/09 15:57:51:174 Total 1 instances are added
03/09 16:04:16:967 OSA started
03/09 16:04:17:638 Testing connection ...
03/09 16:04:18:380 Created provisioning instance for OSA
03/09 16:04:18:381 Testing connection are success
03/09 16:04:18:381 Starting process session
03/09 16:04:20:258 Total 0 instances are started
03/09 16:04:20:259 Total 1 instances are added
03/09 16:08:14:551 OSA started
03/09 16:08:15:327 Testing connection ...
03/09 16:08:16:113 Created provisioning instance for OSA
03/09 16:08:16:113 Testing connection are success
03/09 16:08:16:113 Starting process session
03/09 16:08:18:273 Total 0 instances are started
03/09 16:08:18:275 Total 1 instances are added
03/09 16:12:48:356 OSA started
03/09 16:12:48:595 Testing connection ...
03/09 16:12:49:424 Created provisioning instance for OSA
03/09 16:12:49:424 Testing connection are success
03/09 16:12:49:425 Starting process session
03/09 16:12:51:328 Total 0 instances are started
03/09 16:12:51:328 Total 1 instances are added
03/09 16:15:16:917 OSA started
03/09 16:15:17:711 Testing connection ...
03/09 16:15:18:664 Created provisioning instance for OSA
03/09 16:15:18:664 Testing connection are success
03/09 16:15:18:665 Starting process session
03/09 16:15:20:208 Total 0 instances are started
03/09 16:15:20:209 Total 1 instances are added
03/09 16:17:32:100 OSA started
03/09 16:17:32:900 Testing connection ...
03/09 16:17:33:707 Created provisioning instance for OSA
03/09 16:17:33:707 Testing connection are success
03/09 16:17:33:707 Starting process session
03/09 16:17:35:256 Total 0 instances are started
03/09 16:17:35:257 Total 1 instances are added
03/09 16:20:17:357 OSA started
03/09 16:20:18:022 Testing connection ...
03/09 16:20:18:764 Created provisioning instance for OSA
03/09 16:20:18:765 Testing connection are success
03/09 16:20:18:765 Starting process session
03/09 16:20:20:937 Total 0 instances are started
03/09 16:20:20:938 Total 1 instances are added
03/09 16:24:36:958 OSA started
03/09 16:24:36:990 Testing connection ...
03/09 16:24:38:164 Created provisioning instance for OSA
03/09 16:24:38:165 Testing connection are success
03/09 16:24:38:165 Starting process session
03/09 16:24:39:184 Total 0 instances are started
03/09 16:24:39:184 Total 1 instances are added
03/09 16:28:32:323 OSA started
03/09 16:28:32:877 Testing connection ...
03/09 16:28:33:747 Created provisioning instance for OSA
03/09 16:28:33:748 Testing connection are success
03/09 16:28:33:748 Starting process session
03/09 16:28:35:880 Total 0 instances are started
03/09 16:28:35:882 Total 1 instances are added
03/09 16:31:11:028 OSA started
03/09 16:31:11:681 Testing connection ...
03/09 16:31:12:312 Created provisioning instance for OSA
03/09 16:31:12:312 Testing connection are success
03/09 16:31:12:313 Starting process session
03/09 16:31:14:265 Total 0 instances are started
03/09 16:31:14:266 Total 1 instances are added
03/09 16:35:12:201 OSA started
03/09 16:35:12:598 Testing connection ...
03/09 16:35:13:356 Created provisioning instance for OSA
03/09 16:35:13:356 Testing connection are success
03/09 16:35:13:357 Starting process session
03/09 16:35:15:284 Total 0 instances are started
03/09 16:35:15:323 Total 1 instances are added
03/09 16:41:26:418 OSA started
03/09 16:41:27:112 Testing connection ...
03/09 16:41:27:759 Created provisioning instance for OSA
03/09 16:41:27:760 Testing connection are success
03/09 16:41:27:760 Starting process session
03/09 16:41:30:230 Total 0 instances are started
03/09 16:41:30:231 Total 1 instances are added
03/09 16:43:43:985 OSA started
03/09 16:43:44:302 Testing connection ...
03/09 16:43:44:912 Created provisioning instance for OSA
03/09 16:43:44:913 Testing connection are success
03/09 16:43:44:913 Starting process session
03/09 16:43:47:276 Total 0 instances are started
03/09 16:43:47:276 Total 1 instances are added
03/09 16:51:21:431 OSA started
03/09 16:51:21:934 Testing connection ...
03/09 16:51:22:561 Created provisioning instance for OSA
03/09 16:51:22:561 Testing connection are success
03/09 16:51:22:562 Starting process session
03/09 16:51:24:316 Total 0 instances are started
03/09 16:51:24:317 Total 1 instances are added
03/09 16:59:08:251 OSA started
03/09 16:59:09:012 Testing connection ...
03/09 16:59:09:683 Created provisioning instance for OSA
03/09 16:59:09:684 Testing connection are success
03/09 16:59:09:684 Starting process session
03/09 16:59:11:262 Total 0 instances are started
03/09 16:59:11:263 Total 1 instances are added
03/09 17:11:14:945 OSA started
03/09 17:11:15:591 Testing connection ...
03/09 17:11:16:308 Created provisioning instance for OSA
03/09 17:11:16:309 Testing connection are success
03/09 17:11:16:310 Starting process session
03/09 17:11:29:160 OSA started
03/09 17:11:29:826 Testing connection ...
03/09 17:11:30:393 Created provisioning instance for OSA
03/09 17:11:30:393 Testing connection are success
03/09 17:11:30:393 Starting process session
03/09 17:11:31:893 Total 0 instances are started
03/09 17:11:31:894 Total 1 instances are added
03/09 17:12:17:716 OSA started
03/09 17:12:18:571 Testing connection ...
03/09 17:12:19:228 Created provisioning instance for OSA
03/09 17:12:19:229 Testing connection are success
03/09 17:12:19:229 Starting process session
03/09 17:12:20:856 Total 0 instances are started
03/09 17:12:20:857 Total 1 instances are added
03/09 17:13:03:159 OSA started
03/09 17:13:03:374 Testing connection ...
03/09 17:13:04:124 Created provisioning instance for OSA
03/09 17:13:04:125 Testing connection are success
03/09 17:13:04:125 Starting process session
03/09 17:13:05:024 Total 0 instances are started
03/09 17:13:05:025 Total 1 instances are added
03/09 17:15:51:112 OSA started
03/09 17:15:51:683 Testing connection ...
03/09 17:15:52:221 Created provisioning instance for OSA
03/09 17:15:52:221 Testing connection are success
03/09 17:15:52:222 Starting process session
03/09 17:15:54:092 Total 0 instances are started
03/09 17:15:54:094 Total 1 instances are added
03/09 17:26:50:870 OSA started
03/09 17:26:51:348 Testing connection ...
03/09 17:26:51:856 Created provisioning instance for OSA
03/09 17:26:51:857 Testing connection are success
03/09 17:26:51:857 Starting process session
03/09 17:26:53:982 Total 0 instances are started
03/09 17:26:53:982 Total 1 instances are added
03/09 17:37:34:165 OSA started
03/09 17:37:34:201 Testing connection ...
03/09 17:37:34:583 Created provisioning instance for OSA
03/09 17:37:34:583 Testing connection are success
03/09 17:37:34:584 Starting process session
03/09 17:37:35:595 Total 0 instances are started
03/09 17:37:35:595 Total 1 instances are added
03/09 17:49:23:529 OSA started
03/09 17:49:24:193 Testing connection ...
03/09 17:49:24:918 Created provisioning instance for OSA
03/09 17:49:24:919 Testing connection are success
03/09 17:49:24:919 Starting process session
03/09 17:49:27:153 Total 0 instances are started
03/09 17:49:27:155 Total 1 instances are added
03/09 17:54:39:991 OSA started
03/09 17:54:40:635 Testing connection ...
03/09 17:54:41:401 Created provisioning instance for OSA
03/09 17:54:41:402 Testing connection are success
03/09 17:54:41:402 Starting process session
03/09 17:54:42:446 Total 0 instances are started
03/09 17:54:42:446 Total 1 instances are added
03/09 17:55:02:206 OSA started
03/09 17:55:03:028 Testing connection ...
03/09 17:55:03:695 Created provisioning instance for OSA
03/09 17:55:03:695 Testing connection are success
03/09 17:55:03:696 Starting process session
03/09 17:55:05:698 Total 0 instances are started
03/09 17:55:05:699 Total 1 instances are added
03/09 17:56:29:432 OSA started
03/09 17:56:30:112 Testing connection ...
03/09 17:56:30:752 Created provisioning instance for OSA
03/09 17:56:30:752 Testing connection are success
03/09 17:56:30:753 Starting process session
03/09 17:56:32:372 Total 0 instances are started
03/09 17:56:32:373 Total 1 instances are added
03/09 18:02:41:494 OSA started
03/09 18:02:42:192 Testing connection ...
03/09 18:02:42:805 Created provisioning instance for OSA
03/09 18:02:42:806 Testing connection are success
03/09 18:02:42:806 Starting process session
03/09 18:02:44:677 Total 0 instances are started
03/09 18:02:44:677 Total 1 instances are added
03/09 18:07:58:824 OSA started
03/09 18:07:58:935 Testing connection ...
03/09 18:08:00:237 Created provisioning instance for OSA
03/09 18:08:00:238 Testing connection are success
03/09 18:08:00:238 Starting process session
03/09 18:08:01:345 Total 0 instances are started
03/09 18:08:01:346 Total 1 instances are added
03/09 18:16:41:224 OSA started
03/09 18:17:08:552 Testing connection ...
03/09 18:17:09:608 Created provisioning instance for OSA
03/09 18:17:09:609 Testing connection are success
03/09 18:17:09:609 Starting process session
03/09 18:17:10:490 Total 0 instances are started
03/09 18:17:10:490 Total 1 instances are added
03/09 18:22:04:875 OSA started
03/09 18:22:06:011 Testing connection ...
03/09 18:22:06:760 Created provisioning instance for OSA
03/09 18:22:06:760 Testing connection are success
03/09 18:22:06:761 Starting process session
03/09 18:22:08:599 Total 0 instances are started
03/09 18:22:08:600 Total 1 instances are added
03/09 18:44:57:540 OSA started
03/09 18:44:57:950 Testing connection ...
03/09 18:44:58:644 Created provisioning instance for OSA
03/09 18:44:58:644 Testing connection are success
03/09 18:44:58:644 Starting process session
03/09 18:45:01:131 Total 0 instances are started
03/09 18:45:01:132 Total 1 instances are added
