06/09 08:43:52:745 Command Routing started
06/09 08:43:52:917 Starting process session
06/09 08:43:56:761 Total 0 instances are started
06/09 08:43:56:762 Total 1 instances are added
06/09 09:00:10:270 Command Routing started
06/09 09:00:10:690 Starting process session
06/09 09:00:32:113 Total 0 instances are started
06/09 09:00:32:114 Total 1 instances are added
06/09 09:01:16:392 84922000512: CRM - LOYALTY.BALANCE_QUERY
06/09 09:01:16:613 84922000512: SMSC - SMSC.SEND_SMS
06/09 09:01:44:299 Command Routing started
06/09 09:01:44:361 Starting process session
06/09 09:01:48:280 Total 0 instances are started
06/09 09:01:48:280 Total 1 instances are added
06/09 09:02:54:194 84922000512: CRM - LOYALTY.BALANCE_QUERY
06/09 09:02:54:253 84922000512: SMSC - SMSC.SEND_SMS
06/09 09:03:55:173 Command Routing started
06/09 09:03:55:244 Starting process session
06/09 09:03:59:419 Total 0 instances are started
06/09 09:03:59:419 Total 1 instances are added
06/09 09:04:18:065 84922000512: CRM - LOYALTY.BALANCE_QUERY
06/09 09:05:09:491 Command Routing started
06/09 09:05:09:536 Starting process session
06/09 09:05:13:601 Total 0 instances are started
06/09 09:05:13:602 Total 1 instances are added
06/09 09:06:38:686 84922000512: CRM - LOYALTY.BALANCE_QUERY
06/09 09:08:29:639 84922000512: CRM - LOYALTY.BALANCE_QUERY
06/09 09:13:11:415 84922000512: CRM - LOYALTY.BALANCE_QUERY
06/09 09:13:11:531 84922000512: SMSC - SMSC.SEND_SMS
06/09 09:15:17:083 Command Routing started
06/09 09:15:17:157 Starting process session
06/09 09:15:19:789 Total 0 instances are started
06/09 09:15:19:795 Total 1 instances are added
06/09 09:15:47:407 84922000512: CRM - LOYALTY.BALANCE_QUERY
06/09 09:26:04:403 Command Routing started
06/09 09:26:04:473 Starting process session
06/09 09:26:08:781 Total 0 instances are started
06/09 09:26:08:782 Total 1 instances are added
06/09 09:27:10:653 84922000512: CRM - LOYALTY.VALIDATE
06/09 09:29:46:683 Command Routing started
06/09 09:29:46:725 Starting process session
06/09 09:29:50:494 Total 0 instances are started
06/09 09:29:50:495 Total 1 instances are added
06/09 09:30:07:552 84922000512: CRM - LOYALTY.VALIDATE
06/09 09:30:07:611 84922000512: SMSC - SMSC.SEND_SMS
06/09 09:32:40:552 84922000512: CRM - LOYALTY.VALIDATE
06/09 09:32:40:598 84922000512: SMSC - SMSC.SEND_SMS
06/09 09:33:05:304 Command Routing started
06/09 09:33:05:383 Starting process session
06/09 09:33:09:190 Total 0 instances are started
06/09 09:33:09:190 Total 1 instances are added
06/09 09:33:26:406 84922000512: CRM - LOYALTY.VALIDATE
06/09 09:33:26:533 84922000512: SMSC - SMSC.SEND_SMS
06/09 09:34:13:817 Command Routing started
06/09 09:34:13:880 Starting process session
06/09 09:34:17:665 Total 0 instances are started
06/09 09:34:17:665 Total 1 instances are added
06/09 09:34:39:732 84922000512: CRM - LOYALTY.VALIDATE
06/09 09:36:24:409 Command Routing started
06/09 09:36:24:480 Starting process session
06/09 09:36:28:530 Total 0 instances are started
06/09 09:36:28:531 Total 1 instances are added
06/09 09:37:02:297 Command Routing started
06/09 09:37:02:343 Starting process session
06/09 09:37:06:199 Total 0 instances are started
06/09 09:37:06:199 Total 1 instances are added
06/09 09:37:31:416 84922000512: CRM - LOYALTY.VALIDATE
06/09 09:37:31:486 84922000512: SMSC - SMSC.SEND_SMS
06/09 09:39:30:345 84922000512: CRM - LOYALTY.VALIDATE
06/09 09:39:30:421 84922000512: SMSC - SMSC.SEND_SMS
06/09 10:00:22:837 Command Routing started
06/09 10:00:22:885 Starting process session
06/09 10:00:24:032 Total 0 instances are started
06/09 10:00:24:043 Total 1 instances are added
06/09 10:00:56:868 84922000514: CRM - LOYALTY.VALIDATE
06/09 10:01:35:869 84922000514: CRM - LOYALTY.VALIDATE
06/09 10:06:25:759 Command Routing started
06/09 10:06:25:847 Starting process session
06/09 10:06:30:234 Total 0 instances are started
06/09 10:06:30:234 Total 1 instances are added
06/09 10:06:50:530 84922000514: CRM - LOYALTY.VALIDATE
06/09 10:06:50:566 84922000514: CCWS - LOYALTY.LOYATY_MODIFY_BALANCE
06/09 10:09:17:306 Command Routing started
06/09 10:09:17:347 Starting process session
06/09 10:09:21:650 Total 0 instances are started
06/09 10:09:21:651 Total 1 instances are added
06/09 10:09:59:613 84922000514: CRM - LOYALTY.VALIDATE
06/09 10:15:38:225 Command Routing started
06/09 10:15:38:244 Starting process session
06/09 10:15:42:442 Total 0 instances are started
06/09 10:15:42:442 Total 1 instances are added
06/09 10:16:32:074 84922000514: CRM - LOYALTY.VALIDATE
06/09 10:16:32:193 84922000514: CCWS - LOYALTY.LOYATY_MODIFY_BALANCE
06/09 10:16:35:352 84922000514: CRM - LOYALTY.UPDATE_DB
06/09 10:16:35:417 84922000514: SMSC - SMSC.SEND_SMS
06/09 10:17:28:242 84922000514: CRM - LOYALTY.VALIDATE
06/09 10:17:53:096 Close queue connection pool.
06/09 10:17:53:102 End of process session
06/09 10:17:53:104 Command Routing stopped
06/09 10:17:55:024 Command Routing started
06/09 10:17:55:046 Starting process session
06/09 10:17:55:169 Total 0 instances are started
06/09 10:17:55:170 Total 1 instances are added
06/09 10:19:37:502 84922000514: CRM - LOYALTY.VALIDATE
06/09 10:19:37:623 84922000514: CCWS - LOYALTY.LOYATY_MODIFY_BALANCE
06/09 10:21:34:561 84922000514: CRM - LOYALTY.VALIDATE
06/09 10:23:00:347 Close queue connection pool.
06/09 10:23:00:353 End of process session
06/09 10:23:00:355 Command Routing stopped
06/09 10:23:02:274 Command Routing started
06/09 10:23:02:296 Starting process session
06/09 10:23:04:613 Total 0 instances are started
06/09 10:23:04:614 Total 1 instances are added
06/09 10:23:58:559 84922000514: SMSC - SMSC.SEND_SMS
06/09 10:24:14:928 84922000514: CRM - LOYALTY.VALIDATE
06/09 10:24:14:977 84922000514: CCWS - LOYALTY.LOYATY_MODIFY_BALANCE
06/09 10:24:15:280 84922000514: CRM - LOYALTY.UPDATE_DB
06/09 10:24:15:430 84922000514: SMSC - SMSC.SEND_SMS
06/09 10:44:18:251 Command Routing started
06/09 10:44:18:296 Starting process session
06/09 10:44:22:702 Total 0 instances are started
06/09 10:44:22:703 Total 1 instances are added
06/09 10:56:29:323 Command Routing started
06/09 10:56:29:393 Starting process session
06/09 10:56:33:991 Total 0 instances are started
06/09 10:56:33:992 Total 1 instances are added
06/09 10:57:21:311 84922000512: CRM - LOYALTY.BALANCE_QUERY
06/09 10:57:48:342 84922000512: SMSC - SMSC.SEND_SMS
06/09 11:01:19:529 Command Routing started
06/09 11:01:19:595 Starting process session
06/09 11:01:21:409 Total 0 instances are started
06/09 11:01:21:410 Total 1 instances are added
06/09 11:01:57:514 84922000512: CRM - LOYALTY.BALANCE_QUERY
06/09 11:12:22:133 Command Routing started
06/09 11:12:22:172 Starting process session
06/09 11:12:26:588 Total 0 instances are started
06/09 11:12:26:588 Total 1 instances are added
06/09 11:15:47:166 84922000516: SMSC - SMSC.SEND_SMS
06/09 11:16:54:208 Command Routing started
06/09 11:16:54:250 Starting process session
06/09 11:16:58:322 Total 0 instances are started
06/09 11:16:58:325 Total 1 instances are added
06/09 11:19:42:332 84922000516: SMSC - SMSC.SEND_SMS
06/09 11:30:47:555 Command Routing started
06/09 11:30:47:590 Starting process session
06/09 11:30:51:498 Total 0 instances are started
06/09 11:30:51:498 Total 1 instances are added
06/09 11:32:14:451 84922000517: SMSC - SMSC.SEND_SMS
06/09 11:39:14:615 84922000517: SMSC - SMSC.SEND_SMS
06/09 11:39:46:567 Command Routing started
06/09 11:39:46:632 Starting process session
06/09 11:39:50:352 Total 0 instances are started
06/09 11:39:50:352 Total 1 instances are added
06/09 11:40:45:243 84922000517: SMSC - SMSC.SEND_SMS
06/09 11:41:03:610 84922000517: SMSC - SMSC.SEND_SMS
06/09 11:42:43:121 Command Routing started
06/09 11:42:43:163 Starting process session
06/09 11:42:45:442 Total 0 instances are started
06/09 11:42:45:443 Total 1 instances are added
06/09 11:43:13:116 84922000517: SMSC - SMSC.SEND_SMS
06/09 11:44:57:993 Command Routing started
06/09 11:44:58:053 Starting process session
06/09 11:44:59:025 Total 0 instances are started
06/09 11:44:59:026 Total 1 instances are added
06/09 14:04:54:580 Command Routing started
06/09 14:04:54:602 Starting process session
06/09 14:04:56:961 Total 0 instances are started
06/09 14:04:56:964 Total 1 instances are added
06/09 14:05:31:736 84922000517: SMSC - SMSC.SEND_SMS
06/09 14:06:02:361 84922000516: SMSC - SMSC.SEND_SMS
06/09 14:07:36:407 84922000512: SMSC - SMSC.SEND_SMS
06/09 14:08:46:557 84922000512: CRM - LOYALTY.BALANCE_QUERY
06/09 14:08:46:711 84922000512: SMSC - SMSC.SEND_SMS
06/09 14:16:39:116 Command Routing started
06/09 14:16:39:211 Starting process session
06/09 14:16:43:061 Total 0 instances are started
06/09 14:16:43:062 Total 1 instances are added
06/09 14:17:04:145 84922000512: CRM - LOYALTY.BALANCE_QUERY
06/09 14:17:22:639 84922000512: SMSC - SMSC.SEND_SMS
06/09 14:17:56:154 84922000512: CRM - LOYALTY.BALANCE_QUERY
06/09 14:21:04:203 Command Routing started
06/09 14:21:04:284 Starting process session
06/09 14:21:08:223 Total 0 instances are started
06/09 14:21:08:224 Total 1 instances are added
06/09 14:21:37:135 84922000512: CRM - LOYALTY.BALANCE_QUERY
06/09 14:22:10:319 Command Routing started
06/09 14:22:10:359 Starting process session
06/09 14:22:13:679 Total 0 instances are started
06/09 14:22:13:680 Total 1 instances are added
06/09 14:22:33:283 84922000512: CRM - LOYALTY.BALANCE_QUERY
06/09 14:22:33:373 84922000512: SMSC - SMSC.SEND_SMS
06/09 14:26:05:181 84922000514: CRM - CRM.SUBSCRIPTION_UNREGIST
06/09 14:26:05:371 84922000514: SMSC - SMSC.SEND_SMS
06/09 14:26:48:325 84922000514: CRM - LOYALTY.BALANCE_QUERY
06/09 14:26:48:391 84922000514: SMSC - SMSC.SEND_SMS
06/09 14:28:21:821 84922000512: CRM - CRM.SUBSCRIPTION_REGIST
06/09 14:28:21:966 84922000512: SMSC - SMSC.SEND_SMS
06/09 14:28:40:484 84922000512: CRM - LOYALTY.BALANCE_QUERY
06/09 14:28:40:539 84922000512: SMSC - SMSC.SEND_SMS
06/09 14:30:09:406 84922000512: SMSC - SMSC.SEND_SMS
06/09 14:40:05:739 84922000514: CRM - CRM.SUBSCRIPTION_REGIST
06/09 14:40:05:831 84922000514: SMSC - SMSC.SEND_SMS
06/09 14:40:42:714 84922000514: CRM - LOYALTY.VALIDATE
06/09 14:40:42:790 84922000514: CCWS - LOYALTY.LOYATY_MODIFY_BALANCE
06/09 14:40:43:081 84922000514: CRM - LOYALTY.UPDATE_DB
06/09 14:40:43:219 84922000514: SMSC - SMSC.SEND_SMS
06/09 15:16:42:867 Command Routing started
06/09 15:16:42:940 Starting process session
06/09 15:16:46:816 Total 0 instances are started
06/09 15:16:46:816 Total 1 instances are added
06/09 15:17:14:984 84922000514: CRM - LOYALTY.VALIDATE
06/09 15:17:15:111 84922000514: CCWS - LOYALTY.LOYATY_MODIFY_BALANCE
06/09 15:17:16:601 84922000514: CRM - LOYALTY.UPDATE_DB
06/09 15:17:16:669 84922000514: SMSC - SMSC.SEND_SMS
06/09 15:18:19:981 84922000514: CRM - LOYALTY.VALIDATE
06/09 15:18:20:026 84922000514: CCWS - LOYALTY.LOYATY_MODIFY_BALANCE
06/09 15:18:20:333 84922000514: CRM - LOYALTY.UPDATE_DB
06/09 15:18:20:454 84922000514: SMSC - SMSC.SEND_SMS
06/09 15:22:55:102 84922000514: CRM - LOYALTY.VALIDATE
06/09 15:22:55:187 84922000514: CCWS - LOYALTY.LOYATY_MODIFY_BALANCE
06/09 15:22:55:468 84922000514: CRM - LOYALTY.UPDATE_DB
06/09 15:22:55:516 84922000514: SMSC - SMSC.SEND_SMS
06/09 15:23:07:260 84922000514: CRM - LOYALTY.VALIDATE
06/09 15:23:07:318 84922000514: CCWS - LOYALTY.LOYATY_MODIFY_BALANCE
06/09 15:23:07:564 84922000514: CRM - LOYALTY.UPDATE_DB
06/09 15:23:07:702 84922000514: SMSC - SMSC.SEND_SMS
06/09 15:23:53:981 Command Routing started
06/09 15:23:54:070 Starting process session
06/09 15:23:57:962 Total 0 instances are started
06/09 15:23:57:963 Total 1 instances are added
06/09 15:24:51:002 84922000514: CRM - LOYALTY.VALIDATE
06/09 15:24:51:059 84922000514: CCWS - LOYALTY.LOYATY_MODIFY_BALANCE
06/09 15:24:52:254 84922000514: CRM - LOYALTY.UPDATE_DB
06/09 15:24:52:333 84922000514: SMSC - SMSC.SEND_SMS
06/09 15:34:14:394 Command Routing started
06/09 15:34:14:488 Starting process session
06/09 15:34:18:356 Total 0 instances are started
06/09 15:34:18:357 Total 1 instances are added
06/09 15:42:27:092 Command Routing started
06/09 15:42:27:155 Starting process session
06/09 15:42:30:919 Total 0 instances are started
06/09 15:42:30:919 Total 1 instances are added
06/09 15:45:32:062 Command Routing started
06/09 15:45:32:128 Starting process session
06/09 15:45:36:028 Total 0 instances are started
06/09 15:45:36:029 Total 1 instances are added
06/09 16:32:20:419 Command Routing started
06/09 16:32:20:491 Starting process session
06/09 16:32:24:605 Total 0 instances are started
06/09 16:32:24:606 Total 1 instances are added
06/09 16:40:34:782 Command Routing started
06/09 16:40:34:935 Starting process session
06/09 16:40:38:812 Total 0 instances are started
06/09 16:40:38:813 Total 1 instances are added
06/09 16:42:21:032 84922000514: CRM - LOYALTY.VALIDATE
06/09 16:42:21:122 84922000514: CCWS - LOYALTY.LOYATY_MODIFY_BALANCE
06/09 16:42:21:308 84922000514: CRM - LOYALTY.UPDATE_DB
06/09 16:42:21:495 84922000514: SMSC - SMSC.SEND_SMS
06/09 16:42:36:091 Command Routing started
06/09 16:42:36:180 Starting process session
06/09 16:42:39:585 Total 0 instances are started
06/09 16:42:39:585 Total 1 instances are added
06/09 16:43:07:976 84922000514: CRM - LOYALTY.VALIDATE
06/09 16:43:08:053 84922000514: CCWS - LOYALTY.LOYATY_MODIFY_BALANCE
06/09 16:43:08:247 84922000514: CRM - LOYALTY.UPDATE_DB
06/09 16:43:08:398 84922000514: SMSC - SMSC.SEND_SMS
06/09 16:47:58:200 84922000514: CRM - LOYALTY.BALANCE_QUERY
06/09 16:47:58:296 84922000514: SMSC - SMSC.SEND_SMS
06/09 16:53:36:352 84922000514: CRM - LOYALTY.VALIDATE
06/09 16:53:36:409 84922000514: CCWS - LOYALTY.LOYATY_MODIFY_BALANCE
06/09 16:53:36:650 84922000514: CRM - LOYALTY.UPDATE_DB
06/09 16:53:36:758 84922000514: SMSC - SMSC.SEND_SMS
06/09 16:54:43:403 84922000514: CRM - LOYALTY.VALIDATE
06/09 16:54:43:491 84922000514: CCWS - LOYALTY.LOYATY_MODIFY_BALANCE
06/09 16:54:43:680 84922000514: CRM - LOYALTY.UPDATE_DB
06/09 16:54:43:807 84922000514: SMSC - SMSC.SEND_SMS
06/09 16:57:22:793 Command Routing started
06/09 16:57:22:835 Starting process session
06/09 16:57:26:787 Total 0 instances are started
06/09 16:57:26:787 Total 1 instances are added
06/09 16:58:01:831 84922000514: CRM - LOYALTY.VALIDATE
06/09 16:58:01:950 84922000514: CCWS - LOYALTY.LOYATY_MODIFY_BALANCE
06/09 17:04:35:713 Command Routing started
06/09 17:04:35:757 Starting process session
06/09 17:04:39:599 Total 0 instances are started
06/09 17:04:39:600 Total 1 instances are added
06/09 17:05:34:582 84922000514: CRM - LOYALTY.VALIDATE
06/09 17:05:34:723 84922000514: CCWS - LOYALTY.LOYATY_MODIFY_BALANCE
06/09 17:07:46:253 84922000514: CRM - LOYALTY.UPDATE_DB
06/09 17:07:46:383 84922000514: SMSC - SMSC.SEND_SMS
06/09 17:07:51:693 84922000514: CRM - LOYALTY.VALIDATE
06/09 17:07:51:818 84922000514: CCWS - LOYALTY.LOYATY_MODIFY_BALANCE
06/09 17:15:50:888 Command Routing started
06/09 17:15:50:987 Starting process session
06/09 17:15:54:623 Total 0 instances are started
06/09 17:15:54:624 Total 1 instances are added
06/09 17:16:24:829 84922000514: CRM - LOYALTY.VALIDATE
06/09 17:16:24:902 84922000514: CCWS - LOYALTY.LOYATY_MODIFY_BALANCE
06/09 17:17:05:610 Command Routing started
06/09 17:17:05:656 Starting process session
06/09 17:17:09:266 Total 0 instances are started
06/09 17:17:09:266 Total 1 instances are added
06/09 17:17:48:291 84922000514: CRM - LOYALTY.VALIDATE
06/09 17:17:48:340 84922000514: CCWS - LOYALTY.LOYATY_MODIFY_BALANCE
06/09 17:17:48:521 84922000514: CRM - LOYALTY.UPDATE_DB
06/09 17:17:48:603 84922000514: SMSC - SMSC.SEND_SMS
06/09 17:21:20:371 84922000514: SMSC - SMSC.SEND_SMS
06/09 17:21:42:572 84922000514: CRM - LOYALTY.BALANCE_QUERY
06/09 17:21:42:628 84922000514: SMSC - SMSC.SEND_SMS
06/09 17:30:14:654 Command Routing started
06/09 17:30:14:743 Starting process session
06/09 17:30:18:529 Total 0 instances are started
06/09 17:30:18:529 Total 1 instances are added
06/09 17:30:54:519 84922000514: CRM - LOYALTY.BALANCE_QUERY
06/09 17:33:02:842 Command Routing started
06/09 17:33:02:931 Starting process session
06/09 17:33:07:036 Total 0 instances are started
06/09 17:33:07:038 Total 1 instances are added
06/09 17:33:32:686 84922000514: CRM - LOYALTY.BALANCE_QUERY
06/09 17:33:58:239 Command Routing started
06/09 17:33:58:281 Starting process session
06/09 17:34:00:289 Total 0 instances are started
06/09 17:34:00:290 Total 1 instances are added
06/09 17:34:25:367 84922000514: CRM - LOYALTY.BALANCE_QUERY
06/09 17:34:25:466 84922000514: SMSC - SMSC.SEND_SMS
06/09 17:38:22:321 Command Routing started
06/09 17:38:22:382 Starting process session
06/09 17:38:26:004 Total 0 instances are started
06/09 17:38:26:006 Total 1 instances are added
06/09 17:38:48:256 84922000514: CRM - LOYALTY.BALANCE_QUERY
06/09 17:38:48:355 84922000514: SMSC - SMSC.SEND_SMS
06/09 17:58:20:241 Command Routing started
06/09 17:58:20:282 Starting process session
06/09 17:58:22:321 Total 0 instances are started
06/09 17:58:22:321 Total 1 instances are added
06/09 17:59:23:292 84922000514: CRM - LOYALTY.BALANCE_QUERY
06/09 17:59:23:419 84922000514: SMSC - SMSC.SEND_SMS
06/09 18:04:35:428 Command Routing started
06/09 18:04:35:519 Starting process session
06/09 18:04:39:114 Total 0 instances are started
06/09 18:04:39:114 Total 1 instances are added
06/09 18:05:05:372 84922000514: CRM - LOYALTY.BALANCE_QUERY
06/09 18:05:05:569 84922000514: SMSC - SMSC.SEND_SMS
06/09 18:10:06:710 Command Routing started
06/09 18:10:06:796 Starting process session
06/09 18:10:10:702 Total 0 instances are started
06/09 18:10:10:702 Total 1 instances are added
06/09 18:11:50:740 84922000514: CRM - LOYALTY.BALANCE_QUERY
06/09 18:11:50:838 84922000514: SMSC - SMSC.SEND_SMS
