30/08 08:35:36:962 Command Routing started
30/08 08:35:37:099 Starting process session
30/08 08:35:40:935 Total 0 instances are started
30/08 08:35:40:936 Total 1 instances are added
30/08 08:38:05:256 84922000512: SMSC - SMSC.SEND_SMS
30/08 08:42:16:391 84922000512: CRM - LOYALTY.VALIDATE
30/08 08:42:16:457 84922000512: CCWS - LOYALTY.LOYATY_MODIFY_BALANCE
30/08 08:42:18:541 84922000512: CRM - LOYALTY.UPDATE_DB
30/08 08:45:34:201 84922000512: CRM - LOYALTY.VALIDATE
30/08 08:45:34:257 84922000512: CCWS - LOYALTY.LOYATY_MODIFY_BALANCE
30/08 08:45:34:481 84922000512: CRM - LOYALTY.UPDATE_DB
30/08 08:45:42:159 84922000512: CRM - LOYALTY.VALIDATE
30/08 08:45:42:235 84922000512: CCWS - LOYALTY.LOYATY_MODIFY_BALANCE
30/08 08:45:42:446 84922000512: CRM - LOYALTY.UPDATE_DB
30/08 08:45:49:190 84922000512: CRM - LOYALTY.VALIDATE
30/08 08:45:49:236 84922000512: CCWS - LOYALTY.LOYATY_MODIFY_BALANCE
30/08 08:45:49:362 84922000512: CRM - LOYALTY.UPDATE_DB
30/08 08:46:04:224 84922000512: CRM - LOYALTY.VALIDATE
30/08 08:46:04:290 84922000512: CCWS - LOYALTY.LOYATY_MODIFY_BALANCE
30/08 08:46:04:479 84922000512: CRM - LOYALTY.UPDATE_DB
30/08 08:46:11:274 84922000512: CRM - LOYALTY.VALIDATE
30/08 08:46:11:392 84922000512: CCWS - LOYALTY.LOYATY_MODIFY_BALANCE
30/08 08:46:11:598 84922000512: CRM - LOYALTY.UPDATE_DB
30/08 08:46:40:261 Command Routing started
30/08 08:46:40:342 Starting process session
30/08 08:46:44:353 Total 0 instances are started
30/08 08:46:44:355 Total 1 instances are added
30/08 08:47:16:250 84922000512: CRM - LOYALTY.VALIDATE
30/08 08:47:16:306 84922000512: CCWS - LOYALTY.LOYATY_MODIFY_BALANCE
30/08 08:47:17:533 84922000512: CRM - LOYALTY.UPDATE_DB
30/08 08:49:50:984 Command Routing started
30/08 08:49:51:029 Starting process session
30/08 08:49:55:026 Total 0 instances are started
30/08 08:49:55:027 Total 1 instances are added
30/08 08:50:18:086 84922000512: CRM - LOYALTY.VALIDATE
30/08 08:53:16:199 Command Routing started
30/08 08:53:16:239 Starting process session
30/08 08:53:20:245 Total 0 instances are started
30/08 08:53:20:250 Total 1 instances are added
30/08 08:53:30:278 84922000512: CRM - LOYALTY.VALIDATE
30/08 08:53:30:315 84922000512: CCWS - LOYALTY.LOYATY_MODIFY_BALANCE
30/08 08:53:31:482 84922000512: CRM - LOYALTY.UPDATE_DB
30/08 08:55:42:808 Command Routing started
30/08 08:55:42:858 Starting process session
30/08 08:55:46:764 Total 0 instances are started
30/08 08:55:46:765 Total 1 instances are added
30/08 08:56:51:167 Command Routing started
30/08 08:56:51:237 Starting process session
30/08 08:56:52:355 Total 0 instances are started
30/08 08:56:52:356 Total 1 instances are added
30/08 08:57:11:340 84922000512: CRM - LOYALTY.VALIDATE
30/08 08:57:11:410 84922000512: CCWS - LOYALTY.LOYATY_MODIFY_BALANCE
30/08 08:57:12:592 84922000512: CRM - LOYALTY.UPDATE_DB
30/08 08:57:23:292 84922000512: CRM - LOYALTY.VALIDATE
30/08 08:57:23:365 84922000512: CCWS - LOYALTY.LOYATY_MODIFY_BALANCE
30/08 08:57:23:593 84922000512: CRM - LOYALTY.UPDATE_DB
30/08 08:58:53:632 Command Routing started
30/08 08:58:53:656 Starting process session
30/08 08:58:57:812 Total 0 instances are started
30/08 08:58:57:813 Total 1 instances are added
30/08 08:59:15:774 84922000512: CRM - LOYALTY.VALIDATE
30/08 09:01:54:738 84922000512: CRM - LOYALTY.VALIDATE
30/08 09:02:49:419 Command Routing started
30/08 09:02:49:465 Starting process session
30/08 09:02:53:397 Total 0 instances are started
30/08 09:02:53:398 Total 1 instances are added
30/08 09:02:56:499 84922000512: CCWS - LOYALTY.LOYATY_MODIFY_BALANCE
30/08 09:02:57:902 84922000512: CRM - LOYALTY.UPDATE_DB
30/08 09:03:13:374 84922000512: CRM - LOYALTY.VALIDATE
30/08 09:03:35:113 Command Routing started
30/08 09:03:35:157 Starting process session
30/08 09:03:39:040 Total 0 instances are started
30/08 09:03:39:041 Total 1 instances are added
30/08 09:03:42:274 84922000512: CCWS - LOYALTY.LOYATY_MODIFY_BALANCE
30/08 09:03:43:609 84922000512: CRM - LOYALTY.UPDATE_DB
30/08 09:08:14:941 Command Routing started
30/08 09:08:15:058 Starting process session
30/08 09:08:19:129 Total 0 instances are started
30/08 09:08:19:130 Total 1 instances are added
30/08 09:09:13:095 84922000512: CRM - LOYALTY.VALIDATE
30/08 09:09:19:939 84922000512: CRM - LOYALTY.VALIDATE
30/08 09:09:27:026 84922000512: CRM - LOYALTY.VALIDATE
30/08 09:09:43:368 Command Routing started
30/08 09:09:43:409 Starting process session
30/08 09:09:47:192 Total 0 instances are started
30/08 09:09:47:193 Total 1 instances are added
30/08 09:10:03:504 84922000512: CRM - LOYALTY.VALIDATE
30/08 09:10:15:362 84922000512: CRM - LOYALTY.VALIDATE
30/08 09:10:57:384 84922000512: CRM - LOYALTY.VALIDATE
30/08 09:13:21:885 Command Routing started
30/08 09:13:21:951 Starting process session
30/08 09:13:23:003 Total 0 instances are started
30/08 09:13:23:003 Total 1 instances are added
30/08 09:13:44:711 84922000512: CRM - LOYALTY.VALIDATE
30/08 09:14:01:580 84922000512: CRM - LOYALTY.VALIDATE
30/08 09:14:47:419 Command Routing started
30/08 09:14:47:523 Starting process session
30/08 09:14:51:413 Total 0 instances are started
30/08 09:14:51:413 Total 1 instances are added
30/08 09:15:09:343 84922000512: CRM - LOYALTY.VALIDATE
30/08 09:15:09:431 84922000512: CCWS - LOYALTY.LOYATY_MODIFY_BALANCE
30/08 09:15:10:670 84922000512: CRM - LOYALTY.UPDATE_DB
30/08 09:17:24:291 84922000512: CRM - LOYALTY.VALIDATE
30/08 09:17:31:258 84922000512: CRM - LOYALTY.VALIDATE
30/08 09:17:46:480 Command Routing started
30/08 09:17:46:582 Starting process session
30/08 09:17:50:540 Total 0 instances are started
30/08 09:17:50:540 Total 1 instances are added
30/08 09:17:53:503 84922000512: CCWS - LOYALTY.LOYATY_MODIFY_BALANCE
30/08 09:17:53:506 84922000512: CCWS - LOYALTY.LOYATY_MODIFY_BALANCE
30/08 09:17:54:778 84922000512: CRM - LOYALTY.UPDATE_DB
30/08 09:17:54:858 84922000512: CRM - LOYALTY.UPDATE_DB
30/08 09:21:57:203 Command Routing started
30/08 09:21:57:226 Starting process session
30/08 09:22:01:237 Total 0 instances are started
30/08 09:22:01:238 Total 1 instances are added
30/08 09:22:40:202 Command Routing started
30/08 09:22:40:244 Starting process session
30/08 09:22:44:413 Total 0 instances are started
30/08 09:22:44:421 Total 1 instances are added
30/08 09:25:07:242 84922000512: CRM - LOYALTY.VALIDATE
30/08 09:26:19:125 84922000512: CCWS - LOYALTY.LOYATY_MODIFY_BALANCE
30/08 09:26:20:291 84922000512: CRM - LOYALTY.UPDATE_DB
30/08 09:27:48:796 Command Routing started
30/08 09:27:48:841 Starting process session
30/08 09:27:52:731 Total 0 instances are started
30/08 09:27:52:732 Total 1 instances are added
30/08 09:30:40:739 Command Routing started
30/08 09:30:40:842 Starting process session
30/08 09:30:44:831 Total 0 instances are started
30/08 09:30:44:831 Total 1 instances are added
30/08 09:34:21:055 Command Routing started
30/08 09:34:21:123 Starting process session
30/08 09:34:25:073 Total 0 instances are started
30/08 09:34:25:074 Total 1 instances are added
30/08 09:35:03:856 Command Routing started
30/08 09:35:03:899 Starting process session
30/08 09:35:10:099 Total 0 instances are started
30/08 09:35:10:100 Total 1 instances are added
30/08 09:38:06:393 84922000512: CRM - LOYALTY.VALIDATE
30/08 09:38:19:759 84922000512: CCWS - LOYALTY.LOYATY_MODIFY_BALANCE
30/08 09:38:20:852 84922000512: CRM - LOYALTY.UPDATE_DB
30/08 09:44:16:994 Command Routing started
30/08 09:44:17:077 Starting process session
30/08 09:44:21:529 Total 0 instances are started
30/08 09:44:21:530 Total 1 instances are added
30/08 09:44:39:831 84922000512: CRM - LOYALTY.VALIDATE
30/08 09:44:39:899 84922000512: CCWS - LOYALTY.LOYATY_MODIFY_BALANCE
30/08 09:44:41:076 84922000512: CRM - LOYALTY.UPDATE_DB
30/08 09:46:43:654 Command Routing started
30/08 09:46:43:752 Starting process session
30/08 09:46:48:162 Total 0 instances are started
30/08 09:46:48:163 Total 1 instances are added
30/08 09:48:03:608 Command Routing started
30/08 09:48:03:680 Starting process session
30/08 09:48:08:004 Total 0 instances are started
30/08 09:48:08:004 Total 1 instances are added
30/08 09:50:33:706 Command Routing started
30/08 09:50:33:728 Starting process session
30/08 09:50:38:251 Total 0 instances are started
30/08 09:50:38:251 Total 1 instances are added
30/08 09:50:52:322 84922000512: CRM - LOYALTY.VALIDATE
30/08 09:50:52:368 84922000512: CCWS - LOYALTY.LOYATY_MODIFY_BALANCE
30/08 09:50:53:513 84922000512: CRM - LOYALTY.UPDATE_DB
30/08 09:50:54:793 84922000512: CRM - LOYALTY.VALIDATE
30/08 09:50:54:863 84922000512: CCWS - LOYALTY.LOYATY_MODIFY_BALANCE
30/08 09:50:54:958 84922000512: CRM - LOYALTY.VALIDATE
30/08 09:50:55:043 84922000512: CRM - LOYALTY.UPDATE_DB
30/08 09:50:55:066 84922000512: CCWS - LOYALTY.LOYATY_MODIFY_BALANCE
30/08 09:50:55:262 84922000512: CRM - LOYALTY.UPDATE_DB
30/08 09:50:55:603 84922000512: CRM - LOYALTY.VALIDATE
30/08 09:50:55:670 84922000512: CCWS - LOYALTY.LOYATY_MODIFY_BALANCE
30/08 09:50:55:878 84922000512: CRM - LOYALTY.UPDATE_DB
30/08 09:50:55:912 84922000512: CRM - LOYALTY.VALIDATE
30/08 09:50:56:178 84922000512: CCWS - LOYALTY.LOYATY_MODIFY_BALANCE
30/08 09:50:56:410 84922000512: CRM - LOYALTY.UPDATE_DB
30/08 09:51:32:930 84922000512: CRM - LOYALTY.VALIDATE
30/08 09:52:20:713 84922000512: CCWS - LOYALTY.LOYATY_MODIFY_BALANCE
30/08 09:52:20:838 84922000512: CRM - LOYALTY.UPDATE_DB
30/08 09:52:45:868 84922000512: CRM - LOYALTY.VALIDATE
30/08 09:53:09:764 84922000512: CCWS - LOYALTY.LOYATY_MODIFY_BALANCE
30/08 09:53:09:953 84922000512: CRM - LOYALTY.UPDATE_DB
30/08 09:53:46:623 84922000512: CRM - LOYALTY.VALIDATE
30/08 09:53:49:379 84922000512: CCWS - LOYALTY.LOYATY_MODIFY_BALANCE
30/08 09:53:49:520 84922000512: CRM - LOYALTY.UPDATE_DB
30/08 09:55:05:970 84922000512: CRM - LOYALTY.VALIDATE
30/08 09:55:13:430 84922000512: CCWS - LOYALTY.LOYATY_MODIFY_BALANCE
30/08 09:55:13:660 84922000512: CRM - LOYALTY.UPDATE_DB
30/08 09:58:45:999 Command Routing started
30/08 09:58:46:046 Starting process session
30/08 09:58:50:053 Total 0 instances are started
30/08 09:58:50:054 Total 1 instances are added
30/08 10:00:17:486 84922000512: CRM - LOYALTY.VALIDATE
30/08 10:00:46:961 84922000512: CCWS - LOYALTY.LOYATY_MODIFY_BALANCE
30/08 10:00:48:038 84922000512: CRM - LOYALTY.UPDATE_DB
30/08 10:02:07:476 Command Routing started
30/08 10:02:07:626 Starting process session
30/08 10:02:11:545 Total 0 instances are started
30/08 10:02:11:547 Total 1 instances are added
30/08 10:02:31:498 84922000512: CRM - LOYALTY.VALIDATE
30/08 10:02:31:565 84922000512: CCWS - LOYALTY.LOYATY_MODIFY_BALANCE
30/08 10:02:32:584 84922000512: CRM - LOYALTY.UPDATE_DB
30/08 10:08:47:889 Command Routing started
30/08 10:08:47:944 Starting process session
30/08 10:09:17:528 java.sql.SQLException: Connections could not be acquired from the underlying database!
30/08 10:09:17:529 End of process session
30/08 10:09:27:531 Starting process session
30/08 10:09:35:650 Total 0 instances are started
30/08 10:09:35:651 Total 1 instances are added
30/08 10:09:38:363 84922000512: CRM - LOYALTY.VALIDATE
30/08 10:09:49:954 84922000512: CRM - LOYALTY.VALIDATE
30/08 10:09:59:843 84922000512: CRM - LOYALTY.VALIDATE
30/08 10:10:37:219 Command Routing started
30/08 10:10:37:307 Starting process session
30/08 10:10:41:141 Total 0 instances are started
30/08 10:10:41:142 Total 1 instances are added
30/08 10:11:26:617 84922000512: CCWS - LOYALTY.LOYATY_MODIFY_BALANCE
30/08 10:11:28:984 84922000512: CCWS - LOYALTY.LOYATY_MODIFY_BALANCE
30/08 10:14:55:031 84922000512: CRM - LOYALTY.UPDATE_DB
30/08 10:14:56:150 84922000512: CCWS - LOYALTY.LOYATY_MODIFY_BALANCE
30/08 10:14:56:603 84922000512: CRM - LOYALTY.UPDATE_DB
30/08 10:14:57:336 84922000512: CRM - LOYALTY.UPDATE_DB
30/08 10:15:55:503 Command Routing started
30/08 10:15:55:550 Starting process session
30/08 10:15:57:046 Total 0 instances are started
30/08 10:15:57:047 Total 1 instances are added
30/08 10:16:26:903 84922000512: CRM - LOYALTY.VALIDATE
30/08 10:16:26:980 84922000512: CCWS - LOYALTY.LOYATY_MODIFY_BALANCE
30/08 10:16:28:269 84922000512: CRM - LOYALTY.UPDATE_DB
30/08 10:16:33:645 84922000512: CRM - LOYALTY.VALIDATE
30/08 10:16:33:742 84922000512: CCWS - LOYALTY.LOYATY_MODIFY_BALANCE
30/08 10:16:33:968 84922000512: CRM - LOYALTY.UPDATE_DB
30/08 10:17:14:509 Command Routing started
30/08 10:17:14:551 Starting process session
30/08 10:17:18:517 Total 0 instances are started
30/08 10:17:18:517 Total 1 instances are added
30/08 10:17:33:460 84922000512: CRM - LOYALTY.VALIDATE
30/08 10:17:33:531 84922000512: CCWS - LOYALTY.LOYATY_MODIFY_BALANCE
30/08 10:28:12:833 Command Routing started
30/08 10:28:12:876 Starting process session
30/08 10:28:16:494 Total 0 instances are started
30/08 10:28:16:494 Total 1 instances are added
30/08 10:28:31:689 84922000512: CRM - LOYALTY.VALIDATE
30/08 10:28:31:807 84922000512: CCWS - LOYALTY.LOYATY_MODIFY_BALANCE
30/08 10:28:32:795 84922000512: CRM - LOYALTY.UPDATE_DB
30/08 10:28:43:587 84922000512: CRM - LOYALTY.VALIDATE
30/08 10:28:43:673 84922000512: CCWS - LOYALTY.LOYATY_MODIFY_BALANCE
30/08 10:28:43:906 84922000512: CRM - LOYALTY.UPDATE_DB
30/08 10:28:50:555 84922000512: CRM - LOYALTY.VALIDATE
30/08 10:28:50:619 84922000512: CCWS - LOYALTY.LOYATY_MODIFY_BALANCE
30/08 10:28:50:836 84922000512: CRM - LOYALTY.UPDATE_DB
30/08 10:28:57:555 84922000512: CRM - LOYALTY.VALIDATE
30/08 10:28:57:579 84922000512: CCWS - LOYALTY.LOYATY_MODIFY_BALANCE
30/08 10:28:57:767 84922000512: CRM - LOYALTY.UPDATE_DB
30/08 10:29:09:613 84922000512: CRM - LOYALTY.VALIDATE
30/08 10:29:09:710 84922000512: CCWS - LOYALTY.LOYATY_MODIFY_BALANCE
30/08 10:29:09:870 84922000512: CRM - LOYALTY.UPDATE_DB
30/08 10:29:37:719 Command Routing started
30/08 10:29:37:783 Starting process session
30/08 10:29:41:674 Total 0 instances are started
30/08 10:29:41:674 Total 1 instances are added
30/08 10:30:00:719 84922000512: CRM - LOYALTY.VALIDATE
30/08 10:30:00:747 84922000512: CCWS - LOYALTY.LOYATY_MODIFY_BALANCE
30/08 10:38:10:035 Command Routing started
30/08 10:38:10:079 Starting process session
30/08 10:38:14:007 Total 0 instances are started
30/08 10:38:14:007 Total 1 instances are added
30/08 10:38:39:008 84922000512: CRM - LOYALTY.VALIDATE
30/08 10:38:39:064 84922000512: CCWS - LOYALTY.LOYATY_MODIFY_BALANCE
30/08 10:41:09:231 Command Routing started
30/08 10:41:09:278 Starting process session
30/08 10:41:13:027 Total 0 instances are started
30/08 10:41:13:034 Total 1 instances are added
30/08 10:41:36:295 84922000512: CRM - LOYALTY.VALIDATE
30/08 10:41:36:362 84922000512: CCWS - LOYALTY.LOYATY_MODIFY_BALANCE
30/08 10:43:18:893 javax.jms.JMSException: [C4056]: Received goodbye message from broker.
30/08 10:43:18:910 javax.jms.IllegalStateException: [C4062]: Cannot perform operation, connection is closed.
30/08 10:43:19:961 com.sun.messaging.jms.JMSException: [C4003]: Error occurred on connection creation [10.32.62.36:50415]. - cause: java.net.ConnectException: Connection refused: connect
30/08 10:43:19:962 Consumer was closed, reconnect.
30/08 10:43:20:063 Total 0 instances are started
30/08 10:43:20:064 Total 1 instances are added
30/08 10:43:21:200 com.sun.messaging.jms.JMSException: [C4003]: Error occurred on connection creation [10.32.62.36:50415]. - cause: java.net.ConnectException: Connection refused: connect
30/08 10:43:21:200 Consumer was closed, reconnect.
30/08 10:43:21:308 Total 0 instances are started
30/08 10:43:21:309 Total 1 instances are added
30/08 10:43:22:372 com.sun.messaging.jms.JMSException: [C4003]: Error occurred on connection creation [10.32.62.36:50415]. - cause: java.net.ConnectException: Connection refused: connect
30/08 10:43:22:373 Consumer was closed, reconnect.
30/08 10:43:22:483 Total 0 instances are started
30/08 10:43:22:483 Total 1 instances are added
30/08 10:43:23:500 com.sun.messaging.jms.JMSException: [C4003]: Error occurred on connection creation [10.32.62.36:7676]. - cause: java.net.ConnectException: Connection refused: connect
30/08 10:43:23:501 Consumer was closed, reconnect.
30/08 10:43:23:607 Total 0 instances are started
30/08 10:43:23:608 Total 1 instances are added
30/08 10:43:24:627 com.sun.messaging.jms.JMSException: [C4003]: Error occurred on connection creation [10.32.62.36:7676]. - cause: java.net.ConnectException: Connection refused: connect
30/08 10:43:24:628 Consumer was closed, reconnect.
30/08 10:43:24:734 Total 0 instances are started
30/08 10:43:24:734 Total 1 instances are added
30/08 10:43:25:840 com.sun.messaging.jms.JMSException: [C4003]: Error occurred on connection creation [10.32.62.36:7676]. - cause: java.net.ConnectException: Connection refused: connect
30/08 10:43:25:840 Consumer was closed, reconnect.
30/08 10:43:25:942 Total 0 instances are started
30/08 10:43:25:943 Total 1 instances are added
30/08 10:43:26:964 com.sun.messaging.jms.JMSException: [C4003]: Error occurred on connection creation [10.32.62.36:7676]. - cause: java.net.ConnectException: Connection refused: connect
30/08 10:43:26:965 Consumer was closed, reconnect.
30/08 10:43:27:067 Total 0 instances are started
30/08 10:43:27:068 Total 1 instances are added
30/08 10:43:28:085 com.sun.messaging.jms.JMSException: [C4003]: Error occurred on connection creation [10.32.62.36:7676]. - cause: java.net.ConnectException: Connection refused: connect
30/08 10:43:28:086 Consumer was closed, reconnect.
30/08 10:43:28:194 Total 0 instances are started
30/08 10:43:28:195 Total 1 instances are added
30/08 10:43:29:208 com.sun.messaging.jms.JMSException: [C4003]: Error occurred on connection creation [10.32.62.36:7676]. - cause: java.net.ConnectException: Connection refused: connect
30/08 10:43:29:209 Consumer was closed, reconnect.
30/08 10:43:29:315 Total 0 instances are started
30/08 10:43:29:316 Total 1 instances are added
30/08 10:43:30:350 com.sun.messaging.jms.JMSException: [C4003]: Error occurred on connection creation [10.32.62.36:7676]. - cause: java.net.ConnectException: Connection refused: connect
30/08 10:43:30:351 Consumer was closed, reconnect.
30/08 10:43:30:457 Total 0 instances are started
30/08 10:43:30:457 Total 1 instances are added
30/08 10:43:31:665 com.sun.messaging.jms.JMSException: [C4003]: Error occurred on connection creation [10.32.62.36:7676]. - cause: java.net.ConnectException: Connection refused: connect
30/08 10:43:31:665 Consumer was closed, reconnect.
30/08 10:43:31:766 Total 0 instances are started
30/08 10:43:31:766 Total 1 instances are added
30/08 10:43:32:820 com.sun.messaging.jms.JMSException: [C4003]: Error occurred on connection creation [10.32.62.36:7676]. - cause: java.net.ConnectException: Connection refused: connect
30/08 10:43:32:821 Consumer was closed, reconnect.
30/08 10:43:32:924 Total 0 instances are started
30/08 10:43:32:925 Total 1 instances are added
30/08 10:43:33:932 com.sun.messaging.jms.JMSException: [C4003]: Error occurred on connection creation [10.32.62.36:7676]. - cause: java.net.ConnectException: Connection refused: connect
30/08 10:43:33:933 Consumer was closed, reconnect.
30/08 10:43:34:040 Total 0 instances are started
30/08 10:43:34:040 Total 1 instances are added
30/08 10:43:35:068 com.sun.messaging.jms.JMSException: [C4003]: Error occurred on connection creation [10.32.62.36:7676]. - cause: java.net.ConnectException: Connection refused: connect
30/08 10:43:35:069 Consumer was closed, reconnect.
30/08 10:43:35:171 Total 0 instances are started
30/08 10:43:35:172 Total 1 instances are added
30/08 10:43:36:237 com.sun.messaging.jms.JMSException: [C4003]: Error occurred on connection creation [10.32.62.36:7676]. - cause: java.net.ConnectException: Connection refused: connect
30/08 10:43:36:238 Consumer was closed, reconnect.
30/08 10:43:36:342 Total 0 instances are started
30/08 10:43:36:342 Total 1 instances are added
30/08 10:43:37:377 com.sun.messaging.jms.JMSException: [C4003]: Error occurred on connection creation [10.32.62.36:7676]. - cause: java.net.ConnectException: Connection refused: connect
30/08 10:43:37:378 Consumer was closed, reconnect.
30/08 10:43:37:483 Total 0 instances are started
30/08 10:43:37:593 Total 1 instances are added
30/08 10:43:38:505 com.sun.messaging.jms.JMSException: [C4003]: Error occurred on connection creation [10.32.62.36:7676]. - cause: java.net.ConnectException: Connection refused: connect
30/08 10:43:38:505 Consumer was closed, reconnect.
30/08 10:43:38:608 Total 0 instances are started
30/08 10:43:38:609 Total 1 instances are added
30/08 10:43:39:634 com.sun.messaging.jms.JMSException: [C4003]: Error occurred on connection creation [10.32.62.36:7676]. - cause: java.net.ConnectException: Connection refused: connect
30/08 10:43:39:635 Consumer was closed, reconnect.
30/08 10:43:39:741 Total 0 instances are started
30/08 10:43:39:741 Total 1 instances are added
30/08 10:43:40:757 com.sun.messaging.jms.JMSException: [C4003]: Error occurred on connection creation [10.32.62.36:7676]. - cause: java.net.ConnectException: Connection refused: connect
30/08 10:43:40:757 Consumer was closed, reconnect.
30/08 10:43:40:858 Total 0 instances are started
30/08 10:43:40:858 Total 1 instances are added
30/08 10:43:43:038 com.sun.messaging.jms.JMSException: [C4003]: Error occurred on connection creation [10.32.62.36:7676]. - cause: java.net.ConnectException: Connection refused: connect
30/08 10:43:43:039 Consumer was closed, reconnect.
30/08 10:43:43:149 Total 0 instances are started
30/08 10:43:43:150 Total 1 instances are added
30/08 10:43:44:162 com.sun.messaging.jms.JMSException: [C4003]: Error occurred on connection creation [10.32.62.36:7676]. - cause: java.net.ConnectException: Connection refused: connect
30/08 10:43:44:162 Consumer was closed, reconnect.
30/08 10:43:44:274 Total 0 instances are started
30/08 10:43:44:275 Total 1 instances are added
30/08 10:43:45:298 com.sun.messaging.jms.JMSException: [C4003]: Error occurred on connection creation [10.32.62.36:7676]. - cause: java.net.ConnectException: Connection refused: connect
30/08 10:43:45:298 Consumer was closed, reconnect.
30/08 10:43:45:402 Total 0 instances are started
30/08 10:43:45:402 Total 1 instances are added
30/08 10:43:46:442 com.sun.messaging.jms.JMSException: [C4003]: Error occurred on connection creation [10.32.62.36:7676]. - cause: java.net.ConnectException: Connection refused: connect
30/08 10:43:46:443 Consumer was closed, reconnect.
30/08 10:43:46:544 Total 0 instances are started
30/08 10:43:46:544 Total 1 instances are added
30/08 10:43:47:757 com.sun.messaging.jms.JMSException: [C4003]: Error occurred on connection creation [10.32.62.36:7676]. - cause: java.net.ConnectException: Connection refused: connect
30/08 10:43:47:758 Consumer was closed, reconnect.
30/08 10:43:47:861 Total 0 instances are started
30/08 10:43:47:861 Total 1 instances are added
30/08 10:45:01:275 Command Routing started
30/08 10:45:01:313 Starting process session
30/08 10:45:05:249 Total 0 instances are started
30/08 10:45:05:253 Total 1 instances are added
30/08 10:45:34:217 84922000512: CRM - LOYALTY.VALIDATE
30/08 10:45:34:317 84922000512: CCWS - LOYALTY.LOYATY_MODIFY_BALANCE
30/08 10:53:51:965 Command Routing started
30/08 10:53:51:996 Starting process session
30/08 10:53:55:648 Total 0 instances are started
30/08 10:53:55:648 Total 1 instances are added
30/08 10:54:10:935 84922000512: CRM - LOYALTY.VALIDATE
30/08 10:54:10:972 84922000512: CCWS - LOYALTY.LOYATY_MODIFY_BALANCE
30/08 10:54:22:799 84922000512: CRM - LOYALTY.VALIDATE
30/08 10:54:22:865 84922000512: CCWS - LOYALTY.LOYATY_MODIFY_BALANCE
30/08 10:55:46:840 Command Routing started
30/08 10:55:46:861 Starting process session
30/08 10:55:50:922 Total 0 instances are started
30/08 10:55:50:923 Total 1 instances are added
30/08 10:56:01:942 84922000512: CRM - LOYALTY.VALIDATE
30/08 10:56:02:010 84922000512: CCWS - LOYALTY.LOYATY_MODIFY_BALANCE
30/08 11:11:10:431 Command Routing started
30/08 11:11:10:504 Starting process session
30/08 11:11:14:260 Total 0 instances are started
30/08 11:11:14:261 Total 1 instances are added
30/08 11:11:37:329 84922000512: CRM - LOYALTY.VALIDATE
30/08 11:11:37:405 84922000512: CCWS - LOYALTY.LOYATY_MODIFY_BALANCE
30/08 11:12:36:770 Command Routing started
30/08 11:12:36:817 Starting process session
30/08 11:12:40:688 Total 0 instances are started
30/08 11:12:40:689 Total 1 instances are added
30/08 11:12:54:672 84922000512: CRM - LOYALTY.VALIDATE
30/08 11:12:54:788 84922000512: CCWS - LOYALTY.LOYATY_MODIFY_BALANCE
30/08 11:13:36:669 Command Routing started
30/08 11:13:36:715 Starting process session
30/08 11:13:40:611 Total 0 instances are started
30/08 11:13:40:611 Total 1 instances are added
30/08 11:13:54:722 84922000512: CRM - LOYALTY.VALIDATE
30/08 11:13:54:811 84922000512: CCWS - LOYALTY.LOYATY_MODIFY_BALANCE
30/08 11:13:56:576 84922000512: CRM - LOYALTY.UPDATE_DB
30/08 11:17:25:046 Command Routing started
30/08 11:17:25:112 Starting process session
30/08 11:17:28:993 Total 0 instances are started
30/08 11:17:28:993 Total 1 instances are added
30/08 11:17:55:000 84922000512: CRM - LOYALTY.VALIDATE
30/08 11:17:55:097 84922000512: CCWS - LOYALTY.LOYATY_MODIFY_BALANCE
30/08 11:17:56:628 84922000512: CRM - LOYALTY.UPDATE_DB
30/08 11:21:21:094 Command Routing started
30/08 11:21:21:136 Starting process session
30/08 11:21:25:127 Total 0 instances are started
30/08 11:21:25:128 Total 1 instances are added
30/08 11:21:47:090 84922000512: CRM - LOYALTY.VALIDATE
30/08 11:21:47:168 84922000512: CCWS - LOYALTY.LOYATY_MODIFY_BALANCE
30/08 11:21:48:420 84922000512: CRM - LOYALTY.UPDATE_DB
30/08 11:22:59:115 Command Routing started
30/08 11:22:59:163 Starting process session
30/08 11:23:02:832 Total 0 instances are started
30/08 11:23:02:833 Total 1 instances are added
30/08 11:23:30:204 84922000512: CRM - LOYALTY.VALIDATE
30/08 11:23:30:305 84922000512: CCWS - LOYALTY.LOYATY_MODIFY_BALANCE
30/08 11:23:31:382 84922000512: CRM - LOYALTY.UPDATE_DB
30/08 11:30:03:877 Command Routing started
30/08 11:30:03:918 Starting process session
30/08 11:30:07:783 Total 0 instances are started
30/08 11:30:07:784 Total 1 instances are added
30/08 11:31:26:616 Command Routing started
30/08 11:31:26:680 Starting process session
30/08 11:31:30:160 Total 0 instances are started
30/08 11:31:30:160 Total 1 instances are added
30/08 11:31:51:720 84922000512: CRM - LOYALTY.VALIDATE
30/08 11:31:51:811 84922000512: CCWS - LOYALTY.LOYATY_MODIFY_BALANCE
30/08 11:31:52:897 84922000512: CRM - LOYALTY.UPDATE_DB
30/08 11:37:33:486 Command Routing started
30/08 11:37:33:579 Starting process session
30/08 11:37:37:249 Total 0 instances are started
30/08 11:37:37:250 Total 1 instances are added
30/08 11:37:55:448 84922000512: CRM - LOYALTY.VALIDATE
30/08 11:37:55:515 84922000512: CCWS - LOYALTY.LOYATY_MODIFY_BALANCE
30/08 11:37:56:723 84922000512: CRM - LOYALTY.UPDATE_DB
30/08 11:39:55:629 Command Routing started
30/08 11:39:55:717 Starting process session
30/08 11:39:59:252 Total 0 instances are started
30/08 11:39:59:253 Total 1 instances are added
30/08 11:40:12:539 84922000512: CRM - LOYALTY.VALIDATE
30/08 11:40:12:596 84922000512: CCWS - LOYALTY.LOYATY_MODIFY_BALANCE
30/08 11:40:13:840 84922000512: CRM - LOYALTY.UPDATE_DB
30/08 11:40:58:687 Command Routing started
30/08 11:40:58:795 Starting process session
30/08 11:41:02:538 Total 0 instances are started
30/08 11:41:02:538 Total 1 instances are added
30/08 11:41:17:551 84922000512: CRM - LOYALTY.VALIDATE
30/08 11:41:17:588 84922000512: CCWS - LOYALTY.LOYATY_MODIFY_BALANCE
30/08 11:41:18:791 84922000512: CRM - LOYALTY.UPDATE_DB
30/08 11:41:48:677 Command Routing started
30/08 11:41:48:725 Starting process session
30/08 11:41:49:865 Total 0 instances are started
30/08 11:41:49:866 Total 1 instances are added
30/08 11:42:23:655 84922000512: CRM - LOYALTY.VALIDATE
30/08 11:42:23:700 84922000512: CCWS - LOYALTY.LOYATY_MODIFY_BALANCE
30/08 11:42:24:985 84922000512: CRM - LOYALTY.UPDATE_DB
30/08 11:44:37:611 Command Routing started
30/08 11:44:37:668 Starting process session
30/08 11:44:46:891 Command Routing started
30/08 11:44:46:957 Starting process session
30/08 11:44:50:741 Total 0 instances are started
30/08 11:44:50:741 Total 1 instances are added
30/08 11:45:25:783 84922000512: CRM - LOYALTY.VALIDATE
30/08 11:45:25:841 84922000512: CCWS - LOYALTY.LOYATY_MODIFY_BALANCE
30/08 11:45:27:112 84922000512: CRM - LOYALTY.UPDATE_DB
30/08 11:47:02:878 Command Routing started
30/08 11:47:02:924 Starting process session
30/08 11:47:04:887 Total 0 instances are started
30/08 11:47:04:888 Total 1 instances are added
30/08 11:47:17:089 84922000512: CRM - LOYALTY.VALIDATE
30/08 11:47:17:128 84922000512: CCWS - LOYALTY.LOYATY_MODIFY_BALANCE
30/08 11:47:18:408 84922000512: CRM - LOYALTY.UPDATE_DB
30/08 11:50:19:770 Command Routing started
30/08 11:50:19:846 Starting process session
30/08 11:50:23:526 Total 0 instances are started
30/08 11:50:23:526 Total 1 instances are added
30/08 11:51:38:817 84922000512: CRM - LOYALTY.VALIDATE
30/08 11:51:38:923 84922000512: CCWS - LOYALTY.LOYATY_MODIFY_BALANCE
30/08 11:51:40:206 84922000512: CRM - LOYALTY.UPDATE_DB
30/08 12:33:37:463 Command Routing started
30/08 12:33:37:728 Starting process session
30/08 12:33:41:256 Total 0 instances are started
30/08 12:33:41:256 Total 1 instances are added
30/08 12:34:06:624 84922000512: CRM - LOYALTY.VALIDATE
30/08 12:34:06:683 84922000512: CCWS - LOYALTY.LOYATY_MODIFY_BALANCE
30/08 12:34:08:385 84922000512: CRM - LOYALTY.UPDATE_DB
30/08 12:38:59:790 84922000512: CRM - LOYALTY.VALIDATE
30/08 12:40:16:252 Command Routing started
30/08 12:40:16:275 Starting process session
30/08 12:40:20:953 Total 0 instances are started
30/08 12:40:20:954 Total 1 instances are added
30/08 12:40:23:996 84922000512: CCWS - LOYALTY.LOYATY_MODIFY_BALANCE
30/08 12:40:25:454 84922000512: CRM - LOYALTY.UPDATE_DB
30/08 12:44:28:260 84922000512: CRM - LOYALTY.VALIDATE
30/08 12:46:10:641 Command Routing started
30/08 12:46:10:685 Starting process session
30/08 12:46:14:143 Total 0 instances are started
30/08 12:46:14:144 Total 1 instances are added
30/08 12:46:16:582 84922000512: CCWS - LOYALTY.LOYATY_MODIFY_BALANCE
30/08 12:46:18:691 84922000512: CRM - LOYALTY.UPDATE_DB
30/08 13:22:30:464 Command Routing started
30/08 13:22:30:572 Starting process session
30/08 13:22:33:666 Total 0 instances are started
30/08 13:22:33:666 Total 1 instances are added
30/08 13:23:08:406 84922000512: CRM - LOYALTY.VALIDATE
30/08 13:23:08:543 84922000512: CCWS - LOYALTY.LOYATY_MODIFY_BALANCE
30/08 13:23:10:058 84922000512: CRM - LOYALTY.UPDATE_DB
30/08 13:26:20:269 Command Routing started
30/08 13:26:20:311 Starting process session
30/08 13:26:24:126 Total 0 instances are started
30/08 13:26:24:127 Total 1 instances are added
30/08 13:27:01:262 84922000512: CRM - LOYALTY.VALIDATE
30/08 13:27:01:339 84922000512: CCWS - LOYALTY.LOYATY_MODIFY_BALANCE
30/08 13:27:02:697 84922000512: CRM - LOYALTY.UPDATE_DB
30/08 13:29:28:692 Command Routing started
30/08 13:29:28:750 Starting process session
30/08 13:29:29:885 Total 0 instances are started
30/08 13:29:29:885 Total 1 instances are added
30/08 13:30:07:775 84922000512: CRM - LOYALTY.VALIDATE
30/08 13:30:07:877 84922000512: CCWS - LOYALTY.LOYATY_MODIFY_BALANCE
30/08 13:30:09:361 84922000512: CRM - LOYALTY.UPDATE_DB
30/08 14:07:30:425 Command Routing started
30/08 14:07:30:447 Starting process session
30/08 14:07:34:369 Total 0 instances are started
30/08 14:07:34:369 Total 1 instances are added
30/08 14:08:07:423 84922000512: CRM - LOYALTY.VALIDATE
30/08 14:08:07:498 84922000512: CCWS - LOYALTY.LOYATY_MODIFY_BALANCE
30/08 14:08:08:766 84922000512: CRM - LOYALTY.UPDATE_DB
30/08 14:12:40:020 Command Routing started
30/08 14:12:40:102 Starting process session
30/08 14:12:44:102 Total 0 instances are started
30/08 14:12:44:102 Total 1 instances are added
30/08 14:13:02:069 84922000512: CRM - LOYALTY.VALIDATE
30/08 14:13:02:127 84922000512: CCWS - LOYALTY.LOYATY_MODIFY_BALANCE
30/08 14:13:03:598 84922000512: CRM - LOYALTY.UPDATE_DB
30/08 14:15:44:887 Command Routing started
30/08 14:15:44:909 Starting process session
30/08 14:15:48:981 Total 0 instances are started
30/08 14:15:48:982 Total 1 instances are added
30/08 14:16:05:034 84922000512: CRM - LOYALTY.VALIDATE
30/08 14:16:05:091 84922000512: CCWS - LOYALTY.LOYATY_MODIFY_BALANCE
30/08 14:16:06:347 84922000512: CRM - LOYALTY.UPDATE_DB
30/08 14:22:43:083 Command Routing started
30/08 14:22:43:127 Starting process session
30/08 14:22:47:013 Total 0 instances are started
30/08 14:22:47:013 Total 1 instances are added
30/08 14:23:04:982 84922000512: CRM - LOYALTY.VALIDATE
30/08 14:23:05:029 84922000512: CCWS - LOYALTY.LOYATY_MODIFY_BALANCE
30/08 14:23:06:282 84922000512: CRM - LOYALTY.UPDATE_DB
30/08 14:25:16:699 Command Routing started
30/08 14:25:16:788 Starting process session
30/08 14:25:20:636 Total 0 instances are started
30/08 14:25:20:636 Total 1 instances are added
30/08 14:25:38:592 84922000512: CRM - LOYALTY.VALIDATE
30/08 14:25:38:650 84922000512: CCWS - LOYALTY.LOYATY_MODIFY_BALANCE
30/08 14:25:39:922 84922000512: CRM - LOYALTY.UPDATE_DB
30/08 14:28:04:528 Command Routing started
30/08 14:28:04:652 Starting process session
30/08 14:28:08:326 Total 0 instances are started
30/08 14:28:08:326 Total 1 instances are added
30/08 14:28:30:598 84922000512: CRM - LOYALTY.VALIDATE
30/08 14:28:30:633 84922000512: CCWS - LOYALTY.LOYATY_MODIFY_BALANCE
30/08 14:28:31:892 84922000512: CRM - LOYALTY.UPDATE_DB
30/08 14:30:40:083 Command Routing started
30/08 14:30:40:131 Starting process session
30/08 14:31:09:794 java.sql.SQLException: Connections could not be acquired from the underlying database!
30/08 14:31:09:796 End of process session
30/08 14:31:19:798 Starting process session
30/08 14:31:23:089 Total 0 instances are started
30/08 14:31:23:090 Total 1 instances are added
30/08 14:31:25:367 84922000512: CRM - LOYALTY.VALIDATE
30/08 14:31:27:137 84922000512: CRM - LOYALTY.VALIDATE
30/08 14:31:41:488 Command Routing started
30/08 14:31:41:584 Starting process session
30/08 14:31:45:614 Total 0 instances are started
30/08 14:31:45:615 Total 1 instances are added
30/08 14:31:48:365 84922000512: CCWS - LOYALTY.LOYATY_MODIFY_BALANCE
30/08 14:31:48:370 84922000512: CCWS - LOYALTY.LOYATY_MODIFY_BALANCE
30/08 14:31:49:815 84922000512: CRM - LOYALTY.UPDATE_DB
30/08 14:31:49:989 84922000512: CRM - LOYALTY.UPDATE_DB
30/08 14:32:48:567 Command Routing started
30/08 14:32:48:720 Starting process session
30/08 14:32:53:186 Total 0 instances are started
30/08 14:32:53:187 Total 1 instances are added
30/08 14:33:09:607 84922000512: CRM - LOYALTY.VALIDATE
30/08 14:34:32:837 Command Routing started
30/08 14:34:32:904 Starting process session
30/08 14:34:36:988 Total 0 instances are started
30/08 14:34:36:989 Total 1 instances are added
30/08 14:34:40:152 84922000512: CCWS - LOYALTY.LOYATY_MODIFY_BALANCE
30/08 14:34:41:577 84922000512: CRM - LOYALTY.UPDATE_DB
30/08 14:36:19:872 84922000512: CRM - LOYALTY.VALIDATE
30/08 14:36:19:899 84922000512: CCWS - LOYALTY.LOYATY_MODIFY_BALANCE
30/08 14:36:20:306 84922000512: CRM - LOYALTY.UPDATE_DB
30/08 14:50:27:595 Command Routing started
30/08 14:50:27:661 Starting process session
30/08 14:50:31:540 Total 0 instances are started
30/08 14:50:31:540 Total 1 instances are added
30/08 14:50:45:831 84922000512: CRM - LOYALTY.VALIDATE
30/08 14:50:45:949 84922000512: CCWS - LOYALTY.LOYATY_MODIFY_BALANCE
30/08 14:50:47:002 84922000512: CRM - LOYALTY.UPDATE_DB
30/08 16:02:27:986 Command Routing started
30/08 16:02:28:072 Starting process session
30/08 16:02:31:914 Total 0 instances are started
30/08 16:02:31:915 Total 1 instances are added
30/08 16:05:17:558 Command Routing started
30/08 16:05:17:594 Starting process session
30/08 16:05:21:475 Total 0 instances are started
30/08 16:05:21:475 Total 1 instances are added
30/08 16:11:35:306 Command Routing started
30/08 16:11:35:377 Starting process session
30/08 16:11:39:076 Total 0 instances are started
30/08 16:11:39:076 Total 1 instances are added
30/08 16:11:43:032 84922000512: CRM - LOYALTY.VALIDATE
30/08 16:11:43:888 84922000512: CRM - LOYALTY.VALIDATE
30/08 16:12:17:222 84922000512: CRM - LOYALTY.VALIDATE
30/08 16:15:02:796 Command Routing started
30/08 16:15:02:842 Starting process session
30/08 16:15:06:552 Total 0 instances are started
30/08 16:15:06:553 Total 1 instances are added
30/08 16:15:29:679 84922000512: CRM - LOYALTY.VALIDATE
30/08 16:18:15:625 Command Routing started
30/08 16:18:15:696 Starting process session
30/08 16:18:20:217 Total 0 instances are started
30/08 16:18:20:217 Total 1 instances are added
30/08 16:18:55:589 84922000512: CRM - LOYALTY.VALIDATE
30/08 16:20:20:632 84922000512: CRM - LOYALTY.VALIDATE
30/08 16:21:28:401 Command Routing started
30/08 16:21:28:488 Starting process session
30/08 16:21:32:006 Total 0 instances are started
30/08 16:21:32:008 Total 1 instances are added
30/08 16:21:50:411 84922000512: CRM - LOYALTY.VALIDATE
30/08 16:23:27:417 84922000512: CRM - LOYALTY.VALIDATE
30/08 16:26:05:399 84922000512: CRM - LOYALTY.VALIDATE
30/08 16:39:37:059 Command Routing started
30/08 16:39:37:122 Starting process session
30/08 16:39:38:154 Total 0 instances are started
30/08 16:39:38:155 Total 1 instances are added
30/08 16:40:09:049 84922000512: CRM - LOYALTY.VALIDATE
30/08 16:41:39:021 84922000512: CRM - LOYALTY.VALIDATE
30/08 16:41:47:970 84922000512: CRM - LOYALTY.VALIDATE
30/08 16:41:55:002 84922000512: CRM - LOYALTY.VALIDATE
30/08 16:42:33:511 Command Routing started
30/08 16:42:33:556 Starting process session
30/08 16:42:35:700 Total 0 instances are started
30/08 16:42:35:701 Total 1 instances are added
30/08 16:43:32:410 Command Routing started
30/08 16:43:32:460 Starting process session
30/08 16:43:36:356 Total 0 instances are started
30/08 16:43:36:356 Total 1 instances are added
30/08 16:44:06:510 84922000512: CCWS - LOYALTY.LOYATY_MODIFY_BALANCE
30/08 16:44:06:815 84922000512: CCWS - LOYALTY.LOYATY_MODIFY_BALANCE
30/08 16:44:08:344 84922000512: CRM - LOYALTY.UPDATE_DB
30/08 16:44:08:493 84922000512: CRM - LOYALTY.UPDATE_DB
30/08 16:44:13:207 84922000512: CRM - LOYALTY.VALIDATE
30/08 16:46:06:378 Command Routing started
30/08 16:46:06:424 Starting process session
30/08 16:46:08:620 Total 0 instances are started
30/08 16:46:08:620 Total 1 instances are added
30/08 16:46:26:511 84922000512: CRM - LOYALTY.VALIDATE
30/08 16:46:26:650 84922000512: CCWS - LOYALTY.LOYATY_MODIFY_BALANCE
30/08 16:46:27:711 84922000512: CRM - LOYALTY.UPDATE_DB
30/08 16:48:15:474 84922000512: CRM - LOYALTY.VALIDATE
30/08 16:51:36:445 Command Routing started
30/08 16:51:36:518 Starting process session
30/08 16:51:40:097 Total 0 instances are started
30/08 16:51:40:097 Total 1 instances are added
30/08 16:51:43:010 84922000512: CCWS - LOYALTY.LOYATY_MODIFY_BALANCE
30/08 16:51:44:421 84922000512: CRM - LOYALTY.UPDATE_DB
30/08 16:52:00:314 84922000512: CRM - LOYALTY.VALIDATE
30/08 16:54:49:697 Command Routing started
30/08 16:54:49:762 Starting process session
30/08 16:54:53:737 Total 0 instances are started
30/08 16:54:53:737 Total 1 instances are added
30/08 16:54:54:906 84922000512: CCWS - LOYALTY.LOYATY_MODIFY_BALANCE
30/08 16:54:57:486 84922000512: CRM - LOYALTY.UPDATE_DB
30/08 16:56:09:391 Command Routing started
30/08 16:56:09:435 Starting process session
30/08 16:56:13:161 Total 0 instances are started
30/08 16:56:13:161 Total 1 instances are added
30/08 16:57:05:424 84922000512: CRM - LOYALTY.VALIDATE
30/08 16:57:05:475 84922000512: CCWS - LOYALTY.LOYATY_MODIFY_BALANCE
30/08 16:57:06:581 84922000512: CRM - LOYALTY.UPDATE_DB
30/08 18:12:52:722 Command Routing started
30/08 18:12:53:129 Starting process session
30/08 18:12:56:898 Total 0 instances are started
30/08 18:12:56:900 Total 1 instances are added
30/08 18:13:21:444 Command Routing started
30/08 18:13:21:468 Starting process session
30/08 18:13:25:384 Total 0 instances are started
30/08 18:13:25:385 Total 1 instances are added
30/08 18:13:45:617 84922000512: CRM - LOYALTY.VALIDATE
30/08 18:14:11:587 84922000512: SMSC - SMSC.SEND_SMS
30/08 18:14:18:312 84922000512: CRM - LOYALTY.VALIDATE
30/08 18:16:25:959 Command Routing started
30/08 18:16:26:027 Starting process session
30/08 18:16:27:031 Total 0 instances are started
30/08 18:16:27:032 Total 1 instances are added
30/08 18:17:33:913 84922000512: SMSC - SMSC.SEND_SMS
30/08 18:17:40:908 84922000512: SMSC - SMSC.SEND_SMS
30/08 18:20:35:210 Command Routing started
30/08 18:20:35:252 Starting process session
30/08 18:20:39:251 Total 0 instances are started
30/08 18:20:39:252 Total 1 instances are added
30/08 18:20:57:120 84922000512: SMSC - SMSC.SEND_SMS
30/08 18:21:10:149 84922000512: SMSC - SMSC.SEND_SMS
30/08 18:21:24:188 84922000512: SMSC - SMSC.SEND_SMS
30/08 18:27:00:853 Command Routing started
30/08 18:27:00:894 Starting process session
30/08 18:27:04:734 Total 0 instances are started
30/08 18:27:04:735 Total 1 instances are added
30/08 18:27:32:622 84922000512: SMSC - SMSC.SEND_SMS
30/08 18:29:17:723 Command Routing started
30/08 18:29:17:769 Starting process session
30/08 18:29:22:021 Total 0 instances are started
30/08 18:29:22:021 Total 1 instances are added
30/08 18:29:41:710 84922000512: SMSC - SMSC.SEND_SMS
30/08 18:30:11:714 84922000512: SMSC - SMSC.SEND_SMS
