19/09 09:15:21:426 Command Routing started
19/09 09:15:21:453 Starting process session
19/09 09:15:21:680 Total 0 instances are started
19/09 09:15:21:681 Total 1 instances are added
19/09 09:19:07:935 84922000514: CRM - CRM.SUBSCRIPTION_REGIST
19/09 09:19:08:095 84922000514: SMSC - SMSC.SEND_SMS
19/09 09:19:50:909 84922000514: CRM - LOYALTY.VALIDATE
19/09 09:19:51:020 84922000514: CCWS - LOYALTY.LOYATY_MODIFY_BALANCE
19/09 09:20:09:501 84922000514: CRM - LOYALTY.UPDATE_DB
19/09 09:20:58:008 84922000514: CCWS - LOYALTY_MB_RB
19/09 09:20:58:013 84922000514: SMSC - SMSC.SEND_SMS
19/09 09:23:20:024 84922000514: CRM - LOYALTY.VALIDATE
19/09 09:23:20:211 84922000514: CCWS - LOYALTY.LOYATY_MODIFY_BALANCE
19/09 09:23:39:079 84922000514: CRM - LOYALTY.UPDATE_DB
19/09 09:24:13:030 84922000514: CCWS - LOYALTY_MB_RB
19/09 09:24:13:046 84922000514: SMSC - SMSC.SEND_SMS
19/09 09:26:34:461 Command Routing started
19/09 09:26:34:484 Starting process session
19/09 09:26:34:604 Total 0 instances are started
19/09 09:26:34:605 Total 1 instances are added
19/09 09:27:05:846 84922000514: CRM - LOYALTY.VALIDATE
19/09 09:27:05:986 84922000514: CCWS - LOYALTY.LOYATY_MODIFY_BALANCE
19/09 09:28:17:814 84922000514: CRM - LOYALTY.UPDATE_DB
19/09 09:29:03:829 84922000514: SMSC - SMSC.SEND_SMS
19/09 09:29:55:752 84922000514: CRM - LOYALTY.VALIDATE
19/09 09:29:55:947 84922000514: CCWS - LOYALTY.LOYATY_MODIFY_BALANCE
19/09 09:32:16:176 84922000514: CRM - LOYALTY.UPDATE_DB
19/09 09:32:42:020 84922000514: CCWS - LOYALTY_MB_RB
19/09 09:32:42:062 84922000514: SMSC - SMSC.SEND_SMS
19/09 09:38:46:396 Command Routing started
19/09 09:38:46:430 Starting process session
19/09 09:38:46:546 Total 0 instances are started
19/09 09:38:46:547 Total 1 instances are added
19/09 09:40:06:906 84922000514: CRM - LOYALTY.VALIDATE
19/09 09:40:06:987 84922000514: CCWS - LOYALTY.LOYATY_MODIFY_BALANCE
19/09 09:40:29:202 84922000514: CRM - LOYALTY.UPDATE_DB
19/09 09:40:29:252 84922000514: SMSC - SMSC.SEND_SMS
19/09 09:41:32:788 84922000514: CRM - LOYALTY.VALIDATE
19/09 09:41:32:889 84922000514: CCWS - LOYALTY.LOYATY_MODIFY_BALANCE
19/09 09:42:34:899 84922000514: CRM - LOYALTY.UPDATE_DB
19/09 09:42:34:959 84922000514: CCWS - LOYALTY_MB_RB
19/09 09:42:34:970 84922000514: SMSC - SMSC.SEND_SMS
19/09 09:45:36:575 Command Routing started
19/09 09:45:36:597 Starting process session
19/09 09:45:36:715 Total 0 instances are started
19/09 09:45:36:716 Total 1 instances are added
19/09 09:45:58:106 84922000514: CRM - LOYALTY.VALIDATE
19/09 09:45:58:276 84922000514: CCWS - LOYALTY.LOYATY_MODIFY_BALANCE
19/09 09:46:48:604 84922000514: CRM - LOYALTY.UPDATE_DB
19/09 09:47:03:020 84922000514: SMSC - SMSC.SEND_SMS
19/09 09:47:52:986 84922000514: CRM - LOYALTY.VALIDATE
19/09 09:47:53:044 84922000514: CCWS - LOYALTY.LOYATY_MODIFY_BALANCE
19/09 09:48:18:335 84922000514: CRM - LOYALTY.UPDATE_DB
19/09 09:48:34:015 84922000514: CCWS - LOYALTY_MB_RB
19/09 09:48:34:036 84922000514: SMSC - SMSC.SEND_SMS
19/09 09:54:08:336 Command Routing started
19/09 09:54:08:359 Starting process session
19/09 09:54:08:478 Total 0 instances are started
19/09 09:54:08:479 Total 1 instances are added
19/09 09:54:42:841 84922000514: CRM - LOYALTY.VALIDATE
19/09 09:54:42:943 84922000514: CCWS - LOYALTY.LOYATY_MODIFY_BALANCE
19/09 09:54:58:800 84922000514: CRM - LOYALTY.UPDATE_DB
19/09 09:55:22:738 84922000514: CCWS - LOYALTY_MB_RB
19/09 09:55:22:747 84922000514: SMSC - SMSC.SEND_SMS
19/09 09:59:14:380 Command Routing started
19/09 09:59:14:403 Starting process session
19/09 09:59:14:523 Total 0 instances are started
19/09 09:59:14:524 Total 1 instances are added
19/09 09:59:40:865 84922000514: CRM - LOYALTY.VALIDATE
19/09 09:59:40:977 84922000514: CCWS - LOYALTY.LOYATY_MODIFY_BALANCE
19/09 09:59:56:823 84922000514: CRM - LOYALTY.UPDATE_DB
19/09 10:00:18:777 84922000514: CCWS - LOYALTY_MB_RB
19/09 10:00:18:790 84922000514: SMSC - SMSC.SEND_SMS
19/09 10:01:29:790 84922000514: CRM - LOYALTY.VALIDATE
19/09 10:01:52:843 84922000514: CRM - LOYALTY.VALIDATE
19/09 10:01:52:940 84922000514: CCWS - LOYALTY.LOYATY_MODIFY_BALANCE
19/09 10:02:05:909 84922000514: CRM - LOYALTY.UPDATE_DB
19/09 10:02:21:848 84922000514: CCWS - LOYALTY_MB_RB
19/09 10:02:21:856 84922000514: SMSC - SMSC.SEND_SMS
19/09 10:06:03:539 Command Routing started
19/09 10:06:03:562 Starting process session
19/09 10:06:03:685 Total 0 instances are started
19/09 10:06:03:686 Total 1 instances are added
19/09 10:06:39:060 84922000514: CRM - LOYALTY.VALIDATE
19/09 10:06:39:174 84922000514: CCWS - LOYALTY.LOYATY_MODIFY_BALANCE
19/09 10:06:48:979 84922000514: CRM - LOYALTY.UPDATE_DB
19/09 10:07:02:911 84922000514: CCWS - LOYALTY_MB_RB
19/09 10:07:02:918 84922000514: SMSC - SMSC.SEND_SMS
19/09 10:08:40:983 84922000514: CRM - LOYALTY.VALIDATE
19/09 10:08:41:119 84922000514: CCWS - LOYALTY.LOYATY_MODIFY_BALANCE
19/09 10:08:51:040 84922000514: CRM - LOYALTY.UPDATE_DB
19/09 10:09:01:042 84922000514: CCWS - LOYALTY_MB_RB
19/09 10:09:01:057 84922000514: SMSC - SMSC.SEND_SMS
19/09 10:12:25:116 Command Routing started
19/09 10:12:25:138 Starting process session
19/09 10:12:25:257 Total 0 instances are started
19/09 10:12:25:258 Total 1 instances are added
19/09 10:12:38:662 84922000514: CRM - LOYALTY.VALIDATE
19/09 10:12:38:835 84922000514: CCWS - LOYALTY.LOYATY_MODIFY_BALANCE
19/09 10:12:53:551 84922000514: CRM - LOYALTY.UPDATE_DB
19/09 10:13:08:494 84922000514: CCWS - LOYALTY_MB_RB
19/09 10:13:08:503 84922000514: SMSC - SMSC.SEND_SMS
19/09 10:14:04:639 Command Routing started
19/09 10:14:04:662 Starting process session
19/09 10:14:04:782 Total 0 instances are started
19/09 10:14:04:784 Total 1 instances are added
19/09 10:14:57:184 84922000514: CRM - LOYALTY.VALIDATE
19/09 10:14:57:368 84922000514: CCWS - LOYALTY.LOYATY_MODIFY_BALANCE
19/09 10:15:10:102 84922000514: CRM - LOYALTY.UPDATE_DB
19/09 10:15:26:041 84922000514: CCWS - LOYALTY_MB_RB
19/09 10:15:26:060 84922000514: SMSC - SMSC.SEND_SMS
19/09 10:22:24:132 84922000514: CRM - LOYALTY.VALIDATE
19/09 10:22:24:298 84922000514: CCWS - LOYALTY.LOYATY_MODIFY_BALANCE
19/09 10:22:35:172 84922000514: CRM - LOYALTY.UPDATE_DB
19/09 10:23:13:119 84922000514: CCWS - LOYALTY_MB_RB
19/09 10:23:13:139 84922000514: SMSC - SMSC.SEND_SMS
19/09 10:32:09:367 84922000514: CRM - LOYALTY.VALIDATE
19/09 10:32:09:484 84922000514: CCWS - LOYALTY.LOYATY_MODIFY_BALANCE
19/09 10:32:18:406 84922000514: CRM - LOYALTY.UPDATE_DB
19/09 10:32:57:371 84922000514: CCWS - LOYALTY_MB_RB
19/09 10:32:57:389 84922000514: SMSC - SMSC.SEND_SMS
19/09 10:38:46:490 84922000514: CRM - LOYALTY.VALIDATE
19/09 10:38:46:647 84922000514: CCWS - LOYALTY.LOYATY_MODIFY_BALANCE
19/09 10:38:59:509 84922000514: CRM - LOYALTY.UPDATE_DB
19/09 10:39:28:498 84922000514: CCWS - LOYALTY_MB_RB
19/09 10:39:28:525 84922000514: SMSC - SMSC.SEND_SMS
19/09 10:45:39:664 Command Routing started
19/09 10:45:39:703 Starting process session
19/09 10:45:39:820 Total 0 instances are started
19/09 10:45:39:821 Total 1 instances are added
19/09 10:46:08:173 84922000514: CRM - LOYALTY.VALIDATE
19/09 10:46:08:273 84922000514: CCWS - LOYALTY.LOYATY_MODIFY_BALANCE
19/09 10:46:30:108 84922000514: CRM - LOYALTY.UPDATE_DB
19/09 10:46:44:050 84922000514: CCWS - LOYALTY_MB_RB
19/09 10:46:44:064 84922000514: SMSC - SMSC.SEND_SMS
19/09 10:48:10:279 Command Routing started
19/09 10:48:10:302 Starting process session
19/09 10:48:10:421 Total 0 instances are started
19/09 10:48:10:422 Total 1 instances are added
19/09 10:49:14:785 84922000514: CRM - LOYALTY.VALIDATE
19/09 10:49:14:896 84922000514: CCWS - LOYALTY.LOYATY_MODIFY_BALANCE
19/09 10:49:27:725 84922000514: CRM - LOYALTY.UPDATE_DB
19/09 10:49:42:659 84922000514: CCWS - LOYALTY_MB_RB
19/09 10:49:42:667 84922000514: SMSC - SMSC.SEND_SMS
19/09 11:10:14:789 Command Routing started
19/09 11:10:14:811 Starting process session
19/09 11:10:14:926 Total 0 instances are started
19/09 11:10:14:927 Total 1 instances are added
19/09 11:10:53:617 84922000514: CRM - LOYALTY.VALIDATE
19/09 11:10:53:812 84922000514: CCWS - LOYALTY.LOYATY_MODIFY_BALANCE
19/09 11:11:06:234 84922000514: CRM - LOYALTY.UPDATE_DB
19/09 11:11:33:169 84922000514: CCWS - LOYALTY_MB_RB
19/09 11:11:33:195 84922000514: SMSC - SMSC.SEND_SMS
19/09 11:14:29:228 84922000514: CRM - LOYALTY.VALIDATE
19/09 11:14:29:365 84922000514: CCWS - LOYALTY.LOYATY_MODIFY_BALANCE
19/09 11:14:30:286 84922000514: SMSC - SMSC.SEND_SMS
19/09 11:18:00:138 Command Routing started
19/09 11:18:00:161 Starting process session
19/09 11:18:00:280 Total 0 instances are started
19/09 11:18:00:281 Total 1 instances are added
19/09 11:18:39:054 84922000514: SMSC - SMSC.SEND_SMS
19/09 11:18:56:602 84922000514: CRM - LOYALTY.VALIDATE
19/09 11:18:56:998 84922000514: SMSC - SMSC.SEND_SMS
19/09 11:19:08:728 84922000511: CRM - CRM.SUBSCRIPTION_REGIST
19/09 11:19:08:834 84922000511: SMSC - SMSC.SEND_SMS
19/09 12:10:50:084 Command Routing started
19/09 12:10:50:110 Starting process session
19/09 12:10:50:230 Total 0 instances are started
19/09 12:10:50:231 Total 1 instances are added
19/09 12:14:13:499 84922000517: CRM - LOYALTY.VALIDATE
19/09 12:14:13:659 84922000517: SMSC - SMSC.SEND_SMS
19/09 12:14:39:539 84922000517: SMSC - SMSC.SEND_SMS
19/09 12:16:01:553 84922000517: SMSC - SMSC.SEND_SMS
19/09 12:16:26:507 84922000517: SMSC - SMSC.SEND_SMS
19/09 13:07:13:756 Command Routing started
19/09 13:07:13:780 Starting process session
19/09 13:07:14:055 Total 0 instances are started
19/09 13:07:14:056 Total 1 instances are added
19/09 13:07:36:554 84922000512: SMSC - SMSC.SEND_SMS
19/09 13:08:12:202 84922000512: CRM - LOYALTY.VALIDATE
19/09 13:08:12:388 84922000512: SMSC - SMSC.SEND_SMS
19/09 13:08:38:645 84922000512: CRM - LOYALTY.VALIDATE
19/09 13:08:38:734 84922000512: SMSC - SMSC.SEND_SMS
19/09 13:09:51:093 84922000517: SMSC - SMSC.SEND_SMS
19/09 13:10:53:125 84922000515: CRM - CRM.SUBSCRIPTION_UNREGIST
19/09 13:10:53:160 84922000515: SMSC - SMSC.SEND_SMS
19/09 13:11:15:236 84922000515: CRM - LOYALTY.VALIDATE
19/09 13:11:15:302 84922000515: SMSC - SMSC.SEND_SMS
19/09 13:11:43:171 84922000515: CRM - LOYALTY.VALIDATE
19/09 13:11:43:226 84922000515: SMSC - SMSC.SEND_SMS
19/09 13:12:19:313 84922000515: CRM - LOYALTY.VALIDATE
19/09 13:12:19:352 84922000515: SMSC - SMSC.SEND_SMS
19/09 13:29:11:555 84922000512: CRM - CRM.SUBSCRIPTION_REGIST
19/09 13:29:11:666 84922000512: SMSC - SMSC.SEND_SMS
19/09 13:31:15:345 84922000512: SMSC - SMSC.SEND_SMS
19/09 13:32:38:519 84922000512: CRM - LOYALTY.VALIDATE
19/09 13:32:38:576 84922000512: SMSC - SMSC.SEND_SMS
19/09 13:34:50:464 84922000514: SMSC - SMSC.SEND_SMS
19/09 13:35:09:552 84922000514: CRM - LOYALTY.VALIDATE
19/09 13:35:09:650 84922000514: CCWS - LOYALTY.LOYATY_MODIFY_BALANCE
19/09 13:35:09:869 84922000514: CRM - LOYALTY.UPDATE_DB
19/09 13:35:09:992 84922000514: SMSC - SMSC.SEND_SMS
19/09 13:35:48:585 84922000514: CRM - LOYALTY.VALIDATE
19/09 13:35:48:630 84922000514: CCWS - LOYALTY.LOYATY_MODIFY_BALANCE
19/09 13:35:48:757 84922000514: CRM - LOYALTY.UPDATE_DB
19/09 13:35:48:842 84922000514: SMSC - SMSC.SEND_SMS
19/09 13:45:04:736 84922000514: CRM - LOYALTY.VALIDATE
19/09 13:45:04:843 84922000514: CCWS - LOYALTY.LOYATY_MODIFY_BALANCE
19/09 13:45:05:004 84922000514: CRM - LOYALTY.UPDATE_DB
19/09 13:45:05:061 84922000514: SMSC - SMSC.SEND_SMS
19/09 13:47:43:756 84922000514: CRM - LOYALTY.VALIDATE
19/09 13:47:43:801 84922000514: CCWS - LOYALTY.LOYATY_MODIFY_BALANCE
19/09 13:48:05:830 84922000514: CRM - LOYALTY.UPDATE_DB
19/09 13:48:23:803 84922000514: SMSC - SMSC.SEND_SMS
19/09 13:49:13:844 84922000514: CRM - LOYALTY.VALIDATE
19/09 13:49:13:962 84922000514: CCWS - LOYALTY.LOYATY_MODIFY_BALANCE
19/09 13:49:26:913 84922000514: CRM - LOYALTY.UPDATE_DB
19/09 13:49:57:896 84922000514: CCWS - LOYALTY_MB_RB
19/09 13:49:57:921 84922000514: SMSC - SMSC.SEND_SMS
19/09 13:57:18:978 84922000514: CRM - LOYALTY.VALIDATE
19/09 13:59:22:817 Command Routing started
19/09 13:59:22:839 Starting process session
19/09 13:59:22:984 Total 0 instances are started
19/09 13:59:22:985 Total 1 instances are added
19/09 13:59:56:773 84922000514: CRM - LOYALTY.VALIDATE
19/09 13:59:56:946 84922000514: SMSC - SMSC.SEND_SMS
19/09 14:02:09:180 84922000514: CRM - LOYALTY.VALIDATE
19/09 14:02:09:286 84922000514: SMSC - SMSC.SEND_SMS
19/09 14:05:54:749 Command Routing started
19/09 14:05:54:770 Starting process session
19/09 14:05:54:887 Total 0 instances are started
19/09 14:05:54:888 Total 1 instances are added
19/09 14:06:02:113 84922000514: CRM - LOYALTY.VALIDATE
19/09 14:06:02:194 84922000514: CRM - LOYALTY.BALANCE_QUERY
19/09 14:06:02:321 84922000514: SMSC - SMSC.SEND_SMS
19/09 14:13:02:471 Command Routing started
19/09 14:13:02:493 Starting process session
19/09 14:13:02:611 Total 0 instances are started
19/09 14:13:02:612 Total 1 instances are added
19/09 14:13:40:883 84922000514: CRM - LOYALTY.BALANCE_QUERY
19/09 14:14:54:907 84922000514: CRM - LOYALTY.VALIDATE
19/09 14:14:55:013 84922000514: CRM - LOYALTY.BALANCE_QUERY
19/09 14:14:55:149 84922000514: SMSC - SMSC.SEND_SMS
19/09 14:21:40:063 84922000514: CRM - LOYALTY.VALIDATE
19/09 14:23:06:966 84922000514: CRM - LOYALTY.VALIDATE
19/09 14:26:16:968 84922000514: CRM - LOYALTY.VALIDATE
19/09 14:26:27:989 84922000514: CRM - LOYALTY.BALANCE_QUERY
19/09 14:26:28:134 84922000514: SMSC - SMSC.SEND_SMS
19/09 14:26:39:821 Close queue connection pool.
19/09 14:26:39:826 End of process session
19/09 14:26:39:828 Command Routing stopped
19/09 14:26:41:741 Command Routing started
19/09 14:26:41:763 Starting process session
19/09 14:26:41:881 Total 0 instances are started
19/09 14:26:41:882 Total 1 instances are added
19/09 14:26:44:061 84922000514: CRM - LOYALTY.VALIDATE
19/09 14:26:44:157 84922000514: CRM - LOYALTY.BALANCE_QUERY
19/09 14:26:44:279 84922000514: SMSC - SMSC.SEND_SMS
19/09 14:30:36:651 Command Routing started
19/09 14:30:36:675 Starting process session
19/09 14:30:36:795 Total 0 instances are started
19/09 14:30:36:796 Total 1 instances are added
19/09 14:30:53:182 84922000514: CRM - LOYALTY.VALIDATE
19/09 14:30:53:268 84922000514: CRM - LOYALTY.BALANCE_QUERY
19/09 14:32:11:367 84922000514: SMSC - SMSC.SEND_SMS
19/09 14:32:50:965 Command Routing started
19/09 14:32:51:067 Starting process session
19/09 14:32:51:366 Total 0 instances are started
19/09 14:32:51:369 Total 1 instances are added
19/09 14:32:58:390 84922000514: CRM - LOYALTY.VALIDATE
19/09 14:32:58:507 84922000514: CRM - LOYALTY.BALANCE_QUERY
19/09 14:32:58:643 84922000514: SMSC - SMSC.SEND_SMS
19/09 16:02:06:652 Command Routing started
19/09 16:02:06:698 Starting process session
19/09 16:02:06:834 Total 0 instances are started
19/09 16:02:06:835 Total 1 instances are added
19/09 16:04:16:626 84922000514: CRM - LOYALTY.VALIDATE
19/09 16:04:16:766 84922000514: SMSC - SMSC.SEND_SMS
19/09 16:06:15:631 com.sun.messaging.jms.JMSException: [C4002]: Read packet failed. - cause: java.net.SocketException: Software caused connection abort: recv failed
19/09 16:06:15:743 javax.jms.IllegalStateException: [C4062]: Cannot perform operation, connection is closed.
19/09 16:06:15:777 com.sun.messaging.jms.JMSException: [C4003]: Error occurred on connection creation [10.32.62.98:7676]. - cause: java.net.NoRouteToHostException: No route to host: connect
19/09 16:06:15:778 Consumer was closed, reconnect.
19/09 16:06:15:880 Total 0 instances are started
19/09 16:06:15:882 Total 1 instances are added
19/09 16:06:15:909 com.sun.messaging.jms.JMSException: [C4003]: Error occurred on connection creation [10.32.62.98:7676]. - cause: java.net.NoRouteToHostException: No route to host: connect
19/09 16:06:15:910 Consumer was closed, reconnect.
19/09 16:06:16:014 Total 0 instances are started
19/09 16:06:16:015 Total 1 instances are added
19/09 16:06:16:037 com.sun.messaging.jms.JMSException: [C4003]: Error occurred on connection creation [10.32.62.98:7676]. - cause: java.net.NoRouteToHostException: No route to host: connect
19/09 16:06:16:038 Consumer was closed, reconnect.
19/09 16:06:16:146 Total 0 instances are started
19/09 16:06:16:147 Total 1 instances are added
19/09 16:06:16:166 com.sun.messaging.jms.JMSException: [C4003]: Error occurred on connection creation [10.32.62.98:7676]. - cause: java.net.NoRouteToHostException: No route to host: connect
19/09 16:06:16:166 Consumer was closed, reconnect.
19/09 16:06:16:277 Total 0 instances are started
19/09 16:06:16:278 Total 1 instances are added
19/09 16:06:16:297 com.sun.messaging.jms.JMSException: [C4003]: Error occurred on connection creation [10.32.62.98:7676]. - cause: java.net.NoRouteToHostException: No route to host: connect
19/09 16:06:16:297 Consumer was closed, reconnect.
19/09 16:06:16:399 Total 0 instances are started
19/09 16:06:16:400 Total 1 instances are added
19/09 16:06:16:422 com.sun.messaging.jms.JMSException: [C4003]: Error occurred on connection creation [10.32.62.98:7676]. - cause: java.net.NoRouteToHostException: No route to host: connect
19/09 16:06:16:422 Consumer was closed, reconnect.
19/09 16:06:16:531 Total 0 instances are started
19/09 16:06:16:532 Total 1 instances are added
19/09 16:06:16:579 com.sun.messaging.jms.JMSException: [C4003]: Error occurred on connection creation [10.32.62.98:7676]. - cause: java.net.NoRouteToHostException: No route to host: connect
19/09 16:06:16:579 Consumer was closed, reconnect.
19/09 16:06:16:683 Total 0 instances are started
19/09 16:06:16:684 Total 1 instances are added
19/09 16:06:16:703 com.sun.messaging.jms.JMSException: [C4003]: Error occurred on connection creation [10.32.62.98:7676]. - cause: java.net.NoRouteToHostException: No route to host: connect
19/09 16:06:16:704 Consumer was closed, reconnect.
19/09 16:06:16:815 Total 0 instances are started
19/09 16:06:16:816 Total 1 instances are added
19/09 16:06:16:834 com.sun.messaging.jms.JMSException: [C4003]: Error occurred on connection creation [10.32.62.98:7676]. - cause: java.net.NoRouteToHostException: No route to host: connect
19/09 16:06:16:835 Consumer was closed, reconnect.
19/09 16:06:16:937 Total 0 instances are started
19/09 16:06:16:938 Total 1 instances are added
19/09 16:06:16:957 com.sun.messaging.jms.JMSException: [C4003]: Error occurred on connection creation [10.32.62.98:7676]. - cause: java.net.NoRouteToHostException: No route to host: connect
19/09 16:06:16:957 Consumer was closed, reconnect.
19/09 16:06:17:069 Total 0 instances are started
19/09 16:06:17:070 Total 1 instances are added
19/09 16:06:17:108 com.sun.messaging.jms.JMSException: [C4003]: Error occurred on connection creation [10.32.62.98:7676]. - cause: java.net.NoRouteToHostException: No route to host: connect
19/09 16:06:17:109 Consumer was closed, reconnect.
19/09 16:06:17:215 Total 0 instances are started
19/09 16:06:17:216 Total 1 instances are added
19/09 16:06:17:233 com.sun.messaging.jms.JMSException: [C4003]: Error occurred on connection creation [10.32.62.98:7676]. - cause: java.net.NoRouteToHostException: No route to host: connect
19/09 16:06:17:233 Consumer was closed, reconnect.
19/09 16:06:17:337 Total 0 instances are started
19/09 16:06:17:338 Total 1 instances are added
19/09 16:06:17:355 com.sun.messaging.jms.JMSException: [C4003]: Error occurred on connection creation [10.32.62.98:7676]. - cause: java.net.NoRouteToHostException: No route to host: connect
19/09 16:06:17:355 Consumer was closed, reconnect.
19/09 16:06:17:458 Total 0 instances are started
19/09 16:06:17:460 Total 1 instances are added
19/09 16:06:17:479 com.sun.messaging.jms.JMSException: [C4003]: Error occurred on connection creation [10.32.62.98:7676]. - cause: java.net.NoRouteToHostException: No route to host: connect
19/09 16:06:17:480 Consumer was closed, reconnect.
19/09 16:06:17:581 Total 0 instances are started
19/09 16:06:17:582 Total 1 instances are added
19/09 16:06:17:599 com.sun.messaging.jms.JMSException: [C4003]: Error occurred on connection creation [10.32.62.98:7676]. - cause: java.net.NoRouteToHostException: No route to host: connect
19/09 16:06:17:600 Consumer was closed, reconnect.
19/09 16:06:17:703 Total 0 instances are started
19/09 16:06:17:704 Total 1 instances are added
19/09 16:06:17:720 com.sun.messaging.jms.JMSException: [C4003]: Error occurred on connection creation [10.32.62.98:7676]. - cause: java.net.NoRouteToHostException: No route to host: connect
19/09 16:06:17:721 Consumer was closed, reconnect.
19/09 16:06:17:825 Total 0 instances are started
19/09 16:06:17:826 Total 1 instances are added
19/09 16:06:17:847 com.sun.messaging.jms.JMSException: [C4003]: Error occurred on connection creation [10.32.62.98:7676]. - cause: java.net.NoRouteToHostException: No route to host: connect
19/09 16:06:17:848 Consumer was closed, reconnect.
19/09 16:06:17:957 Total 0 instances are started
19/09 16:06:17:958 Total 1 instances are added
19/09 16:06:17:974 com.sun.messaging.jms.JMSException: [C4003]: Error occurred on connection creation [10.32.62.98:7676]. - cause: java.net.NoRouteToHostException: No route to host: connect
19/09 16:06:17:974 Consumer was closed, reconnect.
19/09 16:06:18:079 Total 0 instances are started
19/09 16:06:18:224 Total 1 instances are added
19/09 16:06:18:273 com.sun.messaging.jms.JMSException: [C4003]: Error occurred on connection creation [10.32.62.98:7676]. - cause: java.net.NoRouteToHostException: No route to host: connect
19/09 16:06:18:274 Consumer was closed, reconnect.
19/09 16:06:18:375 Total 0 instances are started
19/09 16:06:18:376 Total 1 instances are added
19/09 16:06:18:393 com.sun.messaging.jms.JMSException: [C4003]: Error occurred on connection creation [10.32.62.98:7676]. - cause: java.net.NoRouteToHostException: No route to host: connect
19/09 16:06:18:393 Consumer was closed, reconnect.
19/09 16:06:18:496 Total 0 instances are started
19/09 16:06:18:497 Total 1 instances are added
19/09 16:06:18:517 com.sun.messaging.jms.JMSException: [C4003]: Error occurred on connection creation [10.32.62.98:7676]. - cause: java.net.NoRouteToHostException: No route to host: connect
19/09 16:06:18:518 Consumer was closed, reconnect.
19/09 16:06:18:628 Total 0 instances are started
19/09 16:06:18:629 Total 1 instances are added
19/09 16:06:18:703 com.sun.messaging.jms.JMSException: [C4003]: Error occurred on connection creation [10.32.62.98:7676]. - cause: java.net.NoRouteToHostException: No route to host: connect
19/09 16:06:18:704 Consumer was closed, reconnect.
19/09 16:06:18:810 Total 0 instances are started
19/09 16:06:18:811 Total 1 instances are added
19/09 16:06:18:880 com.sun.messaging.jms.JMSException: [C4003]: Error occurred on connection creation [10.32.62.98:7676]. - cause: java.net.NoRouteToHostException: No route to host: connect
19/09 16:06:18:881 Consumer was closed, reconnect.
19/09 16:06:18:982 Total 0 instances are started
19/09 16:06:18:983 Total 1 instances are added
19/09 16:06:19:005 com.sun.messaging.jms.JMSException: [C4003]: Error occurred on connection creation [10.32.62.98:7676]. - cause: java.net.NoRouteToHostException: No route to host: connect
19/09 16:06:19:005 Consumer was closed, reconnect.
19/09 16:06:19:116 Total 0 instances are started
19/09 16:06:19:117 Total 1 instances are added
19/09 16:06:19:136 com.sun.messaging.jms.JMSException: [C4003]: Error occurred on connection creation [10.32.62.98:7676]. - cause: java.net.NoRouteToHostException: No route to host: connect
19/09 16:06:19:136 Consumer was closed, reconnect.
19/09 16:06:19:238 Total 0 instances are started
19/09 16:06:19:241 Total 1 instances are added
19/09 16:06:19:278 com.sun.messaging.jms.JMSException: [C4003]: Error occurred on connection creation [10.32.62.98:7676]. - cause: java.net.NoRouteToHostException: No route to host: connect
19/09 16:06:19:279 Consumer was closed, reconnect.
19/09 16:06:19:386 Total 0 instances are started
19/09 16:06:19:387 Total 1 instances are added
19/09 16:06:19:404 com.sun.messaging.jms.JMSException: [C4003]: Error occurred on connection creation [10.32.62.98:7676]. - cause: java.net.NoRouteToHostException: No route to host: connect
19/09 16:06:19:404 Consumer was closed, reconnect.
19/09 16:06:19:508 Total 0 instances are started
19/09 16:06:19:509 Total 1 instances are added
19/09 16:06:19:526 com.sun.messaging.jms.JMSException: [C4003]: Error occurred on connection creation [10.32.62.98:7676]. - cause: java.net.NoRouteToHostException: No route to host: connect
19/09 16:06:19:526 Consumer was closed, reconnect.
19/09 16:06:19:630 Total 0 instances are started
19/09 16:06:19:632 Total 1 instances are added
19/09 16:06:19:651 com.sun.messaging.jms.JMSException: [C4003]: Error occurred on connection creation [10.32.62.98:7676]. - cause: java.net.NoRouteToHostException: No route to host: connect
19/09 16:06:19:652 Consumer was closed, reconnect.
19/09 16:06:19:762 Total 0 instances are started
19/09 16:06:19:763 Total 1 instances are added
19/09 16:06:19:779 com.sun.messaging.jms.JMSException: [C4003]: Error occurred on connection creation [10.32.62.98:7676]. - cause: java.net.NoRouteToHostException: No route to host: connect
19/09 16:06:19:780 Consumer was closed, reconnect.
19/09 16:06:19:884 Total 0 instances are started
19/09 16:06:19:885 Total 1 instances are added
19/09 16:06:19:930 com.sun.messaging.jms.JMSException: [C4003]: Error occurred on connection creation [10.32.62.98:7676]. - cause: java.net.NoRouteToHostException: No route to host: connect
19/09 16:06:19:931 Consumer was closed, reconnect.
19/09 16:06:20:035 Total 0 instances are started
19/09 16:06:20:115 Total 1 instances are added
19/09 16:06:20:149 com.sun.messaging.jms.JMSException: [C4003]: Error occurred on connection creation [10.32.62.98:7676]. - cause: java.net.NoRouteToHostException: No route to host: connect
19/09 16:06:20:149 Consumer was closed, reconnect.
19/09 16:06:20:259 Total 0 instances are started
19/09 16:06:20:260 Total 1 instances are added
19/09 16:06:20:305 com.sun.messaging.jms.JMSException: [C4003]: Error occurred on connection creation [10.32.62.98:7676]. - cause: java.net.NoRouteToHostException: No route to host: connect
19/09 16:06:20:306 Consumer was closed, reconnect.
19/09 16:06:20:416 Total 0 instances are started
19/09 16:06:20:417 Total 1 instances are added
19/09 16:06:20:435 com.sun.messaging.jms.JMSException: [C4003]: Error occurred on connection creation [10.32.62.98:7676]. - cause: java.net.NoRouteToHostException: No route to host: connect
19/09 16:06:20:435 Consumer was closed, reconnect.
19/09 16:06:20:537 Total 0 instances are started
19/09 16:06:20:538 Total 1 instances are added
19/09 16:06:20:558 com.sun.messaging.jms.JMSException: [C4003]: Error occurred on connection creation [10.32.62.98:7676]. - cause: java.net.NoRouteToHostException: No route to host: connect
19/09 16:06:20:558 Consumer was closed, reconnect.
19/09 16:06:20:669 Total 0 instances are started
19/09 16:06:20:670 Total 1 instances are added
19/09 16:06:20:691 com.sun.messaging.jms.JMSException: [C4003]: Error occurred on connection creation [10.32.62.98:7676]. - cause: java.net.NoRouteToHostException: No route to host: connect
19/09 16:06:20:692 Consumer was closed, reconnect.
19/09 16:06:20:801 Total 0 instances are started
19/09 16:06:20:802 Total 1 instances are added
19/09 16:06:20:819 com.sun.messaging.jms.JMSException: [C4003]: Error occurred on connection creation [10.32.62.98:7676]. - cause: java.net.NoRouteToHostException: No route to host: connect
19/09 16:06:20:820 Consumer was closed, reconnect.
19/09 16:06:20:924 Total 0 instances are started
19/09 16:06:20:925 Total 1 instances are added
19/09 16:06:20:958 com.sun.messaging.jms.JMSException: [C4003]: Error occurred on connection creation [10.32.62.98:7676]. - cause: java.net.NoRouteToHostException: No route to host: connect
19/09 16:06:20:959 Consumer was closed, reconnect.
19/09 16:06:21:066 Total 0 instances are started
19/09 16:06:21:067 Total 1 instances are added
19/09 16:06:21:097 com.sun.messaging.jms.JMSException: [C4003]: Error occurred on connection creation [10.32.62.98:7676]. - cause: java.net.NoRouteToHostException: No route to host: connect
19/09 16:06:21:097 Consumer was closed, reconnect.
19/09 16:06:21:207 Total 0 instances are started
19/09 16:06:21:208 Total 1 instances are added
19/09 16:06:21:225 com.sun.messaging.jms.JMSException: [C4003]: Error occurred on connection creation [10.32.62.98:7676]. - cause: java.net.NoRouteToHostException: No route to host: connect
19/09 16:06:21:226 Consumer was closed, reconnect.
19/09 16:06:21:328 Total 0 instances are started
19/09 16:06:21:330 Total 1 instances are added
19/09 16:06:21:399 com.sun.messaging.jms.JMSException: [C4003]: Error occurred on connection creation [10.32.62.98:7676]. - cause: java.net.NoRouteToHostException: No route to host: connect
19/09 16:06:21:400 Consumer was closed, reconnect.
19/09 16:06:21:501 Total 0 instances are started
19/09 16:06:21:503 Total 1 instances are added
19/09 16:06:21:531 com.sun.messaging.jms.JMSException: [C4003]: Error occurred on connection creation [10.32.62.98:7676]. - cause: java.net.NoRouteToHostException: No route to host: connect
19/09 16:06:21:531 Consumer was closed, reconnect.
19/09 16:06:21:634 Total 0 instances are started
19/09 16:06:21:635 Total 1 instances are added
19/09 16:06:21:659 com.sun.messaging.jms.JMSException: [C4003]: Error occurred on connection creation [10.32.62.98:7676]. - cause: java.net.NoRouteToHostException: No route to host: connect
19/09 16:06:21:659 Consumer was closed, reconnect.
19/09 16:06:21:766 Total 0 instances are started
19/09 16:06:21:767 Total 1 instances are added
19/09 16:06:21:788 com.sun.messaging.jms.JMSException: [C4003]: Error occurred on connection creation [10.32.62.98:7676]. - cause: java.net.NoRouteToHostException: No route to host: connect
19/09 16:06:21:789 Consumer was closed, reconnect.
19/09 16:06:21:897 Total 0 instances are started
19/09 16:06:21:898 Total 1 instances are added
19/09 16:06:21:915 com.sun.messaging.jms.JMSException: [C4003]: Error occurred on connection creation [10.32.62.98:7676]. - cause: java.net.NoRouteToHostException: No route to host: connect
19/09 16:06:21:915 Consumer was closed, reconnect.
19/09 16:06:22:018 Total 0 instances are started
19/09 16:06:22:183 Total 1 instances are added
19/09 16:06:22:207 com.sun.messaging.jms.JMSException: [C4003]: Error occurred on connection creation [10.32.62.98:7676]. - cause: java.net.NoRouteToHostException: No route to host: connect
19/09 16:06:22:208 Consumer was closed, reconnect.
19/09 16:06:22:313 Total 0 instances are started
19/09 16:06:22:314 Total 1 instances are added
19/09 16:06:43:348 com.sun.messaging.jms.JMSException: [C4003]: Error occurred on connection creation [10.32.62.98:7676]. - cause: java.net.ConnectException: Connection timed out: connect
19/09 16:06:43:349 Consumer was closed, reconnect.
19/09 16:06:43:452 Total 0 instances are started
19/09 16:06:43:453 Total 1 instances are added
19/09 16:07:03:800 com.sun.messaging.jms.JMSException: [C4003]: Error occurred on connection creation [10.32.62.98:7676]. - cause: java.net.SocketException: Software caused connection abort: connect
19/09 16:07:03:800 Consumer was closed, reconnect.
19/09 16:07:03:907 Total 0 instances are started
19/09 16:07:03:907 Total 1 instances are added
19/09 16:07:03:934 com.sun.messaging.jms.JMSException: [C4003]: Error occurred on connection creation [10.32.62.98:7676]. - cause: java.net.SocketException: Network is unreachable: connect
19/09 16:07:03:935 Consumer was closed, reconnect.
19/09 16:07:04:038 Total 0 instances are started
19/09 16:07:04:039 Total 1 instances are added
19/09 16:07:04:058 com.sun.messaging.jms.JMSException: [C4003]: Error occurred on connection creation [10.32.62.98:7676]. - cause: java.net.SocketException: Network is unreachable: connect
19/09 16:07:04:058 Consumer was closed, reconnect.
19/09 16:07:04:160 Total 0 instances are started
19/09 16:07:04:161 Total 1 instances are added
19/09 16:07:04:179 com.sun.messaging.jms.JMSException: [C4003]: Error occurred on connection creation [10.32.62.98:7676]. - cause: java.net.SocketException: Network is unreachable: connect
19/09 16:07:04:179 Consumer was closed, reconnect.
19/09 16:07:04:281 Total 0 instances are started
19/09 16:07:04:282 Total 1 instances are added
19/09 16:07:04:305 com.sun.messaging.jms.JMSException: [C4003]: Error occurred on connection creation [10.32.62.98:7676]. - cause: java.net.SocketException: Network is unreachable: connect
19/09 16:07:04:306 Consumer was closed, reconnect.
19/09 16:07:04:412 Total 0 instances are started
19/09 16:07:04:413 Total 1 instances are added
19/09 16:07:04:431 com.sun.messaging.jms.JMSException: [C4003]: Error occurred on connection creation [10.32.62.98:7676]. - cause: java.net.SocketException: Network is unreachable: connect
19/09 16:07:04:432 Consumer was closed, reconnect.
19/09 16:07:04:533 Total 0 instances are started
19/09 16:07:04:534 Total 1 instances are added
19/09 16:07:04:552 com.sun.messaging.jms.JMSException: [C4003]: Error occurred on connection creation [10.32.62.98:7676]. - cause: java.net.SocketException: Network is unreachable: connect
19/09 16:07:04:553 Consumer was closed, reconnect.
19/09 16:07:04:654 Total 0 instances are started
19/09 16:07:04:655 Total 1 instances are added
19/09 16:07:04:684 com.sun.messaging.jms.JMSException: [C4003]: Error occurred on connection creation [10.32.62.98:7676]. - cause: java.net.SocketException: Network is unreachable: connect
19/09 16:07:04:684 Consumer was closed, reconnect.
19/09 16:07:04:787 Total 0 instances are started
19/09 16:07:04:788 Total 1 instances are added
19/09 16:07:04:805 com.sun.messaging.jms.JMSException: [C4003]: Error occurred on connection creation [10.32.62.98:7676]. - cause: java.net.SocketException: Network is unreachable: connect
19/09 16:07:04:806 Consumer was closed, reconnect.
19/09 16:07:04:910 Total 0 instances are started
19/09 16:07:04:912 Total 1 instances are added
19/09 16:07:04:947 com.sun.messaging.jms.JMSException: [C4003]: Error occurred on connection creation [10.32.62.98:7676]. - cause: java.net.SocketException: Network is unreachable: connect
19/09 16:07:04:947 Consumer was closed, reconnect.
19/09 16:07:05:053 Total 0 instances are started
19/09 16:07:05:054 Total 1 instances are added
19/09 16:07:05:072 com.sun.messaging.jms.JMSException: [C4003]: Error occurred on connection creation [10.32.62.98:7676]. - cause: java.net.SocketException: Network is unreachable: connect
19/09 16:07:05:073 Consumer was closed, reconnect.
19/09 16:07:05:175 Total 0 instances are started
19/09 16:07:05:177 Total 1 instances are added
19/09 16:07:05:200 com.sun.messaging.jms.JMSException: [C4003]: Error occurred on connection creation [10.32.62.98:7676]. - cause: java.net.SocketException: Network is unreachable: connect
19/09 16:07:05:201 Consumer was closed, reconnect.
19/09 16:07:05:308 Total 0 instances are started
19/09 16:07:05:310 Total 1 instances are added
19/09 16:07:05:361 com.sun.messaging.jms.JMSException: [C4003]: Error occurred on connection creation [10.32.62.98:7676]. - cause: java.net.SocketException: Network is unreachable: connect
19/09 16:07:05:361 Consumer was closed, reconnect.
19/09 16:07:05:470 Total 0 instances are started
19/09 16:07:05:471 Total 1 instances are added
19/09 16:07:05:489 com.sun.messaging.jms.JMSException: [C4003]: Error occurred on connection creation [10.32.62.98:7676]. - cause: java.net.SocketException: Network is unreachable: connect
19/09 16:07:05:490 Consumer was closed, reconnect.
19/09 16:07:05:592 Total 0 instances are started
19/09 16:07:05:593 Total 1 instances are added
19/09 16:07:05:610 com.sun.messaging.jms.JMSException: [C4003]: Error occurred on connection creation [10.32.62.98:7676]. - cause: java.net.SocketException: Network is unreachable: connect
19/09 16:07:05:611 Consumer was closed, reconnect.
19/09 16:07:05:714 Total 0 instances are started
19/09 16:07:05:715 Total 1 instances are added
19/09 16:07:05:735 com.sun.messaging.jms.JMSException: [C4003]: Error occurred on connection creation [10.32.62.98:7676]. - cause: java.net.SocketException: Network is unreachable: connect
19/09 16:07:05:736 Consumer was closed, reconnect.
19/09 16:07:05:837 Total 0 instances are started
19/09 16:07:05:838 Total 1 instances are added
19/09 16:07:05:865 com.sun.messaging.jms.JMSException: [C4003]: Error occurred on connection creation [10.32.62.98:7676]. - cause: java.net.SocketException: Network is unreachable: connect
19/09 16:07:05:866 Consumer was closed, reconnect.
19/09 16:07:05:969 Total 0 instances are started
19/09 16:07:05:970 Total 1 instances are added
19/09 16:07:05:997 com.sun.messaging.jms.JMSException: [C4003]: Error occurred on connection creation [10.32.62.98:7676]. - cause: java.net.SocketException: Network is unreachable: connect
19/09 16:07:05:998 Consumer was closed, reconnect.
19/09 16:07:06:101 Total 0 instances are started
19/09 16:07:06:664 Total 1 instances are added
19/09 16:07:06:703 com.sun.messaging.jms.JMSException: [C4003]: Error occurred on connection creation [10.32.62.98:7676]. - cause: java.net.SocketException: Network is unreachable: connect
19/09 16:07:06:704 Consumer was closed, reconnect.
19/09 16:07:06:816 Total 0 instances are started
19/09 16:07:06:817 Total 1 instances are added
19/09 16:07:06:835 com.sun.messaging.jms.JMSException: [C4003]: Error occurred on connection creation [10.32.62.98:7676]. - cause: java.net.SocketException: Network is unreachable: connect
19/09 16:07:06:836 Consumer was closed, reconnect.
19/09 16:07:06:938 Total 0 instances are started
19/09 16:07:06:939 Total 1 instances are added
19/09 16:07:06:958 com.sun.messaging.jms.JMSException: [C4003]: Error occurred on connection creation [10.32.62.98:7676]. - cause: java.net.SocketException: Network is unreachable: connect
19/09 16:07:06:958 Consumer was closed, reconnect.
19/09 16:07:07:060 Total 0 instances are started
19/09 16:07:07:061 Total 1 instances are added
19/09 16:07:07:083 com.sun.messaging.jms.JMSException: [C4003]: Error occurred on connection creation [10.32.62.98:7676]. - cause: java.net.SocketException: Network is unreachable: connect
19/09 16:07:07:083 Consumer was closed, reconnect.
19/09 16:07:07:191 Total 0 instances are started
19/09 16:07:07:192 Total 1 instances are added
19/09 16:07:07:212 com.sun.messaging.jms.JMSException: [C4003]: Error occurred on connection creation [10.32.62.98:7676]. - cause: java.net.SocketException: Network is unreachable: connect
19/09 16:07:07:213 Consumer was closed, reconnect.
19/09 16:07:07:313 Total 0 instances are started
19/09 16:07:07:314 Total 1 instances are added
19/09 16:07:07:331 com.sun.messaging.jms.JMSException: [C4003]: Error occurred on connection creation [10.32.62.98:7676]. - cause: java.net.SocketException: Network is unreachable: connect
19/09 16:07:07:332 Consumer was closed, reconnect.
19/09 16:07:07:435 Total 0 instances are started
19/09 16:07:07:436 Total 1 instances are added
19/09 16:07:07:455 com.sun.messaging.jms.JMSException: [C4003]: Error occurred on connection creation [10.32.62.98:7676]. - cause: java.net.SocketException: Network is unreachable: connect
19/09 16:07:07:456 Consumer was closed, reconnect.
19/09 16:07:07:557 Total 0 instances are started
19/09 16:07:07:558 Total 1 instances are added
19/09 16:07:07:576 com.sun.messaging.jms.JMSException: [C4003]: Error occurred on connection creation [10.32.62.98:7676]. - cause: java.net.SocketException: Network is unreachable: connect
19/09 16:07:07:576 Consumer was closed, reconnect.
19/09 16:07:07:678 Total 0 instances are started
19/09 16:07:07:679 Total 1 instances are added
19/09 16:07:07:705 com.sun.messaging.jms.JMSException: [C4003]: Error occurred on connection creation [10.32.62.98:7676]. - cause: java.net.SocketException: Network is unreachable: connect
19/09 16:07:07:706 Consumer was closed, reconnect.
19/09 16:07:07:809 Total 0 instances are started
19/09 16:07:07:810 Total 1 instances are added
19/09 16:07:07:829 com.sun.messaging.jms.JMSException: [C4003]: Error occurred on connection creation [10.32.62.98:7676]. - cause: java.net.SocketException: Network is unreachable: connect
19/09 16:07:07:829 Consumer was closed, reconnect.
19/09 16:07:07:931 Total 0 instances are started
19/09 16:07:07:932 Total 1 instances are added
19/09 16:07:07:973 com.sun.messaging.jms.JMSException: [C4003]: Error occurred on connection creation [10.32.62.98:7676]. - cause: java.net.SocketException: Network is unreachable: connect
19/09 16:07:07:974 Consumer was closed, reconnect.
19/09 16:07:08:083 Total 0 instances are started
19/09 16:07:08:189 Total 1 instances are added
19/09 16:07:08:225 com.sun.messaging.jms.JMSException: [C4003]: Error occurred on connection creation [10.32.62.98:7676]. - cause: java.net.SocketException: Network is unreachable: connect
19/09 16:07:08:226 Consumer was closed, reconnect.
19/09 16:07:08:332 Total 0 instances are started
19/09 16:07:08:333 Total 1 instances are added
19/09 16:07:08:362 com.sun.messaging.jms.JMSException: [C4003]: Error occurred on connection creation [10.32.62.98:7676]. - cause: java.net.SocketException: Network is unreachable: connect
19/09 16:07:08:362 Consumer was closed, reconnect.
19/09 16:07:08:463 Total 0 instances are started
19/09 16:07:08:464 Total 1 instances are added
19/09 16:07:08:490 com.sun.messaging.jms.JMSException: [C4003]: Error occurred on connection creation [10.32.62.98:7676]. - cause: java.net.SocketException: Network is unreachable: connect
19/09 16:07:08:491 Consumer was closed, reconnect.
19/09 16:07:08:595 Total 0 instances are started
19/09 16:07:08:595 Total 1 instances are added
19/09 16:07:08:641 com.sun.messaging.jms.JMSException: [C4003]: Error occurred on connection creation [10.32.62.98:7676]. - cause: java.net.SocketException: Network is unreachable: connect
19/09 16:07:08:642 Consumer was closed, reconnect.
19/09 16:07:08:746 Total 0 instances are started
19/09 16:07:08:747 Total 1 instances are added
19/09 16:07:08:771 com.sun.messaging.jms.JMSException: [C4003]: Error occurred on connection creation [10.32.62.98:7676]. - cause: java.net.SocketException: Network is unreachable: connect
19/09 16:07:08:772 Consumer was closed, reconnect.
19/09 16:07:08:878 Total 0 instances are started
19/09 16:07:08:879 Total 1 instances are added
19/09 16:07:08:901 com.sun.messaging.jms.JMSException: [C4003]: Error occurred on connection creation [10.32.62.98:7676]. - cause: java.net.SocketException: Network is unreachable: connect
19/09 16:07:08:902 Consumer was closed, reconnect.
19/09 16:07:09:010 Total 0 instances are started
19/09 16:07:09:011 Total 1 instances are added
19/09 16:07:09:037 com.sun.messaging.jms.JMSException: [C4003]: Error occurred on connection creation [10.32.62.98:7676]. - cause: java.net.SocketException: Network is unreachable: connect
19/09 16:07:09:038 Consumer was closed, reconnect.
19/09 16:07:09:141 Total 0 instances are started
19/09 16:07:09:142 Total 1 instances are added
19/09 16:07:09:159 com.sun.messaging.jms.JMSException: [C4003]: Error occurred on connection creation [10.32.62.98:7676]. - cause: java.net.SocketException: Network is unreachable: connect
19/09 16:07:09:160 Consumer was closed, reconnect.
19/09 16:07:09:263 Total 0 instances are started
19/09 16:07:09:264 Total 1 instances are added
19/09 16:07:09:283 com.sun.messaging.jms.JMSException: [C4003]: Error occurred on connection creation [10.32.62.98:7676]. - cause: java.net.SocketException: Network is unreachable: connect
19/09 16:07:09:283 Consumer was closed, reconnect.
19/09 16:07:09:396 Total 0 instances are started
19/09 16:07:09:397 Total 1 instances are added
19/09 16:07:09:431 com.sun.messaging.jms.JMSException: [C4003]: Error occurred on connection creation [10.32.62.98:7676]. - cause: java.net.SocketException: Network is unreachable: connect
19/09 16:07:09:431 Consumer was closed, reconnect.
19/09 16:07:09:538 Total 0 instances are started
19/09 16:07:09:539 Total 1 instances are added
19/09 16:07:09:587 com.sun.messaging.jms.JMSException: [C4003]: Error occurred on connection creation [10.32.62.98:7676]. - cause: java.net.SocketException: Network is unreachable: connect
19/09 16:07:09:588 Consumer was closed, reconnect.
19/09 16:07:09:691 Total 0 instances are started
19/09 16:07:09:692 Total 1 instances are added
19/09 16:07:09:708 com.sun.messaging.jms.JMSException: [C4003]: Error occurred on connection creation [10.32.62.98:7676]. - cause: java.net.SocketException: Network is unreachable: connect
19/09 16:07:09:709 Consumer was closed, reconnect.
19/09 16:07:09:812 Total 0 instances are started
19/09 16:07:09:812 Total 1 instances are added
19/09 16:07:09:839 com.sun.messaging.jms.JMSException: [C4003]: Error occurred on connection creation [10.32.62.98:7676]. - cause: java.net.SocketException: Network is unreachable: connect
19/09 16:07:09:840 Consumer was closed, reconnect.
19/09 16:07:09:943 Total 0 instances are started
19/09 16:07:09:944 Total 1 instances are added
19/09 16:07:09:964 com.sun.messaging.jms.JMSException: [C4003]: Error occurred on connection creation [10.32.62.98:7676]. - cause: java.net.SocketException: Network is unreachable: connect
19/09 16:07:09:964 Consumer was closed, reconnect.
19/09 16:07:10:074 Total 0 instances are started
19/09 16:07:10:075 Total 1 instances are added
19/09 16:07:10:099 com.sun.messaging.jms.JMSException: [C4003]: Error occurred on connection creation [10.32.62.98:7676]. - cause: java.net.SocketException: Network is unreachable: connect
19/09 16:07:10:100 Consumer was closed, reconnect.
19/09 16:07:10:205 Total 0 instances are started
19/09 16:07:10:206 Total 1 instances are added
19/09 16:07:10:241 com.sun.messaging.jms.JMSException: [C4003]: Error occurred on connection creation [10.32.62.98:7676]. - cause: java.net.SocketException: Network is unreachable: connect
19/09 16:07:10:242 Consumer was closed, reconnect.
19/09 16:07:10:347 Total 0 instances are started
19/09 16:07:10:366 com.sun.messaging.jms.JMSException: [C4003]: Error occurred on connection creation [10.32.62.98:7676]. - cause: java.net.SocketException: Network is unreachable: connect
19/09 16:07:10:872 Total 1 instances are added
19/09 16:07:10:872 Consumer was closed, reconnect.
19/09 16:07:10:983 Total 0 instances are started
19/09 16:07:10:984 Total 1 instances are added
19/09 16:07:11:002 com.sun.messaging.jms.JMSException: [C4003]: Error occurred on connection creation [10.32.62.98:7676]. - cause: java.net.SocketException: Network is unreachable: connect
19/09 16:07:11:003 Consumer was closed, reconnect.
19/09 16:07:11:105 Total 0 instances are started
19/09 16:07:11:106 Total 1 instances are added
19/09 16:07:11:124 com.sun.messaging.jms.JMSException: [C4003]: Error occurred on connection creation [10.32.62.98:7676]. - cause: java.net.SocketException: Network is unreachable: connect
19/09 16:07:11:125 Consumer was closed, reconnect.
19/09 16:07:11:226 Total 0 instances are started
19/09 16:07:11:226 Total 1 instances are added
19/09 16:07:11:249 com.sun.messaging.jms.JMSException: [C4003]: Error occurred on connection creation [10.32.62.98:7676]. - cause: java.net.SocketException: Network is unreachable: connect
19/09 16:07:11:249 Consumer was closed, reconnect.
19/09 16:07:11:357 Total 0 instances are started
19/09 16:07:11:358 Total 1 instances are added
19/09 16:07:11:379 com.sun.messaging.jms.JMSException: [C4003]: Error occurred on connection creation [10.32.62.98:7676]. - cause: java.net.SocketException: Network is unreachable: connect
19/09 16:07:11:380 Consumer was closed, reconnect.
19/09 16:07:11:488 Total 0 instances are started
19/09 16:07:11:489 Total 1 instances are added
19/09 16:07:11:507 com.sun.messaging.jms.JMSException: [C4003]: Error occurred on connection creation [10.32.62.98:7676]. - cause: java.net.SocketException: Network is unreachable: connect
19/09 16:07:11:508 Consumer was closed, reconnect.
19/09 16:07:11:609 Total 0 instances are started
19/09 16:07:11:610 Total 1 instances are added
19/09 16:07:11:661 com.sun.messaging.jms.JMSException: [C4003]: Error occurred on connection creation [10.32.62.98:7676]. - cause: java.net.SocketException: Network is unreachable: connect
19/09 16:07:11:662 Consumer was closed, reconnect.
19/09 16:07:11:770 Total 0 instances are started
19/09 16:07:11:770 Total 1 instances are added
19/09 16:07:11:794 com.sun.messaging.jms.JMSException: [C4003]: Error occurred on connection creation [10.32.62.98:7676]. - cause: java.net.SocketException: Network is unreachable: connect
19/09 16:07:11:795 Consumer was closed, reconnect.
19/09 16:07:11:901 Total 0 instances are started
19/09 16:07:11:902 Total 1 instances are added
19/09 16:07:11:921 com.sun.messaging.jms.JMSException: [C4003]: Error occurred on connection creation [10.32.62.98:7676]. - cause: java.net.SocketException: Network is unreachable: connect
19/09 16:07:11:922 Consumer was closed, reconnect.
19/09 16:07:12:032 Total 0 instances are started
19/09 16:07:12:143 Total 1 instances are added
19/09 16:07:12:190 com.sun.messaging.jms.JMSException: [C4003]: Error occurred on connection creation [10.32.62.98:7676]. - cause: java.net.SocketException: Network is unreachable: connect
19/09 16:07:12:191 Consumer was closed, reconnect.
19/09 16:07:12:293 Total 0 instances are started
19/09 16:07:12:293 Total 1 instances are added
19/09 16:07:12:311 com.sun.messaging.jms.JMSException: [C4003]: Error occurred on connection creation [10.32.62.98:7676]. - cause: java.net.SocketException: Network is unreachable: connect
19/09 16:07:12:312 Consumer was closed, reconnect.
19/09 16:07:12:414 Total 0 instances are started
19/09 16:07:12:415 Total 1 instances are added
19/09 16:07:33:440 com.sun.messaging.jms.JMSException: [C4003]: Error occurred on connection creation [10.32.62.98:7676]. - cause: java.net.ConnectException: Connection timed out: connect
19/09 16:07:33:441 Consumer was closed, reconnect.
19/09 16:07:33:547 Total 0 instances are started
19/09 16:07:33:548 Total 1 instances are added
19/09 16:07:54:569 com.sun.messaging.jms.JMSException: [C4003]: Error occurred on connection creation [10.32.62.98:7676]. - cause: java.net.ConnectException: Connection timed out: connect
19/09 16:07:54:570 Consumer was closed, reconnect.
19/09 16:07:54:679 Total 0 instances are started
19/09 16:07:54:680 Total 1 instances are added
19/09 16:08:15:697 com.sun.messaging.jms.JMSException: [C4003]: Error occurred on connection creation [10.32.62.98:7676]. - cause: java.net.ConnectException: Connection timed out: connect
19/09 16:08:15:697 Consumer was closed, reconnect.
19/09 16:08:15:806 Total 0 instances are started
19/09 16:08:15:807 Total 1 instances are added
19/09 16:08:36:832 com.sun.messaging.jms.JMSException: [C4003]: Error occurred on connection creation [10.32.62.98:7676]. - cause: java.net.ConnectException: Connection timed out: connect
19/09 16:08:36:832 Consumer was closed, reconnect.
19/09 16:08:36:936 Total 0 instances are started
19/09 16:08:36:936 Total 1 instances are added
19/09 16:08:57:969 com.sun.messaging.jms.JMSException: [C4003]: Error occurred on connection creation [10.32.62.98:7676]. - cause: java.net.ConnectException: Connection timed out: connect
19/09 16:08:57:970 Consumer was closed, reconnect.
19/09 16:08:58:077 Total 0 instances are started
19/09 16:08:58:078 Total 1 instances are added
19/09 16:18:55:922 Command Routing started
19/09 16:18:55:953 Starting process session
19/09 16:18:56:109 Total 0 instances are started
19/09 16:18:56:109 Total 1 instances are added
19/09 16:19:17:715 84922000514: CRM - LOYALTY.VALIDATE
19/09 16:19:17:949 84922000514: CCWS - LOYALTY.LOYATY_MODIFY_BALANCE
19/09 16:19:36:529 84922000514: CRM - LOYALTY.UPDATE_DB
19/09 16:20:23:099 84922000514: CCWS - LOYALTY_MB_RB
19/09 16:20:23:108 84922000514: SMSC - SMSC.SEND_SMS
19/09 16:25:14:174 84922000514: CRM - LOYALTY.VALIDATE
19/09 16:25:14:270 84922000514: CCWS - LOYALTY.LOYATY_MODIFY_BALANCE
19/09 16:25:36:474 84922000514: CRM - LOYALTY.UPDATE_DB
19/09 16:26:02:198 84922000514: CCWS - LOYALTY_MB_RB
19/09 16:26:02:208 84922000514: SMSC - SMSC.SEND_SMS
19/09 16:42:46:201 Command Routing started
19/09 16:42:46:237 Starting process session
19/09 16:42:46:397 Total 0 instances are started
19/09 16:42:46:399 Total 1 instances are added
19/09 16:43:00:219 84922000514: CRM - LOYALTY.VALIDATE
19/09 16:43:15:514 84922000514: CRM - LOYALTY.VALIDATE
19/09 16:43:15:631 84922000514: CCWS - LOYALTY.LOYATY_MODIFY_BALANCE
19/09 16:43:15:761 84922000514: CRM - LOYALTY.UPDATE_DB
19/09 16:43:15:849 84922000514: SMSC - SMSC.SEND_SMS
