10/09 08:34:47:980 Command Routing started
10/09 08:34:48:193 Starting process session
10/09 08:34:49:574 Total 0 instances are started
10/09 08:34:49:575 Total 1 instances are added
10/09 08:35:13:220 com.sun.messaging.jms.JMSException: [C4003]: Error occurred on connection creation [10.32.62.63:7676]. - cause: java.net.ConnectException: Connection timed out: connect
10/09 08:35:13:221 Consumer was closed, reconnect.
10/09 08:35:13:329 Total 0 instances are started
10/09 08:35:13:330 Total 1 instances are added
10/09 08:35:34:385 com.sun.messaging.jms.JMSException: [C4003]: Error occurred on connection creation [10.32.62.63:7676]. - cause: java.net.ConnectException: Connection timed out: connect
10/09 08:35:34:386 Consumer was closed, reconnect.
10/09 08:35:34:490 Total 0 instances are started
10/09 08:35:34:492 Total 1 instances are added
10/09 08:35:55:517 com.sun.messaging.jms.JMSException: [C4003]: Error occurred on connection creation [10.32.62.63:7676]. - cause: java.net.ConnectException: Connection timed out: connect
10/09 08:35:55:525 Consumer was closed, reconnect.
10/09 08:35:55:629 Total 0 instances are started
10/09 08:35:55:630 Total 1 instances are added
10/09 08:36:16:651 com.sun.messaging.jms.JMSException: [C4003]: Error occurred on connection creation [10.32.62.63:7676]. - cause: java.net.ConnectException: Connection timed out: connect
10/09 08:36:16:652 Consumer was closed, reconnect.
10/09 08:36:16:759 Total 0 instances are started
10/09 08:36:16:761 Total 1 instances are added
10/09 08:36:37:787 com.sun.messaging.jms.JMSException: [C4003]: Error occurred on connection creation [10.32.62.63:7676]. - cause: java.net.ConnectException: Connection timed out: connect
10/09 08:36:37:788 Consumer was closed, reconnect.
10/09 08:36:37:897 Total 0 instances are started
10/09 08:36:37:898 Total 1 instances are added
10/09 08:36:58:931 com.sun.messaging.jms.JMSException: [C4003]: Error occurred on connection creation [10.32.62.63:7676]. - cause: java.net.ConnectException: Connection timed out: connect
10/09 08:36:58:933 Consumer was closed, reconnect.
10/09 08:36:59:038 Total 0 instances are started
10/09 08:36:59:041 Total 1 instances are added
10/09 08:37:20:081 com.sun.messaging.jms.JMSException: [C4003]: Error occurred on connection creation [10.32.62.63:7676]. - cause: java.net.ConnectException: Connection timed out: connect
10/09 08:37:20:082 Consumer was closed, reconnect.
10/09 08:37:20:186 Total 0 instances are started
10/09 08:37:20:187 Total 1 instances are added
10/09 08:37:41:219 com.sun.messaging.jms.JMSException: [C4003]: Error occurred on connection creation [10.32.62.63:7676]. - cause: java.net.ConnectException: Connection timed out: connect
10/09 08:37:41:220 Consumer was closed, reconnect.
10/09 08:37:41:321 Total 0 instances are started
10/09 08:37:41:322 Total 1 instances are added
10/09 08:38:02:345 com.sun.messaging.jms.JMSException: [C4003]: Error occurred on connection creation [10.32.62.63:7676]. - cause: java.net.ConnectException: Connection timed out: connect
10/09 08:38:02:346 Consumer was closed, reconnect.
10/09 08:38:02:451 Total 0 instances are started
10/09 08:38:02:452 Total 1 instances are added
10/09 08:38:23:464 com.sun.messaging.jms.JMSException: [C4003]: Error occurred on connection creation [10.32.62.63:7676]. - cause: java.net.ConnectException: Connection timed out: connect
10/09 08:38:23:465 Consumer was closed, reconnect.
10/09 08:38:23:573 Total 0 instances are started
10/09 08:38:23:574 Total 1 instances are added
10/09 08:38:44:604 com.sun.messaging.jms.JMSException: [C4003]: Error occurred on connection creation [10.32.62.63:7676]. - cause: java.net.ConnectException: Connection timed out: connect
10/09 08:38:44:605 Consumer was closed, reconnect.
10/09 08:38:44:714 Total 0 instances are started
10/09 08:38:44:715 Total 1 instances are added
10/09 08:39:10:662 Command Routing started
10/09 08:39:10:684 Starting process session
10/09 08:39:12:027 Total 0 instances are started
10/09 08:39:12:028 Total 1 instances are added
10/09 08:39:43:812 84922000514: CRM - LOYALTY.VALIDATE
10/09 08:39:43:972 84922000514: CRM - LOYALTY.UPDATE_DB
10/09 08:39:44:096 84922000514: CCWS - LOYALTY.LOYATY_MODIFY_BALANCE
10/09 08:39:44:896 84922000514: SMSC - SMSC.SEND_SMS
10/09 08:41:12:294 Command Routing started
10/09 08:41:12:390 Starting process session
10/09 08:41:15:491 Total 0 instances are started
10/09 08:41:15:492 Total 1 instances are added
10/09 08:41:48:959 84922000514: CRM - LOYALTY.VALIDATE
10/09 08:41:49:049 84922000514: CRM - LOYALTY.UPDATE_DB
10/09 08:41:49:161 84922000514: CCWS - LOYALTY.LOYATY_MODIFY_BALANCE
10/09 08:41:49:254 84922000514: SMSC - SMSC.SEND_SMS
10/09 08:46:49:659 Command Routing started
10/09 08:46:49:746 Starting process session
10/09 08:46:51:492 Total 0 instances are started
10/09 08:46:51:495 Total 1 instances are added
10/09 08:47:24:724 84922000514: CRM - LOYALTY.VALIDATE
10/09 08:47:24:857 84922000514: CRM - LOYALTY.UPDATE_DB
10/09 08:47:24:977 84922000514: CCWS - LOYALTY.LOYATY_MODIFY_BALANCE
10/09 08:47:25:067 84922000514: SMSC - SMSC.SEND_SMS
10/09 08:48:33:925 84922000514: CRM - LOYALTY.VALIDATE
10/09 08:48:33:963 84922000514: CRM - LOYALTY.UPDATE_DB
10/09 08:48:34:092 84922000514: CCWS - LOYALTY.LOYATY_MODIFY_BALANCE
10/09 08:48:34:179 84922000514: SMSC - SMSC.SEND_SMS
10/09 08:55:21:576 Command Routing started
10/09 08:55:21:619 Starting process session
10/09 08:55:25:368 Total 0 instances are started
10/09 08:55:25:369 Total 1 instances are added
10/09 08:56:00:272 84922000514: CRM - LOYALTY.VALIDATE
10/09 08:56:00:372 84922000514: CRM - LOYALTY.UPDATE_DB
10/09 08:56:00:495 84922000514: CCWS - LOYALTY.LOYATY_MODIFY_BALANCE
10/09 08:56:00:586 84922000514: SMSC - SMSC.SEND_SMS
10/09 09:03:24:399 Command Routing started
10/09 09:03:24:443 Starting process session
10/09 09:03:28:054 Total 0 instances are started
10/09 09:03:28:054 Total 1 instances are added
10/09 09:04:01:227 84922000514: CRM - LOYALTY.VALIDATE
10/09 09:04:01:356 84922000514: CRM - LOYALTY.UPDATE_DB
10/09 09:04:01:481 84922000514: CCWS - LOYALTY.LOYATY_MODIFY_BALANCE
10/09 09:04:25:943 84922000514: SMSC - SMSC.SEND_SMS
10/09 09:05:07:235 Close queue connection pool.
10/09 09:05:07:241 End of process session
10/09 09:05:07:242 Command Routing stopped
10/09 09:05:09:167 Command Routing started
10/09 09:05:09:188 Starting process session
10/09 09:05:09:302 Total 0 instances are started
10/09 09:05:09:303 Total 1 instances are added
10/09 09:05:19:505 84922000514: CRM - LOYALTY.VALIDATE
10/09 09:05:19:571 84922000514: CRM - LOYALTY.UPDATE_DB
10/09 09:05:19:692 84922000514: CCWS - LOYALTY.LOYATY_MODIFY_BALANCE
10/09 09:06:53:675 84922000514: CRM - LOYALTY.VALIDATE
10/09 09:06:53:740 84922000514: CRM - LOYALTY.UPDATE_DB
10/09 09:06:53:858 84922000514: CCWS - LOYALTY.LOYATY_MODIFY_BALANCE
10/09 09:10:56:930 Command Routing started
10/09 09:10:56:982 Starting process session
10/09 09:11:00:906 Total 0 instances are started
10/09 09:11:00:907 Total 1 instances are added
10/09 09:11:04:965 84922000514: SMSC - SMSC.SEND_SMS
10/09 09:11:05:056 84922000514: SMSC - SMSC.SEND_SMS
10/09 09:11:56:244 84922000514: CRM - LOYALTY.VALIDATE
10/09 09:11:56:415 84922000514: CRM - LOYALTY.UPDATE_DB
10/09 09:11:56:537 84922000514: CCWS - LOYALTY.LOYATY_MODIFY_BALANCE
10/09 09:12:43:235 84922000514: CRM - LOYALTY.VALIDATE
10/09 09:12:43:373 84922000514: CRM - LOYALTY.UPDATE_DB
10/09 09:13:14:554 84922000514: CCWS - LOYALTY.LOYATY_MODIFY_BALANCE
10/09 09:13:38:452 Command Routing started
10/09 09:13:38:474 Starting process session
10/09 09:13:42:602 Total 0 instances are started
10/09 09:13:42:603 Total 1 instances are added
10/09 09:13:51:377 84922000514: SMSC - SMSC.SEND_SMS
10/09 09:13:51:738 84922000514: SMSC - SMSC.SEND_SMS
10/09 09:14:13:889 Command Routing started
10/09 09:14:13:985 Starting process session
10/09 09:14:18:038 Total 0 instances are started
10/09 09:14:18:039 Total 1 instances are added
10/09 09:15:05:083 84922000514: CRM - LOYALTY.VALIDATE
10/09 09:15:05:201 84922000514: CRM - LOYALTY.UPDATE_DB
10/09 09:15:32:704 84922000514: CCWS - LOYALTY.LOYATY_MODIFY_BALANCE
10/09 09:15:59:034 Command Routing started
10/09 09:15:59:117 Starting process session
10/09 09:16:01:473 Total 0 instances are started
10/09 09:16:01:473 Total 1 instances are added
10/09 09:16:05:684 84922000514: SMSC - SMSC.SEND_SMS
10/09 09:16:46:084 84922000514: CRM - LOYALTY.VALIDATE
10/09 09:16:46:195 84922000514: CRM - LOYALTY.UPDATE_DB
10/09 09:16:46:318 84922000514: CCWS - LOYALTY.LOYATY_MODIFY_BALANCE
10/09 09:18:27:045 84922000514: CRM - LOYALTY.VALIDATE
10/09 09:18:27:174 84922000514: CRM - LOYALTY.UPDATE_DB
10/09 09:18:27:295 84922000514: CCWS - LOYALTY.LOYATY_MODIFY_BALANCE
10/09 09:25:21:292 84922000514: SMSC - SMSC.SEND_SMS
10/09 09:25:21:327 84922000514: SMSC - SMSC.SEND_SMS
10/09 09:27:53:877 Command Routing started
10/09 09:27:53:971 Starting process session
10/09 09:27:57:889 Total 0 instances are started
10/09 09:27:57:889 Total 1 instances are added
10/09 09:29:09:985 84922000514: CRM - LOYALTY.VALIDATE
10/09 09:29:10:128 84922000514: CRM - LOYALTY.UPDATE_DB
10/09 09:29:17:165 84922000514: CCWS - LOYALTY.LOYATY_MODIFY_BALANCE
10/09 09:30:27:890 Command Routing started
10/09 09:30:27:942 Starting process session
10/09 09:30:28:879 Total 0 instances are started
10/09 09:30:28:880 Total 1 instances are added
10/09 09:31:22:970 84922000514: CRM - LOYALTY.VALIDATE
10/09 09:31:23:084 84922000514: CRM - LOYALTY.UPDATE_DB
10/09 09:31:31:611 84922000514: CCWS - LOYALTY.LOYATY_MODIFY_BALANCE
10/09 09:37:28:254 Command Routing started
10/09 09:37:28:303 Starting process session
10/09 09:37:30:350 Total 0 instances are started
10/09 09:37:30:350 Total 1 instances are added
10/09 09:38:30:104 84922000514: CRM - LOYALTY.VALIDATE
10/09 09:38:30:210 84922000514: CRM - LOYALTY.UPDATE_DB
10/09 09:38:30:333 84922000514: CCWS - LOYALTY.LOYATY_MODIFY_BALANCE
10/09 09:38:56:329 84922000514: SMSC - SMSC.SEND_SMS
10/09 09:45:02:924 Command Routing started
10/09 09:45:02:967 Starting process session
10/09 09:45:06:509 Total 0 instances are started
10/09 09:45:06:509 Total 1 instances are added
10/09 09:53:44:158 84922000514: CRM - LOYALTY.VALIDATE
10/09 09:53:44:299 84922000514: CRM - LOYALTY.UPDATE_DB
10/09 09:53:44:431 84922000514: CCWS - LOYALTY.LOYATY_MODIFY_BALANCE
10/09 09:55:12:410 84922000514: SMSC - SMSC.SEND_SMS
10/09 09:56:36:211 Close queue connection pool.
10/09 09:56:36:218 End of process session
10/09 09:56:36:220 Command Routing stopped
10/09 09:56:38:152 Command Routing started
10/09 09:56:38:172 Starting process session
10/09 09:56:38:296 Total 0 instances are started
10/09 09:56:38:299 Total 1 instances are added
10/09 09:57:08:600 84922000514: CRM - LOYALTY.VALIDATE
10/09 09:57:08:671 84922000514: CRM - LOYALTY.UPDATE_DB
10/09 09:57:08:792 84922000514: CCWS - LOYALTY.LOYATY_MODIFY_BALANCE
10/09 09:58:01:601 84922000514: SMSC - SMSC.SEND_SMS
10/09 10:01:43:674 Command Routing started
10/09 10:01:43:842 Starting process session
10/09 10:01:47:414 Total 0 instances are started
10/09 10:01:47:414 Total 1 instances are added
10/09 10:03:09:598 84922000514: CRM - LOYALTY.VALIDATE
10/09 10:03:09:677 84922000514: CRM - LOYALTY.UPDATE_DB
10/09 10:03:09:797 84922000514: CCWS - LOYALTY.LOYATY_MODIFY_BALANCE
10/09 10:04:03:720 84922000514: SMSC - SMSC.SEND_SMS
10/09 10:04:23:500 Close queue connection pool.
10/09 10:04:23:506 End of process session
10/09 10:04:23:506 Command Routing stopped
10/09 10:04:25:421 Command Routing started
10/09 10:04:25:445 Starting process session
10/09 10:04:25:562 Total 0 instances are started
10/09 10:04:25:563 Total 1 instances are added
10/09 10:05:36:334 Command Routing started
10/09 10:05:36:399 Starting process session
10/09 10:05:40:247 Total 0 instances are started
10/09 10:05:40:247 Total 1 instances are added
10/09 10:06:16:192 84922000514: CRM - LOYALTY.VALIDATE
10/09 10:06:16:253 84922000514: CRM - LOYALTY.UPDATE_DB
10/09 10:06:34:083 84922000514: CCWS - LOYALTY.LOYATY_MODIFY_BALANCE
10/09 10:07:54:578 84922000514: CRM - LOYALTY.VALIDATE
10/09 10:07:54:738 84922000514: CRM - LOYALTY.UPDATE_DB
10/09 10:08:48:769 84922000514: CCWS - LOYALTY.LOYATY_MODIFY_BALANCE
10/09 10:17:07:757 Command Routing started
10/09 10:17:07:776 Starting process session
10/09 10:17:11:608 Total 0 instances are started
10/09 10:17:11:609 Total 1 instances are added
10/09 10:17:47:537 84922000514: CRM - LOYALTY.VALIDATE
10/09 10:17:47:653 84922000514: CRM - LOYALTY.UPDATE_DB
10/09 10:17:59:859 84922000514: CCWS - LOYALTY.LOYATY_MODIFY_BALANCE
10/09 10:19:19:459 Close queue connection pool.
10/09 10:19:19:472 End of process session
10/09 10:19:19:473 Command Routing stopped
10/09 10:19:21:392 Command Routing started
10/09 10:19:21:415 Starting process session
10/09 10:19:21:542 Total 0 instances are started
10/09 10:19:21:548 Total 1 instances are added
10/09 10:20:16:150 84922000514: CRM - LOYALTY.VALIDATE
10/09 10:20:16:338 84922000514: CRM - LOYALTY.UPDATE_DB
10/09 10:20:22:333 84922000514: CCWS - LOYALTY.LOYATY_MODIFY_BALANCE
10/09 10:23:22:779 84922000514: SMSC - SMSC.SEND_SMS
10/09 10:23:40:965 84922000514: CRM - LOYALTY.VALIDATE
10/09 10:23:41:012 84922000514: CRM - LOYALTY.UPDATE_DB
10/09 10:23:56:410 84922000514: CCWS - LOYALTY.LOYATY_MODIFY_BALANCE
10/09 10:24:40:990 84922000514: CRM - LOYALTY.VALIDATE
10/09 10:24:41:032 84922000514: CRM - LOYALTY.UPDATE_DB
10/09 10:24:50:153 84922000514: CCWS - LOYALTY.LOYATY_MODIFY_BALANCE
10/09 10:31:55:950 84922000514: SMSC - SMSC.SEND_SMS
10/09 10:32:05:290 84922000514: SMSC - SMSC.SEND_SMS
10/09 10:32:05:294 84922000514: SMSC - SMSC.SEND_SMS
10/09 10:32:07:737 84922000514: SMSC - SMSC.SEND_SMS
10/09 10:32:09:887 84922000514: SMSC - SMSC.SEND_SMS
10/09 10:32:10:453 84922000514: SMSC - SMSC.SEND_SMS
10/09 10:32:11:066 84922000514: SMSC - SMSC.SEND_SMS
10/09 10:32:11:593 84922000514: SMSC - SMSC.SEND_SMS
10/09 10:32:15:508 84922000514: SMSC - SMSC.SEND_SMS
10/09 10:33:01:355 84922000514: CRM - LOYALTY.VALIDATE
10/09 10:33:01:502 84922000514: CRM - LOYALTY.UPDATE_DB
10/09 10:33:15:268 84922000514: CCWS - LOYALTY.LOYATY_MODIFY_BALANCE
10/09 10:34:13:517 84922000514: CRM - LOYALTY.VALIDATE
10/09 10:34:13:552 84922000514: CRM - LOYALTY.UPDATE_DB
10/09 10:37:07:169 84922000514: SMSC - SMSC.SEND_SMS
10/09 10:37:15:023 84922000514: SMSC - SMSC.SEND_SMS
10/09 10:37:17:730 84922000514: SMSC - SMSC.SEND_SMS
10/09 10:37:21:482 84922000514: SMSC - SMSC.SEND_SMS
10/09 10:37:22:482 84922000514: SMSC - SMSC.SEND_SMS
10/09 10:37:22:597 84922000514: SMSC - SMSC.SEND_SMS
10/09 10:37:22:839 84922000514: CCWS - LOYALTY.LOYATY_MODIFY_BALANCE
10/09 10:37:23:145 84922000514: SMSC - SMSC.SEND_SMS
10/09 10:37:33:596 84922000514: CRM - LOYALTY.VALIDATE
10/09 10:37:33:672 84922000514: CRM - LOYALTY.UPDATE_DB
10/09 10:37:41:456 84922000514: CCWS - LOYALTY.LOYATY_MODIFY_BALANCE
10/09 10:39:16:459 84922000514: SMSC - SMSC.SEND_SMS
10/09 10:39:17:709 84922000514: SMSC - SMSC.SEND_SMS
10/09 10:39:29:771 84922000514: CRM - LOYALTY.VALIDATE
10/09 10:39:29:859 84922000514: CRM - LOYALTY.UPDATE_DB
10/09 10:39:38:998 84922000514: CCWS - LOYALTY.LOYATY_MODIFY_BALANCE
10/09 10:53:59:984 84922000514: SMSC - SMSC.SEND_SMS
10/09 10:54:05:625 84922000514: SMSC - SMSC.SEND_SMS
10/09 10:57:08:898 Command Routing started
10/09 10:57:08:991 Starting process session
10/09 10:57:12:053 Total 0 instances are started
10/09 10:57:12:055 Total 1 instances are added
10/09 11:47:04:577 84922000514: CRM - LOYALTY.VALIDATE
10/09 11:47:04:731 84922000514: CRM - LOYALTY.UPDATE_DB
10/09 11:47:04:769 84922000514: CCWS - LOYALTY.LOYATY_MODIFY_BALANCE
10/09 11:51:18:798 84922000514: SMSC - SMSC.SEND_SMS
10/09 12:09:21:298 Command Routing started
10/09 12:09:21:385 Starting process session
10/09 12:09:22:498 Total 0 instances are started
10/09 12:09:22:498 Total 1 instances are added
10/09 12:10:18:073 84922000514: CRM - LOYALTY.VALIDATE
10/09 12:10:18:176 84922000514: CRM - LOYALTY.UPDATE_DB
10/09 12:10:18:296 84922000514: CCWS - LOYALTY.LOYATY_MODIFY_BALANCE
10/09 12:10:53:264 84922000514: CRM - LOYALTY.VALIDATE
10/09 12:10:53:389 84922000514: CRM - LOYALTY.UPDATE_DB
10/09 12:10:53:511 84922000514: CCWS - LOYALTY.LOYATY_MODIFY_BALANCE
10/09 12:11:58:317 84922000514: CRM - LOYALTY.REDEEM_RB
10/09 12:11:58:322 84922000514: SMSC - SMSC.SEND_SMS
10/09 12:11:58:325 84922000514: CRM - LOYALTY.REDEEM_RB
10/09 12:11:58:342 84922000514: SMSC - SMSC.SEND_SMS
10/09 12:13:14:390 84922000514: CRM - LOYALTY.VALIDATE
10/09 12:13:14:415 84922000514: CRM - LOYALTY.UPDATE_DB
10/09 12:13:14:526 84922000514: CCWS - LOYALTY.LOYATY_MODIFY_BALANCE
10/09 12:14:13:364 84922000514: CRM - LOYALTY.REDEEM_RB
10/09 12:14:13:368 84922000514: SMSC - SMSC.SEND_SMS
10/09 12:16:17:516 84922000514: CRM - LOYALTY.VALIDATE
10/09 12:17:12:601 84922000514: CRM - LOYALTY.UPDATE_DB
10/09 12:17:12:723 84922000514: CCWS - LOYALTY.LOYATY_MODIFY_BALANCE
10/09 12:17:12:810 84922000514: CRM - LOYALTY.REDEEM_RB
10/09 12:17:12:836 84922000514: SMSC - SMSC.SEND_SMS
10/09 12:20:29:579 Close queue connection pool.
10/09 12:20:29:583 End of process session
10/09 12:20:29:583 Command Routing stopped
10/09 12:20:31:499 Command Routing started
10/09 12:20:31:527 Starting process session
10/09 12:20:31:644 Total 0 instances are started
10/09 12:20:31:646 Total 1 instances are added
10/09 12:21:36:882 84922000514: CRM - LOYALTY.VALIDATE
10/09 12:21:36:961 84922000514: CRM - LOYALTY.UPDATE_DB
10/09 12:21:37:080 84922000514: CCWS - LOYALTY.LOYATY_MODIFY_BALANCE
10/09 12:22:20:897 84922000514: CRM - LOYALTY.REDEEM_RB
10/09 12:22:20:912 84922000514: SMSC - SMSC.SEND_SMS
10/09 12:22:44:953 84922000514: CRM - LOYALTY.VALIDATE
10/09 12:22:45:069 84922000514: CRM - LOYALTY.UPDATE_DB
10/09 12:22:45:187 84922000514: CCWS - LOYALTY.LOYATY_MODIFY_BALANCE
10/09 12:23:32:967 84922000514: CRM - LOYALTY.REDEEM_RB
10/09 12:23:32:999 84922000514: SMSC - SMSC.SEND_SMS
10/09 12:25:17:083 84922000514: CRM - LOYALTY.VALIDATE
10/09 12:26:20:051 84922000514: CRM - LOYALTY.UPDATE_DB
10/09 12:26:20:157 84922000514: CCWS - LOYALTY.LOYATY_MODIFY_BALANCE
10/09 12:26:20:205 84922000514: CRM - LOYALTY.REDEEM_RB
10/09 12:26:20:230 84922000514: SMSC - SMSC.SEND_SMS
10/09 12:27:27:134 84922000514: CRM - LOYALTY.VALIDATE
10/09 12:27:36:177 84922000514: CRM - LOYALTY.UPDATE_DB
10/09 12:27:36:294 84922000514: CCWS - LOYALTY.LOYATY_MODIFY_BALANCE
10/09 12:27:36:413 84922000514: CRM - LOYALTY.REDEEM_RB
10/09 12:27:36:419 84922000514: SMSC - SMSC.SEND_SMS
10/09 12:28:53:300 84922000514: CRM - LOYALTY.VALIDATE
10/09 12:29:04:287 84922000514: CRM - LOYALTY.UPDATE_DB
10/09 12:29:04:406 84922000514: CCWS - LOYALTY.LOYATY_MODIFY_BALANCE
10/09 12:29:04:522 84922000514: CRM - LOYALTY.REDEEM_RB
10/09 12:29:04:548 84922000514: SMSC - SMSC.SEND_SMS
10/09 12:30:39:407 84922000514: CRM - LOYALTY.VALIDATE
10/09 12:30:39:513 84922000514: CRM - LOYALTY.UPDATE_DB
10/09 12:30:39:623 84922000514: CCWS - LOYALTY.LOYATY_MODIFY_BALANCE
10/09 12:31:07:464 84922000514: CRM - LOYALTY.REDEEM_RB
10/09 12:31:07:470 84922000514: SMSC - SMSC.SEND_SMS
10/09 12:38:06:352 Close queue connection pool.
10/09 12:38:06:360 End of process session
10/09 12:38:06:361 Command Routing stopped
10/09 12:38:08:273 Command Routing started
10/09 12:38:08:300 Starting process session
10/09 12:38:08:428 Total 0 instances are started
10/09 12:38:08:430 Total 1 instances are added
10/09 12:38:52:755 84922000514: CRM - LOYALTY.VALIDATE
10/09 14:34:43:858 Command Routing started
10/09 14:34:44:097 Starting process session
10/09 14:34:47:565 Total 0 instances are started
10/09 14:34:47:565 Total 1 instances are added
10/09 14:34:49:428 84922000514: CRM - LOYALTY.UPDATE_DB
10/09 14:34:50:001 84922000514: CCWS - LOYALTY.LOYATY_MODIFY_BALANCE
10/09 14:34:52:914 84922000514: CRM - LOYALTY.REDEEM_RB
10/09 14:34:52:923 84922000514: SMSC - SMSC.SEND_SMS
10/09 14:35:38:861 84922000514: CRM - LOYALTY.VALIDATE
10/09 14:35:38:898 84922000514: CRM - LOYALTY.UPDATE_DB
10/09 14:35:39:017 84922000514: CCWS - LOYALTY.LOYATY_MODIFY_BALANCE
10/09 14:36:17:725 84922000514: CRM - LOYALTY.REDEEM_RB
10/09 14:36:17:740 84922000514: SMSC - SMSC.SEND_SMS
10/09 14:40:02:905 84922000514: CRM - LOYALTY.VALIDATE
10/09 14:40:03:011 84922000514: CRM - LOYALTY.UPDATE_DB
10/09 14:40:03:139 84922000514: CCWS - LOYALTY.LOYATY_MODIFY_BALANCE
10/09 14:41:41:096 84922000514: CRM - LOYALTY.REDEEM_RB
10/09 14:41:41:104 84922000514: CCWS - LOYALTY_MB_RB
10/09 14:43:31:154 84922000514: CRM - LOYALTY.VALIDATE
10/09 14:43:31:233 84922000514: CRM - LOYALTY.UPDATE_DB
10/09 14:43:31:341 84922000514: CCWS - LOYALTY.LOYATY_MODIFY_BALANCE
10/09 14:44:09:428 84922000514: SMSC - SMSC.SEND_SMS
10/09 14:45:02:364 84922000514: CRM - LOYALTY.VALIDATE
10/09 14:45:02:462 84922000514: CRM - LOYALTY.UPDATE_DB
10/09 14:45:02:572 84922000514: CCWS - LOYALTY.LOYATY_MODIFY_BALANCE
10/09 14:45:38:451 84922000514: CRM - LOYALTY.REDEEM_RB
10/09 14:45:38:456 84922000514: CCWS - LOYALTY_MB_RB
10/09 14:51:31:553 Close queue connection pool.
10/09 14:51:31:559 End of process session
10/09 14:51:31:561 Command Routing stopped
10/09 14:51:33:487 Command Routing started
10/09 14:51:33:511 Starting process session
10/09 14:51:33:648 Total 0 instances are started
10/09 14:51:33:649 Total 1 instances are added
10/09 14:53:31:688 Close queue connection pool.
10/09 14:53:31:694 End of process session
10/09 14:53:31:695 Command Routing stopped
10/09 14:53:33:619 Command Routing started
10/09 14:53:33:640 Starting process session
10/09 14:53:33:793 Total 0 instances are started
10/09 14:53:33:794 Total 1 instances are added
10/09 14:53:39:089 84922000514: CRM - LOYALTY.VALIDATE
10/09 14:53:39:165 84922000514: CRM - LOYALTY.UPDATE_DB
10/09 14:53:39:282 84922000514: CCWS - LOYALTY.LOYATY_MODIFY_BALANCE
10/09 14:54:32:069 84922000514: CRM - LOYALTY.REDEEM_RB
10/09 14:54:32:074 84922000514: CCWS - LOYALTY_MB_RB
10/09 14:58:56:137 84922000514: CRM - LOYALTY.VALIDATE
10/09 14:58:56:246 84922000514: CRM - LOYALTY.UPDATE_DB
10/09 14:58:56:373 84922000514: CCWS - LOYALTY.LOYATY_MODIFY_BALANCE
10/09 14:58:56:556 84922000514: SMSC - SMSC.SEND_SMS
10/09 14:59:58:175 84922000514: CRM - LOYALTY.VALIDATE
10/09 14:59:58:212 84922000514: CRM - LOYALTY.UPDATE_DB
10/09 14:59:58:329 84922000514: CCWS - LOYALTY.LOYATY_MODIFY_BALANCE
10/09 15:00:43:362 84922000514: SMSC - SMSC.SEND_SMS
10/09 15:01:18:339 84922000514: CRM - LOYALTY.VALIDATE
10/09 15:01:18:459 84922000514: CRM - LOYALTY.UPDATE_DB
10/09 15:01:18:578 84922000514: CCWS - LOYALTY.LOYATY_MODIFY_BALANCE
10/09 15:01:51:336 84922000514: CRM - LOYALTY.REDEEM_RB
10/09 15:01:51:342 84922000514: SMSC - SMSC.SEND_SMS
10/09 15:11:47:428 84922000514: CRM - LOYALTY.VALIDATE
10/09 15:11:47:464 84922000514: CRM - LOYALTY.UPDATE_DB
10/09 15:11:47:590 84922000514: CCWS - LOYALTY.LOYATY_MODIFY_BALANCE
10/09 15:12:38:465 84922000514: CRM - LOYALTY.REDEEM_RB
10/09 15:12:38:490 84922000514: SMSC - SMSC.SEND_SMS
10/09 15:13:25:633 84922000514: CRM - LOYALTY.VALIDATE
10/09 15:13:25:710 84922000514: CRM - LOYALTY.UPDATE_DB
10/09 15:13:25:827 84922000514: CCWS - LOYALTY.LOYATY_MODIFY_BALANCE
10/09 15:14:05:644 84922000514: CRM - LOYALTY.REDEEM_RB
10/09 15:14:05:652 84922000514: CCWS - LOYALTY_MB_RB
10/09 15:16:38:672 84922000514: CRM - LOYALTY.VALIDATE
10/09 15:16:38:749 84922000514: CRM - LOYALTY.UPDATE_DB
10/09 15:16:38:867 84922000514: CCWS - LOYALTY.LOYATY_MODIFY_BALANCE
10/09 15:17:08:716 84922000514: CRM - LOYALTY.REDEEM_RB
10/09 15:17:08:722 84922000514: CCWS - LOYALTY_MB_RB
10/09 15:19:41:745 Command Routing started
10/09 15:19:41:765 Starting process session
10/09 15:19:43:050 Total 0 instances are started
10/09 15:19:43:050 Total 1 instances are added
10/09 15:20:40:869 84922000514: CRM - LOYALTY.VALIDATE
10/09 15:20:40:909 84922000514: CCWS - LOYALTY.LOYATY_MODIFY_BALANCE
10/09 15:21:58:975 84922000514: CRM - LOYALTY.UPDATE_DB
10/09 15:21:59:098 84922000514: CCWS - LOYALTY_MB_RB
10/09 15:21:59:104 84922000514: CRM - LOYALTY.REDEEM_RB
10/09 15:25:28:475 Command Routing started
10/09 15:25:28:496 Starting process session
10/09 15:25:32:596 Total 0 instances are started
10/09 15:25:32:600 Total 1 instances are added
10/09 15:26:53:776 84922000514: CRM - LOYALTY.VALIDATE
10/09 15:26:53:835 84922000514: CCWS - LOYALTY.LOYATY_MODIFY_BALANCE
10/09 15:27:31:733 84922000514: CRM - LOYALTY.UPDATE_DB
10/09 15:27:31:794 84922000514: CCWS - LOYALTY_MB_RB
10/09 15:27:31:803 84922000514: CRM - LOYALTY.REDEEM_RB
10/09 15:29:24:746 84922000514: CRM - LOYALTY.VALIDATE
10/09 15:29:24:805 84922000514: CCWS - LOYALTY.LOYATY_MODIFY_BALANCE
10/09 15:29:54:827 84922000514: CRM - LOYALTY.UPDATE_DB
10/09 15:29:54:940 84922000514: CCWS - LOYALTY_MB_RB
10/09 15:29:54:947 84922000514: CRM - LOYALTY.REDEEM_RB
10/09 15:32:32:937 84922000514: CRM - LOYALTY.VALIDATE
10/09 15:32:33:069 84922000514: CCWS - LOYALTY.LOYATY_MODIFY_BALANCE
10/09 15:33:16:933 84922000514: CRM - LOYALTY.UPDATE_DB
10/09 15:33:17:079 84922000514: CCWS - LOYALTY_MB_RB
10/09 15:33:17:087 84922000514: CRM - LOYALTY.REDEEM_RB
10/09 15:38:08:421 Command Routing started
10/09 15:38:08:516 Starting process session
10/09 15:38:12:194 Total 0 instances are started
10/09 15:38:12:195 Total 1 instances are added
10/09 15:39:01:198 84922000514: CRM - LOYALTY.VALIDATE
10/09 15:39:01:343 84922000514: CCWS - LOYALTY.LOYATY_MODIFY_BALANCE
10/09 15:39:23:468 84922000514: CRM - LOYALTY.UPDATE_DB
10/09 15:39:23:575 84922000514: CCWS - LOYALTY_MB_RB
10/09 15:39:23:579 84922000514: CRM - LOYALTY.REDEEM_RB
10/09 15:42:06:620 Command Routing started
10/09 15:42:06:709 Starting process session
10/09 15:42:10:511 Total 0 instances are started
10/09 15:42:10:512 Total 1 instances are added
10/09 15:42:54:379 Close queue connection pool.
10/09 15:42:54:385 End of process session
10/09 15:42:54:386 Command Routing stopped
10/09 15:42:56:307 Command Routing started
10/09 15:42:56:326 Starting process session
10/09 15:42:56:445 Total 0 instances are started
10/09 15:42:56:447 Total 1 instances are added
10/09 15:43:39:501 Close queue connection pool.
10/09 15:43:39:511 End of process session
10/09 15:43:39:512 Command Routing stopped
10/09 15:43:41:428 Command Routing started
10/09 15:43:41:449 Starting process session
10/09 15:43:41:563 Total 0 instances are started
10/09 15:43:41:564 Total 1 instances are added
10/09 15:44:04:762 84922000514: CRM - LOYALTY.VALIDATE
10/09 15:44:04:907 84922000514: CCWS - LOYALTY.LOYATY_MODIFY_BALANCE
10/09 15:44:41:895 84922000514: CRM - LOYALTY.UPDATE_DB
10/09 15:44:41:962 84922000514: CCWS - LOYALTY_MB_RB
10/09 15:44:41:969 84922000514: CRM - LOYALTY.REDEEM_RB
10/09 16:59:04:793 Command Routing started
10/09 16:59:04:932 Starting process session
10/09 16:59:36:115 Total 0 instances are started
10/09 16:59:36:116 Total 1 instances are added
10/09 16:59:59:932 Command Routing started
10/09 17:00:00:026 Starting process session
10/09 17:00:01:070 Total 0 instances are started
10/09 17:00:01:070 Total 1 instances are added
10/09 17:00:49:410 84922000514: CRM - LOYALTY.BALANCE_QUERY
10/09 17:01:07:868 Close queue connection pool.
10/09 17:01:07:873 End of process session
10/09 17:01:07:874 Command Routing stopped
10/09 17:01:09:803 Command Routing started
10/09 17:01:09:823 Starting process session
10/09 17:01:09:945 Total 0 instances are started
10/09 17:01:09:946 Total 1 instances are added
10/09 17:01:24:182 84922000514: CRM - LOYALTY.BALANCE_QUERY
10/09 17:02:01:254 84922000514: CRM - LOYALTY.BALANCE_QUERY
10/09 17:02:01:340 84922000514: SMSC - SMSC.SEND_SMS
10/09 17:03:33:315 Command Routing started
10/09 17:03:33:366 Starting process session
10/09 17:03:36:504 Total 0 instances are started
10/09 17:03:36:506 Total 1 instances are added
10/09 17:03:55:427 84922000514: CRM - LOYALTY.BALANCE_QUERY
10/09 17:04:04:158 Close queue connection pool.
10/09 17:04:04:164 End of process session
10/09 17:04:04:165 Command Routing stopped
10/09 17:04:06:086 Command Routing started
10/09 17:04:06:107 Starting process session
10/09 17:04:06:226 Total 0 instances are started
10/09 17:04:06:227 Total 1 instances are added
10/09 17:04:08:335 84922000514: CRM - LOYALTY.BALANCE_QUERY
10/09 17:04:38:290 Close queue connection pool.
10/09 17:04:38:296 End of process session
10/09 17:04:38:297 Command Routing stopped
10/09 17:04:40:214 Command Routing started
10/09 17:04:40:242 Starting process session
10/09 17:04:40:357 Total 0 instances are started
10/09 17:04:40:358 Total 1 instances are added
10/09 17:04:47:558 84922000514: CRM - LOYALTY.BALANCE_QUERY
10/09 17:05:24:535 84922000514: CRM - LOYALTY.BALANCE_QUERY
10/09 17:05:24:604 84922000514: SMSC - SMSC.SEND_SMS
10/09 17:06:13:540 Command Routing started
10/09 17:06:13:597 Starting process session
10/09 17:06:17:587 Total 0 instances are started
10/09 17:06:17:588 Total 1 instances are added
10/09 17:06:41:746 84922000514: CRM - LOYALTY.BALANCE_QUERY
10/09 17:07:05:654 84922000514: CRM - LOYALTY.BALANCE_QUERY
10/09 17:07:05:722 84922000514: SMSC - SMSC.SEND_SMS
10/09 17:08:35:825 Command Routing started
10/09 17:08:35:849 Starting process session
10/09 17:08:37:895 Total 0 instances are started
10/09 17:08:37:896 Total 1 instances are added
10/09 17:09:23:894 84922000514: CRM - LOYALTY.BALANCE_QUERY
10/09 17:09:49:722 84922000514: CRM - LOYALTY.BALANCE_QUERY
10/09 17:09:49:799 84922000514: SMSC - SMSC.SEND_SMS
