23/09 08:56:25:777 Command Routing started
23/09 08:56:25:797 Starting process session
23/09 08:56:25:937 Total 0 instances are started
23/09 08:56:25:937 Total 1 instances are added
23/09 15:15:20:986 Command Routing started
23/09 15:15:21:011 Starting process session
23/09 15:15:21:419 Total 0 instances are started
23/09 15:15:21:420 Total 1 instances are added
23/09 15:15:37:165 84922000514: CRM - CRM.LOYALTY.UNREGISTER
23/09 15:15:37:222 84922000514: SMSC - SMSC.SEND_SMS
23/09 15:15:43:357 84922000514: CRM - CRM.LOYALTY.UNREGISTER
23/09 15:15:43:433 84922000514: SMSC - SMSC.SEND_SMS
23/09 15:19:18:335 84922000514: CRM - CRM.LOYALTY.UNREGISTER
23/09 15:19:18:370 84922000514: SMSC - SMSC.SEND_SMS
23/09 15:22:09:466 84922000514: CRM - CRM.LOYALTY.UNREGISTER
23/09 15:22:09:512 84922000514: SMSC - SMSC.SEND_SMS
23/09 15:25:21:009 Command Routing started
23/09 15:25:21:029 Starting process session
23/09 15:25:21:159 Total 0 instances are started
23/09 15:25:21:169 Total 1 instances are added
23/09 15:28:23:175 84922000514: CRM - CRM.LOYALTY.UNREGISTER
23/09 15:28:23:200 84922000514: SMSC - SMSC.SEND_SMS
23/09 15:34:35:328 Command Routing started
23/09 15:34:35:745 Starting process session
23/09 15:34:35:869 Total 0 instances are started
23/09 15:34:35:870 Total 1 instances are added
23/09 15:34:42:907 84922000514: CRM - CRM.LOYALTY.UNREGISTER
23/09 15:34:43:185 84922000514: SMSC - SMSC.SEND_SMS
23/09 15:35:48:815 84922000514: CRM - CRM.LOYALTY.REGISTER
23/09 15:35:48:924 84922000514: SMSC - SMSC.SEND_SMS
