25/11 09:23:03:505 Command Routing started
25/11 09:23:03:568 Starting process session
25/11 09:23:03:732 Total 0 instances are started
25/11 09:23:03:736 Total 1 instances are added
25/11 09:41:47:133 Command Routing started
25/11 09:41:47:203 Starting process session
25/11 09:41:47:329 Total 0 instances are started
25/11 09:41:47:338 Total 1 instances are added
25/11 12:04:34:239 Command Routing started
25/11 12:04:34:310 Starting process session
25/11 12:04:34:503 Total 0 instances are started
25/11 12:04:34:510 Total 1 instances are added
25/11 12:05:02:489 84927000675: SMSC - SMSC.SEND_SMS
25/11 12:05:02:495 84927000676: SMSC - SMSC.SEND_SMS
25/11 12:05:02:502 84927000678: SMSC - SMSC.SEND_SMS
25/11 12:05:02:508 84927000679: SMSC - SMSC.SEND_SMS
25/11 12:05:02:514 84927000680: SMSC - SMSC.SEND_SMS
25/11 12:05:02:520 84927000681: SMSC - SMSC.SEND_SMS
25/11 12:05:02:525 84927000682: SMSC - SMSC.SEND_SMS
25/11 12:05:02:534 84927000683: SMSC - SMSC.SEND_SMS
25/11 12:05:02:539 84927000684: SMSC - SMSC.SEND_SMS
25/11 12:05:02:545 84927000686: SMSC - SMSC.SEND_SMS
25/11 12:05:02:552 84927000687: SMSC - SMSC.SEND_SMS
25/11 12:05:02:560 84927000688: SMSC - SMSC.SEND_SMS
25/11 12:05:02:565 84927000689: SMSC - SMSC.SEND_SMS
25/11 12:05:02:569 84927000690: SMSC - SMSC.SEND_SMS
25/11 12:05:02:574 84927000691: SMSC - SMSC.SEND_SMS
25/11 12:05:02:580 84927000692: SMSC - SMSC.SEND_SMS
25/11 12:05:02:586 84927000694: SMSC - SMSC.SEND_SMS
25/11 12:05:02:591 84927000695: SMSC - SMSC.SEND_SMS
25/11 12:05:02:596 84927000696: SMSC - SMSC.SEND_SMS
25/11 12:05:02:601 84927000697: SMSC - SMSC.SEND_SMS
25/11 12:05:02:608 84927000698: SMSC - SMSC.SEND_SMS
25/11 12:05:02:614 84927000699: SMSC - SMSC.SEND_SMS
25/11 12:05:02:620 84927000700: SMSC - SMSC.SEND_SMS
25/11 12:05:02:626 84927000702: SMSC - SMSC.SEND_SMS
25/11 12:05:02:632 84927000704: SMSC - SMSC.SEND_SMS
25/11 12:05:02:639 84927000705: SMSC - SMSC.SEND_SMS
25/11 12:05:02:656 84927000706: SMSC - SMSC.SEND_SMS
25/11 12:05:02:666 84927000707: SMSC - SMSC.SEND_SMS
25/11 12:05:02:673 84927000708: SMSC - SMSC.SEND_SMS
25/11 12:05:02:680 84927000709: SMSC - SMSC.SEND_SMS
25/11 12:05:02:687 84927000710: SMSC - SMSC.SEND_SMS
25/11 12:05:02:697 84927000712: SMSC - SMSC.SEND_SMS
25/11 12:05:02:703 84927000713: SMSC - SMSC.SEND_SMS
25/11 12:05:02:709 84927000714: SMSC - SMSC.SEND_SMS
25/11 12:05:02:716 84927000715: SMSC - SMSC.SEND_SMS
25/11 12:05:02:723 84927000716: SMSC - SMSC.SEND_SMS
25/11 12:05:02:730 84927000717: SMSC - SMSC.SEND_SMS
25/11 12:05:02:738 84927000718: SMSC - SMSC.SEND_SMS
25/11 12:05:02:744 84927000719: SMSC - SMSC.SEND_SMS
25/11 12:05:02:751 84927000721: SMSC - SMSC.SEND_SMS
25/11 12:05:02:757 84927000722: SMSC - SMSC.SEND_SMS
25/11 12:05:02:763 84927000723: SMSC - SMSC.SEND_SMS
25/11 12:05:02:770 84927000724: SMSC - SMSC.SEND_SMS
25/11 12:05:02:777 84927000725: SMSC - SMSC.SEND_SMS
25/11 12:05:02:789 84927000726: SMSC - SMSC.SEND_SMS
25/11 12:05:02:795 84927000727: SMSC - SMSC.SEND_SMS
25/11 12:05:02:802 84927000729: SMSC - SMSC.SEND_SMS
25/11 12:05:02:808 84927000730: SMSC - SMSC.SEND_SMS
25/11 12:05:02:815 84927000731: SMSC - SMSC.SEND_SMS
25/11 12:05:02:821 84927000732: SMSC - SMSC.SEND_SMS
25/11 12:05:02:826 84927000733: SMSC - SMSC.SEND_SMS
25/11 12:05:02:832 84927000734: SMSC - SMSC.SEND_SMS
25/11 12:05:02:839 84927000735: SMSC - SMSC.SEND_SMS
25/11 12:05:02:845 84927000737: SMSC - SMSC.SEND_SMS
25/11 12:05:02:849 84927000738: SMSC - SMSC.SEND_SMS
25/11 12:05:02:855 84927000739: SMSC - SMSC.SEND_SMS
25/11 12:05:02:864 84927000740: SMSC - SMSC.SEND_SMS
25/11 12:05:02:870 84927000741: SMSC - SMSC.SEND_SMS
25/11 12:05:02:877 84927000742: SMSC - SMSC.SEND_SMS
25/11 12:05:02:884 84927000743: SMSC - SMSC.SEND_SMS
25/11 12:05:02:897 84927000744: SMSC - SMSC.SEND_SMS
25/11 12:05:02:907 84927000746: SMSC - SMSC.SEND_SMS
25/11 12:05:02:914 84927000747: SMSC - SMSC.SEND_SMS
25/11 12:05:02:922 84927000749: SMSC - SMSC.SEND_SMS
25/11 12:05:02:930 84927000750: SMSC - SMSC.SEND_SMS
25/11 12:05:02:938 84927000751: SMSC - SMSC.SEND_SMS
25/11 12:05:02:945 84927000752: SMSC - SMSC.SEND_SMS
25/11 12:05:02:953 84927000753: SMSC - SMSC.SEND_SMS
25/11 12:05:02:960 84927000755: SMSC - SMSC.SEND_SMS
25/11 12:05:02:966 84927000756: SMSC - SMSC.SEND_SMS
25/11 12:05:02:973 84927000757: SMSC - SMSC.SEND_SMS
25/11 12:05:02:978 84927000677: SMSC - SMSC.SEND_SMS
25/11 12:05:02:985 84927000685: SMSC - SMSC.SEND_SMS
25/11 12:05:02:991 84927000693: SMSC - SMSC.SEND_SMS
25/11 12:05:02:998 84927000703: SMSC - SMSC.SEND_SMS
25/11 12:05:03:005 84927000711: SMSC - SMSC.SEND_SMS
25/11 12:05:03:011 84927000720: SMSC - SMSC.SEND_SMS
25/11 12:05:03:019 84927000728: SMSC - SMSC.SEND_SMS
25/11 12:05:03:025 84927000736: SMSC - SMSC.SEND_SMS
25/11 12:05:03:032 84927000745: SMSC - SMSC.SEND_SMS
25/11 12:05:03:038 84927000754: SMSC - SMSC.SEND_SMS
25/11 12:05:03:044 84927000762: SMSC - SMSC.SEND_SMS
25/11 12:05:03:050 84927000770: SMSC - SMSC.SEND_SMS
25/11 12:05:03:057 84927000779: SMSC - SMSC.SEND_SMS
25/11 12:05:03:064 84927000787: SMSC - SMSC.SEND_SMS
25/11 12:05:03:070 84927000796: SMSC - SMSC.SEND_SMS
25/11 12:05:03:076 84927000805: SMSC - SMSC.SEND_SMS
25/11 12:05:03:084 84927000813: SMSC - SMSC.SEND_SMS
25/11 12:05:03:091 84927000822: SMSC - SMSC.SEND_SMS
25/11 12:05:03:100 84927000830: SMSC - SMSC.SEND_SMS
25/11 12:05:03:108 84927000839: SMSC - SMSC.SEND_SMS
25/11 12:05:03:117 84927000844: SMSC - SMSC.SEND_SMS
25/11 12:05:03:123 84927000852: SMSC - SMSC.SEND_SMS
25/11 12:05:03:130 84927000861: SMSC - SMSC.SEND_SMS
25/11 12:05:03:138 84927000869: SMSC - SMSC.SEND_SMS
25/11 12:05:03:146 84927000877: SMSC - SMSC.SEND_SMS
25/11 12:05:03:156 84927000887: SMSC - SMSC.SEND_SMS
25/11 12:05:03:164 84927000895: SMSC - SMSC.SEND_SMS
25/11 12:05:03:170 84927000904: SMSC - SMSC.SEND_SMS
25/11 12:05:03:178 84927000912: SMSC - SMSC.SEND_SMS
25/11 12:05:04:860 84927000921: SMSC - SMSC.SEND_SMS
25/11 12:05:04:866 84927000936: SMSC - SMSC.SEND_SMS
25/11 12:05:04:874 84927000944: SMSC - SMSC.SEND_SMS
25/11 12:05:04:881 84927000953: SMSC - SMSC.SEND_SMS
25/11 12:05:04:888 84927000961: SMSC - SMSC.SEND_SMS
25/11 12:05:04:895 84927000970: SMSC - SMSC.SEND_SMS
25/11 12:05:04:902 84927000978: SMSC - SMSC.SEND_SMS
25/11 12:05:04:913 84927000986: SMSC - SMSC.SEND_SMS
25/11 12:05:04:921 84927000995: SMSC - SMSC.SEND_SMS
25/11 12:05:04:928 84927000516: SMSC - SMSC.SEND_SMS
25/11 12:05:04:936 84927000524: SMSC - SMSC.SEND_SMS
25/11 12:05:04:945 84927000532: SMSC - SMSC.SEND_SMS
25/11 12:05:04:957 84927000540: SMSC - SMSC.SEND_SMS
25/11 12:05:04:966 84927000548: SMSC - SMSC.SEND_SMS
25/11 12:05:04:974 84927000558: SMSC - SMSC.SEND_SMS
25/11 12:05:04:983 84927000566: SMSC - SMSC.SEND_SMS
25/11 12:05:04:991 84927000574: SMSC - SMSC.SEND_SMS
25/11 12:05:05:000 84927000583: SMSC - SMSC.SEND_SMS
25/11 12:05:05:009 84927000592: SMSC - SMSC.SEND_SMS
25/11 12:05:05:020 84927000596: SMSC - SMSC.SEND_SMS
25/11 12:05:05:030 84927000605: SMSC - SMSC.SEND_SMS
25/11 12:05:05:039 84927000613: SMSC - SMSC.SEND_SMS
25/11 12:05:05:047 84927000758: SMSC - SMSC.SEND_SMS
25/11 12:05:05:056 84927000759: SMSC - SMSC.SEND_SMS
25/11 12:05:05:067 84927000760: SMSC - SMSC.SEND_SMS
25/11 12:05:05:078 84927000761: SMSC - SMSC.SEND_SMS
25/11 12:05:05:089 84927000763: SMSC - SMSC.SEND_SMS
25/11 12:05:05:099 84927000764: SMSC - SMSC.SEND_SMS
25/11 12:05:05:108 84927000765: SMSC - SMSC.SEND_SMS
25/11 12:05:05:120 84927000766: SMSC - SMSC.SEND_SMS
25/11 12:05:05:134 84927000767: SMSC - SMSC.SEND_SMS
25/11 12:05:05:143 84927000768: SMSC - SMSC.SEND_SMS
25/11 12:05:05:152 84927000769: SMSC - SMSC.SEND_SMS
25/11 12:05:05:161 84927000771: SMSC - SMSC.SEND_SMS
25/11 12:05:05:175 84927000772: SMSC - SMSC.SEND_SMS
25/11 12:05:05:187 84927000773: SMSC - SMSC.SEND_SMS
25/11 12:05:05:200 84927000774: SMSC - SMSC.SEND_SMS
25/11 12:05:05:214 84927000775: SMSC - SMSC.SEND_SMS
25/11 12:05:05:233 84927000776: SMSC - SMSC.SEND_SMS
25/11 12:05:05:250 84927000777: SMSC - SMSC.SEND_SMS
25/11 12:05:05:272 84927000778: SMSC - SMSC.SEND_SMS
25/11 12:05:05:290 84927000780: SMSC - SMSC.SEND_SMS
25/11 12:05:05:305 84927000781: SMSC - SMSC.SEND_SMS
25/11 12:05:05:321 84927000782: SMSC - SMSC.SEND_SMS
25/11 12:05:05:332 84927000783: SMSC - SMSC.SEND_SMS
25/11 12:05:05:341 84927000784: SMSC - SMSC.SEND_SMS
25/11 12:05:05:351 84927000785: SMSC - SMSC.SEND_SMS
25/11 12:05:05:360 84927000786: SMSC - SMSC.SEND_SMS
25/11 12:05:05:370 84927000788: SMSC - SMSC.SEND_SMS
25/11 12:05:05:380 84927000789: SMSC - SMSC.SEND_SMS
25/11 12:05:05:391 84927000790: SMSC - SMSC.SEND_SMS
25/11 12:05:05:401 84927000791: SMSC - SMSC.SEND_SMS
25/11 12:05:05:411 84927000792: SMSC - SMSC.SEND_SMS
25/11 12:05:05:424 84927000793: SMSC - SMSC.SEND_SMS
25/11 12:05:05:434 84927000794: SMSC - SMSC.SEND_SMS
25/11 12:05:05:445 84927000795: SMSC - SMSC.SEND_SMS
25/11 12:05:05:456 84927000797: SMSC - SMSC.SEND_SMS
25/11 12:05:05:467 84927000798: SMSC - SMSC.SEND_SMS
25/11 12:05:05:477 84927000799: SMSC - SMSC.SEND_SMS
25/11 12:05:05:489 84927000800: SMSC - SMSC.SEND_SMS
25/11 12:05:05:499 84927000801: SMSC - SMSC.SEND_SMS
25/11 12:05:05:511 84927000803: SMSC - SMSC.SEND_SMS
25/11 12:05:05:519 84927000804: SMSC - SMSC.SEND_SMS
25/11 12:05:05:526 84927000806: SMSC - SMSC.SEND_SMS
25/11 12:05:05:534 84927000807: SMSC - SMSC.SEND_SMS
25/11 12:05:05:542 84927000808: SMSC - SMSC.SEND_SMS
25/11 12:05:05:549 84927000809: SMSC - SMSC.SEND_SMS
25/11 12:05:05:557 84927000810: SMSC - SMSC.SEND_SMS
25/11 12:05:05:568 84927000811: SMSC - SMSC.SEND_SMS
25/11 12:05:05:577 84927000812: SMSC - SMSC.SEND_SMS
25/11 12:05:05:590 84927000814: SMSC - SMSC.SEND_SMS
25/11 12:05:05:602 84927000815: SMSC - SMSC.SEND_SMS
25/11 12:05:05:615 84927000816: SMSC - SMSC.SEND_SMS
25/11 12:05:05:625 84927000817: SMSC - SMSC.SEND_SMS
25/11 12:05:05:636 84927000818: SMSC - SMSC.SEND_SMS
25/11 12:05:05:649 84927000819: SMSC - SMSC.SEND_SMS
25/11 12:05:05:659 84927000820: SMSC - SMSC.SEND_SMS
25/11 12:05:05:669 84927000821: SMSC - SMSC.SEND_SMS
25/11 12:05:05:677 84927000823: SMSC - SMSC.SEND_SMS
25/11 12:05:05:684 84927000824: SMSC - SMSC.SEND_SMS
25/11 12:05:05:693 84927000825: SMSC - SMSC.SEND_SMS
25/11 12:05:05:700 84927000826: SMSC - SMSC.SEND_SMS
25/11 12:05:05:708 84927000827: SMSC - SMSC.SEND_SMS
25/11 12:05:05:717 84927000828: SMSC - SMSC.SEND_SMS
25/11 12:05:05:729 84927000829: SMSC - SMSC.SEND_SMS
25/11 12:05:05:739 84927000831: SMSC - SMSC.SEND_SMS
25/11 12:05:05:748 84927000832: SMSC - SMSC.SEND_SMS
25/11 12:05:05:758 84927000834: SMSC - SMSC.SEND_SMS
25/11 12:05:05:767 84927000835: SMSC - SMSC.SEND_SMS
25/11 12:05:05:776 84927000836: SMSC - SMSC.SEND_SMS
25/11 12:05:05:786 84927000837: SMSC - SMSC.SEND_SMS
25/11 12:05:05:794 84927000838: SMSC - SMSC.SEND_SMS
25/11 12:05:05:819 84927000840: SMSC - SMSC.SEND_SMS
25/11 12:05:05:836 84927000841: SMSC - SMSC.SEND_SMS
25/11 12:05:05:856 84927000842: SMSC - SMSC.SEND_SMS
25/11 12:05:05:891 84927000843: SMSC - SMSC.SEND_SMS
25/11 12:05:05:907 84927000845: SMSC - SMSC.SEND_SMS
25/11 12:05:05:932 84927000846: SMSC - SMSC.SEND_SMS
25/11 12:05:05:947 84927000847: SMSC - SMSC.SEND_SMS
25/11 12:05:05:960 84927000848: SMSC - SMSC.SEND_SMS
25/11 12:05:07:350 84927000849: SMSC - SMSC.SEND_SMS
25/11 12:05:07:359 84927000850: SMSC - SMSC.SEND_SMS
25/11 12:05:07:369 84927000851: SMSC - SMSC.SEND_SMS
25/11 12:05:07:380 84927000853: SMSC - SMSC.SEND_SMS
25/11 12:05:07:390 84927000854: SMSC - SMSC.SEND_SMS
25/11 12:05:07:400 84927000855: SMSC - SMSC.SEND_SMS
25/11 12:05:07:412 84927000856: SMSC - SMSC.SEND_SMS
25/11 12:05:07:423 84927000857: SMSC - SMSC.SEND_SMS
25/11 12:05:07:433 84927000858: SMSC - SMSC.SEND_SMS
25/11 12:05:07:443 84927000859: SMSC - SMSC.SEND_SMS
25/11 12:05:07:450 84927000860: SMSC - SMSC.SEND_SMS
25/11 12:05:07:457 84927000862: SMSC - SMSC.SEND_SMS
25/11 12:05:07:464 84927000863: SMSC - SMSC.SEND_SMS
25/11 12:05:07:471 84927000864: SMSC - SMSC.SEND_SMS
25/11 12:05:07:478 84927000865: SMSC - SMSC.SEND_SMS
25/11 12:05:07:486 84927000866: SMSC - SMSC.SEND_SMS
25/11 12:05:07:493 84927000867: SMSC - SMSC.SEND_SMS
25/11 12:05:07:500 84927000868: SMSC - SMSC.SEND_SMS
25/11 12:05:07:510 84927000870: SMSC - SMSC.SEND_SMS
25/11 12:05:07:518 84927000871: SMSC - SMSC.SEND_SMS
25/11 12:05:07:525 84927000872: SMSC - SMSC.SEND_SMS
25/11 12:05:07:532 84927000873: SMSC - SMSC.SEND_SMS
25/11 12:05:07:539 84927000874: SMSC - SMSC.SEND_SMS
25/11 12:05:07:546 84927000875: SMSC - SMSC.SEND_SMS
25/11 12:05:07:552 84927000876: SMSC - SMSC.SEND_SMS
25/11 12:05:07:559 84927000878: SMSC - SMSC.SEND_SMS
25/11 12:05:07:566 84927000879: SMSC - SMSC.SEND_SMS
25/11 12:05:07:574 84927000880: SMSC - SMSC.SEND_SMS
25/11 12:05:07:584 84927000881: SMSC - SMSC.SEND_SMS
25/11 12:05:07:591 84927000883: SMSC - SMSC.SEND_SMS
25/11 12:05:07:599 84927000884: SMSC - SMSC.SEND_SMS
25/11 12:05:07:605 84927000885: SMSC - SMSC.SEND_SMS
25/11 12:05:07:612 84927000886: SMSC - SMSC.SEND_SMS
25/11 12:05:07:621 84927000888: SMSC - SMSC.SEND_SMS
25/11 12:05:07:632 84927000889: SMSC - SMSC.SEND_SMS
25/11 12:05:07:642 84927000890: SMSC - SMSC.SEND_SMS
25/11 12:05:07:651 84927000891: SMSC - SMSC.SEND_SMS
25/11 12:05:07:665 84927000892: SMSC - SMSC.SEND_SMS
25/11 12:05:07:679 84927000893: SMSC - SMSC.SEND_SMS
25/11 12:05:07:692 84927000894: SMSC - SMSC.SEND_SMS
25/11 12:05:07:705 84927000896: SMSC - SMSC.SEND_SMS
25/11 12:05:07:718 84927000897: SMSC - SMSC.SEND_SMS
25/11 12:05:07:726 84927000898: SMSC - SMSC.SEND_SMS
25/11 12:05:07:734 84927000899: SMSC - SMSC.SEND_SMS
25/11 12:05:07:742 84927000900: SMSC - SMSC.SEND_SMS
25/11 12:05:07:749 84927000901: SMSC - SMSC.SEND_SMS
25/11 12:05:07:756 84927000902: SMSC - SMSC.SEND_SMS
25/11 12:05:07:763 84927000903: SMSC - SMSC.SEND_SMS
25/11 12:05:07:771 84927000905: SMSC - SMSC.SEND_SMS
25/11 12:05:07:778 84927000906: SMSC - SMSC.SEND_SMS
25/11 12:05:07:785 84927000907: SMSC - SMSC.SEND_SMS
25/11 12:05:07:793 84927000908: SMSC - SMSC.SEND_SMS
25/11 12:05:07:828 84927000909: SMSC - SMSC.SEND_SMS
25/11 12:05:07:838 84927000910: SMSC - SMSC.SEND_SMS
25/11 12:05:07:846 84927000911: SMSC - SMSC.SEND_SMS
25/11 12:05:07:853 84927000913: SMSC - SMSC.SEND_SMS
25/11 12:05:07:860 84927000914: SMSC - SMSC.SEND_SMS
25/11 12:05:07:867 84927000916: SMSC - SMSC.SEND_SMS
25/11 12:05:07:874 84927000917: SMSC - SMSC.SEND_SMS
25/11 12:05:07:880 84927000918: SMSC - SMSC.SEND_SMS
25/11 12:05:07:886 84927000919: SMSC - SMSC.SEND_SMS
25/11 12:05:07:892 84927000920: SMSC - SMSC.SEND_SMS
25/11 12:05:07:898 84927000922: SMSC - SMSC.SEND_SMS
25/11 12:05:07:904 84927000923: SMSC - SMSC.SEND_SMS
25/11 12:05:07:910 84927000924: SMSC - SMSC.SEND_SMS
25/11 12:05:07:916 84927000925: SMSC - SMSC.SEND_SMS
25/11 12:05:07:922 84927000926: SMSC - SMSC.SEND_SMS
25/11 12:05:07:928 84927000927: SMSC - SMSC.SEND_SMS
25/11 12:05:07:934 84927000928: SMSC - SMSC.SEND_SMS
25/11 12:05:07:940 84927000929: SMSC - SMSC.SEND_SMS
25/11 12:05:07:946 84927000930: SMSC - SMSC.SEND_SMS
25/11 12:05:07:954 84927000931: SMSC - SMSC.SEND_SMS
25/11 12:05:07:961 84927000932: SMSC - SMSC.SEND_SMS
25/11 12:05:07:968 84927000933: SMSC - SMSC.SEND_SMS
25/11 12:05:07:974 84927000934: SMSC - SMSC.SEND_SMS
25/11 12:05:07:979 84927000935: SMSC - SMSC.SEND_SMS
25/11 12:05:07:985 84927000937: SMSC - SMSC.SEND_SMS
25/11 12:05:07:991 84927000938: SMSC - SMSC.SEND_SMS
25/11 12:05:07:997 84927000939: SMSC - SMSC.SEND_SMS
25/11 12:05:08:005 84927000940: SMSC - SMSC.SEND_SMS
25/11 12:05:08:012 84927000941: SMSC - SMSC.SEND_SMS
25/11 12:05:08:019 84927000942: SMSC - SMSC.SEND_SMS
25/11 12:05:08:025 84927000943: SMSC - SMSC.SEND_SMS
25/11 12:05:08:031 84927000945: SMSC - SMSC.SEND_SMS
25/11 12:05:08:037 84927000946: SMSC - SMSC.SEND_SMS
25/11 12:05:08:046 84927000947: SMSC - SMSC.SEND_SMS
25/11 12:05:08:055 84927000948: SMSC - SMSC.SEND_SMS
25/11 12:05:08:065 84927000949: SMSC - SMSC.SEND_SMS
25/11 12:05:08:072 84927000950: SMSC - SMSC.SEND_SMS
25/11 12:05:08:082 84927000951: SMSC - SMSC.SEND_SMS
25/11 12:05:08:090 84927000952: SMSC - SMSC.SEND_SMS
25/11 12:05:08:101 84927000954: SMSC - SMSC.SEND_SMS
25/11 12:05:08:111 84927000955: SMSC - SMSC.SEND_SMS
25/11 12:05:08:122 84927000956: SMSC - SMSC.SEND_SMS
25/11 12:05:08:131 84927000957: SMSC - SMSC.SEND_SMS
25/11 12:05:08:140 84927000958: SMSC - SMSC.SEND_SMS
25/11 12:05:08:152 84927000959: SMSC - SMSC.SEND_SMS
25/11 12:05:08:160 84927000960: SMSC - SMSC.SEND_SMS
25/11 12:05:08:168 84927000962: SMSC - SMSC.SEND_SMS
25/11 12:05:08:174 84927000963: SMSC - SMSC.SEND_SMS
25/11 12:05:09:856 84927000964: SMSC - SMSC.SEND_SMS
25/11 12:05:09:868 84927000965: SMSC - SMSC.SEND_SMS
25/11 12:05:09:878 84927000966: SMSC - SMSC.SEND_SMS
25/11 12:05:09:886 84927000967: SMSC - SMSC.SEND_SMS
25/11 12:05:09:896 84927000968: SMSC - SMSC.SEND_SMS
25/11 12:05:09:916 84927000969: SMSC - SMSC.SEND_SMS
25/11 12:05:09:924 84927000971: SMSC - SMSC.SEND_SMS
25/11 12:05:09:932 84927000972: SMSC - SMSC.SEND_SMS
25/11 12:05:09:939 84927000973: SMSC - SMSC.SEND_SMS
25/11 12:05:09:949 84927000974: SMSC - SMSC.SEND_SMS
25/11 12:05:09:957 84927000975: SMSC - SMSC.SEND_SMS
25/11 12:05:09:964 84927000976: SMSC - SMSC.SEND_SMS
25/11 12:05:09:971 84927000977: SMSC - SMSC.SEND_SMS
25/11 12:05:09:979 84927000979: SMSC - SMSC.SEND_SMS
25/11 12:05:09:985 84927000980: SMSC - SMSC.SEND_SMS
25/11 12:05:09:994 84927000981: SMSC - SMSC.SEND_SMS
25/11 12:05:10:001 84927000982: SMSC - SMSC.SEND_SMS
25/11 12:05:10:009 84927000983: SMSC - SMSC.SEND_SMS
25/11 12:05:10:017 84927000984: SMSC - SMSC.SEND_SMS
25/11 12:05:10:025 84927000985: SMSC - SMSC.SEND_SMS
25/11 12:05:10:033 84927000987: SMSC - SMSC.SEND_SMS
25/11 12:05:10:041 84927000988: SMSC - SMSC.SEND_SMS
25/11 12:05:10:050 84927000989: SMSC - SMSC.SEND_SMS
25/11 12:05:10:061 84927000990: SMSC - SMSC.SEND_SMS
25/11 12:05:10:068 84927000991: SMSC - SMSC.SEND_SMS
25/11 12:05:10:075 84927000992: SMSC - SMSC.SEND_SMS
25/11 12:05:10:083 84927000993: SMSC - SMSC.SEND_SMS
25/11 12:05:10:089 84927000994: SMSC - SMSC.SEND_SMS
25/11 12:05:10:096 84927000996: SMSC - SMSC.SEND_SMS
25/11 12:05:10:104 84927000997: SMSC - SMSC.SEND_SMS
25/11 12:05:10:111 84927000998: SMSC - SMSC.SEND_SMS
25/11 12:05:10:118 84927000999: SMSC - SMSC.SEND_SMS
25/11 12:05:10:125 84927001000: SMSC - SMSC.SEND_SMS
25/11 12:05:10:135 84927000748: SMSC - SMSC.SEND_SMS
25/11 12:05:10:142 84927000833: SMSC - SMSC.SEND_SMS
25/11 12:05:10:148 84927000915: SMSC - SMSC.SEND_SMS
25/11 12:05:10:155 84927000590: SMSC - SMSC.SEND_SMS
25/11 12:05:10:162 84927000621: SMSC - SMSC.SEND_SMS
25/11 12:05:10:221 84927000630: SMSC - SMSC.SEND_SMS
25/11 12:05:10:280 84927000639: SMSC - SMSC.SEND_SMS
25/11 12:05:10:341 84927000647: SMSC - SMSC.SEND_SMS
25/11 12:05:10:395 84927000655: SMSC - SMSC.SEND_SMS
25/11 12:05:10:445 84927000664: SMSC - SMSC.SEND_SMS
25/11 12:05:10:490 84927000672: SMSC - SMSC.SEND_SMS
25/11 12:05:10:531 84927000701: SMSC - SMSC.SEND_SMS
25/11 12:05:10:612 84927000802: SMSC - SMSC.SEND_SMS
25/11 12:05:10:637 84927000882: SMSC - SMSC.SEND_SMS
25/11 12:05:10:669 84927000556: SMSC - SMSC.SEND_SMS
25/11 12:05:10:679 84927000631: SMSC - SMSC.SEND_SMS
25/11 12:05:10:688 84927000510: SMSC - SMSC.SEND_SMS
25/11 12:05:10:698 84927000511: SMSC - SMSC.SEND_SMS
25/11 12:05:10:705 84927000512: SMSC - SMSC.SEND_SMS
25/11 12:05:10:713 84927000513: SMSC - SMSC.SEND_SMS
25/11 12:05:10:722 84927000514: SMSC - SMSC.SEND_SMS
25/11 12:05:10:730 84927000515: SMSC - SMSC.SEND_SMS
25/11 12:05:10:738 84927000517: SMSC - SMSC.SEND_SMS
25/11 12:05:10:753 84927000518: SMSC - SMSC.SEND_SMS
25/11 12:05:10:766 84927000519: SMSC - SMSC.SEND_SMS
25/11 12:05:10:775 84927000520: SMSC - SMSC.SEND_SMS
25/11 12:05:10:783 84927000521: SMSC - SMSC.SEND_SMS
25/11 12:05:10:831 84927000522: SMSC - SMSC.SEND_SMS
25/11 12:05:10:841 84927000523: SMSC - SMSC.SEND_SMS
25/11 12:05:10:850 84927000525: SMSC - SMSC.SEND_SMS
25/11 12:05:10:857 84927000526: SMSC - SMSC.SEND_SMS
25/11 12:05:10:866 84927000527: SMSC - SMSC.SEND_SMS
25/11 12:05:10:874 84927000528: SMSC - SMSC.SEND_SMS
25/11 12:05:10:883 84927000529: SMSC - SMSC.SEND_SMS
25/11 12:05:10:889 84927000530: SMSC - SMSC.SEND_SMS
25/11 12:05:10:897 84927000531: SMSC - SMSC.SEND_SMS
25/11 12:05:10:905 84927000533: SMSC - SMSC.SEND_SMS
25/11 12:05:10:912 84927000534: SMSC - SMSC.SEND_SMS
25/11 12:05:10:920 84927000535: SMSC - SMSC.SEND_SMS
25/11 12:05:10:927 84927000536: SMSC - SMSC.SEND_SMS
25/11 12:05:10:935 84927000537: SMSC - SMSC.SEND_SMS
25/11 12:05:10:942 84927000538: SMSC - SMSC.SEND_SMS
25/11 12:05:10:954 84927000539: SMSC - SMSC.SEND_SMS
25/11 12:05:10:966 84927000541: SMSC - SMSC.SEND_SMS
25/11 12:05:10:975 84927000542: SMSC - SMSC.SEND_SMS
25/11 12:05:10:985 84927000543: SMSC - SMSC.SEND_SMS
25/11 12:05:10:993 84927000544: SMSC - SMSC.SEND_SMS
25/11 12:05:11:001 84927000545: SMSC - SMSC.SEND_SMS
25/11 12:05:11:010 84927000546: SMSC - SMSC.SEND_SMS
25/11 12:05:11:020 84927000547: SMSC - SMSC.SEND_SMS
25/11 12:05:11:029 84927000549: SMSC - SMSC.SEND_SMS
25/11 12:05:11:035 84927000550: SMSC - SMSC.SEND_SMS
25/11 12:05:11:041 84927000551: SMSC - SMSC.SEND_SMS
25/11 12:05:11:047 84927000552: SMSC - SMSC.SEND_SMS
25/11 12:05:11:052 84927000553: SMSC - SMSC.SEND_SMS
25/11 12:05:11:058 84927000554: SMSC - SMSC.SEND_SMS
25/11 12:05:11:064 84927000555: SMSC - SMSC.SEND_SMS
25/11 12:05:11:070 84927000557: SMSC - SMSC.SEND_SMS
25/11 12:05:11:076 84927000559: SMSC - SMSC.SEND_SMS
25/11 12:05:11:082 84927000560: SMSC - SMSC.SEND_SMS
25/11 12:05:11:088 84927000561: SMSC - SMSC.SEND_SMS
25/11 12:05:11:094 84927000562: SMSC - SMSC.SEND_SMS
25/11 12:05:11:099 84927000563: SMSC - SMSC.SEND_SMS
25/11 12:05:11:105 84927000564: SMSC - SMSC.SEND_SMS
25/11 12:05:11:111 84927000565: SMSC - SMSC.SEND_SMS
25/11 12:05:11:117 84927000567: SMSC - SMSC.SEND_SMS
25/11 12:05:11:122 84927000568: SMSC - SMSC.SEND_SMS
25/11 12:05:12:366 84927000569: SMSC - SMSC.SEND_SMS
25/11 12:05:12:379 84927000570: SMSC - SMSC.SEND_SMS
25/11 12:05:12:393 84927000571: SMSC - SMSC.SEND_SMS
25/11 12:05:12:402 84927000572: SMSC - SMSC.SEND_SMS
25/11 12:05:12:409 84927000573: SMSC - SMSC.SEND_SMS
25/11 12:05:12:416 84927000575: SMSC - SMSC.SEND_SMS
25/11 12:05:12:422 84927000576: SMSC - SMSC.SEND_SMS
25/11 12:05:12:430 84927000577: SMSC - SMSC.SEND_SMS
25/11 12:05:12:436 84927000578: SMSC - SMSC.SEND_SMS
25/11 12:05:12:443 84927000579: SMSC - SMSC.SEND_SMS
25/11 12:05:12:450 84927000580: SMSC - SMSC.SEND_SMS
25/11 12:05:12:457 84927000581: SMSC - SMSC.SEND_SMS
25/11 12:05:12:464 84927000582: SMSC - SMSC.SEND_SMS
25/11 12:05:12:470 84927000584: SMSC - SMSC.SEND_SMS
25/11 12:05:12:477 84927000585: SMSC - SMSC.SEND_SMS
25/11 12:05:12:484 84927000586: SMSC - SMSC.SEND_SMS
25/11 12:05:12:490 84927000587: SMSC - SMSC.SEND_SMS
25/11 12:05:12:498 84927000588: SMSC - SMSC.SEND_SMS
25/11 12:05:12:503 84927000589: SMSC - SMSC.SEND_SMS
25/11 12:05:12:510 84927000591: SMSC - SMSC.SEND_SMS
25/11 12:05:12:517 84927000593: SMSC - SMSC.SEND_SMS
25/11 12:05:12:524 84927000594: SMSC - SMSC.SEND_SMS
25/11 12:05:12:531 84927000595: SMSC - SMSC.SEND_SMS
25/11 12:05:12:538 84927000597: SMSC - SMSC.SEND_SMS
25/11 12:05:12:544 84927000598: SMSC - SMSC.SEND_SMS
25/11 12:05:12:550 84927000599: SMSC - SMSC.SEND_SMS
25/11 12:05:12:557 84927000600: SMSC - SMSC.SEND_SMS
25/11 12:05:12:565 84927000601: SMSC - SMSC.SEND_SMS
25/11 12:05:12:572 84927000602: SMSC - SMSC.SEND_SMS
25/11 12:05:12:582 84927000603: SMSC - SMSC.SEND_SMS
25/11 12:05:12:624 84927000604: SMSC - SMSC.SEND_SMS
25/11 12:05:12:633 84927000606: SMSC - SMSC.SEND_SMS
25/11 12:05:12:652 84927000607: SMSC - SMSC.SEND_SMS
25/11 12:05:12:667 84927000608: SMSC - SMSC.SEND_SMS
25/11 12:05:12:683 84927000609: SMSC - SMSC.SEND_SMS
25/11 12:05:12:702 84927000610: SMSC - SMSC.SEND_SMS
25/11 12:05:12:717 84927000611: SMSC - SMSC.SEND_SMS
25/11 12:05:12:732 84927000612: SMSC - SMSC.SEND_SMS
25/11 12:05:12:745 84927000614: SMSC - SMSC.SEND_SMS
25/11 12:05:12:758 84927000615: SMSC - SMSC.SEND_SMS
25/11 12:05:12:770 84927000616: SMSC - SMSC.SEND_SMS
25/11 12:05:12:785 84927000617: SMSC - SMSC.SEND_SMS
25/11 12:05:12:796 84927000618: SMSC - SMSC.SEND_SMS
25/11 12:05:12:810 84927000619: SMSC - SMSC.SEND_SMS
25/11 12:05:12:822 84927000620: SMSC - SMSC.SEND_SMS
25/11 12:05:12:836 84927000622: SMSC - SMSC.SEND_SMS
25/11 12:05:12:848 84927000623: SMSC - SMSC.SEND_SMS
25/11 12:05:12:858 84927000624: SMSC - SMSC.SEND_SMS
25/11 12:05:12:871 84927000625: SMSC - SMSC.SEND_SMS
25/11 12:05:12:885 84927000626: SMSC - SMSC.SEND_SMS
25/11 12:05:12:897 84927000627: SMSC - SMSC.SEND_SMS
25/11 12:05:12:907 84927000628: SMSC - SMSC.SEND_SMS
25/11 12:05:12:917 84927000629: SMSC - SMSC.SEND_SMS
25/11 12:05:12:932 84927000632: SMSC - SMSC.SEND_SMS
25/11 12:05:12:947 84927000633: SMSC - SMSC.SEND_SMS
25/11 12:05:12:966 84927000634: SMSC - SMSC.SEND_SMS
25/11 12:05:12:982 84927000635: SMSC - SMSC.SEND_SMS
25/11 12:05:12:997 84927000636: SMSC - SMSC.SEND_SMS
25/11 12:05:13:026 84927000637: SMSC - SMSC.SEND_SMS
25/11 12:05:13:043 84927000638: SMSC - SMSC.SEND_SMS
25/11 12:05:13:063 84927000640: SMSC - SMSC.SEND_SMS
25/11 12:05:13:088 84927000641: SMSC - SMSC.SEND_SMS
25/11 12:05:13:104 84927000642: SMSC - SMSC.SEND_SMS
25/11 12:05:13:120 84927000643: SMSC - SMSC.SEND_SMS
25/11 12:05:13:135 84927000644: SMSC - SMSC.SEND_SMS
25/11 12:05:13:149 84927000645: SMSC - SMSC.SEND_SMS
25/11 12:05:13:161 84927000646: SMSC - SMSC.SEND_SMS
25/11 12:05:13:172 84927000648: SMSC - SMSC.SEND_SMS
25/11 12:05:13:183 84927000649: SMSC - SMSC.SEND_SMS
25/11 12:05:13:194 84927000650: SMSC - SMSC.SEND_SMS
25/11 12:05:13:205 84927000651: SMSC - SMSC.SEND_SMS
25/11 12:05:13:215 84927000652: SMSC - SMSC.SEND_SMS
25/11 12:05:13:231 84927000653: SMSC - SMSC.SEND_SMS
25/11 12:05:13:247 84927000654: SMSC - SMSC.SEND_SMS
25/11 12:05:13:261 84927000656: SMSC - SMSC.SEND_SMS
25/11 12:05:13:276 84927000657: SMSC - SMSC.SEND_SMS
25/11 12:05:13:288 84927000658: SMSC - SMSC.SEND_SMS
25/11 12:05:13:300 84927000659: SMSC - SMSC.SEND_SMS
25/11 12:05:13:315 84927000660: SMSC - SMSC.SEND_SMS
25/11 12:05:13:326 84927000661: SMSC - SMSC.SEND_SMS
25/11 12:05:13:339 84927000662: SMSC - SMSC.SEND_SMS
25/11 12:05:13:350 84927000663: SMSC - SMSC.SEND_SMS
25/11 12:05:13:361 84927000665: SMSC - SMSC.SEND_SMS
25/11 12:05:13:372 84927000666: SMSC - SMSC.SEND_SMS
25/11 12:05:13:382 84927000667: SMSC - SMSC.SEND_SMS
25/11 12:05:13:393 84927000668: SMSC - SMSC.SEND_SMS
25/11 12:05:13:405 84927000669: SMSC - SMSC.SEND_SMS
25/11 12:05:13:417 84927000670: SMSC - SMSC.SEND_SMS
25/11 12:05:13:428 84927000671: SMSC - SMSC.SEND_SMS
25/11 12:05:13:438 84927000673: SMSC - SMSC.SEND_SMS
25/11 12:05:13:449 84927000674: SMSC - SMSC.SEND_SMS
