03/09 08:29:34:491 Command Routing started
03/09 08:29:34:639 Starting process session
03/09 08:29:38:776 Total 0 instances are started
03/09 08:29:38:777 Total 1 instances are added
03/09 08:32:05:667 Command Routing started
03/09 08:32:05:696 Starting process session
03/09 08:32:06:727 Total 0 instances are started
03/09 08:32:06:728 Total 1 instances are added
03/09 08:33:15:202 Command Routing started
03/09 08:33:15:253 Starting process session
03/09 08:33:19:421 Total 0 instances are started
03/09 08:33:19:422 Total 1 instances are added
03/09 08:36:52:409 Command Routing started
03/09 08:36:52:481 Starting process session
03/09 08:36:56:688 Total 0 instances are started
03/09 08:36:56:691 Total 1 instances are added
03/09 08:42:37:090 Command Routing started
03/09 08:42:37:146 Starting process session
03/09 08:42:40:813 Total 0 instances are started
03/09 08:42:40:813 Total 1 instances are added
03/09 08:43:53:323 Command Routing started
03/09 08:43:53:360 Starting process session
03/09 08:43:57:112 Total 0 instances are started
03/09 08:43:57:112 Total 1 instances are added
03/09 08:47:59:874 Command Routing started
03/09 08:47:59:939 Starting process session
03/09 08:48:01:818 Total 0 instances are started
03/09 08:48:01:825 Total 1 instances are added
03/09 09:07:34:809 Close queue connection pool.
03/09 09:07:34:816 End of process session
03/09 09:07:34:817 Command Routing stopped
03/09 09:07:36:734 Command Routing started
03/09 09:07:36:753 Starting process session
03/09 09:07:36:885 Total 0 instances are started
03/09 09:07:36:888 Total 1 instances are added
03/09 09:15:01:736 84922000514: SMSC - SMSC.SEND_SMS
03/09 09:15:01:737 84922000514: SMSC - SMSC.SEND_SMS
03/09 09:15:01:825 84922000514: SMSC - SMSC.SEND_SMS
03/09 09:15:01:828 84922000514: SMSC - SMSC.SEND_SMS
03/09 09:15:01:957 84922000514: SMSC - SMSC.SEND_SMS
03/09 09:15:01:991 84922000514: SMSC - SMSC.SEND_SMS
03/09 09:15:02:026 84922000514: SMSC - SMSC.SEND_SMS
03/09 09:15:02:061 84922000514: SMSC - SMSC.SEND_SMS
03/09 09:19:49:989 Command Routing started
03/09 09:19:50:031 Starting process session
03/09 09:19:51:703 Total 0 instances are started
03/09 09:19:51:703 Total 1 instances are added
03/09 09:23:54:526 Command Routing started
03/09 09:23:54:617 Starting process session
03/09 09:23:58:274 Total 0 instances are started
03/09 09:23:58:275 Total 1 instances are added
03/09 09:43:00:242 Command Routing started
03/09 09:43:00:285 Starting process session
03/09 09:43:04:225 Total 0 instances are started
03/09 09:43:04:225 Total 1 instances are added
03/09 09:58:40:372 Command Routing started
03/09 09:58:40:434 Starting process session
03/09 09:58:44:036 Total 0 instances are started
03/09 09:58:44:036 Total 1 instances are added
03/09 10:01:33:412 Command Routing started
03/09 10:01:33:455 Starting process session
03/09 10:01:36:585 Total 0 instances are started
03/09 10:01:36:586 Total 1 instances are added
03/09 10:17:45:994 Command Routing started
03/09 10:17:46:122 Starting process session
03/09 10:17:50:095 Total 0 instances are started
03/09 10:17:50:096 Total 1 instances are added
03/09 10:39:42:278 Command Routing started
03/09 10:39:42:347 Starting process session
03/09 10:39:45:965 Total 0 instances are started
03/09 10:39:45:966 Total 1 instances are added
03/09 10:48:24:878 84922000514: SMSC - SMSC.SEND_SMS
03/09 11:15:18:114 Command Routing started
03/09 11:15:18:180 Starting process session
03/09 11:15:22:082 Total 0 instances are started
03/09 11:15:22:082 Total 1 instances are added
03/09 11:22:46:130 84922000514: SMSC - SMSC.SEND_SMS
03/09 11:23:35:231 84922000514: CRM - CRM.SUBSCRIPTION_UNREGIST
03/09 11:24:05:140 84922000514: SMSC - SMSC.SEND_SMS
03/09 11:26:14:547 Command Routing started
03/09 11:26:14:637 Starting process session
03/09 11:26:18:375 Total 0 instances are started
03/09 11:26:18:376 Total 1 instances are added
03/09 11:28:52:379 84922000514: SMSC - SMSC.SEND_SMS
03/09 11:30:37:404 84922000514: SMSC - SMSC.SEND_SMS
03/09 11:36:59:639 84922000514: SMSC - SMSC.SEND_SMS
03/09 11:37:06:652 84922000514: SMSC - SMSC.SEND_SMS
03/09 11:43:06:306 Command Routing started
03/09 11:43:06:325 Starting process session
03/09 11:43:10:128 Total 0 instances are started
03/09 11:43:10:128 Total 1 instances are added
03/09 11:43:51:462 84922000514: SMSC - SMSC.SEND_SMS
03/09 11:45:18:899 Command Routing started
03/09 11:45:18:962 Starting process session
03/09 11:45:23:106 Total 0 instances are started
03/09 11:45:23:106 Total 1 instances are added
03/09 11:50:45:403 Command Routing started
03/09 11:50:45:467 Starting process session
03/09 11:50:48:559 Total 0 instances are started
03/09 11:50:48:560 Total 1 instances are added
03/09 11:51:08:405 84922000514: SMSC - SMSC.SEND_SMS
03/09 13:35:01:593 Command Routing started
03/09 13:35:01:811 Starting process session
03/09 13:35:06:315 Total 0 instances are started
03/09 13:35:06:316 Total 1 instances are added
03/09 13:35:24:217 Command Routing started
03/09 13:35:24:327 Starting process session
03/09 13:35:28:054 Total 0 instances are started
03/09 13:35:28:055 Total 1 instances are added
03/09 13:37:02:386 84922000514: SMSC - SMSC.SEND_SMS
03/09 13:43:02:222 84922000514: SMSC - SMSC.SEND_SMS
03/09 14:03:56:196 84922000514: CRM - CRM.SUBSCRIPTION_REGIST
03/09 14:03:56:226 84922000514: SMSC - SMSC.SEND_SMS
03/09 14:03:56:473 84922000514: SMSC - SMSC.SEND_SMS
03/09 14:05:41:995 84922000514: SMSC - SMSC.SEND_SMS
03/09 14:06:07:069 84922000514: CRM - LOYALTY.VALIDATE
03/09 14:13:00:283 84922000514: CRM - LOYALTY.VALIDATE
03/09 14:17:26:791 Command Routing started
03/09 14:17:26:837 Starting process session
03/09 14:17:27:813 Total 0 instances are started
03/09 14:17:27:813 Total 1 instances are added
03/09 14:18:03:753 84922000514: CRM - LOYALTY.VALIDATE
03/09 14:18:03:878 84922000514: CCWS - LOYALTY.LOYATY_MODIFY_BALANCE
03/09 14:18:05:710 84922000514: CRM - LOYALTY.UPDATE_DB
03/09 14:19:25:745 84922000514: SMSC - SMSC.SEND_SMS
03/09 14:26:08:029 Command Routing started
03/09 14:26:08:073 Starting process session
03/09 14:26:11:474 Total 0 instances are started
03/09 14:26:11:474 Total 1 instances are added
03/09 14:28:52:977 Command Routing started
03/09 14:28:53:108 Starting process session
03/09 14:28:56:822 Total 0 instances are started
03/09 14:28:56:823 Total 1 instances are added
03/09 14:31:55:049 Command Routing started
03/09 14:31:55:155 Starting process session
03/09 14:31:56:933 Total 0 instances are started
03/09 14:31:56:933 Total 1 instances are added
03/09 14:33:42:766 Command Routing started
03/09 14:33:42:834 Starting process session
03/09 14:33:44:965 Total 0 instances are started
03/09 14:33:44:967 Total 1 instances are added
03/09 14:35:52:152 Command Routing started
03/09 14:35:52:197 Starting process session
03/09 14:35:55:770 Total 0 instances are started
03/09 14:35:55:770 Total 1 instances are added
03/09 14:40:10:725 Command Routing started
03/09 14:40:10:768 Starting process session
03/09 14:40:14:520 Total 0 instances are started
03/09 14:40:14:520 Total 1 instances are added
03/09 14:49:35:240 Command Routing started
03/09 14:49:35:257 Starting process session
03/09 14:49:39:811 Total 0 instances are started
03/09 14:49:39:812 Total 1 instances are added
03/09 14:57:30:153 Command Routing started
03/09 14:57:30:199 Starting process session
03/09 14:57:33:903 Total 0 instances are started
03/09 14:57:33:903 Total 1 instances are added
03/09 15:00:39:909 Command Routing started
03/09 15:00:39:976 Starting process session
03/09 15:00:43:610 Total 0 instances are started
03/09 15:00:43:610 Total 1 instances are added
03/09 15:02:00:015 Command Routing started
03/09 15:02:00:080 Starting process session
03/09 15:02:03:872 Total 0 instances are started
03/09 15:02:03:872 Total 1 instances are added
03/09 15:03:03:025 84922000514: CRM - LOYALTY.VALIDATE
03/09 15:03:03:124 84922000514: CRM - LOYALTY.BALANCE_QUERY
03/09 15:06:39:009 84922000514: CRM - LOYALTY.VALIDATE
03/09 15:06:39:053 84922000514: CRM - LOYALTY.BALANCE_QUERY
03/09 15:10:11:148 Command Routing started
03/09 15:10:11:169 Starting process session
03/09 15:10:15:000 Total 0 instances are started
03/09 15:10:15:000 Total 1 instances are added
03/09 15:10:41:138 84922000514: CRM - LOYALTY.VALIDATE
03/09 15:10:41:234 84922000514: CRM - LOYALTY.BALANCE_QUERY
03/09 15:19:54:425 84922000514: CRM - LOYALTY.VALIDATE
03/09 15:19:54:520 84922000514: CRM - LOYALTY.BALANCE_QUERY
03/09 15:25:25:004 84922000514: CRM - LOYALTY.VALIDATE
03/09 15:25:25:021 84922000514: SMSC - SMSC.SEND_SMS
03/09 15:25:25:116 84922000514: CRM - LOYALTY.BALANCE_QUERY
03/09 15:25:25:233 84922000514: SMSC - SMSC.SEND_SMS
03/09 15:31:13:855 Command Routing started
03/09 15:31:13:892 Starting process session
03/09 15:31:18:135 Total 0 instances are started
03/09 15:31:18:136 Total 1 instances are added
03/09 15:31:40:997 84922000514: CRM - LOYALTY.VALIDATE
03/09 15:31:41:072 84922000514: CRM - LOYALTY.BALANCE_QUERY
03/09 15:49:52:231 Command Routing started
03/09 15:49:52:325 Starting process session
03/09 15:49:56:138 Total 0 instances are started
03/09 15:49:56:138 Total 1 instances are added
03/09 15:50:18:352 84922000514: CRM - LOYALTY.VALIDATE
03/09 15:50:18:402 84922000514: SMSC - SMSC.SEND_SMS
03/09 15:50:18:438 84922000514: CRM - LOYALTY.BALANCE_QUERY
03/09 15:50:18:553 84922000514: SMSC - SMSC.SEND_SMS
03/09 15:51:24:275 84922000514: CRM - LOYALTY.VALIDATE
03/09 15:51:24:291 84922000514: SMSC - SMSC.SEND_SMS
03/09 15:51:24:316 84922000514: CRM - LOYALTY.BALANCE_QUERY
03/09 15:51:24:441 84922000514: SMSC - SMSC.SEND_SMS
03/09 15:54:14:703 Command Routing started
03/09 15:54:14:725 Starting process session
03/09 15:54:18:952 Total 0 instances are started
03/09 15:54:18:953 Total 1 instances are added
03/09 15:54:29:906 84922000514: CRM - LOYALTY.VALIDATE
03/09 15:54:29:933 84922000514: SMSC - SMSC.SEND_SMS
03/09 15:54:29:979 84922000514: CRM - LOYALTY.BALANCE_QUERY
03/09 15:54:30:124 84922000514: SMSC - SMSC.SEND_SMS
03/09 15:54:37:664 84922000514: CRM - LOYALTY.VALIDATE
03/09 15:54:37:669 84922000514: SMSC - SMSC.SEND_SMS
03/09 15:54:37:754 84922000514: CRM - LOYALTY.BALANCE_QUERY
03/09 15:54:37:869 84922000514: SMSC - SMSC.SEND_SMS
03/09 15:54:49:677 84922000514: CRM - LOYALTY.VALIDATE
03/09 15:54:49:684 84922000514: SMSC - SMSC.SEND_SMS
03/09 15:54:49:791 84922000514: CRM - LOYALTY.BALANCE_QUERY
03/09 15:54:49:906 84922000514: SMSC - SMSC.SEND_SMS
03/09 15:57:44:955 Command Routing started
03/09 15:57:45:021 Starting process session
03/09 15:57:48:949 Total 0 instances are started
03/09 15:57:48:950 Total 1 instances are added
03/09 15:58:04:941 84922000514: CRM - LOYALTY.VALIDATE
03/09 15:58:04:946 84922000514: SMSC - SMSC.SEND_SMS
03/09 15:58:05:052 84922000514: CRM - LOYALTY.BALANCE_QUERY
03/09 15:58:05:168 84922000514: SMSC - SMSC.SEND_SMS
03/09 16:00:59:035 84922000514: CRM - LOYALTY.VALIDATE
03/09 16:00:59:040 84922000514: SMSC - SMSC.SEND_SMS
03/09 16:00:59:178 84922000514: CRM - LOYALTY.BALANCE_QUERY
03/09 16:00:59:307 84922000514: SMSC - SMSC.SEND_SMS
03/09 16:01:28:947 84922000514: CRM - LOYALTY.VALIDATE
03/09 16:01:28:955 84922000514: SMSC - SMSC.SEND_SMS
03/09 16:01:29:022 84922000514: CRM - LOYALTY.BALANCE_QUERY
03/09 16:01:29:132 84922000514: SMSC - SMSC.SEND_SMS
03/09 16:04:12:908 Command Routing started
03/09 16:04:12:999 Starting process session
03/09 16:04:17:543 Total 0 instances are started
03/09 16:04:17:545 Total 1 instances are added
03/09 16:05:40:358 84922000514: SMSC - SMSC.SEND_SMS
03/09 16:08:10:999 Command Routing started
03/09 16:08:11:039 Starting process session
03/09 16:08:15:235 Total 0 instances are started
03/09 16:08:15:235 Total 1 instances are added
03/09 16:09:27:009 84922000514: CRM - LOYALTY.VALIDATE
03/09 16:09:27:041 84922000514: SMSC - SMSC.SEND_SMS
03/09 16:11:36:829 84922000514: CRM - LOYALTY.BALANCE_QUERY
03/09 16:12:44:762 Command Routing started
03/09 16:12:44:810 Starting process session
03/09 16:12:46:899 Total 0 instances are started
03/09 16:12:46:900 Total 1 instances are added
03/09 16:13:04:821 84922000514: CRM - LOYALTY.VALIDATE
03/09 16:13:04:843 84922000514: SMSC - SMSC.SEND_SMS
03/09 16:13:04:868 84922000514: CRM - LOYALTY.BALANCE_QUERY
03/09 16:13:04:988 84922000514: SMSC - SMSC.SEND_SMS
03/09 16:13:30:817 84922000514: CRM - LOYALTY.VALIDATE
03/09 16:13:30:822 84922000514: SMSC - SMSC.SEND_SMS
03/09 16:13:30:868 84922000514: CRM - LOYALTY.BALANCE_QUERY
03/09 16:13:30:993 84922000514: SMSC - SMSC.SEND_SMS
03/09 16:15:13:314 Command Routing started
03/09 16:15:13:343 Starting process session
03/09 16:15:17:495 Total 0 instances are started
03/09 16:15:17:496 Total 1 instances are added
03/09 16:15:42:290 84922000514: CRM - LOYALTY.VALIDATE
03/09 16:16:22:211 84922000514: SMSC - SMSC.SEND_SMS
03/09 16:16:40:232 84922000514: CRM - LOYALTY.BALANCE_QUERY
03/09 16:16:56:854 84922000514: SMSC - SMSC.SEND_SMS
03/09 16:17:28:560 Command Routing started
03/09 16:17:28:652 Starting process session
03/09 16:17:32:610 Total 0 instances are started
03/09 16:17:32:610 Total 1 instances are added
03/09 16:17:48:473 84922000514: CRM - LOYALTY.VALIDATE
03/09 16:18:30:469 84922000514: SMSC - SMSC.SEND_SMS
03/09 16:18:50:733 84922000514: CRM - LOYALTY.BALANCE_QUERY
03/09 16:20:13:817 Command Routing started
03/09 16:20:13:863 Starting process session
03/09 16:20:17:753 Total 0 instances are started
03/09 16:20:17:753 Total 1 instances are added
03/09 16:20:31:754 84922000514: CRM - LOYALTY.VALIDATE
03/09 16:20:58:078 84922000514: SMSC - SMSC.SEND_SMS
03/09 16:21:44:792 84922000514: CRM - LOYALTY.BALANCE_QUERY
03/09 16:24:33:579 Command Routing started
03/09 16:24:33:619 Starting process session
03/09 16:24:34:757 Total 0 instances are started
03/09 16:24:34:758 Total 1 instances are added
03/09 16:25:08:424 84922000514: CRM - LOYALTY.VALIDATE
03/09 16:25:08:528 84922000514: CRM - LOYALTY.BALANCE_QUERY
03/09 16:28:28:732 Command Routing started
03/09 16:28:28:812 Starting process session
03/09 16:28:32:645 Total 0 instances are started
03/09 16:28:32:646 Total 1 instances are added
03/09 16:28:56:809 84922000514: CRM - LOYALTY.VALIDATE
03/09 16:29:11:972 84922000514: SMSC - SMSC.SEND_SMS
03/09 16:31:07:448 Command Routing started
03/09 16:31:07:520 Starting process session
03/09 16:31:11:460 Total 0 instances are started
03/09 16:31:11:461 Total 1 instances are added
03/09 16:32:05:741 84922000514: CRM - LOYALTY.VALIDATE
03/09 16:32:05:806 84922000514: CRM - LOYALTY.BALANCE_QUERY
03/09 16:35:08:761 Command Routing started
03/09 16:35:08:831 Starting process session
03/09 16:35:09:830 Total 0 instances are started
03/09 16:35:09:830 Total 1 instances are added
03/09 16:36:03:997 84922000514: CRM - LOYALTY.VALIDATE
03/09 16:36:04:100 84922000514: CRM - LOYALTY.BALANCE_QUERY
03/09 16:41:22:932 Command Routing started
03/09 16:41:23:021 Starting process session
03/09 16:41:26:794 Total 0 instances are started
03/09 16:41:26:794 Total 1 instances are added
03/09 16:43:40:476 Command Routing started
03/09 16:43:40:562 Starting process session
03/09 16:43:43:609 Total 0 instances are started
03/09 16:43:43:610 Total 1 instances are added
03/09 16:44:11:379 84922000514: CRM - LOYALTY.VALIDATE
03/09 16:44:11:391 84922000514: SMSC - SMSC.SEND_SMS
03/09 16:44:11:477 84922000514: CRM - LOYALTY.BALANCE_QUERY
03/09 16:44:11:597 84922000514: SMSC - SMSC.SEND_SMS
03/09 16:51:18:014 Command Routing started
03/09 16:51:18:034 Starting process session
03/09 16:51:21:769 Total 0 instances are started
03/09 16:51:21:770 Total 1 instances are added
03/09 16:51:46:843 84922000514: CRM - LOYALTY.VALIDATE
03/09 16:51:46:858 84922000514: SMSC - SMSC.SEND_SMS
03/09 16:51:46:961 84922000514: CRM - LOYALTY.BALANCE_QUERY
03/09 16:51:47:072 84922000514: SMSC - SMSC.SEND_SMS
03/09 16:54:39:822 84922000514: CRM - LOYALTY.VALIDATE
03/09 16:54:39:842 84922000514: SMSC - SMSC.SEND_SMS
03/09 16:54:39:938 84922000514: CRM - LOYALTY.BALANCE_QUERY
03/09 16:54:40:054 84922000514: SMSC - SMSC.SEND_SMS
03/09 16:59:04:758 Command Routing started
03/09 16:59:04:865 Starting process session
03/09 16:59:08:739 Total 0 instances are started
03/09 16:59:08:739 Total 1 instances are added
03/09 17:11:11:341 Command Routing started
03/09 17:11:11:413 Starting process session
03/09 17:11:15:336 Total 0 instances are started
03/09 17:11:15:337 Total 1 instances are added
03/09 17:11:25:628 Command Routing started
03/09 17:11:25:722 Starting process session
03/09 17:11:29:529 Total 0 instances are started
03/09 17:11:29:530 Total 1 instances are added
03/09 17:12:14:230 Command Routing started
03/09 17:12:14:279 Starting process session
03/09 17:12:18:316 Total 0 instances are started
03/09 17:12:18:316 Total 1 instances are added
03/09 17:12:59:600 Command Routing started
03/09 17:12:59:666 Starting process session
03/09 17:13:00:885 Total 0 instances are started
03/09 17:13:00:887 Total 1 instances are added
03/09 17:13:19:596 84922000514: CRM - LOYALTY.VALIDATE
03/09 17:13:19:602 84922000514: SMSC - SMSC.SEND_SMS
03/09 17:13:19:629 84922000514: CRM - LOYALTY.BALANCE_QUERY
03/09 17:13:19:765 84922000514: SMSC - SMSC.SEND_SMS
03/09 17:15:47:623 Command Routing started
03/09 17:15:47:714 Starting process session
03/09 17:15:51:410 Total 0 instances are started
03/09 17:15:51:410 Total 1 instances are added
03/09 17:16:09:057 84922000514: CRM - LOYALTY.VALIDATE
03/09 17:16:09:075 84922000514: SMSC - SMSC.SEND_SMS
03/09 17:16:09:198 84922000514: CRM - LOYALTY.BALANCE_QUERY
03/09 17:16:09:315 84922000514: SMSC - SMSC.SEND_SMS
03/09 17:26:47:274 Command Routing started
03/09 17:26:47:316 Starting process session
03/09 17:26:51:128 Total 0 instances are started
03/09 17:26:51:129 Total 1 instances are added
03/09 17:27:22:275 84922000514: CRM - LOYALTY.VALIDATE
03/09 17:27:22:290 84922000514: SMSC - SMSC.SEND_SMS
03/09 17:27:22:313 84922000514: CRM - LOYALTY.BALANCE_QUERY
03/09 17:27:22:438 84922000514: SMSC - SMSC.SEND_SMS
03/09 17:28:33:108 84922000514: SMSC - SMSC.SEND_SMS
03/09 17:37:30:279 Command Routing started
03/09 17:37:30:373 Starting process session
03/09 17:37:31:351 Total 0 instances are started
03/09 17:37:31:351 Total 1 instances are added
03/09 17:38:55:586 84922000514: CRM - LOYALTY.VALIDATE
03/09 17:38:55:599 84922000514: SMSC - SMSC.SEND_SMS
03/09 17:38:55:623 84922000514: CCWS - LOYALTY.LOYATY_MODIFY_BALANCE
03/09 17:38:57:350 84922000514: CRM - LOYALTY.UPDATE_DB
03/09 17:38:57:475 84922000514: SMSC - SMSC.SEND_SMS
03/09 17:41:19:615 84922000514: CRM - LOYALTY.VALIDATE
03/09 17:41:19:623 84922000514: SMSC - SMSC.SEND_SMS
03/09 17:41:19:660 84922000514: CCWS - LOYALTY.LOYATY_MODIFY_BALANCE
03/09 17:41:19:871 84922000514: CRM - LOYALTY.UPDATE_DB
03/09 17:41:19:999 84922000514: SMSC - SMSC.SEND_SMS
03/09 17:45:35:693 84922000514: CRM - LOYALTY.VALIDATE
03/09 17:45:35:699 84922000514: SMSC - SMSC.SEND_SMS
03/09 17:45:35:796 84922000514: CCWS - LOYALTY.LOYATY_MODIFY_BALANCE
03/09 17:45:35:964 84922000514: CRM - LOYALTY.UPDATE_DB
03/09 17:45:36:020 84922000514: SMSC - SMSC.SEND_SMS
03/09 17:49:19:919 Command Routing started
03/09 17:49:19:963 Starting process session
03/09 17:49:23:958 Total 0 instances are started
03/09 17:49:23:958 Total 1 instances are added
03/09 17:50:21:030 84922000514: CRM - LOYALTY.VALIDATE
03/09 17:50:21:036 84922000514: SMSC - SMSC.SEND_SMS
03/09 17:50:21:122 84922000514: CCWS - LOYALTY.LOYATY_MODIFY_BALANCE
03/09 17:52:38:073 84922000514: CRM - LOYALTY.VALIDATE
03/09 17:52:38:077 84922000514: SMSC - SMSC.SEND_SMS
03/09 17:52:38:172 84922000514: CCWS - LOYALTY.LOYATY_MODIFY_BALANCE
03/09 17:52:45:016 84922000514: CRM - LOYALTY.VALIDATE
03/09 17:52:45:020 84922000514: SMSC - SMSC.SEND_SMS
03/09 17:52:45:085 84922000514: CCWS - LOYALTY.LOYATY_MODIFY_BALANCE
03/09 17:54:36:461 Command Routing started
03/09 17:54:36:509 Starting process session
03/09 17:54:40:385 Total 0 instances are started
03/09 17:54:40:386 Total 1 instances are added
03/09 17:54:58:576 Command Routing started
03/09 17:54:58:626 Starting process session
03/09 17:55:02:624 Total 0 instances are started
03/09 17:55:02:624 Total 1 instances are added
03/09 17:55:15:169 84922000514: CRM - LOYALTY.UPDATE_DB
03/09 17:55:15:279 84922000514: SMSC - SMSC.SEND_SMS
03/09 17:56:25:849 Command Routing started
03/09 17:56:25:894 Starting process session
03/09 17:56:29:879 Total 0 instances are started
03/09 17:56:29:879 Total 1 instances are added
03/09 17:56:55:836 84922000514: CRM - LOYALTY.VALIDATE
03/09 17:56:55:853 84922000514: SMSC - SMSC.SEND_SMS
03/09 17:56:55:908 84922000514: CCWS - LOYALTY.LOYATY_MODIFY_BALANCE
03/09 18:02:37:843 Command Routing started
03/09 18:02:37:938 Starting process session
03/09 18:02:41:863 Total 0 instances are started
03/09 18:02:41:863 Total 1 instances are added
03/09 18:03:09:969 84922000514: CRM - LOYALTY.VALIDATE
03/09 18:03:09:986 84922000514: SMSC - SMSC.SEND_SMS
03/09 18:03:10:022 84922000514: CCWS - LOYALTY.LOYATY_MODIFY_BALANCE
03/09 18:07:55:261 Command Routing started
03/09 18:07:55:399 Starting process session
03/09 18:07:56:551 Total 0 instances are started
03/09 18:07:56:551 Total 1 instances are added
03/09 18:08:28:253 84922000514: CRM - LOYALTY.VALIDATE
03/09 18:08:28:259 84922000514: SMSC - SMSC.SEND_SMS
03/09 18:08:28:295 84922000514: CCWS - LOYALTY.LOYATY_MODIFY_BALANCE
03/09 18:11:10:976 84922000514: CRM - LOYALTY.UPDATE_DB
03/09 18:11:11:128 84922000514: SMSC - SMSC.SEND_SMS
03/09 18:11:33:315 84922000514: CRM - LOYALTY.VALIDATE
03/09 18:11:33:319 84922000514: SMSC - SMSC.SEND_SMS
03/09 18:11:33:406 84922000514: CCWS - LOYALTY.LOYATY_MODIFY_BALANCE
03/09 18:12:34:770 84922000514: CRM - LOYALTY.UPDATE_DB
03/09 18:12:34:889 84922000514: SMSC - SMSC.SEND_SMS
03/09 18:16:37:674 Command Routing started
03/09 18:16:37:766 Starting process session
03/09 18:17:08:346 Total 0 instances are started
03/09 18:17:08:347 Total 1 instances are added
03/09 18:17:22:713 84922000514: CRM - LOYALTY.VALIDATE
03/09 18:17:22:730 84922000514: SMSC - SMSC.SEND_SMS
03/09 18:17:22:856 84922000514: CCWS - LOYALTY.LOYATY_MODIFY_BALANCE
03/09 18:22:01:401 Command Routing started
03/09 18:22:01:448 Starting process session
03/09 18:22:05:644 Total 0 instances are started
03/09 18:22:05:644 Total 1 instances are added
03/09 18:22:36:334 84922000514: CRM - LOYALTY.VALIDATE
03/09 18:22:36:347 84922000514: SMSC - SMSC.SEND_SMS
03/09 18:22:36:400 84922000514: CCWS - LOYALTY.LOYATY_MODIFY_BALANCE
03/09 18:44:53:916 Command Routing started
03/09 18:44:54:038 Starting process session
03/09 18:44:57:744 Total 0 instances are started
03/09 18:44:57:744 Total 1 instances are added
03/09 18:46:38:067 84922000514: CRM - LOYALTY.VALIDATE
03/09 18:46:38:074 84922000514: SMSC - SMSC.SEND_SMS
03/09 18:46:38:189 84922000514: CCWS - LOYALTY.LOYATY_MODIFY_BALANCE
