23/08 15:24:45:820 Command Routing started
23/08 15:24:45:955 Starting process session
23/08 15:24:53:499 Total 0 instances are started
23/08 15:24:53:499 Init queue connection pool 1377296693499
23/08 15:24:53:501 Total 1 instances are added
23/08 15:52:56:278 Command Routing started
23/08 15:52:56:325 Starting process session
23/08 15:52:59:359 Total 0 instances are started
23/08 15:52:59:360 Total 1 instances are added
23/08 16:01:41:727 Command Routing started
23/08 16:01:41:820 Starting process session
23/08 16:01:43:346 Total 0 instances are started
23/08 16:01:43:346 Total 1 instances are added
23/08 16:05:29:478 Command Routing started
23/08 16:05:29:498 Starting process session
23/08 16:05:32:073 Total 0 instances are started
23/08 16:05:32:076 Total 1 instances are added
23/08 16:11:28:922 84922000512: CRM - CRM.SUBSCRIPTION_REGIST
23/08 16:11:28:940 84922000512: SMSC - SMSC.SEND_SMS
23/08 16:11:29:048 84922000512: CRM - CRM.SUBSCRIPTION_REGIST
23/08 16:11:29:053 84922000512: SMSC - SMSC.SEND_SMS
23/08 16:11:29:088 84922000512: CRM - CRM.SUBSCRIPTION_REGIST
23/08 16:11:29:105 84922000512: SMSC - SMSC.SEND_SMS
23/08 16:11:29:106 84922000512: SMSC - SMSC.SEND_SMS
23/08 16:11:29:121 84922000512: SMSC - SMSC.SEND_SMS
23/08 16:11:29:134 84922000512: SMSC - SMSC.SEND_SMS
23/08 16:11:29:148 84922000512: SMSC - SMSC.SEND_SMS
23/08 16:11:29:171 84922000512: SMSC - SMSC.SEND_SMS
23/08 16:12:36:517 84922000512: SMSC - SMSC.SEND_SMS
23/08 16:15:05:445 84922000512: SMSC - SMSC.SEND_SMS
23/08 16:23:42:700 84922000516: SMSC - SMSC.SEND_SMS
23/08 16:31:54:005 84922000511: SMSC - SMSC.SEND_SMS
23/08 16:34:22:073 84922000511: SMSC - SMSC.SEND_SMS
23/08 16:39:07:494 Command Routing started
23/08 16:39:07:571 Starting process session
23/08 16:39:10:618 Total 0 instances are started
23/08 16:39:10:618 Total 1 instances are added
23/08 16:41:31:605 Command Routing started
23/08 16:41:31:656 Starting process session
23/08 16:41:33:970 Total 0 instances are started
23/08 16:41:33:979 Total 1 instances are added
23/08 16:45:22:663 Command Routing started
23/08 16:45:22:735 Starting process session
23/08 16:45:26:655 Total 0 instances are started
23/08 16:45:26:656 Total 1 instances are added
23/08 16:48:50:232 84922000511: SMSC - SMSC.SEND_SMS
23/08 16:48:50:277 84922000511: SMSC - SMSC.SEND_SMS
23/08 16:48:50:341 84922000511: SMSC - SMSC.SEND_SMS
23/08 16:48:59:843 Command Routing started
23/08 16:48:59:887 Starting process session
23/08 16:49:03:792 Total 0 instances are started
23/08 16:49:03:793 Total 1 instances are added
23/08 16:49:19:862 84922000511: SMSC - SMSC.SEND_SMS
23/08 16:50:47:790 84922000511: SMSC - SMSC.SEND_SMS
23/08 16:52:20:969 84922000511: SMSC - SMSC.SEND_SMS
23/08 17:04:05:134 84922000511: CRM - CRM.SUBSCRIPTION_REGIST
23/08 17:04:05:149 84922000511: SMSC - SMSC.SEND_SMS
23/08 17:04:05:373 84922000511: SMSC - SMSC.SEND_SMS
23/08 17:17:39:253 84922000511: SMSC - SMSC.SEND_SMS
