09/09 08:43:16:911 Command Routing started
09/09 08:43:17:040 Starting process session
09/09 08:43:22:907 Total 0 instances are started
09/09 08:43:22:908 Total 1 instances are added
09/09 08:48:45:010 84922000514: CRM - LOYALTY.BALANCE_QUERY
09/09 08:48:45:219 84922000514: SMSC - SMSC.SEND_SMS
09/09 08:49:54:160 Command Routing started
09/09 08:49:54:291 Starting process session
09/09 08:49:58:259 Total 0 instances are started
09/09 08:49:58:260 Total 1 instances are added
09/09 08:50:22:162 84922000514: CRM - LOYALTY.BALANCE_QUERY
09/09 08:50:22:311 84922000514: SMSC - SMSC.SEND_SMS
09/09 08:51:18:050 84922000514: CRM - LOYALTY.BALANCE_QUERY
09/09 08:51:18:116 84922000514: SMSC - SMSC.SEND_SMS
09/09 08:53:03:769 84922000514: CRM - LOYALTY.BALANCE_QUERY
09/09 08:53:03:881 84922000514: SMSC - SMSC.SEND_SMS
09/09 08:54:05:903 Command Routing started
09/09 08:54:05:952 Starting process session
09/09 08:54:09:888 Total 0 instances are started
09/09 08:54:09:889 Total 1 instances are added
09/09 08:59:46:076 Command Routing started
09/09 08:59:46:119 Starting process session
09/09 08:59:50:073 Total 0 instances are started
09/09 08:59:50:077 Total 1 instances are added
09/09 09:00:29:637 84922000514: CRM - LOYALTY.BALANCE_QUERY
09/09 09:00:50:423 84922000514: SMSC - SMSC.SEND_SMS
09/09 09:01:26:449 84922000514: CRM - LOYALTY.BALANCE_QUERY
09/09 09:07:12:394 84922000514: SMSC - SMSC.SEND_SMS
09/09 09:07:15:747 84922000514: CRM - LOYALTY.BALANCE_QUERY
09/09 09:07:44:416 Command Routing started
09/09 09:07:44:505 Starting process session
09/09 09:07:48:116 Total 0 instances are started
09/09 09:07:48:116 Total 1 instances are added
09/09 09:08:06:368 84922000514: CRM - LOYALTY.BALANCE_QUERY
09/09 09:08:06:451 84922000514: SMSC - SMSC.SEND_SMS
09/09 09:14:29:638 Command Routing started
09/09 09:14:29:709 Starting process session
09/09 09:14:33:419 Total 0 instances are started
09/09 09:14:33:419 Total 1 instances are added
09/09 09:14:51:574 84922000514: CRM - LOYALTY.BALANCE_QUERY
09/09 09:14:51:647 84922000514: SMSC - SMSC.SEND_SMS
09/09 09:22:06:719 84922000512: CRM - LOYALTY.BALANCE_QUERY
09/09 09:22:06:844 84922000512: SMSC - SMSC.SEND_SMS
09/09 15:00:32:804 Command Routing started
09/09 15:00:32:875 Starting process session
09/09 15:00:34:130 Total 0 instances are started
09/09 15:00:34:130 Total 1 instances are added
09/09 15:01:25:973 84922000514: SMSC - SMSC.SEND_SMS
09/09 15:03:22:977 84922000514: CRM - CRM.SUBSCRIPTION_UNREGIST
09/09 15:03:23:139 84922000514: SMSC - SMSC.SEND_SMS
09/09 15:03:59:914 84922000514: SMSC - SMSC.SEND_SMS
09/09 15:05:53:960 84922000514: SMSC - SMSC.SEND_SMS
09/09 15:13:00:406 Command Routing started
09/09 15:13:00:432 Starting process session
09/09 15:13:02:971 Total 0 instances are started
09/09 15:13:02:972 Total 1 instances are added
09/09 15:13:50:307 84922000514: CRM - LOYALTY.VALIDATE
09/09 15:13:50:394 84922000514: SMSC - SMSC.SEND_SMS
09/09 15:14:56:347 84922000512: SMSC - SMSC.SEND_SMS
09/09 15:29:47:260 Command Routing started
09/09 15:29:47:374 Starting process session
09/09 15:29:51:102 Total 0 instances are started
09/09 15:29:51:102 Total 1 instances are added
09/09 15:33:10:394 84922000514: CRM - LOYALTY.VALIDATE
09/09 15:33:10:525 84922000514: SMSC - SMSC.SEND_SMS
09/09 15:36:48:685 84922000514: CRM - CRM.SUBSCRIPTION_REGIST
09/09 15:36:48:824 84922000514: SMSC - SMSC.SEND_SMS
09/09 15:37:29:541 84922000514: CRM - LOYALTY.VALIDATE
09/09 15:37:29:579 84922000514: CCWS - LOYALTY.LOYATY_MODIFY_BALANCE
09/09 15:40:44:580 84922000514: CRM - LOYALTY.VALIDATE
09/09 15:40:44:711 84922000514: CCWS - LOYALTY.LOYATY_MODIFY_BALANCE
09/09 15:44:54:271 Command Routing started
09/09 15:44:54:309 Starting process session
09/09 15:44:58:298 Total 0 instances are started
09/09 15:44:58:301 Total 1 instances are added
09/09 15:45:22:209 84922000514: CRM - LOYALTY.VALIDATE
09/09 15:45:22:321 84922000514: CCWS - LOYALTY.LOYATY_MODIFY_BALANCE
09/09 15:46:29:325 84922000514: CRM - LOYALTY.VALIDATE
09/09 15:46:29:415 84922000514: CCWS - LOYALTY.LOYATY_MODIFY_BALANCE
09/09 15:47:15:386 84922000514: CRM - LOYALTY.VALIDATE
09/09 15:47:15:486 84922000514: CCWS - LOYALTY.LOYATY_MODIFY_BALANCE
09/09 16:27:37:112 84922000514: CRM - LOYALTY.VALIDATE
09/09 16:27:37:307 84922000514: CCWS - LOYALTY.LOYATY_MODIFY_BALANCE
09/09 16:27:37:546 84922000514: CRM - LOYALTY.UPDATE_DB
09/09 16:28:28:315 Command Routing started
09/09 16:28:28:353 Starting process session
09/09 16:28:30:968 Total 0 instances are started
09/09 16:28:30:968 Total 1 instances are added
09/09 16:29:28:881 84922000514: CRM - LOYALTY.VALIDATE
09/09 16:29:29:045 84922000514: CCWS - LOYALTY.LOYATY_MODIFY_BALANCE
09/09 16:29:29:266 84922000514: CRM - LOYALTY.UPDATE_DB
09/09 16:29:29:391 84922000514: CCWS - LOYALTY_MB_RB
09/09 16:29:29:406 84922000514: SMSC - SMSC.SEND_SMS
09/09 16:33:20:310 84922000514: CRM - LOYALTY.VALIDATE
09/09 16:33:20:408 84922000514: CCWS - LOYALTY.LOYATY_MODIFY_BALANCE
09/09 16:33:20:573 84922000514: CRM - LOYALTY.UPDATE_DB
09/09 16:33:20:642 84922000514: CCWS - LOYALTY_MB_RB
09/09 16:33:20:659 84922000514: SMSC - SMSC.SEND_SMS
09/09 16:34:39:318 84922000514: CRM - LOYALTY.VALIDATE
09/09 16:34:39:397 84922000514: CCWS - LOYALTY.LOYATY_MODIFY_BALANCE
09/09 16:34:39:554 84922000514: CRM - LOYALTY.UPDATE_DB
09/09 16:34:39:627 84922000514: CCWS - LOYALTY_MB_RB
09/09 16:34:39:642 84922000514: SMSC - SMSC.SEND_SMS
09/09 16:39:27:047 Command Routing started
09/09 16:39:27:105 Starting process session
09/09 16:39:31:271 Total 0 instances are started
09/09 16:39:31:272 Total 1 instances are added
09/09 16:39:48:025 84922000514: CRM - LOYALTY.VALIDATE
09/09 16:39:48:230 84922000514: CCWS - LOYALTY.LOYATY_MODIFY_BALANCE
09/09 16:39:48:416 84922000514: CRM - LOYALTY.UPDATE_DB
09/09 16:40:31:177 84922000514: CCWS - LOYALTY_MB_RB
09/09 16:40:31:191 84922000514: SMSC - SMSC.SEND_SMS
09/09 16:45:15:138 84922000514: CRM - LOYALTY.VALIDATE
09/09 16:45:15:184 84922000514: CCWS - LOYALTY.LOYATY_MODIFY_BALANCE
09/09 16:45:47:438 84922000514: CRM - LOYALTY.UPDATE_DB
09/09 16:46:35:514 84922000514: CCWS - LOYALTY_MB_RB
09/09 16:46:35:531 84922000514: SMSC - SMSC.SEND_SMS
09/09 16:47:06:231 84922000514: CRM - LOYALTY.VALIDATE
09/09 16:47:06:270 84922000514: CCWS - LOYALTY.LOYATY_MODIFY_BALANCE
09/09 16:47:45:594 84922000514: CRM - LOYALTY.UPDATE_DB
09/09 16:47:45:859 84922000514: CCWS - LOYALTY_MB_RB
09/09 16:47:45:880 84922000514: SMSC - SMSC.SEND_SMS
09/09 16:47:58:252 84922000514: CRM - LOYALTY.VALIDATE
09/09 16:47:58:307 84922000514: CCWS - LOYALTY.LOYATY_MODIFY_BALANCE
09/09 16:47:58:472 84922000514: CRM - LOYALTY.UPDATE_DB
09/09 16:48:13:440 84922000514: CCWS - LOYALTY_MB_RB
09/09 16:48:13:452 84922000514: SMSC - SMSC.SEND_SMS
09/09 16:48:27:282 84922000514: CRM - LOYALTY.VALIDATE
09/09 16:48:27:401 84922000514: CCWS - LOYALTY.LOYATY_MODIFY_BALANCE
09/09 16:48:27:551 84922000514: CRM - LOYALTY.UPDATE_DB
09/09 16:48:44:919 84922000514: CCWS - LOYALTY_MB_RB
09/09 16:48:44:929 84922000514: SMSC - SMSC.SEND_SMS
09/09 16:50:00:314 84922000514: CRM - LOYALTY.VALIDATE
09/09 16:50:00:475 84922000514: CCWS - LOYALTY.LOYATY_MODIFY_BALANCE
09/09 16:50:00:633 84922000514: CRM - LOYALTY.UPDATE_DB
09/09 16:50:09:172 84922000514: CCWS - LOYALTY_MB_RB
09/09 16:50:09:180 84922000514: SMSC - SMSC.SEND_SMS
09/09 16:51:03:110 Command Routing started
09/09 16:51:03:241 Starting process session
09/09 16:51:07:159 Total 0 instances are started
09/09 16:51:07:160 Total 1 instances are added
09/09 16:51:45:119 84922000514: CRM - LOYALTY.VALIDATE
09/09 16:51:45:232 84922000514: CCWS - LOYALTY.LOYATY_MODIFY_BALANCE
09/09 16:51:45:403 84922000514: CRM - LOYALTY.UPDATE_DB
09/09 16:51:55:817 84922000514: CCWS - LOYALTY_MB_RB
09/09 16:51:55:832 84922000514: SMSC - SMSC.SEND_SMS
09/09 16:52:19:327 Command Routing started
09/09 16:52:19:378 Starting process session
09/09 16:52:23:264 Total 0 instances are started
09/09 16:52:23:264 Total 1 instances are added
09/09 16:52:54:445 84922000514: CRM - LOYALTY.VALIDATE
09/09 16:52:54:590 84922000514: CCWS - LOYALTY.LOYATY_MODIFY_BALANCE
09/09 16:52:54:754 84922000514: CRM - LOYALTY.UPDATE_DB
09/09 16:52:54:833 84922000514: CCWS - LOYALTY_MB_RB
09/09 16:52:54:845 84922000514: SMSC - SMSC.SEND_SMS
09/09 16:53:51:417 84922000514: CRM - LOYALTY.VALIDATE
09/09 16:53:51:484 84922000514: CCWS - LOYALTY.LOYATY_MODIFY_BALANCE
09/09 16:53:51:672 84922000514: CRM - LOYALTY.UPDATE_DB
09/09 16:53:51:816 84922000514: CCWS - LOYALTY_MB_RB
09/09 16:53:51:831 84922000514: SMSC - SMSC.SEND_SMS
09/09 16:58:25:525 84922000514: CRM - LOYALTY.VALIDATE
09/09 16:58:25:559 84922000514: CCWS - LOYALTY.LOYATY_MODIFY_BALANCE
09/09 16:58:25:760 84922000514: CRM - LOYALTY.UPDATE_DB
09/09 16:58:25:887 84922000514: CCWS - LOYALTY_MB_RB
09/09 16:58:25:905 84922000514: SMSC - SMSC.SEND_SMS
09/09 16:58:53:603 84922000514: CRM - LOYALTY.VALIDATE
09/09 16:58:53:742 84922000514: CRM - LOYALTY.UPDATE_DB
09/09 16:58:53:909 84922000514: SMSC - SMSC.SEND_SMS
09/09 17:01:59:745 84922000514: CRM - LOYALTY.VALIDATE
09/09 17:01:59:852 84922000514: CRM - LOYALTY.UPDATE_DB
09/09 17:01:59:989 84922000514: SMSC - SMSC.SEND_SMS
09/09 17:04:48:567 Command Routing started
09/09 17:04:48:653 Starting process session
09/09 17:04:50:182 Total 0 instances are started
09/09 17:04:50:182 Total 1 instances are added
09/09 17:05:20:525 84922000514: CRM - LOYALTY.VALIDATE
09/09 17:05:20:564 84922000514: CRM - LOYALTY.UPDATE_DB
09/09 17:05:20:732 84922000514: SMSC - SMSC.SEND_SMS
09/09 17:12:24:712 84922000514: CRM - LOYALTY.VALIDATE
09/09 17:12:24:779 84922000514: CRM - LOYALTY.UPDATE_DB
09/09 17:12:24:927 84922000514: SMSC - SMSC.SEND_SMS
09/09 17:15:16:749 Command Routing started
09/09 17:15:16:842 Starting process session
09/09 17:15:20:475 Total 0 instances are started
09/09 17:15:20:475 Total 1 instances are added
09/09 17:15:44:320 84922000514: CRM - LOYALTY.VALIDATE
09/09 17:15:44:372 84922000514: CRM - LOYALTY.UPDATE_DB
09/09 17:15:44:522 84922000514: CCWS - LOYALTY.LOYATY_MODIFY_BALANCE
09/09 17:15:44:664 84922000514: SMSC - SMSC.SEND_SMS
09/09 17:16:55:618 84922000514: CRM - LOYALTY.VALIDATE
09/09 17:16:55:732 84922000514: CRM - LOYALTY.UPDATE_DB
09/09 17:16:55:840 84922000514: CCWS - LOYALTY.LOYATY_MODIFY_BALANCE
09/09 17:16:56:004 84922000514: SMSC - SMSC.SEND_SMS
09/09 17:19:25:741 Command Routing started
09/09 17:19:25:821 Starting process session
09/09 17:19:27:796 Total 0 instances are started
09/09 17:19:27:798 Total 1 instances are added
09/09 17:25:12:542 Command Routing started
09/09 17:25:12:629 Starting process session
09/09 17:25:16:282 Total 0 instances are started
09/09 17:25:16:282 Total 1 instances are added
09/09 17:27:15:412 84922000514: CRM - LOYALTY.VALIDATE
09/09 17:27:35:590 84922000514: CRM - LOYALTY.UPDATE_DB
09/09 17:27:35:707 84922000514: CCWS - LOYALTY.LOYATY_MODIFY_BALANCE
09/09 17:27:50:800 84922000514: SMSC - SMSC.SEND_SMS
09/09 17:28:41:205 Command Routing started
09/09 17:28:41:336 Starting process session
09/09 17:28:45:016 Total 0 instances are started
09/09 17:28:45:020 Total 1 instances are added
09/09 17:29:10:851 84922000514: CRM - LOYALTY.VALIDATE
09/09 17:29:10:931 84922000514: CRM - LOYALTY.UPDATE_DB
09/09 17:29:11:150 84922000514: SMSC - SMSC.SEND_SMS
09/09 17:31:10:022 Command Routing started
09/09 17:31:10:061 Starting process session
09/09 17:31:10:960 Total 0 instances are started
09/09 17:31:10:962 Total 1 instances are added
09/09 17:31:35:018 84922000514: CRM - LOYALTY.VALIDATE
09/09 17:31:35:159 84922000514: CRM - LOYALTY.UPDATE_DB
09/09 17:31:35:280 84922000514: CCWS - LOYALTY.LOYATY_MODIFY_BALANCE
09/09 17:31:35:327 84922000514: SMSC - SMSC.SEND_SMS
09/09 17:34:06:086 84922000514: CRM - LOYALTY.VALIDATE
09/09 17:34:06:204 84922000514: CRM - LOYALTY.UPDATE_DB
09/09 17:34:06:333 84922000514: CCWS - LOYALTY.LOYATY_MODIFY_BALANCE
09/09 17:34:06:419 84922000514: SMSC - SMSC.SEND_SMS
09/09 17:35:27:083 84922000514: CRM - LOYALTY.VALIDATE
09/09 17:35:27:184 84922000514: SMSC - SMSC.SEND_SMS
09/09 17:48:38:147 Command Routing started
09/09 17:48:38:167 Starting process session
09/09 17:48:41:831 Total 0 instances are started
09/09 17:48:41:831 Total 1 instances are added
09/09 17:48:46:146 84922000514: CRM - LOYALTY.VALIDATE
09/09 17:48:46:329 84922000514: CRM - LOYALTY.UPDATE_DB
09/09 17:49:11:969 84922000514: CRM - LOYALTY.VALIDATE
09/09 17:49:46:903 84922000514: CRM - LOYALTY.UPDATE_DB
09/09 17:49:51:863 Close queue connection pool.
09/09 17:49:51:866 End of process session
09/09 17:49:51:867 Command Routing stopped
09/09 17:49:53:796 Command Routing started
09/09 17:49:53:819 Starting process session
09/09 17:49:53:934 Total 0 instances are started
09/09 17:49:53:935 Total 1 instances are added
09/09 17:50:02:149 84922000514: CRM - LOYALTY.VALIDATE
09/09 17:50:25:942 Close queue connection pool.
09/09 17:50:25:948 End of process session
09/09 17:50:25:950 Command Routing stopped
09/09 17:50:27:869 Command Routing started
09/09 17:50:27:888 Starting process session
09/09 17:50:28:003 Total 0 instances are started
09/09 17:50:28:004 Total 1 instances are added
09/09 17:50:39:179 84922000514: CRM - LOYALTY.UPDATE_DB
09/09 17:50:47:014 Close queue connection pool.
09/09 17:50:47:021 End of process session
09/09 17:50:47:022 Command Routing stopped
09/09 17:50:49:070 Command Routing started
09/09 17:50:49:088 Starting process session
09/09 17:50:49:202 Total 0 instances are started
09/09 17:50:49:204 Total 1 instances are added
09/09 17:52:50:597 Command Routing started
09/09 17:52:50:617 Starting process session
09/09 17:52:51:729 Total 0 instances are started
09/09 17:52:51:736 Total 1 instances are added
09/09 17:53:18:574 84922000514: CRM - LOYALTY.VALIDATE
09/09 17:53:18:666 84922000514: CRM - LOYALTY.UPDATE_DB
09/09 17:57:33:676 84922000514: CRM - LOYALTY.VALIDATE
09/09 17:59:36:785 84922000514: CRM - LOYALTY.VALIDATE
09/09 18:00:09:551 Close queue connection pool.
09/09 18:00:09:557 End of process session
09/09 18:00:09:559 Command Routing stopped
09/09 18:00:11:481 Command Routing started
09/09 18:00:11:503 Starting process session
09/09 18:00:11:617 Total 0 instances are started
09/09 18:00:11:618 Total 1 instances are added
09/09 18:00:19:839 84922000514: CRM - LOYALTY.UPDATE_DB
09/09 18:00:19:860 84922000514: CRM - LOYALTY.UPDATE_DB
09/09 18:00:47:913 84922000514: CRM - LOYALTY.VALIDATE
09/09 18:01:04:730 Close queue connection pool.
09/09 18:01:04:737 End of process session
09/09 18:01:04:739 Command Routing stopped
09/09 18:01:06:662 Command Routing started
09/09 18:01:06:823 Starting process session
09/09 18:01:06:937 Total 0 instances are started
09/09 18:01:06:939 Total 1 instances are added
09/09 18:01:17:769 Close queue connection pool.
09/09 18:01:17:776 End of process session
09/09 18:01:17:777 Command Routing stopped
09/09 18:01:19:695 Command Routing started
09/09 18:01:19:717 Starting process session
09/09 18:01:19:830 Total 0 instances are started
09/09 18:01:19:831 Total 1 instances are added
09/09 18:01:50:134 84922000514: CRM - LOYALTY.VALIDATE
09/09 18:02:38:215 84922000514: CRM - LOYALTY.BALANCE_QUERY
09/09 18:02:55:163 84922000514: CRM - LOYALTY.UPDATE_DB
09/09 18:02:55:189 84922000514: CRM - LOYALTY.UPDATE_DB
09/09 18:02:55:212 84922000514: SMSC - SMSC.SEND_SMS
09/09 18:03:49:232 84922000514: CRM - LOYALTY.VALIDATE
09/09 18:05:18:323 84922000514: CRM - LOYALTY.VALIDATE
09/09 18:06:10:229 Command Routing started
09/09 18:06:10:294 Starting process session
09/09 18:06:11:546 Total 0 instances are started
09/09 18:06:11:546 Total 1 instances are added
09/09 18:06:43:965 84922000514: CRM - LOYALTY.VALIDATE
09/09 18:07:56:598 Command Routing started
09/09 18:07:56:633 Starting process session
09/09 18:08:00:607 Total 0 instances are started
09/09 18:08:00:607 Total 1 instances are added
09/09 18:08:25:213 Close queue connection pool.
09/09 18:08:25:219 End of process session
09/09 18:08:25:222 Command Routing stopped
09/09 18:08:27:138 Command Routing started
09/09 18:08:27:161 Starting process session
09/09 18:08:27:279 Total 0 instances are started
09/09 18:08:27:281 Total 1 instances are added
09/09 18:08:39:252 84922000514: CRM - LOYALTY.UPDATE_DB
09/09 18:08:39:400 84922000514: CRM - LOYALTY.UPDATE_DB
09/09 18:08:39:816 84922000514: CRM - LOYALTY.UPDATE_DB
09/09 18:08:58:536 84922000514: CRM - LOYALTY.VALIDATE
09/09 18:09:20:699 Command Routing started
09/09 18:09:20:815 Starting process session
09/09 18:09:21:921 Total 0 instances are started
09/09 18:09:21:922 Total 1 instances are added
09/09 18:10:08:436 Command Routing started
09/09 18:10:08:459 Starting process session
09/09 18:10:12:293 Total 0 instances are started
09/09 18:10:12:294 Total 1 instances are added
09/09 18:10:22:829 84922000514: CRM - LOYALTY.UPDATE_DB
09/09 18:10:39:410 Command Routing started
09/09 18:10:39:559 Starting process session
09/09 18:10:40:555 Total 0 instances are started
09/09 18:10:40:557 Total 1 instances are added
09/09 18:10:54:366 Command Routing started
09/09 18:10:54:460 Starting process session
09/09 18:10:55:804 Total 0 instances are started
09/09 18:10:55:804 Total 1 instances are added
09/09 18:11:19:963 Close queue connection pool.
09/09 18:11:19:968 End of process session
09/09 18:11:19:969 Command Routing stopped
09/09 18:11:21:898 Command Routing started
09/09 18:11:21:929 Starting process session
09/09 18:11:22:051 Total 0 instances are started
09/09 18:11:22:053 Total 1 instances are added
09/09 18:11:30:215 84922000514: CRM - LOYALTY.VALIDATE
09/09 18:12:32:565 84922000514: CRM - LOYALTY.UPDATE_DB
09/09 18:15:06:407 84922000514: CRM - LOYALTY.VALIDATE
09/09 18:16:33:489 Command Routing started
09/09 18:16:33:508 Starting process session
09/09 18:16:37:620 Total 0 instances are started
09/09 18:16:37:621 Total 1 instances are added
09/09 18:16:49:427 84922000514: CRM - LOYALTY.UPDATE_DB
09/09 18:20:05:107 Command Routing started
09/09 18:20:05:151 Starting process session
09/09 18:20:08:834 Total 0 instances are started
09/09 18:20:08:834 Total 1 instances are added
09/09 18:20:35:729 84922000514: CRM - LOYALTY.VALIDATE
09/09 18:20:35:853 84922000514: CRM - LOYALTY.UPDATE_DB
09/09 18:21:56:960 84922000514: CRM - LOYALTY.VALIDATE
09/09 18:22:17:969 84922000514: CRM - LOYALTY.UPDATE_DB
