04/09 08:51:02:301 Command Routing started
04/09 08:51:02:321 Starting process session
04/09 08:51:06:444 Total 0 instances are started
04/09 08:51:06:444 Total 1 instances are added
04/09 08:54:50:888 84922000514: CRM - LOYALTY.VALIDATE
04/09 08:54:50:968 84922000514: SMSC - SMSC.SEND_SMS
04/09 08:54:50:971 84922000514: CCWS - LOYALTY.LOYATY_MODIFY_BALANCE
04/09 08:57:22:758 Command Routing started
04/09 08:57:22:850 Starting process session
04/09 08:57:25:124 Total 0 instances are started
04/09 08:57:25:130 Total 1 instances are added
04/09 08:57:39:900 84922000514: CRM - LOYALTY.VALIDATE
04/09 08:57:39:906 84922000514: SMSC - SMSC.SEND_SMS
04/09 08:57:40:013 84922000514: CCWS - LOYALTY.LOYATY_MODIFY_BALANCE
04/09 09:00:32:493 Command Routing started
04/09 09:00:32:560 Starting process session
04/09 09:00:36:697 Total 0 instances are started
04/09 09:00:36:698 Total 1 instances are added
04/09 09:01:01:579 84922000514: CRM - LOYALTY.VALIDATE
04/09 09:01:01:588 84922000514: SMSC - SMSC.SEND_SMS
04/09 09:01:01:654 84922000514: CCWS - LOYALTY.LOYATY_MODIFY_BALANCE
04/09 09:05:42:727 84922000514: CRM - LOYALTY.VALIDATE
04/09 09:05:42:744 84922000514: SMSC - SMSC.SEND_SMS
04/09 09:05:42:823 84922000514: CCWS - LOYALTY.LOYATY_MODIFY_BALANCE
04/09 09:07:27:597 Command Routing started
04/09 09:07:27:634 Starting process session
04/09 09:07:31:711 Total 0 instances are started
04/09 09:07:31:712 Total 1 instances are added
04/09 09:07:55:496 84922000514: CRM - LOYALTY.VALIDATE
04/09 09:07:55:502 84922000514: SMSC - SMSC.SEND_SMS
04/09 09:07:55:611 84922000514: CCWS - LOYALTY.LOYATY_MODIFY_BALANCE
04/09 09:08:02:364 84922000514: CRM - LOYALTY.VALIDATE
04/09 09:08:02:368 84922000514: SMSC - SMSC.SEND_SMS
04/09 09:08:02:504 84922000514: CCWS - LOYALTY.LOYATY_MODIFY_BALANCE
04/09 09:08:17:380 84922000514: CRM - LOYALTY.VALIDATE
04/09 09:08:17:383 84922000514: SMSC - SMSC.SEND_SMS
04/09 09:08:17:469 84922000514: CCWS - LOYALTY.LOYATY_MODIFY_BALANCE
04/09 09:08:24:420 84922000514: CRM - LOYALTY.VALIDATE
04/09 09:08:24:424 84922000514: SMSC - SMSC.SEND_SMS
04/09 09:08:24:498 84922000514: CCWS - LOYALTY.LOYATY_MODIFY_BALANCE
04/09 09:08:39:805 Command Routing started
04/09 09:08:39:851 Starting process session
04/09 09:08:44:088 Total 0 instances are started
04/09 09:08:44:088 Total 1 instances are added
04/09 09:08:58:872 84922000514: CRM - LOYALTY.VALIDATE
04/09 09:08:58:888 84922000514: SMSC - SMSC.SEND_SMS
04/09 09:08:58:943 84922000514: CCWS - LOYALTY.LOYATY_MODIFY_BALANCE
04/09 09:09:10:827 84922000514: CRM - LOYALTY.VALIDATE
04/09 09:09:10:844 84922000514: SMSC - SMSC.SEND_SMS
04/09 09:09:10:893 84922000514: CCWS - LOYALTY.LOYATY_MODIFY_BALANCE
04/09 09:09:40:054 Command Routing started
04/09 09:09:40:101 Starting process session
04/09 09:09:44:124 Total 0 instances are started
04/09 09:09:44:125 Total 1 instances are added
04/09 09:10:26:150 84922000514: CRM - LOYALTY.VALIDATE
04/09 09:10:26:154 84922000514: SMSC - SMSC.SEND_SMS
04/09 09:10:26:231 84922000514: CCWS - LOYALTY.LOYATY_MODIFY_BALANCE
04/09 09:10:51:202 84922000514: CRM - LOYALTY.VALIDATE
04/09 09:10:51:205 84922000514: SMSC - SMSC.SEND_SMS
04/09 09:10:51:251 84922000514: CCWS - LOYALTY.LOYATY_MODIFY_BALANCE
04/09 09:17:58:347 84922000514: CRM - LOYALTY.VALIDATE
04/09 09:17:58:352 84922000514: SMSC - SMSC.SEND_SMS
04/09 09:17:58:477 84922000514: CCWS - LOYALTY.LOYATY_MODIFY_BALANCE
04/09 09:18:05:278 84922000514: CRM - LOYALTY.VALIDATE
04/09 09:18:05:283 84922000514: SMSC - SMSC.SEND_SMS
04/09 09:18:05:391 84922000514: CCWS - LOYALTY.LOYATY_MODIFY_BALANCE
04/09 09:18:21:984 Command Routing started
04/09 09:18:22:174 Starting process session
04/09 09:18:26:113 Total 0 instances are started
04/09 09:18:26:114 Total 1 instances are added
04/09 09:18:47:705 Command Routing started
04/09 09:18:47:825 Starting process session
04/09 09:18:51:764 Total 0 instances are started
04/09 09:18:51:764 Total 1 instances are added
04/09 09:20:14:112 Command Routing started
04/09 09:20:14:156 Starting process session
04/09 09:20:17:989 Total 0 instances are started
04/09 09:20:17:989 Total 1 instances are added
04/09 09:20:39:887 84922000514: CRM - LOYALTY.VALIDATE
04/09 09:20:39:903 84922000514: SMSC - SMSC.SEND_SMS
04/09 09:20:39:957 84922000514: CCWS - LOYALTY.LOYATY_MODIFY_BALANCE
04/09 09:22:33:218 Command Routing started
04/09 09:22:33:264 Starting process session
04/09 09:22:37:245 Total 0 instances are started
04/09 09:22:37:246 Total 1 instances are added
04/09 09:23:06:234 84922000514: CRM - LOYALTY.VALIDATE
04/09 09:23:06:255 84922000514: SMSC - SMSC.SEND_SMS
04/09 09:23:06:300 84922000514: CCWS - LOYALTY.LOYATY_MODIFY_BALANCE
04/09 09:23:56:128 Command Routing started
04/09 09:23:56:263 Starting process session
04/09 09:23:57:844 Total 0 instances are started
04/09 09:23:57:845 Total 1 instances are added
04/09 09:24:15:920 84922000514: CRM - LOYALTY.VALIDATE
04/09 09:24:15:935 84922000514: SMSC - SMSC.SEND_SMS
04/09 09:24:15:996 84922000514: CCWS - LOYALTY.LOYATY_MODIFY_BALANCE
04/09 09:30:32:367 Command Routing started
04/09 09:30:32:438 Starting process session
04/09 09:30:36:345 Total 0 instances are started
04/09 09:30:36:346 Total 1 instances are added
04/09 09:31:02:259 84922000514: CRM - LOYALTY.VALIDATE
04/09 09:31:02:281 84922000514: SMSC - SMSC.SEND_SMS
04/09 09:33:03:821 Command Routing started
04/09 09:33:03:890 Starting process session
04/09 09:33:07:862 Total 0 instances are started
04/09 09:33:07:865 Total 1 instances are added
04/09 09:33:23:798 84922000514: CRM - LOYALTY.VALIDATE
04/09 09:33:23:805 84922000514: SMSC - SMSC.SEND_SMS
04/09 09:38:02:755 Command Routing started
04/09 09:38:02:880 Starting process session
04/09 09:38:06:728 Total 0 instances are started
04/09 09:38:06:728 Total 1 instances are added
04/09 09:38:28:536 84922000514: CRM - LOYALTY.VALIDATE
04/09 09:38:28:545 84922000514: SMSC - SMSC.SEND_SMS
04/09 09:39:34:902 84922000514: CCWS - LOYALTY.LOYATY_MODIFY_BALANCE
04/09 09:39:36:698 84922000514: CRM - LOYALTY.UPDATE_DB
04/09 09:39:36:791 84922000514: SMSC - SMSC.SEND_SMS
04/09 10:04:43:581 Command Routing started
04/09 10:04:43:686 Starting process session
04/09 10:04:44:932 Total 0 instances are started
04/09 10:04:44:932 Total 1 instances are added
04/09 10:13:26:496 Command Routing started
04/09 10:13:26:542 Starting process session
04/09 10:13:30:163 Total 0 instances are started
04/09 10:13:30:164 Total 1 instances are added
04/09 10:13:56:447 84922000514: CRM - CRM.SUBSCRIPTION_UNREGIST
04/09 10:14:51:274 Close queue connection pool.
04/09 10:14:51:281 End of process session
04/09 10:14:51:283 Command Routing stopped
04/09 10:14:53:190 Command Routing started
04/09 10:14:53:208 Starting process session
04/09 10:14:53:325 Total 0 instances are started
04/09 10:14:53:326 Total 1 instances are added
04/09 10:21:01:182 Command Routing started
04/09 10:21:01:244 Starting process session
04/09 10:21:04:825 Total 0 instances are started
04/09 10:21:04:825 Total 1 instances are added
04/09 10:21:38:163 84922000514: CRM - CRM.SUBSCRIPTION_REGIST
04/09 10:21:38:170 84922000514: SMSC - SMSC.SEND_SMS
04/09 10:21:38:328 84922000514: SMSC - SMSC.SEND_SMS
04/09 10:23:35:005 84922000514: SMSC - SMSC.SEND_SMS
04/09 10:27:21:297 84922000514: CRM - CRM.SUBSCRIPTION_REGIST
04/09 10:27:21:431 84922000514: SMSC - SMSC.SEND_SMS
04/09 10:27:21:542 84922000514: SMSC - SMSC.SEND_SMS
04/09 10:29:44:456 84922000514: CRM - CRM.SUBSCRIPTION_REGIST
04/09 10:29:44:461 84922000514: SMSC - SMSC.SEND_SMS
04/09 10:29:44:516 84922000514: SMSC - SMSC.SEND_SMS
04/09 10:33:01:603 84922000511: SMSC - SMSC.SEND_SMS
04/09 10:45:18:860 84922000511: SMSC - SMSC.SEND_SMS
04/09 10:48:35:963 84922000511: SMSC - SMSC.SEND_SMS
04/09 10:49:17:968 84922000514: CRM - CRM.SUBSCRIPTION_REGIST
04/09 10:49:17:982 84922000514: SMSC - SMSC.SEND_SMS
04/09 10:49:18:128 84922000514: SMSC - SMSC.SEND_SMS
04/09 10:50:03:986 84922000514: SMSC - SMSC.SEND_SMS
04/09 10:55:14:198 84922000514: CRM - LOYALTY.VALIDATE
04/09 10:55:14:214 84922000514: SMSC - SMSC.SEND_SMS
04/09 11:00:02:478 84922000514: CRM - LOYALTY.VALIDATE
04/09 11:00:02:482 84922000514: SMSC - SMSC.SEND_SMS
04/09 11:02:28:113 Command Routing started
04/09 11:02:28:181 Starting process session
04/09 11:02:32:083 Total 0 instances are started
04/09 11:02:32:084 Total 1 instances are added
04/09 11:03:29:787 84922000514: CRM - LOYALTY.VALIDATE
04/09 11:03:29:821 84922000514: SMSC - SMSC.SEND_SMS
04/09 11:07:21:353 Command Routing started
04/09 11:07:21:395 Starting process session
04/09 11:07:24:503 Total 0 instances are started
04/09 11:07:24:507 Total 1 instances are added
04/09 11:08:07:585 84922000514: CRM - LOYALTY.VALIDATE
04/09 11:08:07:603 84922000514: SMSC - SMSC.SEND_SMS
04/09 11:10:33:989 Command Routing started
04/09 11:10:34:051 Starting process session
04/09 11:10:36:663 Total 0 instances are started
04/09 11:10:36:664 Total 1 instances are added
04/09 11:11:03:906 84922000514: CRM - LOYALTY.VALIDATE
04/09 11:11:03:923 84922000514: SMSC - SMSC.SEND_SMS
04/09 11:11:12:837 84922000514: CRM - LOYALTY.VALIDATE
04/09 11:11:12:843 84922000514: SMSC - SMSC.SEND_SMS
04/09 11:15:42:565 Command Routing started
04/09 11:15:42:610 Starting process session
04/09 11:15:46:403 Total 0 instances are started
04/09 11:15:46:404 Total 1 instances are added
04/09 11:16:04:722 84922000514: CRM - LOYALTY.VALIDATE
04/09 11:16:04:727 84922000514: SMSC - SMSC.SEND_SMS
04/09 11:17:25:427 Command Routing started
04/09 11:17:25:523 Starting process session
04/09 11:17:29:334 Total 0 instances are started
04/09 11:17:29:334 Total 1 instances are added
04/09 11:17:43:391 84922000514: CRM - LOYALTY.VALIDATE
04/09 11:17:43:397 84922000514: SMSC - SMSC.SEND_SMS
04/09 11:19:58:829 Command Routing started
04/09 11:19:58:877 Starting process session
04/09 11:20:02:725 Total 0 instances are started
04/09 11:20:02:725 Total 1 instances are added
04/09 11:20:21:761 84922000514: CRM - LOYALTY.VALIDATE
04/09 11:20:21:778 84922000514: SMSC - SMSC.SEND_SMS
04/09 11:23:30:642 Command Routing started
04/09 11:23:30:682 Starting process session
04/09 11:23:34:324 Total 0 instances are started
04/09 11:23:34:325 Total 1 instances are added
04/09 11:23:56:147 84922000514: CRM - LOYALTY.VALIDATE
04/09 11:23:56:152 84922000514: SMSC - SMSC.SEND_SMS
04/09 11:24:41:478 84922000514: CRM - LOYALTY.VALIDATE
04/09 11:24:41:493 84922000514: SMSC - SMSC.SEND_SMS
04/09 11:27:09:884 Command Routing started
04/09 11:27:10:029 Starting process session
04/09 11:27:13:938 Total 0 instances are started
04/09 11:27:13:939 Total 1 instances are added
04/09 11:27:14:049 Total 0 instances are started
04/09 11:27:14:050 Total 1 instances are added
04/09 11:27:14:219 Total 0 instances are started
04/09 11:27:14:220 Total 1 instances are added
04/09 11:27:37:239 84922000514: CRM - LOYALTY.VALIDATE
04/09 11:27:37:245 84922000514: SMSC - SMSC.SEND_SMS
04/09 11:28:39:347 Command Routing started
04/09 11:28:39:391 Starting process session
04/09 11:28:43:461 Total 0 instances are started
04/09 11:28:43:465 Total 1 instances are added
04/09 11:28:58:985 84922000514: CRM - LOYALTY.VALIDATE
04/09 11:28:58:991 84922000514: SMSC - SMSC.SEND_SMS
04/09 11:29:10:087 84922000514: CRM - LOYALTY.VALIDATE
04/09 11:29:10:092 84922000514: SMSC - SMSC.SEND_SMS
04/09 11:30:36:363 Command Routing started
04/09 11:30:36:405 Starting process session
04/09 11:30:40:335 Total 0 instances are started
04/09 11:30:40:335 Total 1 instances are added
04/09 11:30:57:344 84922000514: CRM - LOYALTY.VALIDATE
04/09 11:30:57:352 84922000514: SMSC - SMSC.SEND_SMS
04/09 11:33:22:712 Command Routing started
04/09 11:33:22:785 Starting process session
04/09 11:33:26:734 Total 0 instances are started
04/09 11:33:26:735 Total 1 instances are added
04/09 11:33:57:785 84922000514: CRM - LOYALTY.VALIDATE
04/09 11:33:57:800 84922000514: SMSC - SMSC.SEND_SMS
04/09 11:35:49:986 Command Routing started
04/09 11:35:50:108 Starting process session
04/09 11:35:53:963 Total 0 instances are started
04/09 11:35:53:964 Total 1 instances are added
04/09 11:36:16:879 84922000514: CRM - LOYALTY.VALIDATE
04/09 11:36:16:895 84922000514: SMSC - SMSC.SEND_SMS
04/09 11:38:03:823 Command Routing started
04/09 11:38:03:843 Starting process session
04/09 11:38:07:758 Total 0 instances are started
04/09 11:38:07:758 Total 1 instances are added
04/09 11:38:07:870 Total 0 instances are started
04/09 11:38:07:870 Total 1 instances are added
04/09 11:38:08:126 Total 0 instances are started
04/09 11:38:08:127 Total 1 instances are added
04/09 11:38:30:875 84922000514: CRM - LOYALTY.VALIDATE
04/09 11:38:30:894 84922000514: SMSC - SMSC.SEND_SMS
04/09 11:46:57:402 Command Routing started
04/09 11:46:57:512 Starting process session
04/09 11:47:01:713 Total 0 instances are started
04/09 11:47:01:713 Total 1 instances are added
04/09 11:47:20:621 84922000514: CRM - LOYALTY.VALIDATE
04/09 11:47:20:627 84922000514: SMSC - SMSC.SEND_SMS
04/09 11:48:09:680 84922000514: CRM - LOYALTY.VALIDATE
04/09 11:48:09:687 84922000514: SMSC - SMSC.SEND_SMS
04/09 11:48:28:147 Command Routing started
04/09 11:48:28:218 Starting process session
04/09 11:48:29:849 Total 0 instances are started
04/09 11:48:29:850 Total 1 instances are added
04/09 11:48:51:381 Command Routing started
04/09 11:48:51:434 Starting process session
04/09 11:48:55:322 Total 0 instances are started
04/09 11:48:55:323 Total 1 instances are added
04/09 11:49:11:595 Command Routing started
04/09 11:49:11:615 Starting process session
04/09 11:49:15:580 Total 0 instances are started
04/09 11:49:15:581 Total 1 instances are added
04/09 11:49:34:623 84922000514: CRM - LOYALTY.VALIDATE
04/09 11:49:34:640 84922000514: SMSC - SMSC.SEND_SMS
04/09 11:52:14:296 Command Routing started
04/09 11:52:14:385 Starting process session
04/09 11:52:18:264 Total 0 instances are started
04/09 11:52:18:264 Total 1 instances are added
04/09 11:52:52:573 84922000514: CRM - LOYALTY.VALIDATE
04/09 11:52:52:588 84922000514: SMSC - SMSC.SEND_SMS
04/09 11:54:15:884 Command Routing started
04/09 11:54:16:023 Starting process session
04/09 11:54:20:015 Total 0 instances are started
04/09 11:54:20:015 Total 1 instances are added
04/09 11:54:35:995 84922000514: CRM - LOYALTY.VALIDATE
04/09 11:54:36:012 84922000514: SMSC - SMSC.SEND_SMS
04/09 12:18:01:895 Command Routing started
04/09 12:18:01:914 Starting process session
04/09 12:18:05:939 Total 0 instances are started
04/09 12:18:05:940 Total 1 instances are added
04/09 12:18:27:079 84922000514: CRM - LOYALTY.VALIDATE
04/09 12:18:27:096 84922000514: SMSC - SMSC.SEND_SMS
04/09 12:20:48:802 Command Routing started
04/09 12:20:48:897 Starting process session
04/09 12:20:53:063 Total 0 instances are started
04/09 12:20:53:064 Total 1 instances are added
04/09 12:21:15:799 84922000514: CRM - LOYALTY.VALIDATE
04/09 12:21:15:826 84922000514: SMSC - SMSC.SEND_SMS
04/09 12:22:16:136 Command Routing started
04/09 12:22:16:175 Starting process session
04/09 12:22:19:923 Total 0 instances are started
04/09 12:22:19:927 Total 1 instances are added
04/09 12:22:41:092 84922000514: CRM - LOYALTY.VALIDATE
04/09 12:22:41:100 84922000514: SMSC - SMSC.SEND_SMS
04/09 12:26:01:523 Command Routing started
04/09 12:26:01:543 Starting process session
04/09 12:26:05:603 Total 0 instances are started
04/09 12:26:05:604 Total 1 instances are added
04/09 12:26:20:624 84922000514: CRM - LOYALTY.VALIDATE
04/09 12:26:20:632 84922000514: SMSC - SMSC.SEND_SMS
04/09 12:27:17:497 84922000514: CRM - LOYALTY.VALIDATE
04/09 12:27:17:506 84922000514: SMSC - SMSC.SEND_SMS
04/09 12:27:30:513 84922000514: CRM - LOYALTY.VALIDATE
04/09 12:27:30:528 84922000514: SMSC - SMSC.SEND_SMS
04/09 12:31:02:044 Command Routing started
04/09 12:31:02:069 Starting process session
04/09 12:31:04:355 Total 0 instances are started
04/09 12:31:04:356 Total 1 instances are added
04/09 12:31:04:563 Total 0 instances are started
04/09 12:31:04:563 Total 1 instances are added
04/09 12:31:06:632 Total 0 instances are started
04/09 12:31:06:633 Total 1 instances are added
04/09 12:31:22:925 84922000514: CRM - LOYALTY.VALIDATE
04/09 12:31:22:942 84922000514: SMSC - SMSC.SEND_SMS
04/09 12:34:47:055 Command Routing started
04/09 12:34:47:152 Starting process session
04/09 12:34:51:214 Total 0 instances are started
04/09 12:34:51:215 Total 1 instances are added
04/09 12:35:00:270 84922000514: CRM - LOYALTY.VALIDATE
04/09 12:35:00:308 84922000514: SMSC - SMSC.SEND_SMS
04/09 12:40:20:581 Command Routing started
04/09 12:40:20:636 Starting process session
04/09 12:40:21:898 Total 0 instances are started
04/09 12:40:21:899 Total 1 instances are added
04/09 13:40:26:283 Command Routing started
04/09 13:40:26:302 Starting process session
04/09 13:40:30:131 Total 0 instances are started
04/09 13:40:30:132 Total 1 instances are added
04/09 13:41:22:194 84922000514: CRM - LOYALTY.VALIDATE
04/09 13:41:22:216 84922000514: SMSC - SMSC.SEND_SMS
04/09 13:55:39:474 Command Routing started
04/09 13:55:39:563 Starting process session
04/09 13:55:43:288 Total 0 instances are started
04/09 13:55:43:289 Total 1 instances are added
04/09 13:56:06:571 84922000514: CRM - LOYALTY.VALIDATE
04/09 13:56:06:587 84922000514: SMSC - SMSC.SEND_SMS
04/09 13:56:50:570 84922000514: SMSC - SMSC.SEND_SMS
04/09 13:57:06:913 Command Routing started
04/09 13:57:07:003 Starting process session
04/09 13:57:10:864 Total 0 instances are started
04/09 13:57:10:865 Total 1 instances are added
04/09 13:57:34:812 84922000514: CRM - LOYALTY.VALIDATE
04/09 13:57:34:827 84922000514: SMSC - SMSC.SEND_SMS
04/09 13:57:34:933 84922000514: SMSC - SMSC.SEND_SMS
04/09 13:58:59:756 84922000514: CRM - LOYALTY.VALIDATE
04/09 13:58:59:760 84922000514: SMSC - SMSC.SEND_SMS
04/09 13:58:59:866 84922000514: SMSC - SMSC.SEND_SMS
04/09 13:59:06:707 84922000514: CRM - LOYALTY.VALIDATE
04/09 13:59:06:712 84922000514: SMSC - SMSC.SEND_SMS
04/09 13:59:06:778 84922000514: SMSC - SMSC.SEND_SMS
04/09 13:59:21:719 Command Routing started
04/09 13:59:21:765 Starting process session
04/09 13:59:25:364 Total 0 instances are started
04/09 13:59:25:368 Total 1 instances are added
04/09 13:59:43:656 84922000514: CRM - LOYALTY.VALIDATE
04/09 13:59:43:675 84922000514: SMSC - SMSC.SEND_SMS
04/09 13:59:43:722 84922000514: SMSC - SMSC.SEND_SMS
04/09 14:01:56:994 Command Routing started
04/09 14:01:57:041 Starting process session
04/09 14:01:59:171 Total 0 instances are started
04/09 14:01:59:174 Total 1 instances are added
04/09 14:02:21:188 84922000514: CRM - LOYALTY.VALIDATE
04/09 14:02:21:194 84922000514: SMSC - SMSC.SEND_SMS
04/09 14:02:21:239 84922000514: SMSC - SMSC.SEND_SMS
04/09 14:04:26:404 Command Routing started
04/09 14:04:26:454 Starting process session
04/09 14:04:30:480 Total 0 instances are started
04/09 14:04:30:481 Total 1 instances are added
04/09 14:05:52:457 Command Routing started
04/09 14:05:52:527 Starting process session
04/09 14:05:53:652 Total 0 instances are started
04/09 14:05:53:653 Total 1 instances are added
04/09 14:07:29:563 Command Routing started
04/09 14:07:29:653 Starting process session
04/09 14:07:33:491 Total 0 instances are started
04/09 14:07:33:492 Total 1 instances are added
04/09 14:10:33:958 84922000514: CRM - LOYALTY.VALIDATE
04/09 14:10:33:963 84922000514: SMSC - SMSC.SEND_SMS
04/09 14:10:34:099 84922000514: SMSC - SMSC.SEND_SMS
04/09 14:16:47:864 Command Routing started
04/09 14:16:47:934 Starting process session
04/09 14:16:49:436 Total 0 instances are started
04/09 14:16:49:436 Total 1 instances are added
04/09 14:23:49:425 84922000514: CRM - LOYALTY.VALIDATE
04/09 14:23:49:437 84922000514: SMSC - SMSC.SEND_SMS
04/09 14:23:49:480 84922000514: SMSC - SMSC.SEND_SMS
04/09 14:31:02:635 Command Routing started
04/09 14:31:02:892 Starting process session
04/09 14:31:08:407 Total 0 instances are started
04/09 14:31:08:407 Total 1 instances are added
04/09 14:31:56:148 84922000514: CRM - LOYALTY.VALIDATE
04/09 14:31:56:173 84922000514: SMSC - SMSC.SEND_SMS
04/09 14:31:56:207 84922000514: SMSC - SMSC.SEND_SMS
04/09 14:33:54:346 Command Routing started
04/09 14:33:54:467 Starting process session
04/09 14:33:58:256 Total 0 instances are started
04/09 14:33:58:257 Total 1 instances are added
04/09 14:34:21:541 84922000514: CRM - LOYALTY.VALIDATE
04/09 14:34:21:550 84922000514: SMSC - SMSC.SEND_SMS
04/09 14:34:21:585 84922000514: SMSC - SMSC.SEND_SMS
04/09 14:38:56:683 84922000514: CRM - LOYALTY.VALIDATE
04/09 14:38:56:759 84922000514: SMSC - SMSC.SEND_SMS
04/09 14:53:11:848 84922000514: CRM - CRM.SUBSCRIPTION_REGIST
04/09 14:53:11:856 84922000514: SMSC - SMSC.SEND_SMS
04/09 14:53:11:945 84922000514: SMSC - SMSC.SEND_SMS
04/09 14:53:40:826 84922000514: CRM - LOYALTY.VALIDATE
04/09 14:53:40:901 84922000514: CRM - LOYALTY.BALANCE_QUERY
04/09 14:54:25:899 84922000514: CRM - LOYALTY.VALIDATE
04/09 14:54:26:009 84922000514: CRM - LOYALTY.BALANCE_QUERY
04/09 14:57:59:142 84922000514: CRM - LOYALTY.VALIDATE
04/09 14:57:59:158 84922000514: SMSC - SMSC.SEND_SMS
04/09 14:57:59:203 84922000514: CCWS - LOYALTY.LOYATY_MODIFY_BALANCE
04/09 15:10:52:261 Command Routing started
04/09 15:10:52:388 Starting process session
04/09 15:10:56:197 Total 0 instances are started
04/09 15:10:56:198 Total 1 instances are added
04/09 15:11:40:464 84922000514: CRM - LOYALTY.VALIDATE
04/09 15:11:40:469 84922000514: SMSC - SMSC.SEND_SMS
04/09 15:11:40:534 84922000514: CCWS - LOYALTY.LOYATY_MODIFY_BALANCE
04/09 15:14:48:263 Command Routing started
04/09 15:14:48:301 Starting process session
04/09 15:14:52:230 Total 0 instances are started
04/09 15:14:52:230 Total 1 instances are added
04/09 15:15:17:210 84922000514: CRM - LOYALTY.VALIDATE
04/09 15:15:17:226 84922000514: SMSC - SMSC.SEND_SMS
04/09 15:15:17:352 84922000514: CCWS - LOYALTY.LOYATY_MODIFY_BALANCE
04/09 15:15:51:182 84922000514: CRM - LOYALTY.VALIDATE
04/09 15:15:51:199 84922000514: SMSC - SMSC.SEND_SMS
04/09 15:15:51:294 84922000514: CCWS - LOYALTY.LOYATY_MODIFY_BALANCE
04/09 15:15:58:104 84922000514: CRM - LOYALTY.VALIDATE
04/09 15:15:58:120 84922000514: SMSC - SMSC.SEND_SMS
04/09 15:15:58:206 84922000514: CCWS - LOYALTY.LOYATY_MODIFY_BALANCE
04/09 15:21:15:888 Command Routing started
04/09 15:21:15:955 Starting process session
04/09 15:21:16:911 Total 0 instances are started
04/09 15:21:16:963 Total 1 instances are added
04/09 15:22:46:008 84922000514: CRM - LOYALTY.VALIDATE
04/09 15:22:46:028 84922000514: SMSC - SMSC.SEND_SMS
04/09 15:24:46:819 84922000514: CCWS - LOYALTY.LOYATY_MODIFY_BALANCE
04/09 15:27:57:903 Command Routing started
04/09 15:27:57:948 Starting process session
04/09 15:28:01:981 Total 0 instances are started
04/09 15:28:01:981 Total 1 instances are added
04/09 15:28:27:076 84922000514: CRM - LOYALTY.VALIDATE
04/09 15:28:27:081 84922000514: SMSC - SMSC.SEND_SMS
04/09 15:29:47:446 84922000514: CCWS - LOYALTY.LOYATY_MODIFY_BALANCE
04/09 15:30:45:176 Command Routing started
04/09 15:30:45:257 Starting process session
04/09 15:30:49:189 Total 0 instances are started
04/09 15:30:49:189 Total 1 instances are added
04/09 15:31:13:300 84922000514: CRM - LOYALTY.VALIDATE
04/09 15:31:13:322 84922000514: SMSC - SMSC.SEND_SMS
04/09 15:31:52:719 Command Routing started
04/09 15:31:52:763 Starting process session
04/09 15:31:54:030 Total 0 instances are started
04/09 15:31:54:031 Total 1 instances are added
04/09 15:32:42:566 84922000514: CRM - LOYALTY.VALIDATE
04/09 15:32:42:584 84922000514: SMSC - SMSC.SEND_SMS
04/09 15:33:30:638 Command Routing started
04/09 15:33:30:704 Starting process session
04/09 15:33:34:311 Total 0 instances are started
04/09 15:33:34:312 Total 1 instances are added
04/09 15:34:19:542 84922000514: CRM - LOYALTY.VALIDATE
04/09 15:34:19:547 84922000514: SMSC - SMSC.SEND_SMS
04/09 15:34:19:630 84922000514: CCWS - LOYALTY.LOYATY_MODIFY_BALANCE
04/09 15:34:21:037 84922000514: CRM - LOYALTY.UPDATE_DB
04/09 15:34:21:127 84922000514: SMSC - SMSC.SEND_SMS
04/09 15:36:02:915 Command Routing started
04/09 15:36:03:008 Starting process session
04/09 15:36:06:730 Total 0 instances are started
04/09 15:36:06:731 Total 1 instances are added
04/09 15:36:32:927 84922000514: CRM - LOYALTY.VALIDATE
04/09 15:36:32:945 84922000514: SMSC - SMSC.SEND_SMS
04/09 15:36:33:011 84922000514: CCWS - LOYALTY.LOYATY_MODIFY_BALANCE
04/09 15:36:34:284 84922000514: CRM - LOYALTY.UPDATE_DB
04/09 15:36:34:403 84922000514: SMSC - SMSC.SEND_SMS
04/09 15:36:39:837 84922000514: CRM - LOYALTY.VALIDATE
04/09 15:36:39:847 84922000514: SMSC - SMSC.SEND_SMS
04/09 15:36:39:923 84922000514: CCWS - LOYALTY.LOYATY_MODIFY_BALANCE
04/09 15:36:40:200 84922000514: CRM - LOYALTY.UPDATE_DB
04/09 15:36:40:250 84922000514: SMSC - SMSC.SEND_SMS
04/09 15:41:43:832 Command Routing started
04/09 15:41:43:951 Starting process session
04/09 15:41:47:764 Total 0 instances are started
04/09 15:41:47:765 Total 1 instances are added
04/09 15:42:10:740 84922000514: CRM - LOYALTY.VALIDATE
04/09 15:42:10:756 84922000514: SMSC - SMSC.SEND_SMS
04/09 15:42:10:782 84922000514: CCWS - LOYALTY.LOYATY_MODIFY_BALANCE
04/09 15:42:12:017 84922000514: CRM - LOYALTY.UPDATE_DB
04/09 15:42:12:137 84922000514: SMSC - SMSC.SEND_SMS
04/09 15:42:22:621 84922000514: CRM - LOYALTY.VALIDATE
04/09 15:42:22:627 84922000514: SMSC - SMSC.SEND_SMS
04/09 15:42:22:684 84922000514: CCWS - LOYALTY.LOYATY_MODIFY_BALANCE
04/09 15:42:23:014 84922000514: CRM - LOYALTY.UPDATE_DB
04/09 15:42:23:124 84922000514: SMSC - SMSC.SEND_SMS
04/09 15:45:36:730 Command Routing started
04/09 15:45:36:797 Starting process session
04/09 15:45:40:402 Total 0 instances are started
04/09 15:45:40:403 Total 1 instances are added
04/09 15:47:49:554 Command Routing started
04/09 15:47:49:624 Starting process session
04/09 15:47:53:536 Total 0 instances are started
04/09 15:47:53:537 Total 1 instances are added
04/09 15:48:52:520 84922000514: CRM - LOYALTY.VALIDATE
04/09 15:51:41:667 84922000514: CRM - LOYALTY.VALIDATE
04/09 15:51:52:574 84922000514: CRM - LOYALTY.BALANCE_QUERY
04/09 15:53:32:637 84922000514: CRM - LOYALTY.VALIDATE
04/09 15:53:32:648 84922000514: SMSC - SMSC.SEND_SMS
04/09 15:53:38:615 84922000514: CRM - LOYALTY.BALANCE_QUERY
04/09 15:54:04:709 84922000514: SMSC - SMSC.SEND_SMS
04/09 15:55:22:989 84922000514: CRM - LOYALTY.VALIDATE
04/09 15:55:31:548 84922000514: CRM - LOYALTY.BALANCE_QUERY
04/09 15:55:32:268 84922000514: SMSC - SMSC.SEND_SMS
04/09 15:56:56:104 Command Routing started
04/09 15:56:56:128 Starting process session
04/09 15:56:59:099 Total 0 instances are started
04/09 15:56:59:107 Total 1 instances are added
04/09 15:57:25:038 84922000514: CRM - LOYALTY.VALIDATE
04/09 15:57:25:175 84922000514: CRM - LOYALTY.BALANCE_QUERY
04/09 15:57:25:292 84922000514: SMSC - SMSC.SEND_SMS
04/09 16:00:38:390 Command Routing started
04/09 16:00:38:439 Starting process session
04/09 16:00:42:292 Total 0 instances are started
04/09 16:00:42:292 Total 1 instances are added
04/09 16:03:09:474 Command Routing started
04/09 16:03:09:578 Starting process session
04/09 16:03:13:464 Total 0 instances are started
04/09 16:03:13:465 Total 1 instances are added
04/09 16:04:14:512 84922000514: CRM - LOYALTY.VALIDATE
04/09 16:04:14:628 84922000514: CRM - LOYALTY.BALANCE_QUERY
04/09 16:04:14:785 84922000514: SMSC - SMSC.SEND_SMS
04/09 16:08:53:263 Command Routing started
04/09 16:08:53:329 Starting process session
04/09 16:08:57:142 Total 0 instances are started
04/09 16:08:57:143 Total 1 instances are added
04/09 16:11:03:091 Command Routing started
04/09 16:11:03:133 Starting process session
04/09 16:11:07:219 Total 0 instances are started
04/09 16:11:07:220 Total 1 instances are added
04/09 16:14:58:728 84922000514: CRM - LOYALTY.VALIDATE
04/09 16:14:58:814 84922000514: CRM - LOYALTY.BALANCE_QUERY
04/09 16:14:58:946 84922000514: SMSC - SMSC.SEND_SMS
04/09 16:16:04:056 84922000514: CRM - LOYALTY.VALIDATE
04/09 16:16:04:160 84922000514: CRM - LOYALTY.BALANCE_QUERY
04/09 16:16:04:276 84922000514: SMSC - SMSC.SEND_SMS
04/09 16:17:12:449 Command Routing started
04/09 16:17:12:534 Starting process session
04/09 16:17:16:359 Total 0 instances are started
04/09 16:17:16:359 Total 1 instances are added
04/09 16:17:54:511 84922000514: CRM - LOYALTY.VALIDATE
04/09 16:17:54:547 84922000514: CRM - LOYALTY.BALANCE_QUERY
04/09 16:17:54:671 84922000514: SMSC - SMSC.SEND_SMS
04/09 16:24:06:299 Command Routing started
04/09 16:24:06:341 Starting process session
04/09 16:24:35:748 java.sql.SQLException: Connections could not be acquired from the underlying database!
04/09 16:24:35:749 End of process session
04/09 16:24:45:750 Starting process session
04/09 16:24:55:594 java.sql.SQLException: Connections could not be acquired from the underlying database!
04/09 16:24:55:594 End of process session
04/09 16:25:05:598 Starting process session
04/09 16:25:05:803 Total 0 instances are started
04/09 16:25:05:804 Total 1 instances are added
04/09 16:25:06:433 84922000514: CRM - LOYALTY.VALIDATE
04/09 16:25:33:400 84922000514: CRM - LOYALTY.BALANCE_QUERY
04/09 16:25:37:256 Close queue connection pool.
04/09 16:25:37:263 End of process session
04/09 16:25:37:265 Command Routing stopped
04/09 16:25:39:188 Command Routing started
04/09 16:25:39:207 Starting process session
04/09 16:25:39:321 Total 0 instances are started
04/09 16:25:39:322 Total 1 instances are added
04/09 16:25:46:624 84922000514: CRM - LOYALTY.VALIDATE
04/09 16:25:46:744 84922000514: CRM - LOYALTY.BALANCE_QUERY
04/09 16:27:47:381 Command Routing started
04/09 16:27:47:437 Starting process session
04/09 16:27:51:846 Total 0 instances are started
04/09 16:27:51:847 Total 1 instances are added
04/09 16:28:16:149 84922000514: CRM - LOYALTY.VALIDATE
04/09 16:28:55:398 Command Routing started
04/09 16:28:55:464 Starting process session
04/09 16:28:59:376 Total 0 instances are started
04/09 16:28:59:376 Total 1 instances are added
04/09 16:29:22:300 84922000514: CRM - LOYALTY.VALIDATE
04/09 16:29:53:323 84922000514: CRM - LOYALTY.BALANCE_QUERY
04/09 16:32:02:325 84922000514: CRM - LOYALTY.VALIDATE
04/09 16:32:02:452 84922000514: CRM - LOYALTY.BALANCE_QUERY
04/09 16:40:08:200 Command Routing started
04/09 16:40:08:245 Starting process session
04/09 16:40:11:914 Total 0 instances are started
04/09 16:40:11:914 Total 1 instances are added
04/09 16:40:38:178 84922000514: CRM - LOYALTY.VALIDATE
04/09 16:40:38:300 84922000514: CRM - LOYALTY.BALANCE_QUERY
04/09 16:40:38:446 84922000514: SMSC - SMSC.SEND_SMS
04/09 16:41:39:123 84922000514: CRM - LOYALTY.VALIDATE
04/09 16:41:39:241 84922000514: CRM - LOYALTY.BALANCE_QUERY
04/09 16:41:39:358 84922000514: SMSC - SMSC.SEND_SMS
04/09 16:56:35:378 84922000514: CRM - LOYALTY.VALIDATE
04/09 16:56:35:387 84922000514: SMSC - SMSC.SEND_SMS
04/09 16:56:35:461 84922000514: SMSC - SMSC.SEND_SMS
04/09 16:58:18:447 84922000514: CRM - LOYALTY.VALIDATE
04/09 16:58:18:523 84922000514: SMSC - SMSC.SEND_SMS
04/09 17:03:30:751 84922000514: CRM - LOYALTY.VALIDATE
04/09 17:05:14:979 84922000514: CRM - CRM.SUBSCRIPTION_REGIST
04/09 17:05:15:096 84922000514: SMSC - SMSC.SEND_SMS
04/09 17:10:08:020 84922000514: CRM - CRM.SUBSCRIPTION_REGIST
04/09 17:10:08:076 84922000514: SMSC - SMSC.SEND_SMS
04/09 17:10:57:094 84922000511: SMSC - SMSC.SEND_SMS
04/09 17:11:27:105 84922000514: CRM - CRM.SUBSCRIPTION_UNREGIST
04/09 17:14:34:220 84922000514: CRM - LOYALTY.VALIDATE
04/09 17:17:20:479 Command Routing started
04/09 17:17:20:541 Starting process session
04/09 17:17:24:333 Total 0 instances are started
04/09 17:17:24:333 Total 1 instances are added
04/09 17:17:59:416 84922000514: CRM - LOYALTY.VALIDATE
04/09 17:19:56:662 Command Routing started
04/09 17:19:56:705 Starting process session
04/09 17:20:00:589 Total 0 instances are started
04/09 17:20:00:589 Total 1 instances are added
04/09 17:20:29:873 84922000514: CRM - LOYALTY.VALIDATE
04/09 17:21:12:723 Command Routing started
04/09 17:21:12:747 Starting process session
04/09 17:21:16:464 Total 0 instances are started
04/09 17:21:16:464 Total 1 instances are added
04/09 17:21:48:696 84922000514: CRM - LOYALTY.VALIDATE
04/09 17:23:43:668 84922000514: CRM - LOYALTY.VALIDATE
04/09 17:23:43:794 84922000514: SMSC - SMSC.SEND_SMS
04/09 17:24:33:819 84922000514: CRM - CRM.SUBSCRIPTION_REGIST
04/09 17:24:33:945 84922000514: SMSC - SMSC.SEND_SMS
04/09 17:25:05:739 84922000514: SMSC - SMSC.SEND_SMS
04/09 17:26:02:817 84922000514: CRM - LOYALTY.VALIDATE
04/09 17:26:02:884 84922000514: SMSC - SMSC.SEND_SMS
04/09 17:27:21:900 84922000514: CRM - LOYALTY.VALIDATE
04/09 17:27:21:996 84922000514: SMSC - SMSC.SEND_SMS
04/09 17:28:11:067 84922000514: CRM - LOYALTY.VALIDATE
04/09 17:28:11:143 84922000514: CCWS - LOYALTY.LOYATY_MODIFY_BALANCE
04/09 17:28:12:700 84922000514: CRM - LOYALTY.UPDATE_DB
04/09 17:28:12:832 84922000514: SMSC - SMSC.SEND_SMS
04/09 17:29:03:691 Command Routing started
04/09 17:29:03:771 Starting process session
04/09 17:29:07:563 Total 0 instances are started
04/09 17:29:07:564 Total 1 instances are added
04/09 17:29:36:683 84922000514: CRM - LOYALTY.VALIDATE
04/09 17:50:29:757 Command Routing started
04/09 17:50:29:841 Starting process session
04/09 17:50:33:684 Total 0 instances are started
04/09 17:50:33:684 Total 1 instances are added
04/09 17:51:14:806 84922000514: CRM - LOYALTY.VALIDATE
04/09 18:09:15:132 Command Routing started
04/09 18:09:15:225 Starting process session
04/09 18:09:19:182 Total 0 instances are started
04/09 18:09:19:184 Total 1 instances are added
04/09 18:09:47:144 84922000514: CRM - LOYALTY.VALIDATE
04/09 18:10:53:281 Command Routing started
04/09 18:10:53:396 Starting process session
04/09 18:10:57:268 Total 0 instances are started
04/09 18:10:57:268 Total 1 instances are added
04/09 18:11:16:431 84922000514: CRM - LOYALTY.VALIDATE
04/09 18:12:15:429 Command Routing started
04/09 18:12:15:476 Starting process session
04/09 18:12:19:576 Total 0 instances are started
04/09 18:12:19:577 Total 1 instances are added
04/09 18:12:45:210 84922000514: CRM - LOYALTY.VALIDATE
04/09 18:18:41:353 84922000514: CRM - LOYALTY.VALIDATE
04/09 18:19:22:049 Command Routing started
04/09 18:19:22:136 Starting process session
04/09 18:19:25:751 Total 0 instances are started
04/09 18:19:25:752 Total 1 instances are added
04/09 18:20:33:972 84922000514: CRM - LOYALTY.VALIDATE
04/09 18:21:28:489 Command Routing started
04/09 18:21:28:533 Starting process session
04/09 18:21:32:436 Total 0 instances are started
04/09 18:21:32:436 Total 1 instances are added
04/09 18:22:05:473 84922000514: CRM - LOYALTY.VALIDATE
04/09 18:26:23:477 84922000514: CRM - LOYALTY.VALIDATE
04/09 18:26:30:427 84922000514: CRM - LOYALTY.VALIDATE
04/09 18:26:48:499 84922000514: CRM - LOYALTY.VALIDATE
04/09 18:39:18:263 Command Routing started
04/09 18:39:18:311 Starting process session
04/09 18:39:22:037 Total 0 instances are started
04/09 18:39:22:037 Total 1 instances are added
04/09 18:42:50:754 Command Routing started
04/09 18:42:50:799 Starting process session
04/09 18:42:54:782 Total 0 instances are started
04/09 18:42:54:784 Total 1 instances are added
04/09 18:43:29:800 84922000514: CRM - LOYALTY.VALIDATE
04/09 18:44:34:692 84922000514: CRM - LOYALTY.VALIDATE
04/09 18:44:41:727 84922000514: CRM - LOYALTY.VALIDATE
04/09 18:46:23:054 Command Routing started
04/09 18:46:23:120 Starting process session
04/09 18:46:27:120 Total 0 instances are started
04/09 18:46:27:121 Total 1 instances are added
04/09 18:47:00:675 Command Routing started
04/09 18:47:00:748 Starting process session
04/09 18:47:04:608 Total 0 instances are started
04/09 18:47:04:609 Total 1 instances are added
04/09 18:47:19:058 Command Routing started
04/09 18:47:19:177 Starting process session
04/09 18:47:21:939 Total 0 instances are started
04/09 18:47:21:941 Total 1 instances are added
04/09 18:47:39:130 84922000514: CRM - LOYALTY.VALIDATE
04/09 18:59:23:924 Command Routing started
04/09 18:59:23:965 Starting process session
04/09 18:59:25:171 Total 0 instances are started
04/09 18:59:25:171 Total 1 instances are added
04/09 19:00:17:928 84922000514: CRM - LOYALTY.VALIDATE
