13/05 14:31:22:698 Command Routing started
13/05 14:31:22:709 Starting process session
13/05 14:31:22:829 Total 0 instances are started
13/05 14:31:22:829 Init queue connection pool 1399966282829
13/05 14:31:22:830 Total 1 instances are added
13/05 14:44:42:799 Command Routing started
13/05 14:44:42:814 Starting process session
13/05 14:44:42:939 Init queue connection pool 1399967082939
13/05 14:44:42:939 Total 0 instances are started
13/05 14:44:42:941 Total 1 instances are added
13/05 15:05:15:274 Command Routing started
13/05 15:05:15:289 Starting process session
13/05 15:05:15:416 Total 0 instances are started
13/05 15:05:15:416 Init queue connection pool 1399968315416
13/05 15:05:15:417 Total 1 instances are added
13/05 15:08:53:235 Command Routing started
13/05 15:08:58:660 Starting process session
13/05 15:08:58:782 Total 0 instances are started
13/05 15:08:58:784 Total 1 instances are added
13/05 15:08:58:782 Init queue connection pool 1399968538782
13/05 15:21:39:248 Command Routing started
13/05 15:21:39:262 Starting process session
13/05 15:21:39:380 Total 0 instances are started
13/05 15:21:39:381 Total 1 instances are added
13/05 15:21:39:382 Init queue connection pool 1399969299380
13/05 15:36:37:939 Command Routing started
13/05 15:36:37:950 Starting process session
13/05 15:36:38:073 Init queue connection pool 1399970198073
13/05 15:36:38:473 Total 0 instances are started
13/05 15:36:38:473 Total 5 instances are added
13/05 15:46:21:664 84922000512: CRM - CRM.LOYALTY.REGISTER
13/05 15:46:21:712 84922000512: SMSC - SMSC.SEND_SMS
13/05 16:03:00:830 84922000512: CRM - CRM.LOYALTY.REGISTER
13/05 16:03:00:866 84922000512: SMSC - SMSC.SEND_SMS
13/05 16:05:00:340 84922000512: CRM - CRM.LOYALTY.REGISTER
13/05 16:05:00:383 84922000512: SMSC - SMSC.SEND_SMS
13/05 16:05:28:786 84922000512: CRM - CRM.UNREGISTER_DATA
13/05 16:08:31:469 Command Routing started
13/05 16:08:31:483 Starting process session
13/05 16:08:31:604 Init queue connection pool 1399972111604
13/05 16:08:32:004 Total 0 instances are started
13/05 16:08:32:005 Total 5 instances are added
13/05 16:09:01:546 84922000512: CRM - CRM.LOYALTY.REGISTER
13/05 16:09:01:660 84922000512: SMSC - SMSC.SEND_SMS
13/05 16:11:01:599 84922000512: CRM - LOYALTY.VALIDATE
13/05 16:11:01:685 84922000512: SMSC - SMSC.SEND_SMS
13/05 16:24:42:327 Command Routing started
13/05 16:24:42:337 Starting process session
13/05 16:24:42:494 Init queue connection pool 1399973082494
13/05 16:24:42:902 Total 0 instances are started
13/05 16:24:42:903 Total 5 instances are added
13/05 16:26:08:649 84922000512: CRM - CRM.LOYALTY.REGISTER
13/05 16:26:46:153 84922000512: SMSC - SMSC.SEND_SMS
13/05 16:27:45:490 84922000512: CRM - CRM.LOYALTY.REGISTER
13/05 16:28:04:769 84922000512: SMSC - SMSC.SEND_SMS
13/05 16:54:36:022 Command Routing started
13/05 16:54:36:034 Starting process session
13/05 16:54:36:181 Init queue connection pool 1399974876181
13/05 16:54:36:581 Total 0 instances are started
13/05 16:54:36:582 Total 5 instances are added
13/05 16:55:04:507 84922000512: CRM - CRM.LOYALTY.REGISTER
13/05 16:55:49:396 84922000512: SMSC - SMSC.SEND_SMS
13/05 16:58:18:135 84922000512: CRM - LOYALTY.VALIDATE
13/05 16:58:18:180 84922000512: SMSC - SMSC.SEND_SMS
13/05 17:07:57:186 84922000512: CRM - LOYALTY.VALIDATE
13/05 17:12:38:045 84922000512: SMSC - SMSC.SEND_SMS
13/05 17:12:39:124 84922000512: CRM - LOYALTY.VALIDATE
13/05 17:12:40:234 84922000512: SMSC - SMSC.SEND_SMS
13/05 17:15:55:856 84922000512: CRM - LOYALTY.VALIDATE
13/05 17:15:56:406 84922000512: SMSC - SMSC.SEND_SMS
13/05 17:25:37:404 84922000512: CRM - LOYALTY.VALIDATE
13/05 17:25:37:783 84922000512: SMSC - SMSC.SEND_SMS
13/05 17:36:10:879 Command Routing started
13/05 17:36:10:887 Starting process session
13/05 17:36:11:007 Init queue connection pool 1399977371007
13/05 17:36:11:410 Total 0 instances are started
13/05 17:36:11:410 Total 5 instances are added
13/05 17:37:21:289 84922000512: CRM - LOYALTY.VALIDATE
13/05 17:39:54:002 84922000512: SMSC - SMSC.SEND_SMS
13/05 17:49:08:783 84922000512: CRM - LOYALTY.VALIDATE
13/05 17:54:55:904 84922000512: SMSC - SMSC.SEND_SMS
13/05 17:54:57:346 84922000512: CRM - LOYALTY.VALIDATE
13/05 17:54:57:670 84922000512: SMSC - SMSC.SEND_SMS
13/05 17:55:36:465 84922000512: CRM - LOYALTY.VALIDATE
13/05 17:55:39:658 84922000512: SMSC - SMSC.SEND_SMS
13/05 18:01:59:687 84922000512: CRM - LOYALTY.VALIDATE
13/05 18:06:28:302 84922000512: SMSC - SMSC.SEND_SMS
13/05 18:11:40:601 84922000512: CRM - LOYALTY.VALIDATE
13/05 18:16:08:817 84922000512: SMSC - SMSC.SEND_SMS
13/05 18:19:11:147 84922000512: CRM - LOYALTY.VALIDATE
13/05 18:19:11:320 84922000512: SMSC - SMSC.SEND_SMS
13/05 18:36:54:771 Command Routing started
13/05 18:36:54:778 Starting process session
13/05 18:36:54:911 Init queue connection pool 1399981014911
13/05 18:36:55:367 Total 0 instances are started
13/05 18:36:55:367 Total 5 instances are added
13/05 18:38:46:432 Command Routing started
13/05 18:38:46:439 Starting process session
13/05 18:38:46:575 Init queue connection pool 1399981126575
13/05 18:38:46:979 Total 0 instances are started
13/05 18:38:46:979 Total 5 instances are added
13/05 18:40:07:380 84922000512: CRM - LOYALTY.VALIDATE
13/05 18:40:07:895 84922000512: SMSC - SMSC.SEND_SMS
13/05 18:42:36:109 Command Routing started
13/05 18:42:36:116 Starting process session
13/05 18:42:36:250 Init queue connection pool 1399981356250
13/05 18:42:36:731 Total 0 instances are started
13/05 18:42:36:732 Total 5 instances are added
13/05 18:45:44:144 84922000512: CRM - LOYALTY.VALIDATE
13/05 18:46:25:303 84922000512: SMSC - SMSC.SEND_SMS
