17/09 08:52:28:227 Order Routing started
17/09 08:52:33:197 Testing connection ...
17/09 08:52:34:375 Created provisioning instance for CCWS
17/09 08:52:34:377 Testing connection are success
17/09 08:52:34:377 Starting process session
17/09 08:52:35:420 Total 0 instances are started
17/09 08:52:35:421 Total 1 instances are added
17/09 09:06:00:027 Order Routing started
17/09 09:06:01:618 Testing connection ...
17/09 09:06:02:255 Created provisioning instance for CCWS
17/09 09:06:02:257 Testing connection are success
17/09 09:06:02:257 Starting process session
17/09 09:06:03:578 Total 0 instances are started
17/09 09:06:03:579 Total 1 instances are added
17/09 09:17:33:254 Order Routing started
17/09 09:17:38:627 Testing connection ...
17/09 09:17:39:265 Created provisioning instance for CCWS
17/09 09:17:39:266 Testing connection are success
17/09 09:17:39:267 Starting process session
17/09 09:17:40:653 Total 0 instances are started
17/09 09:17:40:654 Total 1 instances are added
17/09 16:12:35:554 Order Routing started
17/09 16:12:35:627 Testing connection ...
17/09 16:12:37:956 Created provisioning instance for CCWS
17/09 16:12:37:957 Testing connection are success
17/09 16:12:37:957 Starting process session
17/09 16:12:39:594 Total 0 instances are started
17/09 16:12:39:595 Total 1 instances are added
17/09 17:38:12:627 Order Routing started
17/09 17:38:12:651 Testing connection ...
17/09 17:38:14:042 Created provisioning instance for CCWS
17/09 17:38:14:044 Testing connection are success
17/09 17:38:14:045 Starting process session
17/09 17:38:15:021 Total 0 instances are started
17/09 17:38:15:022 Total 1 instances are added
