24/09 09:47:32:981 Order Routing started
24/09 09:47:34:406 Testing connection ...
24/09 09:47:35:875 Created provisioning instance for CCWS
24/09 09:47:35:909 Testing connection are success
24/09 09:47:35:910 Starting process session
24/09 09:47:37:248 Total 0 instances are started
24/09 09:47:37:249 Total 1 instances are added
24/09 09:47:57:015 Close pool
24/09 09:47:57:153 Close queue connection pool.
24/09 09:47:57:169 End of process session
24/09 09:47:57:170 Order Routing stopped
24/09 09:54:31:901 Order Routing started
24/09 09:54:32:334 Testing connection ...
24/09 09:54:33:079 Created provisioning instance for CCWS
24/09 09:54:33:081 Testing connection are success
24/09 09:54:33:081 Starting process session
24/09 09:54:33:895 Total 0 instances are started
24/09 09:54:33:896 Total 1 instances are added
24/09 10:08:44:377 Order Routing started
24/09 10:08:45:647 Testing connection ...
24/09 10:08:46:240 Created provisioning instance for CCWS
24/09 10:08:46:242 Testing connection are success
24/09 10:08:46:242 Starting process session
24/09 10:08:47:727 Total 0 instances are started
24/09 10:08:47:728 Total 1 instances are added
24/09 10:33:15:475 Order Routing started
24/09 10:33:17:229 Testing connection ...
24/09 10:33:23:395 Created provisioning instance for CCWS
24/09 10:33:23:396 Testing connection are success
24/09 10:33:23:397 Starting process session
24/09 10:33:24:363 Total 0 instances are started
24/09 10:33:24:364 Total 1 instances are added
24/09 10:37:05:220 Order Routing started
24/09 10:37:05:249 Testing connection ...
24/09 10:37:07:602 Created provisioning instance for CCWS
24/09 10:37:07:603 Testing connection are success
24/09 10:37:07:604 Starting process session
24/09 10:37:09:219 Total 0 instances are started
24/09 10:37:09:220 Total 1 instances are added
24/09 10:54:43:463 Order Routing started
24/09 10:54:43:555 Testing connection ...
24/09 10:54:49:454 Created provisioning instance for CCWS
24/09 10:54:49:455 Testing connection are success
24/09 10:54:49:455 Starting process session
24/09 10:54:50:676 Total 0 instances are started
24/09 10:54:50:677 Total 1 instances are added
24/09 11:03:31:932 Order Routing started
24/09 11:03:31:956 Testing connection ...
24/09 11:03:32:530 Created provisioning instance for CCWS
24/09 11:03:32:531 Testing connection are success
24/09 11:03:32:532 Starting process session
24/09 11:03:33:398 Total 0 instances are started
24/09 11:03:33:399 Total 1 instances are added
24/09 11:24:58:382 Order Routing started
24/09 11:24:58:518 Testing connection ...
24/09 11:25:04:241 Created provisioning instance for CCWS
24/09 11:25:04:242 Testing connection are success
24/09 11:25:04:242 Starting process session
24/09 11:25:05:352 Total 0 instances are started
24/09 11:25:05:353 Total 1 instances are added
24/09 13:20:25:350 Order Routing started
24/09 13:20:26:437 Testing connection ...
24/09 13:20:31:983 Created provisioning instance for CCWS
24/09 13:20:31:984 Testing connection are success
24/09 13:20:31:985 Starting process session
24/09 13:20:33:615 Total 0 instances are started
24/09 13:20:33:616 Total 1 instances are added
24/09 13:21:33:485 Close pool
24/09 13:21:33:586 Close queue connection pool.
24/09 13:21:33:593 End of process session
24/09 13:21:33:594 Order Routing stopped
24/09 13:21:35:497 Order Routing started
24/09 13:21:35:519 Close pool
24/09 13:21:35:520 Close pool
24/09 13:21:35:521 Testing connection ...
24/09 13:21:35:524 Created provisioning instance for CCWS
24/09 13:21:35:525 Testing connection are success
24/09 13:21:35:526 Starting process session
24/09 13:21:36:359 Total 0 instances are started
24/09 13:21:36:361 Total 1 instances are added
