23/08 15:24:45:641 Order Routing started
23/08 15:24:54:181 java.lang.ClassNotFoundException: com.crm.provisioning.impl.vas.VASCommandImpl
23/08 15:24:54:182 End of process session
23/08 15:25:04:225 java.lang.ClassNotFoundException: com.crm.provisioning.impl.vas.VASCommandImpl
23/08 15:25:04:226 End of process session
23/08 15:25:14:264 java.lang.ClassNotFoundException: com.crm.provisioning.impl.vas.VASCommandImpl
23/08 15:25:14:265 End of process session
23/08 15:25:24:301 java.lang.ClassNotFoundException: com.crm.provisioning.impl.vas.VASCommandImpl
23/08 15:25:24:302 End of process session
23/08 15:25:34:340 java.lang.ClassNotFoundException: com.crm.provisioning.impl.vas.VASCommandImpl
23/08 15:25:34:341 End of process session
23/08 15:25:44:372 java.lang.ClassNotFoundException: com.crm.provisioning.impl.vas.VASCommandImpl
23/08 15:25:44:373 End of process session
23/08 15:25:54:410 java.lang.ClassNotFoundException: com.crm.provisioning.impl.vas.VASCommandImpl
23/08 15:25:54:411 End of process session
23/08 15:26:04:441 java.lang.ClassNotFoundException: com.crm.provisioning.impl.vas.VASCommandImpl
23/08 15:26:04:442 End of process session
23/08 15:26:14:477 java.lang.ClassNotFoundException: com.crm.provisioning.impl.vas.VASCommandImpl
23/08 15:26:14:478 End of process session
23/08 15:26:24:540 java.lang.ClassNotFoundException: com.crm.provisioning.impl.vas.VASCommandImpl
23/08 15:26:24:541 End of process session
23/08 15:26:34:573 java.lang.ClassNotFoundException: com.crm.provisioning.impl.vas.VASCommandImpl
23/08 15:26:34:574 End of process session
23/08 15:26:44:608 java.lang.ClassNotFoundException: com.crm.provisioning.impl.vas.VASCommandImpl
23/08 15:26:44:609 End of process session
23/08 15:26:54:645 java.lang.ClassNotFoundException: com.crm.provisioning.impl.vas.VASCommandImpl
23/08 15:26:54:646 End of process session
23/08 15:27:04:690 java.lang.ClassNotFoundException: com.crm.provisioning.impl.vas.VASCommandImpl
23/08 15:27:04:691 End of process session
23/08 15:27:14:727 java.lang.ClassNotFoundException: com.crm.provisioning.impl.vas.VASCommandImpl
23/08 15:27:14:728 End of process session
23/08 15:27:24:756 java.lang.ClassNotFoundException: com.crm.provisioning.impl.vas.VASCommandImpl
23/08 15:27:24:757 End of process session
23/08 15:27:34:794 java.lang.ClassNotFoundException: com.crm.provisioning.impl.vas.VASCommandImpl
23/08 15:27:34:795 End of process session
23/08 15:27:44:825 java.lang.ClassNotFoundException: com.crm.provisioning.impl.vas.VASCommandImpl
23/08 15:27:44:826 End of process session
23/08 15:27:54:857 java.lang.ClassNotFoundException: com.crm.provisioning.impl.vas.VASCommandImpl
23/08 15:27:54:857 End of process session
23/08 15:28:04:886 java.lang.ClassNotFoundException: com.crm.provisioning.impl.vas.VASCommandImpl
23/08 15:28:04:887 End of process session
23/08 15:28:14:920 java.lang.ClassNotFoundException: com.crm.provisioning.impl.vas.VASCommandImpl
23/08 15:28:14:921 End of process session
23/08 15:28:24:955 java.lang.ClassNotFoundException: com.crm.provisioning.impl.vas.VASCommandImpl
23/08 15:28:24:956 End of process session
23/08 15:28:34:980 java.lang.ClassNotFoundException: com.crm.provisioning.impl.vas.VASCommandImpl
23/08 15:28:34:981 End of process session
23/08 15:28:45:014 java.lang.ClassNotFoundException: com.crm.provisioning.impl.vas.VASCommandImpl
23/08 15:28:45:015 End of process session
23/08 15:28:55:048 java.lang.ClassNotFoundException: com.crm.provisioning.impl.vas.VASCommandImpl
23/08 15:28:55:049 End of process session
23/08 15:29:05:084 java.lang.ClassNotFoundException: com.crm.provisioning.impl.vas.VASCommandImpl
23/08 15:29:05:085 End of process session
23/08 15:29:15:118 java.lang.ClassNotFoundException: com.crm.provisioning.impl.vas.VASCommandImpl
23/08 15:29:15:119 End of process session
23/08 15:29:25:154 java.lang.ClassNotFoundException: com.crm.provisioning.impl.vas.VASCommandImpl
23/08 15:29:25:155 End of process session
23/08 15:29:35:187 java.lang.ClassNotFoundException: com.crm.provisioning.impl.vas.VASCommandImpl
23/08 15:29:35:188 End of process session
23/08 15:29:45:223 java.lang.ClassNotFoundException: com.crm.provisioning.impl.vas.VASCommandImpl
23/08 15:29:45:224 End of process session
23/08 15:29:55:257 java.lang.ClassNotFoundException: com.crm.provisioning.impl.vas.VASCommandImpl
23/08 15:29:55:257 End of process session
23/08 15:30:05:292 java.lang.ClassNotFoundException: com.crm.provisioning.impl.vas.VASCommandImpl
23/08 15:30:05:293 End of process session
23/08 15:30:15:338 java.lang.ClassNotFoundException: com.crm.provisioning.impl.vas.VASCommandImpl
23/08 15:30:15:338 End of process session
23/08 15:30:25:371 java.lang.ClassNotFoundException: com.crm.provisioning.impl.vas.VASCommandImpl
23/08 15:30:25:372 End of process session
23/08 15:30:35:402 java.lang.ClassNotFoundException: com.crm.provisioning.impl.vas.VASCommandImpl
23/08 15:30:35:403 End of process session
23/08 15:30:45:436 java.lang.ClassNotFoundException: com.crm.provisioning.impl.vas.VASCommandImpl
23/08 15:30:45:437 End of process session
23/08 15:30:55:470 java.lang.ClassNotFoundException: com.crm.provisioning.impl.vas.VASCommandImpl
23/08 15:30:55:471 End of process session
23/08 15:31:05:526 java.lang.ClassNotFoundException: com.crm.provisioning.impl.vas.VASCommandImpl
23/08 15:31:05:527 End of process session
23/08 15:31:15:565 java.lang.ClassNotFoundException: com.crm.provisioning.impl.vas.VASCommandImpl
23/08 15:31:15:566 End of process session
23/08 15:31:25:597 java.lang.ClassNotFoundException: com.crm.provisioning.impl.vas.VASCommandImpl
23/08 15:31:25:597 End of process session
23/08 15:31:35:629 java.lang.ClassNotFoundException: com.crm.provisioning.impl.vas.VASCommandImpl
23/08 15:31:35:630 End of process session
23/08 15:31:45:662 java.lang.ClassNotFoundException: com.crm.provisioning.impl.vas.VASCommandImpl
23/08 15:31:45:663 End of process session
23/08 15:31:55:696 java.lang.ClassNotFoundException: com.crm.provisioning.impl.vas.VASCommandImpl
23/08 15:31:55:697 End of process session
23/08 15:32:05:729 java.lang.ClassNotFoundException: com.crm.provisioning.impl.vas.VASCommandImpl
23/08 15:32:05:730 End of process session
23/08 15:32:15:765 java.lang.ClassNotFoundException: com.crm.provisioning.impl.vas.VASCommandImpl
23/08 15:32:15:766 End of process session
23/08 15:32:25:798 java.lang.ClassNotFoundException: com.crm.provisioning.impl.vas.VASCommandImpl
23/08 15:32:25:799 End of process session
23/08 15:32:35:829 java.lang.ClassNotFoundException: com.crm.provisioning.impl.vas.VASCommandImpl
23/08 15:32:35:830 End of process session
23/08 15:32:45:858 java.lang.ClassNotFoundException: com.crm.provisioning.impl.vas.VASCommandImpl
23/08 15:32:45:859 End of process session
23/08 15:32:55:891 java.lang.ClassNotFoundException: com.crm.provisioning.impl.vas.VASCommandImpl
23/08 15:32:55:892 End of process session
23/08 15:33:05:929 java.lang.ClassNotFoundException: com.crm.provisioning.impl.vas.VASCommandImpl
23/08 15:33:05:930 End of process session
23/08 15:33:15:961 java.lang.ClassNotFoundException: com.crm.provisioning.impl.vas.VASCommandImpl
23/08 15:33:15:962 End of process session
23/08 15:33:25:998 java.lang.ClassNotFoundException: com.crm.provisioning.impl.vas.VASCommandImpl
23/08 15:33:25:999 End of process session
23/08 15:33:36:030 java.lang.ClassNotFoundException: com.crm.provisioning.impl.vas.VASCommandImpl
23/08 15:33:36:031 End of process session
23/08 15:33:46:066 java.lang.ClassNotFoundException: com.crm.provisioning.impl.vas.VASCommandImpl
23/08 15:33:46:067 End of process session
23/08 15:33:56:092 java.lang.ClassNotFoundException: com.crm.provisioning.impl.vas.VASCommandImpl
23/08 15:33:56:093 End of process session
23/08 15:34:06:123 java.lang.ClassNotFoundException: com.crm.provisioning.impl.vas.VASCommandImpl
23/08 15:34:06:124 End of process session
23/08 15:34:16:159 java.lang.ClassNotFoundException: com.crm.provisioning.impl.vas.VASCommandImpl
23/08 15:34:16:160 End of process session
23/08 15:34:26:190 java.lang.ClassNotFoundException: com.crm.provisioning.impl.vas.VASCommandImpl
23/08 15:34:26:191 End of process session
23/08 15:34:36:219 java.lang.ClassNotFoundException: com.crm.provisioning.impl.vas.VASCommandImpl
23/08 15:34:36:219 End of process session
23/08 15:34:46:254 java.lang.ClassNotFoundException: com.crm.provisioning.impl.vas.VASCommandImpl
23/08 15:34:46:255 End of process session
23/08 15:34:56:290 java.lang.ClassNotFoundException: com.crm.provisioning.impl.vas.VASCommandImpl
23/08 15:34:56:291 End of process session
23/08 15:35:06:316 java.lang.ClassNotFoundException: com.crm.provisioning.impl.vas.VASCommandImpl
23/08 15:35:06:317 End of process session
23/08 15:35:16:351 java.lang.ClassNotFoundException: com.crm.provisioning.impl.vas.VASCommandImpl
23/08 15:35:16:351 End of process session
23/08 15:35:26:386 java.lang.ClassNotFoundException: com.crm.provisioning.impl.vas.VASCommandImpl
23/08 15:35:26:388 End of process session
23/08 15:35:36:419 java.lang.ClassNotFoundException: com.crm.provisioning.impl.vas.VASCommandImpl
23/08 15:35:36:420 End of process session
23/08 15:35:46:450 java.lang.ClassNotFoundException: com.crm.provisioning.impl.vas.VASCommandImpl
23/08 15:35:46:451 End of process session
23/08 15:35:56:485 java.lang.ClassNotFoundException: com.crm.provisioning.impl.vas.VASCommandImpl
23/08 15:35:56:486 End of process session
23/08 15:36:06:516 java.lang.ClassNotFoundException: com.crm.provisioning.impl.vas.VASCommandImpl
23/08 15:36:06:517 End of process session
23/08 15:36:16:555 java.lang.ClassNotFoundException: com.crm.provisioning.impl.vas.VASCommandImpl
23/08 15:36:16:555 End of process session
23/08 15:36:26:595 java.lang.ClassNotFoundException: com.crm.provisioning.impl.vas.VASCommandImpl
23/08 15:36:26:596 End of process session
23/08 15:36:36:628 java.lang.ClassNotFoundException: com.crm.provisioning.impl.vas.VASCommandImpl
23/08 15:36:36:629 End of process session
23/08 15:36:46:657 java.lang.ClassNotFoundException: com.crm.provisioning.impl.vas.VASCommandImpl
23/08 15:36:46:657 End of process session
23/08 15:36:56:694 java.lang.ClassNotFoundException: com.crm.provisioning.impl.vas.VASCommandImpl
23/08 15:36:56:695 End of process session
23/08 15:37:06:729 java.lang.ClassNotFoundException: com.crm.provisioning.impl.vas.VASCommandImpl
23/08 15:37:06:730 End of process session
23/08 15:37:16:767 java.lang.ClassNotFoundException: com.crm.provisioning.impl.vas.VASCommandImpl
23/08 15:37:16:767 End of process session
23/08 15:37:26:803 java.lang.ClassNotFoundException: com.crm.provisioning.impl.vas.VASCommandImpl
23/08 15:37:26:804 End of process session
23/08 15:37:36:839 java.lang.ClassNotFoundException: com.crm.provisioning.impl.vas.VASCommandImpl
23/08 15:37:36:840 End of process session
23/08 15:37:46:877 java.lang.ClassNotFoundException: com.crm.provisioning.impl.vas.VASCommandImpl
23/08 15:37:46:877 End of process session
23/08 15:37:56:909 java.lang.ClassNotFoundException: com.crm.provisioning.impl.vas.VASCommandImpl
23/08 15:37:56:910 End of process session
23/08 15:38:06:942 java.lang.ClassNotFoundException: com.crm.provisioning.impl.vas.VASCommandImpl
23/08 15:38:06:943 End of process session
23/08 15:38:16:968 java.lang.ClassNotFoundException: com.crm.provisioning.impl.vas.VASCommandImpl
23/08 15:38:16:968 End of process session
23/08 15:38:27:011 java.lang.ClassNotFoundException: com.crm.provisioning.impl.vas.VASCommandImpl
23/08 15:38:27:012 End of process session
23/08 15:38:37:058 java.lang.ClassNotFoundException: com.crm.provisioning.impl.vas.VASCommandImpl
23/08 15:38:37:059 End of process session
23/08 15:38:47:088 java.lang.ClassNotFoundException: com.crm.provisioning.impl.vas.VASCommandImpl
23/08 15:38:47:089 End of process session
23/08 15:38:57:118 java.lang.ClassNotFoundException: com.crm.provisioning.impl.vas.VASCommandImpl
23/08 15:38:57:118 End of process session
23/08 15:39:07:151 java.lang.ClassNotFoundException: com.crm.provisioning.impl.vas.VASCommandImpl
23/08 15:39:07:152 End of process session
23/08 15:39:17:186 java.lang.ClassNotFoundException: com.crm.provisioning.impl.vas.VASCommandImpl
23/08 15:39:17:187 End of process session
23/08 15:39:27:213 java.lang.ClassNotFoundException: com.crm.provisioning.impl.vas.VASCommandImpl
23/08 15:39:27:213 End of process session
23/08 15:39:37:249 java.lang.ClassNotFoundException: com.crm.provisioning.impl.vas.VASCommandImpl
23/08 15:39:37:250 End of process session
23/08 15:39:47:281 java.lang.ClassNotFoundException: com.crm.provisioning.impl.vas.VASCommandImpl
23/08 15:39:47:283 End of process session
23/08 15:39:57:317 java.lang.ClassNotFoundException: com.crm.provisioning.impl.vas.VASCommandImpl
23/08 15:39:57:318 End of process session
23/08 15:40:07:352 java.lang.ClassNotFoundException: com.crm.provisioning.impl.vas.VASCommandImpl
23/08 15:40:07:353 End of process session
23/08 15:40:17:387 java.lang.ClassNotFoundException: com.crm.provisioning.impl.vas.VASCommandImpl
23/08 15:40:17:388 End of process session
23/08 15:40:27:420 java.lang.ClassNotFoundException: com.crm.provisioning.impl.vas.VASCommandImpl
23/08 15:40:27:421 End of process session
23/08 15:40:37:461 java.lang.ClassNotFoundException: com.crm.provisioning.impl.vas.VASCommandImpl
23/08 15:40:37:462 End of process session
23/08 15:40:47:496 java.lang.ClassNotFoundException: com.crm.provisioning.impl.vas.VASCommandImpl
23/08 15:40:47:497 End of process session
23/08 15:40:57:531 java.lang.ClassNotFoundException: com.crm.provisioning.impl.vas.VASCommandImpl
23/08 15:40:57:532 End of process session
23/08 15:41:07:570 java.lang.ClassNotFoundException: com.crm.provisioning.impl.vas.VASCommandImpl
23/08 15:41:07:571 End of process session
23/08 15:41:17:614 java.lang.ClassNotFoundException: com.crm.provisioning.impl.vas.VASCommandImpl
23/08 15:41:17:615 End of process session
23/08 15:41:27:645 java.lang.ClassNotFoundException: com.crm.provisioning.impl.vas.VASCommandImpl
23/08 15:41:27:646 End of process session
23/08 15:41:37:677 java.lang.ClassNotFoundException: com.crm.provisioning.impl.vas.VASCommandImpl
23/08 15:41:37:678 End of process session
23/08 15:41:47:712 java.lang.ClassNotFoundException: com.crm.provisioning.impl.vas.VASCommandImpl
23/08 15:41:47:713 End of process session
23/08 15:41:57:747 java.lang.ClassNotFoundException: com.crm.provisioning.impl.vas.VASCommandImpl
23/08 15:41:57:748 End of process session
23/08 15:42:07:771 java.lang.ClassNotFoundException: com.crm.provisioning.impl.vas.VASCommandImpl
23/08 15:42:07:772 End of process session
23/08 15:42:17:806 java.lang.ClassNotFoundException: com.crm.provisioning.impl.vas.VASCommandImpl
23/08 15:42:17:808 End of process session
23/08 15:42:27:842 java.lang.ClassNotFoundException: com.crm.provisioning.impl.vas.VASCommandImpl
23/08 15:42:27:843 End of process session
23/08 15:42:37:877 java.lang.ClassNotFoundException: com.crm.provisioning.impl.vas.VASCommandImpl
23/08 15:42:37:878 End of process session
23/08 15:42:47:911 java.lang.ClassNotFoundException: com.crm.provisioning.impl.vas.VASCommandImpl
23/08 15:42:47:912 End of process session
23/08 15:42:57:946 java.lang.ClassNotFoundException: com.crm.provisioning.impl.vas.VASCommandImpl
23/08 15:42:57:947 End of process session
23/08 15:43:07:987 java.lang.ClassNotFoundException: com.crm.provisioning.impl.vas.VASCommandImpl
23/08 15:43:07:988 End of process session
23/08 15:43:18:041 java.lang.ClassNotFoundException: com.crm.provisioning.impl.vas.VASCommandImpl
23/08 15:43:18:042 End of process session
23/08 15:43:28:070 java.lang.ClassNotFoundException: com.crm.provisioning.impl.vas.VASCommandImpl
23/08 15:43:28:070 End of process session
23/08 15:43:38:115 java.lang.ClassNotFoundException: com.crm.provisioning.impl.vas.VASCommandImpl
23/08 15:43:38:116 End of process session
23/08 15:43:48:138 java.lang.ClassNotFoundException: com.crm.provisioning.impl.vas.VASCommandImpl
23/08 15:43:48:138 End of process session
23/08 15:43:58:166 java.lang.ClassNotFoundException: com.crm.provisioning.impl.vas.VASCommandImpl
23/08 15:43:58:167 End of process session
23/08 15:44:08:189 java.lang.ClassNotFoundException: com.crm.provisioning.impl.vas.VASCommandImpl
23/08 15:44:08:189 End of process session
23/08 15:44:18:218 java.lang.ClassNotFoundException: com.crm.provisioning.impl.vas.VASCommandImpl
23/08 15:44:18:219 End of process session
23/08 15:44:28:259 java.lang.ClassNotFoundException: com.crm.provisioning.impl.vas.VASCommandImpl
23/08 15:44:28:260 End of process session
23/08 15:52:56:172 Order Routing started
23/08 15:53:00:090 Testing connection ...
23/08 15:53:08:495 Created provisioning instance for CCWS
23/08 15:53:08:496 Testing connection are success
23/08 15:53:08:496 Starting process session
23/08 15:53:09:501 java.sql.SQLException: ORA-00936: missing expression

23/08 15:53:09:502 Close pool
23/08 15:53:09:502 End of process session
23/08 15:53:19:653 Close pool
23/08 15:53:19:674 Close pool
23/08 15:53:19:677 Testing connection ...
23/08 15:53:19:681 Created provisioning instance for CCWS
23/08 15:53:19:682 Testing connection are success
23/08 15:53:19:683 Starting process session
23/08 15:53:20:435 java.sql.SQLException: ORA-00936: missing expression

23/08 15:53:20:436 Close pool
23/08 15:53:20:436 End of process session
23/08 15:53:26:437 Order Routing stopped
23/08 15:53:28:017 Order Routing started
23/08 15:53:28:039 Close pool
23/08 15:53:28:040 Close pool
23/08 15:53:28:040 Testing connection ...
23/08 15:53:28:044 Created provisioning instance for CCWS
23/08 15:53:28:044 Testing connection are success
23/08 15:53:28:045 Starting process session
23/08 15:53:28:625 java.sql.SQLException: ORA-00936: missing expression

23/08 15:53:28:625 Close pool
23/08 15:53:28:626 End of process session
23/08 15:53:38:632 Close pool
23/08 15:53:38:635 Close pool
23/08 15:53:38:637 Testing connection ...
23/08 15:53:38:641 Created provisioning instance for CCWS
23/08 15:53:38:641 Testing connection are success
23/08 15:53:38:642 Starting process session
23/08 15:53:39:242 java.sql.SQLException: ORA-00936: missing expression

23/08 15:53:39:243 Close pool
23/08 15:53:39:244 End of process session
23/08 15:53:49:249 Close pool
23/08 15:53:49:250 Close pool
23/08 15:53:49:251 Testing connection ...
23/08 15:53:49:254 Created provisioning instance for CCWS
23/08 15:53:49:255 Testing connection are success
23/08 15:53:49:256 Starting process session
23/08 15:53:49:913 java.sql.SQLException: ORA-00936: missing expression

23/08 15:53:49:914 Close pool
23/08 15:53:49:914 End of process session
23/08 15:53:59:915 Close pool
23/08 15:53:59:916 Close pool
23/08 15:53:59:917 Testing connection ...
23/08 15:53:59:920 Created provisioning instance for CCWS
23/08 15:53:59:921 Testing connection are success
23/08 15:53:59:921 Starting process session
23/08 15:54:00:506 java.sql.SQLException: ORA-00936: missing expression

23/08 15:54:00:506 Close pool
23/08 15:54:00:507 End of process session
23/08 15:54:10:509 Close pool
23/08 15:54:10:511 Close pool
23/08 15:54:10:512 Testing connection ...
23/08 15:54:10:516 Created provisioning instance for CCWS
23/08 15:54:10:517 Testing connection are success
23/08 15:54:10:517 Starting process session
23/08 15:54:11:222 java.sql.SQLException: ORA-00936: missing expression

23/08 15:54:11:222 Close pool
23/08 15:54:11:223 End of process session
23/08 15:54:21:226 Close pool
23/08 15:54:21:227 Close pool
23/08 15:54:21:228 Testing connection ...
23/08 15:54:21:231 Created provisioning instance for CCWS
23/08 15:54:21:232 Testing connection are success
23/08 15:54:21:232 Starting process session
23/08 15:54:21:957 java.sql.SQLException: ORA-00936: missing expression

23/08 15:54:21:958 Close pool
23/08 15:54:21:958 End of process session
23/08 15:54:31:960 Close pool
23/08 15:54:31:961 Close pool
23/08 15:54:31:961 Testing connection ...
23/08 15:54:31:965 Created provisioning instance for CCWS
23/08 15:54:31:966 Testing connection are success
23/08 15:54:31:967 Starting process session
23/08 15:54:32:538 java.sql.SQLException: ORA-00936: missing expression

23/08 15:54:32:540 Close pool
23/08 15:54:32:541 End of process session
23/08 15:54:42:542 Close pool
23/08 15:54:42:543 Close pool
23/08 15:54:42:544 Testing connection ...
23/08 15:54:42:547 Created provisioning instance for CCWS
23/08 15:54:42:548 Testing connection are success
23/08 15:54:42:549 Starting process session
23/08 15:54:43:347 java.sql.SQLException: ORA-00936: missing expression

23/08 15:54:43:348 Close pool
23/08 15:54:43:349 End of process session
23/08 15:54:53:350 Close pool
23/08 15:54:53:351 Close pool
23/08 15:54:53:352 Testing connection ...
23/08 15:54:53:356 Created provisioning instance for CCWS
23/08 15:54:53:357 Testing connection are success
23/08 15:54:53:358 Starting process session
23/08 15:54:53:916 java.sql.SQLException: ORA-00936: missing expression

23/08 15:54:53:917 Close pool
23/08 15:54:53:917 End of process session
23/08 15:55:03:919 Close pool
23/08 15:55:03:920 Close pool
23/08 15:55:03:921 Testing connection ...
23/08 15:55:03:925 Created provisioning instance for CCWS
23/08 15:55:03:926 Testing connection are success
23/08 15:55:03:926 Starting process session
23/08 15:55:04:488 java.sql.SQLException: ORA-00936: missing expression

23/08 15:55:04:488 Close pool
23/08 15:55:04:489 End of process session
23/08 15:55:14:603 Close pool
23/08 15:55:14:604 Close pool
23/08 15:55:14:605 Testing connection ...
23/08 15:55:14:607 Created provisioning instance for CCWS
23/08 15:55:14:609 Testing connection are success
23/08 15:55:14:609 Starting process session
23/08 15:55:15:173 java.sql.SQLException: ORA-00936: missing expression

23/08 15:55:15:174 Close pool
23/08 15:55:15:174 End of process session
23/08 15:55:25:175 Close pool
23/08 15:55:25:176 Close pool
23/08 15:55:25:177 Testing connection ...
23/08 15:55:25:182 Created provisioning instance for CCWS
23/08 15:55:25:183 Testing connection are success
23/08 15:55:25:184 Starting process session
23/08 15:55:26:046 java.sql.SQLException: ORA-00936: missing expression

23/08 15:55:26:047 Close pool
23/08 15:55:26:047 End of process session
23/08 15:55:36:049 Close pool
23/08 15:55:36:050 Close pool
23/08 15:55:36:051 Testing connection ...
23/08 15:55:36:055 Created provisioning instance for CCWS
23/08 15:55:36:055 Testing connection are success
23/08 15:55:36:056 Starting process session
23/08 15:55:36:649 java.sql.SQLException: ORA-00936: missing expression

23/08 15:55:36:649 Close pool
23/08 15:55:36:650 End of process session
23/08 15:55:46:650 Close pool
23/08 15:55:46:651 Close pool
23/08 15:55:46:651 Testing connection ...
23/08 15:55:46:654 Created provisioning instance for CCWS
23/08 15:55:46:654 Testing connection are success
23/08 15:55:46:655 Starting process session
23/08 15:55:47:361 java.sql.SQLException: ORA-00936: missing expression

23/08 15:55:47:362 Close pool
23/08 15:55:47:363 End of process session
23/08 15:55:57:366 Close pool
23/08 15:55:57:367 Close pool
23/08 15:55:57:368 Testing connection ...
23/08 15:55:57:371 Created provisioning instance for CCWS
23/08 15:55:57:372 Testing connection are success
23/08 15:55:57:373 Starting process session
23/08 15:55:57:930 java.sql.SQLException: ORA-00936: missing expression

23/08 15:55:57:930 Close pool
23/08 15:55:57:931 End of process session
23/08 15:56:08:038 Close pool
23/08 15:56:08:039 Close pool
23/08 15:56:08:039 Testing connection ...
23/08 15:56:08:043 Created provisioning instance for CCWS
23/08 15:56:08:044 Testing connection are success
23/08 15:56:08:045 Starting process session
23/08 15:56:08:618 java.sql.SQLException: ORA-00936: missing expression

23/08 15:56:08:619 Close pool
23/08 15:56:08:621 End of process session
23/08 15:56:18:623 Close pool
23/08 15:56:18:623 Close pool
23/08 15:56:18:624 Testing connection ...
23/08 15:56:18:627 Created provisioning instance for CCWS
23/08 15:56:18:628 Testing connection are success
23/08 15:56:18:628 Starting process session
23/08 15:56:19:336 java.sql.SQLException: ORA-00936: missing expression

23/08 15:56:19:337 Close pool
23/08 15:56:19:338 End of process session
23/08 15:56:29:339 Close pool
23/08 15:56:29:340 Close pool
23/08 15:56:29:341 Testing connection ...
23/08 15:56:29:345 Created provisioning instance for CCWS
23/08 15:56:29:346 Testing connection are success
23/08 15:56:29:346 Starting process session
23/08 15:56:29:936 java.sql.SQLException: ORA-00936: missing expression

23/08 15:56:29:936 Close pool
23/08 15:56:29:937 End of process session
23/08 15:56:39:941 Close pool
23/08 15:56:39:942 Close pool
23/08 15:56:39:943 Testing connection ...
23/08 15:56:39:947 Created provisioning instance for CCWS
23/08 15:56:39:948 Testing connection are success
23/08 15:56:39:948 Starting process session
23/08 15:56:40:528 java.sql.SQLException: ORA-00936: missing expression

23/08 15:56:40:529 Close pool
23/08 15:56:40:530 End of process session
23/08 15:56:50:532 Close pool
23/08 15:56:50:533 Close pool
23/08 15:56:50:534 Testing connection ...
23/08 15:56:50:538 Created provisioning instance for CCWS
23/08 15:56:50:539 Testing connection are success
23/08 15:56:50:540 Starting process session
23/08 15:56:51:110 java.sql.SQLException: ORA-00936: missing expression

23/08 15:56:51:110 Close pool
23/08 15:56:51:111 End of process session
23/08 15:57:01:208 Close pool
23/08 15:57:01:209 Close pool
23/08 15:57:01:210 Testing connection ...
23/08 15:57:01:215 Created provisioning instance for CCWS
23/08 15:57:01:216 Testing connection are success
23/08 15:57:01:217 Starting process session
23/08 15:57:01:811 java.sql.SQLException: ORA-00936: missing expression

23/08 15:57:01:812 Close pool
23/08 15:57:01:813 End of process session
23/08 15:57:11:827 Close pool
23/08 15:57:11:828 Close pool
23/08 15:57:11:830 Testing connection ...
23/08 15:57:11:834 Created provisioning instance for CCWS
23/08 15:57:11:835 Testing connection are success
23/08 15:57:11:836 Starting process session
23/08 15:57:12:402 java.sql.SQLException: ORA-00936: missing expression

23/08 15:57:12:402 Close pool
23/08 15:57:12:403 End of process session
23/08 15:57:22:405 Close pool
23/08 15:57:22:406 Close pool
23/08 15:57:22:407 Testing connection ...
23/08 15:57:22:411 Created provisioning instance for CCWS
23/08 15:57:22:411 Testing connection are success
23/08 15:57:22:412 Starting process session
23/08 15:57:23:527 java.sql.SQLException: ORA-00936: missing expression

23/08 15:57:23:528 Close pool
23/08 15:57:23:529 End of process session
23/08 15:57:33:530 Close pool
23/08 15:57:33:531 Close pool
23/08 15:57:33:532 Testing connection ...
23/08 15:57:33:536 Created provisioning instance for CCWS
23/08 15:57:33:537 Testing connection are success
23/08 15:57:33:537 Starting process session
23/08 15:57:34:367 java.sql.SQLException: ORA-00936: missing expression

23/08 15:57:34:368 Close pool
23/08 15:57:34:368 End of process session
23/08 15:57:44:369 Close pool
23/08 15:57:44:370 Close pool
23/08 15:57:44:371 Testing connection ...
23/08 15:57:44:373 Created provisioning instance for CCWS
23/08 15:57:44:374 Testing connection are success
23/08 15:57:44:375 Starting process session
23/08 15:57:44:971 java.sql.SQLException: ORA-00936: missing expression

23/08 15:57:44:972 Close pool
23/08 15:57:44:972 End of process session
23/08 15:57:54:974 Close pool
23/08 15:57:54:975 Close pool
23/08 15:57:54:976 Testing connection ...
23/08 15:57:54:985 Created provisioning instance for CCWS
23/08 15:57:54:986 Testing connection are success
23/08 15:57:54:986 Starting process session
23/08 15:57:55:553 java.sql.SQLException: ORA-00936: missing expression

23/08 15:57:55:553 Close pool
23/08 15:57:55:554 End of process session
23/08 15:58:05:554 Close pool
23/08 15:58:05:555 Close pool
23/08 15:58:05:556 Testing connection ...
23/08 15:58:05:564 Created provisioning instance for CCWS
23/08 15:58:05:565 Testing connection are success
23/08 15:58:05:565 Starting process session
23/08 15:58:06:243 java.sql.SQLException: ORA-00936: missing expression

23/08 15:58:06:243 Close pool
23/08 15:58:06:244 End of process session
23/08 15:58:16:245 Close pool
23/08 15:58:16:246 Close pool
23/08 15:58:16:247 Testing connection ...
23/08 15:58:16:250 Created provisioning instance for CCWS
23/08 15:58:16:251 Testing connection are success
23/08 15:58:16:252 Starting process session
23/08 15:58:17:211 java.sql.SQLException: ORA-00936: missing expression

23/08 15:58:17:212 Close pool
23/08 15:58:17:212 End of process session
23/08 15:58:27:214 Close pool
23/08 15:58:27:215 Close pool
23/08 15:58:27:216 Testing connection ...
23/08 15:58:27:218 Created provisioning instance for CCWS
23/08 15:58:27:219 Testing connection are success
23/08 15:58:27:220 Starting process session
23/08 15:58:27:990 java.sql.SQLException: ORA-00936: missing expression

23/08 15:58:27:991 Close pool
23/08 15:58:27:991 End of process session
23/08 15:58:37:992 Close pool
23/08 15:58:37:993 Close pool
23/08 15:58:37:994 Testing connection ...
23/08 15:58:37:997 Created provisioning instance for CCWS
23/08 15:58:37:999 Testing connection are success
23/08 15:58:37:999 Starting process session
23/08 15:58:38:559 java.sql.SQLException: ORA-00936: missing expression

23/08 15:58:38:560 Close pool
23/08 15:58:38:560 End of process session
23/08 15:58:48:564 Close pool
23/08 15:58:48:565 Close pool
23/08 15:58:48:566 Testing connection ...
23/08 15:58:48:570 Created provisioning instance for CCWS
23/08 15:58:48:571 Testing connection are success
23/08 15:58:48:571 Starting process session
23/08 15:58:49:149 java.sql.SQLException: ORA-00936: missing expression

23/08 15:58:49:150 Close pool
23/08 15:58:49:150 End of process session
23/08 15:58:59:151 Close pool
23/08 15:58:59:152 Close pool
23/08 15:58:59:153 Testing connection ...
23/08 15:58:59:157 Created provisioning instance for CCWS
23/08 15:58:59:157 Testing connection are success
23/08 15:58:59:158 Starting process session
23/08 15:58:59:841 java.sql.SQLException: ORA-00936: missing expression

23/08 15:58:59:842 Close pool
23/08 15:58:59:843 End of process session
23/08 15:59:09:844 Close pool
23/08 15:59:09:845 Close pool
23/08 15:59:09:845 Testing connection ...
23/08 15:59:09:849 Created provisioning instance for CCWS
23/08 15:59:09:850 Testing connection are success
23/08 15:59:09:851 Starting process session
23/08 15:59:10:422 java.sql.SQLException: ORA-00936: missing expression

23/08 15:59:10:423 Close pool
23/08 15:59:10:424 End of process session
23/08 15:59:20:425 Close pool
23/08 15:59:20:426 Close pool
23/08 15:59:20:427 Testing connection ...
23/08 15:59:20:430 Created provisioning instance for CCWS
23/08 15:59:20:430 Testing connection are success
23/08 15:59:20:431 Starting process session
23/08 15:59:21:355 java.sql.SQLException: ORA-00936: missing expression

23/08 15:59:21:356 Close pool
23/08 15:59:21:357 End of process session
23/08 15:59:31:362 Close pool
23/08 15:59:31:363 Close pool
23/08 15:59:31:364 Testing connection ...
23/08 15:59:31:367 Created provisioning instance for CCWS
23/08 15:59:31:369 Testing connection are success
23/08 15:59:31:370 Starting process session
23/08 15:59:31:951 java.sql.SQLException: ORA-00936: missing expression

23/08 15:59:31:951 Close pool
23/08 15:59:31:952 End of process session
23/08 15:59:41:954 Close pool
23/08 15:59:41:956 Close pool
23/08 15:59:41:957 Testing connection ...
23/08 15:59:41:962 Created provisioning instance for CCWS
23/08 15:59:41:963 Testing connection are success
23/08 15:59:41:964 Starting process session
23/08 15:59:42:528 java.sql.SQLException: ORA-00936: missing expression

23/08 15:59:42:529 Close pool
23/08 15:59:42:530 End of process session
23/08 15:59:52:530 Close pool
23/08 15:59:52:531 Close pool
23/08 15:59:52:532 Testing connection ...
23/08 15:59:52:536 Created provisioning instance for CCWS
23/08 15:59:52:537 Testing connection are success
23/08 15:59:52:538 Starting process session
23/08 15:59:53:186 java.sql.SQLException: ORA-00936: missing expression

23/08 15:59:53:187 Close pool
23/08 15:59:53:188 End of process session
23/08 16:00:03:202 Close pool
23/08 16:00:03:203 Close pool
23/08 16:00:03:204 Testing connection ...
23/08 16:00:03:206 Created provisioning instance for CCWS
23/08 16:00:03:207 Testing connection are success
23/08 16:00:03:208 Starting process session
23/08 16:00:03:787 java.sql.SQLException: ORA-00936: missing expression

23/08 16:00:03:788 Close pool
23/08 16:00:03:789 End of process session
23/08 16:00:13:790 Close pool
23/08 16:00:13:792 Close pool
23/08 16:00:13:792 Testing connection ...
23/08 16:00:13:795 Created provisioning instance for CCWS
23/08 16:00:13:796 Testing connection are success
23/08 16:00:13:796 Starting process session
23/08 16:00:14:365 java.sql.SQLException: ORA-00936: missing expression

23/08 16:00:14:365 Close pool
23/08 16:00:14:366 End of process session
23/08 16:00:24:366 Close pool
23/08 16:00:24:367 Close pool
23/08 16:00:24:368 Testing connection ...
23/08 16:00:24:371 Created provisioning instance for CCWS
23/08 16:00:24:372 Testing connection are success
23/08 16:00:24:373 Starting process session
23/08 16:00:25:039 java.sql.SQLException: ORA-00936: missing expression

23/08 16:00:25:039 Close pool
23/08 16:00:25:040 End of process session
23/08 16:00:35:042 Close pool
23/08 16:00:35:044 Close pool
23/08 16:00:35:045 Testing connection ...
23/08 16:00:35:050 Created provisioning instance for CCWS
23/08 16:00:35:051 Testing connection are success
23/08 16:00:35:053 Starting process session
23/08 16:00:35:612 java.sql.SQLException: ORA-00936: missing expression

23/08 16:00:35:612 Close pool
23/08 16:00:35:613 End of process session
23/08 16:00:45:716 Close pool
23/08 16:00:45:717 Close pool
23/08 16:00:45:718 Testing connection ...
23/08 16:00:45:723 Created provisioning instance for CCWS
23/08 16:00:45:724 Testing connection are success
23/08 16:00:45:725 Starting process session
23/08 16:00:46:273 java.sql.SQLException: ORA-00936: missing expression

23/08 16:00:46:273 Close pool
23/08 16:00:46:274 End of process session
23/08 16:00:56:381 Close pool
23/08 16:00:56:382 Close pool
23/08 16:00:56:383 Testing connection ...
23/08 16:00:56:387 Created provisioning instance for CCWS
23/08 16:00:56:388 Testing connection are success
23/08 16:00:56:389 Starting process session
23/08 16:00:56:956 java.sql.SQLException: ORA-00936: missing expression

23/08 16:00:56:956 Close pool
23/08 16:00:56:957 End of process session
23/08 16:01:06:958 Close pool
23/08 16:01:06:959 Close pool
23/08 16:01:06:960 Testing connection ...
23/08 16:01:06:965 Created provisioning instance for CCWS
23/08 16:01:06:966 Testing connection are success
23/08 16:01:06:967 Starting process session
23/08 16:01:41:672 Order Routing started
23/08 16:01:43:992 Testing connection ...
23/08 16:01:47:895 Created provisioning instance for CCWS
23/08 16:01:47:896 Testing connection are success
23/08 16:01:47:897 Starting process session
23/08 16:01:49:019 java.lang.NullPointerException: null
23/08 16:01:49:020 Close pool
23/08 16:01:49:021 End of process session
23/08 16:01:59:022 Close pool
23/08 16:01:59:023 Close pool
23/08 16:01:59:024 Testing connection ...
23/08 16:01:59:029 Created provisioning instance for CCWS
23/08 16:01:59:030 Testing connection are success
23/08 16:01:59:030 Starting process session
23/08 16:01:59:619 java.lang.NullPointerException: null
23/08 16:01:59:620 Close pool
23/08 16:01:59:621 End of process session
23/08 16:02:09:625 Close pool
23/08 16:02:09:626 Close pool
23/08 16:02:09:627 Testing connection ...
23/08 16:02:09:633 Created provisioning instance for CCWS
23/08 16:02:09:635 Testing connection are success
23/08 16:02:09:635 Starting process session
23/08 16:02:10:202 java.lang.NullPointerException: null
23/08 16:02:10:203 Close pool
23/08 16:02:10:204 End of process session
23/08 16:02:20:205 Close pool
23/08 16:02:20:206 Close pool
23/08 16:02:20:207 Testing connection ...
23/08 16:02:20:211 Created provisioning instance for CCWS
23/08 16:02:20:212 Testing connection are success
23/08 16:02:20:213 Starting process session
23/08 16:02:20:925 java.lang.NullPointerException: null
23/08 16:02:20:926 Close pool
23/08 16:02:20:927 End of process session
23/08 16:02:30:933 Close pool
23/08 16:02:30:934 Close pool
23/08 16:02:30:937 Testing connection ...
23/08 16:02:30:946 Created provisioning instance for CCWS
23/08 16:02:30:948 Testing connection are success
23/08 16:02:30:950 Starting process session
23/08 16:02:31:529 java.lang.NullPointerException: null
23/08 16:02:31:529 Close pool
23/08 16:02:31:530 End of process session
23/08 16:02:41:531 Close pool
23/08 16:02:41:532 Close pool
23/08 16:02:41:533 Testing connection ...
23/08 16:02:41:537 Created provisioning instance for CCWS
23/08 16:02:41:538 Testing connection are success
23/08 16:02:41:539 Starting process session
23/08 16:02:42:118 java.lang.NullPointerException: null
23/08 16:02:42:119 Close pool
23/08 16:02:42:119 End of process session
23/08 16:02:52:121 Close pool
23/08 16:02:52:123 Close pool
23/08 16:02:52:124 Testing connection ...
23/08 16:02:52:129 Created provisioning instance for CCWS
23/08 16:02:52:130 Testing connection are success
23/08 16:02:52:131 Starting process session
23/08 16:02:52:703 java.lang.NullPointerException: null
23/08 16:02:52:704 Close pool
23/08 16:02:52:705 End of process session
23/08 16:03:02:705 Close pool
23/08 16:03:02:706 Close pool
23/08 16:03:02:707 Testing connection ...
23/08 16:03:02:711 Created provisioning instance for CCWS
23/08 16:03:02:713 Testing connection are success
23/08 16:03:02:713 Starting process session
23/08 16:03:03:314 java.lang.NullPointerException: null
23/08 16:03:03:315 Close pool
23/08 16:03:03:316 End of process session
23/08 16:03:13:335 Close pool
23/08 16:03:13:336 Close pool
23/08 16:03:13:336 Testing connection ...
23/08 16:03:13:340 Created provisioning instance for CCWS
23/08 16:03:13:341 Testing connection are success
23/08 16:03:13:342 Starting process session
23/08 16:03:13:904 java.lang.NullPointerException: null
23/08 16:03:13:905 Close pool
23/08 16:03:13:905 End of process session
23/08 16:03:23:907 Close pool
23/08 16:03:23:908 Close pool
23/08 16:03:23:909 Testing connection ...
23/08 16:03:23:911 Created provisioning instance for CCWS
23/08 16:03:23:912 Testing connection are success
23/08 16:03:23:913 Starting process session
23/08 16:03:24:559 java.lang.NullPointerException: null
23/08 16:03:24:560 Close pool
23/08 16:03:24:561 End of process session
23/08 16:03:34:562 Close pool
23/08 16:03:34:563 Close pool
23/08 16:03:34:564 Testing connection ...
23/08 16:03:34:566 Created provisioning instance for CCWS
23/08 16:03:34:567 Testing connection are success
23/08 16:03:34:568 Starting process session
23/08 16:03:35:138 java.lang.NullPointerException: null
23/08 16:03:35:138 Close pool
23/08 16:03:35:140 End of process session
23/08 16:03:45:142 Close pool
23/08 16:03:45:144 Close pool
23/08 16:03:45:146 Testing connection ...
23/08 16:03:45:151 Created provisioning instance for CCWS
23/08 16:03:45:152 Testing connection are success
23/08 16:03:45:153 Starting process session
23/08 16:03:45:822 java.lang.NullPointerException: null
23/08 16:03:45:823 Close pool
23/08 16:03:45:823 End of process session
23/08 16:03:55:824 Close pool
23/08 16:03:55:825 Close pool
23/08 16:03:55:826 Testing connection ...
23/08 16:03:55:830 Created provisioning instance for CCWS
23/08 16:03:55:831 Testing connection are success
23/08 16:03:55:832 Starting process session
23/08 16:03:56:387 java.lang.NullPointerException: null
23/08 16:03:56:388 Close pool
23/08 16:03:56:389 End of process session
23/08 16:04:06:391 Close pool
23/08 16:04:06:392 Close pool
23/08 16:04:06:393 Testing connection ...
23/08 16:04:06:397 Created provisioning instance for CCWS
23/08 16:04:06:398 Testing connection are success
23/08 16:04:06:399 Starting process session
23/08 16:04:06:961 java.lang.NullPointerException: null
23/08 16:04:06:961 Close pool
23/08 16:04:06:962 End of process session
23/08 16:04:16:965 Close pool
23/08 16:04:16:967 Close pool
23/08 16:04:16:968 Testing connection ...
23/08 16:04:16:972 Created provisioning instance for CCWS
23/08 16:04:16:972 Testing connection are success
23/08 16:04:16:973 Starting process session
23/08 16:04:17:556 java.lang.NullPointerException: null
23/08 16:04:17:556 Close pool
23/08 16:04:17:557 End of process session
23/08 16:04:27:557 Close pool
23/08 16:04:27:558 Close pool
23/08 16:04:27:559 Testing connection ...
23/08 16:04:27:572 Created provisioning instance for CCWS
23/08 16:04:27:573 Testing connection are success
23/08 16:04:27:574 Starting process session
23/08 16:04:28:148 java.lang.NullPointerException: null
23/08 16:04:28:149 Close pool
23/08 16:04:28:150 End of process session
23/08 16:04:38:151 Close pool
23/08 16:04:38:152 Close pool
23/08 16:04:38:153 Testing connection ...
23/08 16:04:38:157 Created provisioning instance for CCWS
23/08 16:04:38:158 Testing connection are success
23/08 16:04:38:159 Starting process session
23/08 16:04:38:709 java.lang.NullPointerException: null
23/08 16:04:38:710 Close pool
23/08 16:04:38:711 End of process session
23/08 16:04:48:712 Close pool
23/08 16:04:48:713 Close pool
23/08 16:04:48:714 Testing connection ...
23/08 16:04:48:718 Created provisioning instance for CCWS
23/08 16:04:48:719 Testing connection are success
23/08 16:04:48:720 Starting process session
23/08 16:04:49:272 java.lang.NullPointerException: null
23/08 16:04:49:273 Close pool
23/08 16:04:49:274 End of process session
23/08 16:04:59:369 Close pool
23/08 16:04:59:370 Close pool
23/08 16:04:59:371 Testing connection ...
23/08 16:04:59:376 Created provisioning instance for CCWS
23/08 16:04:59:377 Testing connection are success
23/08 16:04:59:378 Starting process session
23/08 16:04:59:988 java.lang.NullPointerException: null
23/08 16:04:59:988 Close pool
23/08 16:04:59:989 End of process session
23/08 16:05:29:444 Order Routing started
23/08 16:05:33:400 Testing connection ...
23/08 16:05:35:531 Created provisioning instance for CCWS
23/08 16:05:35:532 Testing connection are success
23/08 16:05:35:533 Starting process session
23/08 16:05:36:770 java.lang.NullPointerException: null
23/08 16:05:36:776 Close pool
23/08 16:05:36:777 End of process session
23/08 16:05:46:780 Close pool
23/08 16:05:46:782 Close pool
23/08 16:05:46:783 Testing connection ...
23/08 16:05:46:788 Created provisioning instance for CCWS
23/08 16:05:46:789 Testing connection are success
23/08 16:05:46:790 Starting process session
23/08 16:05:47:364 java.lang.NullPointerException: null
23/08 16:05:47:365 Close pool
23/08 16:05:47:365 End of process session
23/08 16:05:57:366 Close pool
23/08 16:05:57:367 Close pool
23/08 16:05:57:368 Testing connection ...
23/08 16:05:57:372 Created provisioning instance for CCWS
23/08 16:05:57:373 Testing connection are success
23/08 16:05:57:374 Starting process session
23/08 16:05:57:931 java.lang.NullPointerException: null
23/08 16:05:57:932 Close pool
23/08 16:05:57:933 End of process session
23/08 16:06:07:934 Close pool
23/08 16:06:07:935 Close pool
23/08 16:06:07:936 Testing connection ...
23/08 16:06:07:940 Created provisioning instance for CCWS
23/08 16:06:07:941 Testing connection are success
23/08 16:06:07:942 Starting process session
23/08 16:06:08:485 java.lang.NullPointerException: null
23/08 16:06:08:486 Close pool
23/08 16:06:08:487 End of process session
23/08 16:06:18:488 Close pool
23/08 16:06:18:489 Close pool
23/08 16:06:18:489 Testing connection ...
23/08 16:06:18:491 Created provisioning instance for CCWS
23/08 16:06:18:492 Testing connection are success
23/08 16:06:18:492 Starting process session
23/08 16:06:19:083 java.lang.NullPointerException: null
23/08 16:06:19:084 Close pool
23/08 16:06:19:084 End of process session
23/08 16:06:29:085 Close pool
23/08 16:06:29:086 Close pool
23/08 16:06:29:087 Testing connection ...
23/08 16:06:29:091 Created provisioning instance for CCWS
23/08 16:06:29:092 Testing connection are success
23/08 16:06:29:093 Starting process session
23/08 16:06:30:025 java.lang.NullPointerException: null
23/08 16:06:30:026 Close pool
23/08 16:06:30:027 End of process session
23/08 16:06:40:029 Close pool
23/08 16:06:40:029 Close pool
23/08 16:06:40:030 Testing connection ...
23/08 16:06:40:034 Created provisioning instance for CCWS
23/08 16:06:40:035 Testing connection are success
23/08 16:06:40:036 Starting process session
23/08 16:06:40:905 java.lang.NullPointerException: null
23/08 16:06:40:906 Close pool
23/08 16:06:40:906 End of process session
23/08 16:06:50:906 Close pool
23/08 16:06:50:907 Close pool
23/08 16:06:50:907 Testing connection ...
23/08 16:06:50:910 Created provisioning instance for CCWS
23/08 16:06:50:910 Testing connection are success
23/08 16:06:50:911 Starting process session
23/08 16:06:51:483 java.lang.NullPointerException: null
23/08 16:06:51:484 Close pool
23/08 16:06:51:484 End of process session
23/08 16:07:01:486 Close pool
23/08 16:07:01:487 Close pool
23/08 16:07:01:488 Testing connection ...
23/08 16:07:01:492 Created provisioning instance for CCWS
23/08 16:07:01:493 Testing connection are success
23/08 16:07:01:494 Starting process session
23/08 16:07:02:033 java.lang.NullPointerException: null
23/08 16:07:02:035 Close pool
23/08 16:07:02:035 End of process session
23/08 16:07:12:037 Close pool
23/08 16:07:12:038 Close pool
23/08 16:07:12:039 Testing connection ...
23/08 16:07:12:043 Created provisioning instance for CCWS
23/08 16:07:12:044 Testing connection are success
23/08 16:07:12:045 Starting process session
23/08 16:07:12:592 java.lang.NullPointerException: null
23/08 16:07:12:593 Close pool
23/08 16:07:12:593 End of process session
23/08 16:07:22:602 Close pool
23/08 16:07:22:603 Close pool
23/08 16:07:22:604 Testing connection ...
23/08 16:07:22:608 Created provisioning instance for CCWS
23/08 16:07:22:610 Testing connection are success
23/08 16:07:22:611 Starting process session
23/08 16:07:23:159 java.lang.NullPointerException: null
23/08 16:07:23:160 Close pool
23/08 16:07:23:160 End of process session
23/08 16:07:33:162 Close pool
23/08 16:07:33:163 Close pool
23/08 16:07:33:164 Testing connection ...
23/08 16:07:33:166 Created provisioning instance for CCWS
23/08 16:07:33:167 Testing connection are success
23/08 16:07:33:168 Starting process session
23/08 16:07:33:870 java.lang.NullPointerException: null
23/08 16:07:33:871 Close pool
23/08 16:07:33:872 End of process session
23/08 16:07:43:872 Close pool
23/08 16:07:43:873 Close pool
23/08 16:07:43:874 Testing connection ...
23/08 16:07:43:879 Created provisioning instance for CCWS
23/08 16:07:43:880 Testing connection are success
23/08 16:07:43:881 Starting process session
23/08 16:07:44:467 java.lang.NullPointerException: null
23/08 16:07:44:468 Close pool
23/08 16:07:44:469 End of process session
23/08 16:07:54:470 Close pool
23/08 16:07:54:471 Close pool
23/08 16:07:54:472 Testing connection ...
23/08 16:07:54:476 Created provisioning instance for CCWS
23/08 16:07:54:477 Testing connection are success
23/08 16:07:54:478 Starting process session
23/08 16:07:55:066 java.lang.NullPointerException: null
23/08 16:07:55:067 Close pool
23/08 16:07:55:068 End of process session
23/08 16:08:05:069 Close pool
23/08 16:08:05:070 Close pool
23/08 16:08:05:071 Testing connection ...
23/08 16:08:05:073 Created provisioning instance for CCWS
23/08 16:08:05:074 Testing connection are success
23/08 16:08:05:074 Starting process session
23/08 16:08:05:608 java.lang.NullPointerException: null
23/08 16:08:05:609 Close pool
23/08 16:08:05:609 End of process session
23/08 16:08:15:664 Close pool
23/08 16:08:15:664 Close pool
23/08 16:08:15:665 Testing connection ...
23/08 16:08:15:668 Created provisioning instance for CCWS
23/08 16:08:15:669 Testing connection are success
23/08 16:08:15:669 Starting process session
23/08 16:08:16:225 java.lang.NullPointerException: null
23/08 16:08:16:226 Close pool
23/08 16:08:16:226 End of process session
23/08 16:08:26:228 Close pool
23/08 16:08:26:229 Close pool
23/08 16:08:26:230 Testing connection ...
23/08 16:08:26:234 Created provisioning instance for CCWS
23/08 16:08:26:235 Testing connection are success
23/08 16:08:26:235 Starting process session
23/08 16:08:26:790 java.lang.NullPointerException: null
23/08 16:08:26:791 Close pool
23/08 16:08:26:791 End of process session
23/08 16:08:36:792 Close pool
23/08 16:08:36:793 Close pool
23/08 16:08:36:794 Testing connection ...
23/08 16:08:36:798 Created provisioning instance for CCWS
23/08 16:08:36:799 Testing connection are success
23/08 16:08:36:800 Starting process session
23/08 16:08:37:345 java.lang.NullPointerException: null
23/08 16:08:37:346 Close pool
23/08 16:08:37:346 End of process session
23/08 16:08:47:348 Close pool
23/08 16:08:47:349 Close pool
23/08 16:08:47:350 Testing connection ...
23/08 16:08:47:354 Created provisioning instance for CCWS
23/08 16:08:47:355 Testing connection are success
23/08 16:08:47:356 Starting process session
23/08 16:08:48:015 java.lang.NullPointerException: null
23/08 16:08:48:016 Close pool
23/08 16:08:48:017 End of process session
23/08 16:08:58:019 Close pool
23/08 16:08:58:020 Close pool
23/08 16:08:58:020 Testing connection ...
23/08 16:08:58:023 Created provisioning instance for CCWS
23/08 16:08:58:024 Testing connection are success
23/08 16:08:58:024 Starting process session
23/08 16:08:58:581 java.lang.NullPointerException: null
23/08 16:08:58:583 Close pool
23/08 16:08:58:583 End of process session
23/08 16:09:08:584 Close pool
23/08 16:09:08:585 Close pool
23/08 16:09:08:586 Testing connection ...
23/08 16:09:08:588 Created provisioning instance for CCWS
23/08 16:09:08:589 Testing connection are success
23/08 16:09:08:590 Starting process session
23/08 16:09:09:299 java.lang.NullPointerException: null
23/08 16:09:09:300 Close pool
23/08 16:09:09:301 End of process session
23/08 16:09:19:411 Close pool
23/08 16:09:19:411 Close pool
23/08 16:09:19:412 Testing connection ...
23/08 16:09:19:414 Created provisioning instance for CCWS
23/08 16:09:19:414 Testing connection are success
23/08 16:09:19:414 Starting process session
23/08 16:09:20:205 java.lang.NullPointerException: null
23/08 16:09:20:206 Close pool
23/08 16:09:20:206 End of process session
23/08 16:09:30:208 Close pool
23/08 16:09:30:209 Close pool
23/08 16:09:30:210 Testing connection ...
23/08 16:09:30:214 Created provisioning instance for CCWS
23/08 16:09:30:215 Testing connection are success
23/08 16:09:30:216 Starting process session
23/08 16:09:31:271 java.lang.NullPointerException: null
23/08 16:09:31:272 Close pool
23/08 16:09:31:272 End of process session
23/08 16:09:41:273 Close pool
23/08 16:09:41:274 Close pool
23/08 16:09:41:275 Testing connection ...
23/08 16:09:41:277 Created provisioning instance for CCWS
23/08 16:09:41:278 Testing connection are success
23/08 16:09:41:278 Starting process session
23/08 16:09:41:889 java.lang.NullPointerException: null
23/08 16:09:41:890 Close pool
23/08 16:09:41:891 End of process session
23/08 16:09:51:892 Close pool
23/08 16:09:51:893 Close pool
23/08 16:09:51:893 Testing connection ...
23/08 16:09:51:897 Created provisioning instance for CCWS
23/08 16:09:51:898 Testing connection are success
23/08 16:09:51:899 Starting process session
23/08 16:09:52:677 java.lang.NullPointerException: null
23/08 16:09:52:678 Close pool
23/08 16:09:52:678 End of process session
23/08 16:10:02:679 Close pool
23/08 16:10:02:680 Close pool
23/08 16:10:02:681 Testing connection ...
23/08 16:10:02:685 Created provisioning instance for CCWS
23/08 16:10:02:685 Testing connection are success
23/08 16:10:02:686 Starting process session
23/08 16:10:03:252 java.lang.NullPointerException: null
23/08 16:10:03:252 Close pool
23/08 16:10:03:253 End of process session
23/08 16:10:13:254 Close pool
23/08 16:10:13:255 Close pool
23/08 16:10:13:256 Testing connection ...
23/08 16:10:13:260 Created provisioning instance for CCWS
23/08 16:10:13:261 Testing connection are success
23/08 16:10:13:262 Starting process session
23/08 16:10:13:818 java.lang.NullPointerException: null
23/08 16:10:13:819 Close pool
23/08 16:10:13:820 End of process session
23/08 16:10:23:821 Close pool
23/08 16:10:23:822 Close pool
23/08 16:10:23:823 Testing connection ...
23/08 16:10:23:827 Created provisioning instance for CCWS
23/08 16:10:23:828 Testing connection are success
23/08 16:10:23:829 Starting process session
23/08 16:10:24:366 java.lang.NullPointerException: null
23/08 16:10:24:367 Close pool
23/08 16:10:24:367 End of process session
23/08 16:10:34:461 Close pool
23/08 16:10:34:462 Close pool
23/08 16:10:34:463 Testing connection ...
23/08 16:10:34:469 Created provisioning instance for CCWS
23/08 16:10:34:469 Testing connection are success
23/08 16:10:34:470 Starting process session
23/08 16:10:35:057 java.lang.NullPointerException: null
23/08 16:10:35:058 Close pool
23/08 16:10:35:059 End of process session
23/08 16:10:45:060 Close pool
23/08 16:10:45:061 Close pool
23/08 16:10:45:062 Testing connection ...
23/08 16:10:45:065 Created provisioning instance for CCWS
23/08 16:10:45:066 Testing connection are success
23/08 16:10:45:067 Starting process session
23/08 16:10:45:860 java.lang.NullPointerException: null
23/08 16:10:45:861 Close pool
23/08 16:10:45:862 End of process session
23/08 16:10:55:863 Close pool
23/08 16:10:55:864 Close pool
23/08 16:10:55:865 Testing connection ...
23/08 16:10:55:867 Created provisioning instance for CCWS
23/08 16:10:55:868 Testing connection are success
23/08 16:10:55:869 Starting process session
23/08 16:10:56:864 java.lang.NullPointerException: null
23/08 16:10:56:864 Close pool
23/08 16:10:56:865 End of process session
23/08 16:11:06:869 Close pool
23/08 16:11:06:870 Close pool
23/08 16:11:06:871 Testing connection ...
23/08 16:11:06:875 Created provisioning instance for CCWS
23/08 16:11:06:876 Testing connection are success
23/08 16:11:06:877 Starting process session
23/08 16:11:07:448 java.lang.NullPointerException: null
23/08 16:11:07:448 Close pool
23/08 16:11:07:449 End of process session
23/08 16:11:17:452 Close pool
23/08 16:11:17:453 Close pool
23/08 16:11:17:454 Testing connection ...
23/08 16:11:17:458 Created provisioning instance for CCWS
23/08 16:11:17:459 Testing connection are success
23/08 16:11:17:463 Starting process session
23/08 16:11:18:021 java.lang.NullPointerException: null
23/08 16:11:18:022 Close pool
23/08 16:11:18:023 End of process session
23/08 16:11:28:027 Close pool
23/08 16:11:28:028 Close pool
23/08 16:11:28:029 Testing connection ...
23/08 16:11:28:033 Created provisioning instance for CCWS
23/08 16:11:28:034 Testing connection are success
23/08 16:11:28:034 Starting process session
23/08 16:11:28:696 Total 0 instances are started
23/08 16:11:28:697 Total 1 instances are added
23/08 16:11:28:758 Create order(84922000512) cost time: 20ms
23/08 16:11:28:906 Update order(84922000512) cost time: 7ms
23/08 16:11:28:909 84922000512: LOYALTY - CRM.SUBSCRIPTION_REGIST
23/08 16:11:28:910 orderId = 125407526 | requestId = 0 | orderDate = 2013/08/23 16:11:28 | userName = system | subProductId = 0 | channel = SMS | serviceAddress = 268 | keyword = DK CAM | isdn = 84922000512 | subscriberType = 1 | shipTo =  | actionType = register | productId = 274 | amount = 0.0 | provisioningType = CRM | commandId = 13119 | cause =  | status = 1 | description =  | balance = 
23/08 16:11:28:924 sendNotify: 84922000512 - Chuc mung quy khach da gia nhap Cau lac bo CAM cua Vietnamobile.Hay tiep tuc su dung Vietnamobile de tich luy nhieu diem va nhan duoc nhieu uu dai cua chuong trinh. Chi tiet 789
23/08 16:11:28:943 Create order(84922000512) cost time: 11ms
23/08 16:11:29:036 Update order(84922000512) cost time: 4ms
23/08 16:11:29:037 84922000512: LOYALTY - CRM.SUBSCRIPTION_REGIST
23/08 16:11:29:038 orderId = 125407527 | requestId = 0 | orderDate = 2013/08/23 16:11:28 | userName = system | subProductId = 0 | channel = SMS | serviceAddress = 268 | keyword = DK CAM | isdn = 84922000512 | subscriberType = 1 | shipTo =  | actionType = register | productId = 274 | amount = 0.0 | provisioningType = CRM | commandId = 13119 | cause =  | status = 1 | description =  | balance = 
23/08 16:11:29:044 sendNotify: 84922000512 - Chuc mung quy khach da gia nhap Cau lac bo CAM cua Vietnamobile.Hay tiep tuc su dung Vietnamobile de tich luy nhieu diem va nhan duoc nhieu uu dai cua chuong trinh. Chi tiet 789
23/08 16:11:29:059 Create order(84922000512) cost time: 10ms
23/08 16:11:29:083 Update order(84922000512) cost time: 10ms
23/08 16:11:29:084 84922000512: LOYALTY - CRM.SUBSCRIPTION_REGIST
23/08 16:11:29:085 orderId = 125407528 | requestId = 0 | orderDate = 2013/08/23 16:11:29 | userName = system | subProductId = 0 | channel = SMS | serviceAddress = 268 | keyword = DK CAM | isdn = 84922000512 | subscriberType = 1 | shipTo =  | actionType = register | productId = 274 | amount = 0.0 | provisioningType = CRM | commandId = 13119 | cause =  | status = 1 | description =  | balance = 
23/08 16:11:29:093 sendNotify: 84922000512 - Chuc mung quy khach da gia nhap Cau lac bo CAM cua Vietnamobile.Hay tiep tuc su dung Vietnamobile de tich luy nhieu diem va nhan duoc nhieu uu dai cua chuong trinh. Chi tiet 789
23/08 16:11:29:107 Create order(84922000512) cost time: 11ms
23/08 16:11:29:130 Update order(84922000512) cost time: 6ms
23/08 16:11:29:131 orderId = 125407529 | requestId = 0 | orderDate = 2013/08/23 16:11:29 | userName = system | subProductId = 52789373 | channel = SMS | serviceAddress = 268 | keyword = DK CAM | isdn = 84922000512 | subscriberType = -1 | shipTo =  | actionType = register | productId = 274 | amount = 0.0 | provisioningType = SMSC | commandId = 0 | cause = registered | status = 4 | description =  | balance = 
23/08 16:11:29:135 sendNotify: 84922000512 - Dich vu da duoc dang ky
23/08 16:11:29:146 Create order(84922000512) cost time: 7ms
23/08 16:11:29:158 Update order(84922000512) cost time: 6ms
23/08 16:11:29:159 orderId = 125407530 | requestId = 0 | orderDate = 2013/08/23 16:11:29 | userName = system | subProductId = 52789373 | channel = SMS | serviceAddress = 268 | keyword = DK CAM | isdn = 84922000512 | subscriberType = -1 | shipTo =  | actionType = register | productId = 274 | amount = 0.0 | provisioningType = SMSC | commandId = 0 | cause = registered | status = 4 | description =  | balance = 
23/08 16:11:29:163 sendNotify: 84922000512 - Dich vu da duoc dang ky
23/08 16:11:45:434 Close pool
23/08 16:11:45:535 Close queue connection pool.
23/08 16:11:45:542 End of process session
23/08 16:11:45:543 Order Routing stopped
23/08 16:11:47:454 Order Routing started
23/08 16:11:47:475 Close pool
23/08 16:11:47:476 Close pool
23/08 16:11:47:476 Testing connection ...
23/08 16:11:47:480 Created provisioning instance for CCWS
23/08 16:11:47:480 Testing connection are success
23/08 16:11:47:481 Starting process session
23/08 16:11:48:777 Total 0 instances are started
23/08 16:11:48:778 Total 1 instances are added
23/08 16:11:50:463 Close pool
23/08 16:11:50:564 Close queue connection pool.
23/08 16:11:50:570 End of process session
23/08 16:11:50:571 Order Routing stopped
23/08 16:12:35:522 Order Routing started
23/08 16:12:35:547 Close pool
23/08 16:12:35:548 Close pool
23/08 16:12:35:548 Testing connection ...
23/08 16:12:35:552 Created provisioning instance for CCWS
23/08 16:12:35:552 Testing connection are success
23/08 16:12:35:552 Starting process session
23/08 16:12:36:421 Total 0 instances are started
23/08 16:12:36:422 Total 1 instances are added
23/08 16:12:36:474 Create order(84922000512) cost time: 19ms
23/08 16:12:36:504 Update order(84922000512) cost time: 9ms
23/08 16:12:36:505 orderId = 125407531 | requestId = 0 | orderDate = 2013/08/23 16:12:36 | userName = system | subProductId = 52789373 | channel = SMS | serviceAddress = 268 | keyword = DK CAM | isdn = 84922000512 | subscriberType = -1 | shipTo =  | actionType = register | productId = 274 | amount = 0.0 | provisioningType = SMSC | commandId = 0 | cause = registered | status = 4 | description =  | balance = 
23/08 16:12:36:511 sendNotify: 84922000512 - Dich vu da duoc dang ky
23/08 16:12:40:528 Close pool
23/08 16:12:40:628 Close queue connection pool.
23/08 16:12:40:635 End of process session
23/08 16:12:40:637 Order Routing stopped
23/08 16:15:04:606 Order Routing started
23/08 16:15:04:629 Close pool
23/08 16:15:04:630 Close pool
23/08 16:15:04:630 Testing connection ...
23/08 16:15:04:634 Created provisioning instance for CCWS
23/08 16:15:04:634 Testing connection are success
23/08 16:15:04:635 Starting process session
23/08 16:15:05:392 Total 0 instances are started
23/08 16:15:05:393 Total 1 instances are added
23/08 16:15:05:421 Create order(84922000512) cost time: 7ms
23/08 16:15:05:431 Update order(84922000512) cost time: 4ms
23/08 16:15:05:432 orderId = 125407532 | requestId = 0 | orderDate = 2013/08/23 16:15:05 | userName = system | subProductId = 52789373 | channel = SMS | serviceAddress = 268 | keyword = DK CAM | isdn = 84922000512 | subscriberType = -1 | shipTo =  | actionType = register | productId = 274 | amount = 0.0 | provisioningType = SMSC | commandId = 0 | cause = registered | status = 4 | description =  | balance = 
23/08 16:15:05:436 sendNotify: 84922000512 - Dich vu da duoc dang ky
23/08 16:15:08:613 Close pool
23/08 16:15:08:713 Close queue connection pool.
23/08 16:15:08:721 End of process session
23/08 16:15:08:723 Order Routing stopped
23/08 16:23:41:786 Order Routing started
23/08 16:23:41:804 Close pool
23/08 16:23:41:805 Close pool
23/08 16:23:41:805 Testing connection ...
23/08 16:23:41:809 Created provisioning instance for CCWS
23/08 16:23:41:809 Testing connection are success
23/08 16:23:41:810 Starting process session
23/08 16:23:42:543 Total 0 instances are started
23/08 16:23:42:544 Total 1 instances are added
23/08 16:23:42:595 Create order(84922000516) cost time: 20ms
23/08 16:23:42:683 Update order(84922000516) cost time: 8ms
23/08 16:23:42:684 orderId = 125407533 | requestId = 0 | orderDate = 2013/08/23 16:23:42 | userName = system | subProductId = 0 | channel = SMS | serviceAddress = 268 | keyword = DK CAM | isdn = 84922000516 | subscriberType = -1 | shipTo =  | actionType = register | productId = 274 | amount = 0.0 | provisioningType = SMSC | commandId = 0 | cause = denied-subscriber-type | status = 4 | description =  | balance = 
23/08 16:23:42:691 sendNotify: 84922000516 - Goi cuoc cua quy khach dang su dung khong hop le. Vui long goi 123 de biet them chi tiet.
23/08 16:23:45:795 Close pool
23/08 16:23:45:896 Close queue connection pool.
23/08 16:23:45:904 End of process session
23/08 16:23:45:905 Order Routing stopped
23/08 16:31:53:101 Order Routing started
23/08 16:31:53:126 Close pool
23/08 16:31:53:126 Close pool
23/08 16:31:53:126 Testing connection ...
23/08 16:31:53:130 Created provisioning instance for CCWS
23/08 16:31:53:130 Testing connection are success
23/08 16:31:53:131 Starting process session
23/08 16:31:53:850 Total 0 instances are started
23/08 16:31:53:851 Total 1 instances are added
23/08 16:31:53:898 Create order(84922000511) cost time: 16ms
23/08 16:31:53:985 Update order(84922000511) cost time: 7ms
23/08 16:31:53:986 unknow-command
23/08 16:31:53:987 orderId = 125407534 | requestId = 0 | orderDate = 2013/08/23 16:31:53 | userName = system | subProductId = 0 | channel = SMS | serviceAddress = 268 | keyword = DK CAM | isdn = 84922000511 | subscriberType = 2 | shipTo =  | actionType = register | productId = 274 | amount = 0.0 | provisioningType = SMSC | commandId = 0 | cause = unknow-command | status = 4 | description = null | balance = 
23/08 16:31:53:994 sendNotify: 84922000511 - Xin loi, he thong dang ban. Xin quy khach vui long nhan tin lai sau.
23/08 16:31:59:103 Close pool
23/08 16:31:59:204 Close queue connection pool.
23/08 16:31:59:213 End of process session
23/08 16:31:59:214 Order Routing stopped
23/08 16:34:21:172 Order Routing started
23/08 16:34:21:193 Close pool
23/08 16:34:21:193 Close pool
23/08 16:34:21:194 Testing connection ...
23/08 16:34:21:197 Created provisioning instance for CCWS
23/08 16:34:21:198 Testing connection are success
23/08 16:34:21:199 Starting process session
23/08 16:34:21:921 Total 0 instances are started
23/08 16:34:21:922 Total 1 instances are added
23/08 16:34:21:968 Create order(84922000511) cost time: 18ms
23/08 16:34:22:051 Update order(84922000511) cost time: 6ms
23/08 16:34:22:052 unknow-command
23/08 16:34:22:053 orderId = 125407535 | requestId = 0 | orderDate = 2013/08/23 16:34:21 | userName = system | subProductId = 0 | channel = SMS | serviceAddress = 268 | keyword = DK CAM | isdn = 84922000511 | subscriberType = 2 | shipTo =  | actionType = register | productId = 274 | amount = 0.0 | provisioningType = SMSC | commandId = 0 | cause = unknow-command | status = 4 | description = null | balance = 
23/08 16:34:22:059 sendNotify: 84922000511 - Xin loi, he thong dang ban. Xin quy khach vui long nhan tin lai sau.
23/08 16:34:26:181 Close pool
23/08 16:34:26:282 Close queue connection pool.
23/08 16:34:26:290 End of process session
23/08 16:34:26:292 Order Routing stopped
23/08 16:39:07:475 Order Routing started
23/08 16:39:11:790 java.lang.ClassNotFoundException: com.crm.provisioning.impl.LoyaltyImpl
23/08 16:39:11:791 End of process session
23/08 16:39:21:856 java.lang.ClassNotFoundException: com.crm.provisioning.impl.LoyaltyImpl
23/08 16:39:21:857 End of process session
23/08 16:39:31:920 java.lang.ClassNotFoundException: com.crm.provisioning.impl.LoyaltyImpl
23/08 16:39:31:921 End of process session
23/08 16:39:42:032 java.lang.ClassNotFoundException: com.crm.provisioning.impl.LoyaltyImpl
23/08 16:39:42:033 End of process session
23/08 16:39:51:034 Order Routing stopped
23/08 16:39:52:231 Order Routing started
23/08 16:39:52:337 java.lang.ClassNotFoundException: com.crm.provisioning.impl.LoyaltyImpl
23/08 16:39:52:337 End of process session
23/08 16:40:02:402 java.lang.ClassNotFoundException: com.crm.provisioning.impl.LoyaltyImpl
23/08 16:40:02:402 End of process session
23/08 16:40:12:467 java.lang.ClassNotFoundException: com.crm.provisioning.impl.LoyaltyImpl
23/08 16:40:12:468 End of process session
23/08 16:40:22:570 java.lang.ClassNotFoundException: com.crm.provisioning.impl.LoyaltyImpl
23/08 16:40:22:571 End of process session
23/08 16:40:32:634 java.lang.ClassNotFoundException: com.crm.provisioning.impl.LoyaltyImpl
23/08 16:40:32:634 End of process session
23/08 16:40:42:699 java.lang.ClassNotFoundException: com.crm.provisioning.impl.LoyaltyImpl
23/08 16:40:42:700 End of process session
23/08 16:40:52:774 java.lang.ClassNotFoundException: com.crm.provisioning.impl.LoyaltyImpl
23/08 16:40:52:774 End of process session
23/08 16:41:02:901 java.lang.ClassNotFoundException: com.crm.provisioning.impl.LoyaltyImpl
23/08 16:41:02:902 End of process session
23/08 16:41:12:985 java.lang.ClassNotFoundException: com.crm.provisioning.impl.LoyaltyImpl
23/08 16:41:12:985 End of process session
23/08 16:41:31:531 Order Routing started
23/08 16:41:34:709 java.lang.ClassNotFoundException: com.crm.provisioning.impl.LoyaltyImpl
23/08 16:41:34:712 End of process session
23/08 16:41:44:792 java.lang.ClassNotFoundException: com.crm.provisioning.impl.LoyaltyImpl
23/08 16:41:44:793 End of process session
23/08 16:41:54:905 java.lang.ClassNotFoundException: com.crm.provisioning.impl.LoyaltyImpl
23/08 16:41:54:905 End of process session
23/08 16:42:04:990 java.lang.ClassNotFoundException: com.crm.provisioning.impl.LoyaltyImpl
23/08 16:42:04:991 End of process session
23/08 16:42:15:057 java.lang.ClassNotFoundException: com.crm.provisioning.impl.LoyaltyImpl
23/08 16:42:15:058 End of process session
23/08 16:42:20:059 Order Routing stopped
23/08 16:42:21:259 Order Routing started
23/08 16:42:21:339 java.lang.ClassNotFoundException: com.crm.provisioning.impl.LoyaltyImpl
23/08 16:42:21:339 End of process session
23/08 16:42:31:401 java.lang.ClassNotFoundException: com.crm.provisioning.impl.LoyaltyImpl
23/08 16:42:31:402 End of process session
23/08 16:42:41:464 java.lang.ClassNotFoundException: com.crm.provisioning.impl.LoyaltyImpl
23/08 16:42:41:465 End of process session
23/08 16:42:51:527 java.lang.ClassNotFoundException: com.crm.provisioning.impl.LoyaltyImpl
23/08 16:42:51:528 End of process session
23/08 16:43:01:591 java.lang.ClassNotFoundException: com.crm.provisioning.impl.LoyaltyImpl
23/08 16:43:01:592 End of process session
23/08 16:43:11:656 java.lang.ClassNotFoundException: com.crm.provisioning.impl.LoyaltyImpl
23/08 16:43:11:656 End of process session
23/08 16:43:21:720 java.lang.ClassNotFoundException: com.crm.provisioning.impl.LoyaltyImpl
23/08 16:43:21:721 End of process session
23/08 16:43:31:789 java.lang.ClassNotFoundException: com.crm.provisioning.impl.LoyaltyImpl
23/08 16:43:31:790 End of process session
23/08 16:43:41:866 java.lang.ClassNotFoundException: com.crm.provisioning.impl.LoyaltyImpl
23/08 16:43:41:867 End of process session
23/08 16:43:51:932 java.lang.ClassNotFoundException: com.crm.provisioning.impl.LoyaltyImpl
23/08 16:43:51:933 End of process session
23/08 16:44:02:000 java.lang.ClassNotFoundException: com.crm.provisioning.impl.LoyaltyImpl
23/08 16:44:02:000 End of process session
23/08 16:44:12:167 java.lang.ClassNotFoundException: com.crm.provisioning.impl.LoyaltyImpl
23/08 16:44:12:168 End of process session
23/08 16:44:22:233 java.lang.ClassNotFoundException: com.crm.provisioning.impl.LoyaltyImpl
23/08 16:44:22:234 End of process session
23/08 16:44:32:303 java.lang.ClassNotFoundException: com.crm.provisioning.impl.LoyaltyImpl
23/08 16:44:32:303 End of process session
23/08 16:44:42:366 java.lang.ClassNotFoundException: com.crm.provisioning.impl.LoyaltyImpl
23/08 16:44:42:367 End of process session
23/08 16:44:52:431 java.lang.ClassNotFoundException: com.crm.provisioning.impl.LoyaltyImpl
23/08 16:44:52:431 End of process session
23/08 16:45:22:560 Order Routing started
23/08 16:45:26:712 java.lang.ClassNotFoundException: com.crm.provisioning.impl.LoyaltyImpl
23/08 16:45:26:712 End of process session
23/08 16:45:36:779 java.lang.ClassNotFoundException: com.crm.provisioning.impl.LoyaltyImpl
23/08 16:45:36:780 End of process session
23/08 16:45:46:847 java.lang.ClassNotFoundException: com.crm.provisioning.impl.LoyaltyImpl
23/08 16:45:46:848 End of process session
23/08 16:45:56:914 java.lang.ClassNotFoundException: com.crm.provisioning.impl.LoyaltyImpl
23/08 16:45:56:915 End of process session
23/08 16:46:06:979 java.lang.ClassNotFoundException: com.crm.provisioning.impl.LoyaltyImpl
23/08 16:46:06:980 End of process session
23/08 16:46:17:039 java.lang.ClassNotFoundException: com.crm.provisioning.impl.LoyaltyImpl
23/08 16:46:17:040 End of process session
23/08 16:46:27:105 java.lang.ClassNotFoundException: com.crm.provisioning.impl.LoyaltyImpl
23/08 16:46:27:106 End of process session
23/08 16:46:37:196 java.lang.ClassNotFoundException: com.crm.provisioning.impl.LoyaltyImpl
23/08 16:46:37:196 End of process session
23/08 16:46:47:262 java.lang.ClassNotFoundException: com.crm.provisioning.impl.LoyaltyImpl
23/08 16:46:47:263 End of process session
23/08 16:46:57:329 java.lang.ClassNotFoundException: com.crm.provisioning.impl.LoyaltyImpl
23/08 16:46:57:330 End of process session
23/08 16:47:07:410 java.lang.ClassNotFoundException: com.crm.provisioning.impl.LoyaltyImpl
23/08 16:47:07:412 End of process session
23/08 16:47:17:478 java.lang.ClassNotFoundException: com.crm.provisioning.impl.LoyaltyImpl
23/08 16:47:17:479 End of process session
23/08 16:47:27:574 java.lang.ClassNotFoundException: com.crm.provisioning.impl.LoyaltyImpl
23/08 16:47:27:575 End of process session
23/08 16:47:37:640 java.lang.ClassNotFoundException: com.crm.provisioning.impl.LoyaltyImpl
23/08 16:47:37:641 End of process session
23/08 16:47:47:762 java.lang.ClassNotFoundException: com.crm.provisioning.impl.LoyaltyImpl
23/08 16:47:47:763 End of process session
23/08 16:47:57:835 java.lang.ClassNotFoundException: com.crm.provisioning.impl.LoyaltyImpl
23/08 16:47:57:835 End of process session
23/08 16:48:07:920 java.lang.ClassNotFoundException: com.crm.provisioning.impl.LoyaltyImpl
23/08 16:48:07:920 End of process session
23/08 16:48:17:989 java.lang.ClassNotFoundException: com.crm.provisioning.impl.LoyaltyImpl
23/08 16:48:17:989 End of process session
23/08 16:48:28:152 java.lang.ClassNotFoundException: com.crm.provisioning.impl.LoyaltyImpl
23/08 16:48:28:153 End of process session
23/08 16:48:38:217 java.lang.ClassNotFoundException: com.crm.provisioning.impl.LoyaltyImpl
23/08 16:48:38:218 End of process session
23/08 16:48:48:234 Testing connection ...
23/08 16:48:49:141 Created provisioning instance for CCWS
23/08 16:48:49:143 Testing connection are success
23/08 16:48:49:144 Starting process session
23/08 16:48:49:997 Total 0 instances are started
23/08 16:48:49:998 Total 1 instances are added
23/08 16:48:50:059 Create order(84922000511) cost time: 24ms
23/08 16:48:50:207 Update order(84922000511) cost time: 7ms
23/08 16:48:50:209 unknow-command
23/08 16:48:50:209 orderId = 125407536 | requestId = 0 | orderDate = 2013/08/23 16:48:50 | userName = system | subProductId = 0 | channel = SMS | serviceAddress = 268 | keyword = DK CAM | isdn = 84922000511 | subscriberType = 2 | shipTo =  | actionType = register | productId = 274 | amount = 0.0 | provisioningType = SMSC | commandId = 0 | cause = unknow-command | status = 4 | description = null | balance = 
23/08 16:48:50:218 sendNotify: 84922000511 - Xin loi, he thong dang ban. Xin quy khach vui long nhan tin lai sau.
23/08 16:48:50:235 Create order(84922000511) cost time: 12ms
23/08 16:48:50:260 Update order(84922000511) cost time: 15ms
23/08 16:48:50:261 unknow-command
23/08 16:48:50:262 orderId = 125407537 | requestId = 0 | orderDate = 2013/08/23 16:48:50 | userName = system | subProductId = 0 | channel = SMS | serviceAddress = 268 | keyword = DK CAM | isdn = 84922000511 | subscriberType = 2 | shipTo =  | actionType = register | productId = 274 | amount = 0.0 | provisioningType = SMSC | commandId = 0 | cause = unknow-command | status = 4 | description = null | balance = 
23/08 16:48:50:270 sendNotify: 84922000511 - Xin loi, he thong dang ban. Xin quy khach vui long nhan tin lai sau.
23/08 16:48:50:287 Create order(84922000511) cost time: 12ms
23/08 16:48:50:323 Update order(84922000511) cost time: 7ms
23/08 16:48:50:324 unknow-command
23/08 16:48:50:324 orderId = 125407538 | requestId = 0 | orderDate = 2013/08/23 16:48:50 | userName = system | subProductId = 0 | channel = SMS | serviceAddress = 268 | keyword = DK CAM | isdn = 84922000511 | subscriberType = 2 | shipTo =  | actionType = register | productId = 274 | amount = 0.0 | provisioningType = SMSC | commandId = 0 | cause = unknow-command | status = 4 | description = null | balance = 
23/08 16:48:50:329 sendNotify: 84922000511 - Xin loi, he thong dang ban. Xin quy khach vui long nhan tin lai sau.
23/08 16:48:59:785 Order Routing started
23/08 16:49:04:003 Testing connection ...
23/08 16:49:06:518 Created provisioning instance for CCWS
23/08 16:49:06:519 Testing connection are success
23/08 16:49:06:521 Starting process session
23/08 16:49:07:986 Total 0 instances are started
23/08 16:49:07:987 Total 1 instances are added
23/08 16:49:19:707 Create order(84922000511) cost time: 26ms
23/08 16:49:19:836 Update order(84922000511) cost time: 16ms
23/08 16:49:19:838 unknow-command
23/08 16:49:19:839 orderId = 125407539 | requestId = 0 | orderDate = 2013/08/23 16:49:19 | userName = system | subProductId = 0 | channel = SMS | serviceAddress = 268 | keyword = DK CAM | isdn = 84922000511 | subscriberType = 2 | shipTo =  | actionType = register | productId = 274 | amount = 0.0 | provisioningType = SMSC | commandId = 0 | cause = unknow-command | status = 4 | description = null | balance = 
23/08 16:49:19:854 sendNotify: 84922000511 - Xin loi, he thong dang ban. Xin quy khach vui long nhan tin lai sau.
23/08 16:50:39:526 Close pool
23/08 16:50:39:627 Close queue connection pool.
23/08 16:50:39:633 End of process session
23/08 16:50:39:635 Order Routing stopped
23/08 16:50:41:554 Order Routing started
23/08 16:50:41:576 Close pool
23/08 16:50:41:576 Close pool
23/08 16:50:41:577 Testing connection ...
23/08 16:50:41:582 Created provisioning instance for CCWS
23/08 16:50:41:583 Testing connection are success
23/08 16:50:41:584 Starting process session
23/08 16:50:42:335 Total 0 instances are started
23/08 16:50:42:336 Total 1 instances are added
23/08 16:50:47:750 Create order(84922000511) cost time: 10ms
23/08 16:50:47:770 Update order(84922000511) cost time: 8ms
23/08 16:50:47:771 unknow-command
23/08 16:50:47:772 orderId = 125407540 | requestId = 0 | orderDate = 2013/08/23 16:50:47 | userName = system | subProductId = 0 | channel = SMS | serviceAddress = 268 | keyword = DK CAM | isdn = 84922000511 | subscriberType = 2 | shipTo =  | actionType = register | productId = 274 | amount = 0.0 | provisioningType = SMSC | commandId = 0 | cause = unknow-command | status = 4 | description = null | balance = 
23/08 16:50:47:780 sendNotify: 84922000511 - Xin loi, he thong dang ban. Xin quy khach vui long nhan tin lai sau.
23/08 16:51:48:590 Close pool
23/08 16:51:48:691 Close queue connection pool.
23/08 16:51:48:697 End of process session
23/08 16:51:48:699 Order Routing stopped
23/08 16:51:50:634 Order Routing started
23/08 16:51:50:655 Close pool
23/08 16:51:50:655 Close pool
23/08 16:51:50:656 Testing connection ...
23/08 16:51:50:659 Created provisioning instance for CCWS
23/08 16:51:50:660 Testing connection are success
23/08 16:51:50:660 Starting process session
23/08 16:51:51:349 Total 0 instances are started
23/08 16:51:51:350 Total 1 instances are added
23/08 16:52:20:837 Create order(84922000511) cost time: 10ms
23/08 16:52:20:950 Update order(84922000511) cost time: 5ms
23/08 16:52:20:952 unknow-command
23/08 16:52:20:953 orderId = 125407541 | requestId = 0 | orderDate = 2013/08/23 16:52:20 | userName = system | subProductId = 0 | channel = SMS | serviceAddress = 268 | keyword = DK CAM | isdn = 84922000511 | subscriberType = 2 | shipTo =  | actionType = register | productId = 274 | amount = 0.0 | provisioningType = SMSC | commandId = 0 | cause = unknow-command | status = 4 | description = null | balance = 
23/08 16:52:20:960 sendNotify: 84922000511 - Xin loi, he thong dang ban. Xin quy khach vui long nhan tin lai sau.
23/08 17:03:59:782 Close pool
23/08 17:03:59:883 Close queue connection pool.
23/08 17:03:59:890 End of process session
23/08 17:03:59:891 Order Routing stopped
23/08 17:04:01:811 Order Routing started
23/08 17:04:01:835 Close pool
23/08 17:04:01:835 Close pool
23/08 17:04:01:836 Testing connection ...
23/08 17:04:01:840 Created provisioning instance for CCWS
23/08 17:04:01:840 Testing connection are success
23/08 17:04:01:840 Starting process session
23/08 17:04:02:734 Total 0 instances are started
23/08 17:04:02:735 Total 1 instances are added
23/08 17:04:05:027 Create order(84922000511) cost time: 23ms
23/08 17:04:05:128 Update order(84922000511) cost time: 11ms
23/08 17:04:05:129 84922000511: LOYALTY - CRM.SUBSCRIPTION_REGIST
23/08 17:04:05:130 orderId = 125407542 | requestId = 0 | orderDate = 2013/08/23 17:04:05 | userName = system | subProductId = 0 | channel = SMS | serviceAddress = 268 | keyword = DK CAM | isdn = 84922000511 | subscriberType = 2 | shipTo =  | actionType = register | productId = 274 | amount = 0.0 | provisioningType = CRM | commandId = 13119 | cause =  | status = 1 | description =  | balance = 
23/08 17:04:05:139 sendNotify: 84922000511 - Chuc mung quy khach da gia nhap Cau lac bo CAM cua Vietnamobile.Hay tiep tuc su dung Vietnamobile de tich luy nhieu diem va nhan duoc nhieu uu dai cua chuong trinh. Chi tiet 789
23/08 17:17:39:186 Create order(84922000511) cost time: 23ms
23/08 17:17:39:232 Update order(84922000511) cost time: 15ms
23/08 17:17:39:232 orderId = 125407543 | requestId = 0 | orderDate = 2013/08/23 17:17:39 | userName = system | subProductId = 52789374 | channel = SMS | serviceAddress = 268 | keyword = DK CAM | isdn = 84922000511 | subscriberType = -1 | shipTo =  | actionType = register | productId = 274 | amount = 0.0 | provisioningType = SMSC | commandId = 0 | cause = registered | status = 4 | description =  | balance = 
23/08 17:17:39:244 sendNotify: 84922000511 - Dich vu da duoc dang ky
