14/09 09:47:35:756 Order Routing started
14/09 09:47:44:557 Testing connection ...
14/09 09:47:50:570 Created provisioning instance for CCWS
14/09 09:47:50:571 Testing connection are success
14/09 09:47:50:572 Starting process session
14/09 09:47:51:793 Total 0 instances are started
14/09 09:47:51:794 Total 1 instances are added
14/09 09:48:12:817 com.sun.messaging.jms.JMSException: [C4003]: Error occurred on connection creation [10.32.62.73:7676]. - cause: java.net.ConnectException: Connection timed out: connect
14/09 09:48:12:818 Consumer was closed, reconnect.
14/09 09:48:12:927 Total 0 instances are started
14/09 09:48:12:929 Total 1 instances are added
14/09 09:48:33:954 com.sun.messaging.jms.JMSException: [C4003]: Error occurred on connection creation [10.32.62.73:7676]. - cause: java.net.ConnectException: Connection timed out: connect
14/09 09:48:33:955 Consumer was closed, reconnect.
14/09 09:48:34:062 Total 0 instances are started
14/09 09:48:34:063 Total 1 instances are added
14/09 09:48:55:079 com.sun.messaging.jms.JMSException: [C4003]: Error occurred on connection creation [10.32.62.73:7676]. - cause: java.net.ConnectException: Connection timed out: connect
14/09 09:48:55:104 Consumer was closed, reconnect.
14/09 09:48:55:213 Total 0 instances are started
14/09 09:48:55:213 Total 1 instances are added
14/09 09:49:16:244 com.sun.messaging.jms.JMSException: [C4003]: Error occurred on connection creation [10.32.62.73:7676]. - cause: java.net.ConnectException: Connection timed out: connect
14/09 09:49:16:270 Consumer was closed, reconnect.
14/09 09:49:16:373 Total 0 instances are started
14/09 09:49:16:373 Total 1 instances are added
14/09 09:49:37:386 com.sun.messaging.jms.JMSException: [C4003]: Error occurred on connection creation [10.32.62.73:7676]. - cause: java.net.ConnectException: Connection timed out: connect
14/09 09:49:37:387 Consumer was closed, reconnect.
14/09 09:49:37:497 Total 0 instances are started
14/09 09:49:37:497 Total 1 instances are added
14/09 09:49:58:510 com.sun.messaging.jms.JMSException: [C4003]: Error occurred on connection creation [10.32.62.73:7676]. - cause: java.net.ConnectException: Connection timed out: connect
14/09 09:49:58:511 Consumer was closed, reconnect.
14/09 09:49:58:612 Total 0 instances are started
14/09 09:49:58:612 Total 1 instances are added
14/09 09:50:19:637 com.sun.messaging.jms.JMSException: [C4003]: Error occurred on connection creation [10.32.62.73:7676]. - cause: java.net.ConnectException: Connection timed out: connect
14/09 09:50:19:637 Consumer was closed, reconnect.
14/09 09:50:19:741 Total 0 instances are started
14/09 09:50:19:741 Total 1 instances are added
14/09 09:50:40:756 com.sun.messaging.jms.JMSException: [C4003]: Error occurred on connection creation [10.32.62.73:7676]. - cause: java.net.ConnectException: Connection timed out: connect
14/09 09:50:40:757 Consumer was closed, reconnect.
14/09 09:50:40:860 Total 0 instances are started
14/09 09:50:40:860 Total 1 instances are added
14/09 09:51:01:879 com.sun.messaging.jms.JMSException: [C4003]: Error occurred on connection creation [10.32.62.73:7676]. - cause: java.net.ConnectException: Connection timed out: connect
14/09 09:51:01:879 Consumer was closed, reconnect.
14/09 09:51:01:981 Total 0 instances are started
14/09 09:51:01:981 Total 1 instances are added
14/09 09:51:22:999 com.sun.messaging.jms.JMSException: [C4003]: Error occurred on connection creation [10.32.62.73:7676]. - cause: java.net.ConnectException: Connection timed out: connect
14/09 09:51:23:000 Consumer was closed, reconnect.
14/09 09:51:23:107 Total 0 instances are started
14/09 09:51:23:108 Total 1 instances are added
14/09 09:51:44:126 com.sun.messaging.jms.JMSException: [C4003]: Error occurred on connection creation [10.32.62.73:7676]. - cause: java.net.ConnectException: Connection timed out: connect
14/09 09:51:44:127 Consumer was closed, reconnect.
14/09 09:51:44:235 Total 0 instances are started
14/09 09:51:44:235 Total 1 instances are added
14/09 09:52:11:944 Order Routing started
14/09 09:52:16:187 Testing connection ...
14/09 09:52:16:839 Created provisioning instance for CCWS
14/09 09:52:16:840 Testing connection are success
14/09 09:52:16:840 Starting process session
14/09 09:52:18:419 Total 0 instances are started
14/09 09:52:18:419 Total 1 instances are added
14/09 09:52:39:453 com.sun.messaging.jms.JMSException: [C4003]: Error occurred on connection creation [10.32.62.73:7676]. - cause: java.net.ConnectException: Connection timed out: connect
14/09 09:52:39:454 Consumer was closed, reconnect.
14/09 09:52:39:562 Total 0 instances are started
14/09 09:52:39:563 Total 1 instances are added
14/09 09:53:00:590 com.sun.messaging.jms.JMSException: [C4003]: Error occurred on connection creation [10.32.62.73:7676]. - cause: java.net.ConnectException: Connection timed out: connect
14/09 09:53:00:591 Consumer was closed, reconnect.
14/09 09:53:00:700 Total 0 instances are started
14/09 09:53:00:701 Total 1 instances are added
14/09 09:53:21:727 com.sun.messaging.jms.JMSException: [C4003]: Error occurred on connection creation [10.32.62.73:7676]. - cause: java.net.ConnectException: Connection timed out: connect
14/09 09:53:21:728 Consumer was closed, reconnect.
14/09 09:53:21:835 Total 0 instances are started
14/09 09:53:21:836 Total 1 instances are added
14/09 09:53:42:852 com.sun.messaging.jms.JMSException: [C4003]: Error occurred on connection creation [10.32.62.73:7676]. - cause: java.net.ConnectException: Connection timed out: connect
14/09 09:53:42:852 Consumer was closed, reconnect.
14/09 09:53:42:956 Total 0 instances are started
14/09 09:53:42:957 Total 1 instances are added
14/09 09:54:03:968 com.sun.messaging.jms.JMSException: [C4003]: Error occurred on connection creation [10.32.62.73:7676]. - cause: java.net.ConnectException: Connection timed out: connect
14/09 09:54:03:968 Consumer was closed, reconnect.
14/09 09:54:04:069 Total 0 instances are started
14/09 09:54:04:070 Total 1 instances are added
14/09 09:54:25:091 com.sun.messaging.jms.JMSException: [C4003]: Error occurred on connection creation [10.32.62.73:7676]. - cause: java.net.ConnectException: Connection timed out: connect
14/09 09:54:25:092 Consumer was closed, reconnect.
14/09 09:54:25:201 Total 0 instances are started
14/09 09:54:25:202 Total 1 instances are added
14/09 09:54:46:219 com.sun.messaging.jms.JMSException: [C4003]: Error occurred on connection creation [10.32.62.73:7676]. - cause: java.net.ConnectException: Connection timed out: connect
14/09 09:54:46:220 Consumer was closed, reconnect.
14/09 09:54:46:322 Total 0 instances are started
14/09 09:54:46:323 Total 1 instances are added
14/09 09:55:07:353 com.sun.messaging.jms.JMSException: [C4003]: Error occurred on connection creation [10.32.62.73:7676]. - cause: java.net.ConnectException: Connection timed out: connect
14/09 09:55:07:353 Consumer was closed, reconnect.
14/09 09:55:07:456 Total 0 instances are started
14/09 09:55:07:784 Total 1 instances are added
14/09 09:55:28:465 com.sun.messaging.jms.JMSException: [C4003]: Error occurred on connection creation [10.32.62.73:7676]. - cause: java.net.ConnectException: Connection timed out: connect
14/09 09:55:28:466 Consumer was closed, reconnect.
14/09 09:55:28:571 Total 0 instances are started
14/09 09:55:28:572 Total 1 instances are added
14/09 09:55:49:589 com.sun.messaging.jms.JMSException: [C4003]: Error occurred on connection creation [10.32.62.73:7676]. - cause: java.net.ConnectException: Connection timed out: connect
14/09 09:55:49:589 Consumer was closed, reconnect.
14/09 09:55:49:697 Total 0 instances are started
14/09 09:55:49:698 Total 1 instances are added
14/09 09:56:10:710 com.sun.messaging.jms.JMSException: [C4003]: Error occurred on connection creation [10.32.62.73:7676]. - cause: java.net.ConnectException: Connection timed out: connect
14/09 09:56:10:711 Consumer was closed, reconnect.
14/09 09:56:10:822 Total 0 instances are started
14/09 09:56:10:823 Total 1 instances are added
14/09 09:56:31:842 com.sun.messaging.jms.JMSException: [C4003]: Error occurred on connection creation [10.32.62.73:7676]. - cause: java.net.ConnectException: Connection timed out: connect
14/09 09:56:31:843 Consumer was closed, reconnect.
14/09 09:56:31:953 Total 0 instances are started
14/09 09:56:31:954 Total 1 instances are added
14/09 09:56:52:975 com.sun.messaging.jms.JMSException: [C4003]: Error occurred on connection creation [10.32.62.73:7676]. - cause: java.net.ConnectException: Connection timed out: connect
14/09 09:56:52:976 Consumer was closed, reconnect.
14/09 09:56:53:077 Total 0 instances are started
14/09 09:56:53:077 Total 1 instances are added
14/09 09:57:14:090 com.sun.messaging.jms.JMSException: [C4003]: Error occurred on connection creation [10.32.62.73:7676]. - cause: java.net.ConnectException: Connection timed out: connect
14/09 09:57:14:091 Consumer was closed, reconnect.
14/09 09:57:14:198 Total 0 instances are started
14/09 09:57:14:198 Total 1 instances are added
14/09 09:57:35:218 com.sun.messaging.jms.JMSException: [C4003]: Error occurred on connection creation [10.32.62.73:7676]. - cause: java.net.ConnectException: Connection timed out: connect
14/09 09:57:35:219 Consumer was closed, reconnect.
14/09 09:57:35:327 Total 0 instances are started
14/09 09:57:35:533 Total 1 instances are added
14/09 09:57:56:481 com.sun.messaging.jms.JMSException: [C4003]: Error occurred on connection creation [10.32.62.73:7676]. - cause: java.net.ConnectException: Connection timed out: connect
14/09 09:57:56:482 Consumer was closed, reconnect.
14/09 09:57:56:590 Total 0 instances are started
14/09 09:57:56:591 Total 1 instances are added
14/09 09:58:17:607 com.sun.messaging.jms.JMSException: [C4003]: Error occurred on connection creation [10.32.62.73:7676]. - cause: java.net.ConnectException: Connection timed out: connect
14/09 09:58:17:608 Consumer was closed, reconnect.
14/09 09:58:17:710 Total 0 instances are started
14/09 09:58:17:711 Total 1 instances are added
14/09 09:58:28:216 Order Routing started
14/09 09:58:32:324 Testing connection ...
14/09 09:58:32:982 Created provisioning instance for CCWS
14/09 09:58:32:982 Testing connection are success
14/09 09:58:32:982 Starting process session
14/09 09:58:34:633 Total 0 instances are started
14/09 09:58:34:633 Total 1 instances are added
14/09 09:58:55:649 com.sun.messaging.jms.JMSException: [C4003]: Error occurred on connection creation [10.32.62.73:7676]. - cause: java.net.ConnectException: Connection timed out: connect
14/09 09:58:55:650 Consumer was closed, reconnect.
14/09 09:58:55:753 Total 0 instances are started
14/09 09:58:55:754 Total 1 instances are added
14/09 09:59:16:769 com.sun.messaging.jms.JMSException: [C4003]: Error occurred on connection creation [10.32.62.73:7676]. - cause: java.net.ConnectException: Connection timed out: connect
14/09 09:59:16:770 Consumer was closed, reconnect.
14/09 09:59:16:872 Total 0 instances are started
14/09 09:59:16:873 Total 1 instances are added
14/09 09:59:37:888 com.sun.messaging.jms.JMSException: [C4003]: Error occurred on connection creation [10.32.62.73:7676]. - cause: java.net.ConnectException: Connection timed out: connect
14/09 09:59:37:889 Consumer was closed, reconnect.
14/09 09:59:37:995 Total 0 instances are started
14/09 09:59:37:995 Total 1 instances are added
14/09 09:59:59:006 com.sun.messaging.jms.JMSException: [C4003]: Error occurred on connection creation [10.32.62.73:7676]. - cause: java.net.ConnectException: Connection timed out: connect
14/09 09:59:59:007 Consumer was closed, reconnect.
14/09 09:59:59:115 Total 0 instances are started
14/09 09:59:59:116 Total 1 instances are added
14/09 10:00:20:125 com.sun.messaging.jms.JMSException: [C4003]: Error occurred on connection creation [10.32.62.73:7676]. - cause: java.net.ConnectException: Connection timed out: connect
14/09 10:00:20:126 Consumer was closed, reconnect.
14/09 10:00:20:231 Total 0 instances are started
14/09 10:00:20:232 Total 1 instances are added
14/09 10:00:41:250 com.sun.messaging.jms.JMSException: [C4003]: Error occurred on connection creation [10.32.62.73:7676]. - cause: java.net.ConnectException: Connection timed out: connect
14/09 10:00:41:251 Consumer was closed, reconnect.
14/09 10:00:41:354 Total 0 instances are started
14/09 10:00:41:355 Total 1 instances are added
14/09 10:01:02:371 com.sun.messaging.jms.JMSException: [C4003]: Error occurred on connection creation [10.32.62.73:7676]. - cause: java.net.ConnectException: Connection timed out: connect
14/09 10:01:02:372 Consumer was closed, reconnect.
14/09 10:01:02:473 Total 0 instances are started
14/09 10:01:02:473 Total 1 instances are added
14/09 10:01:23:538 com.sun.messaging.jms.JMSException: [C4003]: Error occurred on connection creation [10.32.62.73:7676]. - cause: java.net.ConnectException: Connection timed out: connect
14/09 10:01:23:539 Consumer was closed, reconnect.
14/09 10:01:23:651 Total 0 instances are started
14/09 10:01:23:652 Total 1 instances are added
14/09 10:01:44:671 com.sun.messaging.jms.JMSException: [C4003]: Error occurred on connection creation [10.32.62.73:7676]. - cause: java.net.ConnectException: Connection timed out: connect
14/09 10:01:44:672 Consumer was closed, reconnect.
14/09 10:01:44:774 Total 0 instances are started
14/09 10:01:44:774 Total 1 instances are added
14/09 10:02:05:790 com.sun.messaging.jms.JMSException: [C4003]: Error occurred on connection creation [10.32.62.73:7676]. - cause: java.net.ConnectException: Connection timed out: connect
14/09 10:02:05:791 Consumer was closed, reconnect.
14/09 10:02:05:898 Total 0 instances are started
14/09 10:02:05:902 Total 1 instances are added
14/09 10:02:26:924 com.sun.messaging.jms.JMSException: [C4003]: Error occurred on connection creation [10.32.62.73:7676]. - cause: java.net.ConnectException: Connection timed out: connect
14/09 10:02:26:924 Consumer was closed, reconnect.
14/09 10:02:27:025 Total 0 instances are started
14/09 10:02:27:026 Total 1 instances are added
14/09 10:02:48:052 com.sun.messaging.jms.JMSException: [C4003]: Error occurred on connection creation [10.32.62.73:7676]. - cause: java.net.ConnectException: Connection timed out: connect
14/09 10:02:48:053 Consumer was closed, reconnect.
14/09 10:02:48:154 Total 0 instances are started
14/09 10:02:48:155 Total 1 instances are added
14/09 10:03:09:194 com.sun.messaging.jms.JMSException: [C4003]: Error occurred on connection creation [10.32.62.73:7676]. - cause: java.net.ConnectException: Connection timed out: connect
14/09 10:03:09:195 Consumer was closed, reconnect.
14/09 10:03:09:297 Total 0 instances are started
14/09 10:03:09:297 Total 1 instances are added
14/09 10:03:30:329 com.sun.messaging.jms.JMSException: [C4003]: Error occurred on connection creation [10.32.62.73:7676]. - cause: java.net.ConnectException: Connection timed out: connect
14/09 10:03:30:330 Consumer was closed, reconnect.
14/09 10:03:30:438 Total 0 instances are started
14/09 10:03:30:438 Total 1 instances are added
14/09 10:03:51:522 com.sun.messaging.jms.JMSException: [C4003]: Error occurred on connection creation [10.32.62.73:7676]. - cause: java.net.ConnectException: Connection timed out: connect
14/09 10:03:51:522 Consumer was closed, reconnect.
14/09 10:03:51:623 Total 0 instances are started
14/09 10:03:51:623 Total 1 instances are added
14/09 10:04:12:639 com.sun.messaging.jms.JMSException: [C4003]: Error occurred on connection creation [10.32.62.73:7676]. - cause: java.net.ConnectException: Connection timed out: connect
14/09 10:04:12:640 Consumer was closed, reconnect.
14/09 10:04:12:746 Total 0 instances are started
14/09 10:04:12:747 Total 1 instances are added
14/09 10:04:33:777 com.sun.messaging.jms.JMSException: [C4003]: Error occurred on connection creation [10.32.62.73:7676]. - cause: java.net.ConnectException: Connection timed out: connect
14/09 10:04:33:777 Consumer was closed, reconnect.
14/09 10:04:33:888 Total 0 instances are started
14/09 10:04:33:889 Total 1 instances are added
14/09 10:04:54:901 com.sun.messaging.jms.JMSException: [C4003]: Error occurred on connection creation [10.32.62.73:7676]. - cause: java.net.ConnectException: Connection timed out: connect
14/09 10:04:54:902 Consumer was closed, reconnect.
14/09 10:04:55:007 Total 0 instances are started
14/09 10:04:55:008 Total 1 instances are added
14/09 10:05:16:024 com.sun.messaging.jms.JMSException: [C4003]: Error occurred on connection creation [10.32.62.73:7676]. - cause: java.net.ConnectException: Connection timed out: connect
14/09 10:05:16:024 Consumer was closed, reconnect.
14/09 10:05:16:130 Total 0 instances are started
14/09 10:05:16:131 Total 1 instances are added
14/09 10:05:37:152 com.sun.messaging.jms.JMSException: [C4003]: Error occurred on connection creation [10.32.62.73:7676]. - cause: java.net.ConnectException: Connection timed out: connect
14/09 10:05:37:153 Consumer was closed, reconnect.
14/09 10:05:37:254 Total 0 instances are started
14/09 10:05:37:255 Total 1 instances are added
14/09 10:05:58:262 com.sun.messaging.jms.JMSException: [C4003]: Error occurred on connection creation [10.32.62.73:7676]. - cause: java.net.ConnectException: Connection timed out: connect
14/09 10:05:58:263 Consumer was closed, reconnect.
14/09 10:05:58:367 Total 0 instances are started
14/09 10:05:58:368 Total 1 instances are added
14/09 10:06:19:388 com.sun.messaging.jms.JMSException: [C4003]: Error occurred on connection creation [10.32.62.73:7676]. - cause: java.net.ConnectException: Connection timed out: connect
14/09 10:06:19:389 Consumer was closed, reconnect.
14/09 10:06:19:491 Total 0 instances are started
14/09 10:06:19:492 Total 1 instances are added
14/09 10:06:40:509 com.sun.messaging.jms.JMSException: [C4003]: Error occurred on connection creation [10.32.62.73:7676]. - cause: java.net.ConnectException: Connection timed out: connect
14/09 10:06:40:509 Consumer was closed, reconnect.
14/09 10:06:40:620 Total 0 instances are started
14/09 10:06:40:621 Total 1 instances are added
14/09 10:07:01:641 com.sun.messaging.jms.JMSException: [C4003]: Error occurred on connection creation [10.32.62.73:7676]. - cause: java.net.ConnectException: Connection timed out: connect
14/09 10:07:01:642 Consumer was closed, reconnect.
14/09 10:07:01:747 Total 0 instances are started
14/09 10:07:01:748 Total 1 instances are added
14/09 10:07:22:765 com.sun.messaging.jms.JMSException: [C4003]: Error occurred on connection creation [10.32.62.73:7676]. - cause: java.net.ConnectException: Connection timed out: connect
14/09 10:07:22:766 Consumer was closed, reconnect.
14/09 10:07:22:867 Total 0 instances are started
14/09 10:07:22:868 Total 1 instances are added
14/09 10:07:43:877 com.sun.messaging.jms.JMSException: [C4003]: Error occurred on connection creation [10.32.62.73:7676]. - cause: java.net.ConnectException: Connection timed out: connect
14/09 10:07:43:878 Consumer was closed, reconnect.
14/09 10:07:43:985 Total 0 instances are started
14/09 10:07:43:986 Total 1 instances are added
14/09 10:08:04:999 com.sun.messaging.jms.JMSException: [C4003]: Error occurred on connection creation [10.32.62.73:7676]. - cause: java.net.ConnectException: Connection timed out: connect
14/09 10:08:05:000 Consumer was closed, reconnect.
14/09 10:08:05:101 Total 0 instances are started
14/09 10:08:05:102 Total 1 instances are added
14/09 10:08:26:131 com.sun.messaging.jms.JMSException: [C4003]: Error occurred on connection creation [10.32.62.73:7676]. - cause: java.net.ConnectException: Connection timed out: connect
14/09 10:08:26:132 Consumer was closed, reconnect.
14/09 10:08:26:241 Total 0 instances are started
14/09 10:08:26:242 Total 1 instances are added
14/09 10:08:47:259 com.sun.messaging.jms.JMSException: [C4003]: Error occurred on connection creation [10.32.62.73:7676]. - cause: java.net.ConnectException: Connection timed out: connect
14/09 10:08:47:260 Consumer was closed, reconnect.
14/09 10:08:47:363 Total 0 instances are started
14/09 10:08:47:364 Total 1 instances are added
14/09 10:09:08:383 com.sun.messaging.jms.JMSException: [C4003]: Error occurred on connection creation [10.32.62.73:7676]. - cause: java.net.ConnectException: Connection timed out: connect
14/09 10:09:08:384 Consumer was closed, reconnect.
14/09 10:09:08:494 Total 0 instances are started
14/09 10:09:08:494 Total 1 instances are added
14/09 10:09:29:526 com.sun.messaging.jms.JMSException: [C4003]: Error occurred on connection creation [10.32.62.73:7676]. - cause: java.net.ConnectException: Connection timed out: connect
14/09 10:09:29:527 Consumer was closed, reconnect.
14/09 10:09:29:629 Total 0 instances are started
14/09 10:09:29:629 Total 1 instances are added
14/09 10:09:50:638 com.sun.messaging.jms.JMSException: [C4003]: Error occurred on connection creation [10.32.62.73:7676]. - cause: java.net.ConnectException: Connection timed out: connect
14/09 10:09:50:638 Consumer was closed, reconnect.
14/09 10:09:50:740 Total 0 instances are started
14/09 10:09:50:740 Total 1 instances are added
14/09 10:10:11:751 com.sun.messaging.jms.JMSException: [C4003]: Error occurred on connection creation [10.32.62.73:7676]. - cause: java.net.ConnectException: Connection timed out: connect
14/09 10:10:11:751 Consumer was closed, reconnect.
14/09 10:10:11:860 Total 0 instances are started
14/09 10:10:11:861 Total 1 instances are added
14/09 10:10:32:871 com.sun.messaging.jms.JMSException: [C4003]: Error occurred on connection creation [10.32.62.73:7676]. - cause: java.net.ConnectException: Connection timed out: connect
14/09 10:10:32:872 Consumer was closed, reconnect.
14/09 10:10:32:975 Total 0 instances are started
14/09 10:10:32:976 Total 1 instances are added
14/09 10:10:53:997 com.sun.messaging.jms.JMSException: [C4003]: Error occurred on connection creation [10.32.62.73:7676]. - cause: java.net.ConnectException: Connection timed out: connect
14/09 10:10:53:997 Consumer was closed, reconnect.
14/09 10:10:54:106 Total 0 instances are started
14/09 10:10:54:106 Total 1 instances are added
14/09 10:11:15:124 com.sun.messaging.jms.JMSException: [C4003]: Error occurred on connection creation [10.32.62.73:7676]. - cause: java.net.ConnectException: Connection timed out: connect
14/09 10:11:15:125 Consumer was closed, reconnect.
14/09 10:11:15:229 Total 0 instances are started
14/09 10:11:15:229 Total 1 instances are added
14/09 10:11:36:247 com.sun.messaging.jms.JMSException: [C4003]: Error occurred on connection creation [10.32.62.73:7676]. - cause: java.net.ConnectException: Connection timed out: connect
14/09 10:11:36:248 Consumer was closed, reconnect.
14/09 10:11:36:351 Total 0 instances are started
14/09 10:11:36:352 Total 1 instances are added
14/09 10:14:05:955 Order Routing started
14/09 10:14:10:529 Testing connection ...
14/09 10:14:11:684 Created provisioning instance for CCWS
14/09 10:14:11:685 Testing connection are success
14/09 10:14:11:685 Starting process session
14/09 10:14:13:511 Total 0 instances are started
14/09 10:14:13:512 Total 1 instances are added
14/09 10:14:34:528 com.sun.messaging.jms.JMSException: [C4003]: Error occurred on connection creation [10.32.62.73:7676]. - cause: java.net.ConnectException: Connection timed out: connect
14/09 10:14:34:529 Consumer was closed, reconnect.
14/09 10:14:34:638 Total 0 instances are started
14/09 10:14:34:638 Total 1 instances are added
14/09 10:16:10:475 Order Routing started
14/09 10:16:14:439 Testing connection ...
14/09 10:16:15:101 Created provisioning instance for CCWS
14/09 10:16:15:102 Testing connection are success
14/09 10:16:15:102 Starting process session
14/09 10:16:16:573 Total 0 instances are started
14/09 10:16:16:574 Total 1 instances are added
14/09 10:16:33:251 Order Routing started
14/09 10:16:34:616 Testing connection ...
14/09 10:16:37:448 Created provisioning instance for CCWS
14/09 10:16:37:449 Testing connection are success
14/09 10:16:37:449 Starting process session
14/09 10:16:39:095 Total 0 instances are started
14/09 10:16:39:095 Total 1 instances are added
14/09 10:17:00:126 com.sun.messaging.jms.JMSException: [C4003]: Error occurred on connection creation [10.32.62.73:7676]. - cause: java.net.ConnectException: Connection timed out: connect
14/09 10:17:00:126 Consumer was closed, reconnect.
14/09 10:17:00:229 Total 0 instances are started
14/09 10:17:00:230 Total 1 instances are added
14/09 10:17:21:250 com.sun.messaging.jms.JMSException: [C4003]: Error occurred on connection creation [10.32.62.73:7676]. - cause: java.net.ConnectException: Connection timed out: connect
14/09 10:17:21:251 Consumer was closed, reconnect.
14/09 10:17:21:359 Total 0 instances are started
14/09 10:17:21:360 Total 1 instances are added
14/09 10:17:42:379 com.sun.messaging.jms.JMSException: [C4003]: Error occurred on connection creation [10.32.62.73:7676]. - cause: java.net.ConnectException: Connection timed out: connect
14/09 10:17:42:380 Consumer was closed, reconnect.
14/09 10:17:42:489 Total 0 instances are started
14/09 10:17:42:490 Total 1 instances are added
14/09 10:18:03:506 com.sun.messaging.jms.JMSException: [C4003]: Error occurred on connection creation [10.32.62.73:7676]. - cause: java.net.ConnectException: Connection timed out: connect
14/09 10:18:03:506 Consumer was closed, reconnect.
14/09 10:18:03:608 Total 0 instances are started
14/09 10:18:03:609 Total 1 instances are added
14/09 10:18:24:631 com.sun.messaging.jms.JMSException: [C4003]: Error occurred on connection creation [10.32.62.73:7676]. - cause: java.net.ConnectException: Connection timed out: connect
14/09 10:18:24:631 Consumer was closed, reconnect.
14/09 10:18:24:739 Total 0 instances are started
14/09 10:18:24:740 Total 1 instances are added
14/09 10:18:48:717 Order Routing started
14/09 10:18:50:624 Testing connection ...
14/09 10:18:53:451 Created provisioning instance for CCWS
14/09 10:18:53:452 Testing connection are success
14/09 10:18:53:452 Starting process session
14/09 10:18:54:920 Total 0 instances are started
14/09 10:18:54:921 Total 1 instances are added
14/09 10:19:15:952 com.sun.messaging.jms.JMSException: [C4003]: Error occurred on connection creation [10.32.62.73:7676]. - cause: java.net.ConnectException: Connection timed out: connect
14/09 10:19:15:952 Consumer was closed, reconnect.
14/09 10:19:16:062 Total 0 instances are started
14/09 10:19:16:064 Total 1 instances are added
14/09 10:19:37:083 com.sun.messaging.jms.JMSException: [C4003]: Error occurred on connection creation [10.32.62.73:7676]. - cause: java.net.ConnectException: Connection timed out: connect
14/09 10:19:37:083 Consumer was closed, reconnect.
14/09 10:19:37:190 Total 0 instances are started
14/09 10:19:37:191 Total 1 instances are added
14/09 10:20:01:215 Order Routing started
14/09 10:20:04:395 Testing connection ...
14/09 10:20:06:043 Created provisioning instance for CCWS
14/09 10:20:06:044 Testing connection are success
14/09 10:20:06:044 Starting process session
14/09 10:20:07:847 Total 0 instances are started
14/09 10:20:07:848 Total 1 instances are added
14/09 10:23:17:798 Order Routing started
14/09 10:23:22:217 Testing connection ...
14/09 10:23:23:220 Created provisioning instance for CCWS
14/09 10:23:23:221 Testing connection are success
14/09 10:23:23:223 Starting process session
14/09 10:23:24:933 Total 0 instances are started
14/09 10:23:24:934 Total 1 instances are added
14/09 10:25:54:542 Order Routing started
14/09 10:25:56:022 Testing connection ...
14/09 10:25:59:056 Created provisioning instance for CCWS
14/09 10:25:59:057 Testing connection are success
14/09 10:25:59:057 Starting process session
14/09 10:26:00:288 Total 0 instances are started
14/09 10:26:00:288 Total 1 instances are added
14/09 10:27:45:028 Order Routing started
14/09 10:27:48:377 Testing connection ...
14/09 10:27:49:246 Created provisioning instance for CCWS
14/09 10:27:49:247 Testing connection are success
14/09 10:27:49:249 Starting process session
14/09 10:27:50:544 Total 0 instances are started
14/09 10:27:50:545 Total 1 instances are added
14/09 10:55:20:274 Close pool
14/09 10:55:20:374 Close queue connection pool.
14/09 10:55:20:384 End of process session
14/09 10:55:20:385 Order Routing stopped
14/09 10:55:22:297 Order Routing started
14/09 10:55:22:320 Close pool
14/09 10:55:22:321 Close pool
14/09 10:55:22:321 Testing connection ...
14/09 10:55:22:325 Created provisioning instance for CCWS
14/09 10:55:22:326 Testing connection are success
14/09 10:55:22:326 Starting process session
14/09 10:55:23:071 Total 0 instances are started
14/09 10:55:23:072 Total 1 instances are added
14/09 10:57:52:858 Order Routing started
14/09 10:57:57:068 Testing connection ...
14/09 10:57:58:123 Created provisioning instance for CCWS
14/09 10:57:58:123 Testing connection are success
14/09 10:57:58:123 Starting process session
14/09 10:58:00:100 Total 0 instances are started
14/09 10:58:00:102 Total 1 instances are added
14/09 11:19:52:710 Order Routing started
14/09 11:19:57:187 Testing connection ...
14/09 11:19:58:202 Created provisioning instance for CCWS
14/09 11:19:58:202 Testing connection are success
14/09 11:19:58:202 Starting process session
14/09 11:19:59:429 Total 0 instances are started
14/09 11:19:59:430 Total 1 instances are added
14/09 11:26:12:858 Order Routing started
14/09 11:26:17:322 Testing connection ...
14/09 11:26:18:227 Created provisioning instance for CCWS
14/09 11:26:18:227 Testing connection are success
14/09 11:26:18:228 Starting process session
14/09 11:26:19:391 Total 0 instances are started
14/09 11:26:19:392 Total 1 instances are added
14/09 11:30:19:978 Order Routing started
14/09 11:30:23:911 Testing connection ...
14/09 11:30:25:187 Created provisioning instance for CCWS
14/09 11:30:25:188 Testing connection are success
14/09 11:30:25:188 Starting process session
14/09 11:30:26:788 Total 0 instances are started
14/09 11:30:26:789 Total 1 instances are added
14/09 11:31:56:380 Order Routing started
14/09 11:31:58:274 Testing connection ...
14/09 11:32:01:368 Created provisioning instance for CCWS
14/09 11:32:01:368 Testing connection are success
14/09 11:32:01:369 Starting process session
14/09 11:32:03:215 Total 0 instances are started
14/09 11:32:03:216 Total 1 instances are added
14/09 11:32:40:723 Order Routing started
14/09 11:32:45:141 Testing connection ...
14/09 11:32:46:172 Created provisioning instance for CCWS
14/09 11:32:46:173 Testing connection are success
14/09 11:32:46:173 Starting process session
14/09 11:32:47:899 Total 0 instances are started
14/09 11:32:47:900 Total 1 instances are added
14/09 11:51:11:771 Order Routing started
14/09 11:51:16:330 Testing connection ...
14/09 11:51:17:365 Created provisioning instance for CCWS
14/09 11:51:17:366 Testing connection are success
14/09 11:51:17:367 Starting process session
14/09 11:51:18:556 Total 0 instances are started
14/09 11:51:18:557 Total 1 instances are added
14/09 11:55:36:089 Order Routing started
14/09 11:55:40:708 Testing connection ...
14/09 11:55:41:726 Created provisioning instance for CCWS
14/09 11:55:41:727 Testing connection are success
14/09 11:55:41:728 Starting process session
14/09 11:55:43:338 Total 0 instances are started
14/09 11:55:43:339 Total 1 instances are added
14/09 12:01:42:869 Order Routing started
14/09 12:01:47:413 Testing connection ...
14/09 12:01:48:315 Created provisioning instance for CCWS
14/09 12:01:48:316 Testing connection are success
14/09 12:01:48:317 Starting process session
14/09 12:01:50:148 Total 0 instances are started
14/09 12:01:50:149 Total 1 instances are added
14/09 12:15:29:193 Create order(84922000512) cost time: 176ms
14/09 12:15:30:056 Update order(84922000512) cost time: 5ms
14/09 12:15:30:057 84922000512: LOYALTY - LOYALTY.BALANCE_QUERY
14/09 12:15:30:058 orderId = 125409828 | requestId = 0 | orderDate = 2013/09/14 12:15:29 | userName = system | subProductId = 0 | channel = SMS | serviceAddress = 268 | keyword = TRA DIEM | isdn = 84922000512 | subscriberType = 1 | shipTo =  | actionType = scanningPoint | productId = 274 | amount = 0.0 | provisioningType = CRM | commandId = 342 | cause =  | status = 1 | description =  | balance = 
14/09 12:29:55:677 Order Routing started
14/09 12:29:59:232 Testing connection ...
14/09 12:30:08:943 Created provisioning instance for CCWS
14/09 12:30:08:944 Testing connection are success
14/09 12:30:08:948 Starting process session
14/09 12:30:09:903 Total 0 instances are started
14/09 12:30:09:905 Total 1 instances are added
14/09 12:34:36:645 Create order(84922000512) cost time: 57ms
14/09 12:34:36:792 Update order(84922000512) cost time: 9ms
14/09 12:34:36:793 84922000512: LOYALTY - LOYALTY.BALANCE_QUERY
14/09 12:34:36:794 orderId = 125409829 | requestId = 0 | orderDate = 2013/09/14 12:34:36 | userName = system | subProductId = 0 | channel = SMS | serviceAddress = 268 | keyword = TRA DIEM | isdn = 84922000512 | subscriberType = 1 | shipTo =  | actionType = scanningPoint | productId = 274 | amount = 0.0 | provisioningType = CRM | commandId = 342 | cause =  | status = 1 | description =  | balance = 
14/09 12:35:01:585 Create order(84922000514) cost time: 9ms
14/09 12:35:01:709 Update order(84922000514) cost time: 5ms
14/09 12:35:01:710 84922000514: LOYALTY - LOYALTY.BALANCE_QUERY
14/09 12:35:01:711 orderId = 125409830 | requestId = 0 | orderDate = 2013/09/14 12:35:01 | userName = system | subProductId = 52789557 | channel = SMS | serviceAddress = 268 | keyword = TRA DIEM | isdn = 84922000514 | subscriberType = 1 | shipTo =  | actionType = scanningPoint | productId = 274 | amount = 0.0 | provisioningType = CRM | commandId = 342 | cause =  | status = 1 | description =  | balance = 
