06/09 08:43:52:918 MCA started
06/09 08:43:56:972 Testing connection ...
06/09 08:44:18:016 open connection is fail
06/09 08:44:18:042 java.net.ConnectException: Connection timed out: connect
06/09 08:44:18:043 Starting process session
06/09 08:44:18:144 Total 0 instances are started
06/09 08:44:18:146 Total 1 instances are added
06/09 09:00:10:290 MCA started
06/09 09:00:25:106 Testing connection ...
06/09 09:00:46:262 open connection is fail
06/09 09:00:46:270 java.net.ConnectException: Connection timed out: connect
06/09 09:00:46:271 Starting process session
06/09 09:00:46:372 Total 0 instances are started
06/09 09:00:46:373 Total 1 instances are added
06/09 09:01:44:299 MCA started
06/09 09:01:48:554 Testing connection ...
06/09 09:02:09:565 open connection is fail
06/09 09:02:09:612 java.net.ConnectException: Connection timed out: connect
06/09 09:02:09:612 Starting process session
06/09 09:02:09:713 Total 0 instances are started
06/09 09:02:09:715 Total 1 instances are added
06/09 09:03:55:197 MCA started
06/09 09:03:59:770 Testing connection ...
06/09 09:04:20:807 open connection is fail
06/09 09:04:20:823 java.net.ConnectException: Connection timed out: connect
06/09 09:04:20:824 Starting process session
06/09 09:04:20:925 Total 0 instances are started
06/09 09:04:20:926 Total 1 instances are added
06/09 09:05:09:579 MCA started
06/09 09:05:13:857 Testing connection ...
06/09 09:05:34:876 open connection is fail
06/09 09:05:34:888 java.net.ConnectException: Connection timed out: connect
06/09 09:05:34:889 Starting process session
06/09 09:05:34:990 Total 0 instances are started
06/09 09:05:34:994 Total 1 instances are added
06/09 09:15:17:178 MCA started
06/09 09:15:18:605 Testing connection ...
06/09 09:15:39:730 open connection is fail
06/09 09:15:39:744 java.net.ConnectException: Connection timed out: connect
06/09 09:15:39:745 Starting process session
06/09 09:15:39:847 Total 0 instances are started
06/09 09:15:39:848 Total 1 instances are added
06/09 09:26:04:471 MCA started
06/09 09:26:09:289 Testing connection ...
06/09 09:26:30:300 open connection is fail
06/09 09:26:30:316 java.net.ConnectException: Connection timed out: connect
06/09 09:26:30:317 Starting process session
06/09 09:26:30:417 Total 0 instances are started
06/09 09:26:30:418 Total 1 instances are added
06/09 09:29:46:684 MCA started
06/09 09:29:50:734 Testing connection ...
06/09 09:30:11:747 open connection is fail
06/09 09:30:11:761 java.net.ConnectException: Connection timed out: connect
06/09 09:30:11:762 Starting process session
06/09 09:30:11:863 Total 0 instances are started
06/09 09:30:11:864 Total 1 instances are added
06/09 09:33:05:424 MCA started
06/09 09:33:09:490 Testing connection ...
06/09 09:33:30:498 open connection is fail
06/09 09:33:30:514 java.net.ConnectException: Connection timed out: connect
06/09 09:33:30:515 Starting process session
06/09 09:33:30:745 Total 0 instances are started
06/09 09:33:30:747 Total 1 instances are added
06/09 09:34:13:879 MCA started
06/09 09:34:17:894 Testing connection ...
06/09 09:34:38:900 open connection is fail
06/09 09:34:38:907 java.net.ConnectException: Connection timed out: connect
06/09 09:34:38:908 Starting process session
06/09 09:34:39:008 Total 0 instances are started
06/09 09:34:39:009 Total 1 instances are added
06/09 09:36:24:480 MCA started
06/09 09:36:28:791 Testing connection ...
06/09 09:36:49:868 open connection is fail
06/09 09:36:49:879 java.net.ConnectException: Connection timed out: connect
06/09 09:36:49:880 Starting process session
06/09 09:36:49:981 Total 0 instances are started
06/09 09:36:49:982 Total 1 instances are added
06/09 09:37:02:386 MCA started
06/09 09:37:06:414 Testing connection ...
06/09 09:37:27:439 open connection is fail
06/09 09:37:27:458 java.net.ConnectException: Connection timed out: connect
06/09 09:37:27:459 Starting process session
06/09 09:37:27:560 Total 0 instances are started
06/09 09:37:27:561 Total 1 instances are added
06/09 10:00:22:928 MCA started
06/09 10:00:27:008 Testing connection ...
06/09 10:00:48:025 open connection is fail
06/09 10:00:48:040 java.net.ConnectException: Connection timed out: connect
06/09 10:00:48:040 Starting process session
06/09 10:00:48:141 Total 0 instances are started
06/09 10:00:48:142 Total 1 instances are added
06/09 10:06:25:845 MCA started
06/09 10:06:30:633 Testing connection ...
06/09 10:06:51:662 open connection is fail
06/09 10:06:51:676 java.net.ConnectException: Connection timed out: connect
06/09 10:06:51:677 Starting process session
06/09 10:06:51:778 Total 0 instances are started
06/09 10:06:51:779 Total 1 instances are added
06/09 10:09:17:348 MCA started
06/09 10:09:21:949 Testing connection ...
06/09 10:09:43:008 open connection is fail
06/09 10:09:43:024 java.net.ConnectException: Connection timed out: connect
06/09 10:09:43:026 Starting process session
06/09 10:09:43:126 Total 0 instances are started
06/09 10:09:43:127 Total 1 instances are added
06/09 10:15:38:287 MCA started
06/09 10:15:42:795 Testing connection ...
06/09 10:16:03:823 open connection is fail
06/09 10:16:03:838 java.net.ConnectException: Connection timed out: connect
06/09 10:16:03:840 Starting process session
06/09 10:16:03:942 Total 0 instances are started
06/09 10:16:03:944 Total 1 instances are added
06/09 10:44:18:295 MCA started
06/09 10:44:22:900 Testing connection ...
06/09 10:44:43:947 open connection is fail
06/09 10:44:43:958 java.net.ConnectException: Connection timed out: connect
06/09 10:44:43:958 Starting process session
06/09 10:44:44:059 Total 0 instances are started
06/09 10:44:44:060 Total 1 instances are added
06/09 10:56:29:348 MCA started
06/09 10:56:34:380 Testing connection ...
06/09 10:56:55:375 open connection is fail
06/09 10:56:55:386 java.net.ConnectException: Connection timed out: connect
06/09 10:56:55:387 Starting process session
06/09 10:56:55:488 Total 0 instances are started
06/09 10:56:55:489 Total 1 instances are added
06/09 11:01:19:551 MCA started
06/09 11:01:23:405 Testing connection ...
06/09 11:01:44:414 open connection is fail
06/09 11:01:44:426 java.net.ConnectException: Connection timed out: connect
06/09 11:01:44:427 Starting process session
06/09 11:01:44:528 Total 0 instances are started
06/09 11:01:44:529 Total 1 instances are added
06/09 11:12:22:196 MCA started
06/09 11:12:26:859 Testing connection ...
06/09 11:12:47:862 open connection is fail
06/09 11:12:47:874 java.net.ConnectException: Connection timed out: connect
06/09 11:12:47:874 Starting process session
06/09 11:12:47:975 Total 0 instances are started
06/09 11:12:47:976 Total 1 instances are added
06/09 11:16:54:250 MCA started
06/09 11:16:58:600 Testing connection ...
06/09 11:17:19:623 open connection is fail
06/09 11:17:19:641 java.net.ConnectException: Connection timed out: connect
06/09 11:17:19:642 Starting process session
06/09 11:17:19:742 Total 0 instances are started
06/09 11:17:19:743 Total 1 instances are added
06/09 11:30:47:636 MCA started
06/09 11:30:51:704 Testing connection ...
06/09 11:31:12:714 open connection is fail
06/09 11:31:12:726 java.net.ConnectException: Connection timed out: connect
06/09 11:31:12:726 Starting process session
06/09 11:31:12:829 Total 0 instances are started
06/09 11:31:12:837 Total 1 instances are added
06/09 11:39:46:632 MCA started
06/09 11:39:50:554 Testing connection ...
06/09 11:40:11:573 open connection is fail
06/09 11:40:11:590 java.net.ConnectException: Connection timed out: connect
06/09 11:40:11:590 Starting process session
06/09 11:40:11:691 Total 0 instances are started
06/09 11:40:11:692 Total 1 instances are added
06/09 11:42:43:162 MCA started
06/09 11:42:46:689 Testing connection ...
06/09 11:43:07:712 open connection is fail
06/09 11:43:07:728 java.net.ConnectException: Connection timed out: connect
06/09 11:43:07:729 Starting process session
06/09 11:43:07:830 Total 0 instances are started
06/09 11:43:07:832 Total 1 instances are added
06/09 11:44:58:034 MCA started
06/09 11:44:59:311 Testing connection ...
06/09 11:45:20:333 open connection is fail
06/09 11:45:20:349 java.net.ConnectException: Connection timed out: connect
06/09 11:45:20:349 Starting process session
06/09 11:45:20:451 Total 0 instances are started
06/09 11:45:20:452 Total 1 instances are added
06/09 14:04:54:692 MCA started
06/09 14:04:58:035 Testing connection ...
06/09 14:05:19:084 open connection is fail
06/09 14:05:19:093 java.net.ConnectException: Connection timed out: connect
06/09 14:05:19:093 Starting process session
06/09 14:05:19:194 Total 0 instances are started
06/09 14:05:19:195 Total 1 instances are added
06/09 14:16:39:189 MCA started
06/09 14:16:43:485 Testing connection ...
06/09 14:17:04:513 open connection is fail
06/09 14:17:04:524 java.net.ConnectException: Connection timed out: connect
06/09 14:17:04:524 Starting process session
06/09 14:17:04:625 Total 0 instances are started
06/09 14:17:04:626 Total 1 instances are added
06/09 14:21:04:222 MCA started
06/09 14:21:08:483 Testing connection ...
06/09 14:21:29:500 open connection is fail
06/09 14:21:29:509 java.net.ConnectException: Connection timed out: connect
06/09 14:21:29:510 Starting process session
06/09 14:21:29:610 Total 0 instances are started
06/09 14:21:29:611 Total 1 instances are added
06/09 14:22:10:405 MCA started
06/09 14:22:13:896 Testing connection ...
06/09 14:22:34:891 open connection is fail
06/09 14:22:34:904 java.net.ConnectException: Connection timed out: connect
06/09 14:22:34:905 Starting process session
06/09 14:22:35:143 Total 0 instances are started
06/09 14:22:35:144 Total 1 instances are added
06/09 15:16:42:938 MCA started
06/09 15:16:47:069 Testing connection ...
06/09 15:17:08:091 open connection is fail
06/09 15:17:08:099 java.net.ConnectException: Connection timed out: connect
06/09 15:17:08:099 Starting process session
06/09 15:17:08:200 Total 0 instances are started
06/09 15:17:08:201 Total 1 instances are added
06/09 15:23:54:069 MCA started
06/09 15:23:58:225 Testing connection ...
06/09 15:24:19:226 open connection is fail
06/09 15:24:19:242 java.net.ConnectException: Connection timed out: connect
06/09 15:24:19:243 Starting process session
06/09 15:24:19:343 Total 0 instances are started
06/09 15:24:19:344 Total 1 instances are added
06/09 15:34:14:488 MCA started
06/09 15:34:18:629 Testing connection ...
06/09 15:34:39:661 open connection is fail
06/09 15:34:39:676 java.net.ConnectException: Connection timed out: connect
06/09 15:34:39:677 Starting process session
06/09 15:34:39:777 Total 0 instances are started
06/09 15:34:39:778 Total 1 instances are added
06/09 15:42:27:090 MCA started
06/09 15:42:31:223 Testing connection ...
06/09 15:42:52:245 open connection is fail
06/09 15:42:52:263 java.net.ConnectException: Connection timed out: connect
06/09 15:42:52:264 Starting process session
06/09 15:42:52:364 Total 0 instances are started
06/09 15:42:52:365 Total 1 instances are added
06/09 15:45:32:128 MCA started
06/09 15:45:36:342 Testing connection ...
06/09 15:45:57:375 open connection is fail
06/09 15:45:57:383 java.net.ConnectException: Connection timed out: connect
06/09 15:45:57:384 Starting process session
06/09 15:45:57:484 Total 0 instances are started
06/09 15:45:57:485 Total 1 instances are added
06/09 16:32:20:530 MCA started
06/09 16:32:24:958 Testing connection ...
06/09 16:32:45:962 open connection is fail
06/09 16:32:45:977 java.net.ConnectException: Connection timed out: connect
06/09 16:32:45:978 Starting process session
06/09 16:32:46:078 Total 0 instances are started
06/09 16:32:46:079 Total 1 instances are added
06/09 16:40:34:936 MCA started
06/09 16:40:39:066 Testing connection ...
06/09 16:41:00:094 open connection is fail
06/09 16:41:00:104 java.net.ConnectException: Connection timed out: connect
06/09 16:41:00:105 Starting process session
06/09 16:41:00:206 Total 0 instances are started
06/09 16:41:00:210 Total 1 instances are added
06/09 16:42:36:125 MCA started
06/09 16:42:39:795 Testing connection ...
06/09 16:43:00:805 open connection is fail
06/09 16:43:00:816 java.net.ConnectException: Connection timed out: connect
06/09 16:43:00:817 Starting process session
06/09 16:43:00:918 Total 0 instances are started
06/09 16:43:00:919 Total 1 instances are added
06/09 16:57:22:856 MCA started
06/09 16:57:27:023 Testing connection ...
06/09 16:57:48:050 open connection is fail
06/09 16:57:48:067 java.net.ConnectException: Connection timed out: connect
06/09 16:57:48:068 Starting process session
06/09 16:57:48:169 Total 0 instances are started
06/09 16:57:48:169 Total 1 instances are added
06/09 17:04:35:800 MCA started
06/09 17:04:39:866 Testing connection ...
06/09 17:05:00:880 open connection is fail
06/09 17:05:00:892 java.net.ConnectException: Connection timed out: connect
06/09 17:05:00:892 Starting process session
06/09 17:05:00:993 Total 0 instances are started
06/09 17:05:00:994 Total 1 instances are added
06/09 17:15:50:987 MCA started
06/09 17:15:54:844 Testing connection ...
06/09 17:16:15:859 open connection is fail
06/09 17:16:15:875 java.net.ConnectException: Connection timed out: connect
06/09 17:16:15:876 Starting process session
06/09 17:16:15:977 Total 0 instances are started
06/09 17:16:15:979 Total 1 instances are added
06/09 17:17:05:655 MCA started
06/09 17:17:09:468 Testing connection ...
06/09 17:17:30:474 open connection is fail
06/09 17:17:30:487 java.net.ConnectException: Connection timed out: connect
06/09 17:17:30:487 Starting process session
06/09 17:17:30:588 Total 0 instances are started
06/09 17:17:30:589 Total 1 instances are added
06/09 17:30:14:698 MCA started
06/09 17:30:18:779 Testing connection ...
06/09 17:30:39:807 open connection is fail
06/09 17:30:39:818 java.net.ConnectException: Connection timed out: connect
06/09 17:30:39:819 Starting process session
06/09 17:30:39:922 Total 0 instances are started
06/09 17:30:39:923 Total 1 instances are added
06/09 17:33:02:951 MCA started
06/09 17:33:07:322 Testing connection ...
06/09 17:33:28:360 open connection is fail
06/09 17:33:28:373 java.net.ConnectException: Connection timed out: connect
06/09 17:33:28:374 Starting process session
06/09 17:33:28:475 Total 0 instances are started
06/09 17:33:28:476 Total 1 instances are added
06/09 17:33:58:325 MCA started
06/09 17:34:01:193 Testing connection ...
06/09 17:34:22:266 open connection is fail
06/09 17:34:22:277 java.net.ConnectException: Connection timed out: connect
06/09 17:34:22:278 Starting process session
06/09 17:34:22:379 Total 0 instances are started
06/09 17:34:22:380 Total 1 instances are added
06/09 17:38:22:338 MCA started
06/09 17:38:26:210 Testing connection ...
06/09 17:38:47:241 open connection is fail
06/09 17:38:47:258 java.net.ConnectException: Connection timed out: connect
06/09 17:38:47:259 Starting process session
06/09 17:38:47:360 Total 0 instances are started
06/09 17:38:47:361 Total 1 instances are added
06/09 17:58:20:282 MCA started
06/09 17:58:23:450 Testing connection ...
06/09 17:58:44:626 open connection is fail
06/09 17:58:44:638 java.net.ConnectException: Connection timed out: connect
06/09 17:58:44:638 Starting process session
06/09 17:58:44:738 Total 0 instances are started
06/09 17:58:44:739 Total 1 instances are added
06/09 18:04:35:453 MCA started
06/09 18:04:39:302 Testing connection ...
06/09 18:05:00:310 open connection is fail
06/09 18:05:00:326 java.net.ConnectException: Connection timed out: connect
06/09 18:05:00:327 Starting process session
06/09 18:05:00:428 Total 0 instances are started
06/09 18:05:00:429 Total 1 instances are added
06/09 18:10:06:797 MCA started
06/09 18:10:10:936 Testing connection ...
06/09 18:10:31:960 open connection is fail
06/09 18:10:31:977 java.net.ConnectException: Connection timed out: connect
06/09 18:10:31:978 Starting process session
06/09 18:10:32:078 Total 0 instances are started
06/09 18:10:32:079 Total 1 instances are added
