04/09 08:51:02:369 MCA started
04/09 08:51:06:709 Testing connection ...
04/09 08:51:27:744 open connection is fail
04/09 08:51:27:759 java.net.ConnectException: Connection timed out: connect
04/09 08:51:27:760 Starting process session
04/09 08:51:27:861 Total 0 instances are started
04/09 08:51:27:863 Total 1 instances are added
04/09 08:57:22:905 MCA started
04/09 08:57:25:041 Testing connection ...
04/09 08:57:46:876 open connection is fail
04/09 08:57:46:889 java.net.ConnectException: Connection timed out: connect
04/09 08:57:46:890 Starting process session
04/09 08:57:46:991 Total 0 instances are started
04/09 08:57:46:994 Total 1 instances are added
04/09 09:00:32:583 MCA started
04/09 09:00:36:967 Testing connection ...
04/09 09:00:57:995 open connection is fail
04/09 09:00:58:013 java.net.ConnectException: Connection timed out: connect
04/09 09:00:58:014 Starting process session
04/09 09:00:58:114 Total 0 instances are started
04/09 09:00:58:115 Total 1 instances are added
04/09 09:07:27:695 MCA started
04/09 09:07:31:951 Testing connection ...
04/09 09:07:52:977 open connection is fail
04/09 09:07:52:988 java.net.ConnectException: Connection timed out: connect
04/09 09:07:52:989 Starting process session
04/09 09:07:53:090 Total 0 instances are started
04/09 09:07:53:091 Total 1 instances are added
04/09 09:08:39:897 MCA started
04/09 09:08:44:320 Testing connection ...
04/09 09:09:05:329 open connection is fail
04/09 09:09:05:345 java.net.ConnectException: Connection timed out: connect
04/09 09:09:05:346 Starting process session
04/09 09:09:05:447 Total 0 instances are started
04/09 09:09:05:449 Total 1 instances are added
04/09 09:09:40:142 MCA started
04/09 09:09:44:357 Testing connection ...
04/09 09:10:05:370 open connection is fail
04/09 09:10:05:386 java.net.ConnectException: Connection timed out: connect
04/09 09:10:05:387 Starting process session
04/09 09:10:05:488 Total 0 instances are started
04/09 09:10:05:489 Total 1 instances are added
04/09 09:18:22:043 MCA started
04/09 09:18:26:368 Testing connection ...
04/09 09:18:47:826 MCA started
04/09 09:18:52:015 Testing connection ...
04/09 09:20:14:158 MCA started
04/09 09:20:18:285 Testing connection ...
04/09 09:20:39:305 open connection is fail
04/09 09:20:39:321 java.net.ConnectException: Connection timed out: connect
04/09 09:20:39:322 Starting process session
04/09 09:20:39:428 Total 0 instances are started
04/09 09:20:39:440 Total 1 instances are added
04/09 09:22:33:304 MCA started
04/09 09:22:37:504 Testing connection ...
04/09 09:22:58:519 open connection is fail
04/09 09:22:58:531 java.net.ConnectException: Connection timed out: connect
04/09 09:22:58:532 Starting process session
04/09 09:22:58:632 Total 0 instances are started
04/09 09:22:58:633 Total 1 instances are added
04/09 09:23:56:199 MCA started
04/09 09:24:00:118 Testing connection ...
04/09 09:24:21:119 open connection is fail
04/09 09:24:21:127 java.net.ConnectException: Connection timed out: connect
04/09 09:24:21:128 Starting process session
04/09 09:24:21:228 Total 0 instances are started
04/09 09:24:21:230 Total 1 instances are added
04/09 09:30:32:438 MCA started
04/09 09:30:36:641 Testing connection ...
04/09 09:30:57:637 open connection is fail
04/09 09:30:57:654 java.net.ConnectException: Connection timed out: connect
04/09 09:30:57:655 Starting process session
04/09 09:30:57:755 Total 0 instances are started
04/09 09:30:57:777 Total 1 instances are added
04/09 09:33:03:842 MCA started
04/09 09:33:08:143 Testing connection ...
04/09 09:33:29:160 open connection is fail
04/09 09:33:29:168 java.net.ConnectException: Connection timed out: connect
04/09 09:33:29:169 Starting process session
04/09 09:33:29:269 Total 0 instances are started
04/09 09:33:29:270 Total 1 instances are added
04/09 09:38:02:807 MCA started
04/09 09:38:07:010 Testing connection ...
04/09 09:38:28:032 open connection is fail
04/09 09:38:28:058 java.net.ConnectException: Connection timed out: connect
04/09 09:38:28:059 Starting process session
04/09 09:38:28:169 Total 0 instances are started
04/09 09:38:28:170 Total 1 instances are added
04/09 10:04:43:686 MCA started
04/09 10:04:45:454 Testing connection ...
04/09 10:05:06:476 open connection is fail
04/09 10:05:06:487 java.net.ConnectException: Connection timed out: connect
04/09 10:05:06:487 Starting process session
04/09 10:05:06:588 Total 0 instances are started
04/09 10:05:06:589 Total 1 instances are added
04/09 10:13:26:589 MCA started
04/09 10:13:30:375 Testing connection ...
04/09 10:13:51:386 open connection is fail
04/09 10:13:51:401 java.net.ConnectException: Connection timed out: connect
04/09 10:13:51:402 Starting process session
04/09 10:13:51:503 Total 0 instances are started
04/09 10:13:51:505 Total 1 instances are added
04/09 10:21:01:183 MCA started
04/09 10:21:05:096 Testing connection ...
04/09 10:21:26:127 open connection is fail
04/09 10:21:26:153 java.net.ConnectException: Connection timed out: connect
04/09 10:21:26:154 Starting process session
04/09 10:21:26:255 Total 0 instances are started
04/09 10:21:26:256 Total 1 instances are added
04/09 11:02:28:258 MCA started
04/09 11:02:32:283 Testing connection ...
04/09 11:02:53:284 open connection is fail
04/09 11:02:53:299 java.net.ConnectException: Connection timed out: connect
04/09 11:02:53:300 Starting process session
04/09 11:02:53:401 Total 0 instances are started
04/09 11:02:53:402 Total 1 instances are added
04/09 11:07:21:439 MCA started
04/09 11:07:25:210 Testing connection ...
04/09 11:07:46:229 open connection is fail
04/09 11:07:46:254 java.net.ConnectException: Connection timed out: connect
04/09 11:07:46:255 Starting process session
04/09 11:07:46:355 Total 0 instances are started
04/09 11:07:46:356 Total 1 instances are added
04/09 11:10:34:050 MCA started
04/09 11:10:37:822 Testing connection ...
04/09 11:10:58:940 open connection is fail
04/09 11:10:58:948 java.net.ConnectException: Connection timed out: connect
04/09 11:10:58:949 Starting process session
04/09 11:10:59:049 Total 0 instances are started
04/09 11:10:59:050 Total 1 instances are added
04/09 11:15:42:666 MCA started
04/09 11:15:46:621 Testing connection ...
04/09 11:16:07:639 open connection is fail
04/09 11:16:07:651 java.net.ConnectException: Connection timed out: connect
04/09 11:16:07:652 Starting process session
04/09 11:16:07:753 Total 0 instances are started
04/09 11:16:07:754 Total 1 instances are added
04/09 11:17:25:480 MCA started
04/09 11:17:29:596 Testing connection ...
04/09 11:17:50:626 open connection is fail
04/09 11:17:50:640 java.net.ConnectException: Connection timed out: connect
04/09 11:17:50:640 Starting process session
04/09 11:17:50:741 Total 0 instances are started
04/09 11:17:50:742 Total 1 instances are added
04/09 11:19:58:924 MCA started
04/09 11:20:02:981 Testing connection ...
04/09 11:20:24:022 open connection is fail
04/09 11:20:24:031 java.net.ConnectException: Connection timed out: connect
04/09 11:20:24:031 Starting process session
04/09 11:20:24:132 Total 0 instances are started
04/09 11:20:24:132 Total 1 instances are added
04/09 11:23:30:725 MCA started
04/09 11:23:34:785 Testing connection ...
04/09 11:23:55:781 open connection is fail
04/09 11:23:55:798 java.net.ConnectException: Connection timed out: connect
04/09 11:23:55:799 Starting process session
04/09 11:23:55:900 Total 0 instances are started
04/09 11:23:55:901 Total 1 instances are added
04/09 11:27:09:938 MCA started
04/09 11:27:14:208 Testing connection ...
04/09 11:27:35:206 open connection is fail
04/09 11:27:35:217 java.net.ConnectException: Connection timed out: connect
04/09 11:27:35:218 Starting process session
04/09 11:27:35:318 Total 0 instances are started
04/09 11:27:35:319 Total 1 instances are added
04/09 11:28:39:415 MCA started
04/09 11:28:43:689 Testing connection ...
04/09 11:29:04:699 open connection is fail
04/09 11:29:04:708 java.net.ConnectException: Connection timed out: connect
04/09 11:29:04:708 Starting process session
04/09 11:29:04:809 Total 0 instances are started
04/09 11:29:04:810 Total 1 instances are added
04/09 11:30:36:405 MCA started
04/09 11:30:40:576 Testing connection ...
04/09 11:31:01:610 open connection is fail
04/09 11:31:01:619 java.net.ConnectException: Connection timed out: connect
04/09 11:31:01:619 Starting process session
04/09 11:31:01:720 Total 0 instances are started
04/09 11:31:01:721 Total 1 instances are added
04/09 11:33:22:710 MCA started
04/09 11:33:26:999 Testing connection ...
04/09 11:33:48:028 open connection is fail
04/09 11:33:48:038 java.net.ConnectException: Connection timed out: connect
04/09 11:33:48:039 Starting process session
04/09 11:33:48:144 Total 0 instances are started
04/09 11:33:48:147 Total 1 instances are added
04/09 11:35:50:008 MCA started
04/09 11:35:54:193 Testing connection ...
04/09 11:36:15:223 open connection is fail
04/09 11:36:15:238 java.net.ConnectException: Connection timed out: connect
04/09 11:36:15:239 Starting process session
04/09 11:36:15:339 Total 0 instances are started
04/09 11:36:15:340 Total 1 instances are added
04/09 11:38:03:894 MCA started
04/09 11:38:08:025 Testing connection ...
04/09 11:38:29:080 open connection is fail
04/09 11:38:29:095 java.net.ConnectException: Connection timed out: connect
04/09 11:38:29:096 Starting process session
04/09 11:38:29:211 Total 0 instances are started
04/09 11:38:29:213 Total 1 instances are added
04/09 11:46:57:511 MCA started
04/09 11:47:01:992 Testing connection ...
04/09 11:47:23:024 open connection is fail
04/09 11:47:23:031 java.net.ConnectException: Connection timed out: connect
04/09 11:47:23:031 Starting process session
04/09 11:47:23:132 Total 0 instances are started
04/09 11:47:23:132 Total 1 instances are added
04/09 11:48:28:235 MCA started
04/09 11:48:32:081 Testing connection ...
04/09 11:48:51:475 MCA started
04/09 11:48:55:556 Testing connection ...
04/09 11:49:11:663 MCA started
04/09 11:49:15:865 Testing connection ...
04/09 11:49:36:895 open connection is fail
04/09 11:49:36:902 java.net.ConnectException: Connection timed out: connect
04/09 11:49:36:903 Starting process session
04/09 11:49:37:004 Total 0 instances are started
04/09 11:49:37:005 Total 1 instances are added
04/09 11:52:14:322 MCA started
04/09 11:52:18:513 Testing connection ...
04/09 11:52:39:523 open connection is fail
04/09 11:52:39:537 java.net.ConnectException: Connection timed out: connect
04/09 11:52:39:538 Starting process session
04/09 11:52:39:639 Total 0 instances are started
04/09 11:52:39:640 Total 1 instances are added
04/09 11:54:15:910 MCA started
04/09 11:54:20:291 Testing connection ...
04/09 11:54:41:318 open connection is fail
04/09 11:54:41:335 java.net.ConnectException: Connection timed out: connect
04/09 11:54:41:336 Starting process session
04/09 11:54:41:437 Total 0 instances are started
04/09 11:54:41:438 Total 1 instances are added
04/09 12:18:01:961 MCA started
04/09 12:18:06:196 Testing connection ...
04/09 12:18:27:205 open connection is fail
04/09 12:18:27:213 java.net.ConnectException: Connection timed out: connect
04/09 12:18:27:213 Starting process session
04/09 12:18:27:314 Total 0 instances are started
04/09 12:18:27:315 Total 1 instances are added
04/09 12:20:48:827 MCA started
04/09 12:20:53:390 Testing connection ...
04/09 12:21:14:408 open connection is fail
04/09 12:21:14:419 java.net.ConnectException: Connection timed out: connect
04/09 12:21:14:420 Starting process session
04/09 12:21:14:521 Total 0 instances are started
04/09 12:21:14:523 Total 1 instances are added
04/09 12:22:16:177 MCA started
04/09 12:22:20:213 Testing connection ...
04/09 12:22:41:240 open connection is fail
04/09 12:22:41:251 java.net.ConnectException: Connection timed out: connect
04/09 12:22:41:252 Starting process session
04/09 12:22:41:353 Total 0 instances are started
04/09 12:22:41:354 Total 1 instances are added
04/09 12:26:01:595 MCA started
04/09 12:26:05:855 Testing connection ...
04/09 12:26:26:874 open connection is fail
04/09 12:26:26:888 java.net.ConnectException: Connection timed out: connect
04/09 12:26:26:889 Starting process session
04/09 12:26:26:991 Total 0 instances are started
04/09 12:26:26:993 Total 1 instances are added
04/09 12:31:01:998 MCA started
04/09 12:31:05:753 Testing connection ...
04/09 12:31:26:751 open connection is fail
04/09 12:31:26:761 java.net.ConnectException: Connection timed out: connect
04/09 12:31:26:762 Starting process session
04/09 12:31:26:862 Total 0 instances are started
04/09 12:31:26:863 Total 1 instances are added
04/09 12:34:47:152 MCA started
04/09 12:34:51:481 Testing connection ...
04/09 12:35:12:488 open connection is fail
04/09 12:35:12:497 java.net.ConnectException: Connection timed out: connect
04/09 12:35:12:497 Starting process session
04/09 12:35:12:598 Total 0 instances are started
04/09 12:35:12:600 Total 1 instances are added
04/09 12:40:20:635 MCA started
04/09 12:40:24:754 Testing connection ...
04/09 12:40:45:786 open connection is fail
04/09 12:40:45:802 java.net.ConnectException: Connection timed out: connect
04/09 12:40:45:803 Starting process session
04/09 12:40:45:903 Total 0 instances are started
04/09 12:40:45:906 Total 1 instances are added
04/09 13:40:26:349 MCA started
04/09 13:40:30:364 Testing connection ...
04/09 13:40:51:385 open connection is fail
04/09 13:40:51:397 java.net.ConnectException: Connection timed out: connect
04/09 13:40:51:398 Starting process session
04/09 13:40:51:499 Total 0 instances are started
04/09 13:40:51:500 Total 1 instances are added
04/09 13:55:39:517 MCA started
04/09 13:55:43:567 Testing connection ...
04/09 13:56:04:594 open connection is fail
04/09 13:56:04:611 java.net.ConnectException: Connection timed out: connect
04/09 13:56:04:613 Starting process session
04/09 13:56:04:714 Total 0 instances are started
04/09 13:56:04:715 Total 1 instances are added
04/09 13:57:06:984 MCA started
04/09 13:57:11:075 Testing connection ...
04/09 13:57:32:091 open connection is fail
04/09 13:57:32:107 java.net.ConnectException: Connection timed out: connect
04/09 13:57:32:108 Starting process session
04/09 13:57:32:208 Total 0 instances are started
04/09 13:57:32:210 Total 1 instances are added
04/09 13:59:21:813 MCA started
04/09 13:59:25:850 Testing connection ...
04/09 13:59:46:873 open connection is fail
04/09 13:59:46:884 java.net.ConnectException: Connection timed out: connect
04/09 13:59:46:885 Starting process session
04/09 13:59:46:985 Total 0 instances are started
04/09 13:59:46:987 Total 1 instances are added
04/09 14:01:57:086 MCA started
04/09 14:02:00:714 Testing connection ...
04/09 14:02:21:865 open connection is fail
04/09 14:02:21:883 java.net.ConnectException: Connection timed out: connect
04/09 14:02:21:884 Starting process session
04/09 14:02:21:986 Total 0 instances are started
04/09 14:02:21:987 Total 1 instances are added
04/09 14:04:26:453 MCA started
04/09 14:04:30:767 Testing connection ...
04/09 14:04:51:775 open connection is fail
04/09 14:04:51:795 java.net.ConnectException: Connection timed out: connect
04/09 14:04:51:817 Starting process session
04/09 14:04:51:917 Total 0 instances are started
04/09 14:04:51:918 Total 1 instances are added
04/09 14:05:52:577 MCA started
04/09 14:05:56:302 Testing connection ...
04/09 14:06:17:331 open connection is fail
04/09 14:06:17:343 java.net.ConnectException: Connection timed out: connect
04/09 14:06:17:344 Starting process session
04/09 14:06:17:445 Total 0 instances are started
04/09 14:06:17:447 Total 1 instances are added
04/09 14:07:29:587 MCA started
04/09 14:07:33:765 Testing connection ...
04/09 14:07:54:786 open connection is fail
04/09 14:07:54:798 java.net.ConnectException: Connection timed out: connect
04/09 14:07:54:798 Starting process session
04/09 14:07:54:899 Total 0 instances are started
04/09 14:07:54:899 Total 1 instances are added
04/09 14:16:47:932 MCA started
04/09 14:16:50:154 Testing connection ...
04/09 14:17:12:683 open connection is fail
04/09 14:17:12:700 java.net.ConnectException: Connection timed out: connect
04/09 14:17:12:701 Starting process session
04/09 14:17:12:802 Total 0 instances are started
04/09 14:17:12:803 Total 1 instances are added
04/09 14:31:02:899 MCA started
04/09 14:31:08:711 Testing connection ...
04/09 14:31:29:713 open connection is fail
04/09 14:31:29:724 java.net.ConnectException: Connection timed out: connect
04/09 14:31:29:724 Starting process session
04/09 14:31:29:824 Total 0 instances are started
04/09 14:31:29:824 Total 1 instances are added
04/09 14:33:54:468 MCA started
04/09 14:33:58:456 Testing connection ...
04/09 14:34:19:484 open connection is fail
04/09 14:34:19:502 java.net.ConnectException: Connection timed out: connect
04/09 14:34:19:503 Starting process session
04/09 14:34:19:604 Total 0 instances are started
04/09 14:34:19:606 Total 1 instances are added
04/09 15:10:52:417 MCA started
04/09 15:10:56:406 Testing connection ...
04/09 15:11:17:430 open connection is fail
04/09 15:11:17:443 java.net.ConnectException: Connection timed out: connect
04/09 15:11:17:444 Starting process session
04/09 15:11:17:545 Total 0 instances are started
04/09 15:11:17:547 Total 1 instances are added
04/09 15:14:48:320 MCA started
04/09 15:14:52:484 Testing connection ...
04/09 15:15:13:515 open connection is fail
04/09 15:15:13:524 java.net.ConnectException: Connection timed out: connect
04/09 15:15:13:525 Starting process session
04/09 15:15:13:626 Total 0 instances are started
04/09 15:15:13:628 Total 1 instances are added
04/09 15:21:15:930 MCA started
04/09 15:21:17:863 Testing connection ...
04/09 15:21:38:930 open connection is fail
04/09 15:21:38:948 java.net.ConnectException: Connection timed out: connect
04/09 15:21:38:948 Starting process session
04/09 15:21:39:049 Total 0 instances are started
04/09 15:21:39:050 Total 1 instances are added
04/09 15:27:57:948 MCA started
04/09 15:28:02:252 Testing connection ...
04/09 15:28:23:272 open connection is fail
04/09 15:28:23:280 java.net.ConnectException: Connection timed out: connect
04/09 15:28:23:281 Starting process session
04/09 15:28:23:382 Total 0 instances are started
04/09 15:28:23:384 Total 1 instances are added
04/09 15:30:45:256 MCA started
04/09 15:30:49:435 Testing connection ...
04/09 15:31:10:444 open connection is fail
04/09 15:31:10:456 java.net.ConnectException: Connection timed out: connect
04/09 15:31:10:457 Starting process session
04/09 15:31:10:557 Total 0 instances are started
04/09 15:31:10:557 Total 1 instances are added
04/09 15:31:52:764 MCA started
04/09 15:31:54:704 Testing connection ...
04/09 15:32:17:353 open connection is fail
04/09 15:32:17:375 java.net.ConnectException: Connection timed out: connect
04/09 15:32:17:376 Starting process session
04/09 15:32:17:477 Total 0 instances are started
04/09 15:32:17:478 Total 1 instances are added
04/09 15:33:30:637 MCA started
04/09 15:33:34:594 Testing connection ...
04/09 15:33:55:590 open connection is fail
04/09 15:33:55:609 java.net.ConnectException: Connection timed out: connect
04/09 15:33:55:610 Starting process session
04/09 15:33:55:710 Total 0 instances are started
04/09 15:33:55:711 Total 1 instances are added
04/09 15:36:03:009 MCA started
04/09 15:36:06:962 Testing connection ...
04/09 15:36:27:996 open connection is fail
04/09 15:36:28:009 java.net.ConnectException: Connection timed out: connect
04/09 15:36:28:009 Starting process session
04/09 15:36:28:110 Total 0 instances are started
04/09 15:36:28:111 Total 1 instances are added
04/09 15:41:43:879 MCA started
04/09 15:41:48:006 Testing connection ...
04/09 15:42:09:031 open connection is fail
04/09 15:42:09:044 java.net.ConnectException: Connection timed out: connect
04/09 15:42:09:045 Starting process session
04/09 15:42:09:146 Total 0 instances are started
04/09 15:42:09:147 Total 1 instances are added
04/09 15:45:36:755 MCA started
04/09 15:45:40:662 Testing connection ...
04/09 15:46:01:682 open connection is fail
04/09 15:46:01:696 java.net.ConnectException: Connection timed out: connect
04/09 15:46:01:697 Starting process session
04/09 15:46:01:798 Total 0 instances are started
04/09 15:46:01:801 Total 1 instances are added
04/09 15:47:49:623 MCA started
04/09 15:47:53:862 Testing connection ...
04/09 15:48:14:894 open connection is fail
04/09 15:48:14:901 java.net.ConnectException: Connection timed out: connect
04/09 15:48:14:902 Starting process session
04/09 15:48:15:002 Total 0 instances are started
04/09 15:48:15:004 Total 1 instances are added
04/09 15:56:56:168 MCA started
04/09 15:56:59:928 Testing connection ...
04/09 15:57:20:958 open connection is fail
04/09 15:57:20:975 java.net.ConnectException: Connection timed out: connect
04/09 15:57:20:976 Starting process session
04/09 15:57:21:077 Total 0 instances are started
04/09 15:57:21:078 Total 1 instances are added
04/09 16:00:38:440 MCA started
04/09 16:00:42:571 Testing connection ...
04/09 16:01:03:582 open connection is fail
04/09 16:01:03:599 java.net.ConnectException: Connection timed out: connect
04/09 16:01:03:600 Starting process session
04/09 16:01:03:701 Total 0 instances are started
04/09 16:01:03:702 Total 1 instances are added
04/09 16:03:09:536 MCA started
04/09 16:03:13:690 Testing connection ...
04/09 16:03:34:699 open connection is fail
04/09 16:03:34:716 java.net.ConnectException: Connection timed out: connect
04/09 16:03:34:717 Starting process session
04/09 16:03:34:819 Total 0 instances are started
04/09 16:03:34:821 Total 1 instances are added
04/09 16:08:53:260 MCA started
04/09 16:08:57:343 Testing connection ...
04/09 16:09:18:368 open connection is fail
04/09 16:09:18:383 java.net.ConnectException: Connection timed out: connect
04/09 16:09:18:384 Starting process session
04/09 16:09:18:485 Total 0 instances are started
04/09 16:09:18:486 Total 1 instances are added
04/09 16:11:03:175 MCA started
04/09 16:11:07:458 Testing connection ...
04/09 16:11:28:478 open connection is fail
04/09 16:11:28:487 java.net.ConnectException: Connection timed out: connect
04/09 16:11:28:488 Starting process session
04/09 16:11:28:589 Total 0 instances are started
04/09 16:11:28:590 Total 1 instances are added
04/09 16:17:12:535 MCA started
04/09 16:17:16:611 Testing connection ...
04/09 16:17:37:671 open connection is fail
04/09 16:17:37:690 java.net.ConnectException: Connection timed out: connect
04/09 16:17:37:690 Starting process session
04/09 16:17:37:811 Total 0 instances are started
04/09 16:17:37:813 Total 1 instances are added
04/09 16:24:06:359 MCA started
04/09 16:24:35:792 java.sql.SQLException: Connections could not be acquired from the underlying database!
04/09 16:24:35:793 End of process session
04/09 16:26:15:813 Testing connection ...
04/09 16:26:36:824 open connection is fail
04/09 16:26:36:842 java.net.ConnectException: Connection timed out: connect
04/09 16:26:36:843 Starting process session
04/09 16:26:36:944 Total 0 instances are started
04/09 16:26:36:945 Total 1 instances are added
04/09 16:27:47:437 MCA started
04/09 16:27:52:408 Testing connection ...
04/09 16:28:13:448 open connection is fail
04/09 16:28:13:459 java.net.ConnectException: Connection timed out: connect
04/09 16:28:13:460 Starting process session
04/09 16:28:13:561 Total 0 instances are started
04/09 16:28:13:562 Total 1 instances are added
04/09 16:28:55:464 MCA started
04/09 16:28:59:700 Testing connection ...
04/09 16:29:20:711 open connection is fail
04/09 16:29:20:719 java.net.ConnectException: Connection timed out: connect
04/09 16:29:20:719 Starting process session
04/09 16:29:20:820 Total 0 instances are started
04/09 16:29:20:821 Total 1 instances are added
04/09 16:40:08:247 MCA started
04/09 16:40:12:132 Testing connection ...
04/09 16:40:33:137 open connection is fail
04/09 16:40:33:152 java.net.ConnectException: Connection timed out: connect
04/09 16:40:33:153 Starting process session
04/09 16:40:33:254 Total 0 instances are started
04/09 16:40:33:255 Total 1 instances are added
04/09 17:17:20:542 MCA started
04/09 17:17:24:602 Testing connection ...
04/09 17:17:45:631 open connection is fail
04/09 17:17:45:642 java.net.ConnectException: Connection timed out: connect
04/09 17:17:45:643 Starting process session
04/09 17:17:45:743 Total 0 instances are started
04/09 17:17:45:745 Total 1 instances are added
04/09 17:19:56:706 MCA started
04/09 17:20:00:828 Testing connection ...
04/09 17:20:21:845 open connection is fail
04/09 17:20:21:857 java.net.ConnectException: Connection timed out: connect
04/09 17:20:21:858 Starting process session
04/09 17:20:21:958 Total 0 instances are started
04/09 17:20:21:959 Total 1 instances are added
04/09 17:21:12:792 MCA started
04/09 17:21:16:726 Testing connection ...
04/09 17:21:37:750 open connection is fail
04/09 17:21:37:766 java.net.ConnectException: Connection timed out: connect
04/09 17:21:37:767 Starting process session
04/09 17:21:37:868 Total 0 instances are started
04/09 17:21:37:869 Total 1 instances are added
04/09 17:29:03:691 MCA started
04/09 17:29:07:831 Testing connection ...
04/09 17:29:28:941 open connection is fail
04/09 17:29:28:957 java.net.ConnectException: Connection timed out: connect
04/09 17:29:28:959 Starting process session
04/09 17:29:29:072 Total 0 instances are started
04/09 17:29:29:073 Total 1 instances are added
04/09 17:50:29:764 MCA started
04/09 17:50:34:007 Testing connection ...
04/09 17:50:55:046 open connection is fail
04/09 17:50:55:058 java.net.ConnectException: Connection timed out: connect
04/09 17:50:55:059 Starting process session
04/09 17:50:55:159 Total 0 instances are started
04/09 17:50:55:160 Total 1 instances are added
04/09 18:09:15:158 MCA started
04/09 18:09:19:436 Testing connection ...
04/09 18:09:40:449 open connection is fail
04/09 18:09:40:457 java.net.ConnectException: Connection timed out: connect
04/09 18:09:40:457 Starting process session
04/09 18:09:40:558 Total 0 instances are started
04/09 18:09:40:559 Total 1 instances are added
04/09 18:10:53:373 MCA started
04/09 18:10:57:493 Testing connection ...
04/09 18:11:18:501 open connection is fail
04/09 18:11:18:516 java.net.ConnectException: Connection timed out: connect
04/09 18:11:18:516 Starting process session
04/09 18:11:18:617 Total 0 instances are started
04/09 18:11:18:618 Total 1 instances are added
04/09 18:12:15:474 MCA started
04/09 18:12:19:770 Testing connection ...
04/09 18:12:40:772 open connection is fail
04/09 18:12:40:779 java.net.ConnectException: Connection timed out: connect
04/09 18:12:40:779 Starting process session
04/09 18:12:40:898 Total 0 instances are started
04/09 18:12:40:899 Total 1 instances are added
04/09 18:19:22:091 MCA started
04/09 18:19:25:998 Testing connection ...
04/09 18:19:47:016 open connection is fail
04/09 18:19:47:031 java.net.ConnectException: Connection timed out: connect
04/09 18:19:47:032 Starting process session
04/09 18:19:47:133 Total 0 instances are started
04/09 18:19:47:139 Total 1 instances are added
04/09 18:21:28:490 MCA started
04/09 18:21:32:694 Testing connection ...
04/09 18:21:53:715 open connection is fail
04/09 18:21:53:722 java.net.ConnectException: Connection timed out: connect
04/09 18:21:53:722 Starting process session
04/09 18:21:53:823 Total 0 instances are started
04/09 18:21:53:823 Total 1 instances are added
04/09 18:39:18:354 MCA started
04/09 18:39:22:213 Testing connection ...
04/09 18:39:43:226 open connection is fail
04/09 18:39:43:240 java.net.ConnectException: Connection timed out: connect
04/09 18:39:43:240 Starting process session
04/09 18:39:43:340 Total 0 instances are started
04/09 18:39:43:340 Total 1 instances are added
04/09 18:42:50:821 MCA started
04/09 18:42:55:036 Testing connection ...
04/09 18:43:16:057 open connection is fail
04/09 18:43:16:066 java.net.ConnectException: Connection timed out: connect
04/09 18:43:16:066 Starting process session
04/09 18:43:16:167 Total 0 instances are started
04/09 18:43:16:168 Total 1 instances are added
04/09 18:46:23:076 MCA started
04/09 18:46:27:385 Testing connection ...
04/09 18:47:00:747 MCA started
04/09 18:47:04:916 Testing connection ...
04/09 18:47:19:178 MCA started
04/09 18:47:23:052 Testing connection ...
04/09 18:47:44:082 open connection is fail
04/09 18:47:44:090 java.net.ConnectException: Connection timed out: connect
04/09 18:47:44:090 Starting process session
04/09 18:47:44:191 Total 0 instances are started
04/09 18:47:44:192 Total 1 instances are added
04/09 18:59:24:011 MCA started
04/09 18:59:27:809 Testing connection ...
04/09 18:59:48:830 open connection is fail
04/09 18:59:48:847 java.net.ConnectException: Connection timed out: connect
04/09 18:59:48:847 Starting process session
04/09 18:59:48:948 Total 0 instances are started
04/09 18:59:48:949 Total 1 instances are added
