09/09 08:43:16:929 MCA started
09/09 08:43:25:619 Testing connection ...
09/09 08:43:46:684 open connection is fail
09/09 08:43:46:699 java.net.ConnectException: Connection timed out: connect
09/09 08:43:46:700 Starting process session
09/09 08:43:46:800 Total 0 instances are started
09/09 08:43:46:801 Total 1 instances are added
09/09 08:49:54:178 MCA started
09/09 08:49:58:537 Testing connection ...
09/09 08:50:19:544 open connection is fail
09/09 08:50:19:555 java.net.ConnectException: Connection timed out: connect
09/09 08:50:19:556 Starting process session
09/09 08:50:19:657 Total 0 instances are started
09/09 08:50:19:658 Total 1 instances are added
09/09 08:54:05:951 MCA started
09/09 08:54:10:135 Testing connection ...
09/09 08:54:31:141 open connection is fail
09/09 08:54:31:153 java.net.ConnectException: Connection timed out: connect
09/09 08:54:31:154 Starting process session
09/09 08:54:31:255 Total 0 instances are started
09/09 08:54:31:256 Total 1 instances are added
09/09 08:59:46:160 MCA started
09/09 08:59:50:319 Testing connection ...
09/09 09:00:11:346 open connection is fail
09/09 09:00:11:361 java.net.ConnectException: Connection timed out: connect
09/09 09:00:11:361 Starting process session
09/09 09:00:11:462 Total 0 instances are started
09/09 09:00:11:462 Total 1 instances are added
09/09 09:07:44:486 MCA started
09/09 09:07:48:454 Testing connection ...
09/09 09:08:09:498 open connection is fail
09/09 09:08:09:511 java.net.ConnectException: Connection timed out: connect
09/09 09:08:09:512 Starting process session
09/09 09:08:09:612 Total 0 instances are started
09/09 09:08:09:614 Total 1 instances are added
09/09 09:14:29:688 MCA started
09/09 09:14:33:628 Testing connection ...
09/09 09:14:54:636 open connection is fail
09/09 09:14:54:651 java.net.ConnectException: Connection timed out: connect
09/09 09:14:54:652 Starting process session
09/09 09:14:54:753 Total 0 instances are started
09/09 09:14:54:754 Total 1 instances are added
09/09 15:00:32:878 MCA started
09/09 15:00:34:482 Testing connection ...
09/09 15:00:55:621 open connection is fail
09/09 15:00:55:638 java.net.ConnectException: Connection timed out: connect
09/09 15:00:55:639 Starting process session
09/09 15:00:55:740 Total 0 instances are started
09/09 15:00:55:741 Total 1 instances are added
09/09 15:13:00:407 MCA started
09/09 15:13:04:124 Testing connection ...
09/09 15:13:25:232 open connection is fail
09/09 15:13:25:250 java.net.ConnectException: Connection timed out: connect
09/09 15:13:25:251 Starting process session
09/09 15:13:25:352 Total 0 instances are started
09/09 15:13:25:354 Total 1 instances are added
09/09 15:29:47:374 MCA started
09/09 15:29:51:338 Testing connection ...
09/09 15:30:12:353 open connection is fail
09/09 15:30:12:370 java.net.ConnectException: Connection timed out: connect
09/09 15:30:12:371 Starting process session
09/09 15:30:12:472 Total 0 instances are started
09/09 15:30:12:473 Total 1 instances are added
09/09 15:44:54:329 MCA started
09/09 15:44:58:603 Testing connection ...
09/09 15:45:19:646 open connection is fail
09/09 15:45:19:662 java.net.ConnectException: Connection timed out: connect
09/09 15:45:19:663 Starting process session
09/09 15:45:19:764 Total 0 instances are started
09/09 15:45:19:765 Total 1 instances are added
09/09 16:28:28:352 MCA started
09/09 16:28:31:840 Testing connection ...
09/09 16:28:52:886 open connection is fail
09/09 16:28:52:903 java.net.ConnectException: Connection timed out: connect
09/09 16:28:52:904 Starting process session
09/09 16:28:53:004 Total 0 instances are started
09/09 16:28:53:005 Total 1 instances are added
09/09 16:39:27:107 MCA started
09/09 16:39:31:553 Testing connection ...
09/09 16:39:52:626 open connection is fail
09/09 16:39:52:638 java.net.ConnectException: Connection timed out: connect
09/09 16:39:52:638 Starting process session
09/09 16:39:52:739 Total 0 instances are started
09/09 16:39:52:740 Total 1 instances are added
09/09 16:51:03:177 MCA started
09/09 16:51:07:411 Testing connection ...
09/09 16:51:28:425 open connection is fail
09/09 16:51:28:438 java.net.ConnectException: Connection timed out: connect
09/09 16:51:28:439 Starting process session
09/09 16:51:28:540 Total 0 instances are started
09/09 16:51:28:541 Total 1 instances are added
09/09 16:52:19:397 MCA started
09/09 16:52:23:476 Testing connection ...
09/09 16:52:44:569 open connection is fail
09/09 16:52:44:579 java.net.ConnectException: Connection timed out: connect
09/09 16:52:44:579 Starting process session
09/09 16:52:44:680 Total 0 instances are started
09/09 16:52:44:681 Total 1 instances are added
09/09 17:04:48:655 MCA started
09/09 17:04:50:699 Testing connection ...
09/09 17:05:11:974 open connection is fail
09/09 17:05:11:991 java.net.ConnectException: Connection timed out: connect
09/09 17:05:11:992 Starting process session
09/09 17:05:12:093 Total 0 instances are started
09/09 17:05:12:094 Total 1 instances are added
09/09 17:15:16:773 MCA started
09/09 17:15:20:675 Testing connection ...
09/09 17:15:41:702 open connection is fail
09/09 17:15:41:718 java.net.ConnectException: Connection timed out: connect
09/09 17:15:41:719 Starting process session
09/09 17:15:41:820 Total 0 instances are started
09/09 17:15:41:821 Total 1 instances are added
09/09 17:19:25:842 MCA started
09/09 17:19:29:593 java.lang.NoSuchMethodException: com.crm.provisioning.impl.loyalty.LoyaltyImpl.unRedeem(com.crm.provisioning.thread.CommandInstance, com.crm.provisioning.cache.ProvisioningCommand, com.crm.provisioning.message.CommandMessage)
09/09 17:19:29:593 End of process session
09/09 17:21:09:678 java.lang.NoSuchMethodException: com.crm.provisioning.impl.loyalty.LoyaltyImpl.unRedeem(com.crm.provisioning.thread.CommandInstance, com.crm.provisioning.cache.ProvisioningCommand, com.crm.provisioning.message.CommandMessage)
09/09 17:21:09:679 End of process session
09/09 17:22:49:784 java.lang.NoSuchMethodException: com.crm.provisioning.impl.loyalty.LoyaltyImpl.unRedeem(com.crm.provisioning.thread.CommandInstance, com.crm.provisioning.cache.ProvisioningCommand, com.crm.provisioning.message.CommandMessage)
09/09 17:22:49:785 End of process session
09/09 17:24:30:011 java.lang.NoSuchMethodException: com.crm.provisioning.impl.loyalty.LoyaltyImpl.unRedeem(com.crm.provisioning.thread.CommandInstance, com.crm.provisioning.cache.ProvisioningCommand, com.crm.provisioning.message.CommandMessage)
09/09 17:24:30:012 End of process session
09/09 17:25:12:608 MCA started
09/09 17:25:16:951 java.lang.NoSuchMethodException: com.crm.provisioning.impl.loyalty.LoyaltyImpl.unRedeem(com.crm.provisioning.thread.CommandInstance, com.crm.provisioning.cache.ProvisioningCommand, com.crm.provisioning.message.CommandMessage)
09/09 17:25:16:951 End of process session
09/09 17:26:57:063 java.lang.NoSuchMethodException: com.crm.provisioning.impl.loyalty.LoyaltyImpl.unRedeem(com.crm.provisioning.thread.CommandInstance, com.crm.provisioning.cache.ProvisioningCommand, com.crm.provisioning.message.CommandMessage)
09/09 17:26:57:063 End of process session
09/09 17:28:41:273 MCA started
09/09 17:28:45:190 Testing connection ...
09/09 17:29:06:238 open connection is fail
09/09 17:29:06:253 java.net.ConnectException: Connection timed out: connect
09/09 17:29:06:254 Starting process session
09/09 17:29:06:355 Total 0 instances are started
09/09 17:29:06:356 Total 1 instances are added
09/09 17:31:10:062 MCA started
09/09 17:31:11:354 Testing connection ...
09/09 17:31:32:362 open connection is fail
09/09 17:31:32:373 java.net.ConnectException: Connection timed out: connect
09/09 17:31:32:374 Starting process session
09/09 17:31:32:474 Total 0 instances are started
09/09 17:31:32:475 Total 1 instances are added
09/09 17:48:38:211 MCA started
09/09 17:48:42:050 Testing connection ...
09/09 17:49:03:077 open connection is fail
09/09 17:49:03:093 java.net.ConnectException: Connection timed out: connect
09/09 17:49:03:100 Starting process session
09/09 17:49:03:203 Total 0 instances are started
09/09 17:49:03:204 Total 1 instances are added
09/09 17:52:50:666 MCA started
09/09 17:52:52:124 Testing connection ...
09/09 17:53:13:251 open connection is fail
09/09 17:53:13:264 java.net.ConnectException: Connection timed out: connect
09/09 17:53:13:265 Starting process session
09/09 17:53:13:366 Total 0 instances are started
09/09 17:53:13:367 Total 1 instances are added
09/09 18:06:10:294 MCA started
09/09 18:06:12:110 Testing connection ...
09/09 18:06:33:135 open connection is fail
09/09 18:06:33:147 java.net.ConnectException: Connection timed out: connect
09/09 18:06:33:148 Starting process session
09/09 18:06:33:248 Total 0 instances are started
09/09 18:06:33:249 Total 1 instances are added
09/09 18:07:56:561 MCA started
09/09 18:08:00:894 Testing connection ...
09/09 18:08:21:906 open connection is fail
09/09 18:08:21:918 java.net.ConnectException: Connection timed out: connect
09/09 18:08:21:919 Starting process session
09/09 18:08:22:020 Total 0 instances are started
09/09 18:08:22:021 Total 1 instances are added
09/09 18:09:20:815 MCA started
09/09 18:09:24:238 Testing connection ...
09/09 18:10:08:459 MCA started
09/09 18:10:12:579 Testing connection ...
09/09 18:10:39:468 MCA started
09/09 18:10:40:964 Testing connection ...
09/09 18:10:54:437 MCA started
09/09 18:10:56:378 Testing connection ...
09/09 18:11:18:979 open connection is fail
09/09 18:11:18:990 java.net.ConnectException: Connection timed out: connect
09/09 18:11:18:991 Starting process session
09/09 18:11:19:092 Total 0 instances are started
09/09 18:11:19:093 Total 1 instances are added
09/09 18:16:33:556 MCA started
09/09 18:16:37:908 Testing connection ...
09/09 18:16:58:990 open connection is fail
09/09 18:16:59:007 java.net.ConnectException: Connection timed out: connect
09/09 18:16:59:007 Starting process session
09/09 18:16:59:108 Total 0 instances are started
09/09 18:16:59:108 Total 1 instances are added
09/09 18:20:05:152 MCA started
09/09 18:20:09:030 Testing connection ...
09/09 18:20:30:038 open connection is fail
09/09 18:20:30:052 java.net.ConnectException: Connection timed out: connect
09/09 18:20:30:053 Starting process session
09/09 18:20:30:154 Total 0 instances are started
09/09 18:20:30:155 Total 1 instances are added
