03/09 08:29:34:882 MCA started
03/09 08:29:38:942 java.lang.NoSuchMethodException: com.crm.provisioning.impl.loyalty.LoyaltyImpl.getBalanceQuery(com.crm.provisioning.thread.CommandInstance, com.crm.provisioning.cache.ProvisioningCommand, com.crm.provisioning.message.CommandMessage)
03/09 08:29:38:942 End of process session
03/09 08:31:18:985 java.lang.NoSuchMethodException: com.crm.provisioning.impl.loyalty.LoyaltyImpl.getBalanceQuery(com.crm.provisioning.thread.CommandInstance, com.crm.provisioning.cache.ProvisioningCommand, com.crm.provisioning.message.CommandMessage)
03/09 08:31:18:985 End of process session
03/09 08:32:05:696 MCA started
03/09 08:32:08:309 java.lang.NoSuchMethodException: com.crm.provisioning.impl.loyalty.LoyaltyImpl.getBalanceQuery(com.crm.provisioning.thread.CommandInstance, com.crm.provisioning.cache.ProvisioningCommand, com.crm.provisioning.message.CommandMessage)
03/09 08:32:08:310 End of process session
03/09 08:33:15:281 MCA started
03/09 08:33:19:587 java.lang.NoSuchMethodException: com.crm.provisioning.impl.loyalty.LoyaltyImpl.getBalanceQuery(com.crm.provisioning.thread.CommandInstance, com.crm.provisioning.cache.ProvisioningCommand, com.crm.provisioning.message.CommandMessage)
03/09 08:33:19:588 End of process session
03/09 08:34:59:674 java.lang.NoSuchMethodException: com.crm.provisioning.impl.loyalty.LoyaltyImpl.getBalanceQuery(com.crm.provisioning.thread.CommandInstance, com.crm.provisioning.cache.ProvisioningCommand, com.crm.provisioning.message.CommandMessage)
03/09 08:34:59:688 End of process session
03/09 08:36:39:727 java.lang.NoSuchMethodException: com.crm.provisioning.impl.loyalty.LoyaltyImpl.getBalanceQuery(com.crm.provisioning.thread.CommandInstance, com.crm.provisioning.cache.ProvisioningCommand, com.crm.provisioning.message.CommandMessage)
03/09 08:36:39:728 End of process session
03/09 08:36:52:481 MCA started
03/09 08:36:56:820 java.lang.NoSuchMethodException: com.crm.provisioning.impl.loyalty.LoyaltyImpl.getBalanceQuery(com.crm.provisioning.thread.CommandInstance, com.crm.provisioning.cache.ProvisioningCommand, com.crm.provisioning.message.CommandMessage)
03/09 08:36:56:821 End of process session
03/09 08:38:36:874 java.lang.NoSuchMethodException: com.crm.provisioning.impl.loyalty.LoyaltyImpl.getBalanceQuery(com.crm.provisioning.thread.CommandInstance, com.crm.provisioning.cache.ProvisioningCommand, com.crm.provisioning.message.CommandMessage)
03/09 08:38:36:874 End of process session
03/09 08:42:37:233 MCA started
03/09 08:42:40:889 java.lang.NoSuchMethodException: com.crm.provisioning.impl.loyalty.LoyaltyImpl.getBalanceQuery(com.crm.provisioning.thread.CommandInstance, com.crm.provisioning.cache.ProvisioningCommand, com.crm.provisioning.message.CommandMessage)
03/09 08:42:40:890 End of process session
03/09 08:43:53:448 MCA started
03/09 08:43:57:344 java.lang.NoSuchMethodException: com.crm.provisioning.impl.loyalty.LoyaltyImpl.getBalanceQuery(com.crm.provisioning.thread.CommandInstance, com.crm.provisioning.cache.ProvisioningCommand, com.crm.provisioning.message.CommandMessage)
03/09 08:43:57:344 End of process session
03/09 08:45:37:393 java.lang.NoSuchMethodException: com.crm.provisioning.impl.loyalty.LoyaltyImpl.getBalanceQuery(com.crm.provisioning.thread.CommandInstance, com.crm.provisioning.cache.ProvisioningCommand, com.crm.provisioning.message.CommandMessage)
03/09 08:45:37:394 End of process session
03/09 08:47:59:938 MCA started
03/09 08:48:01:695 java.lang.NoSuchMethodException: com.crm.provisioning.impl.loyalty.LoyaltyImpl.getBalanceQuery(com.crm.provisioning.thread.CommandInstance, com.crm.provisioning.cache.ProvisioningCommand, com.crm.provisioning.message.CommandMessage)
03/09 08:48:01:697 End of process session
03/09 08:49:41:729 java.lang.NoSuchMethodException: com.crm.provisioning.impl.loyalty.LoyaltyImpl.getBalanceQuery(com.crm.provisioning.thread.CommandInstance, com.crm.provisioning.cache.ProvisioningCommand, com.crm.provisioning.message.CommandMessage)
03/09 08:49:41:730 End of process session
03/09 08:51:21:841 java.lang.NoSuchMethodException: com.crm.provisioning.impl.loyalty.LoyaltyImpl.getBalanceQuery(com.crm.provisioning.thread.CommandInstance, com.crm.provisioning.cache.ProvisioningCommand, com.crm.provisioning.message.CommandMessage)
03/09 08:51:21:842 End of process session
03/09 08:53:01:876 java.lang.NoSuchMethodException: com.crm.provisioning.impl.loyalty.LoyaltyImpl.getBalanceQuery(com.crm.provisioning.thread.CommandInstance, com.crm.provisioning.cache.ProvisioningCommand, com.crm.provisioning.message.CommandMessage)
03/09 08:53:01:877 End of process session
03/09 08:54:41:907 java.lang.NoSuchMethodException: com.crm.provisioning.impl.loyalty.LoyaltyImpl.getBalanceQuery(com.crm.provisioning.thread.CommandInstance, com.crm.provisioning.cache.ProvisioningCommand, com.crm.provisioning.message.CommandMessage)
03/09 08:54:41:908 End of process session
03/09 08:56:21:944 java.lang.NoSuchMethodException: com.crm.provisioning.impl.loyalty.LoyaltyImpl.getBalanceQuery(com.crm.provisioning.thread.CommandInstance, com.crm.provisioning.cache.ProvisioningCommand, com.crm.provisioning.message.CommandMessage)
03/09 08:56:21:945 End of process session
03/09 08:58:01:973 java.lang.NoSuchMethodException: com.crm.provisioning.impl.loyalty.LoyaltyImpl.getBalanceQuery(com.crm.provisioning.thread.CommandInstance, com.crm.provisioning.cache.ProvisioningCommand, com.crm.provisioning.message.CommandMessage)
03/09 08:58:01:974 End of process session
03/09 08:59:42:017 java.lang.NoSuchMethodException: com.crm.provisioning.impl.loyalty.LoyaltyImpl.getBalanceQuery(com.crm.provisioning.thread.CommandInstance, com.crm.provisioning.cache.ProvisioningCommand, com.crm.provisioning.message.CommandMessage)
03/09 08:59:42:018 End of process session
03/09 09:01:22:050 java.lang.NoSuchMethodException: com.crm.provisioning.impl.loyalty.LoyaltyImpl.getBalanceQuery(com.crm.provisioning.thread.CommandInstance, com.crm.provisioning.cache.ProvisioningCommand, com.crm.provisioning.message.CommandMessage)
03/09 09:01:22:051 End of process session
03/09 09:03:02:081 java.lang.NoSuchMethodException: com.crm.provisioning.impl.loyalty.LoyaltyImpl.getBalanceQuery(com.crm.provisioning.thread.CommandInstance, com.crm.provisioning.cache.ProvisioningCommand, com.crm.provisioning.message.CommandMessage)
03/09 09:03:02:082 End of process session
03/09 09:04:42:116 java.lang.NoSuchMethodException: com.crm.provisioning.impl.loyalty.LoyaltyImpl.getBalanceQuery(com.crm.provisioning.thread.CommandInstance, com.crm.provisioning.cache.ProvisioningCommand, com.crm.provisioning.message.CommandMessage)
03/09 09:04:42:117 End of process session
03/09 09:06:22:154 java.lang.NoSuchMethodException: com.crm.provisioning.impl.loyalty.LoyaltyImpl.getBalanceQuery(com.crm.provisioning.thread.CommandInstance, com.crm.provisioning.cache.ProvisioningCommand, com.crm.provisioning.message.CommandMessage)
03/09 09:06:22:155 End of process session
03/09 09:08:02:258 java.lang.NoSuchMethodException: com.crm.provisioning.impl.loyalty.LoyaltyImpl.getBalanceQuery(com.crm.provisioning.thread.CommandInstance, com.crm.provisioning.cache.ProvisioningCommand, com.crm.provisioning.message.CommandMessage)
03/09 09:08:02:259 End of process session
03/09 09:09:42:298 java.lang.NoSuchMethodException: com.crm.provisioning.impl.loyalty.LoyaltyImpl.getBalanceQuery(com.crm.provisioning.thread.CommandInstance, com.crm.provisioning.cache.ProvisioningCommand, com.crm.provisioning.message.CommandMessage)
03/09 09:09:42:299 End of process session
03/09 09:11:22:336 java.lang.NoSuchMethodException: com.crm.provisioning.impl.loyalty.LoyaltyImpl.getBalanceQuery(com.crm.provisioning.thread.CommandInstance, com.crm.provisioning.cache.ProvisioningCommand, com.crm.provisioning.message.CommandMessage)
03/09 09:11:22:337 End of process session
03/09 09:13:02:394 java.lang.NoSuchMethodException: com.crm.provisioning.impl.loyalty.LoyaltyImpl.getBalanceQuery(com.crm.provisioning.thread.CommandInstance, com.crm.provisioning.cache.ProvisioningCommand, com.crm.provisioning.message.CommandMessage)
03/09 09:13:02:394 End of process session
03/09 09:14:42:436 java.lang.NoSuchMethodException: com.crm.provisioning.impl.loyalty.LoyaltyImpl.getBalanceQuery(com.crm.provisioning.thread.CommandInstance, com.crm.provisioning.cache.ProvisioningCommand, com.crm.provisioning.message.CommandMessage)
03/09 09:14:42:437 End of process session
03/09 09:16:22:458 Testing connection ...
03/09 09:16:43:467 open connection is fail
03/09 09:16:43:480 java.net.ConnectException: Connection timed out: connect
03/09 09:16:43:481 Starting process session
03/09 09:16:43:582 Total 0 instances are started
03/09 09:16:43:583 Total 1 instances are added
03/09 09:19:50:056 MCA started
03/09 09:19:51:962 java.lang.NoSuchMethodException: com.crm.provisioning.impl.loyalty.LoyaltyImpl.getBalanceQuery(com.crm.provisioning.thread.CommandInstance, com.crm.provisioning.cache.ProvisioningCommand, com.crm.provisioning.message.CommandMessage)
03/09 09:19:51:963 End of process session
03/09 09:21:32:172 java.lang.NoSuchMethodException: com.crm.provisioning.impl.loyalty.LoyaltyImpl.getBalanceQuery(com.crm.provisioning.thread.CommandInstance, com.crm.provisioning.cache.ProvisioningCommand, com.crm.provisioning.message.CommandMessage)
03/09 09:21:32:172 End of process session
03/09 09:23:12:244 java.lang.NoSuchMethodException: com.crm.provisioning.impl.loyalty.LoyaltyImpl.getBalanceQuery(com.crm.provisioning.thread.CommandInstance, com.crm.provisioning.cache.ProvisioningCommand, com.crm.provisioning.message.CommandMessage)
03/09 09:23:12:245 End of process session
03/09 09:23:54:593 MCA started
03/09 09:23:58:943 java.lang.NoSuchMethodException: com.crm.provisioning.impl.loyalty.LoyaltyImpl.getBalanceQuery(com.crm.provisioning.thread.CommandInstance, com.crm.provisioning.cache.ProvisioningCommand, com.crm.provisioning.message.CommandMessage)
03/09 09:23:58:943 End of process session
03/09 09:25:39:070 java.lang.NoSuchMethodException: com.crm.provisioning.impl.loyalty.LoyaltyImpl.getBalanceQuery(com.crm.provisioning.thread.CommandInstance, com.crm.provisioning.cache.ProvisioningCommand, com.crm.provisioning.message.CommandMessage)
03/09 09:25:39:071 End of process session
03/09 09:43:00:286 MCA started
03/09 09:43:04:855 java.lang.NoSuchMethodException: com.crm.provisioning.impl.loyalty.LoyaltyImpl.getBalanceQuery(com.crm.provisioning.thread.CommandInstance, com.crm.provisioning.cache.ProvisioningCommand, com.crm.provisioning.message.CommandMessage)
03/09 09:43:04:855 End of process session
03/09 09:44:44:954 java.lang.NoSuchMethodException: com.crm.provisioning.impl.loyalty.LoyaltyImpl.getBalanceQuery(com.crm.provisioning.thread.CommandInstance, com.crm.provisioning.cache.ProvisioningCommand, com.crm.provisioning.message.CommandMessage)
03/09 09:44:44:955 End of process session
03/09 09:46:25:021 java.lang.NoSuchMethodException: com.crm.provisioning.impl.loyalty.LoyaltyImpl.getBalanceQuery(com.crm.provisioning.thread.CommandInstance, com.crm.provisioning.cache.ProvisioningCommand, com.crm.provisioning.message.CommandMessage)
03/09 09:46:25:022 End of process session
03/09 09:48:05:181 java.lang.NoSuchMethodException: com.crm.provisioning.impl.loyalty.LoyaltyImpl.getBalanceQuery(com.crm.provisioning.thread.CommandInstance, com.crm.provisioning.cache.ProvisioningCommand, com.crm.provisioning.message.CommandMessage)
03/09 09:48:05:182 End of process session
03/09 09:49:45:250 java.lang.NoSuchMethodException: com.crm.provisioning.impl.loyalty.LoyaltyImpl.getBalanceQuery(com.crm.provisioning.thread.CommandInstance, com.crm.provisioning.cache.ProvisioningCommand, com.crm.provisioning.message.CommandMessage)
03/09 09:49:45:251 End of process session
03/09 09:51:25:322 java.lang.NoSuchMethodException: com.crm.provisioning.impl.loyalty.LoyaltyImpl.getBalanceQuery(com.crm.provisioning.thread.CommandInstance, com.crm.provisioning.cache.ProvisioningCommand, com.crm.provisioning.message.CommandMessage)
03/09 09:51:25:322 End of process session
03/09 09:53:05:407 java.lang.NoSuchMethodException: com.crm.provisioning.impl.loyalty.LoyaltyImpl.getBalanceQuery(com.crm.provisioning.thread.CommandInstance, com.crm.provisioning.cache.ProvisioningCommand, com.crm.provisioning.message.CommandMessage)
03/09 09:53:05:407 End of process session
03/09 09:54:45:562 java.lang.NoSuchMethodException: com.crm.provisioning.impl.loyalty.LoyaltyImpl.getBalanceQuery(com.crm.provisioning.thread.CommandInstance, com.crm.provisioning.cache.ProvisioningCommand, com.crm.provisioning.message.CommandMessage)
03/09 09:54:45:563 End of process session
03/09 09:56:25:629 java.lang.NoSuchMethodException: com.crm.provisioning.impl.loyalty.LoyaltyImpl.getBalanceQuery(com.crm.provisioning.thread.CommandInstance, com.crm.provisioning.cache.ProvisioningCommand, com.crm.provisioning.message.CommandMessage)
03/09 09:56:25:630 End of process session
03/09 09:58:05:746 java.lang.NoSuchMethodException: com.crm.provisioning.impl.loyalty.LoyaltyImpl.getBalanceQuery(com.crm.provisioning.thread.CommandInstance, com.crm.provisioning.cache.ProvisioningCommand, com.crm.provisioning.message.CommandMessage)
03/09 09:58:05:747 End of process session
03/09 09:58:40:434 MCA started
03/09 09:58:44:598 java.lang.NoSuchMethodException: com.crm.provisioning.impl.loyalty.LoyaltyImpl.getBalanceQuery(com.crm.provisioning.thread.CommandInstance, com.crm.provisioning.cache.ProvisioningCommand, com.crm.provisioning.message.CommandMessage)
03/09 09:58:44:598 End of process session
03/09 10:01:33:456 MCA started
03/09 10:01:37:646 java.lang.NoSuchMethodException: com.crm.provisioning.impl.loyalty.LoyaltyImpl.getBalanceQuery(com.crm.provisioning.thread.CommandInstance, com.crm.provisioning.cache.ProvisioningCommand, com.crm.provisioning.message.CommandMessage)
03/09 10:01:37:647 End of process session
03/09 10:03:17:802 java.lang.NoSuchMethodException: com.crm.provisioning.impl.loyalty.LoyaltyImpl.getBalanceQuery(com.crm.provisioning.thread.CommandInstance, com.crm.provisioning.cache.ProvisioningCommand, com.crm.provisioning.message.CommandMessage)
03/09 10:03:17:803 End of process session
03/09 10:04:57:866 java.lang.NoSuchMethodException: com.crm.provisioning.impl.loyalty.LoyaltyImpl.getBalanceQuery(com.crm.provisioning.thread.CommandInstance, com.crm.provisioning.cache.ProvisioningCommand, com.crm.provisioning.message.CommandMessage)
03/09 10:04:57:867 End of process session
03/09 10:06:37:943 java.lang.NoSuchMethodException: com.crm.provisioning.impl.loyalty.LoyaltyImpl.getBalanceQuery(com.crm.provisioning.thread.CommandInstance, com.crm.provisioning.cache.ProvisioningCommand, com.crm.provisioning.message.CommandMessage)
03/09 10:06:37:944 End of process session
03/09 10:08:18:155 java.lang.NoSuchMethodException: com.crm.provisioning.impl.loyalty.LoyaltyImpl.getBalanceQuery(com.crm.provisioning.thread.CommandInstance, com.crm.provisioning.cache.ProvisioningCommand, com.crm.provisioning.message.CommandMessage)
03/09 10:08:18:155 End of process session
03/09 10:09:58:221 java.lang.NoSuchMethodException: com.crm.provisioning.impl.loyalty.LoyaltyImpl.getBalanceQuery(com.crm.provisioning.thread.CommandInstance, com.crm.provisioning.cache.ProvisioningCommand, com.crm.provisioning.message.CommandMessage)
03/09 10:09:58:221 End of process session
03/09 10:11:38:300 java.lang.NoSuchMethodException: com.crm.provisioning.impl.loyalty.LoyaltyImpl.getBalanceQuery(com.crm.provisioning.thread.CommandInstance, com.crm.provisioning.cache.ProvisioningCommand, com.crm.provisioning.message.CommandMessage)
03/09 10:11:38:300 End of process session
03/09 10:17:46:011 MCA started
03/09 10:17:50:619 java.lang.NoSuchMethodException: com.crm.provisioning.impl.loyalty.LoyaltyImpl.getBalanceQuery(com.crm.provisioning.thread.CommandInstance, com.crm.provisioning.cache.ProvisioningCommand, com.crm.provisioning.message.CommandMessage)
03/09 10:17:50:619 End of process session
03/09 10:19:30:701 java.lang.NoSuchMethodException: com.crm.provisioning.impl.loyalty.LoyaltyImpl.getBalanceQuery(com.crm.provisioning.thread.CommandInstance, com.crm.provisioning.cache.ProvisioningCommand, com.crm.provisioning.message.CommandMessage)
03/09 10:19:30:701 End of process session
03/09 10:21:10:762 java.lang.NoSuchMethodException: com.crm.provisioning.impl.loyalty.LoyaltyImpl.getBalanceQuery(com.crm.provisioning.thread.CommandInstance, com.crm.provisioning.cache.ProvisioningCommand, com.crm.provisioning.message.CommandMessage)
03/09 10:21:10:763 End of process session
03/09 10:22:50:830 java.lang.NoSuchMethodException: com.crm.provisioning.impl.loyalty.LoyaltyImpl.getBalanceQuery(com.crm.provisioning.thread.CommandInstance, com.crm.provisioning.cache.ProvisioningCommand, com.crm.provisioning.message.CommandMessage)
03/09 10:22:50:831 End of process session
03/09 10:24:30:957 java.lang.NoSuchMethodException: com.crm.provisioning.impl.loyalty.LoyaltyImpl.getBalanceQuery(com.crm.provisioning.thread.CommandInstance, com.crm.provisioning.cache.ProvisioningCommand, com.crm.provisioning.message.CommandMessage)
03/09 10:24:30:958 End of process session
03/09 10:26:11:018 java.lang.NoSuchMethodException: com.crm.provisioning.impl.loyalty.LoyaltyImpl.getBalanceQuery(com.crm.provisioning.thread.CommandInstance, com.crm.provisioning.cache.ProvisioningCommand, com.crm.provisioning.message.CommandMessage)
03/09 10:26:11:019 End of process session
03/09 10:27:51:084 java.lang.NoSuchMethodException: com.crm.provisioning.impl.loyalty.LoyaltyImpl.getBalanceQuery(com.crm.provisioning.thread.CommandInstance, com.crm.provisioning.cache.ProvisioningCommand, com.crm.provisioning.message.CommandMessage)
03/09 10:27:51:085 End of process session
03/09 10:29:31:149 java.lang.NoSuchMethodException: com.crm.provisioning.impl.loyalty.LoyaltyImpl.getBalanceQuery(com.crm.provisioning.thread.CommandInstance, com.crm.provisioning.cache.ProvisioningCommand, com.crm.provisioning.message.CommandMessage)
03/09 10:29:31:150 End of process session
03/09 10:31:11:212 java.lang.NoSuchMethodException: com.crm.provisioning.impl.loyalty.LoyaltyImpl.getBalanceQuery(com.crm.provisioning.thread.CommandInstance, com.crm.provisioning.cache.ProvisioningCommand, com.crm.provisioning.message.CommandMessage)
03/09 10:31:11:213 End of process session
03/09 10:32:51:364 java.lang.NoSuchMethodException: com.crm.provisioning.impl.loyalty.LoyaltyImpl.getBalanceQuery(com.crm.provisioning.thread.CommandInstance, com.crm.provisioning.cache.ProvisioningCommand, com.crm.provisioning.message.CommandMessage)
03/09 10:32:51:365 End of process session
03/09 10:34:31:439 java.lang.NoSuchMethodException: com.crm.provisioning.impl.loyalty.LoyaltyImpl.getBalanceQuery(com.crm.provisioning.thread.CommandInstance, com.crm.provisioning.cache.ProvisioningCommand, com.crm.provisioning.message.CommandMessage)
03/09 10:34:31:440 End of process session
03/09 10:36:11:584 java.lang.NoSuchMethodException: com.crm.provisioning.impl.loyalty.LoyaltyImpl.getBalanceQuery(com.crm.provisioning.thread.CommandInstance, com.crm.provisioning.cache.ProvisioningCommand, com.crm.provisioning.message.CommandMessage)
03/09 10:36:11:585 End of process session
03/09 10:37:51:679 java.lang.NoSuchMethodException: com.crm.provisioning.impl.loyalty.LoyaltyImpl.getBalanceQuery(com.crm.provisioning.thread.CommandInstance, com.crm.provisioning.cache.ProvisioningCommand, com.crm.provisioning.message.CommandMessage)
03/09 10:37:51:680 End of process session
03/09 10:39:31:744 java.lang.NoSuchMethodException: com.crm.provisioning.impl.loyalty.LoyaltyImpl.getBalanceQuery(com.crm.provisioning.thread.CommandInstance, com.crm.provisioning.cache.ProvisioningCommand, com.crm.provisioning.message.CommandMessage)
03/09 10:39:31:744 End of process session
03/09 10:39:42:322 MCA started
03/09 10:39:46:666 java.lang.NoSuchMethodException: com.crm.provisioning.impl.loyalty.LoyaltyImpl.getBalanceQuery(com.crm.provisioning.thread.CommandInstance, com.crm.provisioning.cache.ProvisioningCommand, com.crm.provisioning.message.CommandMessage)
03/09 10:39:46:666 End of process session
03/09 10:41:26:858 java.lang.NoSuchMethodException: com.crm.provisioning.impl.loyalty.LoyaltyImpl.getBalanceQuery(com.crm.provisioning.thread.CommandInstance, com.crm.provisioning.cache.ProvisioningCommand, com.crm.provisioning.message.CommandMessage)
03/09 10:41:26:859 End of process session
03/09 10:43:06:972 java.lang.NoSuchMethodException: com.crm.provisioning.impl.loyalty.LoyaltyImpl.getBalanceQuery(com.crm.provisioning.thread.CommandInstance, com.crm.provisioning.cache.ProvisioningCommand, com.crm.provisioning.message.CommandMessage)
03/09 10:43:06:973 End of process session
03/09 10:44:47:037 java.lang.NoSuchMethodException: com.crm.provisioning.impl.loyalty.LoyaltyImpl.getBalanceQuery(com.crm.provisioning.thread.CommandInstance, com.crm.provisioning.cache.ProvisioningCommand, com.crm.provisioning.message.CommandMessage)
03/09 10:44:47:038 End of process session
03/09 10:46:27:102 java.lang.NoSuchMethodException: com.crm.provisioning.impl.loyalty.LoyaltyImpl.getBalanceQuery(com.crm.provisioning.thread.CommandInstance, com.crm.provisioning.cache.ProvisioningCommand, com.crm.provisioning.message.CommandMessage)
03/09 10:46:27:102 End of process session
03/09 10:48:07:164 java.lang.NoSuchMethodException: com.crm.provisioning.impl.loyalty.LoyaltyImpl.getBalanceQuery(com.crm.provisioning.thread.CommandInstance, com.crm.provisioning.cache.ProvisioningCommand, com.crm.provisioning.message.CommandMessage)
03/09 10:48:07:165 End of process session
03/09 10:49:47:179 Testing connection ...
03/09 10:50:09:546 open connection is fail
03/09 10:50:09:552 java.net.ConnectException: Connection timed out: connect
03/09 10:50:09:552 Starting process session
03/09 10:50:09:653 Total 0 instances are started
03/09 10:50:09:655 Total 1 instances are added
03/09 11:15:18:180 MCA started
03/09 11:15:22:544 java.lang.NoSuchMethodException: com.crm.provisioning.impl.loyalty.LoyaltyImpl.getBalanceQuery(com.crm.provisioning.thread.CommandInstance, com.crm.provisioning.cache.ProvisioningCommand, com.crm.provisioning.message.CommandMessage)
03/09 11:15:22:545 End of process session
03/09 11:17:02:693 java.lang.NoSuchMethodException: com.crm.provisioning.impl.loyalty.LoyaltyImpl.getBalanceQuery(com.crm.provisioning.thread.CommandInstance, com.crm.provisioning.cache.ProvisioningCommand, com.crm.provisioning.message.CommandMessage)
03/09 11:17:02:694 End of process session
03/09 11:18:43:087 java.lang.NoSuchMethodException: com.crm.provisioning.impl.loyalty.LoyaltyImpl.getBalanceQuery(com.crm.provisioning.thread.CommandInstance, com.crm.provisioning.cache.ProvisioningCommand, com.crm.provisioning.message.CommandMessage)
03/09 11:18:43:088 End of process session
03/09 11:20:23:147 java.lang.NoSuchMethodException: com.crm.provisioning.impl.loyalty.LoyaltyImpl.getBalanceQuery(com.crm.provisioning.thread.CommandInstance, com.crm.provisioning.cache.ProvisioningCommand, com.crm.provisioning.message.CommandMessage)
03/09 11:20:23:147 End of process session
03/09 11:22:03:245 java.lang.NoSuchMethodException: com.crm.provisioning.impl.loyalty.LoyaltyImpl.getBalanceQuery(com.crm.provisioning.thread.CommandInstance, com.crm.provisioning.cache.ProvisioningCommand, com.crm.provisioning.message.CommandMessage)
03/09 11:22:03:246 End of process session
03/09 11:23:43:255 Testing connection ...
03/09 11:24:04:261 open connection is fail
03/09 11:24:04:270 java.net.ConnectException: Connection timed out: connect
03/09 11:24:04:271 Starting process session
03/09 11:24:04:371 Total 0 instances are started
03/09 11:24:04:372 Total 1 instances are added
03/09 11:26:14:639 MCA started
03/09 11:26:18:577 Testing connection ...
03/09 11:26:39:612 open connection is fail
03/09 11:26:39:623 java.net.ConnectException: Connection timed out: connect
03/09 11:26:39:624 Starting process session
03/09 11:26:39:725 Total 0 instances are started
03/09 11:26:39:726 Total 1 instances are added
03/09 11:43:06:375 MCA started
03/09 11:43:10:329 Testing connection ...
03/09 11:43:31:402 open connection is fail
03/09 11:43:31:414 java.net.ConnectException: Connection timed out: connect
03/09 11:43:31:415 Starting process session
03/09 11:43:31:516 Total 0 instances are started
03/09 11:43:31:517 Total 1 instances are added
03/09 11:45:19:005 MCA started
03/09 11:45:23:386 Testing connection ...
03/09 11:45:44:429 open connection is fail
03/09 11:45:44:443 java.net.ConnectException: Connection timed out: connect
03/09 11:45:44:444 Starting process session
03/09 11:45:44:545 Total 0 instances are started
03/09 11:45:44:546 Total 1 instances are added
03/09 11:50:45:467 MCA started
03/09 11:50:49:334 Testing connection ...
03/09 11:51:10:338 open connection is fail
03/09 11:51:10:353 java.net.ConnectException: Connection timed out: connect
03/09 11:51:10:354 Starting process session
03/09 11:51:10:455 Total 0 instances are started
03/09 11:51:10:456 Total 1 instances are added
03/09 13:35:01:810 MCA started
03/09 13:35:24:284 MCA started
03/09 13:35:28:601 Testing connection ...
03/09 13:35:49:884 open connection is fail
03/09 13:35:49:892 java.net.ConnectException: Connection timed out: connect
03/09 13:35:49:892 Starting process session
03/09 13:35:49:992 Total 0 instances are started
03/09 13:35:49:993 Total 1 instances are added
03/09 14:17:26:835 MCA started
03/09 14:17:28:219 Testing connection ...
03/09 14:17:49:231 open connection is fail
03/09 14:17:49:241 java.net.ConnectException: Connection timed out: connect
03/09 14:17:49:242 Starting process session
03/09 14:17:49:342 Total 0 instances are started
03/09 14:17:49:343 Total 1 instances are added
03/09 14:26:08:073 MCA started
03/09 14:26:12:321 java.lang.NoSuchMethodException: com.crm.provisioning.impl.loyalty.LoyaltyImpl.getBalanceQuery(com.crm.provisioning.thread.CommandInstance, com.crm.provisioning.cache.ProvisioningCommand, com.crm.provisioning.message.CommandMessage)
03/09 14:26:12:321 End of process session
03/09 14:27:52:399 java.lang.NoSuchMethodException: com.crm.provisioning.impl.loyalty.LoyaltyImpl.getBalanceQuery(com.crm.provisioning.thread.CommandInstance, com.crm.provisioning.cache.ProvisioningCommand, com.crm.provisioning.message.CommandMessage)
03/09 14:27:52:400 End of process session
03/09 14:28:53:047 MCA started
03/09 14:28:57:567 java.lang.NoSuchMethodException: com.crm.provisioning.impl.loyalty.LoyaltyImpl.getBalanceQuery(com.crm.provisioning.thread.CommandInstance, com.crm.provisioning.cache.ProvisioningCommand, com.crm.provisioning.message.CommandMessage)
03/09 14:28:57:567 End of process session
03/09 14:30:37:631 java.lang.NoSuchMethodException: com.crm.provisioning.impl.loyalty.LoyaltyImpl.getBalanceQuery(com.crm.provisioning.thread.CommandInstance, com.crm.provisioning.cache.ProvisioningCommand, com.crm.provisioning.message.CommandMessage)
03/09 14:30:37:632 End of process session
03/09 14:31:55:117 MCA started
03/09 14:31:57:672 java.lang.NoSuchMethodException: com.crm.provisioning.impl.loyalty.LoyaltyImpl.getBalanceQuery(com.crm.provisioning.thread.CommandInstance, com.crm.provisioning.cache.ProvisioningCommand, com.crm.provisioning.message.CommandMessage)
03/09 14:31:57:672 End of process session
03/09 14:33:42:856 MCA started
03/09 14:33:44:968 java.lang.NoSuchMethodException: com.crm.provisioning.impl.loyalty.LoyaltyImpl.getBalanceQuery(com.crm.provisioning.thread.CommandInstance, com.crm.provisioning.cache.ProvisioningCommand, com.crm.provisioning.message.CommandMessage)
03/09 14:33:44:969 End of process session
03/09 14:35:25:040 java.lang.NoSuchMethodException: com.crm.provisioning.impl.loyalty.LoyaltyImpl.getBalanceAmount(com.crm.provisioning.thread.CommandInstance, com.crm.provisioning.cache.ProvisioningCommand, com.crm.provisioning.message.CommandMessage)
03/09 14:35:25:041 End of process session
03/09 14:35:52:110 MCA started
03/09 14:35:56:678 java.lang.NoSuchMethodException: com.crm.provisioning.impl.loyalty.LoyaltyImpl.getBalanceAmount(com.crm.provisioning.thread.CommandInstance, com.crm.provisioning.cache.ProvisioningCommand, com.crm.provisioning.message.CommandMessage)
03/09 14:35:56:678 End of process session
03/09 14:37:36:740 java.lang.NoSuchMethodException: com.crm.provisioning.impl.loyalty.LoyaltyImpl.getBalanceAmount(com.crm.provisioning.thread.CommandInstance, com.crm.provisioning.cache.ProvisioningCommand, com.crm.provisioning.message.CommandMessage)
03/09 14:37:36:741 End of process session
03/09 14:40:10:812 MCA started
03/09 14:40:15:091 java.lang.NoSuchMethodException: com.crm.provisioning.impl.loyalty.LoyaltyImpl.getBalanceAmount(com.crm.provisioning.thread.CommandInstance, com.crm.provisioning.cache.ProvisioningCommand, com.crm.provisioning.message.CommandMessage)
03/09 14:40:15:091 End of process session
03/09 14:41:55:183 java.lang.NoSuchMethodException: com.crm.provisioning.impl.loyalty.LoyaltyImpl.getBalanceAmount(com.crm.provisioning.thread.CommandInstance, com.crm.provisioning.cache.ProvisioningCommand, com.crm.provisioning.message.CommandMessage)
03/09 14:41:55:184 End of process session
03/09 14:43:35:250 java.lang.NoSuchMethodException: com.crm.provisioning.impl.loyalty.LoyaltyImpl.getBalanceAmount(com.crm.provisioning.thread.CommandInstance, com.crm.provisioning.cache.ProvisioningCommand, com.crm.provisioning.message.CommandMessage)
03/09 14:43:35:251 End of process session
03/09 14:45:15:344 java.lang.NoSuchMethodException: com.crm.provisioning.impl.loyalty.LoyaltyImpl.getBalanceAmount(com.crm.provisioning.thread.CommandInstance, com.crm.provisioning.cache.ProvisioningCommand, com.crm.provisioning.message.CommandMessage)
03/09 14:45:15:345 End of process session
03/09 14:46:55:415 java.lang.NoSuchMethodException: com.crm.provisioning.impl.loyalty.LoyaltyImpl.getBalanceAmount(com.crm.provisioning.thread.CommandInstance, com.crm.provisioning.cache.ProvisioningCommand, com.crm.provisioning.message.CommandMessage)
03/09 14:46:55:416 End of process session
03/09 14:48:35:518 java.lang.NoSuchMethodException: com.crm.provisioning.impl.loyalty.LoyaltyImpl.getBalanceAmount(com.crm.provisioning.thread.CommandInstance, com.crm.provisioning.cache.ProvisioningCommand, com.crm.provisioning.message.CommandMessage)
03/09 14:48:35:519 End of process session
03/09 14:49:35:295 MCA started
03/09 14:57:30:200 MCA started
03/09 14:57:34:624 java.lang.NoSuchMethodException: com.crm.provisioning.impl.loyalty.LoyaltyImpl.getBalanceAmount(com.crm.provisioning.thread.CommandInstance, com.crm.provisioning.cache.ProvisioningCommand, com.crm.provisioning.message.CommandMessage)
03/09 14:57:34:624 End of process session
03/09 14:59:14:715 java.lang.NoSuchMethodException: com.crm.provisioning.impl.loyalty.LoyaltyImpl.getBalanceAmount(com.crm.provisioning.thread.CommandInstance, com.crm.provisioning.cache.ProvisioningCommand, com.crm.provisioning.message.CommandMessage)
03/09 14:59:14:715 End of process session
03/09 15:00:39:974 MCA started
03/09 15:00:44:297 java.lang.NoSuchMethodException: com.crm.provisioning.impl.loyalty.LoyaltyImpl.getBalanceAmount(com.crm.provisioning.thread.CommandInstance, com.crm.provisioning.cache.ProvisioningCommand, com.crm.provisioning.message.CommandMessage)
03/09 15:00:44:298 End of process session
03/09 15:02:00:080 MCA started
03/09 15:02:04:107 Testing connection ...
03/09 15:02:25:133 open connection is fail
03/09 15:02:25:147 java.net.ConnectException: Connection timed out: connect
03/09 15:02:25:148 Starting process session
03/09 15:02:25:249 Total 0 instances are started
03/09 15:02:25:250 Total 1 instances are added
03/09 15:10:11:220 MCA started
03/09 15:10:15:200 Testing connection ...
03/09 15:10:36:235 open connection is fail
03/09 15:10:36:248 java.net.ConnectException: Connection timed out: connect
03/09 15:10:36:249 Starting process session
03/09 15:10:36:350 Total 0 instances are started
03/09 15:10:36:352 Total 1 instances are added
03/09 15:31:13:909 MCA started
03/09 15:31:18:409 Testing connection ...
03/09 15:31:39:419 open connection is fail
03/09 15:31:39:429 java.net.ConnectException: Connection timed out: connect
03/09 15:31:39:429 Starting process session
03/09 15:31:39:530 Total 0 instances are started
03/09 15:31:39:531 Total 1 instances are added
03/09 15:49:52:276 MCA started
03/09 15:49:56:342 Testing connection ...
03/09 15:50:17:360 open connection is fail
03/09 15:50:17:376 java.net.ConnectException: Connection timed out: connect
03/09 15:50:17:377 Starting process session
03/09 15:50:17:477 Total 0 instances are started
03/09 15:50:17:478 Total 1 instances are added
03/09 15:54:14:781 MCA started
03/09 15:54:19:230 Testing connection ...
03/09 15:54:40:243 open connection is fail
03/09 15:54:40:260 java.net.ConnectException: Connection timed out: connect
03/09 15:54:40:261 Starting process session
03/09 15:54:40:362 Total 0 instances are started
03/09 15:54:40:362 Total 1 instances are added
03/09 15:57:45:020 MCA started
03/09 15:57:49:202 Testing connection ...
03/09 15:58:10:221 open connection is fail
03/09 15:58:10:235 java.net.ConnectException: Connection timed out: connect
03/09 15:58:10:236 Starting process session
03/09 15:58:10:336 Total 0 instances are started
03/09 15:58:10:337 Total 1 instances are added
03/09 16:04:12:999 MCA started
03/09 16:04:17:639 Testing connection ...
03/09 16:04:38:678 open connection is fail
03/09 16:04:38:692 java.net.ConnectException: Connection timed out: connect
03/09 16:04:38:693 Starting process session
03/09 16:04:38:793 Total 0 instances are started
03/09 16:04:38:794 Total 1 instances are added
03/09 16:08:11:085 MCA started
03/09 16:08:15:330 Testing connection ...
03/09 16:08:36:362 open connection is fail
03/09 16:08:36:377 java.net.ConnectException: Connection timed out: connect
03/09 16:08:36:378 Starting process session
03/09 16:08:36:479 Total 0 instances are started
03/09 16:08:36:482 Total 1 instances are added
03/09 16:12:44:855 MCA started
03/09 16:12:47:993 Testing connection ...
03/09 16:13:09:265 open connection is fail
03/09 16:13:09:278 java.net.ConnectException: Connection timed out: connect
03/09 16:13:09:278 Starting process session
03/09 16:13:09:379 Total 0 instances are started
03/09 16:13:09:380 Total 1 instances are added
03/09 16:15:13:387 MCA started
03/09 16:15:17:709 Testing connection ...
03/09 16:15:38:732 open connection is fail
03/09 16:15:38:739 java.net.ConnectException: Connection timed out: connect
03/09 16:15:38:739 Starting process session
03/09 16:15:38:840 Total 0 instances are started
03/09 16:15:38:841 Total 1 instances are added
03/09 16:17:28:585 MCA started
03/09 16:17:32:903 Testing connection ...
03/09 16:17:53:930 open connection is fail
03/09 16:17:53:938 java.net.ConnectException: Connection timed out: connect
03/09 16:17:53:938 Starting process session
03/09 16:17:54:039 Total 0 instances are started
03/09 16:17:54:040 Total 1 instances are added
03/09 16:20:13:883 MCA started
03/09 16:20:18:029 Testing connection ...
03/09 16:20:39:069 open connection is fail
03/09 16:20:39:085 java.net.ConnectException: Connection timed out: connect
03/09 16:20:39:086 Starting process session
03/09 16:20:39:187 Total 0 instances are started
03/09 16:20:39:188 Total 1 instances are added
03/09 16:24:33:619 MCA started
03/09 16:24:35:847 Testing connection ...
03/09 16:24:58:023 open connection is fail
03/09 16:24:58:033 java.net.ConnectException: Connection timed out: connect
03/09 16:24:58:034 Starting process session
03/09 16:24:58:134 Total 0 instances are started
03/09 16:24:58:135 Total 1 instances are added
03/09 16:28:28:810 MCA started
03/09 16:28:32:880 Testing connection ...
03/09 16:28:53:916 open connection is fail
03/09 16:28:53:925 java.net.ConnectException: Connection timed out: connect
03/09 16:28:53:926 Starting process session
03/09 16:28:54:040 Total 0 instances are started
03/09 16:28:54:041 Total 1 instances are added
03/09 16:31:07:450 MCA started
03/09 16:31:11:683 Testing connection ...
03/09 16:31:32:686 open connection is fail
03/09 16:31:32:694 java.net.ConnectException: Connection timed out: connect
03/09 16:31:32:695 Starting process session
03/09 16:31:32:796 Total 0 instances are started
03/09 16:31:32:797 Total 1 instances are added
03/09 16:35:08:831 MCA started
03/09 16:35:12:618 Testing connection ...
03/09 16:35:33:622 open connection is fail
03/09 16:35:33:642 java.net.ConnectException: Connection timed out: connect
03/09 16:35:33:643 Starting process session
03/09 16:35:33:745 Total 0 instances are started
03/09 16:35:33:746 Total 1 instances are added
03/09 16:41:22:958 MCA started
03/09 16:41:27:125 Testing connection ...
03/09 16:43:40:505 MCA started
03/09 16:43:44:310 Testing connection ...
03/09 16:44:05:309 open connection is fail
03/09 16:44:05:321 java.net.ConnectException: Connection timed out: connect
03/09 16:44:05:321 Starting process session
03/09 16:44:05:422 Total 0 instances are started
03/09 16:44:05:423 Total 1 instances are added
03/09 16:51:18:116 MCA started
03/09 16:51:21:937 Testing connection ...
03/09 16:51:42:953 open connection is fail
03/09 16:51:42:971 java.net.ConnectException: Connection timed out: connect
03/09 16:51:42:971 Starting process session
03/09 16:51:43:072 Total 0 instances are started
03/09 16:51:43:074 Total 1 instances are added
03/09 16:59:04:825 MCA started
03/09 16:59:09:016 Testing connection ...
03/09 16:59:30:020 open connection is fail
03/09 16:59:30:039 java.net.ConnectException: Connection timed out: connect
03/09 16:59:30:039 Starting process session
03/09 16:59:30:140 Total 0 instances are started
03/09 16:59:30:141 Total 1 instances are added
03/09 17:11:11:368 MCA started
03/09 17:11:15:595 Testing connection ...
03/09 17:11:25:649 MCA started
03/09 17:11:29:829 Testing connection ...
03/09 17:11:50:840 open connection is fail
03/09 17:11:50:851 java.net.ConnectException: Connection timed out: connect
03/09 17:11:50:851 Starting process session
03/09 17:11:50:952 Total 0 instances are started
03/09 17:11:50:954 Total 1 instances are added
03/09 17:12:14:279 MCA started
03/09 17:12:18:574 Testing connection ...
03/09 17:12:39:611 open connection is fail
03/09 17:12:39:629 java.net.ConnectException: Connection timed out: connect
03/09 17:12:39:631 Starting process session
03/09 17:12:39:732 Total 0 instances are started
03/09 17:12:39:733 Total 1 instances are added
03/09 17:12:59:667 MCA started
03/09 17:13:01:593 Testing connection ...
03/09 17:13:22:596 open connection is fail
03/09 17:13:22:611 java.net.ConnectException: Connection timed out: connect
03/09 17:13:22:612 Starting process session
03/09 17:13:22:713 Total 0 instances are started
03/09 17:13:22:714 Total 1 instances are added
03/09 17:15:47:650 MCA started
03/09 17:15:51:695 Testing connection ...
03/09 17:16:12:701 open connection is fail
03/09 17:16:12:717 java.net.ConnectException: Connection timed out: connect
03/09 17:16:12:718 Starting process session
03/09 17:16:12:820 Total 0 instances are started
03/09 17:16:12:822 Total 1 instances are added
03/09 17:26:47:362 MCA started
03/09 17:26:51:353 Testing connection ...
03/09 17:27:12:364 open connection is fail
03/09 17:27:12:379 java.net.ConnectException: Connection timed out: connect
03/09 17:27:12:380 Starting process session
03/09 17:27:12:481 Total 0 instances are started
03/09 17:27:12:482 Total 1 instances are added
03/09 17:37:30:372 MCA started
03/09 17:37:31:675 Testing connection ...
03/09 17:37:52:791 open connection is fail
03/09 17:37:52:807 java.net.ConnectException: Connection timed out: connect
03/09 17:37:52:808 Starting process session
03/09 17:37:52:909 Total 0 instances are started
03/09 17:37:52:910 Total 1 instances are added
03/09 17:49:20:012 MCA started
03/09 17:49:24:212 Testing connection ...
03/09 17:49:45:230 open connection is fail
03/09 17:49:45:241 java.net.ConnectException: Connection timed out: connect
03/09 17:49:45:242 Starting process session
03/09 17:49:45:343 Total 0 instances are started
03/09 17:49:45:344 Total 1 instances are added
03/09 17:54:36:510 MCA started
03/09 17:54:40:642 Testing connection ...
03/09 17:54:58:621 MCA started
03/09 17:55:03:036 Testing connection ...
03/09 17:56:25:894 MCA started
03/09 17:56:30:116 Testing connection ...
03/09 17:56:51:146 open connection is fail
03/09 17:56:51:154 java.net.ConnectException: Connection timed out: connect
03/09 17:56:51:154 Starting process session
03/09 17:56:51:255 Total 0 instances are started
03/09 17:56:51:256 Total 1 instances are added
03/09 18:02:37:869 MCA started
03/09 18:02:42:193 Testing connection ...
03/09 18:03:03:210 open connection is fail
03/09 18:03:03:217 java.net.ConnectException: Connection timed out: connect
03/09 18:03:03:218 Starting process session
03/09 18:03:03:318 Total 0 instances are started
03/09 18:03:03:319 Total 1 instances are added
03/09 18:07:55:331 MCA started
03/09 18:07:57:004 Testing connection ...
03/09 18:08:18:015 open connection is fail
03/09 18:08:18:031 java.net.ConnectException: Connection timed out: connect
03/09 18:08:18:032 Starting process session
03/09 18:08:18:133 Total 0 instances are started
03/09 18:08:18:134 Total 1 instances are added
03/09 18:16:37:769 MCA started
03/09 18:17:08:562 Testing connection ...
03/09 18:17:29:609 open connection is fail
03/09 18:17:29:620 java.net.ConnectException: Connection timed out: connect
03/09 18:17:29:621 Starting process session
03/09 18:17:29:722 Total 0 instances are started
03/09 18:17:29:723 Total 1 instances are added
03/09 18:22:01:494 MCA started
03/09 18:22:06:014 Testing connection ...
03/09 18:22:27:050 open connection is fail
03/09 18:22:27:064 java.net.ConnectException: Connection timed out: connect
03/09 18:22:27:064 Starting process session
03/09 18:22:27:165 Total 0 instances are started
03/09 18:22:27:166 Total 1 instances are added
03/09 18:44:53:989 MCA started
03/09 18:44:57:965 Testing connection ...
03/09 18:45:18:997 open connection is fail
03/09 18:45:19:014 java.net.ConnectException: Connection timed out: connect
03/09 18:45:19:014 Starting process session
03/09 18:45:19:115 Total 0 instances are started
03/09 18:45:19:116 Total 1 instances are added
