05/09 08:46:50:554 MCA started
05/09 08:46:55:011 Testing connection ...
05/09 08:47:16:032 open connection is fail
05/09 08:47:16:043 java.net.ConnectException: Connection timed out: connect
05/09 08:47:16:044 Starting process session
05/09 08:47:16:144 Total 0 instances are started
05/09 08:47:16:146 Total 1 instances are added
05/09 08:53:24:500 MCA started
05/09 08:53:28:896 Testing connection ...
05/09 08:53:49:907 open connection is fail
05/09 08:53:49:922 java.net.ConnectException: Connection timed out: connect
05/09 08:53:49:924 Starting process session
05/09 08:53:50:025 Total 0 instances are started
05/09 08:53:50:026 Total 1 instances are added
05/09 08:58:22:353 MCA started
05/09 08:58:26:581 Testing connection ...
05/09 08:58:47:587 open connection is fail
05/09 08:58:47:596 java.net.ConnectException: Connection timed out: connect
05/09 08:58:47:596 Starting process session
05/09 08:58:47:697 Total 0 instances are started
05/09 08:58:47:698 Total 1 instances are added
05/09 09:02:22:419 MCA started
05/09 09:02:26:655 Testing connection ...
05/09 09:02:47:707 open connection is fail
05/09 09:02:47:715 java.net.ConnectException: Connection timed out: connect
05/09 09:02:47:716 Starting process session
05/09 09:02:47:816 Total 0 instances are started
05/09 09:02:47:817 Total 1 instances are added
05/09 09:03:43:024 MCA started
05/09 09:03:47:286 Testing connection ...
05/09 09:04:14:828 MCA started
05/09 09:04:18:500 Testing connection ...
05/09 09:04:39:527 open connection is fail
05/09 09:04:39:549 java.net.ConnectException: Connection timed out: connect
05/09 09:04:39:549 Starting process session
05/09 09:04:39:650 Total 0 instances are started
05/09 09:04:39:651 Total 1 instances are added
05/09 09:10:24:173 MCA started
05/09 09:10:28:438 Testing connection ...
05/09 09:10:49:468 open connection is fail
05/09 09:10:49:476 java.net.ConnectException: Connection timed out: connect
05/09 09:10:49:477 Starting process session
05/09 09:10:49:577 Total 0 instances are started
05/09 09:10:49:598 Total 1 instances are added
05/09 09:12:05:746 MCA started
05/09 09:12:10:177 Testing connection ...
05/09 09:12:31:181 open connection is fail
05/09 09:12:31:188 java.net.ConnectException: Connection timed out: connect
05/09 09:12:31:189 Starting process session
05/09 09:12:31:289 Total 0 instances are started
05/09 09:12:31:290 Total 1 instances are added
05/09 09:14:21:741 MCA started
05/09 09:14:26:237 Testing connection ...
05/09 09:14:47:259 open connection is fail
05/09 09:14:47:274 java.net.ConnectException: Connection timed out: connect
05/09 09:14:47:275 Starting process session
05/09 09:14:47:375 Total 0 instances are started
05/09 09:14:47:376 Total 1 instances are added
05/09 09:16:25:001 MCA started
05/09 09:16:29:236 Testing connection ...
05/09 09:16:50:261 open connection is fail
05/09 09:16:50:274 java.net.ConnectException: Connection timed out: connect
05/09 09:16:50:275 Starting process session
05/09 09:16:50:375 Total 0 instances are started
05/09 09:16:50:376 Total 1 instances are added
05/09 09:19:02:013 MCA started
05/09 09:19:05:278 Testing connection ...
05/09 09:19:26:387 open connection is fail
05/09 09:19:26:404 java.net.ConnectException: Connection timed out: connect
05/09 09:19:26:405 Starting process session
05/09 09:19:26:506 Total 0 instances are started
05/09 09:19:26:514 Total 1 instances are added
05/09 09:29:26:773 MCA started
05/09 09:29:30:725 Testing connection ...
05/09 09:29:51:768 open connection is fail
05/09 09:29:51:786 java.net.ConnectException: Connection timed out: connect
05/09 09:29:51:786 Starting process session
05/09 09:29:51:887 Total 0 instances are started
05/09 09:29:51:887 Total 1 instances are added
05/09 09:35:38:168 MCA started
05/09 09:35:40:367 Testing connection ...
05/09 09:36:02:597 open connection is fail
05/09 09:36:02:605 java.net.ConnectException: Connection timed out: connect
05/09 09:36:02:606 Starting process session
05/09 09:36:02:707 Total 0 instances are started
05/09 09:36:02:709 Total 1 instances are added
05/09 09:40:46:991 MCA started
05/09 09:40:51:331 Testing connection ...
05/09 09:41:12:355 open connection is fail
05/09 09:41:12:363 java.net.ConnectException: Connection timed out: connect
05/09 09:41:12:363 Starting process session
05/09 09:41:12:464 Total 0 instances are started
05/09 09:41:12:465 Total 1 instances are added
05/09 09:44:06:681 MCA started
05/09 09:44:10:807 Testing connection ...
05/09 09:44:31:840 open connection is fail
05/09 09:44:31:852 java.net.ConnectException: Connection timed out: connect
05/09 09:44:31:853 Starting process session
05/09 09:44:31:958 Total 0 instances are started
05/09 09:44:31:960 Total 1 instances are added
05/09 09:55:51:511 MCA started
05/09 09:55:55:300 Testing connection ...
05/09 09:56:16:320 open connection is fail
05/09 09:56:16:332 java.net.ConnectException: Connection timed out: connect
05/09 09:56:16:332 Starting process session
05/09 09:56:16:433 Total 0 instances are started
05/09 09:56:16:433 Total 1 instances are added
05/09 10:10:20:945 MCA started
05/09 10:10:25:156 Testing connection ...
05/09 10:10:46:180 open connection is fail
05/09 10:10:46:196 java.net.ConnectException: Connection timed out: connect
05/09 10:10:46:197 Starting process session
05/09 10:10:46:298 Total 0 instances are started
05/09 10:10:46:299 Total 1 instances are added
05/09 10:19:00:360 MCA started
05/09 10:19:04:412 Testing connection ...
05/09 10:19:25:436 open connection is fail
05/09 10:19:25:454 java.net.ConnectException: Connection timed out: connect
05/09 10:19:25:454 Starting process session
05/09 10:19:25:560 Total 0 instances are started
05/09 10:19:25:562 Total 1 instances are added
05/09 10:24:03:218 MCA started
05/09 10:24:07:286 Testing connection ...
05/09 10:24:28:290 open connection is fail
05/09 10:24:28:303 java.net.ConnectException: Connection timed out: connect
05/09 10:24:28:304 Starting process session
05/09 10:24:28:405 Total 0 instances are started
05/09 10:24:28:406 Total 1 instances are added
05/09 11:20:31:868 MCA started
05/09 11:20:36:014 Testing connection ...
05/09 11:20:57:038 open connection is fail
05/09 11:20:57:050 java.net.ConnectException: Connection timed out: connect
05/09 11:20:57:051 Starting process session
05/09 11:20:57:151 Total 0 instances are started
05/09 11:20:57:152 Total 1 instances are added
05/09 11:36:25:811 MCA started
05/09 11:36:29:900 Testing connection ...
05/09 11:36:50:914 open connection is fail
05/09 11:36:50:927 java.net.ConnectException: Connection timed out: connect
05/09 11:36:50:928 Starting process session
05/09 11:36:51:028 Total 0 instances are started
05/09 11:36:51:029 Total 1 instances are added
05/09 15:28:21:830 MCA started
05/09 15:28:25:735 Testing connection ...
05/09 15:28:46:752 open connection is fail
05/09 15:28:46:765 java.net.ConnectException: Connection timed out: connect
05/09 15:28:46:765 Starting process session
05/09 15:28:46:866 Total 0 instances are started
05/09 15:28:46:867 Total 1 instances are added
05/09 15:53:09:448 MCA started
05/09 15:53:13:734 Testing connection ...
05/09 15:53:34:761 open connection is fail
05/09 15:53:34:768 java.net.ConnectException: Connection timed out: connect
05/09 15:53:34:769 Starting process session
05/09 15:53:34:870 Total 0 instances are started
05/09 15:53:34:871 Total 1 instances are added
05/09 15:57:13:860 MCA started
05/09 15:57:18:821 Testing connection ...
05/09 15:57:39:841 open connection is fail
05/09 15:57:39:855 java.net.ConnectException: Connection timed out: connect
05/09 15:57:39:856 Starting process session
05/09 15:57:39:956 Total 0 instances are started
05/09 15:57:39:957 Total 1 instances are added
05/09 16:29:35:771 MCA started
05/09 16:29:40:091 Testing connection ...
05/09 16:30:01:106 open connection is fail
05/09 16:30:01:113 java.net.ConnectException: Connection timed out: connect
05/09 16:30:01:114 Starting process session
05/09 16:30:01:214 Total 0 instances are started
05/09 16:30:01:215 Total 1 instances are added
05/09 16:34:25:366 MCA started
05/09 16:34:29:289 Testing connection ...
05/09 16:34:50:307 open connection is fail
05/09 16:34:50:317 java.net.ConnectException: Connection timed out: connect
05/09 16:34:50:318 Starting process session
05/09 16:34:50:419 Total 0 instances are started
05/09 16:34:50:421 Total 1 instances are added
05/09 16:37:09:783 MCA started
05/09 16:37:14:472 Testing connection ...
05/09 16:37:35:503 open connection is fail
05/09 16:37:35:517 java.net.ConnectException: Connection timed out: connect
05/09 16:37:35:519 Starting process session
05/09 16:37:35:620 Total 0 instances are started
05/09 16:37:35:621 Total 1 instances are added
05/09 16:39:54:526 MCA started
05/09 16:39:57:503 Testing connection ...
05/09 16:40:18:503 open connection is fail
05/09 16:40:18:520 java.net.ConnectException: Connection timed out: connect
05/09 16:40:18:521 Starting process session
05/09 16:40:18:621 Total 0 instances are started
05/09 16:40:18:622 Total 1 instances are added
05/09 16:42:15:682 MCA started
05/09 16:42:20:471 Testing connection ...
05/09 16:42:41:495 open connection is fail
05/09 16:42:41:506 java.net.ConnectException: Connection timed out: connect
05/09 16:42:41:507 Starting process session
05/09 16:42:41:608 Total 0 instances are started
05/09 16:42:41:609 Total 1 instances are added
05/09 16:55:40:936 MCA started
05/09 16:55:45:663 Testing connection ...
05/09 16:56:06:679 open connection is fail
05/09 16:56:06:695 java.net.ConnectException: Connection timed out: connect
05/09 16:56:06:696 Starting process session
05/09 16:56:06:797 Total 0 instances are started
05/09 16:56:06:799 Total 1 instances are added
05/09 17:02:28:616 MCA started
05/09 17:02:33:732 Testing connection ...
05/09 17:02:54:759 open connection is fail
05/09 17:02:54:775 java.net.ConnectException: Connection timed out: connect
05/09 17:02:54:776 Starting process session
05/09 17:02:54:876 Total 0 instances are started
05/09 17:02:54:877 Total 1 instances are added
05/09 17:17:54:243 MCA started
05/09 17:18:00:486 Testing connection ...
05/09 17:18:21:507 open connection is fail
05/09 17:18:21:519 java.net.ConnectException: Connection timed out: connect
05/09 17:18:21:520 Starting process session
05/09 17:18:21:620 Total 0 instances are started
05/09 17:18:21:621 Total 1 instances are added
05/09 17:21:04:891 MCA started
05/09 17:21:09:665 Testing connection ...
05/09 17:21:30:693 open connection is fail
05/09 17:21:30:702 java.net.ConnectException: Connection timed out: connect
05/09 17:21:30:703 Starting process session
05/09 17:21:30:803 Total 0 instances are started
05/09 17:21:30:803 Total 1 instances are added
05/09 17:24:51:747 MCA started
05/09 17:24:55:698 Testing connection ...
05/09 17:25:16:715 open connection is fail
05/09 17:25:16:726 java.net.ConnectException: Connection timed out: connect
05/09 17:25:16:727 Starting process session
05/09 17:25:16:827 Total 0 instances are started
05/09 17:25:16:828 Total 1 instances are added
05/09 17:51:54:801 MCA started
05/09 17:51:59:028 Testing connection ...
05/09 17:52:20:034 open connection is fail
05/09 17:52:20:062 java.net.ConnectException: Connection timed out: connect
05/09 17:52:20:063 Starting process session
05/09 17:52:20:164 Total 0 instances are started
05/09 17:52:20:166 Total 1 instances are added
05/09 17:53:25:762 MCA started
05/09 17:53:30:042 Testing connection ...
05/09 17:53:51:089 open connection is fail
05/09 17:53:51:098 java.net.ConnectException: Connection timed out: connect
05/09 17:53:51:099 Starting process session
05/09 17:53:51:200 Total 0 instances are started
05/09 17:53:51:201 Total 1 instances are added
05/09 17:56:41:675 MCA started
05/09 17:56:46:038 Testing connection ...
05/09 17:57:07:063 open connection is fail
05/09 17:57:07:072 java.net.ConnectException: Connection timed out: connect
05/09 17:57:07:073 Starting process session
05/09 17:57:07:174 Total 0 instances are started
05/09 17:57:07:175 Total 1 instances are added
05/09 17:59:17:086 MCA started
05/09 17:59:21:500 Testing connection ...
05/09 17:59:42:527 open connection is fail
05/09 17:59:42:543 java.net.ConnectException: Connection timed out: connect
05/09 17:59:42:544 Starting process session
05/09 17:59:42:646 Total 0 instances are started
05/09 17:59:42:647 Total 1 instances are added
05/09 18:15:27:117 MCA started
05/09 18:15:31:391 Testing connection ...
05/09 18:15:52:420 open connection is fail
05/09 18:15:52:472 java.net.ConnectException: Connection timed out: connect
05/09 18:15:52:473 Starting process session
05/09 18:15:52:574 Total 0 instances are started
05/09 18:15:52:575 Total 1 instances are added
05/09 18:21:00:202 MCA started
05/09 18:21:04:274 Testing connection ...
05/09 18:21:25:291 open connection is fail
05/09 18:21:25:307 java.net.ConnectException: Connection timed out: connect
05/09 18:21:25:308 Starting process session
05/09 18:21:25:409 Total 0 instances are started
05/09 18:21:25:410 Total 1 instances are added
05/09 18:23:01:167 MCA started
05/09 18:23:05:466 Testing connection ...
05/09 18:23:26:479 open connection is fail
05/09 18:23:26:488 java.net.ConnectException: Connection timed out: connect
05/09 18:23:26:490 Starting process session
05/09 18:23:26:600 Total 0 instances are started
05/09 18:23:26:602 Total 1 instances are added
05/09 18:28:09:330 MCA started
05/09 18:28:13:709 Testing connection ...
05/09 18:28:30:674 MCA started
05/09 18:28:35:089 Testing connection ...
05/09 18:28:56:094 open connection is fail
05/09 18:28:56:102 java.net.ConnectException: Connection timed out: connect
05/09 18:28:56:103 Starting process session
05/09 18:28:56:206 Total 0 instances are started
05/09 18:28:56:207 Total 1 instances are added
05/09 18:31:15:164 MCA started
05/09 18:31:19:506 Testing connection ...
05/09 18:31:40:530 open connection is fail
05/09 18:31:40:538 java.net.ConnectException: Connection timed out: connect
05/09 18:31:40:538 Starting process session
05/09 18:31:40:639 Total 0 instances are started
05/09 18:31:40:640 Total 1 instances are added
05/09 18:32:58:525 MCA started
05/09 18:33:02:624 Testing connection ...
05/09 18:33:23:643 open connection is fail
05/09 18:33:23:658 java.net.ConnectException: Connection timed out: connect
05/09 18:33:23:659 Starting process session
05/09 18:33:23:760 Total 0 instances are started
05/09 18:33:23:762 Total 1 instances are added
05/09 18:35:25:560 MCA started
05/09 18:35:29:967 Testing connection ...
05/09 18:35:50:985 open connection is fail
05/09 18:35:51:001 java.net.ConnectException: Connection timed out: connect
05/09 18:35:51:002 Starting process session
05/09 18:35:51:103 Total 0 instances are started
05/09 18:35:51:104 Total 1 instances are added
05/09 18:42:15:474 MCA started
05/09 18:42:19:558 Testing connection ...
05/09 18:42:40:570 open connection is fail
05/09 18:42:40:585 java.net.ConnectException: Connection timed out: connect
05/09 18:42:40:587 Starting process session
05/09 18:42:40:687 Total 0 instances are started
05/09 18:42:40:688 Total 1 instances are added
05/09 18:49:19:182 MCA started
05/09 18:49:22:822 Testing connection ...
05/09 18:49:43:837 open connection is fail
05/09 18:49:43:853 java.net.ConnectException: Connection timed out: connect
05/09 18:49:43:854 Starting process session
05/09 18:49:43:954 Total 0 instances are started
05/09 18:49:43:955 Total 1 instances are added
05/09 18:56:10:644 MCA started
05/09 18:56:14:748 Testing connection ...
05/09 18:56:35:772 open connection is fail
05/09 18:56:35:788 java.net.ConnectException: Connection timed out: connect
05/09 18:56:35:789 Starting process session
05/09 18:56:35:890 Total 0 instances are started
05/09 18:56:35:891 Total 1 instances are added
05/09 18:56:58:444 MCA started
05/09 18:57:02:530 Testing connection ...
05/09 18:57:23:567 open connection is fail
05/09 18:57:23:577 java.net.ConnectException: Connection timed out: connect
05/09 18:57:23:577 Starting process session
05/09 18:57:23:678 Total 0 instances are started
05/09 18:57:23:679 Total 1 instances are added
05/09 19:01:23:049 MCA started
05/09 19:01:27:605 Testing connection ...
05/09 19:01:48:629 open connection is fail
05/09 19:01:48:638 java.net.ConnectException: Connection timed out: connect
05/09 19:01:48:639 Starting process session
05/09 19:01:48:740 Total 0 instances are started
05/09 19:01:48:741 Total 1 instances are added
05/09 19:03:15:124 MCA started
05/09 19:03:19:531 Testing connection ...
05/09 19:03:40:560 open connection is fail
05/09 19:03:40:571 java.net.ConnectException: Connection timed out: connect
05/09 19:03:40:572 Starting process session
05/09 19:03:40:672 Total 0 instances are started
05/09 19:03:40:673 Total 1 instances are added
05/09 19:15:32:734 MCA started
05/09 19:15:37:156 Testing connection ...
05/09 19:15:58:177 open connection is fail
05/09 19:15:58:186 java.net.ConnectException: Connection timed out: connect
05/09 19:15:58:186 Starting process session
05/09 19:15:58:287 Total 0 instances are started
05/09 19:15:58:288 Total 1 instances are added
05/09 19:15:59:327 com.sun.messaging.jms.JMSException: [C4003]: Error occurred on connection creation [10.32.62.52:7676]. - cause: java.net.ConnectException: Connection refused: connect
05/09 19:15:59:329 Consumer was closed, reconnect.
05/09 19:15:59:495 Total 0 instances are started
05/09 19:15:59:499 Total 1 instances are added
05/09 19:16:00:545 com.sun.messaging.jms.JMSException: [C4003]: Error occurred on connection creation [10.32.62.52:7676]. - cause: java.net.ConnectException: Connection refused: connect
05/09 19:16:00:546 Consumer was closed, reconnect.
05/09 19:16:00:706 Total 0 instances are started
05/09 19:16:00:707 Total 1 instances are added
05/09 19:16:01:746 com.sun.messaging.jms.JMSException: [C4003]: Error occurred on connection creation [10.32.62.52:7676]. - cause: java.net.ConnectException: Connection refused: connect
05/09 19:16:01:747 Consumer was closed, reconnect.
05/09 19:16:01:908 Total 0 instances are started
05/09 19:16:01:909 Total 1 instances are added
05/09 19:16:03:052 com.sun.messaging.jms.JMSException: [C4003]: Error occurred on connection creation [10.32.62.52:7676]. - cause: java.net.ConnectException: Connection refused: connect
05/09 19:16:03:053 Consumer was closed, reconnect.
05/09 19:16:03:218 Total 0 instances are started
05/09 19:16:03:219 Total 1 instances are added
05/09 19:16:04:260 com.sun.messaging.jms.JMSException: [C4003]: Error occurred on connection creation [10.32.62.52:7676]. - cause: java.net.ConnectException: Connection refused: connect
05/09 19:16:04:261 Consumer was closed, reconnect.
05/09 19:16:04:421 Total 0 instances are started
05/09 19:16:04:422 Total 1 instances are added
05/09 19:16:05:445 com.sun.messaging.jms.JMSException: [C4003]: Error occurred on connection creation [10.32.62.52:7676]. - cause: java.net.ConnectException: Connection refused: connect
05/09 19:16:05:446 Consumer was closed, reconnect.
05/09 19:16:05:626 Total 0 instances are started
05/09 19:16:05:626 Total 1 instances are added
05/09 19:16:06:650 com.sun.messaging.jms.JMSException: [C4003]: Error occurred on connection creation [10.32.62.52:7676]. - cause: java.net.ConnectException: Connection refused: connect
05/09 19:16:06:651 Consumer was closed, reconnect.
05/09 19:16:06:827 Total 0 instances are started
05/09 19:16:06:917 Total 1 instances are added
05/09 19:16:07:855 com.sun.messaging.jms.JMSException: [C4003]: Error occurred on connection creation [10.32.62.52:7676]. - cause: java.net.ConnectException: Connection refused: connect
05/09 19:16:07:855 Consumer was closed, reconnect.
05/09 19:16:08:019 Total 0 instances are started
05/09 19:16:08:020 Total 1 instances are added
05/09 19:16:09:032 com.sun.messaging.jms.JMSException: [C4003]: Error occurred on connection creation [10.32.62.52:7676]. - cause: java.net.ConnectException: Connection refused: connect
05/09 19:16:09:034 Consumer was closed, reconnect.
05/09 19:16:09:221 Total 0 instances are started
05/09 19:16:09:221 Total 1 instances are added
05/09 19:16:10:231 com.sun.messaging.jms.JMSException: [C4003]: Error occurred on connection creation [10.32.62.52:7676]. - cause: java.net.ConnectException: Connection refused: connect
05/09 19:16:10:231 Consumer was closed, reconnect.
05/09 19:16:10:422 Total 0 instances are started
05/09 19:16:10:422 Total 1 instances are added
05/09 19:16:11:454 com.sun.messaging.jms.JMSException: [C4003]: Error occurred on connection creation [10.32.62.52:7676]. - cause: java.net.ConnectException: Connection refused: connect
05/09 19:16:11:455 Consumer was closed, reconnect.
05/09 19:16:11:623 Total 0 instances are started
05/09 19:16:11:624 Total 1 instances are added
05/09 19:16:12:659 com.sun.messaging.jms.JMSException: [C4003]: Error occurred on connection creation [10.32.62.52:7676]. - cause: java.net.ConnectException: Connection refused: connect
05/09 19:16:12:660 Consumer was closed, reconnect.
05/09 19:16:12:843 Total 0 instances are started
05/09 19:16:12:993 Total 1 instances are added
05/09 19:16:13:980 com.sun.messaging.jms.JMSException: [C4003]: Error occurred on connection creation [10.32.62.52:7676]. - cause: java.net.ConnectException: Connection refused: connect
05/09 19:16:13:981 Consumer was closed, reconnect.
05/09 19:16:14:096 Total 0 instances are started
05/09 19:16:14:097 Total 1 instances are added
05/09 19:16:15:120 com.sun.messaging.jms.JMSException: [C4003]: Error occurred on connection creation [10.32.62.52:7676]. - cause: java.net.ConnectException: Connection refused: connect
05/09 19:16:15:121 Consumer was closed, reconnect.
05/09 19:16:15:315 Total 0 instances are started
05/09 19:16:15:316 Total 1 instances are added
05/09 19:16:16:340 com.sun.messaging.jms.JMSException: [C4003]: Error occurred on connection creation [10.32.62.52:7676]. - cause: java.net.ConnectException: Connection refused: connect
05/09 19:16:16:341 Consumer was closed, reconnect.
05/09 19:16:16:517 Total 0 instances are started
05/09 19:16:16:517 Total 1 instances are added
05/09 19:16:17:544 com.sun.messaging.jms.JMSException: [C4003]: Error occurred on connection creation [10.32.62.52:7676]. - cause: java.net.ConnectException: Connection refused: connect
05/09 19:16:17:544 Consumer was closed, reconnect.
05/09 19:16:17:719 Total 0 instances are started
05/09 19:16:17:720 Total 1 instances are added
05/09 19:16:18:741 com.sun.messaging.jms.JMSException: [C4003]: Error occurred on connection creation [10.32.62.52:7676]. - cause: java.net.ConnectException: Connection refused: connect
05/09 19:16:18:742 Consumer was closed, reconnect.
05/09 19:16:18:920 Total 0 instances are started
05/09 19:16:18:967 Total 1 instances are added
05/09 19:16:19:945 com.sun.messaging.jms.JMSException: [C4003]: Error occurred on connection creation [10.32.62.52:7676]. - cause: java.net.ConnectException: Connection refused: connect
05/09 19:16:19:946 Consumer was closed, reconnect.
05/09 19:16:20:067 Total 0 instances are started
05/09 19:16:20:068 Total 1 instances are added
05/09 19:16:21:082 com.sun.messaging.jms.JMSException: [C4003]: Error occurred on connection creation [10.32.62.52:7676]. - cause: java.net.ConnectException: Connection refused: connect
05/09 19:16:21:083 Consumer was closed, reconnect.
05/09 19:16:21:269 Total 0 instances are started
05/09 19:16:21:270 Total 1 instances are added
05/09 19:16:22:319 com.sun.messaging.jms.JMSException: [C4003]: Error occurred on connection creation [10.32.62.52:7676]. - cause: java.net.ConnectException: Connection refused: connect
05/09 19:16:22:320 Consumer was closed, reconnect.
05/09 19:16:22:496 Total 0 instances are started
05/09 19:16:22:497 Total 1 instances are added
05/09 19:16:23:525 com.sun.messaging.jms.JMSException: [C4003]: Error occurred on connection creation [10.32.62.52:7676]. - cause: java.net.ConnectException: Connection refused: connect
05/09 19:16:23:526 Consumer was closed, reconnect.
05/09 19:16:23:697 Total 0 instances are started
05/09 19:16:23:698 Total 1 instances are added
05/09 19:16:24:720 com.sun.messaging.jms.JMSException: [C4003]: Error occurred on connection creation [10.32.62.52:7676]. - cause: java.net.ConnectException: Connection refused: connect
05/09 19:16:24:721 Consumer was closed, reconnect.
05/09 19:16:24:903 Total 0 instances are started
05/09 19:16:24:904 Total 1 instances are added
05/09 19:16:25:944 com.sun.messaging.jms.JMSException: [C4003]: Error occurred on connection creation [10.32.62.52:7676]. - cause: java.net.ConnectException: Connection refused: connect
05/09 19:16:25:945 Consumer was closed, reconnect.
05/09 19:16:26:107 Total 0 instances are started
05/09 19:16:26:108 Total 1 instances are added
05/09 19:16:27:129 com.sun.messaging.jms.JMSException: [C4003]: Error occurred on connection creation [10.32.62.52:7676]. - cause: java.net.ConnectException: Connection refused: connect
05/09 19:16:27:129 Consumer was closed, reconnect.
05/09 19:16:27:315 Total 0 instances are started
05/09 19:16:27:315 Total 1 instances are added
05/09 19:16:28:350 com.sun.messaging.jms.JMSException: [C4003]: Error occurred on connection creation [10.32.62.52:7676]. - cause: java.net.ConnectException: Connection refused: connect
05/09 19:16:28:351 Consumer was closed, reconnect.
05/09 19:16:28:516 Total 0 instances are started
05/09 19:16:28:517 Total 1 instances are added
05/09 19:16:30:124 com.sun.messaging.jms.JMSException: [C4003]: Error occurred on connection creation [10.32.62.52:7676]. - cause: java.net.ConnectException: Connection refused: connect
05/09 19:16:30:124 Consumer was closed, reconnect.
05/09 19:16:30:317 Total 0 instances are started
05/09 19:16:30:318 Total 1 instances are added
05/09 19:16:31:473 com.sun.messaging.jms.JMSException: [C4003]: Error occurred on connection creation [10.32.62.52:7676]. - cause: java.net.ConnectException: Connection refused: connect
05/09 19:16:31:473 Consumer was closed, reconnect.
05/09 19:16:31:653 Total 0 instances are started
05/09 19:16:31:653 Total 1 instances are added
05/09 19:16:32:759 com.sun.messaging.jms.JMSException: [C4003]: Error occurred on connection creation [10.32.62.52:7676]. - cause: java.net.ConnectException: Connection refused: connect
05/09 19:16:32:760 Consumer was closed, reconnect.
05/09 19:16:32:883 Total 0 instances are started
05/09 19:16:33:289 Total 1 instances are added
05/09 19:16:33:923 com.sun.messaging.jms.JMSException: [C4003]: Error occurred on connection creation [10.32.62.52:7676]. - cause: java.net.ConnectException: Connection refused: connect
05/09 19:16:33:923 Consumer was closed, reconnect.
05/09 19:16:34:102 Total 0 instances are started
05/09 19:16:34:104 Total 1 instances are added
05/09 19:16:35:142 com.sun.messaging.jms.JMSException: [C4003]: Error occurred on connection creation [10.32.62.52:7676]. - cause: java.net.ConnectException: Connection refused: connect
05/09 19:16:35:143 Consumer was closed, reconnect.
05/09 19:16:35:310 Total 0 instances are started
05/09 19:16:35:311 Total 1 instances are added
05/09 19:22:12:617 MCA started
05/09 19:22:17:112 Testing connection ...
05/09 19:22:38:135 open connection is fail
05/09 19:22:38:151 java.net.ConnectException: Connection timed out: connect
05/09 19:22:38:152 Starting process session
05/09 19:22:38:254 Total 0 instances are started
05/09 19:22:38:256 Total 1 instances are added
05/09 19:24:47:763 MCA started
05/09 19:24:51:917 Testing connection ...
05/09 19:25:12:938 open connection is fail
05/09 19:25:12:949 java.net.ConnectException: Connection timed out: connect
05/09 19:25:12:950 Starting process session
05/09 19:25:13:050 Total 0 instances are started
05/09 19:25:13:052 Total 1 instances are added
05/09 19:27:08:885 MCA started
05/09 19:27:13:252 Testing connection ...
05/09 19:27:34:307 open connection is fail
05/09 19:27:34:316 java.net.ConnectException: Connection timed out: connect
05/09 19:27:34:317 Starting process session
05/09 19:27:34:418 Total 0 instances are started
05/09 19:27:34:419 Total 1 instances are added
05/09 19:30:26:239 MCA started
05/09 19:30:30:525 Testing connection ...
05/09 19:30:51:546 open connection is fail
05/09 19:30:51:553 java.net.ConnectException: Connection timed out: connect
05/09 19:30:51:554 Starting process session
05/09 19:30:51:654 Total 0 instances are started
05/09 19:30:51:655 Total 1 instances are added
05/09 19:32:15:520 MCA started
05/09 19:32:19:712 Testing connection ...
05/09 19:32:40:809 open connection is fail
05/09 19:32:40:820 java.net.ConnectException: Connection timed out: connect
05/09 19:32:40:821 Starting process session
05/09 19:32:40:922 Total 0 instances are started
05/09 19:32:40:923 Total 1 instances are added
05/09 19:50:01:872 MCA started
05/09 19:50:05:720 Testing connection ...
05/09 19:50:26:740 open connection is fail
05/09 19:50:26:751 java.net.ConnectException: Connection timed out: connect
05/09 19:50:26:752 Starting process session
05/09 19:50:26:852 Total 0 instances are started
05/09 19:50:26:854 Total 1 instances are added
