23/08 15:24:48:090 Command Logs started
23/08 15:24:48:157 Starting process session
23/08 15:24:48:593 Total 0 instances are started
23/08 15:24:48:593 Total 1 instances are added
23/08 15:24:48:594 Init queue connection pool 1377296688594
23/08 15:52:58:827 Command Logs started
23/08 15:52:58:947 Starting process session
23/08 15:52:59:071 Total 0 instances are started
23/08 15:52:59:076 Total 1 instances are added
23/08 15:53:12:933 0 records were writen to database.
23/08 15:53:22:940 0 records were writen to database.
23/08 15:53:32:950 0 records were writen to database.
23/08 15:53:42:957 0 records were writen to database.
23/08 15:53:52:964 0 records were writen to database.
23/08 15:54:02:966 0 records were writen to database.
23/08 15:54:12:971 0 records were writen to database.
23/08 15:54:22:979 0 records were writen to database.
23/08 15:54:32:982 0 records were writen to database.
23/08 15:54:42:984 0 records were writen to database.
23/08 15:54:52:987 0 records were writen to database.
23/08 15:55:02:993 0 records were writen to database.
23/08 15:55:13:004 0 records were writen to database.
23/08 15:55:23:008 0 records were writen to database.
23/08 15:55:33:013 0 records were writen to database.
23/08 15:55:43:018 0 records were writen to database.
23/08 15:55:53:027 0 records were writen to database.
23/08 15:56:03:029 0 records were writen to database.
23/08 15:56:13:037 0 records were writen to database.
23/08 15:56:23:047 0 records were writen to database.
23/08 15:56:33:052 0 records were writen to database.
23/08 15:56:43:061 0 records were writen to database.
23/08 15:56:53:066 0 records were writen to database.
23/08 15:57:03:074 0 records were writen to database.
23/08 15:57:13:083 0 records were writen to database.
23/08 15:57:23:092 0 records were writen to database.
23/08 15:57:33:101 0 records were writen to database.
23/08 15:57:43:109 0 records were writen to database.
23/08 15:57:53:115 0 records were writen to database.
23/08 15:58:03:126 0 records were writen to database.
23/08 15:58:13:137 0 records were writen to database.
23/08 15:58:23:139 0 records were writen to database.
23/08 15:58:33:149 0 records were writen to database.
23/08 15:58:43:154 0 records were writen to database.
23/08 15:58:53:160 0 records were writen to database.
23/08 15:59:03:170 0 records were writen to database.
23/08 15:59:13:176 0 records were writen to database.
23/08 15:59:23:187 0 records were writen to database.
23/08 15:59:33:195 0 records were writen to database.
23/08 15:59:43:201 0 records were writen to database.
23/08 15:59:53:212 0 records were writen to database.
23/08 16:00:03:214 0 records were writen to database.
23/08 16:00:13:216 0 records were writen to database.
23/08 16:00:23:226 0 records were writen to database.
23/08 16:00:33:228 0 records were writen to database.
23/08 16:00:43:234 0 records were writen to database.
23/08 16:00:53:239 0 records were writen to database.
23/08 16:01:03:245 0 records were writen to database.
23/08 16:01:44:090 Command Logs started
23/08 16:01:44:436 Starting process session
23/08 16:01:44:752 Total 0 instances are started
23/08 16:01:44:757 Total 1 instances are added
23/08 16:01:54:756 0 records were writen to database.
23/08 16:02:04:761 0 records were writen to database.
23/08 16:02:14:771 0 records were writen to database.
23/08 16:02:24:780 0 records were writen to database.
23/08 16:02:34:787 0 records were writen to database.
23/08 16:02:44:793 0 records were writen to database.
23/08 16:02:54:799 0 records were writen to database.
23/08 16:03:04:801 0 records were writen to database.
23/08 16:03:14:811 0 records were writen to database.
23/08 16:03:24:813 0 records were writen to database.
23/08 16:03:34:820 0 records were writen to database.
23/08 16:03:44:826 0 records were writen to database.
23/08 16:03:54:833 0 records were writen to database.
23/08 16:04:04:839 0 records were writen to database.
23/08 16:04:14:847 0 records were writen to database.
23/08 16:04:24:849 0 records were writen to database.
23/08 16:04:34:860 0 records were writen to database.
23/08 16:04:44:869 0 records were writen to database.
23/08 16:04:54:877 0 records were writen to database.
23/08 16:05:32:184 Command Logs started
23/08 16:05:32:305 Starting process session
23/08 16:05:32:525 Total 0 instances are started
23/08 16:05:32:527 Total 1 instances are added
23/08 16:05:42:533 0 records were writen to database.
23/08 16:05:52:535 0 records were writen to database.
23/08 16:06:02:544 0 records were writen to database.
23/08 16:06:12:546 0 records were writen to database.
23/08 16:06:22:557 0 records were writen to database.
23/08 16:06:32:563 0 records were writen to database.
23/08 16:06:42:572 0 records were writen to database.
23/08 16:06:52:583 0 records were writen to database.
23/08 16:07:02:589 0 records were writen to database.
23/08 16:07:12:598 0 records were writen to database.
23/08 16:07:22:607 0 records were writen to database.
23/08 16:07:32:617 0 records were writen to database.
23/08 16:07:42:627 0 records were writen to database.
23/08 16:07:52:630 0 records were writen to database.
23/08 16:08:02:638 0 records were writen to database.
23/08 16:08:12:644 0 records were writen to database.
23/08 16:08:22:649 0 records were writen to database.
23/08 16:08:32:655 0 records were writen to database.
23/08 16:08:42:663 0 records were writen to database.
23/08 16:08:52:666 0 records were writen to database.
23/08 16:09:02:675 0 records were writen to database.
23/08 16:09:12:686 0 records were writen to database.
23/08 16:09:22:693 0 records were writen to database.
23/08 16:09:32:700 0 records were writen to database.
23/08 16:09:42:702 0 records were writen to database.
23/08 16:09:52:709 0 records were writen to database.
23/08 16:10:02:717 0 records were writen to database.
23/08 16:10:12:725 0 records were writen to database.
23/08 16:10:22:728 0 records were writen to database.
23/08 16:10:32:735 0 records were writen to database.
23/08 16:10:42:742 0 records were writen to database.
23/08 16:10:52:750 0 records were writen to database.
23/08 16:11:02:759 0 records were writen to database.
23/08 16:11:12:765 0 records were writen to database.
23/08 16:11:22:771 0 records were writen to database.
23/08 16:11:32:782 0 records were writen to database.
23/08 16:11:42:793 0 records were writen to database.
23/08 16:11:52:798 0 records were writen to database.
23/08 16:12:02:806 0 records were writen to database.
23/08 16:12:12:815 0 records were writen to database.
23/08 16:12:22:820 0 records were writen to database.
23/08 16:12:32:823 0 records were writen to database.
23/08 16:12:42:831 0 records were writen to database.
23/08 16:12:52:835 0 records were writen to database.
23/08 16:13:02:844 0 records were writen to database.
23/08 16:13:12:847 0 records were writen to database.
23/08 16:13:22:849 0 records were writen to database.
23/08 16:13:32:853 0 records were writen to database.
23/08 16:13:42:858 0 records were writen to database.
23/08 16:13:52:864 0 records were writen to database.
23/08 16:14:02:870 0 records were writen to database.
23/08 16:14:12:877 0 records were writen to database.
23/08 16:14:22:886 0 records were writen to database.
23/08 16:14:32:890 0 records were writen to database.
23/08 16:14:42:900 0 records were writen to database.
23/08 16:14:52:906 0 records were writen to database.
23/08 16:15:02:915 0 records were writen to database.
23/08 16:15:12:926 0 records were writen to database.
23/08 16:15:22:934 0 records were writen to database.
23/08 16:15:32:952 0 records were writen to database.
23/08 16:15:42:961 0 records were writen to database.
23/08 16:15:52:963 0 records were writen to database.
23/08 16:16:02:973 0 records were writen to database.
23/08 16:16:12:979 0 records were writen to database.
23/08 16:16:22:986 0 records were writen to database.
23/08 16:16:32:992 0 records were writen to database.
23/08 16:16:42:995 0 records were writen to database.
23/08 16:16:52:999 0 records were writen to database.
23/08 16:17:03:003 0 records were writen to database.
23/08 16:17:13:014 0 records were writen to database.
23/08 16:17:23:019 0 records were writen to database.
23/08 16:17:33:028 0 records were writen to database.
23/08 16:17:43:032 0 records were writen to database.
23/08 16:17:53:040 0 records were writen to database.
23/08 16:18:03:042 0 records were writen to database.
23/08 16:18:13:046 0 records were writen to database.
23/08 16:18:23:056 0 records were writen to database.
23/08 16:18:33:059 0 records were writen to database.
23/08 16:18:43:063 0 records were writen to database.
23/08 16:18:53:071 0 records were writen to database.
23/08 16:19:03:079 0 records were writen to database.
23/08 16:19:13:088 0 records were writen to database.
23/08 16:19:23:099 0 records were writen to database.
23/08 16:19:33:108 0 records were writen to database.
23/08 16:19:43:114 0 records were writen to database.
23/08 16:19:53:124 0 records were writen to database.
23/08 16:20:03:127 0 records were writen to database.
23/08 16:20:13:136 0 records were writen to database.
23/08 16:20:23:146 0 records were writen to database.
23/08 16:20:33:153 0 records were writen to database.
23/08 16:20:43:164 0 records were writen to database.
23/08 16:20:53:175 0 records were writen to database.
23/08 16:21:03:186 0 records were writen to database.
23/08 16:21:13:190 0 records were writen to database.
23/08 16:21:23:200 0 records were writen to database.
23/08 16:21:33:207 0 records were writen to database.
23/08 16:21:43:217 0 records were writen to database.
23/08 16:21:53:226 0 records were writen to database.
23/08 16:22:03:234 0 records were writen to database.
23/08 16:22:13:236 0 records were writen to database.
23/08 16:22:23:243 0 records were writen to database.
23/08 16:22:33:251 0 records were writen to database.
23/08 16:22:43:253 0 records were writen to database.
23/08 16:22:53:257 0 records were writen to database.
23/08 16:23:03:268 0 records were writen to database.
23/08 16:23:13:272 0 records were writen to database.
23/08 16:23:23:274 0 records were writen to database.
23/08 16:23:33:280 0 records were writen to database.
23/08 16:23:43:287 0 records were writen to database.
23/08 16:23:53:298 0 records were writen to database.
23/08 16:24:03:305 0 records were writen to database.
23/08 16:24:13:307 0 records were writen to database.
23/08 16:24:23:311 0 records were writen to database.
23/08 16:24:33:315 0 records were writen to database.
23/08 16:24:43:320 0 records were writen to database.
23/08 16:24:53:331 0 records were writen to database.
23/08 16:25:03:335 0 records were writen to database.
23/08 16:25:13:345 0 records were writen to database.
23/08 16:25:23:349 0 records were writen to database.
23/08 16:25:33:354 0 records were writen to database.
23/08 16:25:43:358 0 records were writen to database.
23/08 16:25:53:367 0 records were writen to database.
23/08 16:26:03:369 0 records were writen to database.
23/08 16:26:13:378 0 records were writen to database.
23/08 16:26:23:383 0 records were writen to database.
23/08 16:26:33:385 0 records were writen to database.
23/08 16:26:43:396 0 records were writen to database.
23/08 16:26:53:400 0 records were writen to database.
23/08 16:27:03:404 0 records were writen to database.
23/08 16:27:13:413 0 records were writen to database.
23/08 16:27:23:418 0 records were writen to database.
23/08 16:27:33:427 0 records were writen to database.
23/08 16:27:43:434 0 records were writen to database.
23/08 16:27:53:445 0 records were writen to database.
23/08 16:28:03:449 0 records were writen to database.
23/08 16:28:13:455 0 records were writen to database.
23/08 16:28:23:462 0 records were writen to database.
23/08 16:28:33:472 0 records were writen to database.
23/08 16:28:43:474 0 records were writen to database.
23/08 16:28:53:478 0 records were writen to database.
23/08 16:29:03:482 0 records were writen to database.
23/08 16:29:13:487 0 records were writen to database.
23/08 16:29:23:498 0 records were writen to database.
23/08 16:29:33:505 0 records were writen to database.
23/08 16:29:43:511 0 records were writen to database.
23/08 16:29:53:515 0 records were writen to database.
23/08 16:30:03:526 0 records were writen to database.
23/08 16:30:13:531 0 records were writen to database.
23/08 16:30:23:533 0 records were writen to database.
23/08 16:30:33:535 0 records were writen to database.
23/08 16:30:43:537 0 records were writen to database.
23/08 16:30:53:543 0 records were writen to database.
23/08 16:31:03:552 0 records were writen to database.
23/08 16:31:13:555 0 records were writen to database.
23/08 16:31:23:558 0 records were writen to database.
23/08 16:31:33:574 0 records were writen to database.
23/08 16:31:43:578 0 records were writen to database.
23/08 16:31:53:589 0 records were writen to database.
23/08 16:32:03:592 0 records were writen to database.
23/08 16:32:13:598 0 records were writen to database.
23/08 16:32:23:605 0 records were writen to database.
23/08 16:32:33:616 0 records were writen to database.
23/08 16:32:43:625 0 records were writen to database.
23/08 16:32:53:636 0 records were writen to database.
23/08 16:33:03:642 0 records were writen to database.
23/08 16:33:13:645 0 records were writen to database.
23/08 16:33:23:653 0 records were writen to database.
23/08 16:33:33:661 0 records were writen to database.
23/08 16:33:43:671 0 records were writen to database.
23/08 16:33:53:677 0 records were writen to database.
23/08 16:34:03:680 0 records were writen to database.
23/08 16:34:13:683 0 records were writen to database.
23/08 16:34:23:688 0 records were writen to database.
23/08 16:34:33:694 0 records were writen to database.
23/08 16:34:43:697 0 records were writen to database.
23/08 16:34:53:707 0 records were writen to database.
23/08 16:35:03:710 0 records were writen to database.
23/08 16:35:13:713 0 records were writen to database.
23/08 16:35:23:721 0 records were writen to database.
23/08 16:35:33:725 0 records were writen to database.
23/08 16:35:43:736 0 records were writen to database.
23/08 16:35:53:739 0 records were writen to database.
23/08 16:36:03:746 0 records were writen to database.
23/08 16:36:13:755 0 records were writen to database.
23/08 16:36:23:759 0 records were writen to database.
23/08 16:36:33:761 0 records were writen to database.
23/08 16:36:43:765 0 records were writen to database.
23/08 16:36:53:776 0 records were writen to database.
23/08 16:37:03:778 0 records were writen to database.
23/08 16:37:13:788 0 records were writen to database.
23/08 16:37:23:794 0 records were writen to database.
23/08 16:37:33:799 0 records were writen to database.
23/08 16:37:43:804 0 records were writen to database.
23/08 16:37:53:807 0 records were writen to database.
23/08 16:38:03:816 0 records were writen to database.
23/08 16:38:13:820 0 records were writen to database.
23/08 16:38:23:824 0 records were writen to database.
23/08 16:38:33:831 0 records were writen to database.
23/08 16:38:43:839 0 records were writen to database.
23/08 16:39:09:862 Command Logs started
23/08 16:39:10:055 Starting process session
23/08 16:39:10:160 Total 0 instances are started
23/08 16:39:10:164 Total 1 instances are added
23/08 16:39:20:172 0 records were writen to database.
23/08 16:39:30:176 0 records were writen to database.
23/08 16:39:40:180 0 records were writen to database.
23/08 16:39:50:190 0 records were writen to database.
23/08 16:40:00:196 0 records were writen to database.
23/08 16:40:10:215 0 records were writen to database.
23/08 16:40:20:224 0 records were writen to database.
23/08 16:40:30:233 0 records were writen to database.
23/08 16:40:40:235 0 records were writen to database.
23/08 16:40:50:243 0 records were writen to database.
23/08 16:41:00:246 0 records were writen to database.
23/08 16:41:10:251 0 records were writen to database.
23/08 16:41:33:954 Command Logs started
23/08 16:41:34:085 Starting process session
23/08 16:41:34:199 Total 0 instances are started
23/08 16:41:34:200 Total 1 instances are added
23/08 16:41:44:202 0 records were writen to database.
23/08 16:41:54:207 0 records were writen to database.
23/08 16:42:04:217 0 records were writen to database.
23/08 16:42:14:228 0 records were writen to database.
23/08 16:42:24:236 0 records were writen to database.
23/08 16:42:34:244 0 records were writen to database.
23/08 16:42:44:253 0 records were writen to database.
23/08 16:42:54:261 0 records were writen to database.
23/08 16:43:04:273 0 records were writen to database.
23/08 16:43:14:282 0 records were writen to database.
23/08 16:43:24:287 0 records were writen to database.
23/08 16:43:34:288 0 records were writen to database.
23/08 16:43:44:299 0 records were writen to database.
23/08 16:43:54:309 0 records were writen to database.
23/08 16:44:04:316 0 records were writen to database.
23/08 16:44:14:318 0 records were writen to database.
23/08 16:44:24:323 0 records were writen to database.
23/08 16:44:34:326 0 records were writen to database.
23/08 16:44:44:335 0 records were writen to database.
23/08 16:44:54:344 0 records were writen to database.
23/08 16:45:24:979 Command Logs started
23/08 16:45:25:229 Starting process session
23/08 16:45:25:774 Total 0 instances are started
23/08 16:45:25:778 Total 1 instances are added
23/08 16:45:35:788 0 records were writen to database.
23/08 16:45:45:795 0 records were writen to database.
23/08 16:45:55:803 0 records were writen to database.
23/08 16:46:05:809 0 records were writen to database.
23/08 16:46:15:813 0 records were writen to database.
23/08 16:46:25:823 0 records were writen to database.
23/08 16:46:35:828 0 records were writen to database.
23/08 16:46:45:835 0 records were writen to database.
23/08 16:46:55:841 0 records were writen to database.
23/08 16:47:05:848 0 records were writen to database.
23/08 16:47:15:856 0 records were writen to database.
23/08 16:47:25:860 0 records were writen to database.
23/08 16:47:35:867 0 records were writen to database.
23/08 16:47:45:869 0 records were writen to database.
23/08 16:47:55:872 0 records were writen to database.
23/08 16:48:05:875 0 records were writen to database.
23/08 16:48:15:878 0 records were writen to database.
23/08 16:48:25:883 0 records were writen to database.
23/08 16:48:35:885 0 records were writen to database.
23/08 16:48:45:890 0 records were writen to database.
23/08 16:49:02:288 Command Logs started
23/08 16:49:02:482 Starting process session
23/08 16:49:03:074 Total 0 instances are started
23/08 16:49:03:503 Total 1 instances are added
23/08 16:49:13:079 0 records were writen to database.
23/08 16:49:23:086 0 records were writen to database.
23/08 16:49:33:091 0 records were writen to database.
23/08 16:49:43:096 0 records were writen to database.
23/08 16:49:53:106 0 records were writen to database.
23/08 16:50:03:117 0 records were writen to database.
23/08 16:50:13:127 0 records were writen to database.
23/08 16:50:23:132 0 records were writen to database.
23/08 16:50:33:143 0 records were writen to database.
23/08 16:50:43:151 0 records were writen to database.
23/08 16:50:53:162 0 records were writen to database.
23/08 16:51:03:168 0 records were writen to database.
23/08 16:51:13:178 0 records were writen to database.
23/08 16:51:23:187 0 records were writen to database.
23/08 16:51:33:195 0 records were writen to database.
23/08 16:51:43:201 0 records were writen to database.
23/08 16:51:53:207 0 records were writen to database.
23/08 16:52:03:213 0 records were writen to database.
23/08 16:52:13:217 0 records were writen to database.
23/08 16:52:23:223 0 records were writen to database.
23/08 16:52:33:231 0 records were writen to database.
23/08 16:52:43:238 0 records were writen to database.
23/08 16:52:53:247 0 records were writen to database.
23/08 16:53:03:250 0 records were writen to database.
23/08 16:53:13:256 0 records were writen to database.
23/08 16:53:23:258 0 records were writen to database.
23/08 16:53:33:263 0 records were writen to database.
23/08 16:53:43:279 0 records were writen to database.
23/08 16:53:53:285 0 records were writen to database.
23/08 16:54:03:287 0 records were writen to database.
23/08 16:54:13:297 0 records were writen to database.
23/08 16:54:23:303 0 records were writen to database.
23/08 16:54:33:314 0 records were writen to database.
23/08 16:54:43:318 0 records were writen to database.
23/08 16:54:53:322 0 records were writen to database.
23/08 16:55:03:327 0 records were writen to database.
23/08 16:55:13:334 0 records were writen to database.
23/08 16:55:23:343 0 records were writen to database.
23/08 16:55:33:346 0 records were writen to database.
23/08 16:55:43:351 0 records were writen to database.
23/08 16:55:53:357 0 records were writen to database.
23/08 16:56:03:364 0 records were writen to database.
23/08 16:56:13:373 0 records were writen to database.
23/08 16:56:23:378 0 records were writen to database.
23/08 16:56:33:384 0 records were writen to database.
23/08 16:56:43:386 0 records were writen to database.
23/08 16:56:53:391 0 records were writen to database.
23/08 16:57:03:402 0 records were writen to database.
23/08 16:57:13:414 0 records were writen to database.
23/08 16:57:23:416 0 records were writen to database.
23/08 16:57:33:425 0 records were writen to database.
23/08 16:57:43:433 0 records were writen to database.
23/08 16:57:53:444 0 records were writen to database.
23/08 16:58:03:447 0 records were writen to database.
23/08 16:58:13:457 0 records were writen to database.
23/08 16:58:23:521 0 records were writen to database.
23/08 16:58:33:524 0 records were writen to database.
23/08 16:58:43:531 0 records were writen to database.
23/08 16:58:53:537 0 records were writen to database.
23/08 16:59:03:546 0 records were writen to database.
23/08 16:59:13:555 0 records were writen to database.
23/08 16:59:23:565 0 records were writen to database.
23/08 16:59:33:575 0 records were writen to database.
23/08 16:59:43:585 0 records were writen to database.
23/08 16:59:53:591 0 records were writen to database.
23/08 17:00:03:600 0 records were writen to database.
23/08 17:00:13:603 0 records were writen to database.
23/08 17:00:23:605 0 records were writen to database.
23/08 17:00:33:608 0 records were writen to database.
23/08 17:00:43:614 0 records were writen to database.
23/08 17:00:53:616 0 records were writen to database.
23/08 17:01:03:626 0 records were writen to database.
23/08 17:01:13:635 0 records were writen to database.
23/08 17:01:23:637 0 records were writen to database.
23/08 17:01:33:646 0 records were writen to database.
23/08 17:01:43:650 0 records were writen to database.
23/08 17:01:53:653 0 records were writen to database.
23/08 17:02:03:656 0 records were writen to database.
23/08 17:02:13:679 0 records were writen to database.
23/08 17:02:23:683 0 records were writen to database.
23/08 17:02:33:685 0 records were writen to database.
23/08 17:02:43:688 0 records were writen to database.
23/08 17:02:53:691 0 records were writen to database.
23/08 17:03:03:694 0 records were writen to database.
23/08 17:03:13:696 0 records were writen to database.
23/08 17:03:23:706 0 records were writen to database.
23/08 17:03:33:714 0 records were writen to database.
23/08 17:03:43:720 0 records were writen to database.
23/08 17:03:53:725 0 records were writen to database.
23/08 17:04:03:731 0 records were writen to database.
23/08 17:04:13:740 0 records were writen to database.
23/08 17:04:23:747 0 records were writen to database.
23/08 17:04:33:757 0 records were writen to database.
23/08 17:04:43:766 0 records were writen to database.
23/08 17:04:53:776 0 records were writen to database.
23/08 17:05:03:781 0 records were writen to database.
23/08 17:05:13:783 0 records were writen to database.
23/08 17:05:23:786 0 records were writen to database.
23/08 17:05:33:792 0 records were writen to database.
23/08 17:05:43:799 0 records were writen to database.
23/08 17:05:53:801 0 records were writen to database.
23/08 17:06:03:803 0 records were writen to database.
23/08 17:06:13:811 0 records were writen to database.
23/08 17:06:23:817 0 records were writen to database.
23/08 17:06:33:827 0 records were writen to database.
23/08 17:06:43:837 0 records were writen to database.
23/08 17:06:53:841 0 records were writen to database.
23/08 17:07:03:852 0 records were writen to database.
23/08 17:07:13:859 0 records were writen to database.
23/08 17:07:23:869 0 records were writen to database.
23/08 17:07:33:873 0 records were writen to database.
23/08 17:07:43:882 0 records were writen to database.
23/08 17:07:53:890 0 records were writen to database.
23/08 17:08:03:899 0 records were writen to database.
23/08 17:08:13:910 0 records were writen to database.
23/08 17:08:23:920 0 records were writen to database.
23/08 17:08:33:928 0 records were writen to database.
23/08 17:08:43:938 0 records were writen to database.
23/08 17:08:53:942 0 records were writen to database.
23/08 17:09:03:949 0 records were writen to database.
23/08 17:09:13:960 0 records were writen to database.
23/08 17:09:23:970 0 records were writen to database.
23/08 17:09:33:976 0 records were writen to database.
23/08 17:09:43:983 0 records were writen to database.
23/08 17:09:53:993 0 records were writen to database.
23/08 17:10:03:999 0 records were writen to database.
23/08 17:10:14:009 0 records were writen to database.
23/08 17:10:24:015 0 records were writen to database.
23/08 17:10:34:025 0 records were writen to database.
23/08 17:10:44:028 0 records were writen to database.
23/08 17:10:54:038 0 records were writen to database.
23/08 17:11:04:042 0 records were writen to database.
23/08 17:11:14:048 0 records were writen to database.
23/08 17:11:24:054 0 records were writen to database.
23/08 17:11:34:057 0 records were writen to database.
23/08 17:11:44:068 0 records were writen to database.
23/08 17:11:54:071 0 records were writen to database.
23/08 17:12:04:078 0 records were writen to database.
23/08 17:12:14:082 0 records were writen to database.
23/08 17:12:24:091 0 records were writen to database.
23/08 17:12:34:093 0 records were writen to database.
23/08 17:12:44:103 0 records were writen to database.
23/08 17:12:54:109 0 records were writen to database.
23/08 17:13:04:120 0 records were writen to database.
23/08 17:13:14:128 0 records were writen to database.
23/08 17:13:24:134 0 records were writen to database.
23/08 17:13:34:139 0 records were writen to database.
23/08 17:13:44:143 0 records were writen to database.
23/08 17:13:54:145 0 records were writen to database.
23/08 17:14:04:152 0 records were writen to database.
23/08 17:14:14:163 0 records were writen to database.
23/08 17:14:24:166 0 records were writen to database.
23/08 17:14:34:174 0 records were writen to database.
23/08 17:14:44:179 0 records were writen to database.
23/08 17:14:54:183 0 records were writen to database.
23/08 17:15:04:194 0 records were writen to database.
23/08 17:15:14:205 0 records were writen to database.
23/08 17:15:24:209 0 records were writen to database.
23/08 17:15:34:213 0 records were writen to database.
23/08 17:15:44:223 0 records were writen to database.
23/08 17:15:54:232 0 records were writen to database.
23/08 17:16:04:244 0 records were writen to database.
23/08 17:16:14:252 0 records were writen to database.
23/08 17:16:24:259 0 records were writen to database.
23/08 17:16:34:263 0 records were writen to database.
23/08 17:16:44:270 0 records were writen to database.
23/08 17:16:54:281 0 records were writen to database.
23/08 17:17:04:284 0 records were writen to database.
23/08 17:17:14:291 0 records were writen to database.
23/08 17:17:24:294 0 records were writen to database.
23/08 17:17:34:303 0 records were writen to database.
23/08 17:17:44:305 0 records were writen to database.
23/08 17:17:54:314 0 records were writen to database.
23/08 17:18:04:325 0 records were writen to database.
23/08 17:18:14:333 0 records were writen to database.
23/08 17:18:24:340 0 records were writen to database.
23/08 17:18:34:344 0 records were writen to database.
23/08 17:18:44:351 0 records were writen to database.
23/08 17:18:54:359 0 records were writen to database.
23/08 17:19:04:362 0 records were writen to database.
23/08 17:19:14:369 0 records were writen to database.
23/08 17:19:24:372 0 records were writen to database.
23/08 17:19:34:374 0 records were writen to database.
23/08 17:19:44:381 0 records were writen to database.
23/08 17:19:54:387 0 records were writen to database.
23/08 17:20:04:396 0 records were writen to database.
23/08 17:20:14:400 0 records were writen to database.
23/08 17:20:24:410 0 records were writen to database.
23/08 17:20:34:417 0 records were writen to database.
23/08 17:20:44:420 0 records were writen to database.
23/08 17:20:54:422 0 records were writen to database.
23/08 17:21:04:427 0 records were writen to database.
23/08 17:21:14:435 0 records were writen to database.
23/08 17:21:24:442 0 records were writen to database.
23/08 17:21:34:445 0 records were writen to database.
23/08 17:21:44:449 0 records were writen to database.
23/08 17:21:54:457 0 records were writen to database.
23/08 17:22:04:466 0 records were writen to database.
23/08 17:22:14:477 0 records were writen to database.
23/08 17:22:24:483 0 records were writen to database.
23/08 17:22:34:490 0 records were writen to database.
23/08 17:22:44:492 0 records were writen to database.
23/08 17:22:54:497 0 records were writen to database.
23/08 17:23:04:503 0 records were writen to database.
23/08 17:23:14:513 0 records were writen to database.
23/08 17:23:24:521 0 records were writen to database.
23/08 17:23:34:529 0 records were writen to database.
23/08 17:23:44:533 0 records were writen to database.
23/08 17:23:54:542 0 records were writen to database.
23/08 17:24:04:546 0 records were writen to database.
23/08 17:24:14:553 0 records were writen to database.
23/08 17:24:24:557 0 records were writen to database.
23/08 17:24:34:563 0 records were writen to database.
23/08 17:24:44:568 0 records were writen to database.
23/08 17:24:54:576 0 records were writen to database.
23/08 17:25:04:583 0 records were writen to database.
23/08 17:25:14:593 0 records were writen to database.
23/08 17:25:24:595 0 records were writen to database.
23/08 17:25:34:598 0 records were writen to database.
23/08 17:25:44:603 0 records were writen to database.
23/08 17:25:54:612 0 records were writen to database.
23/08 17:26:04:622 0 records were writen to database.
23/08 17:26:14:625 0 records were writen to database.
23/08 17:26:24:637 0 records were writen to database.
23/08 17:26:34:645 0 records were writen to database.
23/08 17:26:44:650 0 records were writen to database.
23/08 17:26:54:656 0 records were writen to database.
23/08 17:27:04:665 0 records were writen to database.
23/08 17:27:14:667 0 records were writen to database.
23/08 17:27:24:673 0 records were writen to database.
23/08 17:27:34:680 0 records were writen to database.
23/08 17:27:44:684 0 records were writen to database.
23/08 17:27:54:691 0 records were writen to database.
23/08 17:28:04:695 0 records were writen to database.
23/08 17:28:14:697 0 records were writen to database.
23/08 17:28:24:703 0 records were writen to database.
23/08 17:28:34:707 0 records were writen to database.
23/08 17:28:44:716 0 records were writen to database.
23/08 17:28:54:720 0 records were writen to database.
23/08 17:29:04:726 0 records were writen to database.
23/08 17:29:14:730 0 records were writen to database.
23/08 17:29:24:738 0 records were writen to database.
23/08 17:29:34:743 0 records were writen to database.
23/08 17:29:44:747 0 records were writen to database.
23/08 17:29:54:753 0 records were writen to database.
23/08 17:30:04:760 0 records were writen to database.
23/08 17:30:14:766 0 records were writen to database.
23/08 17:30:24:768 0 records were writen to database.
23/08 17:30:34:771 0 records were writen to database.
23/08 17:30:44:780 0 records were writen to database.
23/08 17:30:54:783 0 records were writen to database.
23/08 17:31:04:785 0 records were writen to database.
23/08 17:31:14:795 0 records were writen to database.
23/08 17:31:24:803 0 records were writen to database.
23/08 17:31:34:806 0 records were writen to database.
23/08 17:31:44:815 0 records were writen to database.
23/08 17:31:54:825 0 records were writen to database.
23/08 17:32:04:836 0 records were writen to database.
23/08 17:32:14:842 0 records were writen to database.
23/08 17:32:24:845 0 records were writen to database.
23/08 17:32:34:853 0 records were writen to database.
23/08 17:32:44:861 0 records were writen to database.
23/08 17:32:54:867 0 records were writen to database.
23/08 17:33:04:869 0 records were writen to database.
23/08 17:33:14:873 0 records were writen to database.
23/08 17:33:24:877 0 records were writen to database.
23/08 17:33:34:887 0 records were writen to database.
23/08 17:33:44:895 0 records were writen to database.
23/08 17:33:54:898 0 records were writen to database.
23/08 17:34:04:909 0 records were writen to database.
23/08 17:34:14:915 0 records were writen to database.
23/08 17:34:24:919 0 records were writen to database.
23/08 17:34:34:929 0 records were writen to database.
23/08 17:34:44:933 0 records were writen to database.
23/08 17:34:54:944 0 records were writen to database.
23/08 17:35:04:951 0 records were writen to database.
23/08 17:35:14:960 0 records were writen to database.
23/08 17:35:24:964 0 records were writen to database.
23/08 17:35:34:967 0 records were writen to database.
23/08 17:35:44:973 0 records were writen to database.
23/08 17:35:54:979 0 records were writen to database.
23/08 17:36:04:985 0 records were writen to database.
23/08 17:36:14:994 0 records were writen to database.
23/08 17:36:25:008 0 records were writen to database.
23/08 17:36:35:012 0 records were writen to database.
23/08 17:36:45:022 0 records were writen to database.
23/08 17:36:55:032 0 records were writen to database.
23/08 17:37:05:037 0 records were writen to database.
23/08 17:37:15:043 0 records were writen to database.
23/08 17:37:25:053 0 records were writen to database.
23/08 17:37:35:057 0 records were writen to database.
23/08 17:37:45:065 0 records were writen to database.
23/08 17:37:55:068 0 records were writen to database.
23/08 17:38:05:072 0 records were writen to database.
23/08 17:38:15:078 0 records were writen to database.
23/08 17:38:25:087 0 records were writen to database.
23/08 17:38:35:091 0 records were writen to database.
23/08 17:38:45:093 0 records were writen to database.
23/08 17:38:55:099 0 records were writen to database.
23/08 17:39:05:107 0 records were writen to database.
23/08 17:39:15:114 0 records were writen to database.
23/08 17:39:25:125 0 records were writen to database.
23/08 17:39:35:136 0 records were writen to database.
23/08 17:39:45:145 0 records were writen to database.
23/08 17:39:55:156 0 records were writen to database.
23/08 17:40:05:166 0 records were writen to database.
23/08 17:40:15:175 0 records were writen to database.
23/08 17:40:25:183 0 records were writen to database.
23/08 17:40:35:185 0 records were writen to database.
23/08 17:40:45:196 0 records were writen to database.
23/08 17:40:55:206 0 records were writen to database.
23/08 17:41:05:214 0 records were writen to database.
23/08 17:41:15:222 0 records were writen to database.
23/08 17:41:25:227 0 records were writen to database.
23/08 17:41:35:232 0 records were writen to database.
23/08 17:41:45:238 0 records were writen to database.
23/08 17:41:55:249 0 records were writen to database.
23/08 17:42:05:257 0 records were writen to database.
23/08 17:42:15:260 0 records were writen to database.
23/08 17:42:25:262 0 records were writen to database.
23/08 17:42:35:268 0 records were writen to database.
23/08 17:42:45:273 0 records were writen to database.
23/08 17:42:55:276 0 records were writen to database.
23/08 17:43:05:287 0 records were writen to database.
23/08 17:43:15:291 0 records were writen to database.
23/08 17:43:25:297 0 records were writen to database.
23/08 17:43:35:299 0 records were writen to database.
23/08 17:43:45:301 0 records were writen to database.
23/08 17:43:55:303 0 records were writen to database.
23/08 17:44:05:313 0 records were writen to database.
23/08 17:44:15:319 0 records were writen to database.
23/08 17:44:25:328 0 records were writen to database.
23/08 17:44:35:334 0 records were writen to database.
23/08 17:44:45:340 0 records were writen to database.
23/08 17:44:55:344 0 records were writen to database.
23/08 17:45:05:348 0 records were writen to database.
23/08 17:45:15:357 0 records were writen to database.
23/08 17:45:25:362 0 records were writen to database.
23/08 17:45:35:370 0 records were writen to database.
23/08 17:45:45:378 0 records were writen to database.
23/08 17:45:55:387 0 records were writen to database.
23/08 17:46:05:390 0 records were writen to database.
23/08 17:46:15:401 0 records were writen to database.
23/08 17:46:25:411 0 records were writen to database.
23/08 17:46:35:418 0 records were writen to database.
23/08 17:46:45:429 0 records were writen to database.
23/08 17:46:55:439 0 records were writen to database.
23/08 17:47:05:446 0 records were writen to database.
23/08 17:47:15:456 0 records were writen to database.
23/08 17:47:25:463 0 records were writen to database.
23/08 17:47:35:474 0 records were writen to database.
23/08 17:47:45:481 0 records were writen to database.
23/08 17:47:55:489 0 records were writen to database.
23/08 17:48:05:500 0 records were writen to database.
23/08 17:48:15:508 0 records were writen to database.
23/08 17:48:25:517 0 records were writen to database.
23/08 17:48:35:521 0 records were writen to database.
23/08 17:48:45:527 0 records were writen to database.
