09/09 08:43:19:094 Command Logs started
09/09 08:43:19:219 Starting process session
09/09 08:43:19:394 Total 0 instances are started
09/09 08:43:19:395 Total 1 instances are added
09/09 08:43:40:266 0 records were writen to database.
09/09 08:43:50:273 0 records were writen to database.
09/09 08:44:00:284 0 records were writen to database.
09/09 08:44:10:291 0 records were writen to database.
09/09 08:44:20:302 0 records were writen to database.
09/09 08:44:30:313 0 records were writen to database.
09/09 08:44:40:318 0 records were writen to database.
09/09 08:44:50:335 0 records were writen to database.
09/09 08:45:00:346 0 records were writen to database.
09/09 08:45:10:357 0 records were writen to database.
09/09 08:45:20:366 0 records were writen to database.
09/09 08:45:30:374 0 records were writen to database.
09/09 08:45:40:382 0 records were writen to database.
09/09 08:45:50:392 0 records were writen to database.
09/09 08:46:00:399 0 records were writen to database.
09/09 08:46:10:410 0 records were writen to database.
09/09 08:46:20:412 0 records were writen to database.
09/09 08:46:30:420 0 records were writen to database.
09/09 08:46:40:423 0 records were writen to database.
09/09 08:46:50:425 0 records were writen to database.
09/09 08:47:00:435 0 records were writen to database.
09/09 08:47:10:444 0 records were writen to database.
09/09 08:47:20:449 0 records were writen to database.
09/09 08:47:30:453 0 records were writen to database.
09/09 08:47:40:463 0 records were writen to database.
09/09 08:47:50:471 0 records were writen to database.
09/09 08:48:00:473 0 records were writen to database.
09/09 08:48:10:476 0 records were writen to database.
09/09 08:48:20:485 0 records were writen to database.
09/09 08:48:30:488 0 records were writen to database.
09/09 08:48:40:499 0 records were writen to database.
09/09 08:48:50:509 0 records were writen to database.
09/09 08:49:00:515 0 records were writen to database.
09/09 08:49:10:522 0 records were writen to database.
09/09 08:49:20:533 0 records were writen to database.
09/09 08:49:30:540 0 records were writen to database.
09/09 08:49:56:489 Command Logs started
09/09 08:49:56:696 Starting process session
09/09 08:49:56:834 Total 0 instances are started
09/09 08:49:56:836 Total 1 instances are added
09/09 08:50:06:847 0 records were writen to database.
09/09 08:50:16:882 0 records were writen to database.
09/09 08:50:26:915 0 records were writen to database.
09/09 08:50:36:922 0 records were writen to database.
09/09 08:50:46:929 0 records were writen to database.
09/09 08:50:56:934 0 records were writen to database.
09/09 08:51:06:939 0 records were writen to database.
09/09 08:51:16:945 0 records were writen to database.
09/09 08:51:26:955 0 records were writen to database.
09/09 08:51:36:960 0 records were writen to database.
09/09 08:51:46:964 0 records were writen to database.
09/09 08:51:56:966 0 records were writen to database.
09/09 08:52:06:975 0 records were writen to database.
09/09 08:52:16:984 0 records were writen to database.
09/09 08:52:26:992 0 records were writen to database.
09/09 08:52:36:998 0 records were writen to database.
09/09 08:52:46:999 0 records were writen to database.
09/09 08:52:57:004 0 records were writen to database.
09/09 08:53:07:015 0 records were writen to database.
09/09 08:53:17:017 0 records were writen to database.
09/09 08:53:27:021 0 records were writen to database.
09/09 08:54:08:295 Command Logs started
09/09 08:54:08:320 Starting process session
09/09 08:54:09:313 Total 0 instances are started
09/09 08:54:09:314 Total 1 instances are added
09/09 08:54:19:322 0 records were writen to database.
09/09 08:54:29:330 0 records were writen to database.
09/09 08:54:39:336 0 records were writen to database.
09/09 08:54:49:340 0 records were writen to database.
09/09 08:54:59:344 0 records were writen to database.
09/09 08:55:09:349 0 records were writen to database.
09/09 08:55:19:358 0 records were writen to database.
09/09 08:55:29:367 0 records were writen to database.
09/09 08:55:39:373 0 records were writen to database.
09/09 08:55:49:377 0 records were writen to database.
09/09 08:55:59:383 0 records were writen to database.
09/09 08:56:09:388 0 records were writen to database.
09/09 08:56:19:399 0 records were writen to database.
09/09 08:56:29:410 0 records were writen to database.
09/09 08:56:39:418 0 records were writen to database.
09/09 08:56:49:428 0 records were writen to database.
09/09 08:56:59:430 0 records were writen to database.
09/09 08:57:09:439 0 records were writen to database.
09/09 08:57:19:445 0 records were writen to database.
09/09 08:57:29:451 0 records were writen to database.
09/09 08:57:39:461 0 records were writen to database.
09/09 08:57:49:464 0 records were writen to database.
09/09 08:57:59:470 0 records were writen to database.
09/09 08:58:09:475 0 records were writen to database.
09/09 08:58:19:485 0 records were writen to database.
09/09 08:58:29:488 0 records were writen to database.
09/09 08:58:39:497 0 records were writen to database.
09/09 08:58:49:503 0 records were writen to database.
09/09 08:58:59:510 0 records were writen to database.
09/09 08:59:09:520 0 records were writen to database.
09/09 08:59:48:476 Command Logs started
09/09 08:59:48:580 Starting process session
09/09 08:59:49:873 Total 0 instances are started
09/09 08:59:49:874 Total 1 instances are added
09/09 08:59:59:878 0 records were writen to database.
09/09 09:00:09:882 0 records were writen to database.
09/09 09:00:19:890 0 records were writen to database.
09/09 09:00:29:901 0 records were writen to database.
09/09 09:00:39:906 0 records were writen to database.
09/09 09:00:49:917 0 records were writen to database.
09/09 09:00:59:920 0 records were writen to database.
09/09 09:01:09:924 0 records were writen to database.
09/09 09:01:19:926 0 records were writen to database.
09/09 09:01:29:932 0 records were writen to database.
09/09 09:01:39:937 0 records were writen to database.
09/09 09:01:49:944 0 records were writen to database.
09/09 09:01:59:947 0 records were writen to database.
09/09 09:02:09:952 0 records were writen to database.
09/09 09:02:19:959 0 records were writen to database.
09/09 09:02:29:976 0 records were writen to database.
09/09 09:02:39:981 0 records were writen to database.
09/09 09:02:49:991 0 records were writen to database.
09/09 09:02:59:996 0 records were writen to database.
09/09 09:03:10:006 0 records were writen to database.
09/09 09:03:20:009 0 records were writen to database.
09/09 09:03:30:019 0 records were writen to database.
09/09 09:03:40:023 0 records were writen to database.
09/09 09:03:50:026 0 records were writen to database.
09/09 09:04:00:028 0 records were writen to database.
09/09 09:04:10:030 0 records were writen to database.
09/09 09:04:20:041 0 records were writen to database.
09/09 09:04:30:044 0 records were writen to database.
09/09 09:04:40:048 0 records were writen to database.
09/09 09:04:50:059 0 records were writen to database.
09/09 09:05:00:067 0 records were writen to database.
09/09 09:05:10:072 0 records were writen to database.
09/09 09:05:20:081 0 records were writen to database.
09/09 09:05:30:088 0 records were writen to database.
09/09 09:05:40:091 0 records were writen to database.
09/09 09:05:50:102 0 records were writen to database.
09/09 09:06:00:113 0 records were writen to database.
09/09 09:06:10:123 0 records were writen to database.
09/09 09:06:20:135 0 records were writen to database.
09/09 09:06:30:145 0 records were writen to database.
09/09 09:06:40:147 0 records were writen to database.
09/09 09:06:50:153 0 records were writen to database.
09/09 09:07:00:155 0 records were writen to database.
09/09 09:07:10:164 0 records were writen to database.
09/09 09:07:20:173 0 records were writen to database.
09/09 09:07:46:757 Command Logs started
09/09 09:07:47:029 Starting process session
09/09 09:07:47:350 Total 0 instances are started
09/09 09:07:47:354 Total 1 instances are added
09/09 09:07:57:363 0 records were writen to database.
09/09 09:08:07:459 0 records were writen to database.
09/09 09:08:17:464 0 records were writen to database.
09/09 09:08:27:472 0 records were writen to database.
09/09 09:08:37:481 0 records were writen to database.
09/09 09:08:47:490 0 records were writen to database.
09/09 09:08:57:497 0 records were writen to database.
09/09 09:14:31:949 Command Logs started
09/09 09:14:32:309 Starting process session
09/09 09:14:33:265 Total 0 instances are started
09/09 09:14:33:265 Total 1 instances are added
09/09 09:14:43:267 0 records were writen to database.
09/09 09:14:53:273 0 records were writen to database.
09/09 09:15:03:275 0 records were writen to database.
09/09 09:15:13:286 0 records were writen to database.
09/09 09:15:23:291 0 records were writen to database.
09/09 09:15:33:302 0 records were writen to database.
09/09 09:15:43:304 0 records were writen to database.
09/09 09:15:53:311 0 records were writen to database.
09/09 09:16:03:319 0 records were writen to database.
09/09 09:16:13:329 0 records were writen to database.
09/09 09:16:23:338 0 records were writen to database.
09/09 09:16:33:346 0 records were writen to database.
09/09 09:16:43:354 0 records were writen to database.
09/09 09:16:53:364 0 records were writen to database.
09/09 09:17:03:370 0 records were writen to database.
09/09 09:17:13:381 0 records were writen to database.
09/09 09:17:23:383 0 records were writen to database.
09/09 09:17:33:387 0 records were writen to database.
09/09 09:17:43:398 0 records were writen to database.
09/09 09:17:53:406 0 records were writen to database.
09/09 09:18:03:408 0 records were writen to database.
09/09 09:18:13:410 0 records were writen to database.
09/09 09:18:23:412 0 records were writen to database.
09/09 09:18:33:418 0 records were writen to database.
09/09 09:18:43:427 0 records were writen to database.
09/09 09:18:53:436 0 records were writen to database.
09/09 09:19:03:444 0 records were writen to database.
09/09 09:19:13:449 0 records were writen to database.
09/09 09:19:23:455 0 records were writen to database.
09/09 09:19:33:457 0 records were writen to database.
09/09 09:19:43:464 0 records were writen to database.
09/09 09:19:53:467 0 records were writen to database.
09/09 09:20:03:478 0 records were writen to database.
09/09 09:20:13:485 0 records were writen to database.
09/09 09:20:23:493 0 records were writen to database.
09/09 09:20:33:503 0 records were writen to database.
09/09 09:20:43:510 0 records were writen to database.
09/09 09:20:53:517 0 records were writen to database.
09/09 09:21:03:521 0 records were writen to database.
09/09 09:21:13:523 0 records were writen to database.
09/09 09:21:23:532 0 records were writen to database.
09/09 09:21:33:540 0 records were writen to database.
09/09 09:21:43:550 0 records were writen to database.
09/09 09:21:53:552 0 records were writen to database.
09/09 09:22:03:556 0 records were writen to database.
09/09 09:22:13:562 0 records were writen to database.
09/09 09:22:23:572 0 records were writen to database.
09/09 09:22:33:580 0 records were writen to database.
09/09 09:22:43:587 0 records were writen to database.
09/09 09:22:53:595 0 records were writen to database.
09/09 09:23:03:606 0 records were writen to database.
09/09 09:23:13:614 0 records were writen to database.
09/09 09:23:23:616 0 records were writen to database.
09/09 09:23:33:618 0 records were writen to database.
09/09 09:23:43:624 0 records were writen to database.
09/09 09:23:53:633 0 records were writen to database.
09/09 09:24:03:642 0 records were writen to database.
09/09 09:24:13:651 0 records were writen to database.
09/09 09:24:23:661 0 records were writen to database.
09/09 09:24:33:668 0 records were writen to database.
09/09 09:24:43:673 0 records were writen to database.
09/09 09:24:53:680 0 records were writen to database.
09/09 09:25:03:683 0 records were writen to database.
09/09 09:25:13:687 0 records were writen to database.
09/09 09:25:23:693 0 records were writen to database.
09/09 09:25:33:698 0 records were writen to database.
09/09 09:25:43:707 0 records were writen to database.
09/09 09:25:53:711 0 records were writen to database.
09/09 09:26:03:714 0 records were writen to database.
09/09 09:26:13:720 0 records were writen to database.
09/09 09:26:23:729 0 records were writen to database.
09/09 09:26:33:738 0 records were writen to database.
09/09 09:26:43:745 0 records were writen to database.
09/09 09:26:53:749 0 records were writen to database.
09/09 09:27:03:752 0 records were writen to database.
09/09 09:27:13:754 0 records were writen to database.
09/09 09:27:23:759 0 records were writen to database.
09/09 09:27:33:768 0 records were writen to database.
09/09 09:27:43:776 0 records were writen to database.
09/09 09:27:53:786 0 records were writen to database.
09/09 09:28:03:796 0 records were writen to database.
09/09 09:28:13:799 0 records were writen to database.
09/09 09:28:23:802 0 records were writen to database.
09/09 09:28:33:805 0 records were writen to database.
09/09 09:28:43:809 0 records were writen to database.
09/09 09:28:53:812 0 records were writen to database.
09/09 09:29:03:819 0 records were writen to database.
09/09 09:29:13:825 0 records were writen to database.
09/09 09:29:23:835 0 records were writen to database.
09/09 09:29:33:846 0 records were writen to database.
09/09 09:29:43:856 0 records were writen to database.
09/09 09:29:53:860 0 records were writen to database.
09/09 09:30:03:870 0 records were writen to database.
09/09 09:30:13:874 0 records were writen to database.
09/09 09:30:23:877 0 records were writen to database.
09/09 09:30:33:884 0 records were writen to database.
09/09 09:30:43:886 0 records were writen to database.
09/09 09:30:53:888 0 records were writen to database.
09/09 09:31:03:892 0 records were writen to database.
09/09 09:31:13:896 0 records were writen to database.
09/09 09:31:23:904 0 records were writen to database.
09/09 09:31:33:914 0 records were writen to database.
09/09 09:31:43:917 0 records were writen to database.
09/09 09:31:53:921 0 records were writen to database.
09/09 09:32:03:927 0 records were writen to database.
09/09 09:32:13:932 0 records were writen to database.
09/09 09:32:23:936 0 records were writen to database.
09/09 09:32:33:941 0 records were writen to database.
09/09 09:32:43:945 0 records were writen to database.
09/09 09:32:53:948 0 records were writen to database.
09/09 09:33:03:958 0 records were writen to database.
09/09 09:33:13:963 0 records were writen to database.
09/09 09:33:23:967 0 records were writen to database.
09/09 09:33:33:976 0 records were writen to database.
09/09 09:33:43:987 0 records were writen to database.
09/09 09:33:53:998 0 records were writen to database.
09/09 09:34:04:003 0 records were writen to database.
09/09 09:34:14:005 0 records were writen to database.
09/09 09:34:24:012 0 records were writen to database.
09/09 09:34:34:015 0 records were writen to database.
09/09 09:34:44:018 0 records were writen to database.
09/09 09:34:54:023 0 records were writen to database.
09/09 09:35:04:035 0 records were writen to database.
09/09 09:35:14:038 0 records were writen to database.
09/09 09:35:24:044 0 records were writen to database.
09/09 09:35:34:054 0 records were writen to database.
09/09 09:35:44:064 0 records were writen to database.
09/09 09:35:54:072 0 records were writen to database.
09/09 09:36:04:081 0 records were writen to database.
09/09 09:36:14:090 0 records were writen to database.
09/09 09:36:24:098 0 records were writen to database.
09/09 09:36:34:101 0 records were writen to database.
09/09 09:36:44:105 0 records were writen to database.
09/09 09:36:54:113 0 records were writen to database.
09/09 09:37:04:116 0 records were writen to database.
09/09 09:37:14:121 0 records were writen to database.
09/09 09:37:24:126 0 records were writen to database.
09/09 09:37:34:131 0 records were writen to database.
09/09 09:37:44:134 0 records were writen to database.
09/09 09:37:54:138 0 records were writen to database.
09/09 09:38:04:144 0 records were writen to database.
09/09 09:38:14:155 0 records were writen to database.
09/09 09:38:24:159 0 records were writen to database.
09/09 09:38:34:165 0 records were writen to database.
09/09 09:38:44:174 0 records were writen to database.
09/09 09:38:54:187 0 records were writen to database.
09/09 09:39:04:192 0 records were writen to database.
09/09 09:39:14:204 0 records were writen to database.
09/09 09:39:24:208 0 records were writen to database.
09/09 09:39:34:218 0 records were writen to database.
09/09 09:39:44:222 0 records were writen to database.
09/09 09:39:54:226 0 records were writen to database.
09/09 09:40:04:235 0 records were writen to database.
09/09 09:40:14:239 0 records were writen to database.
09/09 09:40:24:243 0 records were writen to database.
09/09 09:40:34:254 0 records were writen to database.
09/09 09:40:44:260 0 records were writen to database.
09/09 09:40:54:265 0 records were writen to database.
09/09 09:41:04:272 0 records were writen to database.
09/09 09:41:14:280 0 records were writen to database.
09/09 09:41:24:283 0 records were writen to database.
09/09 09:41:34:289 0 records were writen to database.
09/09 09:41:44:296 0 records were writen to database.
09/09 09:41:54:307 0 records were writen to database.
09/09 09:42:04:313 0 records were writen to database.
09/09 09:42:14:316 0 records were writen to database.
09/09 09:42:24:326 0 records were writen to database.
09/09 09:42:34:328 0 records were writen to database.
09/09 09:42:44:332 0 records were writen to database.
09/09 09:42:54:335 0 records were writen to database.
09/09 09:43:04:338 0 records were writen to database.
09/09 09:43:14:342 0 records were writen to database.
09/09 09:43:24:348 0 records were writen to database.
09/09 09:43:34:355 0 records were writen to database.
09/09 09:43:44:359 0 records were writen to database.
09/09 09:43:54:361 0 records were writen to database.
09/09 09:44:04:371 0 records were writen to database.
09/09 09:44:14:378 0 records were writen to database.
09/09 09:44:24:387 0 records were writen to database.
09/09 09:44:34:396 0 records were writen to database.
09/09 09:44:44:406 0 records were writen to database.
09/09 09:44:54:408 0 records were writen to database.
09/09 09:45:04:419 0 records were writen to database.
09/09 09:45:14:422 0 records were writen to database.
09/09 09:45:24:433 0 records were writen to database.
09/09 09:45:34:436 0 records were writen to database.
09/09 09:45:44:439 0 records were writen to database.
09/09 09:45:54:442 0 records were writen to database.
09/09 09:46:04:452 0 records were writen to database.
09/09 09:46:14:462 0 records were writen to database.
09/09 09:46:24:472 0 records were writen to database.
09/09 09:46:34:483 0 records were writen to database.
09/09 09:46:44:489 0 records were writen to database.
09/09 09:46:54:490 0 records were writen to database.
09/09 09:47:04:499 0 records were writen to database.
09/09 09:47:14:527 0 records were writen to database.
09/09 09:47:24:532 0 records were writen to database.
09/09 09:47:34:534 0 records were writen to database.
09/09 09:47:44:545 0 records were writen to database.
09/09 09:47:54:548 0 records were writen to database.
09/09 09:48:04:551 0 records were writen to database.
09/09 09:48:14:554 0 records were writen to database.
09/09 09:48:24:563 0 records were writen to database.
09/09 09:48:34:573 0 records were writen to database.
09/09 09:48:44:584 0 records were writen to database.
09/09 09:48:54:591 0 records were writen to database.
09/09 09:49:04:599 0 records were writen to database.
09/09 09:49:14:603 0 records were writen to database.
09/09 09:49:24:609 0 records were writen to database.
09/09 09:49:34:613 0 records were writen to database.
09/09 09:49:44:623 0 records were writen to database.
09/09 09:49:54:628 0 records were writen to database.
09/09 09:50:04:633 0 records were writen to database.
09/09 09:50:14:643 0 records were writen to database.
09/09 09:50:24:651 0 records were writen to database.
09/09 09:50:34:659 0 records were writen to database.
09/09 09:50:44:669 0 records were writen to database.
09/09 09:50:54:678 0 records were writen to database.
09/09 09:51:04:681 0 records were writen to database.
09/09 09:51:14:690 0 records were writen to database.
09/09 09:51:24:701 0 records were writen to database.
09/09 09:51:34:711 0 records were writen to database.
09/09 09:51:44:715 0 records were writen to database.
09/09 09:51:54:717 0 records were writen to database.
09/09 09:52:04:727 0 records were writen to database.
09/09 09:52:14:730 0 records were writen to database.
09/09 09:52:24:741 0 records were writen to database.
09/09 09:52:34:743 0 records were writen to database.
09/09 09:52:44:748 0 records were writen to database.
09/09 09:52:54:755 0 records were writen to database.
09/09 09:53:04:764 0 records were writen to database.
09/09 09:53:14:769 0 records were writen to database.
09/09 09:53:24:771 0 records were writen to database.
09/09 09:53:34:777 0 records were writen to database.
09/09 09:53:44:787 0 records were writen to database.
09/09 09:53:54:791 0 records were writen to database.
09/09 09:54:04:793 0 records were writen to database.
09/09 09:54:14:801 0 records were writen to database.
09/09 09:54:24:810 0 records were writen to database.
09/09 09:54:34:816 0 records were writen to database.
09/09 09:54:44:820 0 records were writen to database.
09/09 09:54:54:829 0 records were writen to database.
09/09 09:55:04:835 0 records were writen to database.
09/09 09:55:14:838 0 records were writen to database.
09/09 09:55:24:845 0 records were writen to database.
09/09 09:55:34:851 0 records were writen to database.
09/09 09:55:44:858 0 records were writen to database.
09/09 09:55:54:868 0 records were writen to database.
09/09 09:56:04:876 0 records were writen to database.
09/09 09:56:14:887 0 records were writen to database.
09/09 09:56:24:890 0 records were writen to database.
09/09 09:56:34:896 0 records were writen to database.
09/09 09:56:44:907 0 records were writen to database.
09/09 09:56:54:916 0 records were writen to database.
09/09 09:57:04:918 0 records were writen to database.
09/09 09:57:14:922 0 records were writen to database.
09/09 09:57:24:928 0 records were writen to database.
09/09 09:57:34:934 0 records were writen to database.
09/09 09:57:44:945 0 records were writen to database.
09/09 09:57:54:947 0 records were writen to database.
09/09 09:58:04:953 0 records were writen to database.
09/09 09:58:14:959 0 records were writen to database.
09/09 09:58:24:961 0 records were writen to database.
09/09 09:58:34:964 0 records were writen to database.
09/09 09:58:44:969 0 records were writen to database.
09/09 09:58:54:973 0 records were writen to database.
09/09 09:59:04:976 0 records were writen to database.
09/09 09:59:14:983 0 records were writen to database.
09/09 09:59:24:987 0 records were writen to database.
09/09 09:59:34:998 0 records were writen to database.
09/09 09:59:45:003 0 records were writen to database.
09/09 09:59:55:010 0 records were writen to database.
09/09 10:00:05:020 0 records were writen to database.
09/09 10:00:15:028 0 records were writen to database.
09/09 10:00:25:030 0 records were writen to database.
09/09 10:00:35:036 0 records were writen to database.
09/09 10:00:45:045 0 records were writen to database.
09/09 10:00:55:049 0 records were writen to database.
09/09 10:01:05:055 0 records were writen to database.
09/09 10:01:15:061 0 records were writen to database.
09/09 10:01:25:064 0 records were writen to database.
09/09 10:01:35:067 0 records were writen to database.
09/09 10:01:45:073 0 records were writen to database.
09/09 10:01:55:082 0 records were writen to database.
09/09 10:02:05:089 0 records were writen to database.
09/09 10:02:15:099 0 records were writen to database.
09/09 10:02:25:108 0 records were writen to database.
09/09 10:02:35:115 0 records were writen to database.
09/09 10:02:45:117 0 records were writen to database.
09/09 10:02:55:125 0 records were writen to database.
09/09 10:03:05:133 0 records were writen to database.
09/09 10:03:15:142 0 records were writen to database.
09/09 10:03:25:144 0 records were writen to database.
09/09 10:03:35:148 0 records were writen to database.
09/09 10:03:45:155 0 records were writen to database.
09/09 10:03:55:157 0 records were writen to database.
09/09 10:04:05:161 0 records were writen to database.
09/09 10:04:15:165 0 records were writen to database.
09/09 10:04:25:167 0 records were writen to database.
09/09 10:04:35:170 0 records were writen to database.
09/09 10:04:45:176 0 records were writen to database.
09/09 10:04:55:182 0 records were writen to database.
09/09 10:05:05:193 0 records were writen to database.
09/09 10:05:15:199 0 records were writen to database.
09/09 10:05:25:210 0 records were writen to database.
09/09 10:05:35:213 0 records were writen to database.
09/09 10:05:45:308 0 records were writen to database.
09/09 10:05:55:313 0 records were writen to database.
09/09 10:06:05:318 0 records were writen to database.
09/09 10:06:15:325 0 records were writen to database.
09/09 10:06:25:329 0 records were writen to database.
09/09 10:06:35:334 0 records were writen to database.
09/09 10:06:45:343 0 records were writen to database.
09/09 10:06:55:349 0 records were writen to database.
09/09 10:07:05:360 0 records were writen to database.
09/09 10:07:15:363 0 records were writen to database.
09/09 10:07:25:371 0 records were writen to database.
09/09 10:07:35:380 0 records were writen to database.
09/09 10:07:45:383 0 records were writen to database.
09/09 10:07:55:390 0 records were writen to database.
09/09 10:08:05:407 0 records were writen to database.
09/09 10:08:15:414 0 records were writen to database.
09/09 10:08:25:423 0 records were writen to database.
09/09 10:08:35:425 0 records were writen to database.
09/09 10:08:45:429 0 records were writen to database.
09/09 10:08:55:436 0 records were writen to database.
09/09 10:09:05:437 0 records were writen to database.
09/09 10:09:15:444 0 records were writen to database.
09/09 10:09:25:450 0 records were writen to database.
09/09 10:09:35:459 0 records were writen to database.
09/09 10:09:45:461 0 records were writen to database.
09/09 10:09:55:468 0 records were writen to database.
09/09 10:10:05:529 0 records were writen to database.
09/09 10:10:15:530 0 records were writen to database.
09/09 10:10:25:534 0 records were writen to database.
09/09 10:10:35:539 0 records were writen to database.
09/09 10:10:46:393 0 records were writen to database.
09/09 10:10:56:402 0 records were writen to database.
09/09 10:11:06:411 0 records were writen to database.
09/09 10:11:16:415 0 records were writen to database.
09/09 10:11:26:420 0 records were writen to database.
09/09 10:11:36:430 0 records were writen to database.
09/09 10:11:46:432 0 records were writen to database.
09/09 10:11:56:440 0 records were writen to database.
09/09 10:12:06:444 0 records were writen to database.
09/09 10:12:16:447 0 records were writen to database.
09/09 10:12:26:456 0 records were writen to database.
09/09 10:12:36:460 0 records were writen to database.
09/09 10:12:46:463 0 records were writen to database.
09/09 10:12:56:469 0 records were writen to database.
09/09 10:13:06:476 0 records were writen to database.
09/09 10:13:16:485 0 records were writen to database.
09/09 10:13:26:495 0 records were writen to database.
09/09 10:13:36:499 0 records were writen to database.
09/09 10:13:46:508 0 records were writen to database.
09/09 10:13:56:518 0 records were writen to database.
09/09 10:14:06:525 0 records were writen to database.
09/09 10:14:16:534 0 records were writen to database.
09/09 10:14:26:541 0 records were writen to database.
09/09 10:14:36:549 0 records were writen to database.
09/09 10:14:46:557 0 records were writen to database.
09/09 10:14:56:562 0 records were writen to database.
09/09 10:15:06:572 0 records were writen to database.
09/09 10:15:16:581 0 records were writen to database.
09/09 10:15:26:587 0 records were writen to database.
09/09 10:15:36:592 0 records were writen to database.
09/09 10:15:46:594 0 records were writen to database.
09/09 10:15:56:599 0 records were writen to database.
09/09 10:16:06:604 0 records were writen to database.
09/09 10:16:16:612 0 records were writen to database.
09/09 10:16:26:620 0 records were writen to database.
09/09 10:16:36:623 0 records were writen to database.
09/09 10:16:46:633 0 records were writen to database.
09/09 10:16:56:644 0 records were writen to database.
09/09 10:17:06:654 0 records were writen to database.
09/09 10:17:16:663 0 records were writen to database.
09/09 10:17:26:665 0 records were writen to database.
09/09 10:17:36:675 0 records were writen to database.
09/09 10:17:46:686 0 records were writen to database.
09/09 10:17:56:688 0 records were writen to database.
09/09 10:18:06:695 0 records were writen to database.
09/09 10:18:16:698 0 records were writen to database.
09/09 10:18:26:703 0 records were writen to database.
09/09 10:18:36:710 0 records were writen to database.
09/09 10:18:46:718 0 records were writen to database.
09/09 10:18:56:727 0 records were writen to database.
09/09 10:19:06:733 0 records were writen to database.
09/09 10:19:16:743 0 records were writen to database.
09/09 10:19:26:753 0 records were writen to database.
09/09 10:19:36:762 0 records were writen to database.
09/09 10:19:46:768 0 records were writen to database.
09/09 10:19:56:779 0 records were writen to database.
09/09 10:20:06:785 0 records were writen to database.
09/09 10:20:16:850 0 records were writen to database.
09/09 10:20:26:859 0 records were writen to database.
09/09 10:20:36:868 0 records were writen to database.
09/09 10:20:46:875 0 records were writen to database.
09/09 10:20:56:877 0 records were writen to database.
09/09 10:21:06:880 0 records were writen to database.
09/09 10:21:16:890 0 records were writen to database.
09/09 10:21:26:897 0 records were writen to database.
09/09 10:21:36:904 0 records were writen to database.
09/09 10:21:46:909 0 records were writen to database.
09/09 10:21:56:911 0 records were writen to database.
09/09 10:22:06:920 0 records were writen to database.
09/09 10:22:16:924 0 records were writen to database.
09/09 10:22:26:929 0 records were writen to database.
09/09 10:22:36:937 0 records were writen to database.
09/09 10:22:46:941 0 records were writen to database.
09/09 10:22:56:950 0 records were writen to database.
09/09 10:23:06:961 0 records were writen to database.
09/09 10:23:16:977 0 records were writen to database.
09/09 10:23:26:986 0 records were writen to database.
09/09 10:23:36:990 0 records were writen to database.
09/09 10:23:46:996 0 records were writen to database.
09/09 10:23:56:998 0 records were writen to database.
09/09 10:24:07:002 0 records were writen to database.
09/09 15:00:35:240 Command Logs started
09/09 15:00:35:553 Starting process session
09/09 15:00:35:950 Total 0 instances are started
09/09 15:00:35:958 Total 1 instances are added
09/09 15:00:45:954 0 records were writen to database.
09/09 15:00:55:958 0 records were writen to database.
09/09 15:01:05:965 0 records were writen to database.
09/09 15:01:15:973 0 records were writen to database.
09/09 15:01:25:981 0 records were writen to database.
09/09 15:01:35:992 0 records were writen to database.
09/09 15:01:46:003 0 records were writen to database.
09/09 15:01:56:012 0 records were writen to database.
09/09 15:02:06:020 0 records were writen to database.
09/09 15:02:16:023 0 records were writen to database.
09/09 15:02:26:033 0 records were writen to database.
09/09 15:02:36:039 0 records were writen to database.
09/09 15:02:46:049 0 records were writen to database.
09/09 15:02:56:053 0 records were writen to database.
09/09 15:03:06:061 0 records were writen to database.
09/09 15:03:16:066 0 records were writen to database.
09/09 15:03:26:076 0 records were writen to database.
09/09 15:03:36:078 0 records were writen to database.
09/09 15:03:46:085 0 records were writen to database.
09/09 15:03:56:095 0 records were writen to database.
09/09 15:04:06:101 0 records were writen to database.
09/09 15:04:16:104 0 records were writen to database.
09/09 15:04:26:115 0 records were writen to database.
09/09 15:04:36:124 0 records were writen to database.
09/09 15:04:46:133 0 records were writen to database.
09/09 15:04:56:143 0 records were writen to database.
09/09 15:05:06:151 0 records were writen to database.
09/09 15:05:16:161 0 records were writen to database.
09/09 15:05:26:168 0 records were writen to database.
09/09 15:05:36:177 0 records were writen to database.
09/09 15:05:46:187 0 records were writen to database.
09/09 15:05:56:198 0 records were writen to database.
09/09 15:06:06:209 0 records were writen to database.
09/09 15:06:16:215 0 records were writen to database.
09/09 15:06:26:226 0 records were writen to database.
09/09 15:06:36:228 0 records were writen to database.
09/09 15:06:46:239 0 records were writen to database.
09/09 15:06:56:245 0 records were writen to database.
09/09 15:07:06:247 0 records were writen to database.
09/09 15:07:16:254 0 records were writen to database.
09/09 15:07:26:257 0 records were writen to database.
09/09 15:07:36:262 0 records were writen to database.
09/09 15:07:46:264 0 records were writen to database.
09/09 15:07:56:268 0 records were writen to database.
09/09 15:08:06:272 0 records were writen to database.
09/09 15:08:16:277 0 records were writen to database.
09/09 15:08:26:279 0 records were writen to database.
09/09 15:08:36:291 0 records were writen to database.
09/09 15:08:46:296 0 records were writen to database.
09/09 15:08:56:305 0 records were writen to database.
09/09 15:09:06:310 0 records were writen to database.
09/09 15:09:16:318 0 records were writen to database.
09/09 15:09:26:321 0 records were writen to database.
09/09 15:09:36:332 0 records were writen to database.
09/09 15:09:46:339 0 records were writen to database.
09/09 15:09:56:348 0 records were writen to database.
09/09 15:10:06:354 0 records were writen to database.
09/09 15:10:16:365 0 records were writen to database.
09/09 15:10:26:374 0 records were writen to database.
09/09 15:10:36:376 0 records were writen to database.
09/09 15:10:46:379 0 records were writen to database.
09/09 15:10:56:382 0 records were writen to database.
09/09 15:11:06:384 0 records were writen to database.
09/09 15:11:16:391 0 records were writen to database.
09/09 15:11:26:393 0 records were writen to database.
09/09 15:11:36:396 0 records were writen to database.
09/09 15:11:46:403 0 records were writen to database.
09/09 15:11:56:413 0 records were writen to database.
09/09 15:12:06:418 0 records were writen to database.
09/09 15:12:16:425 0 records were writen to database.
09/09 15:12:26:431 0 records were writen to database.
09/09 15:12:36:435 0 records were writen to database.
09/09 15:12:46:441 0 records were writen to database.
09/09 15:13:02:569 Command Logs started
09/09 15:13:02:760 Starting process session
09/09 15:13:02:879 Total 0 instances are started
09/09 15:13:02:952 Total 1 instances are added
09/09 15:13:12:889 0 records were writen to database.
09/09 15:13:22:893 0 records were writen to database.
09/09 15:13:32:894 0 records were writen to database.
09/09 15:13:42:901 0 records were writen to database.
09/09 15:13:52:912 0 records were writen to database.
09/09 15:14:02:918 0 records were writen to database.
09/09 15:14:12:920 0 records were writen to database.
09/09 15:14:22:922 0 records were writen to database.
09/09 15:14:32:927 0 records were writen to database.
09/09 15:14:42:932 0 records were writen to database.
09/09 15:14:52:937 0 records were writen to database.
09/09 15:15:02:944 0 records were writen to database.
09/09 15:15:12:947 0 records were writen to database.
09/09 15:15:22:956 0 records were writen to database.
09/09 15:15:32:964 0 records were writen to database.
09/09 15:15:42:970 0 records were writen to database.
09/09 15:15:52:979 0 records were writen to database.
09/09 15:16:02:982 0 records were writen to database.
09/09 15:16:12:991 0 records were writen to database.
09/09 15:16:22:998 0 records were writen to database.
09/09 15:16:33:009 0 records were writen to database.
09/09 15:16:43:012 0 records were writen to database.
09/09 15:16:53:016 0 records were writen to database.
09/09 15:17:03:024 0 records were writen to database.
09/09 15:17:13:031 0 records were writen to database.
09/09 15:17:23:041 0 records were writen to database.
09/09 15:17:33:044 0 records were writen to database.
09/09 15:17:43:053 0 records were writen to database.
09/09 15:17:53:057 0 records were writen to database.
09/09 15:18:03:065 0 records were writen to database.
09/09 15:18:13:076 0 records were writen to database.
09/09 15:18:23:087 0 records were writen to database.
09/09 15:18:33:091 0 records were writen to database.
09/09 15:18:43:092 0 records were writen to database.
09/09 15:18:53:094 0 records were writen to database.
09/09 15:19:03:102 0 records were writen to database.
09/09 15:19:13:113 0 records were writen to database.
09/09 15:19:23:114 0 records were writen to database.
09/09 15:19:33:123 0 records were writen to database.
09/09 15:19:43:133 0 records were writen to database.
09/09 15:19:53:139 0 records were writen to database.
09/09 15:20:03:147 0 records were writen to database.
09/09 15:20:13:157 0 records were writen to database.
09/09 15:20:23:161 0 records were writen to database.
09/09 15:20:33:164 0 records were writen to database.
09/09 15:20:43:172 0 records were writen to database.
09/09 15:20:53:179 0 records were writen to database.
09/09 15:21:03:188 0 records were writen to database.
09/09 15:21:13:193 0 records were writen to database.
09/09 15:21:23:198 0 records were writen to database.
09/09 15:21:33:203 0 records were writen to database.
09/09 15:21:43:210 0 records were writen to database.
09/09 15:21:53:213 0 records were writen to database.
09/09 15:22:03:219 0 records were writen to database.
09/09 15:22:13:224 0 records were writen to database.
09/09 15:22:23:232 0 records were writen to database.
09/09 15:22:33:243 0 records were writen to database.
09/09 15:22:43:254 0 records were writen to database.
09/09 15:22:53:262 0 records were writen to database.
09/09 15:23:03:271 0 records were writen to database.
09/09 15:23:13:277 0 records were writen to database.
09/09 15:23:23:286 0 records were writen to database.
09/09 15:23:33:289 0 records were writen to database.
09/09 15:23:43:292 0 records were writen to database.
09/09 15:23:53:298 0 records were writen to database.
09/09 15:24:03:308 0 records were writen to database.
09/09 15:24:13:314 0 records were writen to database.
09/09 15:24:23:323 0 records were writen to database.
09/09 15:24:33:334 0 records were writen to database.
09/09 15:24:43:340 0 records were writen to database.
09/09 15:24:53:346 0 records were writen to database.
09/09 15:25:03:351 0 records were writen to database.
09/09 15:25:13:362 0 records were writen to database.
09/09 15:25:23:365 0 records were writen to database.
09/09 15:25:33:370 0 records were writen to database.
09/09 15:25:43:376 0 records were writen to database.
09/09 15:25:53:379 0 records were writen to database.
09/09 15:26:03:383 0 records were writen to database.
09/09 15:26:13:388 0 records were writen to database.
09/09 15:26:23:394 0 records were writen to database.
09/09 15:26:33:400 0 records were writen to database.
09/09 15:26:43:407 0 records were writen to database.
09/09 15:26:53:410 0 records were writen to database.
09/09 15:27:03:416 0 records were writen to database.
09/09 15:27:13:422 0 records were writen to database.
09/09 15:27:23:429 0 records were writen to database.
09/09 15:27:33:435 0 records were writen to database.
09/09 15:27:43:439 0 records were writen to database.
09/09 15:27:53:450 0 records were writen to database.
09/09 15:28:03:452 0 records were writen to database.
09/09 15:28:13:457 0 records were writen to database.
09/09 15:28:23:462 0 records were writen to database.
09/09 15:28:33:468 0 records were writen to database.
09/09 15:28:43:471 0 records were writen to database.
09/09 15:29:49:850 Command Logs started
09/09 15:29:50:019 Starting process session
09/09 15:29:50:140 Total 0 instances are started
09/09 15:29:50:140 Total 1 instances are added
09/09 15:30:00:140 0 records were writen to database.
09/09 15:30:10:150 0 records were writen to database.
09/09 15:30:20:161 0 records were writen to database.
09/09 15:30:30:170 0 records were writen to database.
09/09 15:30:40:175 0 records were writen to database.
09/09 15:30:50:185 0 records were writen to database.
09/09 15:31:00:196 0 records were writen to database.
09/09 15:31:10:206 0 records were writen to database.
09/09 15:31:20:211 0 records were writen to database.
09/09 15:31:30:213 0 records were writen to database.
09/09 15:31:40:221 0 records were writen to database.
09/09 15:31:50:231 0 records were writen to database.
09/09 15:32:00:234 0 records were writen to database.
09/09 15:32:10:238 0 records were writen to database.
09/09 15:32:20:249 0 records were writen to database.
09/09 15:32:30:252 0 records were writen to database.
09/09 15:32:40:261 0 records were writen to database.
09/09 15:32:50:272 0 records were writen to database.
09/09 15:33:00:280 0 records were writen to database.
09/09 15:33:10:310 0 records were writen to database.
09/09 15:33:20:316 0 records were writen to database.
09/09 15:33:30:350 0 records were writen to database.
09/09 15:33:40:360 0 records were writen to database.
09/09 15:33:50:364 0 records were writen to database.
09/09 15:34:00:371 0 records were writen to database.
09/09 15:34:10:380 0 records were writen to database.
09/09 15:34:20:382 0 records were writen to database.
09/09 15:34:30:392 0 records were writen to database.
09/09 15:34:40:400 0 records were writen to database.
09/09 15:34:50:411 0 records were writen to database.
09/09 15:35:00:414 0 records were writen to database.
09/09 15:35:10:419 0 records were writen to database.
09/09 15:35:20:429 0 records were writen to database.
09/09 15:35:30:433 0 records were writen to database.
09/09 15:35:40:440 0 records were writen to database.
09/09 15:35:50:443 0 records were writen to database.
09/09 15:36:00:448 0 records were writen to database.
09/09 15:36:10:456 0 records were writen to database.
09/09 15:36:20:467 0 records were writen to database.
09/09 15:36:30:473 0 records were writen to database.
09/09 15:36:40:476 0 records were writen to database.
09/09 15:36:50:483 0 records were writen to database.
09/09 15:37:00:489 0 records were writen to database.
09/09 15:37:10:496 0 records were writen to database.
09/09 15:37:20:507 0 records were writen to database.
09/09 15:37:30:517 0 records were writen to database.
09/09 15:37:40:519 0 records were writen to database.
09/09 15:37:50:522 0 records were writen to database.
09/09 15:38:00:524 0 records were writen to database.
09/09 15:38:10:530 0 records were writen to database.
09/09 15:38:20:540 0 records were writen to database.
09/09 15:38:30:542 0 records were writen to database.
09/09 15:38:40:551 0 records were writen to database.
09/09 15:38:50:560 0 records were writen to database.
09/09 15:39:00:563 0 records were writen to database.
09/09 15:39:10:574 0 records were writen to database.
09/09 15:39:20:582 0 records were writen to database.
09/09 15:39:30:587 0 records were writen to database.
09/09 15:39:40:594 0 records were writen to database.
09/09 15:39:50:603 0 records were writen to database.
09/09 15:40:00:614 0 records were writen to database.
09/09 15:40:10:619 0 records were writen to database.
09/09 15:40:20:621 0 records were writen to database.
09/09 15:40:30:632 0 records were writen to database.
09/09 15:40:40:635 0 records were writen to database.
09/09 15:40:50:643 0 records were writen to database.
09/09 15:41:00:645 0 records were writen to database.
09/09 15:41:10:652 0 records were writen to database.
09/09 15:41:20:657 0 records were writen to database.
09/09 15:41:30:663 0 records were writen to database.
09/09 15:41:40:672 0 records were writen to database.
09/09 15:41:50:677 0 records were writen to database.
09/09 15:42:00:682 0 records were writen to database.
09/09 15:42:10:690 0 records were writen to database.
09/09 15:42:20:693 0 records were writen to database.
09/09 15:42:30:702 0 records were writen to database.
09/09 15:42:40:712 0 records were writen to database.
09/09 15:42:50:721 0 records were writen to database.
09/09 15:43:00:725 0 records were writen to database.
09/09 15:43:10:735 0 records were writen to database.
09/09 15:43:20:740 0 records were writen to database.
09/09 15:43:30:748 0 records were writen to database.
09/09 15:43:40:759 0 records were writen to database.
09/09 15:43:50:765 0 records were writen to database.
09/09 15:44:00:773 0 records were writen to database.
09/09 15:44:10:779 0 records were writen to database.
09/09 15:44:20:782 0 records were writen to database.
09/09 15:44:30:790 0 records were writen to database.
09/09 15:44:40:794 0 records were writen to database.
09/09 15:44:56:697 Command Logs started
09/09 15:44:56:734 Starting process session
09/09 15:44:58:006 Total 0 instances are started
09/09 15:44:58:007 Total 1 instances are added
09/09 15:45:08:008 0 records were writen to database.
09/09 15:45:18:012 0 records were writen to database.
09/09 15:45:28:016 0 records were writen to database.
09/09 15:45:38:021 0 records were writen to database.
09/09 15:45:48:027 0 records were writen to database.
09/09 15:45:58:036 0 records were writen to database.
09/09 15:46:08:046 0 records were writen to database.
09/09 15:46:18:054 0 records were writen to database.
09/09 15:46:28:057 0 records were writen to database.
09/09 15:46:38:059 0 records were writen to database.
09/09 15:46:48:061 0 records were writen to database.
09/09 15:46:58:063 0 records were writen to database.
09/09 15:47:08:065 0 records were writen to database.
09/09 15:47:18:075 0 records were writen to database.
09/09 15:47:28:083 0 records were writen to database.
09/09 15:47:38:093 0 records were writen to database.
09/09 15:47:48:100 0 records were writen to database.
09/09 15:47:58:104 0 records were writen to database.
09/09 15:48:08:115 0 records were writen to database.
09/09 15:48:18:123 0 records were writen to database.
09/09 15:48:28:134 0 records were writen to database.
09/09 15:48:38:139 0 records were writen to database.
09/09 15:48:48:144 0 records were writen to database.
09/09 15:48:58:148 0 records were writen to database.
09/09 15:49:08:158 0 records were writen to database.
09/09 15:49:18:161 0 records were writen to database.
09/09 15:49:28:167 0 records were writen to database.
09/09 15:49:38:169 0 records were writen to database.
09/09 15:49:48:175 0 records were writen to database.
09/09 15:49:58:182 0 records were writen to database.
09/09 15:50:08:188 0 records were writen to database.
09/09 15:50:18:194 0 records were writen to database.
09/09 15:50:28:200 0 records were writen to database.
09/09 15:50:38:211 0 records were writen to database.
09/09 15:50:48:215 0 records were writen to database.
09/09 15:50:58:223 0 records were writen to database.
09/09 15:51:08:226 0 records were writen to database.
09/09 15:51:18:236 0 records were writen to database.
09/09 15:51:28:243 0 records were writen to database.
09/09 15:51:38:250 0 records were writen to database.
09/09 15:51:48:259 0 records were writen to database.
09/09 15:51:58:267 0 records were writen to database.
09/09 15:52:08:269 0 records were writen to database.
09/09 15:52:18:272 0 records were writen to database.
09/09 15:52:28:280 0 records were writen to database.
09/09 15:52:38:285 0 records were writen to database.
09/09 15:52:48:288 0 records were writen to database.
09/09 15:52:58:295 0 records were writen to database.
09/09 15:53:08:298 0 records were writen to database.
09/09 15:53:18:303 0 records were writen to database.
09/09 15:53:28:314 0 records were writen to database.
09/09 15:53:38:318 0 records were writen to database.
09/09 15:53:48:327 0 records were writen to database.
09/09 15:53:58:331 0 records were writen to database.
09/09 15:54:08:333 0 records were writen to database.
09/09 15:54:18:343 0 records were writen to database.
09/09 15:54:28:345 0 records were writen to database.
09/09 15:54:38:356 0 records were writen to database.
09/09 15:54:48:361 0 records were writen to database.
09/09 15:54:58:369 0 records were writen to database.
09/09 15:55:08:371 0 records were writen to database.
09/09 15:55:18:382 0 records were writen to database.
09/09 15:55:28:386 0 records were writen to database.
09/09 15:55:38:395 0 records were writen to database.
09/09 15:55:48:397 0 records were writen to database.
09/09 15:55:58:406 0 records were writen to database.
09/09 15:56:08:414 0 records were writen to database.
09/09 15:56:18:416 0 records were writen to database.
09/09 15:56:28:426 0 records were writen to database.
09/09 15:56:38:434 0 records were writen to database.
09/09 15:56:48:444 0 records were writen to database.
09/09 15:56:58:454 0 records were writen to database.
09/09 15:57:08:459 0 records were writen to database.
09/09 15:57:18:467 0 records were writen to database.
09/09 15:57:28:469 0 records were writen to database.
09/09 15:57:38:477 0 records were writen to database.
09/09 15:57:48:480 0 records were writen to database.
09/09 15:57:58:483 0 records were writen to database.
09/09 15:58:08:487 0 records were writen to database.
09/09 15:58:18:495 0 records were writen to database.
09/09 15:58:28:506 0 records were writen to database.
09/09 15:58:38:516 0 records were writen to database.
09/09 15:58:48:519 0 records were writen to database.
09/09 15:58:58:527 0 records were writen to database.
09/09 15:59:08:534 0 records were writen to database.
09/09 15:59:18:544 0 records were writen to database.
09/09 15:59:28:554 0 records were writen to database.
09/09 15:59:38:564 0 records were writen to database.
09/09 15:59:48:575 0 records were writen to database.
09/09 15:59:58:582 0 records were writen to database.
09/09 16:00:08:584 0 records were writen to database.
09/09 16:00:18:591 0 records were writen to database.
09/09 16:00:28:599 0 records were writen to database.
09/09 16:00:38:606 0 records were writen to database.
09/09 16:00:48:610 0 records were writen to database.
09/09 16:00:58:621 0 records were writen to database.
09/09 16:01:08:624 0 records were writen to database.
09/09 16:01:18:632 0 records were writen to database.
09/09 16:01:28:640 0 records were writen to database.
09/09 16:01:38:648 0 records were writen to database.
09/09 16:01:48:655 0 records were writen to database.
09/09 16:01:58:665 0 records were writen to database.
09/09 16:02:08:670 0 records were writen to database.
09/09 16:02:18:671 0 records were writen to database.
09/09 16:02:28:680 0 records were writen to database.
09/09 16:02:38:686 0 records were writen to database.
09/09 16:02:48:691 0 records were writen to database.
09/09 16:02:58:694 0 records were writen to database.
09/09 16:03:08:700 0 records were writen to database.
09/09 16:03:18:708 0 records were writen to database.
09/09 16:03:28:718 0 records were writen to database.
09/09 16:03:38:724 0 records were writen to database.
09/09 16:03:48:735 0 records were writen to database.
09/09 16:03:58:742 0 records were writen to database.
09/09 16:04:08:745 0 records were writen to database.
09/09 16:04:18:749 0 records were writen to database.
09/09 16:04:28:759 0 records were writen to database.
09/09 16:04:38:768 0 records were writen to database.
09/09 16:04:48:779 0 records were writen to database.
09/09 16:04:58:781 0 records were writen to database.
09/09 16:05:08:787 0 records were writen to database.
09/09 16:05:18:791 0 records were writen to database.
09/09 16:05:28:794 0 records were writen to database.
09/09 16:05:38:805 0 records were writen to database.
09/09 16:05:48:813 0 records were writen to database.
09/09 16:05:58:817 0 records were writen to database.
09/09 16:06:08:825 0 records were writen to database.
09/09 16:06:18:827 0 records were writen to database.
09/09 16:06:28:832 0 records were writen to database.
09/09 16:06:38:837 0 records were writen to database.
09/09 16:06:48:843 0 records were writen to database.
09/09 16:06:58:903 0 records were writen to database.
09/09 16:07:08:910 0 records were writen to database.
09/09 16:07:18:913 0 records were writen to database.
09/09 16:07:28:916 0 records were writen to database.
09/09 16:07:38:924 0 records were writen to database.
09/09 16:07:48:935 0 records were writen to database.
09/09 16:07:58:945 0 records were writen to database.
09/09 16:08:08:947 0 records were writen to database.
09/09 16:08:18:952 0 records were writen to database.
09/09 16:08:28:960 0 records were writen to database.
09/09 16:08:38:972 0 records were writen to database.
09/09 16:08:48:980 0 records were writen to database.
09/09 16:08:58:984 0 records were writen to database.
09/09 16:09:08:995 0 records were writen to database.
09/09 16:09:19:001 0 records were writen to database.
09/09 16:09:29:012 0 records were writen to database.
09/09 16:09:39:017 0 records were writen to database.
09/09 16:09:49:019 0 records were writen to database.
09/09 16:09:59:029 0 records were writen to database.
09/09 16:10:09:031 0 records were writen to database.
09/09 16:10:19:040 0 records were writen to database.
09/09 16:10:29:046 0 records were writen to database.
09/09 16:10:39:054 0 records were writen to database.
09/09 16:10:49:059 0 records were writen to database.
09/09 16:10:59:066 0 records were writen to database.
09/09 16:11:09:075 0 records were writen to database.
09/09 16:11:19:082 0 records were writen to database.
09/09 16:11:29:085 0 records were writen to database.
09/09 16:11:39:092 0 records were writen to database.
09/09 16:11:49:098 0 records were writen to database.
09/09 16:11:59:103 0 records were writen to database.
09/09 16:12:09:110 0 records were writen to database.
09/09 16:12:19:120 0 records were writen to database.
09/09 16:12:29:129 0 records were writen to database.
09/09 16:12:39:131 0 records were writen to database.
09/09 16:12:49:139 0 records were writen to database.
09/09 16:12:59:142 0 records were writen to database.
09/09 16:13:09:146 0 records were writen to database.
09/09 16:13:19:155 0 records were writen to database.
09/09 16:13:29:158 0 records were writen to database.
09/09 16:13:39:163 0 records were writen to database.
09/09 16:13:49:170 0 records were writen to database.
09/09 16:13:59:172 0 records were writen to database.
09/09 16:14:09:175 0 records were writen to database.
09/09 16:14:19:179 0 records were writen to database.
09/09 16:14:29:185 0 records were writen to database.
09/09 16:14:39:193 0 records were writen to database.
09/09 16:14:49:195 0 records were writen to database.
09/09 16:14:59:203 0 records were writen to database.
09/09 16:15:09:210 0 records were writen to database.
09/09 16:15:19:215 0 records were writen to database.
09/09 16:15:29:220 0 records were writen to database.
09/09 16:15:39:227 0 records were writen to database.
09/09 16:15:49:230 0 records were writen to database.
09/09 16:15:59:240 0 records were writen to database.
09/09 16:16:09:249 0 records were writen to database.
09/09 16:16:19:258 0 records were writen to database.
09/09 16:16:29:262 0 records were writen to database.
09/09 16:16:39:267 0 records were writen to database.
09/09 16:16:49:274 0 records were writen to database.
09/09 16:16:59:282 0 records were writen to database.
09/09 16:17:09:289 0 records were writen to database.
09/09 16:17:19:293 0 records were writen to database.
09/09 16:17:29:304 0 records were writen to database.
09/09 16:17:39:314 0 records were writen to database.
09/09 16:17:49:316 0 records were writen to database.
09/09 16:17:59:320 0 records were writen to database.
09/09 16:18:09:331 0 records were writen to database.
09/09 16:18:19:338 0 records were writen to database.
09/09 16:18:29:345 0 records were writen to database.
09/09 16:18:39:349 0 records were writen to database.
09/09 16:18:49:365 0 records were writen to database.
09/09 16:18:59:367 0 records were writen to database.
09/09 16:19:09:377 0 records were writen to database.
09/09 16:19:19:384 0 records were writen to database.
09/09 16:19:29:388 0 records were writen to database.
09/09 16:19:39:396 0 records were writen to database.
09/09 16:19:49:401 0 records were writen to database.
09/09 16:19:59:403 0 records were writen to database.
09/09 16:20:09:407 0 records were writen to database.
09/09 16:20:19:415 0 records were writen to database.
09/09 16:20:29:418 0 records were writen to database.
09/09 16:20:39:424 0 records were writen to database.
09/09 16:20:49:433 0 records were writen to database.
09/09 16:20:59:441 0 records were writen to database.
09/09 16:21:09:445 0 records were writen to database.
09/09 16:21:19:453 0 records were writen to database.
09/09 16:21:29:455 0 records were writen to database.
09/09 16:21:39:460 0 records were writen to database.
09/09 16:21:49:467 0 records were writen to database.
09/09 16:21:59:471 0 records were writen to database.
09/09 16:22:09:475 0 records were writen to database.
09/09 16:22:19:478 0 records were writen to database.
09/09 16:22:29:484 0 records were writen to database.
09/09 16:22:39:487 0 records were writen to database.
09/09 16:22:49:498 0 records were writen to database.
09/09 16:22:59:507 0 records were writen to database.
09/09 16:23:09:512 0 records were writen to database.
09/09 16:23:19:518 0 records were writen to database.
09/09 16:23:29:521 0 records were writen to database.
09/09 16:23:39:527 0 records were writen to database.
09/09 16:23:49:531 0 records were writen to database.
09/09 16:23:59:538 0 records were writen to database.
09/09 16:24:09:541 0 records were writen to database.
09/09 16:24:19:549 0 records were writen to database.
09/09 16:24:29:559 0 records were writen to database.
09/09 16:24:39:570 0 records were writen to database.
09/09 16:24:49:575 0 records were writen to database.
09/09 16:24:59:586 0 records were writen to database.
09/09 16:25:09:597 0 records were writen to database.
09/09 16:25:19:605 0 records were writen to database.
09/09 16:25:29:613 0 records were writen to database.
09/09 16:25:39:619 0 records were writen to database.
09/09 16:25:49:626 0 records were writen to database.
09/09 16:25:59:635 0 records were writen to database.
09/09 16:26:09:637 0 records were writen to database.
09/09 16:26:19:643 0 records were writen to database.
09/09 16:26:29:649 0 records were writen to database.
09/09 16:26:39:653 0 records were writen to database.
09/09 16:26:49:661 0 records were writen to database.
09/09 16:26:59:667 0 records were writen to database.
09/09 16:27:09:672 0 records were writen to database.
09/09 16:27:19:683 0 records were writen to database.
09/09 16:27:29:686 0 records were writen to database.
09/09 16:27:39:690 0 records were writen to database.
09/09 16:27:49:693 0 records were writen to database.
09/09 16:27:59:697 0 records were writen to database.
09/09 16:28:30:890 Command Logs started
09/09 16:28:31:114 Starting process session
09/09 16:28:31:217 Total 0 instances are started
09/09 16:28:31:221 Total 1 instances are added
09/09 16:28:41:228 0 records were writen to database.
09/09 16:28:51:234 0 records were writen to database.
09/09 16:29:01:245 0 records were writen to database.
09/09 16:29:11:248 0 records were writen to database.
09/09 16:29:21:256 0 records were writen to database.
09/09 16:29:31:272 1 records were writen to database.
09/09 16:29:41:283 0 records were writen to database.
09/09 16:29:51:287 0 records were writen to database.
09/09 16:32:01:543 0 records were writen to database.
09/09 16:32:11:552 0 records were writen to database.
09/09 16:32:21:557 0 records were writen to database.
09/09 16:32:31:566 0 records were writen to database.
09/09 16:32:41:569 0 records were writen to database.
09/09 16:32:51:575 0 records were writen to database.
09/09 16:33:01:586 0 records were writen to database.
09/09 16:33:11:591 0 records were writen to database.
09/09 16:33:21:609 1 records were writen to database.
09/09 16:33:31:616 0 records were writen to database.
09/09 16:33:41:626 0 records were writen to database.
09/09 16:33:51:632 0 records were writen to database.
09/09 16:34:01:639 0 records were writen to database.
09/09 16:34:11:646 0 records were writen to database.
09/09 16:34:21:650 0 records were writen to database.
09/09 16:34:31:661 0 records were writen to database.
09/09 16:34:41:680 1 records were writen to database.
09/09 16:34:51:684 0 records were writen to database.
09/09 16:35:01:695 0 records were writen to database.
09/09 16:35:11:706 0 records were writen to database.
09/09 16:35:21:712 0 records were writen to database.
09/09 16:35:31:715 0 records were writen to database.
09/09 16:35:41:725 0 records were writen to database.
09/09 16:35:51:732 0 records were writen to database.
09/09 16:36:01:735 0 records were writen to database.
09/09 16:36:11:745 0 records were writen to database.
09/09 16:36:21:750 0 records were writen to database.
09/09 16:36:31:757 0 records were writen to database.
09/09 16:36:41:767 0 records were writen to database.
09/09 16:36:51:773 0 records were writen to database.
09/09 16:37:01:782 0 records were writen to database.
09/09 16:37:11:789 0 records were writen to database.
09/09 16:37:21:795 0 records were writen to database.
09/09 16:37:31:797 0 records were writen to database.
09/09 16:37:41:804 0 records were writen to database.
09/09 16:37:51:813 0 records were writen to database.
09/09 16:38:01:816 0 records were writen to database.
09/09 16:38:11:821 0 records were writen to database.
09/09 16:38:21:823 0 records were writen to database.
09/09 16:38:31:833 0 records were writen to database.
09/09 16:38:41:840 0 records were writen to database.
09/09 16:38:51:846 0 records were writen to database.
09/09 16:39:01:848 0 records were writen to database.
09/09 16:39:11:850 0 records were writen to database.
09/09 16:39:29:444 Command Logs started
09/09 16:39:29:680 Starting process session
09/09 16:39:30:037 Total 0 instances are started
09/09 16:39:30:040 Total 1 instances are added
09/09 16:39:40:045 0 records were writen to database.
09/09 16:39:50:054 0 records were writen to database.
09/09 16:40:00:065 0 records were writen to database.
09/09 16:40:10:068 0 records were writen to database.
09/09 16:40:20:077 0 records were writen to database.
09/09 16:40:30:085 0 records were writen to database.
09/09 16:40:40:094 0 records were writen to database.
09/09 16:40:50:099 0 records were writen to database.
09/09 16:41:00:106 0 records were writen to database.
09/09 16:41:10:113 0 records were writen to database.
09/09 16:41:20:124 1 records were writen to database.
09/09 16:41:30:126 0 records were writen to database.
09/09 16:41:40:128 0 records were writen to database.
09/09 16:41:50:136 0 records were writen to database.
09/09 16:42:00:138 0 records were writen to database.
09/09 16:42:10:149 0 records were writen to database.
09/09 16:42:20:153 0 records were writen to database.
09/09 16:42:30:163 0 records were writen to database.
09/09 16:42:40:173 0 records were writen to database.
09/09 16:42:50:179 0 records were writen to database.
09/09 16:43:00:181 0 records were writen to database.
09/09 16:43:10:192 0 records were writen to database.
09/09 16:43:20:197 0 records were writen to database.
09/09 16:43:30:199 0 records were writen to database.
09/09 16:43:40:207 0 records were writen to database.
09/09 16:43:50:216 0 records were writen to database.
09/09 16:44:00:224 0 records were writen to database.
09/09 16:44:10:233 0 records were writen to database.
09/09 16:44:20:244 0 records were writen to database.
09/09 16:44:30:253 0 records were writen to database.
09/09 16:44:40:263 0 records were writen to database.
09/09 16:44:50:273 0 records were writen to database.
09/09 16:45:00:283 0 records were writen to database.
09/09 16:45:10:289 0 records were writen to database.
09/09 16:45:20:295 0 records were writen to database.
09/09 16:45:30:302 0 records were writen to database.
09/09 16:45:40:308 0 records were writen to database.
09/09 16:45:50:317 0 records were writen to database.
09/09 16:46:00:319 0 records were writen to database.
09/09 16:46:10:329 0 records were writen to database.
09/09 16:46:20:339 0 records were writen to database.
09/09 16:46:30:342 0 records were writen to database.
09/09 16:46:40:357 1 records were writen to database.
09/09 16:46:50:367 0 records were writen to database.
09/09 16:47:00:378 0 records were writen to database.
09/09 16:47:10:382 0 records were writen to database.
09/09 16:47:20:391 0 records were writen to database.
09/09 16:47:30:396 0 records were writen to database.
09/09 16:47:40:401 0 records were writen to database.
09/09 16:47:50:421 1 records were writen to database.
09/09 16:48:00:425 0 records were writen to database.
09/09 16:48:10:430 0 records were writen to database.
09/09 16:48:20:446 1 records were writen to database.
09/09 16:48:30:450 0 records were writen to database.
09/09 16:48:40:455 0 records were writen to database.
09/09 16:48:50:458 0 records were writen to database.
09/09 16:49:00:463 0 records were writen to database.
09/09 16:49:10:474 0 records were writen to database.
09/09 16:49:20:485 0 records were writen to database.
09/09 16:49:30:492 0 records were writen to database.
09/09 16:49:40:502 0 records were writen to database.
09/09 16:49:50:511 1 records were writen to database.
09/09 16:50:00:520 0 records were writen to database.
09/09 16:50:10:528 0 records were writen to database.
09/09 16:50:20:533 0 records were writen to database.
09/09 16:50:30:536 0 records were writen to database.
09/09 16:50:40:546 0 records were writen to database.
09/09 16:51:05:456 Command Logs started
09/09 16:51:05:906 Starting process session
09/09 16:51:06:823 Total 0 instances are started
09/09 16:51:06:824 Total 1 instances are added
09/09 16:51:16:893 0 records were writen to database.
09/09 16:51:26:899 0 records were writen to database.
09/09 16:51:36:909 0 records were writen to database.
09/09 16:51:46:917 0 records were writen to database.
09/09 16:51:56:921 0 records were writen to database.
09/09 16:52:06:930 0 records were writen to database.
09/09 16:52:21:759 Command Logs started
09/09 16:52:21:943 Starting process session
09/09 16:52:22:260 Total 0 instances are started
09/09 16:52:22:268 Total 1 instances are added
09/09 16:52:32:267 0 records were writen to database.
09/09 16:52:42:269 0 records were writen to database.
09/09 16:52:52:271 0 records were writen to database.
09/09 16:53:02:288 1 records were writen to database.
09/09 16:53:12:293 0 records were writen to database.
09/09 16:53:22:304 0 records were writen to database.
09/09 16:53:32:313 0 records were writen to database.
09/09 16:53:42:315 0 records were writen to database.
09/09 16:53:52:337 1 records were writen to database.
09/09 16:54:02:345 0 records were writen to database.
09/09 16:54:12:354 0 records were writen to database.
09/09 16:54:22:359 0 records were writen to database.
09/09 16:54:32:364 0 records were writen to database.
09/09 16:54:42:369 0 records were writen to database.
09/09 16:54:52:373 0 records were writen to database.
09/09 16:55:02:380 0 records were writen to database.
09/09 16:55:12:391 0 records were writen to database.
09/09 16:55:22:399 0 records were writen to database.
09/09 16:55:32:408 0 records were writen to database.
09/09 16:55:42:415 0 records were writen to database.
09/09 16:55:52:421 0 records were writen to database.
09/09 16:56:02:427 0 records were writen to database.
09/09 16:56:12:431 0 records were writen to database.
09/09 16:56:22:439 0 records were writen to database.
09/09 16:56:32:446 0 records were writen to database.
09/09 16:56:42:449 0 records were writen to database.
09/09 16:56:52:451 0 records were writen to database.
09/09 16:57:02:457 0 records were writen to database.
09/09 16:57:12:467 0 records were writen to database.
09/09 16:57:22:475 0 records were writen to database.
09/09 16:57:32:484 0 records were writen to database.
09/09 16:57:42:494 0 records were writen to database.
09/09 16:57:52:505 0 records were writen to database.
09/09 16:58:02:515 0 records were writen to database.
09/09 16:58:12:521 0 records were writen to database.
09/09 16:58:22:525 0 records were writen to database.
09/09 16:58:32:538 1 records were writen to database.
09/09 16:58:42:541 0 records were writen to database.
09/09 16:58:52:549 0 records were writen to database.
09/09 16:59:02:559 0 records were writen to database.
09/09 16:59:12:562 0 records were writen to database.
09/09 16:59:22:567 0 records were writen to database.
09/09 16:59:32:574 0 records were writen to database.
09/09 16:59:42:582 0 records were writen to database.
09/09 16:59:52:590 0 records were writen to database.
09/09 17:00:02:600 0 records were writen to database.
09/09 17:00:12:604 0 records were writen to database.
09/09 17:00:22:615 0 records were writen to database.
09/09 17:00:32:618 0 records were writen to database.
09/09 17:00:42:626 0 records were writen to database.
09/09 17:00:52:636 0 records were writen to database.
09/09 17:01:02:645 0 records were writen to database.
09/09 17:01:12:654 0 records were writen to database.
09/09 17:01:22:662 0 records were writen to database.
09/09 17:01:32:672 0 records were writen to database.
09/09 17:01:42:679 0 records were writen to database.
09/09 17:01:52:689 0 records were writen to database.
09/09 17:02:02:695 0 records were writen to database.
09/09 17:02:12:698 0 records were writen to database.
09/09 17:02:22:706 0 records were writen to database.
09/09 17:02:32:714 0 records were writen to database.
09/09 17:02:42:716 0 records were writen to database.
09/09 17:02:52:727 0 records were writen to database.
09/09 17:03:02:729 0 records were writen to database.
09/09 17:03:12:733 0 records were writen to database.
09/09 17:03:22:738 0 records were writen to database.
09/09 17:03:32:748 0 records were writen to database.
09/09 17:03:42:751 0 records were writen to database.
09/09 17:03:52:761 0 records were writen to database.
09/09 17:04:02:770 0 records were writen to database.
09/09 17:04:12:772 0 records were writen to database.
09/09 17:04:50:871 Command Logs started
09/09 17:04:51:185 Starting process session
09/09 17:04:51:515 Total 0 instances are started
09/09 17:04:51:516 Total 1 instances are added
09/09 17:05:01:522 0 records were writen to database.
09/09 17:05:11:527 0 records were writen to database.
09/09 17:05:21:534 0 records were writen to database.
09/09 17:05:31:544 0 records were writen to database.
09/09 17:05:41:552 0 records were writen to database.
09/09 17:05:51:555 0 records were writen to database.
09/09 17:06:01:559 0 records were writen to database.
09/09 17:06:11:561 0 records were writen to database.
09/09 17:06:21:569 0 records were writen to database.
09/09 17:06:31:577 0 records were writen to database.
09/09 17:06:41:587 0 records were writen to database.
09/09 17:06:51:594 0 records were writen to database.
09/09 17:07:01:607 0 records were writen to database.
09/09 17:07:11:613 0 records were writen to database.
09/09 17:07:21:624 0 records were writen to database.
09/09 17:07:31:628 0 records were writen to database.
09/09 17:07:41:631 0 records were writen to database.
09/09 17:07:51:637 0 records were writen to database.
09/09 17:08:01:646 0 records were writen to database.
09/09 17:08:11:650 0 records were writen to database.
09/09 17:08:21:656 0 records were writen to database.
09/09 17:08:31:661 0 records were writen to database.
09/09 17:08:41:665 0 records were writen to database.
09/09 17:08:51:668 0 records were writen to database.
09/09 17:09:01:672 0 records were writen to database.
09/09 17:09:11:681 0 records were writen to database.
09/09 17:09:21:690 0 records were writen to database.
09/09 17:09:31:693 0 records were writen to database.
09/09 17:09:41:699 0 records were writen to database.
09/09 17:09:51:707 0 records were writen to database.
09/09 17:10:01:710 0 records were writen to database.
09/09 17:10:11:712 0 records were writen to database.
09/09 17:10:21:719 0 records were writen to database.
09/09 17:10:31:729 0 records were writen to database.
09/09 17:10:41:737 0 records were writen to database.
09/09 17:10:51:741 0 records were writen to database.
09/09 17:11:01:746 0 records were writen to database.
09/09 17:11:11:750 0 records were writen to database.
09/09 17:11:21:755 0 records were writen to database.
09/09 17:11:31:764 0 records were writen to database.
09/09 17:11:41:773 0 records were writen to database.
09/09 17:11:51:780 0 records were writen to database.
09/09 17:12:01:783 0 records were writen to database.
09/09 17:12:11:786 0 records were writen to database.
09/09 17:12:21:792 0 records were writen to database.
09/09 17:12:31:799 0 records were writen to database.
09/09 17:12:41:808 0 records were writen to database.
09/09 17:12:51:818 0 records were writen to database.
09/09 17:13:01:820 0 records were writen to database.
09/09 17:13:11:822 0 records were writen to database.
09/09 17:13:21:825 0 records were writen to database.
09/09 17:13:31:832 0 records were writen to database.
09/09 17:13:41:839 0 records were writen to database.
09/09 17:13:51:848 0 records were writen to database.
09/09 17:14:01:855 0 records were writen to database.
09/09 17:14:11:857 0 records were writen to database.
09/09 17:14:21:861 0 records were writen to database.
09/09 17:14:31:870 0 records were writen to database.
09/09 17:14:41:872 0 records were writen to database.
09/09 17:14:51:876 0 records were writen to database.
09/09 17:15:19:095 Command Logs started
09/09 17:15:19:260 Starting process session
09/09 17:15:19:457 Total 0 instances are started
09/09 17:15:19:457 Total 1 instances are added
09/09 17:15:29:463 0 records were writen to database.
09/09 17:15:39:472 0 records were writen to database.
09/09 17:15:49:483 0 records were writen to database.
09/09 17:15:59:492 0 records were writen to database.
09/09 17:16:09:496 0 records were writen to database.
09/09 17:16:19:505 0 records were writen to database.
09/09 17:16:29:514 0 records were writen to database.
09/09 17:16:39:519 0 records were writen to database.
09/09 17:16:49:528 0 records were writen to database.
09/09 17:16:59:539 0 records were writen to database.
09/09 17:17:09:549 0 records were writen to database.
09/09 17:17:19:552 0 records were writen to database.
09/09 17:17:29:555 0 records were writen to database.
09/09 17:19:28:066 Command Logs started
09/09 17:19:28:459 Starting process session
09/09 17:19:28:670 Total 0 instances are started
09/09 17:19:28:673 Total 1 instances are added
09/09 17:19:38:675 0 records were writen to database.
09/09 17:19:48:682 0 records were writen to database.
09/09 17:19:58:685 0 records were writen to database.
09/09 17:20:08:688 0 records were writen to database.
09/09 17:20:18:695 0 records were writen to database.
09/09 17:20:28:701 0 records were writen to database.
09/09 17:20:38:707 0 records were writen to database.
09/09 17:20:48:713 0 records were writen to database.
09/09 17:20:58:715 0 records were writen to database.
09/09 17:21:08:718 0 records were writen to database.
09/09 17:21:18:720 0 records were writen to database.
09/09 17:21:28:728 0 records were writen to database.
09/09 17:21:38:732 0 records were writen to database.
09/09 17:21:48:742 0 records were writen to database.
09/09 17:21:58:753 0 records were writen to database.
09/09 17:22:08:761 0 records were writen to database.
09/09 17:22:18:764 0 records were writen to database.
09/09 17:22:28:772 0 records were writen to database.
09/09 17:22:38:774 0 records were writen to database.
09/09 17:22:48:783 0 records were writen to database.
09/09 17:22:58:790 0 records were writen to database.
09/09 17:23:08:795 0 records were writen to database.
09/09 17:23:18:804 0 records were writen to database.
09/09 17:23:28:815 0 records were writen to database.
09/09 17:23:38:822 0 records were writen to database.
09/09 17:23:48:829 0 records were writen to database.
09/09 17:23:58:837 0 records were writen to database.
09/09 17:24:08:843 0 records were writen to database.
09/09 17:24:18:845 0 records were writen to database.
09/09 17:24:28:847 0 records were writen to database.
09/09 17:24:38:856 0 records were writen to database.
09/09 17:25:14:894 Command Logs started
09/09 17:25:15:065 Starting process session
09/09 17:25:15:175 Total 0 instances are started
09/09 17:25:15:176 Total 1 instances are added
09/09 17:25:25:176 0 records were writen to database.
09/09 17:25:35:185 0 records were writen to database.
09/09 17:25:45:190 0 records were writen to database.
09/09 17:25:55:198 0 records were writen to database.
09/09 17:26:05:209 0 records were writen to database.
09/09 17:26:15:220 0 records were writen to database.
09/09 17:26:25:231 0 records were writen to database.
09/09 17:26:35:239 0 records were writen to database.
09/09 17:26:45:249 0 records were writen to database.
09/09 17:26:55:260 0 records were writen to database.
09/09 17:27:05:265 0 records were writen to database.
09/09 17:27:15:274 0 records were writen to database.
09/09 17:27:25:278 0 records were writen to database.
09/09 17:27:35:288 0 records were writen to database.
09/09 17:27:45:290 0 records were writen to database.
09/09 17:27:55:295 0 records were writen to database.
09/09 17:28:05:305 0 records were writen to database.
09/09 17:28:15:310 0 records were writen to database.
09/09 17:28:25:314 0 records were writen to database.
09/09 17:28:43:554 Command Logs started
09/09 17:28:43:575 Starting process session
09/09 17:28:43:757 Total 0 instances are started
09/09 17:28:43:763 Total 1 instances are added
09/09 17:28:53:764 0 records were writen to database.
09/09 17:29:03:769 0 records were writen to database.
09/09 17:29:13:774 0 records were writen to database.
09/09 17:29:23:776 0 records were writen to database.
09/09 17:29:33:780 0 records were writen to database.
09/09 17:29:43:791 0 records were writen to database.
09/09 17:29:53:795 0 records were writen to database.
09/09 17:31:12:340 Command Logs started
09/09 17:31:12:716 Starting process session
09/09 17:31:12:853 Total 0 instances are started
09/09 17:31:12:854 Total 1 instances are added
09/09 17:31:22:861 0 records were writen to database.
09/09 17:31:32:871 0 records were writen to database.
09/09 17:31:42:874 0 records were writen to database.
09/09 17:31:52:876 0 records were writen to database.
09/09 17:32:02:879 0 records were writen to database.
09/09 17:32:12:888 0 records were writen to database.
09/09 17:32:22:892 0 records were writen to database.
09/09 17:32:32:899 0 records were writen to database.
09/09 17:32:42:902 0 records were writen to database.
09/09 17:32:52:904 0 records were writen to database.
09/09 17:33:02:911 0 records were writen to database.
09/09 17:33:12:920 0 records were writen to database.
09/09 17:33:22:930 0 records were writen to database.
09/09 17:33:32:935 0 records were writen to database.
09/09 17:33:42:944 0 records were writen to database.
09/09 17:33:52:955 0 records were writen to database.
09/09 17:34:02:963 0 records were writen to database.
09/09 17:34:12:969 0 records were writen to database.
09/09 17:34:22:971 0 records were writen to database.
09/09 17:34:32:977 0 records were writen to database.
09/09 17:34:42:988 0 records were writen to database.
09/09 17:34:52:995 0 records were writen to database.
09/09 17:35:02:997 0 records were writen to database.
09/09 17:35:13:007 0 records were writen to database.
09/09 17:35:23:018 0 records were writen to database.
09/09 17:35:33:024 0 records were writen to database.
09/09 17:35:43:026 0 records were writen to database.
09/09 17:35:53:035 0 records were writen to database.
09/09 17:36:03:043 0 records were writen to database.
09/09 17:36:13:047 0 records were writen to database.
09/09 17:36:23:050 0 records were writen to database.
09/09 17:36:33:059 0 records were writen to database.
09/09 17:36:43:070 0 records were writen to database.
09/09 17:36:53:078 0 records were writen to database.
09/09 17:37:03:080 0 records were writen to database.
09/09 17:37:13:090 0 records were writen to database.
09/09 17:37:23:095 0 records were writen to database.
09/09 17:37:33:101 0 records were writen to database.
09/09 17:37:43:105 0 records were writen to database.
09/09 17:37:53:108 0 records were writen to database.
09/09 17:38:03:111 0 records were writen to database.
09/09 17:38:13:114 0 records were writen to database.
09/09 17:38:23:122 0 records were writen to database.
09/09 17:38:33:128 0 records were writen to database.
09/09 17:38:43:139 0 records were writen to database.
09/09 17:38:53:155 0 records were writen to database.
09/09 17:39:03:166 0 records were writen to database.
09/09 17:39:13:176 0 records were writen to database.
09/09 17:39:23:184 0 records were writen to database.
09/09 17:39:33:194 0 records were writen to database.
09/09 17:39:43:204 0 records were writen to database.
09/09 17:39:53:207 0 records were writen to database.
09/09 17:40:03:215 0 records were writen to database.
09/09 17:40:13:220 0 records were writen to database.
09/09 17:40:23:223 0 records were writen to database.
09/09 17:40:33:225 0 records were writen to database.
09/09 17:40:43:236 0 records were writen to database.
09/09 17:40:53:238 0 records were writen to database.
09/09 17:41:03:242 0 records were writen to database.
09/09 17:41:13:252 0 records were writen to database.
09/09 17:41:23:258 0 records were writen to database.
09/09 17:41:33:265 0 records were writen to database.
09/09 17:41:43:270 0 records were writen to database.
09/09 17:41:53:276 0 records were writen to database.
09/09 17:42:03:281 0 records were writen to database.
09/09 17:42:13:290 0 records were writen to database.
09/09 17:42:23:295 0 records were writen to database.
09/09 17:42:33:302 0 records were writen to database.
09/09 17:42:43:307 0 records were writen to database.
09/09 17:42:53:317 0 records were writen to database.
09/09 17:43:03:323 0 records were writen to database.
09/09 17:43:13:325 0 records were writen to database.
09/09 17:43:23:330 0 records were writen to database.
09/09 17:43:33:334 0 records were writen to database.
09/09 17:43:43:340 0 records were writen to database.
09/09 17:43:53:349 0 records were writen to database.
09/09 17:44:03:351 0 records were writen to database.
09/09 17:44:13:355 0 records were writen to database.
09/09 17:44:23:359 0 records were writen to database.
09/09 17:44:33:369 0 records were writen to database.
09/09 17:44:43:380 0 records were writen to database.
09/09 17:44:53:385 0 records were writen to database.
09/09 17:45:03:394 0 records were writen to database.
09/09 17:45:13:399 0 records were writen to database.
09/09 17:45:23:410 0 records were writen to database.
09/09 17:45:33:417 0 records were writen to database.
09/09 17:45:43:420 0 records were writen to database.
09/09 17:45:53:422 0 records were writen to database.
09/09 17:46:03:433 0 records were writen to database.
09/09 17:46:13:440 0 records were writen to database.
09/09 17:46:23:448 0 records were writen to database.
09/09 17:46:33:456 0 records were writen to database.
09/09 17:46:43:459 0 records were writen to database.
09/09 17:46:53:461 0 records were writen to database.
09/09 17:47:03:472 0 records were writen to database.
09/09 17:47:13:483 0 records were writen to database.
09/09 17:47:23:486 0 records were writen to database.
09/09 17:47:33:495 0 records were writen to database.
09/09 17:47:43:500 0 records were writen to database.
09/09 17:47:53:505 0 records were writen to database.
09/09 17:48:03:507 0 records were writen to database.
09/09 17:48:40:518 Command Logs started
09/09 17:48:40:615 Starting process session
09/09 17:48:40:861 Total 0 instances are started
09/09 17:48:40:864 Total 1 instances are added
09/09 17:48:50:863 0 records were writen to database.
09/09 17:49:00:865 0 records were writen to database.
09/09 17:49:10:869 0 records were writen to database.
09/09 17:49:20:879 0 records were writen to database.
09/09 17:49:30:881 0 records were writen to database.
09/09 17:49:40:892 0 records were writen to database.
09/09 17:49:50:899 0 records were writen to database.
09/09 17:50:00:906 0 records were writen to database.
09/09 17:50:10:913 0 records were writen to database.
09/09 17:50:20:916 0 records were writen to database.
09/09 17:50:30:926 0 records were writen to database.
09/09 17:50:40:932 0 records were writen to database.
09/09 17:50:50:934 0 records were writen to database.
09/09 17:51:00:941 0 records were writen to database.
09/09 17:51:10:980 0 records were writen to database.
09/09 17:51:20:987 0 records were writen to database.
09/09 17:52:53:106 Command Logs started
09/09 17:52:53:309 Starting process session
09/09 17:52:53:436 Total 0 instances are started
09/09 17:52:53:439 Total 1 instances are added
09/09 17:53:03:437 0 records were writen to database.
09/09 17:53:13:443 0 records were writen to database.
09/09 17:53:23:451 0 records were writen to database.
09/09 17:53:33:457 0 records were writen to database.
09/09 17:53:43:460 0 records were writen to database.
09/09 17:53:53:465 0 records were writen to database.
09/09 17:54:03:471 0 records were writen to database.
09/09 17:54:13:481 0 records were writen to database.
09/09 17:54:23:484 0 records were writen to database.
09/09 17:54:33:492 0 records were writen to database.
09/09 17:54:43:496 0 records were writen to database.
09/09 17:54:53:501 0 records were writen to database.
09/09 17:55:03:503 0 records were writen to database.
09/09 17:55:13:510 0 records were writen to database.
09/09 17:55:23:519 0 records were writen to database.
09/09 17:55:33:523 0 records were writen to database.
09/09 17:55:43:526 0 records were writen to database.
09/09 17:55:53:536 0 records were writen to database.
09/09 17:56:03:542 0 records were writen to database.
09/09 17:56:13:547 0 records were writen to database.
09/09 17:56:23:553 0 records were writen to database.
09/09 17:56:33:558 0 records were writen to database.
09/09 17:56:43:561 0 records were writen to database.
09/09 17:56:53:566 0 records were writen to database.
09/09 17:57:03:574 0 records were writen to database.
09/09 17:57:13:577 0 records were writen to database.
09/09 17:57:23:588 0 records were writen to database.
09/09 17:57:33:593 0 records were writen to database.
09/09 17:57:43:598 0 records were writen to database.
09/09 17:57:53:609 0 records were writen to database.
09/09 17:58:03:617 0 records were writen to database.
09/09 17:58:13:624 0 records were writen to database.
09/09 17:58:23:629 0 records were writen to database.
09/09 17:58:33:792 0 records were writen to database.
09/09 17:58:43:799 0 records were writen to database.
09/09 17:58:53:804 0 records were writen to database.
09/09 17:59:03:812 0 records were writen to database.
09/09 17:59:13:822 0 records were writen to database.
09/09 17:59:23:826 0 records were writen to database.
09/09 17:59:33:837 0 records were writen to database.
09/09 17:59:43:846 0 records were writen to database.
09/09 17:59:53:848 0 records were writen to database.
09/09 18:00:03:859 0 records were writen to database.
09/09 18:00:13:870 0 records were writen to database.
09/09 18:00:23:883 0 records were writen to database.
09/09 18:00:33:889 0 records were writen to database.
09/09 18:00:43:893 0 records were writen to database.
09/09 18:00:53:901 0 records were writen to database.
09/09 18:01:03:910 0 records were writen to database.
09/09 18:01:13:912 0 records were writen to database.
09/09 18:01:23:915 0 records were writen to database.
09/09 18:01:33:924 0 records were writen to database.
09/09 18:01:43:932 0 records were writen to database.
09/09 18:01:53:939 0 records were writen to database.
09/09 18:02:03:942 0 records were writen to database.
09/09 18:02:13:944 0 records were writen to database.
09/09 18:02:23:950 0 records were writen to database.
09/09 18:02:33:961 0 records were writen to database.
09/09 18:02:43:964 0 records were writen to database.
09/09 18:02:53:975 0 records were writen to database.
09/09 18:03:03:982 0 records were writen to database.
09/09 18:03:13:989 0 records were writen to database.
09/09 18:03:23:995 0 records were writen to database.
09/09 18:03:34:004 0 records were writen to database.
09/09 18:03:44:012 0 records were writen to database.
09/09 18:03:54:019 0 records were writen to database.
09/09 18:04:04:028 0 records were writen to database.
09/09 18:04:14:031 0 records were writen to database.
09/09 18:04:24:037 0 records were writen to database.
09/09 18:04:34:039 0 records were writen to database.
09/09 18:04:44:048 0 records were writen to database.
09/09 18:04:54:052 0 records were writen to database.
09/09 18:05:04:054 0 records were writen to database.
09/09 18:05:14:057 0 records were writen to database.
09/09 18:05:24:063 0 records were writen to database.
09/09 18:05:34:069 0 records were writen to database.
09/09 18:05:44:076 0 records were writen to database.
09/09 18:05:54:080 0 records were writen to database.
09/09 18:06:12:574 Command Logs started
09/09 18:06:12:597 Starting process session
09/09 18:06:12:716 Total 0 instances are started
09/09 18:06:12:719 Total 1 instances are added
09/09 18:06:22:722 0 records were writen to database.
09/09 18:06:32:725 0 records were writen to database.
09/09 18:06:42:738 0 records were writen to database.
09/09 18:06:52:741 0 records were writen to database.
09/09 18:07:02:744 0 records were writen to database.
09/09 18:07:58:917 Command Logs started
09/09 18:07:59:090 Starting process session
09/09 18:08:00:339 Total 0 instances are started
09/09 18:08:00:340 Total 1 instances are added
09/09 18:08:10:348 0 records were writen to database.
09/09 18:08:20:361 0 records were writen to database.
09/09 18:08:30:369 0 records were writen to database.
09/09 18:08:40:378 0 records were writen to database.
09/09 18:08:50:381 0 records were writen to database.
09/09 18:09:00:387 0 records were writen to database.
09/09 18:09:10:398 0 records were writen to database.
09/09 18:09:23:333 Command Logs started
09/09 18:09:23:540 Starting process session
09/09 18:09:23:681 Total 0 instances are started
09/09 18:09:23:683 Total 1 instances are added
09/09 18:09:33:696 0 records were writen to database.
09/09 18:10:10:813 Command Logs started
09/09 18:10:10:978 Starting process session
09/09 18:10:12:000 Total 0 instances are started
09/09 18:10:12:004 Total 1 instances are added
09/09 18:10:22:005 0 records were writen to database.
09/09 18:10:41:750 Command Logs started
09/09 18:10:42:051 Starting process session
09/09 18:10:42:183 Total 0 instances are started
09/09 18:10:42:184 Total 1 instances are added
09/09 18:10:56:730 Command Logs started
09/09 18:10:56:848 Starting process session
09/09 18:10:58:072 Total 0 instances are started
09/09 18:10:58:072 Total 1 instances are added
09/09 18:11:08:075 0 records were writen to database.
09/09 18:11:18:078 0 records were writen to database.
09/09 18:11:28:080 0 records were writen to database.
09/09 18:11:38:090 0 records were writen to database.
09/09 18:11:48:095 0 records were writen to database.
09/09 18:11:58:101 0 records were writen to database.
09/09 18:12:08:111 0 records were writen to database.
09/09 18:12:18:113 0 records were writen to database.
09/09 18:12:28:115 0 records were writen to database.
09/09 18:12:38:118 0 records were writen to database.
09/09 18:12:48:129 0 records were writen to database.
09/09 18:12:58:138 0 records were writen to database.
09/09 18:13:08:149 0 records were writen to database.
09/09 18:13:18:159 0 records were writen to database.
09/09 18:13:28:168 0 records were writen to database.
09/09 18:13:38:175 0 records were writen to database.
09/09 18:13:48:186 0 records were writen to database.
09/09 18:13:58:191 0 records were writen to database.
09/09 18:14:08:196 0 records were writen to database.
09/09 18:14:18:198 0 records were writen to database.
09/09 18:14:28:202 0 records were writen to database.
09/09 18:14:38:208 0 records were writen to database.
09/09 18:14:48:217 0 records were writen to database.
09/09 18:14:58:222 0 records were writen to database.
09/09 18:15:08:228 0 records were writen to database.
09/09 18:15:18:237 0 records were writen to database.
09/09 18:16:35:929 Command Logs started
09/09 18:16:36:066 Starting process session
09/09 18:16:37:161 Total 0 instances are started
09/09 18:16:37:161 Total 1 instances are added
09/09 18:16:37:272 Total 0 instances are started
09/09 18:16:37:273 Total 1 instances are added
09/09 18:16:37:945 Total 0 instances are started
09/09 18:16:37:945 Total 1 instances are added
09/09 18:16:47:953 0 records were writen to database.
09/09 18:16:57:963 0 records were writen to database.
09/09 18:17:07:970 0 records were writen to database.
09/09 18:17:17:980 0 records were writen to database.
09/09 18:17:27:984 0 records were writen to database.
09/09 18:17:37:985 0 records were writen to database.
09/09 18:17:47:986 0 records were writen to database.
09/09 18:17:57:992 0 records were writen to database.
09/09 18:18:07:996 0 records were writen to database.
09/09 18:18:18:002 0 records were writen to database.
09/09 18:18:28:005 0 records were writen to database.
09/09 18:18:38:011 0 records were writen to database.
09/09 18:18:48:018 0 records were writen to database.
09/09 18:18:58:022 0 records were writen to database.
09/09 18:19:08:029 0 records were writen to database.
09/09 18:19:18:033 0 records were writen to database.
09/09 18:19:28:037 0 records were writen to database.
09/09 18:20:07:329 Command Logs started
09/09 18:20:07:554 Starting process session
09/09 18:20:07:927 Total 0 instances are started
09/09 18:20:07:928 Total 1 instances are added
09/09 18:20:17:935 0 records were writen to database.
09/09 18:20:27:941 0 records were writen to database.
09/09 18:20:37:947 0 records were writen to database.
09/09 18:20:47:957 0 records were writen to database.
09/09 18:20:57:968 0 records were writen to database.
09/09 18:21:07:975 0 records were writen to database.
09/09 18:21:17:979 0 records were writen to database.
09/09 18:21:27:990 0 records were writen to database.
09/09 18:21:38:001 0 records were writen to database.
09/09 18:21:48:010 0 records were writen to database.
09/09 18:21:58:019 0 records were writen to database.
09/09 18:22:08:029 0 records were writen to database.
09/09 18:22:18:031 0 records were writen to database.
09/09 18:22:28:039 0 records were writen to database.
09/09 18:22:38:050 0 records were writen to database.
09/09 18:22:48:057 0 records were writen to database.
09/09 18:22:58:064 0 records were writen to database.
09/09 18:23:08:069 0 records were writen to database.
09/09 18:23:18:077 0 records were writen to database.
