12/12 14:37:13:015 Bind Transmitter 01 started
12/12 14:50:43:893 Bind Transmitter 01 started
12/12 14:50:44:569 Testing connection ...
12/12 14:50:44:673 Connecting to SMSC 
12/12 14:50:44:762 Bind request (bindreq: (pdu: 0 2 0 [1]) PPV ppv@321 SMPP 52 (addrrang: 1 1 345) ) 
12/12 14:50:44:808 Bind response (bindresp: (pdu: 36 80000002 0 1) ANAM_ESME_LINK 52) 
12/12 14:50:44:813 SMSC connection is established 
12/12 14:50:44:817 Created provisioning instance for SMSC
12/12 14:50:44:820 Testing connection are success
12/12 14:50:44:825 Starting process session
12/12 14:51:14:569 Enquirelink request: (enquirelink: (pdu: 0 15 0 [2]) ) 
12/12 14:51:14:599 Enquirelink response: (enquirelink_resp: (pdu: 16 80000015 0 2) ) 
12/12 14:51:44:568 Enquirelink request: (enquirelink: (pdu: 0 15 0 [3]) ) 
12/12 14:51:44:577 Enquirelink response: (enquirelink_resp: (pdu: 16 80000015 0 3) ) 
12/12 14:52:14:569 Enquirelink request: (enquirelink: (pdu: 0 15 0 [4]) ) 
12/12 14:52:14:576 Enquirelink response: (enquirelink_resp: (pdu: 16 80000015 0 4) ) 
12/12 14:52:44:573 Enquirelink request: (enquirelink: (pdu: 0 15 0 [5]) ) 
12/12 14:52:44:579 Enquirelink response: (enquirelink_resp: (pdu: 16 80000015 0 5) ) 
12/12 14:53:14:573 Enquirelink request: (enquirelink: (pdu: 0 15 0 [6]) ) 
12/12 14:53:14:581 Enquirelink response: (enquirelink_resp: (pdu: 16 80000015 0 6) ) 
12/12 14:53:44:575 Enquirelink request: (enquirelink: (pdu: 0 15 0 [7]) ) 
12/12 14:53:44:581 Enquirelink response: (enquirelink_resp: (pdu: 16 80000015 0 7) ) 
12/12 14:54:14:576 Enquirelink request: (enquirelink: (pdu: 0 15 0 [8]) ) 
12/12 14:54:14:592 Enquirelink response: (enquirelink_resp: (pdu: 16 80000015 0 8) ) 
12/12 14:54:44:577 Enquirelink request: (enquirelink: (pdu: 0 15 0 [9]) ) 
12/12 14:54:44:587 Enquirelink response: (enquirelink_resp: (pdu: 16 80000015 0 9) ) 
12/12 14:55:14:578 Enquirelink request: (enquirelink: (pdu: 0 15 0 [10]) ) 
12/12 14:55:14:587 Enquirelink response: (enquirelink_resp: (pdu: 16 80000015 0 10) ) 
12/12 14:55:44:579 Enquirelink request: (enquirelink: (pdu: 0 15 0 [11]) ) 
12/12 14:55:44:584 Enquirelink response: (enquirelink_resp: (pdu: 16 80000015 0 11) ) 
12/12 14:56:14:579 Enquirelink request: (enquirelink: (pdu: 0 15 0 [12]) ) 
12/12 14:56:14:586 Enquirelink response: (enquirelink_resp: (pdu: 16 80000015 0 12) ) 
12/12 14:56:44:580 Enquirelink request: (enquirelink: (pdu: 0 15 0 [13]) ) 
12/12 14:56:44:585 Enquirelink response: (enquirelink_resp: (pdu: 16 80000015 0 13) ) 
12/12 14:57:14:581 Enquirelink request: (enquirelink: (pdu: 0 15 0 [14]) ) 
12/12 14:57:14:589 Enquirelink response: (enquirelink_resp: (pdu: 16 80000015 0 14) ) 
12/12 14:57:44:582 Enquirelink request: (enquirelink: (pdu: 0 15 0 [15]) ) 
12/12 14:57:44:590 Enquirelink response: (enquirelink_resp: (pdu: 16 80000015 0 15) ) 
12/12 14:58:14:583 Enquirelink request: (enquirelink: (pdu: 0 15 0 [16]) ) 
12/12 14:58:14:592 Enquirelink response: (enquirelink_resp: (pdu: 16 80000015 0 16) ) 
12/12 14:58:44:584 Enquirelink request: (enquirelink: (pdu: 0 15 0 [17]) ) 
12/12 14:58:44:593 Enquirelink response: (enquirelink_resp: (pdu: 16 80000015 0 17) ) 
12/12 14:59:14:584 Enquirelink request: (enquirelink: (pdu: 0 15 0 [18]) ) 
12/12 14:59:14:592 Enquirelink response: (enquirelink_resp: (pdu: 16 80000015 0 18) ) 
12/12 14:59:44:585 Enquirelink request: (enquirelink: (pdu: 0 15 0 [19]) ) 
12/12 14:59:44:594 Enquirelink response: (enquirelink_resp: (pdu: 16 80000015 0 19) ) 
12/12 15:00:14:586 Enquirelink request: (enquirelink: (pdu: 0 15 0 [20]) ) 
12/12 15:00:14:598 Enquirelink response: (enquirelink_resp: (pdu: 16 80000015 0 20) ) 
12/12 15:00:44:587 Enquirelink request: (enquirelink: (pdu: 0 15 0 [21]) ) 
12/12 15:00:44:592 Enquirelink response: (enquirelink_resp: (pdu: 16 80000015 0 21) ) 
12/12 15:01:01:095 Close pool
12/12 15:01:01:102 It can take a while to stop.
12/12 15:01:01:126 Thread destroyed
12/12 15:01:01:137 Unbind response (unbind_resp: (pdu: 16 80000006 0 22) ) 
12/12 15:01:01:141 End of process session
12/12 15:03:37:208 Bind Transmitter 01 started
12/12 15:03:37:713 Testing connection ...
12/12 15:03:37:725 Connecting to SMSC 
12/12 15:03:37:756 Bind request (bindreq: (pdu: 0 2 0 [1]) PPV ppv@321 SMPP 52 (addrrang: 1 1 345) ) 
12/12 15:03:37:770 Bind response (bindresp: (pdu: 36 80000002 0 1) ANAM_ESME_LINK 52) 
12/12 15:03:37:773 SMSC connection is established 
12/12 15:03:37:776 Created provisioning instance for SMSC
12/12 15:03:37:780 Testing connection are success
12/12 15:03:37:783 Starting process session
12/12 15:04:07:718 Enquirelink request: (enquirelink: (pdu: 0 15 0 [2]) ) 
12/12 15:04:07:729 Enquirelink response: (enquirelink_resp: (pdu: 16 80000015 0 2) ) 
12/12 15:04:37:715 Enquirelink request: (enquirelink: (pdu: 0 15 0 [3]) ) 
12/12 15:04:37:722 Enquirelink response: (enquirelink_resp: (pdu: 16 80000015 0 3) ) 
12/12 15:05:07:716 Enquirelink request: (enquirelink: (pdu: 0 15 0 [4]) ) 
12/12 15:05:07:724 Enquirelink response: (enquirelink_resp: (pdu: 16 80000015 0 4) ) 
12/12 15:05:37:717 Enquirelink request: (enquirelink: (pdu: 0 15 0 [5]) ) 
12/12 15:05:37:725 Enquirelink response: (enquirelink_resp: (pdu: 16 80000015 0 5) ) 
12/12 15:06:07:718 Enquirelink request: (enquirelink: (pdu: 0 15 0 [6]) ) 
12/12 15:06:07:726 Enquirelink response: (enquirelink_resp: (pdu: 16 80000015 0 6) ) 
12/12 15:06:37:719 Enquirelink request: (enquirelink: (pdu: 0 15 0 [7]) ) 
12/12 15:06:37:727 Enquirelink response: (enquirelink_resp: (pdu: 16 80000015 0 7) ) 
12/12 15:07:07:720 Enquirelink request: (enquirelink: (pdu: 0 15 0 [8]) ) 
12/12 15:07:07:729 Enquirelink response: (enquirelink_resp: (pdu: 16 80000015 0 8) ) 
12/12 15:07:37:720 Enquirelink request: (enquirelink: (pdu: 0 15 0 [9]) ) 
12/12 15:07:37:732 Enquirelink response: (enquirelink_resp: (pdu: 16 80000015 0 9) ) 
12/12 15:08:07:721 Enquirelink request: (enquirelink: (pdu: 0 15 0 [10]) ) 
12/12 15:08:07:726 Enquirelink response: (enquirelink_resp: (pdu: 16 80000015 0 10) ) 
12/12 15:08:37:722 Enquirelink request: (enquirelink: (pdu: 0 15 0 [11]) ) 
12/12 15:08:37:727 Enquirelink response: (enquirelink_resp: (pdu: 16 80000015 0 11) ) 
12/12 15:09:07:723 Enquirelink request: (enquirelink: (pdu: 0 15 0 [12]) ) 
12/12 15:09:07:728 Enquirelink response: (enquirelink_resp: (pdu: 16 80000015 0 12) ) 
12/12 15:09:37:724 Enquirelink request: (enquirelink: (pdu: 0 15 0 [13]) ) 
12/12 15:09:37:731 Enquirelink response: (enquirelink_resp: (pdu: 16 80000015 0 13) ) 
12/12 15:10:07:725 Enquirelink request: (enquirelink: (pdu: 0 15 0 [14]) ) 
12/12 15:10:07:732 Enquirelink response: (enquirelink_resp: (pdu: 16 80000015 0 14) ) 
12/12 15:10:37:726 Enquirelink request: (enquirelink: (pdu: 0 15 0 [15]) ) 
12/12 15:10:37:734 Enquirelink response: (enquirelink_resp: (pdu: 16 80000015 0 15) ) 
12/12 15:11:07:726 Enquirelink request: (enquirelink: (pdu: 0 15 0 [16]) ) 
12/12 15:11:07:732 Enquirelink response: (enquirelink_resp: (pdu: 16 80000015 0 16) ) 
12/12 15:11:37:727 Enquirelink request: (enquirelink: (pdu: 0 15 0 [17]) ) 
12/12 15:11:37:734 Enquirelink response: (enquirelink_resp: (pdu: 16 80000015 0 17) ) 
12/12 15:12:07:728 Enquirelink request: (enquirelink: (pdu: 0 15 0 [18]) ) 
12/12 15:12:07:734 Enquirelink response: (enquirelink_resp: (pdu: 16 80000015 0 18) ) 
12/12 15:12:37:729 Enquirelink request: (enquirelink: (pdu: 0 15 0 [19]) ) 
12/12 15:12:37:737 Enquirelink response: (enquirelink_resp: (pdu: 16 80000015 0 19) ) 
12/12 15:13:07:730 Enquirelink request: (enquirelink: (pdu: 0 15 0 [20]) ) 
12/12 15:13:07:738 Enquirelink response: (enquirelink_resp: (pdu: 16 80000015 0 20) ) 
12/12 15:13:37:731 Enquirelink request: (enquirelink: (pdu: 0 15 0 [21]) ) 
12/12 15:13:37:738 Enquirelink response: (enquirelink_resp: (pdu: 16 80000015 0 21) ) 
12/12 15:14:07:732 Enquirelink request: (enquirelink: (pdu: 0 15 0 [22]) ) 
12/12 15:14:07:737 Enquirelink response: (enquirelink_resp: (pdu: 16 80000015 0 22) ) 
12/12 15:14:37:733 Enquirelink request: (enquirelink: (pdu: 0 15 0 [23]) ) 
12/12 15:14:37:739 Enquirelink response: (enquirelink_resp: (pdu: 16 80000015 0 23) ) 
12/12 15:15:07:734 Enquirelink request: (enquirelink: (pdu: 0 15 0 [24]) ) 
12/12 15:15:07:741 Enquirelink response: (enquirelink_resp: (pdu: 16 80000015 0 24) ) 
12/12 15:15:37:735 Enquirelink request: (enquirelink: (pdu: 0 15 0 [25]) ) 
12/12 15:15:37:742 Enquirelink response: (enquirelink_resp: (pdu: 16 80000015 0 25) ) 
12/12 15:16:07:736 Enquirelink request: (enquirelink: (pdu: 0 15 0 [26]) ) 
12/12 15:16:07:743 Enquirelink response: (enquirelink_resp: (pdu: 16 80000015 0 26) ) 
12/12 15:16:37:737 Enquirelink request: (enquirelink: (pdu: 0 15 0 [27]) ) 
12/12 15:16:37:742 Enquirelink response: (enquirelink_resp: (pdu: 16 80000015 0 27) ) 
12/12 15:17:07:738 Enquirelink request: (enquirelink: (pdu: 0 15 0 [28]) ) 
12/12 15:17:07:745 Enquirelink response: (enquirelink_resp: (pdu: 16 80000015 0 28) ) 
12/12 15:17:37:739 Enquirelink request: (enquirelink: (pdu: 0 15 0 [29]) ) 
12/12 15:17:37:744 Enquirelink response: (enquirelink_resp: (pdu: 16 80000015 0 29) ) 
12/12 15:18:07:740 Enquirelink request: (enquirelink: (pdu: 0 15 0 [30]) ) 
12/12 15:18:07:747 Enquirelink response: (enquirelink_resp: (pdu: 16 80000015 0 30) ) 
12/12 15:18:37:741 Enquirelink request: (enquirelink: (pdu: 0 15 0 [31]) ) 
12/12 15:18:37:749 Enquirelink response: (enquirelink_resp: (pdu: 16 80000015 0 31) ) 
12/12 15:19:07:742 Enquirelink request: (enquirelink: (pdu: 0 15 0 [32]) ) 
12/12 15:19:07:750 Enquirelink response: (enquirelink_resp: (pdu: 16 80000015 0 32) ) 
12/12 15:19:37:743 Enquirelink request: (enquirelink: (pdu: 0 15 0 [33]) ) 
12/12 15:19:37:750 Enquirelink response: (enquirelink_resp: (pdu: 16 80000015 0 33) ) 
12/12 15:20:07:744 Enquirelink request: (enquirelink: (pdu: 0 15 0 [34]) ) 
12/12 15:20:07:749 Enquirelink response: (enquirelink_resp: (pdu: 16 80000015 0 34) ) 
12/12 15:20:37:745 Enquirelink request: (enquirelink: (pdu: 0 15 0 [35]) ) 
12/12 15:20:37:755 Enquirelink response: (enquirelink_resp: (pdu: 16 80000015 0 35) ) 
12/12 15:21:07:746 Enquirelink request: (enquirelink: (pdu: 0 15 0 [36]) ) 
12/12 15:21:07:754 Enquirelink response: (enquirelink_resp: (pdu: 16 80000015 0 36) ) 
12/12 15:21:37:747 Enquirelink request: (enquirelink: (pdu: 0 15 0 [37]) ) 
12/12 15:21:37:755 Enquirelink response: (enquirelink_resp: (pdu: 16 80000015 0 37) ) 
12/12 15:22:07:748 Enquirelink request: (enquirelink: (pdu: 0 15 0 [38]) ) 
12/12 15:22:07:754 Enquirelink response: (enquirelink_resp: (pdu: 16 80000015 0 38) ) 
12/12 15:22:37:749 Enquirelink request: (enquirelink: (pdu: 0 15 0 [39]) ) 
12/12 15:22:37:754 Enquirelink response: (enquirelink_resp: (pdu: 16 80000015 0 39) ) 
12/12 15:23:07:751 Enquirelink request: (enquirelink: (pdu: 0 15 0 [40]) ) 
12/12 15:23:07:760 Enquirelink response: (enquirelink_resp: (pdu: 16 80000015 0 40) ) 
12/12 15:23:37:752 Enquirelink request: (enquirelink: (pdu: 0 15 0 [41]) ) 
12/12 15:23:37:761 Enquirelink response: (enquirelink_resp: (pdu: 16 80000015 0 41) ) 
12/12 15:24:07:753 Enquirelink request: (enquirelink: (pdu: 0 15 0 [42]) ) 
12/12 15:24:07:761 Enquirelink response: (enquirelink_resp: (pdu: 16 80000015 0 42) ) 
12/12 15:24:37:757 Enquirelink request: (enquirelink: (pdu: 0 15 0 [43]) ) 
12/12 15:24:37:770 Enquirelink response: (enquirelink_resp: (pdu: 16 80000015 0 43) ) 
12/12 15:25:07:755 Enquirelink request: (enquirelink: (pdu: 0 15 0 [44]) ) 
12/12 15:25:07:760 Enquirelink response: (enquirelink_resp: (pdu: 16 80000015 0 44) ) 
12/12 15:25:37:755 Enquirelink request: (enquirelink: (pdu: 0 15 0 [45]) ) 
12/12 15:25:37:762 Enquirelink response: (enquirelink_resp: (pdu: 16 80000015 0 45) ) 
12/12 15:26:07:756 Enquirelink request: (enquirelink: (pdu: 0 15 0 [46]) ) 
12/12 15:26:07:764 Enquirelink response: (enquirelink_resp: (pdu: 16 80000015 0 46) ) 
12/12 15:26:37:757 Enquirelink request: (enquirelink: (pdu: 0 15 0 [47]) ) 
12/12 15:26:37:841 Enquirelink response: (enquirelink_resp: (pdu: 16 80000015 0 47) ) 
12/12 15:27:07:758 Enquirelink request: (enquirelink: (pdu: 0 15 0 [48]) ) 
12/12 15:27:08:183 Enquirelink response: (enquirelink_resp: (pdu: 16 80000015 0 48) ) 
12/12 15:27:37:759 Enquirelink request: (enquirelink: (pdu: 0 15 0 [49]) ) 
12/12 15:27:37:767 Enquirelink response: (enquirelink_resp: (pdu: 16 80000015 0 49) ) 
12/12 15:28:07:760 Enquirelink request: (enquirelink: (pdu: 0 15 0 [50]) ) 
12/12 15:28:07:777 Enquirelink response: (enquirelink_resp: (pdu: 16 80000015 0 50) ) 
12/12 15:28:37:760 Enquirelink request: (enquirelink: (pdu: 0 15 0 [51]) ) 
12/12 15:28:37:765 Enquirelink response: (enquirelink_resp: (pdu: 16 80000015 0 51) ) 
12/12 15:29:07:761 Enquirelink request: (enquirelink: (pdu: 0 15 0 [52]) ) 
12/12 15:29:07:770 Enquirelink response: (enquirelink_resp: (pdu: 16 80000015 0 52) ) 
12/12 15:29:37:762 Enquirelink request: (enquirelink: (pdu: 0 15 0 [53]) ) 
12/12 15:29:37:767 Enquirelink response: (enquirelink_resp: (pdu: 16 80000015 0 53) ) 
12/12 15:30:07:763 Enquirelink request: (enquirelink: (pdu: 0 15 0 [54]) ) 
12/12 15:30:07:771 Enquirelink response: (enquirelink_resp: (pdu: 16 80000015 0 54) ) 
12/12 15:30:37:764 Enquirelink request: (enquirelink: (pdu: 0 15 0 [55]) ) 
12/12 15:30:37:770 Enquirelink response: (enquirelink_resp: (pdu: 16 80000015 0 55) ) 
