22/11 16:27:38:123 Bind Transmitter 01 started
22/11 16:27:40:119 Testing connection ...
22/11 16:27:40:136 Connecting to SMSC 
22/11 16:27:40:172 Bind request (bindreq: (pdu: 0 2 0 [1]) PPV ppv@321 SMPP 52 (addrrang: 1 1 345) ) 
22/11 16:27:40:215 Bind response (bindresp: (pdu: 36 80000002 0 1) ANAM_ESME_LINK 52) 
22/11 16:27:40:221 SMSC connection is established 
22/11 16:27:40:226 Created provisioning instance for SMSC
22/11 16:27:40:235 Testing connection are success
22/11 16:27:40:241 Starting process session
22/11 16:27:40:381 Total 0 instances are started
22/11 16:27:40:384 Total 1 instances are added
22/11 16:28:04:054 com.sun.messaging.jms.JMSException: [C4003]: Error occurred on connection creation [10.32.62.99:7676]. - cause: java.net.ConnectException: Connection timed out: connect
22/11 16:28:04:057 Consumer was closed, reconnect.
22/11 16:28:04:255 Total 0 instances are started
22/11 16:28:04:260 Total 1 instances are added
22/11 16:28:10:124 Enquirelink request: (enquirelink: (pdu: 0 15 0 [2]) ) 
22/11 16:28:10:135 Enquirelink response: (enquirelink_resp: (pdu: 16 80000015 0 2) ) 
22/11 16:28:10:141 Reponse: async response received (enquirelink_resp: (pdu: 16 80000015 0 2) ) 
22/11 16:28:25:511 com.sun.messaging.jms.JMSException: [C4003]: Error occurred on connection creation [10.32.62.99:7676]. - cause: java.net.ConnectException: Connection timed out: connect
22/11 16:28:25:514 Consumer was closed, reconnect.
22/11 16:28:25:693 Total 0 instances are started
22/11 16:28:25:697 Total 1 instances are added
22/11 16:28:40:119 Enquirelink request: (enquirelink: (pdu: 0 15 0 [3]) ) 
22/11 16:28:40:124 Enquirelink response: (enquirelink_resp: (pdu: 16 80000015 0 3) ) 
22/11 16:28:40:128 Reponse: async response received (enquirelink_resp: (pdu: 16 80000015 0 3) ) 
22/11 16:28:46:982 com.sun.messaging.jms.JMSException: [C4003]: Error occurred on connection creation [10.32.62.99:7676]. - cause: java.net.ConnectException: Connection timed out: connect
22/11 16:28:46:985 Consumer was closed, reconnect.
22/11 16:28:47:122 Total 0 instances are started
22/11 16:28:47:129 Total 1 instances are added
22/11 16:29:08:402 com.sun.messaging.jms.JMSException: [C4003]: Error occurred on connection creation [10.32.62.99:7676]. - cause: java.net.ConnectException: Connection timed out: connect
22/11 16:29:08:406 Consumer was closed, reconnect.
22/11 16:29:08:555 Total 0 instances are started
22/11 16:29:08:559 Total 1 instances are added
22/11 16:29:10:119 Enquirelink request: (enquirelink: (pdu: 0 15 0 [4]) ) 
22/11 16:29:10:127 Enquirelink response: (enquirelink_resp: (pdu: 16 80000015 0 4) ) 
22/11 16:29:10:134 Reponse: async response received (enquirelink_resp: (pdu: 16 80000015 0 4) ) 
22/11 16:29:29:805 com.sun.messaging.jms.JMSException: [C4003]: Error occurred on connection creation [10.32.62.99:7676]. - cause: java.net.ConnectException: Connection timed out: connect
22/11 16:29:29:808 Consumer was closed, reconnect.
22/11 16:29:29:981 Total 0 instances are started
22/11 16:29:29:988 Total 1 instances are added
22/11 16:29:40:120 Enquirelink request: (enquirelink: (pdu: 0 15 0 [5]) ) 
22/11 16:29:40:126 Enquirelink response: (enquirelink_resp: (pdu: 16 80000015 0 5) ) 
22/11 16:29:40:129 Reponse: async response received (enquirelink_resp: (pdu: 16 80000015 0 5) ) 
22/11 16:29:51:290 com.sun.messaging.jms.JMSException: [C4003]: Error occurred on connection creation [10.32.62.99:7676]. - cause: java.net.ConnectException: Connection timed out: connect
22/11 16:29:51:293 Consumer was closed, reconnect.
22/11 16:29:51:417 Total 0 instances are started
22/11 16:29:51:425 Total 1 instances are added
22/11 16:30:10:120 Enquirelink request: (enquirelink: (pdu: 0 15 0 [6]) ) 
22/11 16:30:10:129 Enquirelink response: (enquirelink_resp: (pdu: 16 80000015 0 6) ) 
22/11 16:30:10:171 Reponse: async response received (enquirelink_resp: (pdu: 16 80000015 0 6) ) 
22/11 16:30:12:657 com.sun.messaging.jms.JMSException: [C4003]: Error occurred on connection creation [10.32.62.99:7676]. - cause: java.net.ConnectException: Connection timed out: connect
22/11 16:30:12:660 Consumer was closed, reconnect.
22/11 16:30:12:851 Total 0 instances are started
22/11 16:30:12:857 Total 1 instances are added
22/11 16:30:34:118 com.sun.messaging.jms.JMSException: [C4003]: Error occurred on connection creation [10.32.62.99:7676]. - cause: java.net.ConnectException: Connection timed out: connect
22/11 16:30:34:121 Consumer was closed, reconnect.
22/11 16:30:34:289 Total 0 instances are started
22/11 16:30:34:295 Total 1 instances are added
22/11 16:30:40:120 Enquirelink request: (enquirelink: (pdu: 0 15 0 [7]) ) 
22/11 16:30:40:129 Enquirelink response: (enquirelink_resp: (pdu: 16 80000015 0 7) ) 
22/11 16:30:40:135 Reponse: async response received (enquirelink_resp: (pdu: 16 80000015 0 7) ) 
