24/12 16:08:02:133 Bind Transmitter 01 started
24/12 16:08:05:678 Testing connection ...
24/12 16:08:05:810 Connecting to SMSC 
24/12 16:08:05:962 Bind request (bindreq: (pdu: 0 2 0 [1]) PPV ppv@321 SMPP 52 (addrrang: 1 1 345) ) 
24/12 16:08:06:121 Bind response (bindresp: (pdu: 36 80000002 0 1) ANAM_ESME_LINK 52) 
24/12 16:08:06:131 SMSC connection is established 
24/12 16:08:06:139 Created provisioning instance for SMSC
24/12 16:08:06:203 Testing connection are success
24/12 16:08:06:211 Starting process session
24/12 16:08:35:720 Enquirelink request: (enquirelink: (pdu: 0 15 0 [2]) ) 
24/12 16:08:35:733 Enquirelink response: (enquirelink_resp: (pdu: 16 80000015 0 2) ) 
24/12 16:09:05:678 Enquirelink request: (enquirelink: (pdu: 0 15 0 [3]) ) 
24/12 16:09:05:725 Enquirelink response: (enquirelink_resp: (pdu: 16 80000015 0 3) ) 
24/12 16:09:35:678 Enquirelink request: (enquirelink: (pdu: 0 15 0 [4]) ) 
24/12 16:09:35:688 Enquirelink response: (enquirelink_resp: (pdu: 16 80000015 0 4) ) 
24/12 16:10:05:678 Enquirelink request: (enquirelink: (pdu: 0 15 0 [5]) ) 
24/12 16:10:05:689 Enquirelink response: (enquirelink_resp: (pdu: 16 80000015 0 5) ) 
24/12 16:10:35:678 Enquirelink request: (enquirelink: (pdu: 0 15 0 [6]) ) 
24/12 16:10:35:689 Enquirelink response: (enquirelink_resp: (pdu: 16 80000015 0 6) ) 
24/12 16:11:05:678 Enquirelink request: (enquirelink: (pdu: 0 15 0 [7]) ) 
24/12 16:11:05:689 Enquirelink response: (enquirelink_resp: (pdu: 16 80000015 0 7) ) 
24/12 16:11:35:680 Enquirelink request: (enquirelink: (pdu: 0 15 0 [8]) ) 
24/12 16:11:35:692 Enquirelink response: (enquirelink_resp: (pdu: 16 80000015 0 8) ) 
24/12 16:12:05:680 Enquirelink request: (enquirelink: (pdu: 0 15 0 [9]) ) 
24/12 16:12:05:691 Enquirelink response: (enquirelink_resp: (pdu: 16 80000015 0 9) ) 
24/12 16:12:35:680 Enquirelink request: (enquirelink: (pdu: 0 15 0 [10]) ) 
24/12 16:12:35:692 Enquirelink response: (enquirelink_resp: (pdu: 16 80000015 0 10) ) 
24/12 16:13:05:680 Enquirelink request: (enquirelink: (pdu: 0 15 0 [11]) ) 
24/12 16:13:05:697 Enquirelink response: (enquirelink_resp: (pdu: 16 80000015 0 11) ) 
24/12 16:13:35:680 Enquirelink request: (enquirelink: (pdu: 0 15 0 [12]) ) 
24/12 16:13:35:714 Enquirelink response: (enquirelink_resp: (pdu: 16 80000015 0 12) ) 
24/12 16:14:05:680 Enquirelink request: (enquirelink: (pdu: 0 15 0 [13]) ) 
24/12 16:14:05:687 Enquirelink response: (enquirelink_resp: (pdu: 16 80000015 0 13) ) 
24/12 16:14:35:680 Enquirelink request: (enquirelink: (pdu: 0 15 0 [14]) ) 
24/12 16:14:35:691 Enquirelink response: (enquirelink_resp: (pdu: 16 80000015 0 14) ) 
24/12 16:15:05:680 Enquirelink request: (enquirelink: (pdu: 0 15 0 [15]) ) 
24/12 16:15:05:690 Enquirelink response: (enquirelink_resp: (pdu: 16 80000015 0 15) ) 
24/12 16:15:35:680 Enquirelink request: (enquirelink: (pdu: 0 15 0 [16]) ) 
24/12 16:15:35:692 Enquirelink response: (enquirelink_resp: (pdu: 16 80000015 0 16) ) 
24/12 16:16:05:681 Enquirelink request: (enquirelink: (pdu: 0 15 0 [17]) ) 
24/12 16:16:05:694 Enquirelink response: (enquirelink_resp: (pdu: 16 80000015 0 17) ) 
24/12 16:16:35:682 Enquirelink request: (enquirelink: (pdu: 0 15 0 [18]) ) 
24/12 16:16:35:696 Enquirelink response: (enquirelink_resp: (pdu: 16 80000015 0 18) ) 
24/12 16:17:05:682 Enquirelink request: (enquirelink: (pdu: 0 15 0 [19]) ) 
24/12 16:17:05:730 Enquirelink response: (enquirelink_resp: (pdu: 16 80000015 0 19) ) 
24/12 16:17:35:682 Enquirelink request: (enquirelink: (pdu: 0 15 0 [20]) ) 
24/12 16:17:35:693 Enquirelink response: (enquirelink_resp: (pdu: 16 80000015 0 20) ) 
24/12 16:18:05:682 Enquirelink request: (enquirelink: (pdu: 0 15 0 [21]) ) 
24/12 16:18:05:695 Enquirelink response: (enquirelink_resp: (pdu: 16 80000015 0 21) ) 
24/12 16:18:35:682 Enquirelink request: (enquirelink: (pdu: 0 15 0 [22]) ) 
24/12 16:18:35:692 Enquirelink response: (enquirelink_resp: (pdu: 16 80000015 0 22) ) 
24/12 16:19:05:682 Enquirelink request: (enquirelink: (pdu: 0 15 0 [23]) ) 
24/12 16:19:05:693 Enquirelink response: (enquirelink_resp: (pdu: 16 80000015 0 23) ) 
24/12 16:19:35:682 Enquirelink request: (enquirelink: (pdu: 0 15 0 [24]) ) 
24/12 16:19:35:694 Enquirelink response: (enquirelink_resp: (pdu: 16 80000015 0 24) ) 
24/12 16:20:05:682 Enquirelink request: (enquirelink: (pdu: 0 15 0 [25]) ) 
24/12 16:20:05:693 Enquirelink response: (enquirelink_resp: (pdu: 16 80000015 0 25) ) 
24/12 16:20:35:683 Enquirelink request: (enquirelink: (pdu: 0 15 0 [26]) ) 
24/12 16:20:35:695 Enquirelink response: (enquirelink_resp: (pdu: 16 80000015 0 26) ) 
24/12 16:21:05:684 Enquirelink request: (enquirelink: (pdu: 0 15 0 [27]) ) 
24/12 16:21:05:696 Enquirelink response: (enquirelink_resp: (pdu: 16 80000015 0 27) ) 
24/12 16:21:35:684 Enquirelink request: (enquirelink: (pdu: 0 15 0 [28]) ) 
24/12 16:21:35:695 Enquirelink response: (enquirelink_resp: (pdu: 16 80000015 0 28) ) 
24/12 16:22:05:684 Enquirelink request: (enquirelink: (pdu: 0 15 0 [29]) ) 
24/12 16:22:05:695 Enquirelink response: (enquirelink_resp: (pdu: 16 80000015 0 29) ) 
24/12 16:22:35:684 Enquirelink request: (enquirelink: (pdu: 0 15 0 [30]) ) 
24/12 16:22:35:696 Enquirelink response: (enquirelink_resp: (pdu: 16 80000015 0 30) ) 
24/12 16:23:05:684 Enquirelink request: (enquirelink: (pdu: 0 15 0 [31]) ) 
24/12 16:23:05:695 Enquirelink response: (enquirelink_resp: (pdu: 16 80000015 0 31) ) 
24/12 16:23:35:684 Enquirelink request: (enquirelink: (pdu: 0 15 0 [32]) ) 
24/12 16:23:35:695 Enquirelink response: (enquirelink_resp: (pdu: 16 80000015 0 32) ) 
24/12 16:24:05:684 Enquirelink request: (enquirelink: (pdu: 0 15 0 [33]) ) 
24/12 16:24:05:701 Enquirelink response: (enquirelink_resp: (pdu: 16 80000015 0 33) ) 
24/12 16:24:35:684 Enquirelink request: (enquirelink: (pdu: 0 15 0 [34]) ) 
24/12 16:24:35:694 Enquirelink response: (enquirelink_resp: (pdu: 16 80000015 0 34) ) 
24/12 16:25:05:685 Enquirelink request: (enquirelink: (pdu: 0 15 0 [35]) ) 
24/12 16:25:05:696 Enquirelink response: (enquirelink_resp: (pdu: 16 80000015 0 35) ) 
24/12 16:25:35:685 Enquirelink request: (enquirelink: (pdu: 0 15 0 [36]) ) 
24/12 16:25:35:696 Enquirelink response: (enquirelink_resp: (pdu: 16 80000015 0 36) ) 
24/12 16:26:05:685 Enquirelink request: (enquirelink: (pdu: 0 15 0 [37]) ) 
24/12 16:26:05:696 Enquirelink response: (enquirelink_resp: (pdu: 16 80000015 0 37) ) 
24/12 16:26:35:685 Enquirelink request: (enquirelink: (pdu: 0 15 0 [38]) ) 
24/12 16:26:35:692 Enquirelink response: (enquirelink_resp: (pdu: 16 80000015 0 38) ) 
24/12 16:27:05:685 Enquirelink request: (enquirelink: (pdu: 0 15 0 [39]) ) 
24/12 16:27:05:697 Enquirelink response: (enquirelink_resp: (pdu: 16 80000015 0 39) ) 
24/12 16:27:35:685 Enquirelink request: (enquirelink: (pdu: 0 15 0 [40]) ) 
24/12 16:27:35:696 Enquirelink response: (enquirelink_resp: (pdu: 16 80000015 0 40) ) 
24/12 16:28:05:685 Enquirelink request: (enquirelink: (pdu: 0 15 0 [41]) ) 
24/12 16:28:05:696 Enquirelink response: (enquirelink_resp: (pdu: 16 80000015 0 41) ) 
24/12 16:28:35:685 Enquirelink request: (enquirelink: (pdu: 0 15 0 [42]) ) 
24/12 16:28:35:696 Enquirelink response: (enquirelink_resp: (pdu: 16 80000015 0 42) ) 
24/12 16:29:05:685 Enquirelink request: (enquirelink: (pdu: 0 15 0 [43]) ) 
24/12 16:29:05:698 Enquirelink response: (enquirelink_resp: (pdu: 16 80000015 0 43) ) 
24/12 16:29:35:686 Enquirelink request: (enquirelink: (pdu: 0 15 0 [44]) ) 
24/12 16:29:35:696 Enquirelink response: (enquirelink_resp: (pdu: 16 80000015 0 44) ) 
24/12 16:30:05:686 Enquirelink request: (enquirelink: (pdu: 0 15 0 [45]) ) 
24/12 16:30:05:695 Enquirelink response: (enquirelink_resp: (pdu: 16 80000015 0 45) ) 
24/12 16:30:35:686 Enquirelink request: (enquirelink: (pdu: 0 15 0 [46]) ) 
24/12 16:30:35:697 Enquirelink response: (enquirelink_resp: (pdu: 16 80000015 0 46) ) 
24/12 16:31:05:686 Enquirelink request: (enquirelink: (pdu: 0 15 0 [47]) ) 
24/12 16:31:05:697 Enquirelink response: (enquirelink_resp: (pdu: 16 80000015 0 47) ) 
24/12 16:31:35:686 Enquirelink request: (enquirelink: (pdu: 0 15 0 [48]) ) 
24/12 16:31:35:699 Enquirelink response: (enquirelink_resp: (pdu: 16 80000015 0 48) ) 
24/12 16:32:05:686 Enquirelink request: (enquirelink: (pdu: 0 15 0 [49]) ) 
24/12 16:32:05:697 Enquirelink response: (enquirelink_resp: (pdu: 16 80000015 0 49) ) 
24/12 16:32:35:686 Enquirelink request: (enquirelink: (pdu: 0 15 0 [50]) ) 
24/12 16:32:35:693 Enquirelink response: (enquirelink_resp: (pdu: 16 80000015 0 50) ) 
24/12 16:33:05:686 Enquirelink request: (enquirelink: (pdu: 0 15 0 [51]) ) 
24/12 16:33:05:698 Enquirelink response: (enquirelink_resp: (pdu: 16 80000015 0 51) ) 
24/12 16:33:35:687 Enquirelink request: (enquirelink: (pdu: 0 15 0 [52]) ) 
24/12 16:33:35:699 Enquirelink response: (enquirelink_resp: (pdu: 16 80000015 0 52) ) 
24/12 16:34:05:687 Enquirelink request: (enquirelink: (pdu: 0 15 0 [53]) ) 
24/12 16:34:05:699 Enquirelink response: (enquirelink_resp: (pdu: 16 80000015 0 53) ) 
24/12 16:34:35:687 Enquirelink request: (enquirelink: (pdu: 0 15 0 [54]) ) 
24/12 16:34:35:698 Enquirelink response: (enquirelink_resp: (pdu: 16 80000015 0 54) ) 
24/12 16:35:35:697 Bind Transmitter 01 started
24/12 16:35:36:853 Testing connection ...
24/12 16:35:36:869 Connecting to SMSC 
24/12 16:35:36:941 Bind request (bindreq: (pdu: 0 2 0 [1]) PPV ppv@321 SMPP 52 (addrrang: 1 1 345) ) 
24/12 16:35:36:963 Bind response (bindresp: (pdu: 36 80000002 0 1) ANAM_ESME_LINK 52) 
24/12 16:35:36:968 SMSC connection is established 
24/12 16:35:36:973 Created provisioning instance for SMSC
24/12 16:35:36:978 Testing connection are success
24/12 16:35:36:983 Starting process session
24/12 16:36:06:857 Enquirelink request: (enquirelink: (pdu: 0 15 0 [2]) ) 
24/12 16:36:06:895 Enquirelink response: (enquirelink_resp: (pdu: 16 80000015 0 2) ) 
24/12 16:36:36:853 Enquirelink request: (enquirelink: (pdu: 0 15 0 [3]) ) 
24/12 16:36:36:864 Enquirelink response: (enquirelink_resp: (pdu: 16 80000015 0 3) ) 
24/12 16:37:06:853 Enquirelink request: (enquirelink: (pdu: 0 15 0 [4]) ) 
24/12 16:37:06:865 Enquirelink response: (enquirelink_resp: (pdu: 16 80000015 0 4) ) 
24/12 16:37:36:854 Enquirelink request: (enquirelink: (pdu: 0 15 0 [5]) ) 
24/12 16:37:36:866 Enquirelink response: (enquirelink_resp: (pdu: 16 80000015 0 5) ) 
24/12 16:38:06:855 Enquirelink request: (enquirelink: (pdu: 0 15 0 [6]) ) 
24/12 16:38:06:865 Enquirelink response: (enquirelink_resp: (pdu: 16 80000015 0 6) ) 
24/12 16:39:33:949 Bind Transmitter 01 started
24/12 16:39:35:087 Testing connection ...
24/12 16:39:35:104 Connecting to SMSC 
24/12 16:39:35:139 Bind request (bindreq: (pdu: 0 2 0 [1]) PPV ppv@321 SMPP 52 (addrrang: 1 1 345) ) 
24/12 16:39:35:159 Bind response (bindresp: (pdu: 36 80000002 0 1) ANAM_ESME_LINK 52) 
24/12 16:39:35:164 SMSC connection is established 
24/12 16:39:35:169 Created provisioning instance for SMSC
24/12 16:39:35:174 Testing connection are success
24/12 16:39:35:178 Starting process session
24/12 16:40:05:091 Enquirelink request: (enquirelink: (pdu: 0 15 0 [2]) ) 
24/12 16:40:05:104 Enquirelink response: (enquirelink_resp: (pdu: 16 80000015 0 2) ) 
24/12 16:40:35:088 Enquirelink request: (enquirelink: (pdu: 0 15 0 [3]) ) 
24/12 16:40:35:095 Enquirelink response: (enquirelink_resp: (pdu: 16 80000015 0 3) ) 
24/12 16:41:05:088 Enquirelink request: (enquirelink: (pdu: 0 15 0 [4]) ) 
24/12 16:41:05:099 Enquirelink response: (enquirelink_resp: (pdu: 16 80000015 0 4) ) 
24/12 16:41:35:088 Enquirelink request: (enquirelink: (pdu: 0 15 0 [5]) ) 
24/12 16:41:35:099 Enquirelink response: (enquirelink_resp: (pdu: 16 80000015 0 5) ) 
24/12 16:42:05:088 Enquirelink request: (enquirelink: (pdu: 0 15 0 [6]) ) 
24/12 16:42:05:095 Enquirelink response: (enquirelink_resp: (pdu: 16 80000015 0 6) ) 
24/12 16:42:35:088 Enquirelink request: (enquirelink: (pdu: 0 15 0 [7]) ) 
24/12 16:42:35:099 Enquirelink response: (enquirelink_resp: (pdu: 16 80000015 0 7) ) 
24/12 16:43:05:088 Enquirelink request: (enquirelink: (pdu: 0 15 0 [8]) ) 
24/12 16:43:05:100 Enquirelink response: (enquirelink_resp: (pdu: 16 80000015 0 8) ) 
24/12 16:43:35:088 Enquirelink request: (enquirelink: (pdu: 0 15 0 [9]) ) 
24/12 16:43:35:097 Enquirelink response: (enquirelink_resp: (pdu: 16 80000015 0 9) ) 
24/12 16:44:05:088 Enquirelink request: (enquirelink: (pdu: 0 15 0 [10]) ) 
24/12 16:44:05:100 Enquirelink response: (enquirelink_resp: (pdu: 16 80000015 0 10) ) 
24/12 16:44:35:089 Enquirelink request: (enquirelink: (pdu: 0 15 0 [11]) ) 
24/12 16:44:35:100 Enquirelink response: (enquirelink_resp: (pdu: 16 80000015 0 11) ) 
24/12 16:45:05:090 Enquirelink request: (enquirelink: (pdu: 0 15 0 [12]) ) 
24/12 16:45:05:101 Enquirelink response: (enquirelink_resp: (pdu: 16 80000015 0 12) ) 
24/12 16:45:35:090 Enquirelink request: (enquirelink: (pdu: 0 15 0 [13]) ) 
24/12 16:45:35:101 Enquirelink response: (enquirelink_resp: (pdu: 16 80000015 0 13) ) 
24/12 16:46:05:090 Enquirelink request: (enquirelink: (pdu: 0 15 0 [14]) ) 
24/12 16:46:05:101 Enquirelink response: (enquirelink_resp: (pdu: 16 80000015 0 14) ) 
24/12 16:46:35:090 Enquirelink request: (enquirelink: (pdu: 0 15 0 [15]) ) 
24/12 16:46:35:101 Enquirelink response: (enquirelink_resp: (pdu: 16 80000015 0 15) ) 
24/12 16:47:05:090 Enquirelink request: (enquirelink: (pdu: 0 15 0 [16]) ) 
24/12 16:47:05:104 Enquirelink response: (enquirelink_resp: (pdu: 16 80000015 0 16) ) 
24/12 16:47:35:090 Enquirelink request: (enquirelink: (pdu: 0 15 0 [17]) ) 
24/12 16:47:35:101 Enquirelink response: (enquirelink_resp: (pdu: 16 80000015 0 17) ) 
24/12 16:48:05:090 Enquirelink request: (enquirelink: (pdu: 0 15 0 [18]) ) 
24/12 16:48:05:113 Enquirelink response: (enquirelink_resp: (pdu: 16 80000015 0 18) ) 
24/12 16:48:35:090 Enquirelink request: (enquirelink: (pdu: 0 15 0 [19]) ) 
24/12 16:48:35:097 Enquirelink response: (enquirelink_resp: (pdu: 16 80000015 0 19) ) 
24/12 16:49:05:091 Enquirelink request: (enquirelink: (pdu: 0 15 0 [20]) ) 
24/12 16:49:05:103 Enquirelink response: (enquirelink_resp: (pdu: 16 80000015 0 20) ) 
24/12 16:49:35:091 Enquirelink request: (enquirelink: (pdu: 0 15 0 [21]) ) 
24/12 16:49:35:103 Enquirelink response: (enquirelink_resp: (pdu: 16 80000015 0 21) ) 
24/12 16:50:05:091 Enquirelink request: (enquirelink: (pdu: 0 15 0 [22]) ) 
24/12 16:50:05:104 Enquirelink response: (enquirelink_resp: (pdu: 16 80000015 0 22) ) 
24/12 16:50:35:091 Enquirelink request: (enquirelink: (pdu: 0 15 0 [23]) ) 
24/12 16:50:35:103 Enquirelink response: (enquirelink_resp: (pdu: 16 80000015 0 23) ) 
24/12 16:51:05:091 Enquirelink request: (enquirelink: (pdu: 0 15 0 [24]) ) 
24/12 16:51:05:105 Enquirelink response: (enquirelink_resp: (pdu: 16 80000015 0 24) ) 
