30/08 16:16:06:374 Bind Transmitter 01 started
30/08 16:16:06:432 Testing connection ...
30/08 16:16:06:444 Connecting to SMSC 
30/08 16:16:06:469 Bind request (bindreq: (pdu: 0 2 0 [1]) PPV ppv@321 SMPP 52 (addrrang: 1 1 345) ) 
30/08 16:16:06:509 Bind response (bindresp: (pdu: 36 80000002 0 1) ANAM_ESME_LINK 52) 
30/08 16:16:06:510 SMSC connection is established 
30/08 16:16:06:511 Created provisioning instance for SMSC
30/08 16:16:06:512 Testing connection are success
30/08 16:16:06:513 Starting process session
30/08 16:16:06:615 Total 0 instances are started
30/08 16:16:06:616 Total 1 instances are added
30/08 16:16:36:433 Enquirelink request: (enquirelink: (pdu: 0 15 0 [2]) ) 
30/08 16:16:36:437 Enquirelink response: (enquirelink_resp: (pdu: 16 80000015 0 2) ) 
30/08 16:16:36:438 Reponse: async response received (enquirelink_resp: (pdu: 16 80000015 0 2) ) 
30/08 16:17:06:434 Enquirelink request: (enquirelink: (pdu: 0 15 0 [3]) ) 
30/08 16:17:06:436 Enquirelink response: (enquirelink_resp: (pdu: 16 80000015 0 3) ) 
30/08 16:17:06:437 Reponse: async response received (enquirelink_resp: (pdu: 16 80000015 0 3) ) 
30/08 16:17:36:434 Enquirelink request: (enquirelink: (pdu: 0 15 0 [4]) ) 
30/08 16:17:36:436 Enquirelink response: (enquirelink_resp: (pdu: 16 80000015 0 4) ) 
30/08 16:17:36:437 Reponse: async response received (enquirelink_resp: (pdu: 16 80000015 0 4) ) 
30/08 16:18:06:435 Enquirelink request: (enquirelink: (pdu: 0 15 0 [5]) ) 
30/08 16:18:06:437 Enquirelink response: (enquirelink_resp: (pdu: 16 80000015 0 5) ) 
30/08 16:18:06:437 Reponse: async response received (enquirelink_resp: (pdu: 16 80000015 0 5) ) 
