23/09 15:15:34:077 Simulator0 started
23/09 15:15:34:100 Starting process session
23/09 15:15:36:745 Total 0 instances are started
23/09 15:15:36:745 Begin to send message.
23/09 15:15:36:746 Total 1 instances are added
23/09 15:15:36:890 orderId = 0 | requestId = 0 | userId = system | channel = SMS | serviceAddress = 268 | keyword = HUY CAM | isdn = 84922000514 | subscriberType = -1 | shipTo =  | actionType =  | productId = 0 | commandId = 0 | request =  | response =  | status = 1 | cause =  | description = 
23/09 15:15:36:892 message count: 1
23/09 15:15:41:853 End of process session
23/09 15:15:41:854 Simulator0 stopped
23/09 15:15:43:097 Simulator0 started
23/09 15:15:43:120 Starting process session
23/09 15:15:43:231 Total 0 instances are started
23/09 15:15:43:231 Begin to send message.
23/09 15:15:43:232 Total 1 instances are added
23/09 15:15:43:237 orderId = 0 | requestId = 0 | userId = system | channel = SMS | serviceAddress = 268 | keyword = HUY CAM | isdn = 84922000514 | subscriberType = -1 | shipTo =  | actionType =  | productId = 0 | commandId = 0 | request =  | response =  | status = 1 | cause =  | description = 
23/09 15:15:43:238 message count: 1
23/09 15:15:48:341 Begin to send message.
23/09 15:15:53:342 Begin to send message.
23/09 15:15:58:338 End of process session
23/09 15:15:58:340 Simulator0 stopped
23/09 15:19:18:132 Simulator0 started
23/09 15:19:18:154 Starting process session
23/09 15:19:18:269 Total 0 instances are started
23/09 15:19:18:269 Begin to send message.
23/09 15:19:18:270 Total 1 instances are added
23/09 15:19:18:275 orderId = 0 | requestId = 0 | userId = system | channel = SMS | serviceAddress = 268 | keyword = HUY CAM | isdn = 84922000514 | subscriberType = -1 | shipTo =  | actionType =  | productId = 0 | commandId = 0 | request =  | response =  | status = 1 | cause =  | description = 
23/09 15:19:18:276 message count: 1
23/09 15:19:23:375 End of process session
23/09 15:19:23:377 Simulator0 stopped
23/09 15:22:09:184 Simulator0 started
23/09 15:22:09:208 Starting process session
23/09 15:22:09:319 Total 0 instances are started
23/09 15:22:09:320 Total 1 instances are added
23/09 15:22:09:319 Begin to send message.
23/09 15:22:09:326 orderId = 0 | requestId = 0 | userId = system | channel = SMS | serviceAddress = 268 | keyword = HUY CAM | isdn = 84922000514 | subscriberType = -1 | shipTo =  | actionType =  | productId = 0 | commandId = 0 | request =  | response =  | status = 1 | cause =  | description = 
23/09 15:22:09:327 message count: 1
23/09 15:22:14:426 End of process session
23/09 15:22:14:427 Simulator0 stopped
23/09 15:28:16:239 Simulator0 started
23/09 15:28:16:262 Starting process session
23/09 15:28:16:396 Total 0 instances are started
23/09 15:28:16:397 Total 1 instances are added
23/09 15:28:16:540 End of process session
23/09 15:28:20:541 Simulator0 stopped
23/09 15:28:22:258 Simulator0 started
23/09 15:28:22:282 Starting process session
23/09 15:28:22:399 Total 0 instances are started
23/09 15:28:22:400 Total 1 instances are added
23/09 15:28:22:400 Begin to send message.
23/09 15:28:22:472 orderId = 0 | requestId = 0 | userId = system | channel = SMS | serviceAddress = 268 | keyword = HUY CAM | isdn = 84922000514 | subscriberType = -1 | shipTo =  | actionType =  | productId = 0 | commandId = 0 | request =  | response =  | status = 1 | cause =  | description = 
23/09 15:28:22:473 message count: 1
23/09 15:28:27:507 End of process session
23/09 15:28:27:508 Simulator0 stopped
23/09 15:34:42:350 Simulator0 started
23/09 15:34:42:374 Starting process session
23/09 15:34:42:489 Total 0 instances are started
23/09 15:34:42:489 Begin to send message.
23/09 15:34:42:490 Total 1 instances are added
23/09 15:34:42:547 orderId = 0 | requestId = 0 | userId = system | channel = SMS | serviceAddress = 268 | keyword = HUY CAM | isdn = 84922000514 | subscriberType = -1 | shipTo =  | actionType =  | productId = 0 | commandId = 0 | request =  | response =  | status = 1 | cause =  | description = 
23/09 15:34:42:548 message count: 1
23/09 15:34:47:596 End of process session
23/09 15:34:47:597 Simulator0 stopped
23/09 15:35:40:375 Simulator0 started
23/09 15:35:40:401 Starting process session
23/09 15:35:40:514 Total 0 instances are started
23/09 15:35:40:515 Total 1 instances are added
23/09 15:35:40:618 End of process session
23/09 15:35:44:619 Simulator0 stopped
23/09 15:35:46:395 Simulator0 started
23/09 15:35:46:417 Starting process session
23/09 15:35:46:529 Total 0 instances are started
23/09 15:35:46:529 Begin to send message.
23/09 15:35:46:530 Total 1 instances are added
23/09 15:35:46:535 orderId = 0 | requestId = 0 | userId = system | channel = SMS | serviceAddress = 268 | keyword = DK CAM | isdn = 84922000514 | subscriberType = -1 | shipTo =  | actionType =  | productId = 0 | commandId = 0 | request =  | response =  | status = 1 | cause =  | description = 
23/09 15:35:46:536 message count: 1
23/09 15:35:51:634 End of process session
23/09 15:35:51:635 Simulator0 stopped
