12/09 09:01:09:011 Simulator0 started
12/09 09:01:09:151 Starting process session
12/09 09:01:09:272 Total 0 instances are started
12/09 09:01:09:273 Total 1 instances are added
12/09 09:01:09:272 Begin to send message.
12/09 09:01:09:377 orderId = 0 | requestId = 0 | userId = system | channel = SMS | serviceAddress = 268 | keyword = DOI DIEM 1000 | isdn = 84922000512 | subscriberType = -1 | shipTo =  | actionType =  | productId = 0 | commandId = 0 | request =  | response =  | status = 1 | cause =  | description = 
12/09 09:01:09:378 message count: 1
12/09 09:01:14:377 End of process session
12/09 09:01:14:378 Simulator0 stopped
12/09 09:05:54:230 Simulator0 started
12/09 09:05:54:252 Starting process session
12/09 09:05:54:361 Total 0 instances are started
12/09 09:05:54:361 Begin to send message.
12/09 09:05:54:362 Total 1 instances are added
12/09 09:05:54:367 orderId = 0 | requestId = 0 | userId = system | channel = SMS | serviceAddress = 268 | keyword = DOI DIEM 1000 | isdn = 84922000512 | subscriberType = -1 | shipTo =  | actionType =  | productId = 0 | commandId = 0 | request =  | response =  | status = 1 | cause =  | description = 
12/09 09:05:54:368 message count: 1
12/09 09:05:59:469 End of process session
12/09 09:05:59:470 Simulator0 stopped
12/09 09:11:30:456 Simulator0 started
12/09 09:11:30:492 Starting process session
12/09 09:11:30:603 Total 0 instances are started
12/09 09:11:30:603 Begin to send message.
12/09 09:11:30:604 Total 1 instances are added
12/09 09:11:30:607 orderId = 0 | requestId = 0 | userId = system | channel = SMS | serviceAddress = 268 | keyword = DOI DIEM 1000 | isdn = 84922000512 | subscriberType = -1 | shipTo =  | actionType =  | productId = 0 | commandId = 0 | request =  | response =  | status = 1 | cause =  | description = 
12/09 09:11:30:608 message count: 1
12/09 09:11:35:709 End of process session
12/09 09:11:35:710 Simulator0 stopped
12/09 09:21:42:716 Simulator0 started
12/09 09:21:42:740 Starting process session
12/09 09:21:42:851 Total 0 instances are started
12/09 09:21:42:851 Begin to send message.
12/09 09:21:42:852 Total 1 instances are added
12/09 09:21:42:871 orderId = 0 | requestId = 0 | userId = system | channel = SMS | serviceAddress = 268 | keyword = DOI DIEM 1000 | isdn = 84922000512 | subscriberType = -1 | shipTo =  | actionType =  | productId = 0 | commandId = 0 | request =  | response =  | status = 1 | cause =  | description = 
12/09 09:21:42:873 message count: 1
12/09 09:21:47:955 End of process session
12/09 09:21:47:957 Simulator0 stopped
12/09 09:24:36:459 Simulator0 started
12/09 09:24:36:482 Starting process session
12/09 09:24:36:593 Total 0 instances are started
12/09 09:24:36:594 Begin to send message.
12/09 09:24:36:594 Total 1 instances are added
12/09 09:24:36:611 orderId = 0 | requestId = 0 | userId = system | channel = SMS | serviceAddress = 268 | keyword = DOI DIEM 1000 | isdn = 84922000512 | subscriberType = -1 | shipTo =  | actionType =  | productId = 0 | commandId = 0 | request =  | response =  | status = 1 | cause =  | description = 
12/09 09:24:36:612 message count: 1
12/09 09:24:41:698 End of process session
12/09 09:24:41:699 Simulator0 stopped
12/09 09:25:01:545 Simulator0 started
12/09 09:25:01:568 Starting process session
12/09 09:25:01:677 Total 0 instances are started
12/09 09:25:01:677 Begin to send message.
12/09 09:25:01:678 Total 1 instances are added
12/09 09:25:01:682 orderId = 0 | requestId = 0 | userId = system | channel = SMS | serviceAddress = 268 | keyword = DOI DIEM 1000 | isdn = 84922000512 | subscriberType = -1 | shipTo =  | actionType =  | productId = 0 | commandId = 0 | request =  | response =  | status = 1 | cause =  | description = 
12/09 09:25:01:683 message count: 1
12/09 09:25:06:783 End of process session
12/09 09:25:06:784 Simulator0 stopped
12/09 09:26:05:699 Simulator0 started
12/09 09:26:05:722 Starting process session
12/09 09:26:05:835 Total 0 instances are started
12/09 09:26:05:835 Begin to send message.
12/09 09:26:05:836 Total 1 instances are added
12/09 09:26:05:839 orderId = 0 | requestId = 0 | userId = system | channel = SMS | serviceAddress = 268 | keyword = DOI DIEM 1000 | isdn = 84922000512 | subscriberType = -1 | shipTo =  | actionType =  | productId = 0 | commandId = 0 | request =  | response =  | status = 1 | cause =  | description = 
12/09 09:26:05:840 message count: 1
12/09 09:26:10:942 End of process session
12/09 09:26:10:944 Simulator0 stopped
12/09 09:28:54:244 Simulator0 started
12/09 09:28:54:264 Starting process session
12/09 09:28:54:377 Total 0 instances are started
12/09 09:28:54:378 Total 1 instances are added
12/09 09:28:54:377 Begin to send message.
12/09 09:28:54:399 orderId = 0 | requestId = 0 | userId = system | channel = SMS | serviceAddress = 268 | keyword = DOI DIEM 1000 | isdn = 84922000512 | subscriberType = -1 | shipTo =  | actionType =  | productId = 0 | commandId = 0 | request =  | response =  | status = 1 | cause =  | description = 
12/09 09:28:54:400 message count: 1
12/09 09:28:59:483 End of process session
12/09 09:28:59:485 Simulator0 stopped
12/09 09:29:29:267 Simulator0 started
12/09 09:29:29:289 Starting process session
12/09 09:29:29:400 Total 0 instances are started
12/09 09:29:29:401 Total 1 instances are added
12/09 09:29:29:400 Begin to send message.
12/09 09:29:29:406 orderId = 0 | requestId = 0 | userId = system | channel = SMS | serviceAddress = 268 | keyword = DOI DIEM 1000 | isdn = 84922000512 | subscriberType = -1 | shipTo =  | actionType =  | productId = 0 | commandId = 0 | request =  | response =  | status = 1 | cause =  | description = 
12/09 09:29:29:407 message count: 1
12/09 09:29:34:507 End of process session
12/09 09:29:34:508 Simulator0 stopped
12/09 11:33:38:273 Simulator0 started
12/09 11:33:38:294 Starting process session
12/09 11:33:38:425 Total 0 instances are started
12/09 11:33:38:425 Begin to send message.
12/09 11:33:38:426 Total 1 instances are added
12/09 11:33:38:517 orderId = 0 | requestId = 0 | userId = system | channel = SMS | serviceAddress = 268 | keyword = DOI DIEM 1000 | isdn = 84922000512 | subscriberType = -1 | shipTo =  | actionType =  | productId = 0 | commandId = 0 | request =  | response =  | status = 1 | cause =  | description = 
12/09 11:33:38:519 message count: 1
12/09 11:33:43:531 End of process session
12/09 11:33:43:533 Simulator0 stopped
12/09 11:35:30:527 Simulator0 started
12/09 11:35:30:549 Starting process session
12/09 11:35:30:659 Total 0 instances are started
12/09 11:35:30:659 Begin to send message.
12/09 11:35:30:660 Total 1 instances are added
12/09 11:35:30:670 orderId = 0 | requestId = 0 | userId = system | channel = SMS | serviceAddress = 268 | keyword = DOI DIEM 1000 | isdn = 84922000512 | subscriberType = -1 | shipTo =  | actionType =  | productId = 0 | commandId = 0 | request =  | response =  | status = 1 | cause =  | description = 
12/09 11:35:30:671 message count: 1
12/09 11:35:35:766 End of process session
12/09 11:35:35:768 Simulator0 stopped
12/09 11:41:10:769 Simulator0 started
12/09 11:41:10:793 Starting process session
12/09 11:41:10:901 Total 0 instances are started
12/09 11:41:10:901 Begin to send message.
12/09 11:41:10:902 Total 1 instances are added
12/09 11:41:10:907 orderId = 0 | requestId = 0 | userId = system | channel = SMS | serviceAddress = 268 | keyword = DOI DIEM 1000 | isdn = 84922000512 | subscriberType = -1 | shipTo =  | actionType =  | productId = 0 | commandId = 0 | request =  | response =  | status = 1 | cause =  | description = 
12/09 11:41:10:908 message count: 1
12/09 11:41:16:010 Begin to send message.
12/09 11:41:21:007 End of process session
12/09 11:41:21:008 Simulator0 stopped
12/09 11:41:36:789 Simulator0 started
12/09 11:41:36:811 Starting process session
12/09 11:41:36:922 Total 0 instances are started
12/09 11:41:36:922 Begin to send message.
12/09 11:41:36:923 Total 1 instances are added
12/09 11:41:36:927 orderId = 0 | requestId = 0 | userId = system | channel = SMS | serviceAddress = 268 | keyword = DOI DIEM 1000 | isdn = 84922000512 | subscriberType = -1 | shipTo =  | actionType =  | productId = 0 | commandId = 0 | request =  | response =  | status = 1 | cause =  | description = 
12/09 11:41:36:928 message count: 1
12/09 11:41:42:028 End of process session
12/09 11:41:42:029 Simulator0 stopped
12/09 11:52:17:068 Simulator0 started
12/09 11:52:17:089 Starting process session
12/09 11:52:17:198 Total 0 instances are started
12/09 11:52:17:198 Begin to send message.
12/09 11:52:17:202 Total 1 instances are added
12/09 11:52:17:206 orderId = 0 | requestId = 0 | userId = system | channel = SMS | serviceAddress = 268 | keyword = DOI DIEM 1000 | isdn = 84922000512 | subscriberType = -1 | shipTo =  | actionType =  | productId = 0 | commandId = 0 | request =  | response =  | status = 1 | cause =  | description = 
12/09 11:52:17:207 message count: 1
12/09 11:52:22:306 End of process session
12/09 11:52:22:307 Simulator0 stopped
12/09 11:52:48:089 Simulator0 started
12/09 11:52:48:113 Starting process session
12/09 11:52:48:231 Total 0 instances are started
12/09 11:52:48:231 Begin to send message.
12/09 11:52:48:232 Total 1 instances are added
12/09 11:52:48:234 orderId = 0 | requestId = 0 | userId = system | channel = SMS | serviceAddress = 268 | keyword = DOI DIEM 1000 | isdn = 84922000512 | subscriberType = -1 | shipTo =  | actionType =  | productId = 0 | commandId = 0 | request =  | response =  | status = 1 | cause =  | description = 
12/09 11:52:48:235 message count: 1
12/09 11:52:53:336 End of process session
12/09 11:52:53:337 Simulator0 stopped
12/09 11:54:10:160 Simulator0 started
12/09 11:54:10:184 Starting process session
12/09 11:54:10:295 Total 0 instances are started
12/09 11:54:10:296 Total 1 instances are added
12/09 11:54:10:295 Begin to send message.
12/09 11:54:10:300 orderId = 0 | requestId = 0 | userId = system | channel = SMS | serviceAddress = 268 | keyword = DOI DIEM 1000 | isdn = 84922000512 | subscriberType = -1 | shipTo =  | actionType =  | productId = 0 | commandId = 0 | request =  | response =  | status = 1 | cause =  | description = 
12/09 11:54:10:301 message count: 1
12/09 11:54:15:400 End of process session
12/09 11:54:15:402 Simulator0 stopped
12/09 11:56:35:239 Simulator0 started
12/09 11:56:35:258 Starting process session
12/09 11:56:35:368 Total 0 instances are started
12/09 11:56:35:368 Begin to send message.
12/09 11:56:35:369 Total 1 instances are added
12/09 11:56:35:374 orderId = 0 | requestId = 0 | userId = system | channel = SMS | serviceAddress = 268 | keyword = DOI DIEM 1000 | isdn = 84922000512 | subscriberType = -1 | shipTo =  | actionType =  | productId = 0 | commandId = 0 | request =  | response =  | status = 1 | cause =  | description = 
12/09 11:56:35:375 message count: 1
12/09 11:56:40:473 End of process session
12/09 11:56:40:474 Simulator0 stopped
12/09 11:58:32:610 Simulator0 started
12/09 11:58:32:634 Starting process session
12/09 11:58:32:748 Total 0 instances are started
12/09 11:58:32:749 Total 1 instances are added
12/09 11:58:32:750 Begin to send message.
12/09 11:58:32:809 orderId = 0 | requestId = 0 | userId = system | channel = SMS | serviceAddress = 268 | keyword = DOI DIEM 1000 | isdn = 84922000512 | subscriberType = -1 | shipTo =  | actionType =  | productId = 0 | commandId = 0 | request =  | response =  | status = 1 | cause =  | description = 
12/09 11:58:32:810 message count: 1
12/09 11:58:37:855 End of process session
12/09 11:58:37:860 Simulator0 stopped
12/09 12:07:48:131 Simulator0 started
12/09 12:07:48:155 Starting process session
12/09 12:07:48:269 Total 0 instances are started
12/09 12:07:48:270 Total 1 instances are added
12/09 12:07:48:373 End of process session
12/09 12:07:59:374 Simulator0 stopped
12/09 12:08:01:152 Simulator0 started
12/09 12:08:01:175 Starting process session
12/09 12:08:01:288 Total 0 instances are started
12/09 12:08:01:289 Total 1 instances are added
12/09 12:08:01:288 Begin to send message.
12/09 12:08:01:319 orderId = 0 | requestId = 0 | userId = system | channel = SMS | serviceAddress = 268 | keyword = DOI DIEM 1000 | isdn = 84922000512 | subscriberType = -1 | shipTo =  | actionType =  | productId = 0 | commandId = 0 | request =  | response =  | status = 1 | cause =  | description = 
12/09 12:08:01:320 message count: 1
12/09 12:08:06:395 End of process session
12/09 12:08:06:397 Simulator0 stopped
12/09 12:13:56:514 Simulator0 started
12/09 12:13:56:536 Starting process session
12/09 12:13:56:651 Total 0 instances are started
12/09 12:13:56:652 Total 1 instances are added
12/09 12:13:56:653 Begin to send message.
12/09 12:13:56:674 orderId = 0 | requestId = 0 | userId = system | channel = SMS | serviceAddress = 268 | keyword = DOI DIEM 1000 | isdn = 84922000512 | subscriberType = -1 | shipTo =  | actionType =  | productId = 0 | commandId = 0 | request =  | response =  | status = 1 | cause =  | description = 
12/09 12:13:56:675 message count: 1
12/09 12:14:01:777 Begin to send message.
12/09 12:14:06:777 Begin to send message.
12/09 12:14:11:757 End of process session
12/09 12:14:11:759 Simulator0 stopped
12/09 12:14:25:653 Simulator0 started
12/09 12:14:25:681 Starting process session
12/09 12:14:25:795 Total 0 instances are started
12/09 12:14:25:795 Begin to send message.
12/09 12:14:25:796 Total 1 instances are added
12/09 12:14:25:801 orderId = 0 | requestId = 0 | userId = system | channel = SMS | serviceAddress = 268 | keyword = DOI DIEM 1000 | isdn = 84922000512 | subscriberType = -1 | shipTo =  | actionType =  | productId = 0 | commandId = 0 | request =  | response =  | status = 1 | cause =  | description = 
12/09 12:14:25:802 message count: 1
12/09 12:14:30:903 End of process session
12/09 12:14:30:903 Simulator0 stopped
12/09 12:16:23:667 Simulator0 started
12/09 12:16:23:689 Starting process session
12/09 12:16:23:804 Total 0 instances are started
12/09 12:16:23:805 Total 1 instances are added
12/09 12:16:23:805 Begin to send message.
12/09 12:16:23:825 orderId = 0 | requestId = 0 | userId = system | channel = SMS | serviceAddress = 268 | keyword = DOI DIEM 1000 | isdn = 84922000512 | subscriberType = -1 | shipTo =  | actionType =  | productId = 0 | commandId = 0 | request =  | response =  | status = 1 | cause =  | description = 
12/09 12:16:23:826 message count: 1
12/09 12:16:28:910 End of process session
12/09 12:16:28:911 Simulator0 stopped
12/09 12:23:07:709 Simulator0 started
12/09 12:23:07:733 Starting process session
12/09 12:23:07:847 Total 0 instances are started
12/09 12:23:07:847 Begin to send message.
12/09 12:23:07:848 Total 1 instances are added
12/09 12:23:07:865 orderId = 0 | requestId = 0 | userId = system | channel = SMS | serviceAddress = 268 | keyword = DOI DIEM 1000 | isdn = 84922000512 | subscriberType = -1 | shipTo =  | actionType =  | productId = 0 | commandId = 0 | request =  | response =  | status = 1 | cause =  | description = 
12/09 12:23:07:866 message count: 1
12/09 12:23:12:953 End of process session
12/09 12:23:12:954 Simulator0 stopped
12/09 12:26:57:817 Simulator0 started
12/09 12:26:57:840 Starting process session
12/09 12:26:57:950 Total 0 instances are started
12/09 12:26:57:950 Begin to send message.
12/09 12:26:57:951 Total 1 instances are added
12/09 12:26:57:956 orderId = 0 | requestId = 0 | userId = system | channel = SMS | serviceAddress = 268 | keyword = DOI DIEM 1000 | isdn = 84922000512 | subscriberType = -1 | shipTo =  | actionType =  | productId = 0 | commandId = 0 | request =  | response =  | status = 1 | cause =  | description = 
12/09 12:26:57:957 message count: 1
12/09 12:27:03:056 End of process session
12/09 12:27:03:057 Simulator0 stopped
12/09 14:17:26:107 Simulator0 started
12/09 14:17:26:130 Starting process session
12/09 14:17:26:265 Total 0 instances are started
12/09 14:17:26:265 Begin to send message.
12/09 14:17:26:267 Total 1 instances are added
12/09 14:17:26:357 orderId = 0 | requestId = 0 | userId = system | channel = SMS | serviceAddress = 268 | keyword = DOI DIEM 1000 | isdn = 84922000512 | subscriberType = -1 | shipTo =  | actionType =  | productId = 0 | commandId = 0 | request =  | response =  | status = 1 | cause =  | description = 
12/09 14:17:26:358 message count: 1
12/09 14:17:31:370 End of process session
12/09 14:17:31:372 Simulator0 stopped
12/09 14:22:40:445 Simulator0 started
12/09 14:22:40:468 Starting process session
12/09 14:22:40:578 Total 0 instances are started
12/09 14:22:40:578 Begin to send message.
12/09 14:22:40:579 Total 1 instances are added
12/09 14:22:40:584 orderId = 0 | requestId = 0 | userId = system | channel = SMS | serviceAddress = 268 | keyword = DOI DIEM 1000 | isdn = 84922000512 | subscriberType = -1 | shipTo =  | actionType =  | productId = 0 | commandId = 0 | request =  | response =  | status = 1 | cause =  | description = 
12/09 14:22:40:585 message count: 1
12/09 14:22:45:684 End of process session
12/09 14:22:45:685 Simulator0 stopped
12/09 14:31:14:661 Simulator0 started
12/09 14:31:14:684 Starting process session
12/09 14:31:14:793 Total 0 instances are started
12/09 14:31:14:793 Begin to send message.
12/09 14:31:14:794 Total 1 instances are added
12/09 14:31:14:799 orderId = 0 | requestId = 0 | userId = system | channel = SMS | serviceAddress = 268 | keyword = DOI DIEM 1000 | isdn = 84922000512 | subscriberType = -1 | shipTo =  | actionType =  | productId = 0 | commandId = 0 | request =  | response =  | status = 1 | cause =  | description = 
12/09 14:31:14:800 message count: 1
12/09 14:31:19:898 End of process session
12/09 14:31:19:899 Simulator0 stopped
12/09 14:37:05:836 Simulator0 started
12/09 14:37:05:858 Starting process session
12/09 14:37:05:969 Total 0 instances are started
12/09 14:37:05:969 Begin to send message.
12/09 14:37:05:970 Total 1 instances are added
12/09 14:37:05:987 orderId = 0 | requestId = 0 | userId = system | channel = SMS | serviceAddress = 268 | keyword = DOI DIEM 1000 | isdn = 84922000512 | subscriberType = -1 | shipTo =  | actionType =  | productId = 0 | commandId = 0 | request =  | response =  | status = 1 | cause =  | description = 
12/09 14:37:05:989 message count: 1
12/09 14:37:11:074 End of process session
12/09 14:37:11:076 Simulator0 stopped
12/09 14:41:04:028 Simulator0 started
12/09 14:41:04:050 Starting process session
12/09 14:41:04:159 Total 0 instances are started
12/09 14:41:04:159 Begin to send message.
12/09 14:41:04:160 Total 1 instances are added
12/09 14:41:04:163 orderId = 0 | requestId = 0 | userId = system | channel = SMS | serviceAddress = 268 | keyword = DOI DIEM 1000 | isdn = 84922000512 | subscriberType = -1 | shipTo =  | actionType =  | productId = 0 | commandId = 0 | request =  | response =  | status = 1 | cause =  | description = 
12/09 14:41:04:164 message count: 1
12/09 14:41:09:264 End of process session
12/09 14:41:09:265 Simulator0 stopped
12/09 14:44:37:110 Simulator0 started
12/09 14:44:37:130 Starting process session
12/09 14:44:37:240 Total 0 instances are started
12/09 14:44:37:240 Begin to send message.
12/09 14:44:37:241 Total 1 instances are added
12/09 14:44:37:245 orderId = 0 | requestId = 0 | userId = system | channel = SMS | serviceAddress = 268 | keyword = DOI DIEM 1000 | isdn = 84922000512 | subscriberType = -1 | shipTo =  | actionType =  | productId = 0 | commandId = 0 | request =  | response =  | status = 1 | cause =  | description = 
12/09 14:44:37:246 message count: 1
12/09 14:44:42:345 End of process session
12/09 14:44:42:347 Simulator0 stopped
12/09 14:46:52:953 Simulator0 started
12/09 14:46:52:977 Starting process session
12/09 14:46:53:091 Total 0 instances are started
12/09 14:46:53:091 Begin to send message.
12/09 14:46:53:092 Total 1 instances are added
12/09 14:46:53:143 orderId = 0 | requestId = 0 | userId = system | channel = SMS | serviceAddress = 268 | keyword = DOI DIEM 1000 | isdn = 84922000512 | subscriberType = -1 | shipTo =  | actionType =  | productId = 0 | commandId = 0 | request =  | response =  | status = 1 | cause =  | description = 
12/09 14:46:53:144 message count: 1
12/09 14:46:58:199 End of process session
12/09 14:46:58:201 Simulator0 stopped
12/09 14:47:44:019 Simulator0 started
12/09 14:47:44:041 Starting process session
12/09 14:47:44:150 Total 0 instances are started
12/09 14:47:44:151 Total 1 instances are added
12/09 14:47:44:254 End of process session
12/09 14:47:48:256 Simulator0 stopped
12/09 14:47:50:039 Simulator0 started
12/09 14:47:50:061 Starting process session
12/09 14:47:50:186 Total 0 instances are started
12/09 14:47:50:186 Begin to send message.
12/09 14:47:50:187 Total 1 instances are added
12/09 14:47:50:192 orderId = 0 | requestId = 0 | userId = system | channel = SMS | serviceAddress = 268 | keyword = DOI DIEM 1000 | isdn = 84922000512 | subscriberType = -1 | shipTo =  | actionType =  | productId = 0 | commandId = 0 | request =  | response =  | status = 1 | cause =  | description = 
12/09 14:47:50:193 message count: 1
12/09 14:47:55:294 End of process session
12/09 14:47:55:295 Simulator0 stopped
12/09 14:51:38:186 Simulator0 started
12/09 14:51:38:209 Starting process session
12/09 14:51:38:322 Total 0 instances are started
12/09 14:51:38:322 Begin to send message.
12/09 14:51:38:323 Total 1 instances are added
12/09 14:51:38:327 orderId = 0 | requestId = 0 | userId = system | channel = SMS | serviceAddress = 268 | keyword = DOI DIEM 1000 | isdn = 84922000512 | subscriberType = -1 | shipTo =  | actionType =  | productId = 0 | commandId = 0 | request =  | response =  | status = 1 | cause =  | description = 
12/09 14:51:38:328 message count: 1
12/09 14:51:43:431 End of process session
12/09 14:51:43:432 Simulator0 stopped
12/09 14:53:26:284 Simulator0 started
12/09 14:53:26:307 Starting process session
12/09 14:53:26:424 Total 0 instances are started
12/09 14:53:26:426 Total 1 instances are added
12/09 14:53:26:532 End of process session
12/09 14:53:30:533 Simulator0 stopped
12/09 14:53:32:314 Simulator0 started
12/09 14:53:32:339 Starting process session
12/09 14:53:32:459 Total 0 instances are started
12/09 14:53:32:460 Begin to send message.
12/09 14:53:32:461 Total 1 instances are added
12/09 14:53:32:470 orderId = 0 | requestId = 0 | userId = system | channel = SMS | serviceAddress = 268 | keyword = DOI DIEM 1000 | isdn = 84922000512 | subscriberType = -1 | shipTo =  | actionType =  | productId = 0 | commandId = 0 | request =  | response =  | status = 1 | cause =  | description = 
12/09 14:53:32:471 message count: 1
12/09 14:53:37:571 End of process session
12/09 14:53:37:573 Simulator0 stopped
12/09 15:01:56:425 Simulator0 started
12/09 15:01:56:447 Starting process session
12/09 15:01:56:558 Total 0 instances are started
12/09 15:01:56:559 Total 1 instances are added
12/09 15:01:56:558 Begin to send message.
12/09 15:01:56:577 orderId = 0 | requestId = 0 | userId = system | channel = SMS | serviceAddress = 268 | keyword = DOI DIEM 1000 | isdn = 84922000512 | subscriberType = -1 | shipTo =  | actionType =  | productId = 0 | commandId = 0 | request =  | response =  | status = 1 | cause =  | description = 
12/09 15:01:56:578 message count: 1
12/09 15:02:01:663 End of process session
12/09 15:02:01:664 Simulator0 stopped
12/09 15:23:28:022 Simulator0 started
12/09 15:23:28:046 Starting process session
12/09 15:23:28:160 Total 0 instances are started
12/09 15:23:28:160 Begin to send message.
12/09 15:23:28:161 Total 1 instances are added
12/09 15:23:28:181 orderId = 0 | requestId = 0 | userId = system | channel = SMS | serviceAddress = 268 | keyword = DOI DIEM 1000 | isdn = 84922000512 | subscriberType = -1 | shipTo =  | actionType =  | productId = 0 | commandId = 0 | request =  | response =  | status = 1 | cause =  | description = 
12/09 15:23:28:182 message count: 1
12/09 15:23:33:270 End of process session
12/09 15:23:33:271 Simulator0 stopped
12/09 15:24:01:067 Simulator0 started
12/09 15:24:01:091 Starting process session
12/09 15:24:01:205 Total 0 instances are started
12/09 15:24:01:206 Begin to send message.
12/09 15:24:01:206 Total 1 instances are added
12/09 15:24:01:212 orderId = 0 | requestId = 0 | userId = system | channel = SMS | serviceAddress = 268 | keyword = DOI DIEM 1000 | isdn = 84922000512 | subscriberType = -1 | shipTo =  | actionType =  | productId = 0 | commandId = 0 | request =  | response =  | status = 1 | cause =  | description = 
12/09 15:24:01:213 message count: 1
12/09 15:24:06:313 End of process session
12/09 15:24:06:315 Simulator0 stopped
12/09 15:24:19:093 Simulator0 started
12/09 15:24:19:117 Starting process session
12/09 15:24:19:232 Total 0 instances are started
12/09 15:24:19:232 Begin to send message.
12/09 15:24:19:234 Total 1 instances are added
12/09 15:24:19:238 orderId = 0 | requestId = 0 | userId = system | channel = SMS | serviceAddress = 268 | keyword = DOI DIEM 1000 | isdn = 84922000512 | subscriberType = -1 | shipTo =  | actionType =  | productId = 0 | commandId = 0 | request =  | response =  | status = 1 | cause =  | description = 
12/09 15:24:19:239 message count: 1
12/09 15:24:24:340 Begin to send message.
12/09 15:24:29:341 End of process session
12/09 15:24:29:342 Simulator0 stopped
12/09 15:24:48:138 Simulator0 started
12/09 15:24:48:161 Starting process session
12/09 15:24:48:276 Total 0 instances are started
12/09 15:24:48:277 Begin to send message.
12/09 15:24:48:277 Total 1 instances are added
12/09 15:24:48:281 orderId = 0 | requestId = 0 | userId = system | channel = SMS | serviceAddress = 268 | keyword = DOI DIEM 1000 | isdn = 84922000512 | subscriberType = -1 | shipTo =  | actionType =  | productId = 0 | commandId = 0 | request =  | response =  | status = 1 | cause =  | description = 
12/09 15:24:48:282 message count: 1
12/09 15:24:53:381 End of process session
12/09 15:24:53:382 Simulator0 stopped
12/09 15:25:52:773 Simulator0 started
12/09 15:25:52:797 Starting process session
12/09 15:25:52:911 Total 0 instances are started
12/09 15:25:52:912 Total 1 instances are added
12/09 15:25:52:911 Begin to send message.
12/09 15:25:52:939 orderId = 0 | requestId = 0 | userId = system | channel = SMS | serviceAddress = 268 | keyword = DOI DIEM 1000 | isdn = 84922000512 | subscriberType = -1 | shipTo =  | actionType =  | productId = 0 | commandId = 0 | request =  | response =  | status = 1 | cause =  | description = 
12/09 15:25:52:940 message count: 1
12/09 15:25:58:018 End of process session
12/09 15:25:58:025 Simulator0 stopped
12/09 16:15:18:086 Simulator0 started
12/09 16:15:18:111 Starting process session
12/09 16:15:18:245 Total 0 instances are started
12/09 16:15:18:245 Begin to send message.
12/09 16:15:18:246 Total 1 instances are added
12/09 16:15:18:351 orderId = 0 | requestId = 0 | userId = system | channel = SMS | serviceAddress = 268 | keyword = DOI DIEM 49 | isdn = 84922000512 | subscriberType = -1 | shipTo =  | actionType =  | productId = 0 | commandId = 0 | request =  | response =  | status = 1 | cause =  | description = 
12/09 16:15:18:351 message count: 1
12/09 16:15:23:350 End of process session
12/09 16:15:23:351 Simulator0 stopped
12/09 16:18:46:166 Simulator0 started
12/09 16:18:46:190 Starting process session
12/09 16:18:46:300 Total 0 instances are started
12/09 16:18:46:300 Begin to send message.
12/09 16:18:46:301 Total 1 instances are added
12/09 16:18:46:306 orderId = 0 | requestId = 0 | userId = system | channel = SMS | serviceAddress = 268 | keyword = DOI DIEM 49 | isdn = 84922000512 | subscriberType = -1 | shipTo =  | actionType =  | productId = 0 | commandId = 0 | request =  | response =  | status = 1 | cause =  | description = 
12/09 16:18:46:307 message count: 1
12/09 16:18:51:405 End of process session
12/09 16:18:51:406 Simulator0 stopped
12/09 16:19:28:539 Simulator0 started
12/09 16:19:28:562 Starting process session
12/09 16:19:28:674 Total 0 instances are started
12/09 16:19:28:674 Begin to send message.
12/09 16:19:28:675 Total 1 instances are added
12/09 16:19:28:699 orderId = 0 | requestId = 0 | userId = system | channel = SMS | serviceAddress = 268 | keyword = DOI DIEM 49 | isdn = 84922000512 | subscriberType = -1 | shipTo =  | actionType =  | productId = 0 | commandId = 0 | request =  | response =  | status = 1 | cause =  | description = 
12/09 16:19:28:700 message count: 1
12/09 16:19:33:780 End of process session
12/09 16:19:33:781 Simulator0 stopped
12/09 16:19:55:561 Simulator0 started
12/09 16:19:55:583 Starting process session
12/09 16:19:55:693 Total 0 instances are started
12/09 16:19:55:693 Begin to send message.
12/09 16:19:55:694 Total 1 instances are added
12/09 16:19:55:698 orderId = 0 | requestId = 0 | userId = system | channel = SMS | serviceAddress = 268 | keyword = DOI DIEM aa | isdn = 84922000512 | subscriberType = -1 | shipTo =  | actionType =  | productId = 0 | commandId = 0 | request =  | response =  | status = 1 | cause =  | description = 
12/09 16:19:55:699 message count: 1
12/09 16:20:00:798 End of process session
12/09 16:20:00:799 Simulator0 stopped
12/09 16:34:35:240 Simulator0 started
12/09 16:34:35:263 Starting process session
12/09 16:34:35:374 Total 0 instances are started
12/09 16:34:35:375 Total 1 instances are added
12/09 16:34:35:479 End of process session
12/09 16:34:39:480 Simulator0 stopped
12/09 16:34:41:261 Simulator0 started
12/09 16:34:41:283 Starting process session
12/09 16:34:41:394 Total 0 instances are started
12/09 16:34:41:395 Total 1 instances are added
12/09 16:34:41:395 Begin to send message.
12/09 16:34:41:413 orderId = 0 | requestId = 0 | userId = system | channel = SMS | serviceAddress = 268 | keyword = DOI DIEM aa | isdn = 84922000512 | subscriberType = -1 | shipTo =  | actionType =  | productId = 0 | commandId = 0 | request =  | response =  | status = 1 | cause =  | description = 
12/09 16:34:41:414 message count: 1
12/09 16:34:46:499 End of process session
12/09 16:34:46:500 Simulator0 stopped
12/09 16:37:13:523 Simulator0 started
12/09 16:37:13:546 Starting process session
12/09 16:37:13:660 Total 0 instances are started
12/09 16:37:13:661 Total 1 instances are added
12/09 16:37:13:662 Begin to send message.
12/09 16:37:13:699 orderId = 0 | requestId = 0 | userId = system | channel = SMS | serviceAddress = 268 | keyword = DOI DIEM aa | isdn = 84922000512 | subscriberType = -1 | shipTo =  | actionType =  | productId = 0 | commandId = 0 | request =  | response =  | status = 1 | cause =  | description = 
12/09 16:37:13:700 message count: 1
12/09 16:37:18:773 End of process session
12/09 16:37:18:774 Simulator0 stopped
12/09 16:42:32:608 Simulator0 started
12/09 16:42:32:628 Starting process session
12/09 16:42:32:742 Total 0 instances are started
12/09 16:42:32:743 Total 1 instances are added
12/09 16:42:32:850 End of process session
12/09 16:42:36:852 Simulator0 stopped
12/09 16:42:38:628 Simulator0 started
12/09 16:42:38:655 Starting process session
12/09 16:42:38:766 Total 0 instances are started
12/09 16:42:38:767 Total 1 instances are added
12/09 16:42:38:768 Begin to send message.
12/09 16:42:38:773 orderId = 0 | requestId = 0 | userId = system | channel = SMS | serviceAddress = 268 | keyword = DOI DIEMa 60 | isdn = 84922000512 | subscriberType = -1 | shipTo =  | actionType =  | productId = 0 | commandId = 0 | request =  | response =  | status = 1 | cause =  | description = 
12/09 16:42:38:774 message count: 1
12/09 16:42:43:874 End of process session
12/09 16:42:43:875 Simulator0 stopped
12/09 16:45:50:665 Simulator0 started
12/09 16:45:50:695 Starting process session
12/09 16:45:50:806 Total 0 instances are started
12/09 16:45:50:807 Total 1 instances are added
12/09 16:45:50:914 End of process session
12/09 16:46:07:916 Simulator0 stopped
12/09 16:46:09:687 Simulator0 started
12/09 16:46:09:716 Starting process session
12/09 16:46:09:826 Total 0 instances are started
12/09 16:46:09:826 Begin to send message.
12/09 16:46:09:827 Total 1 instances are added
12/09 16:46:09:833 orderId = 0 | requestId = 0 | userId = system | channel = SMS | serviceAddress = 268 | keyword = DOI DIEM aa | isdn = 84922000512 | subscriberType = -1 | shipTo =  | actionType =  | productId = 0 | commandId = 0 | request =  | response =  | status = 1 | cause =  | description = 
12/09 16:46:09:834 message count: 1
12/09 16:46:14:935 Begin to send message.
12/09 16:46:19:936 Begin to send message.
12/09 16:46:24:941 Begin to send message.
12/09 16:46:29:942 Begin to send message.
12/09 16:46:34:943 Begin to send message.
12/09 16:46:39:944 Begin to send message.
12/09 16:46:44:945 Begin to send message.
12/09 16:46:49:945 Begin to send message.
12/09 16:46:54:946 Begin to send message.
12/09 16:46:59:948 Begin to send message.
12/09 16:47:04:948 Begin to send message.
12/09 16:47:09:949 Begin to send message.
12/09 16:47:14:950 Begin to send message.
12/09 16:47:19:951 Begin to send message.
12/09 16:47:24:951 Begin to send message.
12/09 16:47:29:952 Begin to send message.
12/09 16:47:34:953 Begin to send message.
12/09 16:47:39:954 Begin to send message.
12/09 16:47:44:954 Begin to send message.
12/09 16:47:49:955 Begin to send message.
12/09 16:47:54:955 Begin to send message.
12/09 16:47:59:956 Begin to send message.
12/09 16:48:04:956 Begin to send message.
12/09 16:48:09:958 Begin to send message.
12/09 16:48:14:958 Begin to send message.
12/09 16:48:19:959 Begin to send message.
12/09 16:48:24:960 Begin to send message.
12/09 16:48:29:960 Begin to send message.
12/09 16:48:34:960 Begin to send message.
12/09 16:48:39:961 Begin to send message.
12/09 16:48:44:962 Begin to send message.
12/09 16:48:49:962 Begin to send message.
12/09 16:48:54:962 Begin to send message.
12/09 16:48:59:964 Begin to send message.
12/09 16:49:04:965 Begin to send message.
12/09 16:49:43:377 Simulator0 started
12/09 16:49:43:401 Starting process session
12/09 16:49:43:511 Total 0 instances are started
12/09 16:49:43:511 Begin to send message.
12/09 16:49:43:512 Total 1 instances are added
12/09 16:49:43:528 orderId = 0 | requestId = 0 | userId = system | channel = SMS | serviceAddress = 268 | keyword = DOI DIEM aa | isdn = 84922000512 | subscriberType = -1 | shipTo =  | actionType =  | productId = 0 | commandId = 0 | request =  | response =  | status = 1 | cause =  | description = 
12/09 16:49:43:529 message count: 1
12/09 16:49:48:617 End of process session
12/09 16:49:48:618 Simulator0 stopped
12/09 16:51:37:295 Simulator0 started
12/09 16:51:37:317 Starting process session
12/09 16:51:37:429 Total 0 instances are started
12/09 16:51:37:430 Total 1 instances are added
12/09 16:51:37:429 Begin to send message.
12/09 16:51:37:446 orderId = 0 | requestId = 0 | userId = system | channel = SMS | serviceAddress = 268 | keyword = DOI DIEM aa | isdn = 84922000512 | subscriberType = -1 | shipTo =  | actionType =  | productId = 0 | commandId = 0 | request =  | response =  | status = 1 | cause =  | description = 
12/09 16:51:37:447 message count: 1
12/09 16:51:42:535 End of process session
12/09 16:51:42:535 Simulator0 stopped
12/09 16:55:47:822 Simulator0 started
12/09 16:55:47:846 Starting process session
12/09 16:55:47:956 Total 0 instances are started
12/09 16:55:47:957 Total 1 instances are added
12/09 16:55:48:061 End of process session
12/09 16:55:55:062 Simulator0 stopped
12/09 16:55:56:844 Simulator0 started
12/09 16:55:56:867 Starting process session
12/09 16:55:56:978 Total 0 instances are started
12/09 16:55:56:979 Total 1 instances are added
12/09 16:55:56:978 Begin to send message.
12/09 16:55:56:996 orderId = 0 | requestId = 0 | userId = system | channel = SMS | serviceAddress = 268 | keyword = DOI DIEM aa | isdn = 84922000512 | subscriberType = -1 | shipTo =  | actionType =  | productId = 0 | commandId = 0 | request =  | response =  | status = 1 | cause =  | description = 
12/09 16:55:56:997 message count: 1
12/09 16:56:02:082 End of process session
12/09 16:56:02:083 Simulator0 stopped
12/09 17:02:08:391 Simulator0 started
12/09 17:02:08:412 Starting process session
12/09 17:02:08:523 Total 0 instances are started
12/09 17:02:08:523 Begin to send message.
12/09 17:02:08:524 Total 1 instances are added
12/09 17:02:08:572 orderId = 0 | requestId = 0 | userId = system | channel = SMS | serviceAddress = 268 | keyword = DOI DIEM aa | isdn = 84922000512 | subscriberType = -1 | shipTo =  | actionType =  | productId = 0 | commandId = 0 | request =  | response =  | status = 1 | cause =  | description = 
12/09 17:02:08:573 message count: 1
12/09 17:02:13:628 End of process session
12/09 17:02:13:629 Simulator0 stopped
12/09 17:08:09:945 Simulator0 started
12/09 17:08:09:969 Starting process session
12/09 17:08:10:080 Total 0 instances are started
12/09 17:08:10:080 Begin to send message.
12/09 17:08:10:081 Total 1 instances are added
12/09 17:08:10:101 orderId = 0 | requestId = 0 | userId = system | channel = SMS | serviceAddress = 268 | keyword = DOI DIEM aa | isdn = 84922000512 | subscriberType = -1 | shipTo =  | actionType =  | productId = 0 | commandId = 0 | request =  | response =  | status = 1 | cause =  | description = 
12/09 17:08:10:102 message count: 1
12/09 17:08:15:186 End of process session
12/09 17:08:15:187 Simulator0 stopped
12/09 17:10:57:979 Simulator0 started
12/09 17:10:58:002 Starting process session
12/09 17:10:58:112 Total 0 instances are started
12/09 17:10:58:112 Begin to send message.
12/09 17:10:58:113 Total 1 instances are added
12/09 17:10:58:118 orderId = 0 | requestId = 0 | userId = system | channel = SMS | serviceAddress = 268 | keyword = DOI DIEM 49 | isdn = 84922000512 | subscriberType = -1 | shipTo =  | actionType =  | productId = 0 | commandId = 0 | request =  | response =  | status = 1 | cause =  | description = 
12/09 17:10:58:119 message count: 1
12/09 17:11:03:219 End of process session
12/09 17:11:03:220 Simulator0 stopped
12/09 17:11:22:000 Simulator0 started
12/09 17:11:22:023 Starting process session
12/09 17:11:22:132 Total 0 instances are started
12/09 17:11:22:133 Total 1 instances are added
12/09 17:11:22:236 End of process session
12/09 17:11:26:239 Simulator0 stopped
12/09 17:11:28:023 Simulator0 started
12/09 17:11:28:046 Starting process session
12/09 17:11:28:156 Total 0 instances are started
12/09 17:11:28:156 Begin to send message.
12/09 17:11:28:157 Total 1 instances are added
12/09 17:11:28:161 orderId = 0 | requestId = 0 | userId = system | channel = SMS | serviceAddress = 268 | keyword = DOI DIEM49 | isdn = 84922000512 | subscriberType = -1 | shipTo =  | actionType =  | productId = 0 | commandId = 0 | request =  | response =  | status = 1 | cause =  | description = 
12/09 17:11:28:161 message count: 1
12/09 17:11:33:261 End of process session
12/09 17:11:33:262 Simulator0 stopped
12/09 17:16:08:269 Simulator0 started
12/09 17:16:08:289 Starting process session
12/09 17:16:08:417 Total 0 instances are started
12/09 17:16:08:417 Begin to send message.
12/09 17:16:08:418 Total 1 instances are added
12/09 17:16:08:501 orderId = 0 | requestId = 0 | userId = system | channel = SMS | serviceAddress = 268 | keyword = HUY CAM | isdn = 84922000512 | subscriberType = -1 | shipTo =  | actionType =  | productId = 0 | commandId = 0 | request =  | response =  | status = 1 | cause =  | description = 
12/09 17:16:08:501 message count: 1
12/09 17:16:13:521 End of process session
12/09 17:16:13:522 Simulator0 stopped
12/09 17:16:42:293 Simulator0 started
12/09 17:16:42:316 Starting process session
12/09 17:16:42:425 Total 0 instances are started
12/09 17:16:42:426 Total 1 instances are added
12/09 17:16:42:425 Begin to send message.
12/09 17:16:42:432 orderId = 0 | requestId = 0 | userId = system | channel = SMS | serviceAddress = 268 | keyword = TRA DIEM | isdn = 84922000512 | subscriberType = -1 | shipTo =  | actionType =  | productId = 0 | commandId = 0 | request =  | response =  | status = 1 | cause =  | description = 
12/09 17:16:42:432 message count: 1
12/09 17:16:47:530 End of process session
12/09 17:16:47:531 Simulator0 stopped
