03/09 08:31:49:497 Simulator0 started
03/09 08:31:49:518 Starting process session
03/09 08:31:49:648 Begin to send message.
03/09 08:31:49:648 Total 0 instances are started
03/09 08:31:49:651 Total 1 instances are added
03/09 08:31:49:780 orderId = 0 | requestId = 0 | userId = system | channel = SMS | serviceAddress = 268 | keyword = TRADIEM | isdn = 84922000514 | subscriberType = -1 | shipTo =  | actionType =  | productId = 0 | commandId = 0 | request =  | response =  | status = 1 | cause =  | description = 
03/09 08:31:49:781 message count: 1
03/09 08:31:54:884 Begin to send message.
03/09 08:32:36:114 Simulator0 started
03/09 08:32:36:134 Starting process session
03/09 08:32:36:248 Total 0 instances are started
03/09 08:32:36:249 Begin to send message.
03/09 08:32:36:252 Total 1 instances are added
03/09 08:32:36:329 orderId = 0 | requestId = 0 | userId = system | channel = SMS | serviceAddress = 268 | keyword = TRADIEM | isdn = 84922000514 | subscriberType = -1 | shipTo =  | actionType =  | productId = 0 | commandId = 0 | request =  | response =  | status = 1 | cause =  | description = 
03/09 08:32:36:330 message count: 1
03/09 08:32:41:360 End of process session
03/09 08:32:41:373 Simulator0 stopped
03/09 08:32:43:153 Simulator0 started
03/09 08:32:43:176 Starting process session
03/09 08:32:43:288 Total 0 instances are started
03/09 08:32:43:289 Total 1 instances are added
03/09 08:32:43:289 Begin to send message.
03/09 08:32:43:298 orderId = 0 | requestId = 0 | userId = system | channel = SMS | serviceAddress = 268 | keyword = TRADIEM | isdn = 84922000514 | subscriberType = -1 | shipTo =  | actionType =  | productId = 0 | commandId = 0 | request =  | response =  | status = 1 | cause =  | description = 
03/09 08:32:43:299 message count: 1
03/09 08:32:48:401 End of process session
03/09 08:32:48:402 Simulator0 stopped
03/09 08:33:31:817 Simulator0 started
03/09 08:33:31:836 Starting process session
03/09 08:33:31:949 Total 0 instances are started
03/09 08:33:31:950 Total 1 instances are added
03/09 08:33:32:053 End of process session
03/09 08:33:37:054 Simulator0 stopped
03/09 08:33:38:853 Simulator0 started
03/09 08:33:38:877 Starting process session
03/09 08:33:38:991 Total 0 instances are started
03/09 08:33:38:992 Total 1 instances are added
03/09 08:33:38:992 Begin to send message.
03/09 08:33:39:026 orderId = 0 | requestId = 0 | userId = system | channel = SMS | serviceAddress = 268 | keyword = TRADIEM | isdn = 84922000514 | subscriberType = -1 | shipTo =  | actionType =  | productId = 0 | commandId = 0 | request =  | response =  | status = 1 | cause =  | description = 
03/09 08:33:39:027 message count: 1
03/09 08:33:44:111 End of process session
03/09 08:33:44:112 Simulator0 stopped
03/09 08:33:51:882 Simulator0 started
03/09 08:33:51:903 Starting process session
03/09 08:33:52:014 Total 0 instances are started
03/09 08:33:52:015 Total 1 instances are added
03/09 08:33:52:127 End of process session
03/09 08:33:56:130 Simulator0 stopped
03/09 08:36:08:949 Simulator0 started
03/09 08:36:09:014 Starting process session
03/09 08:36:09:125 Total 0 instances are started
03/09 08:36:09:126 Total 1 instances are added
03/09 08:36:09:126 Begin to send message.
03/09 08:36:09:159 orderId = 0 | requestId = 0 | userId = system | channel = SMS | serviceAddress = 268 | keyword = TRADIEM | isdn = 84922000514 | subscriberType = -1 | shipTo =  | actionType =  | productId = 0 | commandId = 0 | request =  | response =  | status = 1 | cause =  | description = 
03/09 08:36:09:160 message count: 1
03/09 08:36:14:240 End of process session
03/09 08:36:14:241 Simulator0 stopped
03/09 08:36:15:982 Simulator0 started
03/09 08:36:16:002 Starting process session
03/09 08:36:16:114 Total 0 instances are started
03/09 08:36:16:115 Total 1 instances are added
03/09 08:36:16:115 Begin to send message.
03/09 08:36:16:133 orderId = 0 | requestId = 0 | userId = system | channel = SMS | serviceAddress = 268 | keyword = TRADIEM | isdn = 84922000514 | subscriberType = -1 | shipTo =  | actionType =  | productId = 0 | commandId = 0 | request =  | response =  | status = 1 | cause =  | description = 
03/09 08:36:16:134 message count: 1
03/09 08:36:21:236 Begin to send message.
03/09 08:36:26:231 End of process session
03/09 08:36:26:232 Simulator0 stopped
03/09 08:37:16:948 Simulator0 started
03/09 08:37:16:971 Starting process session
03/09 08:37:17:092 Total 0 instances are started
03/09 08:37:17:094 Total 1 instances are added
03/09 08:37:17:093 Begin to send message.
03/09 08:37:17:129 orderId = 0 | requestId = 0 | userId = system | channel = SMS | serviceAddress = 268 | keyword = TRADIEM | isdn = 84922000514 | subscriberType = -1 | shipTo =  | actionType =  | productId = 0 | commandId = 0 | request =  | response =  | status = 1 | cause =  | description = 
03/09 08:37:17:130 message count: 1
03/09 08:37:22:211 End of process session
03/09 08:37:22:212 Simulator0 stopped
03/09 08:37:23:984 Simulator0 started
03/09 08:37:24:008 Starting process session
03/09 08:37:24:124 Total 0 instances are started
03/09 08:37:24:124 Begin to send message.
03/09 08:37:24:125 Total 1 instances are added
03/09 08:37:24:142 orderId = 0 | requestId = 0 | userId = system | channel = SMS | serviceAddress = 268 | keyword = TRADIEM | isdn = 84922000514 | subscriberType = -1 | shipTo =  | actionType =  | productId = 0 | commandId = 0 | request =  | response =  | status = 1 | cause =  | description = 
03/09 08:37:24:144 message count: 1
03/09 08:37:29:241 End of process session
03/09 08:37:29:243 Simulator0 stopped
03/09 10:08:48:942 Simulator0 started
03/09 10:08:48:962 Starting process session
03/09 10:08:49:077 Total 0 instances are started
03/09 10:08:49:078 Total 1 instances are added
03/09 10:08:49:079 Begin to send message.
03/09 10:08:49:190 orderId = 0 | requestId = 0 | userId = system | channel = SMS | serviceAddress = 268 | keyword = TRADIEM | isdn = 84922000514 | subscriberType = -1 | shipTo =  | actionType =  | productId = 0 | commandId = 0 | request =  | response =  | status = 1 | cause =  | description = 
03/09 10:08:49:191 message count: 1
03/09 10:08:54:293 Begin to send message.
03/09 10:08:59:293 Begin to send message.
03/09 10:09:04:293 Begin to send message.
03/09 10:09:09:293 Begin to send message.
03/09 10:09:14:295 Begin to send message.
03/09 10:09:19:296 Begin to send message.
03/09 10:09:24:296 Begin to send message.
03/09 10:09:29:298 Begin to send message.
03/09 10:09:34:298 Begin to send message.
03/09 10:09:39:298 Begin to send message.
03/09 10:09:44:298 Begin to send message.
03/09 10:09:49:299 Begin to send message.
03/09 10:09:54:300 Begin to send message.
03/09 10:09:59:301 Begin to send message.
03/09 10:10:04:303 Begin to send message.
03/09 10:10:09:304 Begin to send message.
03/09 10:10:14:307 Begin to send message.
03/09 10:10:19:307 Begin to send message.
03/09 10:10:24:308 Begin to send message.
03/09 10:10:29:308 Begin to send message.
03/09 10:10:34:308 Begin to send message.
03/09 10:10:39:310 Begin to send message.
03/09 10:10:44:310 Begin to send message.
03/09 10:10:49:310 Begin to send message.
03/09 10:10:54:311 Begin to send message.
03/09 10:10:59:312 Begin to send message.
03/09 10:11:04:312 Begin to send message.
03/09 10:11:09:349 Begin to send message.
03/09 10:11:14:351 Begin to send message.
03/09 10:11:19:351 Begin to send message.
03/09 10:11:24:351 Begin to send message.
03/09 10:11:29:351 Begin to send message.
03/09 10:11:34:352 Begin to send message.
03/09 10:11:39:352 Begin to send message.
03/09 10:11:44:353 Begin to send message.
03/09 10:11:49:354 Begin to send message.
03/09 10:19:04:819 Simulator0 started
03/09 10:19:04:836 Starting process session
03/09 10:19:04:956 Begin to send message.
03/09 10:19:04:956 Total 0 instances are started
03/09 10:19:04:959 Total 1 instances are added
03/09 10:19:05:105 orderId = 0 | requestId = 0 | userId = system | channel = SMS | serviceAddress = 268 | keyword = DK CAM | isdn = 84922000514 | subscriberType = -1 | shipTo =  | actionType =  | productId = 0 | commandId = 0 | request =  | response =  | status = 1 | cause =  | description = 
03/09 10:19:05:107 message count: 1
03/09 10:19:10:066 End of process session
03/09 10:19:10:067 Simulator0 stopped
03/09 11:22:45:810 Simulator0 started
03/09 11:22:45:832 Starting process session
03/09 11:22:45:987 Total 0 instances are started
03/09 11:22:45:987 Begin to send message.
03/09 11:22:45:988 Total 1 instances are added
03/09 11:22:46:050 orderId = 0 | requestId = 0 | userId = system | channel = SMS | serviceAddress = 268 | keyword = DK CAM | isdn = 84922000514 | subscriberType = -1 | shipTo =  | actionType =  | productId = 0 | commandId = 0 | request =  | response =  | status = 1 | cause =  | description = 
03/09 11:22:46:051 message count: 1
03/09 11:22:51:095 End of process session
03/09 11:22:51:096 Simulator0 stopped
03/09 11:23:34:879 Simulator0 started
03/09 11:23:34:903 Starting process session
03/09 11:23:35:012 Total 0 instances are started
03/09 11:23:35:013 Total 1 instances are added
03/09 11:23:35:012 Begin to send message.
03/09 11:23:35:022 orderId = 0 | requestId = 0 | userId = system | channel = SMS | serviceAddress = 268 | keyword = HUY CAM | isdn = 84922000514 | subscriberType = -1 | shipTo =  | actionType =  | productId = 0 | commandId = 0 | request =  | response =  | status = 1 | cause =  | description = 
03/09 11:23:35:023 message count: 1
03/09 11:23:40:117 End of process session
03/09 11:23:40:119 Simulator0 stopped
03/09 11:24:04:950 Simulator0 started
03/09 11:24:04:970 Starting process session
03/09 11:24:05:079 Total 0 instances are started
03/09 11:24:05:080 Total 1 instances are added
03/09 11:24:05:079 Begin to send message.
03/09 11:24:05:088 orderId = 0 | requestId = 0 | userId = system | channel = SMS | serviceAddress = 268 | keyword = DK CAM | isdn = 84922000514 | subscriberType = -1 | shipTo =  | actionType =  | productId = 0 | commandId = 0 | request =  | response =  | status = 1 | cause =  | description = 
03/09 11:24:05:089 message count: 1
03/09 11:24:10:185 End of process session
03/09 11:24:10:186 Simulator0 stopped
03/09 11:28:52:141 Simulator0 started
03/09 11:28:52:160 Starting process session
03/09 11:28:52:271 Total 0 instances are started
03/09 11:28:52:271 Begin to send message.
03/09 11:28:52:272 Total 1 instances are added
03/09 11:28:52:301 orderId = 0 | requestId = 0 | userId = system | channel = SMS | serviceAddress = 268 | keyword = DK CAM | isdn = 84922000514 | subscriberType = -1 | shipTo =  | actionType =  | productId = 0 | commandId = 0 | request =  | response =  | status = 1 | cause =  | description = 
03/09 11:28:52:301 message count: 1
03/09 11:28:57:386 End of process session
03/09 11:28:57:387 Simulator0 stopped
03/09 11:30:37:204 Simulator0 started
03/09 11:30:37:223 Starting process session
03/09 11:30:37:334 Total 0 instances are started
03/09 11:30:37:334 Begin to send message.
03/09 11:30:37:335 Total 1 instances are added
03/09 11:30:37:343 orderId = 0 | requestId = 0 | userId = system | channel = SMS | serviceAddress = 268 | keyword = DK CAM | isdn = 84922000514 | subscriberType = -1 | shipTo =  | actionType =  | productId = 0 | commandId = 0 | request =  | response =  | status = 1 | cause =  | description = 
03/09 11:30:37:344 message count: 1
03/09 11:30:42:443 End of process session
03/09 11:30:42:444 Simulator0 stopped
03/09 11:36:59:436 Simulator0 started
03/09 11:36:59:452 Starting process session
03/09 11:36:59:565 Total 0 instances are started
03/09 11:36:59:565 Begin to send message.
03/09 11:36:59:566 Total 1 instances are added
03/09 11:36:59:574 orderId = 0 | requestId = 0 | userId = system | channel = SMS | serviceAddress = 268 | keyword = DK CAM | isdn = 84922000514 | subscriberType = -1 | shipTo =  | actionType =  | productId = 0 | commandId = 0 | request =  | response =  | status = 1 | cause =  | description = 
03/09 11:36:59:575 message count: 1
03/09 11:37:04:673 End of process session
03/09 11:37:04:675 Simulator0 stopped
03/09 11:37:06:461 Simulator0 started
03/09 11:37:06:481 Starting process session
03/09 11:37:06:589 Total 0 instances are started
03/09 11:37:06:589 Begin to send message.
03/09 11:37:06:590 Total 1 instances are added
03/09 11:37:06:597 orderId = 0 | requestId = 0 | userId = system | channel = SMS | serviceAddress = 268 | keyword = DK CAM | isdn = 84922000514 | subscriberType = -1 | shipTo =  | actionType =  | productId = 0 | commandId = 0 | request =  | response =  | status = 1 | cause =  | description = 
03/09 11:37:06:598 message count: 1
03/09 11:37:11:696 End of process session
03/09 11:37:11:697 Simulator0 stopped
03/09 11:43:51:223 Simulator0 started
03/09 11:43:51:241 Starting process session
03/09 11:43:51:357 Total 0 instances are started
03/09 11:43:51:360 Total 1 instances are added
03/09 11:43:51:367 Begin to send message.
03/09 11:43:51:390 orderId = 0 | requestId = 0 | userId = system | channel = SMS | serviceAddress = 268 | keyword = DK CAM | isdn = 84922000514 | subscriberType = -1 | shipTo =  | actionType =  | productId = 0 | commandId = 0 | request =  | response =  | status = 1 | cause =  | description = 
03/09 11:43:51:391 message count: 1
03/09 11:43:56:473 End of process session
03/09 11:43:56:474 Simulator0 stopped
03/09 11:49:53:769 Simulator0 started
03/09 11:49:53:794 Starting process session
03/09 11:49:53:927 Total 0 instances are started
03/09 11:49:53:928 Total 1 instances are added
03/09 11:49:54:032 End of process session
03/09 11:49:58:033 Simulator0 stopped
03/09 11:49:59:809 Simulator0 started
03/09 11:49:59:835 Starting process session
03/09 11:49:59:947 Total 0 instances are started
03/09 11:49:59:948 Total 1 instances are added
03/09 11:50:00:052 End of process session
03/09 11:50:11:053 Simulator0 stopped
03/09 11:50:12:873 Simulator0 started
03/09 11:50:12:893 Starting process session
03/09 11:50:13:005 Total 0 instances are started
03/09 11:50:13:006 Total 1 instances are added
03/09 11:50:13:108 End of process session
03/09 11:50:23:109 Simulator0 stopped
03/09 11:50:24:904 Simulator0 started
03/09 11:50:24:926 Starting process session
03/09 11:50:25:038 Total 0 instances are started
03/09 11:50:25:039 Total 1 instances are added
03/09 11:50:25:143 End of process session
03/09 11:51:08:172 Simulator0 started
03/09 11:51:08:192 Starting process session
03/09 11:51:08:304 Total 0 instances are started
03/09 11:51:08:304 Begin to send message.
03/09 11:51:08:305 Total 1 instances are added
03/09 11:51:08:335 orderId = 0 | requestId = 0 | userId = system | channel = SMS | serviceAddress = 268 | keyword = DK CAM | isdn = 84922000514 | subscriberType = -1 | shipTo =  | actionType =  | productId = 0 | commandId = 0 | request =  | response =  | status = 1 | cause =  | description = 
03/09 11:51:08:336 message count: 1
03/09 11:51:13:412 End of process session
03/09 11:51:13:413 Simulator0 stopped
03/09 13:36:41:781 Simulator0 started
03/09 13:36:41:806 Starting process session
03/09 13:36:41:949 Total 0 instances are started
03/09 13:36:41:950 Total 1 instances are added
03/09 13:36:42:055 End of process session
03/09 13:37:00:058 Simulator0 stopped
03/09 13:37:01:837 Simulator0 started
03/09 13:37:01:857 Starting process session
03/09 13:37:01:968 Total 0 instances are started
03/09 13:37:01:969 Total 1 instances are added
03/09 13:37:01:968 Begin to send message.
03/09 13:37:02:100 orderId = 0 | requestId = 0 | userId = system | channel = SMS | serviceAddress = 268 | keyword = DK CAM | isdn = 84922000514 | subscriberType = -1 | shipTo =  | actionType =  | productId = 0 | commandId = 0 | request =  | response =  | status = 1 | cause =  | description = 
03/09 13:37:02:101 message count: 1
03/09 13:37:07:074 End of process session
03/09 13:37:07:075 Simulator0 stopped
03/09 13:43:02:007 Simulator0 started
03/09 13:43:02:030 Starting process session
03/09 13:43:02:140 Total 0 instances are started
03/09 13:43:02:140 Begin to send message.
03/09 13:43:02:141 Total 1 instances are added
03/09 13:43:02:161 orderId = 0 | requestId = 0 | userId = system | channel = SMS | serviceAddress = 268 | keyword = DOIDIEM 1000 | isdn = 84922000514 | subscriberType = -1 | shipTo =  | actionType =  | productId = 0 | commandId = 0 | request =  | response =  | status = 1 | cause =  | description = 
03/09 13:43:02:162 message count: 1
03/09 13:43:07:246 End of process session
03/09 13:43:07:247 Simulator0 stopped
03/09 14:03:55:712 Simulator0 started
03/09 14:03:55:732 Starting process session
03/09 14:03:55:840 Total 0 instances are started
03/09 14:03:55:840 Begin to send message.
03/09 14:03:55:841 Total 1 instances are added
03/09 14:03:55:847 orderId = 0 | requestId = 0 | userId = system | channel = SMS | serviceAddress = 268 | keyword = DK CAM | isdn = 84922000514 | subscriberType = -1 | shipTo =  | actionType =  | productId = 0 | commandId = 0 | request =  | response =  | status = 1 | cause =  | description = 
03/09 14:03:55:848 message count: 1
03/09 14:04:00:947 End of process session
03/09 14:04:00:948 Simulator0 stopped
03/09 14:05:41:762 Simulator0 started
03/09 14:05:41:783 Starting process session
03/09 14:05:41:892 Total 0 instances are started
03/09 14:05:41:892 Begin to send message.
03/09 14:05:41:893 Total 1 instances are added
03/09 14:05:41:901 orderId = 0 | requestId = 0 | userId = system | channel = SMS | serviceAddress = 268 | keyword = DK CAM | isdn = 84922000514 | subscriberType = -1 | shipTo =  | actionType =  | productId = 0 | commandId = 0 | request =  | response =  | status = 1 | cause =  | description = 
03/09 14:05:41:902 message count: 1
03/09 14:05:46:998 End of process session
03/09 14:05:46:999 Simulator0 stopped
03/09 14:06:06:796 Simulator0 started
03/09 14:06:06:819 Starting process session
03/09 14:06:06:928 Total 0 instances are started
03/09 14:06:06:928 Begin to send message.
03/09 14:06:06:929 Total 1 instances are added
03/09 14:06:06:935 orderId = 0 | requestId = 0 | userId = system | channel = SMS | serviceAddress = 268 | keyword = DOIDIEM 1000 | isdn = 84922000514 | subscriberType = -1 | shipTo =  | actionType =  | productId = 0 | commandId = 0 | request =  | response =  | status = 1 | cause =  | description = 
03/09 14:06:06:936 message count: 1
03/09 14:06:12:033 End of process session
03/09 14:06:12:034 Simulator0 stopped
03/09 14:12:59:940 Simulator0 started
03/09 14:12:59:960 Starting process session
03/09 14:13:00:070 Total 0 instances are started
03/09 14:13:00:070 Begin to send message.
03/09 14:13:00:070 Total 1 instances are added
03/09 14:13:00:074 orderId = 0 | requestId = 0 | userId = system | channel = SMS | serviceAddress = 268 | keyword = DOIDIEM 1000 | isdn = 84922000514 | subscriberType = -1 | shipTo =  | actionType =  | productId = 0 | commandId = 0 | request =  | response =  | status = 1 | cause =  | description = 
03/09 14:13:00:075 message count: 1
03/09 14:13:05:175 End of process session
03/09 14:13:05:176 Simulator0 stopped
03/09 14:18:03:384 Simulator0 started
03/09 14:18:03:405 Starting process session
03/09 14:18:03:515 Total 0 instances are started
03/09 14:18:03:515 Begin to send message.
03/09 14:18:03:516 Total 1 instances are added
03/09 14:18:03:554 orderId = 0 | requestId = 0 | userId = system | channel = SMS | serviceAddress = 268 | keyword = DOIDIEM 1000 | isdn = 84922000514 | subscriberType = -1 | shipTo =  | actionType =  | productId = 0 | commandId = 0 | request =  | response =  | status = 1 | cause =  | description = 
03/09 14:18:03:555 message count: 1
03/09 14:18:08:620 End of process session
03/09 14:18:08:621 Simulator0 stopped
03/09 14:19:25:491 Simulator0 started
03/09 14:19:25:512 Starting process session
03/09 14:19:25:623 Total 0 instances are started
03/09 14:19:25:623 Begin to send message.
03/09 14:19:25:624 Total 1 instances are added
03/09 14:19:25:627 orderId = 0 | requestId = 0 | userId = system | channel = SMS | serviceAddress = 268 | keyword = DK CAM | isdn = 84922000514 | subscriberType = -1 | shipTo =  | actionType =  | productId = 0 | commandId = 0 | request =  | response =  | status = 1 | cause =  | description = 
03/09 14:19:25:628 message count: 1
03/09 14:19:30:729 End of process session
03/09 14:19:30:731 Simulator0 stopped
03/09 15:03:02:624 Simulator0 started
03/09 15:03:02:651 Starting process session
03/09 15:03:02:760 Total 0 instances are started
03/09 15:03:02:760 Begin to send message.
03/09 15:03:02:761 Total 1 instances are added
03/09 15:03:02:797 orderId = 0 | requestId = 0 | userId = system | channel = SMS | serviceAddress = 268 | keyword = TRADIEM | isdn = 84922000514 | subscriberType = -1 | shipTo =  | actionType =  | productId = 0 | commandId = 0 | request =  | response =  | status = 1 | cause =  | description = 
03/09 15:03:02:798 message count: 1
03/09 15:03:07:874 End of process session
03/09 15:03:07:875 Simulator0 stopped
03/09 15:06:38:799 Simulator0 started
03/09 15:06:38:819 Starting process session
03/09 15:06:38:928 Total 0 instances are started
03/09 15:06:38:928 Begin to send message.
03/09 15:06:38:929 Total 1 instances are added
03/09 15:06:38:938 orderId = 0 | requestId = 0 | userId = system | channel = SMS | serviceAddress = 268 | keyword = TRADIEM | isdn = 84922000514 | subscriberType = -1 | shipTo =  | actionType =  | productId = 0 | commandId = 0 | request =  | response =  | status = 1 | cause =  | description = 
03/09 15:06:38:939 message count: 1
03/09 15:06:44:036 End of process session
03/09 15:06:44:037 Simulator0 stopped
03/09 15:10:40:812 Simulator0 started
03/09 15:10:40:829 Starting process session
03/09 15:10:40:941 Total 0 instances are started
03/09 15:10:40:941 Begin to send message.
03/09 15:10:40:942 Total 1 instances are added
03/09 15:10:40:972 orderId = 0 | requestId = 0 | userId = system | channel = SMS | serviceAddress = 268 | keyword = TRADIEM | isdn = 84922000514 | subscriberType = -1 | shipTo =  | actionType =  | productId = 0 | commandId = 0 | request =  | response =  | status = 1 | cause =  | description = 
03/09 15:10:40:973 message count: 1
03/09 15:10:46:047 End of process session
03/09 15:10:46:049 Simulator0 stopped
03/09 15:19:54:105 Simulator0 started
03/09 15:19:54:129 Starting process session
03/09 15:19:54:240 Total 0 instances are started
03/09 15:19:54:240 Begin to send message.
03/09 15:19:54:240 Total 1 instances are added
03/09 15:19:54:245 orderId = 0 | requestId = 0 | userId = system | channel = SMS | serviceAddress = 268 | keyword = TRADIEM | isdn = 84922000514 | subscriberType = -1 | shipTo =  | actionType =  | productId = 0 | commandId = 0 | request =  | response =  | status = 1 | cause =  | description = 
03/09 15:19:54:245 message count: 1
03/09 15:19:59:346 End of process session
03/09 15:19:59:348 Simulator0 stopped
03/09 15:25:03:649 Simulator0 started
03/09 15:25:03:669 Starting process session
03/09 15:25:03:776 Total 0 instances are started
03/09 15:25:03:777 Total 1 instances are added
03/09 15:25:03:882 End of process session
03/09 15:25:07:883 Simulator0 stopped
03/09 15:25:24:712 Simulator0 started
03/09 15:25:24:733 Starting process session
03/09 15:25:24:842 Total 0 instances are started
03/09 15:25:24:842 Begin to send message.
03/09 15:25:24:843 Total 1 instances are added
03/09 15:25:24:849 orderId = 0 | requestId = 0 | userId = system | channel = SMS | serviceAddress = 268 | keyword = TRADIEM | isdn = 84922000514 | subscriberType = -1 | shipTo =  | actionType =  | productId = 0 | commandId = 0 | request =  | response =  | status = 1 | cause =  | description = 
03/09 15:25:24:850 message count: 1
03/09 15:25:29:949 End of process session
03/09 15:25:29:950 Simulator0 stopped
03/09 15:31:40:565 Simulator0 started
03/09 15:31:40:584 Starting process session
03/09 15:31:40:697 Total 0 instances are started
03/09 15:31:40:698 Begin to send message.
03/09 15:31:40:699 Total 1 instances are added
03/09 15:31:40:763 orderId = 0 | requestId = 0 | userId = system | channel = SMS | serviceAddress = 268 | keyword = TRADIEM | isdn = 84922000514 | subscriberType = -1 | shipTo =  | actionType =  | productId = 0 | commandId = 0 | request =  | response =  | status = 1 | cause =  | description = 
03/09 15:31:40:764 message count: 1
03/09 15:31:45:817 End of process session
03/09 15:31:45:819 Simulator0 stopped
03/09 15:50:17:968 Simulator0 started
03/09 15:50:17:987 Starting process session
03/09 15:50:18:100 Total 0 instances are started
03/09 15:50:18:101 Total 1 instances are added
03/09 15:50:18:100 Begin to send message.
03/09 15:50:18:130 orderId = 0 | requestId = 0 | userId = system | channel = SMS | serviceAddress = 268 | keyword = TRADIEM | isdn = 84922000514 | subscriberType = -1 | shipTo =  | actionType =  | productId = 0 | commandId = 0 | request =  | response =  | status = 1 | cause =  | description = 
03/09 15:50:18:131 message count: 1
03/09 15:50:23:206 End of process session
03/09 15:50:23:207 Simulator0 stopped
03/09 15:51:24:043 Simulator0 started
03/09 15:51:24:064 Starting process session
03/09 15:51:24:187 Total 0 instances are started
03/09 15:51:24:187 Begin to send message.
03/09 15:51:24:188 Total 1 instances are added
03/09 15:51:24:196 orderId = 0 | requestId = 0 | userId = system | channel = SMS | serviceAddress = 268 | keyword = TRADIEM | isdn = 84922000514 | subscriberType = -1 | shipTo =  | actionType =  | productId = 0 | commandId = 0 | request =  | response =  | status = 1 | cause =  | description = 
03/09 15:51:24:197 message count: 1
03/09 15:51:29:295 End of process session
03/09 15:51:29:296 Simulator0 stopped
03/09 15:54:29:309 Simulator0 started
03/09 15:54:29:330 Starting process session
03/09 15:54:29:445 Total 0 instances are started
03/09 15:54:29:445 Begin to send message.
ded
03/09 15:54:29:477 orderId = 0 | requestId = 0 | userId = system | channel = SMS | serviceAddress = 268 | keyword = TRADIEM | isdn = 84922000514 | subscriberType = -1 | shipTo =  | actionType =  | productId = 0 | commandId = 0 | request =  | response =  | status = 1 | cause =  | description = 
03/09 15:54:29:478 message count: 1
03/09 15:54:34:555 End of process session
03/09 15:54:34:559 Simulator0 stopped
03/09 15:54:37:349 Simulator0 started
03/09 15:54:37:370 Starting process session
03/09 15:54:37:483 Total 0 instances are started
03/09 15:54:37:484 Total 1 instances are added
03/09 15:54:37:483 Begin to send message.
03/09 15:54:37:493 orderId = 0 | requestId = 0 | userId = system | channel = SMS | serviceAddress = 268 | keyword = TRADIEM | isdn = 84922000514 | subscriberType = -1 | shipTo =  | actionType =  | productId = 0 | commandId = 0 | request =  | response =  | status = 1 | cause =  | description = 
03/09 15:54:37:495 message count: 1
03/09 15:54:42:597 Begin to send message.
03/09 15:54:47:610 End of process session
03/09 15:54:47:612 Simulator0 stopped
03/09 15:54:49:384 Simulator0 started
03/09 15:54:49:407 Starting process session
03/09 15:54:49:529 Total 0 instances are started
03/09 15:54:49:530 Total 1 instances are added
03/09 15:54:49:530 Begin to send message.
03/09 15:54:49:537 orderId = 0 | requestId = 0 | userId = system | channel = SMS | serviceAddress = 268 | keyword = TRADIEM | isdn = 84922000514 | subscriberType = -1 | shipTo =  | actionType =  | productId = 0 | commandId = 0 | request =  | response =  | status = 1 | cause =  | description = 
03/09 15:54:49:538 message count: 1
03/09 15:54:54:640 Begin to send message.
03/09 15:54:59:642 Begin to send message.
03/09 15:55:04:643 Begin to send message.
03/09 15:55:09:644 Begin to send message.
03/09 15:55:14:646 Begin to send message.
03/09 15:55:19:647 Begin to send message.
03/09 15:55:24:647 Begin to send message.
03/09 15:55:29:651 Begin to send message.
03/09 15:55:34:653 Begin to send message.
03/09 15:55:39:654 Begin to send message.
03/09 15:55:44:655 Begin to send message.
03/09 15:55:49:657 Begin to send message.
03/09 15:55:54:658 Begin to send message.
03/09 15:55:59:659 Begin to send message.
03/09 15:56:04:660 Begin to send message.
03/09 15:56:09:662 Begin to send message.
03/09 15:56:14:663 Begin to send message.
03/09 15:56:19:664 Begin to send message.
03/09 15:56:24:666 Begin to send message.
03/09 15:56:29:667 Begin to send message.
03/09 15:56:34:668 Begin to send message.
03/09 15:56:39:669 Begin to send message.
03/09 15:56:44:671 Begin to send message.
03/09 15:56:49:672 Begin to send message.
03/09 15:56:54:673 Begin to send message.
03/09 15:56:59:675 Begin to send message.
03/09 15:57:04:676 Begin to send message.
03/09 15:57:09:677 Begin to send message.
03/09 15:57:14:678 Begin to send message.
03/09 15:57:19:680 Begin to send message.
03/09 15:57:24:687 Begin to send message.
03/09 15:57:29:688 Begin to send message.
03/09 15:57:34:690 Begin to send message.
03/09 15:58:04:547 Simulator0 started
03/09 15:58:04:569 Starting process session
03/09 15:58:04:685 Total 0 instances are started
03/09 15:58:04:686 Total 1 instances are added
03/09 15:58:04:685 Begin to send message.
03/09 15:58:04:727 orderId = 0 | requestId = 0 | userId = system | channel = SMS | serviceAddress = 268 | keyword = TRADIEM | isdn = 84922000514 | subscriberType = -1 | shipTo =  | actionType =  | productId = 0 | commandId = 0 | request =  | response =  | status = 1 | cause =  | description = 
03/09 15:58:04:728 message count: 1
03/09 15:58:09:800 End of process session
03/09 15:58:09:801 Simulator0 stopped
03/09 16:00:58:643 Simulator0 started
03/09 16:00:58:666 Starting process session
03/09 16:00:58:779 Total 0 instances are started
03/09 16:00:58:780 Total 1 instances are added
03/09 16:00:58:780 Begin to send message.
03/09 16:00:58:795 orderId = 0 | requestId = 0 | userId = system | channel = SMS | serviceAddress = 268 | keyword = TRADIEM | isdn = 84922000514 | subscriberType = -1 | shipTo =  | actionType =  | productId = 0 | commandId = 0 | request =  | response =  | status = 1 | cause =  | description = 
03/09 16:00:58:796 message count: 1
03/09 16:01:03:895 End of process session
03/09 16:01:03:896 Simulator0 stopped
03/09 16:01:14:671 Simulator0 started
03/09 16:01:14:691 Starting process session
03/09 16:01:14:799 Total 0 instances are started
03/09 16:01:14:800 Total 1 instances are added
03/09 16:01:14:907 End of process session
03/09 16:01:19:908 Simulator0 stopped
03/09 16:01:21:707 Simulator0 started
03/09 16:01:21:734 Starting process session
03/09 16:01:21:859 Total 0 instances are started
03/09 16:01:21:860 Total 1 instances are added
03/09 16:01:21:968 End of process session
03/09 16:01:26:969 Simulator0 stopped
03/09 16:01:28:737 Simulator0 started
03/09 16:01:28:761 Starting process session
03/09 16:01:28:879 Total 0 instances are started
03/09 16:01:28:879 Begin to send message.
03/09 16:01:28:880 Total 1 instances are added
03/09 16:01:28:892 orderId = 0 | requestId = 0 | userId = system | channel = SMS | serviceAddress = 268 | keyword = TRADIEM | isdn = 84922000514 | subscriberType = -1 | shipTo =  | actionType =  | productId = 0 | commandId = 0 | request =  | response =  | status = 1 | cause =  | description = 
03/09 16:01:28:893 message count: 1
03/09 16:01:33:999 End of process session
03/09 16:01:34:000 Simulator0 stopped
03/09 16:05:40:039 Simulator0 started
03/09 16:05:40:066 Starting process session
03/09 16:05:40:177 Total 0 instances are started
03/09 16:05:40:178 Total 1 instances are added
03/09 16:05:40:177 Begin to send message.
03/09 16:05:40:226 orderId = 0 | requestId = 0 | userId = system | channel = SMS | serviceAddress = 268 | keyword = DK CAM | isdn = 84922000514 | subscriberType = -1 | shipTo =  | actionType =  | productId = 0 | commandId = 0 | request =  | response =  | status = 1 | cause =  | description = 
03/09 16:05:40:227 message count: 1
03/09 16:05:45:331 Begin to send message.
03/09 16:05:50:293 End of process session
03/09 16:05:50:294 Simulator0 stopped
03/09 16:05:52:074 Simulator0 started
03/09 16:05:52:105 Starting process session
03/09 16:05:52:214 Total 0 instances are started
03/09 16:05:52:215 Total 1 instances are added
03/09 16:05:52:328 End of process session
03/09 16:05:55:329 Simulator0 stopped
03/09 16:09:26:616 Simulator0 started
03/09 16:09:26:643 Starting process session
03/09 16:09:26:754 Total 0 instances are started
03/09 16:09:26:755 Begin to send message.
03/09 16:09:26:755 Total 1 instances are added
03/09 16:09:26:797 orderId = 0 | requestId = 0 | userId = system | channel = SMS | serviceAddress = 268 | keyword = TRADIEM | isdn = 84922000514 | subscriberType = -1 | shipTo =  | actionType =  | productId = 0 | commandId = 0 | request =  | response =  | status = 1 | cause =  | description = 
03/09 16:09:26:798 message count: 1
03/09 16:09:31:873 End of process session
03/09 16:09:31:875 Simulator0 stopped
03/09 16:13:04:464 Simulator0 started
03/09 16:13:04:490 Starting process session
03/09 16:13:04:598 Total 0 instances are started
03/09 16:13:04:599 Total 1 instances are added
03/09 16:13:04:598 Begin to send message.
03/09 16:13:04:623 orderId = 0 | requestId = 0 | userId = system | channel = SMS | serviceAddress = 268 | keyword = TRADIEM | isdn = 84922000514 | subscriberType = -1 | shipTo =  | actionType =  | productId = 0 | commandId = 0 | request =  | response =  | status = 1 | cause =  | description = 
03/09 16:13:04:624 message count: 1
03/09 16:13:09:703 End of process session
03/09 16:13:09:704 Simulator0 stopped
03/09 16:13:30:538 Simulator0 started
03/09 16:13:30:560 Starting process session
03/09 16:13:30:669 Total 0 instances are started
03/09 16:13:30:669 Begin to send message.
ded
03/09 16:13:30:677 orderId = 0 | requestId = 0 | userId = system | channel = SMS | serviceAddress = 268 | keyword = TRADIEM | isdn = 84922000514 | subscriberType = -1 | shipTo =  | actionType =  | productId = 0 | commandId = 0 | request =  | response =  | status = 1 | cause =  | description = 
03/09 16:13:30:679 message count: 1
03/09 16:13:35:776 End of process session
03/09 16:13:35:777 Simulator0 stopped
03/09 16:15:41:916 Simulator0 started
03/09 16:15:41:938 Starting process session
03/09 16:15:42:051 Total 0 instances are started
03/09 16:15:42:051 Begin to send message.
03/09 16:15:42:052 Total 1 instances are added
03/09 16:15:42:088 orderId = 0 | requestId = 0 | userId = system | channel = SMS | serviceAddress = 268 | keyword = TRADIEM | isdn = 84922000514 | subscriberType = -1 | shipTo =  | actionType =  | productId = 0 | commandId = 0 | request =  | response =  | status = 1 | cause =  | description = 
03/09 16:15:42:090 message count: 1
03/09 16:15:47:158 End of process session
03/09 16:15:47:159 Simulator0 stopped
03/09 16:17:48:057 Simulator0 started
03/09 16:17:48:078 Starting process session
03/09 16:17:48:212 Total 0 instances are started
03/09 16:17:48:213 Total 1 instances are added
03/09 16:17:48:231 orderId = 0 | requestId = 0 | userId = system | channel = SMS | serviceAddress = 268 | keyword = TRADIEM | isdn = 84922000514 | subscriberType = -1 | shipTo =  | actionType =  | productId = 0 | commandId = 0 | request =  | response =  | status = 1 | cause =  | description = 
03/09 16:17:48:232 message count: 1
03/09 16:17:53:318 End of process session
03/09 16:17:53:319 Simulator0 stopped
03/09 16:20:31:399 Simulator0 started
03/09 16:20:31:422 Starting process session
03/09 16:20:31:536 Total 0 instances are started
03/09 16:20:31:537 Total 1 instances are added
03/09 16:20:31:571 orderId = 0 | requestId = 0 | userId = system | channel = SMS | serviceAddress = 268 | keyword = TRADIEM | isdn = 84922000514 | subscriberType = -1 | shipTo =  | actionType =  | productId = 0 | commandId = 0 | request =  | response =  | status = 1 | cause =  | description = 
03/09 16:20:31:572 message count: 1
03/09 16:20:36:673 Begin to send message.
03/09 16:20:41:647 End of process session
03/09 16:20:41:648 Simulator0 stopped
03/09 16:24:57:998 Simulator0 started
03/09 16:24:58:024 Starting process session
03/09 16:24:58:137 Total 0 instances are started
03/09 16:24:58:139 Total 1 instances are added
03/09 16:24:58:293 End of process session
03/09 16:25:06:293 Simulator0 stopped
03/09 16:25:08:025 Simulator0 started
03/09 16:25:08:046 Starting process session
03/09 16:25:08:157 Total 0 instances are started
03/09 16:25:08:158 Total 1 instances are added
03/09 16:25:08:158 Begin to send message.
03/09 16:25:08:199 orderId = 0 | requestId = 0 | userId = system | channel = SMS | serviceAddress = 268 | keyword = TRADIEM | isdn = 84922000514 | subscriberType = -1 | shipTo =  | actionType =  | productId = 0 | commandId = 0 | request =  | response =  | status = 1 | cause =  | description = 
03/09 16:25:08:200 message count: 1
03/09 16:25:13:302 Begin to send message.
03/09 16:25:18:263 End of process session
03/09 16:25:18:266 Simulator0 stopped
03/09 16:28:56:439 Simulator0 started
03/09 16:28:56:459 Starting process session
03/09 16:28:56:577 Total 0 instances are started
03/09 16:28:56:577 Begin to send message.
03/09 16:28:56:578 Total 1 instances are added
03/09 16:28:56:598 orderId = 0 | requestId = 0 | userId = system | channel = SMS | serviceAddress = 268 | keyword = TRADIEM | isdn = 84922000514 | subscriberType = -1 | shipTo =  | actionType =  | productId = 0 | commandId = 0 | request =  | response =  | status = 1 | cause =  | description = 
03/09 16:28:56:598 message count: 1
03/09 16:29:01:688 End of process session
03/09 16:29:01:690 Simulator0 stopped
03/09 16:31:29:004 Simulator0 started
03/09 16:31:29:026 Starting process session
03/09 16:31:29:139 Total 0 instances are started
03/09 16:31:29:140 Total 1 instances are added
03/09 16:31:29:141 Begin to send message.
03/09 16:31:29:175 orderId = 0 | requestId = 0 | userId = system | channel = SMS | serviceAddress = 268 | keyword = TRADIEM | isdn = 84922000514 | subscriberType = -1 | shipTo =  | actionType =  | productId = 0 | commandId = 0 | request =  | response =  | status = 1 | cause =  | description = 
03/09 16:31:29:176 message count: 1
03/09 16:31:34:246 End of process session
03/09 16:31:34:247 Simulator0 stopped
03/09 16:35:32:238 Simulator0 started
03/09 16:35:32:258 Starting process session
03/09 16:35:32:374 Total 0 instances are started
03/09 16:35:32:375 Total 1 instances are added
03/09 16:35:32:374 Begin to send message.
03/09 16:35:32:423 orderId = 0 | requestId = 0 | userId = system | channel = SMS | serviceAddress = 268 | keyword = TRADIEM | isdn = 84922000514 | subscriberType = -1 | shipTo =  | actionType =  | productId = 0 | commandId = 0 | request =  | response =  | status = 1 | cause =  | description = 
03/09 16:35:32:424 message count: 1
03/09 16:35:37:485 End of process session
03/09 16:35:37:487 Simulator0 stopped
03/09 16:39:00:352 Simulator0 started
03/09 16:39:00:374 Starting process session
03/09 16:39:00:488 Total 0 instances are started
03/09 16:39:00:489 Total 1 instances are added
03/09 16:39:00:489 Begin to send message.
03/09 16:39:00:500 orderId = 0 | requestId = 0 | userId = system | channel = SMS | serviceAddress = 268 | keyword = TRADIEM | isdn = 84922000514 | subscriberType = -1 | shipTo =  | actionType =  | productId = 0 | commandId = 0 | request =  | response =  | status = 1 | cause =  | description = 
03/09 16:39:00:501 message count: 1
03/09 16:39:05:599 End of process session
03/09 16:39:05:600 Simulator0 stopped
03/09 16:39:07:380 Simulator0 started
03/09 16:39:07:401 Starting process session
03/09 16:39:07:513 Total 0 instances are started
03/09 16:39:07:514 Total 1 instances are added
03/09 16:39:07:623 End of process session
03/09 16:39:11:624 Simulator0 stopped
03/09 16:44:11:022 Simulator0 started
03/09 16:44:11:042 Starting process session
03/09 16:44:11:153 Total 0 instances are started
03/09 16:44:11:154 Total 1 instances are added
03/09 16:44:11:153 Begin to send message.
03/09 16:44:11:178 orderId = 0 | requestId = 0 | userId = system | channel = SMS | serviceAddress = 268 | keyword = TRADIEM | isdn = 84922000514 | subscriberType = -1 | shipTo =  | actionType =  | productId = 0 | commandId = 0 | request =  | response =  | status = 1 | cause =  | description = 
03/09 16:44:11:179 message count: 1
03/09 16:44:16:261 End of process session
03/09 16:44:16:263 Simulator0 stopped
03/09 16:51:46:461 Simulator0 started
03/09 16:51:46:486 Starting process session
03/09 16:51:46:599 Total 0 instances are started
03/09 16:51:46:599 Begin to send message.
03/09 16:51:46:600 Total 1 instances are added
03/09 16:51:46:629 orderId = 0 | requestId = 0 | userId = system | channel = SMS | serviceAddress = 268 | keyword = TRADIEM | isdn = 84922000514 | subscriberType = -1 | shipTo =  | actionType =  | productId = 0 | commandId = 0 | request =  | response =  | status = 1 | cause =  | description = 
03/09 16:51:46:630 message count: 1
03/09 16:51:51:706 End of process session
03/09 16:51:51:707 Simulator0 stopped
03/09 16:54:39:534 Simulator0 started
03/09 16:54:39:555 Starting process session
03/09 16:54:39:665 Total 0 instances are started
03/09 16:54:39:665 Begin to send message.
03/09 16:54:39:666 Total 1 instances are added
03/09 16:54:39:673 orderId = 0 | requestId = 0 | userId = system | channel = SMS | serviceAddress = 268 | keyword = TRADIEM | isdn = 84922000514 | subscriberType = -1 | shipTo =  | actionType =  | productId = 0 | commandId = 0 | request =  | response =  | status = 1 | cause =  | description = 
03/09 16:54:39:674 message count: 1
03/09 16:54:44:772 End of process session
03/09 16:54:44:773 Simulator0 stopped
03/09 16:59:22:297 Simulator0 started
03/09 16:59:22:320 Starting process session
03/09 16:59:22:433 Total 0 instances are started
03/09 16:59:22:434 Total 1 instances are added
03/09 16:59:22:541 End of process session
03/09 16:59:31:542 Simulator0 stopped
03/09 16:59:36:325 Simulator0 started
03/09 16:59:36:350 Starting process session
03/09 16:59:36:461 Total 0 instances are started
03/09 16:59:36:462 Begin to send message.
03/09 16:59:36:462 Total 1 instances are added
03/09 16:59:36:499 orderId = 0 | requestId = 0 | userId = system | channel = SMS | serviceAddress = 268 | keyword = TRADIEM | isdn = 84922000514 | subscriberType = -1 | shipTo =  | actionType =  | productId = 0 | commandId = 0 | request =  | response =  | status = 1 | cause =  | description = 
03/09 16:59:36:500 message count: 1
03/09 16:59:41:581 End of process session
03/09 16:59:41:582 Simulator0 stopped
03/09 17:11:48:200 Simulator0 started
03/09 17:11:48:224 Starting process session
03/09 17:11:48:336 Total 0 instances are started
03/09 17:11:48:337 Total 1 instances are added
03/09 17:11:48:339 Begin to send message.
03/09 17:11:48:373 orderId = 0 | requestId = 0 | userId = system | channel = SMS | serviceAddress = 268 | keyword = TRADIEM | isdn = 84922000514 | subscriberType = -1 | shipTo =  | actionType =  | productId = 0 | commandId = 0 | request =  | response =  | status = 1 | cause =  | description = 
03/09 17:11:48:373 message count: 1
03/09 17:11:53:476 Begin to send message.
03/09 17:11:58:477 Begin to send message.
03/09 17:12:03:478 Begin to send message.
03/09 17:13:19:203 Simulator0 started
03/09 17:13:19:221 Starting process session
03/09 17:13:19:334 Total 0 instances are started
03/09 17:13:19:334 Begin to send message.
03/09 17:13:19:335 Total 1 instances are added
03/09 17:13:19:372 orderId = 0 | requestId = 0 | userId = system | channel = SMS | serviceAddress = 268 | keyword = TRADIEM | isdn = 84922000514 | subscriberType = -1 | shipTo =  | actionType =  | productId = 0 | commandId = 0 | request =  | response =  | status = 1 | cause =  | description = 
03/09 17:13:19:373 message count: 1
03/09 17:13:24:445 End of process session
03/09 17:13:24:446 Simulator0 stopped
03/09 17:16:08:180 Simulator0 started
03/09 17:16:08:200 Starting process session
03/09 17:16:08:309 Total 0 instances are started
03/09 17:16:08:309 Begin to send message.
03/09 17:16:08:310 Total 1 instances are added
03/09 17:16:08:340 orderId = 0 | requestId = 0 | userId = system | channel = SMS | serviceAddress = 268 | keyword = TRADIEM | isdn = 84922000514 | subscriberType = -1 | shipTo =  | actionType =  | productId = 0 | commandId = 0 | request =  | response =  | status = 1 | cause =  | description = 
03/09 17:16:08:341 message count: 1
03/09 17:16:13:416 End of process session
03/09 17:16:13:417 Simulator0 stopped
03/09 17:27:21:910 Simulator0 started
03/09 17:27:21:929 Starting process session
03/09 17:27:22:037 Total 0 instances are started
03/09 17:27:22:037 Begin to send message.
03/09 17:27:22:038 Total 1 instances are added
03/09 17:27:22:075 orderId = 0 | requestId = 0 | userId = system | channel = SMS | serviceAddress = 268 | keyword = TRADIEM | isdn = 84922000514 | subscriberType = -1 | shipTo =  | actionType =  | productId = 0 | commandId = 0 | request =  | response =  | status = 1 | cause =  | description = 
03/09 17:27:22:076 message count: 1
03/09 17:27:27:145 End of process session
03/09 17:27:27:147 Simulator0 stopped
03/09 17:28:32:951 Simulator0 started
03/09 17:28:32:969 Starting process session
03/09 17:28:33:076 Total 0 instances are started
03/09 17:28:33:076 Begin to send message.
03/09 17:28:33:077 Total 1 instances are added
03/09 17:28:33:090 orderId = 0 | requestId = 0 | userId = system | channel = SMS | serviceAddress = 268 | keyword = TRADIEM111 | isdn = 84922000514 | subscriberType = -1 | shipTo =  | actionType =  | productId = 0 | commandId = 0 | request =  | response =  | status = 1 | cause =  | description = 
03/09 17:28:33:091 message count: 1
03/09 17:28:38:188 End of process session
03/09 17:28:38:190 Simulator0 stopped
03/09 17:38:55:199 Simulator0 started
03/09 17:38:55:219 Starting process session
03/09 17:38:55:327 Total 0 instances are started
03/09 17:38:55:327 Begin to send message.
03/09 17:38:55:329 Total 1 instances are added
03/09 17:38:55:358 orderId = 0 | requestId = 0 | userId = system | channel = SMS | serviceAddress = 268 | keyword = DOIDIEM 1000 | isdn = 84922000514 | subscriberType = -1 | shipTo =  | actionType =  | productId = 0 | commandId = 0 | request =  | response =  | status = 1 | cause =  | description = 
03/09 17:38:55:359 message count: 1
03/09 17:39:00:435 End of process session
03/09 17:39:00:437 Simulator0 stopped
03/09 17:41:19:337 Simulator0 started
03/09 17:41:19:361 Starting process session
03/09 17:41:19:472 Total 0 instances are started
03/09 17:41:19:472 Begin to send message.
03/09 17:41:19:473 Total 1 instances are added
03/09 17:41:19:478 orderId = 0 | requestId = 0 | userId = system | channel = SMS | serviceAddress = 268 | keyword = DOIDIEM 1000 | isdn = 84922000514 | subscriberType = -1 | shipTo =  | actionType =  | productId = 0 | commandId = 0 | request =  | response =  | status = 1 | cause =  | description = 
03/09 17:41:19:480 message count: 1
03/09 17:41:24:578 End of process session
03/09 17:41:24:580 Simulator0 stopped
03/09 17:45:35:395 Simulator0 started
03/09 17:45:35:417 Starting process session
03/09 17:45:35:524 Total 0 instances are started
03/09 17:45:35:524 Begin to send message.
03/09 17:45:35:525 Total 1 instances are added
03/09 17:45:35:532 orderId = 0 | requestId = 0 | userId = system | channel = SMS | serviceAddress = 268 | keyword = DOIDIEM 1000 | isdn = 84922000514 | subscriberType = -1 | shipTo =  | actionType =  | productId = 0 | commandId = 0 | request =  | response =  | status = 1 | cause =  | description = 
03/09 17:45:35:533 message count: 1
03/09 17:45:40:629 End of process session
03/09 17:45:40:630 Simulator0 stopped
03/09 17:50:03:571 Simulator0 started
03/09 17:50:03:589 Starting process session
03/09 17:50:03:700 Total 0 instances are started
03/09 17:50:03:701 Total 1 instances are added
03/09 17:50:03:807 End of process session
03/09 17:50:18:812 Simulator0 stopped
03/09 17:50:20:644 Simulator0 started
03/09 17:50:20:664 Starting process session
03/09 17:50:20:776 Total 0 instances are started
03/09 17:50:20:777 Total 1 instances are added
03/09 17:50:20:776 Begin to send message.
03/09 17:50:20:808 orderId = 0 | requestId = 0 | userId = system | channel = SMS | serviceAddress = 268 | keyword = DOIDIEM 1000 | isdn = 84922000514 | subscriberType = -1 | shipTo =  | actionType =  | productId = 0 | commandId = 0 | request =  | response =  | status = 1 | cause =  | description = 
03/09 17:50:20:810 message count: 1
03/09 17:50:25:883 End of process session
03/09 17:50:25:883 Simulator0 stopped
03/09 17:52:37:775 Simulator0 started
03/09 17:52:37:797 Starting process session
03/09 17:52:37:909 Total 0 instances are started
03/09 17:52:37:910 Total 1 instances are added
03/09 17:52:37:910 Begin to send message.
03/09 17:52:37:920 orderId = 0 | requestId = 0 | userId = system | channel = SMS | serviceAddress = 268 | keyword = DOIDIEM 1000 | isdn = 84922000514 | subscriberType = -1 | shipTo =  | actionType =  | productId = 0 | commandId = 0 | request =  | response =  | status = 1 | cause =  | description = 
03/09 17:52:37:923 message count: 1
03/09 17:52:43:022 End of process session
03/09 17:52:43:023 Simulator0 stopped
03/09 17:52:44:812 Simulator0 started
03/09 17:52:44:837 Starting process session
03/09 17:52:44:950 Total 0 instances are started
03/09 17:52:44:951 Begin to send message.
03/09 17:52:44:951 Total 1 instances are added
03/09 17:52:44:958 orderId = 0 | requestId = 0 | userId = system | channel = SMS | serviceAddress = 268 | keyword = DOIDIEM 1000 | isdn = 84922000514 | subscriberType = -1 | shipTo =  | actionType =  | productId = 0 | commandId = 0 | request =  | response =  | status = 1 | cause =  | description = 
03/09 17:52:44:959 message count: 1
03/09 17:52:50:067 End of process session
03/09 17:52:50:072 Simulator0 stopped
03/09 17:56:55:476 Simulator0 started
03/09 17:56:55:498 Starting process session
03/09 17:56:55:611 Total 0 instances are started
03/09 17:56:55:612 Total 1 instances are added
03/09 17:56:55:612 Begin to send message.
03/09 17:56:55:648 orderId = 0 | requestId = 0 | userId = system | channel = SMS | serviceAddress = 268 | keyword = DOIDIEM 1000 | isdn = 84922000514 | subscriberType = -1 | shipTo =  | actionType =  | productId = 0 | commandId = 0 | request =  | response =  | status = 1 | cause =  | description = 
03/09 17:56:55:649 message count: 1
03/09 17:57:00:750 Begin to send message.
03/09 17:57:05:725 End of process session
03/09 17:57:05:726 Simulator0 stopped
03/09 18:03:02:534 Simulator0 started
03/09 18:03:02:556 Starting process session
03/09 18:03:02:677 Total 0 instances are started
03/09 18:03:02:678 Total 1 instances are added
03/09 18:03:02:785 End of process session
03/09 18:03:07:786 Simulator0 stopped
03/09 18:03:09:573 Simulator0 started
03/09 18:03:09:596 Starting process session
03/09 18:03:09:709 Total 0 instances are started
03/09 18:03:09:710 Total 1 instances are added
03/09 18:03:09:710 Begin to send message.
03/09 18:03:09:747 orderId = 0 | requestId = 0 | userId = system | channel = SMS | serviceAddress = 268 | keyword = DOIDIEM 1000 | isdn = 84922000514 | subscriberType = -1 | shipTo =  | actionType =  | productId = 0 | commandId = 0 | request =  | response =  | status = 1 | cause =  | description = 
03/09 18:03:09:748 message count: 1
03/09 18:03:14:826 End of process session
03/09 18:03:14:827 Simulator0 stopped
03/09 18:08:27:858 Simulator0 started
03/09 18:08:27:900 Starting process session
03/09 18:08:28:017 Total 0 instances are started
03/09 18:08:28:018 Total 1 instances are added
03/09 18:08:28:018 Begin to send message.
03/09 18:08:28:037 orderId = 0 | requestId = 0 | userId = system | channel = SMS | serviceAddress = 268 | keyword = DOIDIEM 1000 | isdn = 84922000514 | subscriberType = -1 | shipTo =  | actionType =  | productId = 0 | commandId = 0 | request =  | response =  | status = 1 | cause =  | description = 
03/09 18:08:28:038 message count: 1
03/09 18:08:33:126 End of process session
03/09 18:08:33:127 Simulator0 stopped
03/09 18:11:18:965 Simulator0 started
03/09 18:11:18:988 Starting process session
03/09 18:11:19:101 Total 0 instances are started
03/09 18:11:19:104 Total 1 instances are added
03/09 18:11:19:214 End of process session
03/09 18:11:31:216 Simulator0 stopped
03/09 18:11:33:035 Simulator0 started
03/09 18:11:33:055 Starting process session
03/09 18:11:33:169 Total 0 instances are started
03/09 18:11:33:170 Total 1 instances are added
03/09 18:11:33:169 Begin to send message.
03/09 18:11:33:176 orderId = 0 | requestId = 0 | userId = system | channel = SMS | serviceAddress = 268 | keyword = DOIDIEM 1000 | isdn = 84922000514 | subscriberType = -1 | shipTo =  | actionType =  | productId = 0 | commandId = 0 | request =  | response =  | status = 1 | cause =  | description = 
03/09 18:11:33:177 message count: 1
03/09 18:11:38:280 End of process session
03/09 18:11:38:281 Simulator0 stopped
03/09 18:17:22:282 Simulator0 started
03/09 18:17:22:324 Starting process session
03/09 18:17:22:438 Total 0 instances are started
03/09 18:17:22:438 Begin to send message.
03/09 18:17:22:439 Total 1 instances are added
03/09 18:17:22:474 orderId = 0 | requestId = 0 | userId = system | channel = SMS | serviceAddress = 268 | keyword = DOIDIEM 1000 | isdn = 84922000514 | subscriberType = -1 | shipTo =  | actionType =  | productId = 0 | commandId = 0 | request =  | response =  | status = 1 | cause =  | description = 
03/09 18:17:22:475 message count: 1
03/09 18:17:27:578 Begin to send message.
03/09 18:17:32:549 End of process session
03/09 18:17:32:550 Simulator0 stopped
03/09 18:22:35:962 Simulator0 started
03/09 18:22:35:982 Starting process session
03/09 18:22:36:094 Total 0 instances are started
03/09 18:22:36:095 Total 1 instances are added
03/09 18:22:36:094 Begin to send message.
03/09 18:22:36:122 orderId = 0 | requestId = 0 | userId = system | channel = SMS | serviceAddress = 268 | keyword = DOIDIEM 1000 | isdn = 84922000514 | subscriberType = -1 | shipTo =  | actionType =  | productId = 0 | commandId = 0 | request =  | response =  | status = 1 | cause =  | description = 
03/09 18:22:36:123 message count: 1
03/09 18:22:41:200 End of process session
03/09 18:22:41:202 Simulator0 stopped
03/09 18:46:27:649 Simulator0 started
03/09 18:46:27:669 Starting process session
03/09 18:46:27:784 Total 0 instances are started
03/09 18:46:27:785 Total 1 instances are added
03/09 18:46:27:889 End of process session
03/09 18:46:35:891 Simulator0 stopped
03/09 18:46:37:689 Simulator0 started
03/09 18:46:37:714 Starting process session
03/09 18:46:37:823 Total 0 instances are started
03/09 18:46:37:824 Total 1 instances are added
03/09 18:46:37:823 Begin to send message.
03/09 18:46:37:856 orderId = 0 | requestId = 0 | userId = system | channel = SMS | serviceAddress = 268 | keyword = DOIDIEM 1000 | isdn = 84922000514 | subscriberType = -1 | shipTo =  | actionType =  | productId = 0 | commandId = 0 | request =  | response =  | status = 1 | cause =  | description = 
03/09 18:46:37:857 message count: 1
03/09 18:46:42:928 End of process session
03/09 18:46:42:929 Simulator0 stopped
