06/09 09:00:51:597 Simulator0 started
06/09 09:00:51:629 Starting process session
06/09 09:00:51:767 Total 0 instances are started
06/09 09:00:51:768 Total 1 instances are added
06/09 09:00:51:768 Begin to send message.
06/09 09:00:51:919 orderId = 0 | requestId = 0 | userId = system | channel = SMS | serviceAddress = 268 | keyword = TRA DIEM | isdn = 84922000512 | subscriberType = -1 | shipTo =  | actionType =  | productId = 0 | commandId = 0 | request =  | response =  | status = 1 | cause =  | description = 
06/09 09:00:51:920 message count: 1
06/09 09:00:57:027 Begin to send message.
06/09 09:01:01:883 End of process session
06/09 09:01:01:885 Simulator0 stopped
06/09 09:01:04:646 Simulator0 started
06/09 09:01:04:674 Starting process session
06/09 09:01:04:783 Total 0 instances are started
06/09 09:01:04:785 Total 1 instances are added
06/09 09:01:04:783 Begin to send message.
06/09 09:01:04:814 orderId = 0 | requestId = 0 | userId = system | channel = SMS | serviceAddress = 268 | keyword = TRA DIEM | isdn = 84922000512 | subscriberType = -1 | shipTo =  | actionType =  | productId = 0 | commandId = 0 | request =  | response =  | status = 1 | cause =  | description = 
06/09 09:01:04:816 message count: 1
06/09 09:01:09:903 End of process session
06/09 09:01:09:903 Simulator0 stopped
06/09 09:02:05:769 Simulator0 started
06/09 09:02:05:789 Starting process session
06/09 09:02:05:901 Total 0 instances are started
06/09 09:02:05:901 Begin to send message.
06/09 09:02:05:902 Total 1 instances are added
06/09 09:02:05:941 orderId = 0 | requestId = 0 | userId = system | channel = SMS | serviceAddress = 268 | keyword = TRA DIEM | isdn = 84922000512 | subscriberType = -1 | shipTo =  | actionType =  | productId = 0 | commandId = 0 | request =  | response =  | status = 1 | cause =  | description = 
06/09 09:02:05:942 message count: 1
06/09 09:02:11:007 End of process session
06/09 09:02:11:008 Simulator0 stopped
06/09 09:02:53:841 Simulator0 started
06/09 09:02:53:864 Starting process session
06/09 09:02:53:977 Total 0 instances are started
06/09 09:02:53:978 Total 1 instances are added
06/09 09:02:53:979 Begin to send message.
06/09 09:02:53:995 orderId = 0 | requestId = 0 | userId = system | channel = SMS | serviceAddress = 268 | keyword = TRA DIEM | isdn = 84922000512 | subscriberType = -1 | shipTo =  | actionType =  | productId = 0 | commandId = 0 | request =  | response =  | status = 1 | cause =  | description = 
06/09 09:02:53:996 message count: 1
06/09 09:02:59:093 End of process session
06/09 09:02:59:094 Simulator0 stopped
06/09 09:04:17:673 Simulator0 started
06/09 09:04:17:695 Starting process session
06/09 09:04:17:808 Total 0 instances are started
06/09 09:04:17:808 Begin to send message.
06/09 09:04:17:809 Total 1 instances are added
06/09 09:04:17:850 orderId = 0 | requestId = 0 | userId = system | channel = SMS | serviceAddress = 268 | keyword = TRA DIEM | isdn = 84922000512 | subscriberType = -1 | shipTo =  | actionType =  | productId = 0 | commandId = 0 | request =  | response =  | status = 1 | cause =  | description = 
06/09 09:04:17:851 message count: 1
06/09 09:04:22:914 End of process session
06/09 09:04:22:916 Simulator0 stopped
06/09 09:05:41:039 Simulator0 started
06/09 09:05:41:060 Starting process session
06/09 09:05:41:175 Total 0 instances are started
06/09 09:05:41:175 Begin to send message.
06/09 09:05:41:178 Total 1 instances are added
06/09 09:05:41:218 orderId = 0 | requestId = 0 | userId = system | channel = SMS | serviceAddress = 268 | keyword = TRA DIEM | isdn = 84922000512 | subscriberType = -1 | shipTo =  | actionType =  | productId = 0 | commandId = 0 | request =  | response =  | status = 1 | cause =  | description = 
06/09 09:05:41:220 message count: 1
06/09 09:05:46:284 End of process session
06/09 09:05:46:286 Simulator0 stopped
06/09 09:06:53:067 Simulator0 started
06/09 09:06:53:091 Starting process session
06/09 09:06:53:208 Total 0 instances are started
06/09 09:06:53:209 Total 1 instances are added
06/09 09:06:53:312 End of process session
06/09 09:07:00:314 Simulator0 stopped
06/09 09:07:02:106 Simulator0 started
06/09 09:07:02:128 Starting process session
06/09 09:07:02:241 Begin to send message.
06/09 09:07:02:241 Total 0 instances are started
06/09 09:07:02:244 Total 1 instances are added
06/09 09:07:02:250 orderId = 0 | requestId = 0 | userId = system | channel = SMS | serviceAddress = 268 | keyword = TRA DIEM | isdn = 84922000512 | subscriberType = -1 | shipTo =  | actionType =  | productId = 0 | commandId = 0 | request =  | response =  | status = 1 | cause =  | description = 
06/09 09:07:02:252 message count: 1
06/09 09:07:07:354 End of process session
06/09 09:07:07:357 Simulator0 stopped
06/09 09:08:37:163 Simulator0 started
06/09 09:08:37:184 Starting process session
06/09 09:08:37:299 Total 0 instances are started
06/09 09:08:37:300 Begin to send message.
06/09 09:08:37:302 Total 1 instances are added
06/09 09:08:37:308 orderId = 0 | requestId = 0 | userId = system | channel = SMS | serviceAddress = 268 | keyword = TRA DIEM | isdn = 84922000512 | subscriberType = -1 | shipTo =  | actionType =  | productId = 0 | commandId = 0 | request =  | response =  | status = 1 | cause =  | description = 
06/09 09:08:37:309 message count: 1
06/09 09:08:42:412 End of process session
06/09 09:08:42:415 Simulator0 stopped
06/09 09:15:47:011 Simulator0 started
06/09 09:15:47:034 Starting process session
06/09 09:15:47:144 Total 0 instances are started
06/09 09:15:47:144 Begin to send message.
06/09 09:15:47:145 Total 1 instances are added
06/09 09:15:47:210 orderId = 0 | requestId = 0 | userId = system | channel = SMS | serviceAddress = 268 | keyword = TRA DIEM | isdn = 84922000512 | subscriberType = -1 | shipTo =  | actionType =  | productId = 0 | commandId = 0 | request =  | response =  | status = 1 | cause =  | description = 
06/09 09:15:47:211 message count: 1
06/09 09:15:52:250 End of process session
06/09 09:15:52:253 Simulator0 stopped
06/09 09:27:10:297 Simulator0 started
06/09 09:27:10:321 Starting process session
06/09 09:27:10:430 Total 0 instances are started
06/09 09:27:10:431 Total 1 instances are added
06/09 09:27:10:430 Begin to send message.
06/09 09:27:10:464 orderId = 0 | requestId = 0 | userId = system | channel = SMS | serviceAddress = 268 | keyword = DOI DIEM 1000 | isdn = 84922000512 | subscriberType = -1 | shipTo =  | actionType =  | productId = 0 | commandId = 0 | request =  | response =  | status = 1 | cause =  | description = 
06/09 09:27:10:465 message count: 1
06/09 09:27:15:537 End of process session
06/09 09:27:15:538 Simulator0 stopped
06/09 09:30:07:193 Simulator0 started
06/09 09:30:07:214 Starting process session
06/09 09:30:07:325 Total 0 instances are started
06/09 09:30:07:325 Begin to send message.
06/09 09:30:07:326 Total 1 instances are added
06/09 09:30:07:351 orderId = 0 | requestId = 0 | userId = system | channel = SMS | serviceAddress = 268 | keyword = DOI DIEM 1000 | isdn = 84922000512 | subscriberType = -1 | shipTo =  | actionType =  | productId = 0 | commandId = 0 | request =  | response =  | status = 1 | cause =  | description = 
06/09 09:30:07:352 message count: 1
06/09 09:30:12:431 End of process session
06/09 09:30:12:432 Simulator0 stopped
06/09 09:32:31:310 Simulator0 started
06/09 09:32:31:331 Starting process session
06/09 09:32:31:446 Total 0 instances are started
06/09 09:32:31:447 Total 1 instances are added
06/09 09:32:31:552 End of process session
06/09 09:32:38:554 Simulator0 stopped
06/09 09:32:40:335 Simulator0 started
06/09 09:32:40:354 Starting process session
06/09 09:32:40:463 Total 0 instances are started
06/09 09:32:40:463 Begin to send message.
06/09 09:32:40:464 Total 1 instances are added
06/09 09:32:40:470 orderId = 0 | requestId = 0 | userId = system | channel = SMS | serviceAddress = 268 | keyword = DOI DIEM 1000 | isdn = 84922000512 | subscriberType = -1 | shipTo =  | actionType =  | productId = 0 | commandId = 0 | request =  | response =  | status = 1 | cause =  | description = 
06/09 09:32:40:471 message count: 1
06/09 09:32:45:569 End of process session
06/09 09:32:45:570 Simulator0 stopped
06/09 09:33:25:990 Simulator0 started
06/09 09:33:26:010 Starting process session
06/09 09:33:26:122 Total 0 instances are started
06/09 09:33:26:122 Begin to send message.
06/09 09:33:26:124 Total 1 instances are added
06/09 09:33:26:154 orderId = 0 | requestId = 0 | userId = system | channel = SMS | serviceAddress = 268 | keyword = DOI DIEM 1000 | isdn = 84922000512 | subscriberType = -1 | shipTo =  | actionType =  | productId = 0 | commandId = 0 | request =  | response =  | status = 1 | cause =  | description = 
06/09 09:33:26:155 message count: 1
06/09 09:33:31:229 End of process session
06/09 09:33:31:231 Simulator0 stopped
06/09 09:34:39:356 Simulator0 started
06/09 09:34:39:381 Starting process session
06/09 09:34:39:495 Total 0 instances are started
06/09 09:34:39:496 Total 1 instances are added
06/09 09:34:39:496 Begin to send message.
06/09 09:34:39:529 orderId = 0 | requestId = 0 | userId = system | channel = SMS | serviceAddress = 268 | keyword = DOI DIEM 1000 | isdn = 84922000512 | subscriberType = -1 | shipTo =  | actionType =  | productId = 0 | commandId = 0 | request =  | response =  | status = 1 | cause =  | description = 
06/09 09:34:39:530 message count: 1
06/09 09:34:44:632 Begin to send message.
06/09 09:34:49:614 End of process session
06/09 09:34:49:615 Simulator0 stopped
06/09 09:36:45:046 Simulator0 started
06/09 09:36:45:065 Starting process session
06/09 09:36:45:183 Total 0 instances are started
06/09 09:36:45:184 Total 1 instances are added
06/09 09:36:45:291 End of process session
06/09 09:36:51:293 Simulator0 stopped
06/09 09:37:31:050 Simulator0 started
06/09 09:37:31:073 Starting process session
06/09 09:37:31:183 Total 0 instances are started
06/09 09:37:31:183 Begin to send message.
06/09 09:37:31:184 Total 1 instances are added
06/09 09:37:31:217 orderId = 0 | requestId = 0 | userId = system | channel = SMS | serviceAddress = 268 | keyword = DOI DIEM 1000 | isdn = 84922000512 | subscriberType = -1 | shipTo =  | actionType =  | productId = 0 | commandId = 0 | request =  | response =  | status = 1 | cause =  | description = 
06/09 09:37:31:218 message count: 1
06/09 09:37:36:290 End of process session
06/09 09:37:36:291 Simulator0 stopped
06/09 09:39:30:134 Simulator0 started
06/09 09:39:30:152 Starting process session
06/09 09:39:30:259 Total 0 instances are started
06/09 09:39:30:259 Begin to send message.
06/09 09:39:30:260 Total 1 instances are added
06/09 09:39:30:268 orderId = 0 | requestId = 0 | userId = system | channel = SMS | serviceAddress = 268 | keyword = DOI DIEM 1000 | isdn = 84922000512 | subscriberType = -1 | shipTo =  | actionType =  | productId = 0 | commandId = 0 | request =  | response =  | status = 1 | cause =  | description = 
06/09 09:39:30:269 message count: 1
06/09 09:39:35:367 End of process session
06/09 09:39:35:368 Simulator0 stopped
06/09 10:00:56:510 Simulator0 started
06/09 10:00:56:533 Starting process session
06/09 10:00:56:646 Total 0 instances are started
06/09 10:00:56:647 Total 1 instances are added
06/09 10:00:56:646 Begin to send message.
06/09 10:00:56:672 orderId = 0 | requestId = 0 | userId = system | channel = SMS | serviceAddress = 268 | keyword = DOI DIEM 1000 | isdn = 84922000514 | subscriberType = -1 | shipTo =  | actionType =  | productId = 0 | commandId = 0 | request =  | response =  | status = 1 | cause =  | description = 
06/09 10:00:56:673 message count: 1
06/09 10:01:01:754 End of process session
06/09 10:01:01:755 Simulator0 stopped
06/09 10:01:35:587 Simulator0 started
06/09 10:01:35:611 Starting process session
06/09 10:01:35:721 Total 0 instances are started
06/09 10:01:35:721 Begin to send message.
06/09 10:01:35:722 Total 1 instances are added
06/09 10:01:35:737 orderId = 0 | requestId = 0 | userId = system | channel = SMS | serviceAddress = 268 | keyword = DOI DIEM 1000 | isdn = 84922000514 | subscriberType = -1 | shipTo =  | actionType =  | productId = 0 | commandId = 0 | request =  | response =  | status = 1 | cause =  | description = 
06/09 10:01:35:738 message count: 1
06/09 10:01:40:831 End of process session
06/09 10:01:40:833 Simulator0 stopped
06/09 10:06:50:155 Simulator0 started
06/09 10:06:50:179 Starting process session
06/09 10:06:50:295 Total 0 instances are started
06/09 10:06:50:296 Total 1 instances are added
06/09 10:06:50:297 Begin to send message.
06/09 10:06:50:329 orderId = 0 | requestId = 0 | userId = system | channel = SMS | serviceAddress = 268 | keyword = DOI DIEM 1000 | isdn = 84922000514 | subscriberType = -1 | shipTo =  | actionType =  | productId = 0 | commandId = 0 | request =  | response =  | status = 1 | cause =  | description = 
06/09 10:06:50:329 message count: 1
06/09 10:06:55:431 Begin to send message.
06/09 10:07:00:401 End of process session
06/09 10:07:00:402 Simulator0 stopped
06/09 10:09:50:883 Simulator0 started
06/09 10:09:50:904 Starting process session
06/09 10:09:51:018 Total 0 instances are started
06/09 10:09:51:019 Total 1 instances are added
06/09 10:09:51:021 Begin to send message.
06/09 10:09:51:052 orderId = 0 | requestId = 0 | userId = system | channel = SMS | serviceAddress = 268 | keyword = DOI DIEM 1000 | isdn = 84922000514 | subscriberType = -1 | shipTo =  | actionType =  | productId = 0 | commandId = 0 | request =  | response =  | status = 1 | cause =  | description = 
06/09 10:09:51:053 message count: 1
06/09 10:09:56:125 End of process session
06/09 10:09:56:127 Simulator0 stopped
06/09 10:16:12:916 Simulator0 started
06/09 10:16:12:935 Starting process session
06/09 10:16:13:048 Total 0 instances are started
06/09 10:16:13:049 Total 1 instances are added
06/09 10:16:13:048 Begin to send message.
06/09 10:16:13:079 orderId = 0 | requestId = 0 | userId = system | channel = SMS | serviceAddress = 268 | keyword = DOI DIEM 1000 | isdn = 84922000514 | subscriberType = -1 | shipTo =  | actionType =  | productId = 0 | commandId = 0 | request =  | response =  | status = 1 | cause =  | description = 
06/09 10:16:13:080 message count: 1
06/09 10:16:18:157 End of process session
06/09 10:16:18:159 Simulator0 stopped
06/09 10:17:27:989 Simulator0 started
06/09 10:17:28:013 Starting process session
06/09 10:17:28:123 Total 0 instances are started
06/09 10:17:28:124 Total 1 instances are added
06/09 10:17:28:129 orderId = 0 | requestId = 0 | userId = system | channel = SMS | serviceAddress = 268 | keyword = DOI DIEM 2000 | isdn = 84922000514 | subscriberType = -1 | shipTo =  | actionType =  | productId = 0 | commandId = 0 | request =  | response =  | status = 1 | cause =  | description = 
06/09 10:17:28:130 message count: 1
06/09 10:17:33:229 End of process session
06/09 10:17:33:231 Simulator0 stopped
06/09 10:19:37:134 Simulator0 started
06/09 10:19:37:155 Starting process session
06/09 10:19:37:263 Total 0 instances are started
06/09 10:19:37:265 Total 1 instances are added
06/09 10:19:37:263 Begin to send message.
06/09 10:19:37:273 orderId = 0 | requestId = 0 | userId = system | channel = SMS | serviceAddress = 268 | keyword = DOI DIEM 2000 | isdn = 84922000514 | subscriberType = -1 | shipTo =  | actionType =  | productId = 0 | commandId = 0 | request =  | response =  | status = 1 | cause =  | description = 
06/09 10:19:37:274 message count: 1
06/09 10:19:42:371 End of process session
06/09 10:19:42:372 Simulator0 stopped
06/09 10:21:34:167 Simulator0 started
06/09 10:21:34:190 Starting process session
06/09 10:21:34:298 Total 0 instances are started
06/09 10:21:34:298 Begin to send message.
06/09 10:21:34:299 Total 1 instances are added
06/09 10:21:34:308 orderId = 0 | requestId = 0 | userId = system | channel = SMS | serviceAddress = 268 | keyword = DOI DIEM 2000 | isdn = 84922000514 | subscriberType = -1 | shipTo =  | actionType =  | productId = 0 | commandId = 0 | request =  | response =  | status = 1 | cause =  | description = 
06/09 10:21:34:309 message count: 1
06/09 10:21:39:406 End of process session
06/09 10:21:39:408 Simulator0 stopped
06/09 10:23:19:374 Simulator0 started
06/09 10:23:19:401 Starting process session
06/09 10:23:19:518 Total 0 instances are started
06/09 10:23:19:518 Begin to send message.
06/09 10:23:19:520 Total 1 instances are added
06/09 10:23:19:538 orderId = 0 | requestId = 0 | userId = system | channel = SMS | serviceAddress = 268 | keyword = DOI DIEM 2000 | isdn = 84922000514 | subscriberType = -1 | shipTo =  | actionType =  | productId = 0 | commandId = 0 | request =  | response =  | status = 1 | cause =  | description = 
06/09 10:23:19:540 message count: 1
06/09 10:23:24:627 End of process session
06/09 10:23:24:630 Simulator0 stopped
06/09 10:24:14:621 Simulator0 started
06/09 10:24:14:642 Starting process session
06/09 10:24:14:748 Total 0 instances are started
06/09 10:24:14:749 Total 1 instances are added
06/09 10:24:14:749 Begin to send message.
06/09 10:24:14:753 orderId = 0 | requestId = 0 | userId = system | channel = SMS | serviceAddress = 268 | keyword = DOI DIEM 2000 | isdn = 84922000514 | subscriberType = -1 | shipTo =  | actionType =  | productId = 0 | commandId = 0 | request =  | response =  | status = 1 | cause =  | description = 
06/09 10:24:14:754 message count: 1
06/09 10:24:19:854 End of process session
06/09 10:24:19:855 Simulator0 stopped
06/09 10:57:20:822 Simulator0 started
06/09 10:57:20:846 Starting process session
06/09 10:57:20:956 Total 0 instances are started
06/09 10:57:20:957 Total 1 instances are added
06/09 10:57:20:958 Begin to send message.
06/09 10:57:20:997 orderId = 0 | requestId = 0 | userId = system | channel = SMS | serviceAddress = 268 | keyword = TRA DIEM | isdn = 84922000512 | subscriberType = -1 | shipTo =  | actionType =  | productId = 0 | commandId = 0 | request =  | response =  | status = 1 | cause =  | description = 
06/09 10:57:20:998 message count: 1
06/09 10:57:26:072 End of process session
06/09 10:57:26:073 Simulator0 stopped
06/09 11:01:57:126 Simulator0 started
06/09 11:01:57:148 Starting process session
06/09 11:01:57:261 Total 0 instances are started
06/09 11:01:57:263 Total 1 instances are added
06/09 11:01:57:262 Begin to send message.
06/09 11:01:57:300 orderId = 0 | requestId = 0 | userId = system | channel = SMS | serviceAddress = 268 | keyword = TRA DIEM | isdn = 84922000512 | subscriberType = -1 | shipTo =  | actionType =  | productId = 0 | commandId = 0 | request =  | response =  | status = 1 | cause =  | description = 
06/09 11:01:57:305 message count: 1
06/09 11:02:02:374 End of process session
06/09 11:02:02:376 Simulator0 stopped
06/09 11:02:55:210 Simulator0 started
06/09 11:02:55:228 Starting process session
06/09 11:02:55:339 Total 0 instances are started
06/09 11:02:55:341 Total 1 instances are added
06/09 11:02:55:448 End of process session
06/09 11:03:03:454 Simulator0 stopped
06/09 11:15:39:742 Simulator0 started
06/09 11:15:39:761 Starting process session
06/09 11:15:39:885 Total 0 instances are started
06/09 11:15:39:886 Total 1 instances are added
06/09 11:15:39:998 End of process session
06/09 11:15:44:999 Simulator0 stopped
06/09 11:15:46:790 Simulator0 started
06/09 11:15:46:826 Starting process session
06/09 11:15:46:938 Total 0 instances are started
06/09 11:15:46:939 Begin to send message.
06/09 11:15:46:939 Total 1 instances are added
06/09 11:15:46:973 orderId = 0 | requestId = 0 | userId = system | channel = SMS | serviceAddress = 268 | keyword = TRA DIEM | isdn = 84922000516 | subscriberType = -1 | shipTo =  | actionType =  | productId = 0 | commandId = 0 | request =  | response =  | status = 1 | cause =  | description = 
06/09 11:15:46:974 message count: 1
06/09 11:15:52:060 End of process session
06/09 11:15:52:063 Simulator0 stopped
06/09 11:18:10:839 Simulator0 started
06/09 11:18:10:859 Starting process session
06/09 11:18:10:972 Total 0 instances are started
06/09 11:18:10:973 Total 1 instances are added
06/09 11:18:10:972 Begin to send message.
06/09 11:18:11:004 orderId = 0 | requestId = 0 | userId = system | channel = SMS | serviceAddress = 268 | keyword = TRA DIEM | isdn = 84922000516 | subscriberType = -1 | shipTo =  | actionType =  | productId = 0 | commandId = 0 | request =  | response =  | status = 1 | cause =  | description = 
06/09 11:18:11:005 message count: 1
06/09 11:18:16:077 End of process session
06/09 11:18:16:078 Simulator0 stopped
06/09 11:30:26:072 Simulator0 started
06/09 11:30:26:097 Starting process session
06/09 11:30:26:205 Total 0 instances are started
06/09 11:30:26:205 Begin to send message.
06/09 11:30:26:206 Total 1 instances are added
06/09 11:30:26:237 orderId = 0 | requestId = 0 | userId = system | channel = SMS | serviceAddress = 268 | keyword = TRA DIEM | isdn = 84922000517 | subscriberType = -1 | shipTo =  | actionType =  | productId = 0 | commandId = 0 | request =  | response =  | status = 1 | cause =  | description = 
06/09 11:30:26:238 message count: 1
06/09 11:30:31:318 End of process session
06/09 11:30:31:319 Simulator0 stopped
06/09 11:32:14:053 Simulator0 started
06/09 11:32:14:072 Starting process session
06/09 11:32:14:180 Total 0 instances are started
06/09 11:32:14:180 Begin to send message.
06/09 11:32:14:181 Total 1 instances are added
06/09 11:32:14:245 orderId = 0 | requestId = 0 | userId = system | channel = SMS | serviceAddress = 268 | keyword = TRA DIEM | isdn = 84922000517 | subscriberType = -1 | shipTo =  | actionType =  | productId = 0 | commandId = 0 | request =  | response =  | status = 1 | cause =  | description = 
06/09 11:32:14:246 message count: 1
06/09 11:32:19:287 End of process session
06/09 11:32:19:288 Simulator0 stopped
06/09 11:39:14:283 Simulator0 started
06/09 11:39:14:304 Starting process session
06/09 11:39:14:412 Total 0 instances are started
06/09 11:39:14:412 Begin to send message.
06/09 11:39:14:413 Total 1 instances are added
06/09 11:39:14:428 orderId = 0 | requestId = 0 | userId = system | channel = SMS | serviceAddress = 268 | keyword = TRA DIEM | isdn = 84922000517 | subscriberType = -1 | shipTo =  | actionType =  | productId = 0 | commandId = 0 | request =  | response =  | status = 1 | cause =  | description = 
06/09 11:39:14:429 message count: 1
06/09 11:39:19:517 End of process session
06/09 11:39:19:519 Simulator0 stopped
06/09 11:40:23:206 Simulator0 started
06/09 11:40:23:225 Starting process session
06/09 11:40:23:334 Total 0 instances are started
06/09 11:40:23:338 Begin to send message.
06/09 11:40:23:338 Total 1 instances are added
06/09 11:40:23:362 orderId = 0 | requestId = 0 | userId = system | channel = SMS | serviceAddress = 268 | keyword = TRA DIEM | isdn = 84922000517 | subscriberType = -1 | shipTo =  | actionType =  | productId = 0 | commandId = 0 | request =  | response =  | status = 1 | cause =  | description = 
06/09 11:40:23:363 message count: 1
06/09 11:40:28:444 End of process session
06/09 11:40:28:445 Simulator0 stopped
06/09 11:41:03:320 Simulator0 started
06/09 11:41:03:345 Starting process session
06/09 11:41:03:454 Total 0 instances are started
06/09 11:41:03:454 Begin to send message.
06/09 11:41:03:455 Total 1 instances are added
06/09 11:41:03:469 orderId = 0 | requestId = 0 | userId = system | channel = SMS | serviceAddress = 268 | keyword = TRA DIEM | isdn = 84922000517 | subscriberType = -1 | shipTo =  | actionType =  | productId = 0 | commandId = 0 | request =  | response =  | status = 1 | cause =  | description = 
06/09 11:41:03:470 message count: 1
06/09 11:41:08:560 End of process session
06/09 11:41:08:561 Simulator0 stopped
06/09 11:43:12:741 Simulator0 started
06/09 11:43:12:764 Starting process session
06/09 11:43:12:873 Total 0 instances are started
06/09 11:43:12:874 Total 1 instances are added
06/09 11:43:12:873 Begin to send message.
06/09 11:43:12:904 orderId = 0 | requestId = 0 | userId = system | channel = SMS | serviceAddress = 268 | keyword = TRA DIEM | isdn = 84922000517 | subscriberType = -1 | shipTo =  | actionType =  | productId = 0 | commandId = 0 | request =  | response =  | status = 1 | cause =  | description = 
06/09 11:43:12:905 message count: 1
06/09 11:43:17:977 End of process session
06/09 11:43:17:978 Simulator0 stopped
06/09 14:05:31:132 Simulator0 started
06/09 14:05:31:151 Starting process session
06/09 14:05:31:325 Total 0 instances are started
06/09 14:05:31:325 Begin to send message.
06/09 14:05:31:326 Total 1 instances are added
06/09 14:05:31:373 orderId = 0 | requestId = 0 | userId = system | channel = SMS | serviceAddress = 268 | keyword = TRA DIEM | isdn = 84922000517 | subscriberType = -1 | shipTo =  | actionType =  | productId = 0 | commandId = 0 | request =  | response =  | status = 1 | cause =  | description = 
06/09 14:05:31:374 message count: 1
06/09 14:05:36:432 End of process session
06/09 14:05:36:433 Simulator0 stopped
06/09 14:06:02:165 Simulator0 started
06/09 14:06:02:185 Starting process session
06/09 14:06:02:293 Total 0 instances are started
06/09 14:06:02:295 Total 1 instances are added
06/09 14:06:02:300 orderId = 0 | requestId = 0 | userId = system | channel = SMS | serviceAddress = 268 | keyword = TRA DIEM | isdn = 84922000516 | subscriberType = -1 | shipTo =  | actionType =  | productId = 0 | commandId = 0 | request =  | response =  | status = 1 | cause =  | description = 
06/09 14:06:02:301 message count: 1
06/09 14:06:07:400 End of process session
06/09 14:06:07:401 Simulator0 stopped
06/09 14:07:36:211 Simulator0 started
06/09 14:07:36:238 Starting process session
06/09 14:07:36:348 Total 0 instances are started
06/09 14:07:36:348 Begin to send message.
06/09 14:07:36:349 Total 1 instances are added
06/09 14:07:36:355 orderId = 0 | requestId = 0 | userId = system | channel = SMS | serviceAddress = 268 | keyword = HUY CAM | isdn = 84922000512 | subscriberType = -1 | shipTo =  | actionType =  | productId = 0 | commandId = 0 | request =  | response =  | status = 1 | cause =  | description = 
06/09 14:07:36:356 message count: 1
06/09 14:07:41:454 End of process session
06/09 14:07:41:456 Simulator0 stopped
06/09 14:08:46:250 Simulator0 started
06/09 14:08:46:275 Starting process session
06/09 14:08:46:382 Total 0 instances are started
06/09 14:08:46:383 Total 1 instances are added
06/09 14:08:46:382 Begin to send message.
06/09 14:08:46:388 orderId = 0 | requestId = 0 | userId = system | channel = SMS | serviceAddress = 268 | keyword = TRA DIEM | isdn = 84922000512 | subscriberType = -1 | shipTo =  | actionType =  | productId = 0 | commandId = 0 | request =  | response =  | status = 1 | cause =  | description = 
06/09 14:08:46:389 message count: 1
06/09 14:08:51:488 End of process session
06/09 14:08:51:489 Simulator0 stopped
06/09 14:17:03:762 Simulator0 started
06/09 14:17:03:782 Starting process session
06/09 14:17:03:897 Total 0 instances are started
06/09 14:17:03:898 Begin to send message.
06/09 14:17:03:898 Total 1 instances are added
06/09 14:17:03:934 orderId = 0 | requestId = 0 | userId = system | channel = SMS | serviceAddress = 268 | keyword = TRA DIEM | isdn = 84922000512 | subscriberType = -1 | shipTo =  | actionType =  | productId = 0 | commandId = 0 | request =  | response =  | status = 1 | cause =  | description = 
06/09 14:17:03:936 message count: 1
06/09 14:17:09:009 End of process session
06/09 14:17:09:011 Simulator0 stopped
06/09 14:17:29:806 Simulator0 started
06/09 14:17:29:825 Starting process session
06/09 14:17:29:934 Total 0 instances are started
06/09 14:17:29:935 Total 1 instances are added
06/09 14:17:30:040 End of process session
06/09 14:17:38:042 Simulator0 stopped
06/09 14:17:39:842 Simulator0 started
06/09 14:17:39:865 Starting process session
06/09 14:17:39:973 Total 0 instances are started
06/09 14:17:39:974 Total 1 instances are added
06/09 14:17:40:084 End of process session
06/09 14:17:49:085 Simulator0 stopped
06/09 14:17:55:873 Simulator0 started
06/09 14:17:55:893 Starting process session
06/09 14:17:56:005 Total 0 instances are started
06/09 14:17:56:006 Total 1 instances are added
06/09 14:17:56:006 Begin to send message.
06/09 14:17:56:020 orderId = 0 | requestId = 0 | userId = system | channel = SMS | serviceAddress = 268 | keyword = TRA DIEM | isdn = 84922000512 | subscriberType = -1 | shipTo =  | actionType =  | productId = 0 | commandId = 0 | request =  | response =  | status = 1 | cause =  | description = 
06/09 14:17:56:021 message count: 1
06/09 14:18:01:121 End of process session
06/09 14:18:01:123 Simulator0 stopped
06/09 14:21:27:734 Simulator0 started
06/09 14:21:27:756 Starting process session
06/09 14:21:27:873 Total 0 instances are started
06/09 14:21:27:874 Total 1 instances are added
06/09 14:21:27:978 End of process session
06/09 14:21:34:980 Simulator0 stopped
06/09 14:21:36:769 Simulator0 started
06/09 14:21:36:789 Starting process session
06/09 14:21:36:903 Total 0 instances are started
06/09 14:21:36:904 Total 1 instances are added
06/09 14:21:36:903 Begin to send message.
06/09 14:21:36:932 orderId = 0 | requestId = 0 | userId = system | channel = SMS | serviceAddress = 268 | keyword = TRA DIEM | isdn = 84922000512 | subscriberType = -1 | shipTo =  | actionType =  | productId = 0 | commandId = 0 | request =  | response =  | status = 1 | cause =  | description = 
06/09 14:21:36:933 message count: 1
06/09 14:21:42:036 Begin to send message.
06/09 14:21:47:014 End of process session
06/09 14:21:47:016 Simulator0 stopped
06/09 14:22:32:889 Simulator0 started
06/09 14:22:32:910 Starting process session
06/09 14:22:33:019 Total 0 instances are started
06/09 14:22:33:019 Begin to send message.
06/09 14:22:33:020 Total 1 instances are added
06/09 14:22:33:048 orderId = 0 | requestId = 0 | userId = system | channel = SMS | serviceAddress = 268 | keyword = TRA DIEM | isdn = 84922000512 | subscriberType = -1 | shipTo =  | actionType =  | productId = 0 | commandId = 0 | request =  | response =  | status = 1 | cause =  | description = 
06/09 14:22:33:049 message count: 1
06/09 14:22:38:126 End of process session
06/09 14:22:38:128 Simulator0 stopped
06/09 14:26:05:003 Simulator0 started
06/09 14:26:05:029 Starting process session
06/09 14:26:05:137 Total 0 instances are started
06/09 14:26:05:137 Begin to send message.
06/09 14:26:05:138 Total 1 instances are added
06/09 14:26:05:144 orderId = 0 | requestId = 0 | userId = system | channel = SMS | serviceAddress = 268 | keyword = HUY CAM | isdn = 84922000514 | subscriberType = -1 | shipTo =  | actionType =  | productId = 0 | commandId = 0 | request =  | response =  | status = 1 | cause =  | description = 
06/09 14:26:05:145 message count: 1
06/09 14:26:10:242 End of process session
06/09 14:26:10:243 Simulator0 stopped
06/09 14:26:48:047 Simulator0 started
06/09 14:26:48:069 Starting process session
06/09 14:26:48:176 Total 0 instances are started
06/09 14:26:48:177 Total 1 instances are added
06/09 14:26:48:176 Begin to send message.
06/09 14:26:48:184 orderId = 0 | requestId = 0 | userId = system | channel = SMS | serviceAddress = 268 | keyword = TRA DIEM | isdn = 84922000514 | subscriberType = -1 | shipTo =  | actionType =  | productId = 0 | commandId = 0 | request =  | response =  | status = 1 | cause =  | description = 
06/09 14:26:48:185 message count: 1
06/09 14:26:53:282 End of process session
06/09 14:26:53:283 Simulator0 stopped
06/09 14:28:20:104 Simulator0 started
06/09 14:28:20:154 Starting process session
06/09 14:28:20:268 Total 0 instances are started
06/09 14:28:20:268 Begin to send message.
06/09 14:28:20:269 Total 1 instances are added
06/09 14:28:20:277 orderId = 0 | requestId = 0 | userId = system | channel = SMS | serviceAddress = 268 | keyword = DK CAM | isdn = 84922000512 | subscriberType = -1 | shipTo =  | actionType =  | productId = 0 | commandId = 0 | request =  | response =  | status = 1 | cause =  | description = 
06/09 14:28:20:279 message count: 1
06/09 14:28:25:375 End of process session
06/09 14:28:25:376 Simulator0 stopped
06/09 14:28:40:151 Simulator0 started
06/09 14:28:40:192 Starting process session
06/09 14:28:40:300 Total 0 instances are started
06/09 14:28:40:300 Begin to send message.
06/09 14:28:40:301 Total 1 instances are added
06/09 14:28:40:308 orderId = 0 | requestId = 0 | userId = system | channel = SMS | serviceAddress = 268 | keyword = TRA DIEM | isdn = 84922000512 | subscriberType = -1 | shipTo =  | actionType =  | productId = 0 | commandId = 0 | request =  | response =  | status = 1 | cause =  | description = 
06/09 14:28:40:309 message count: 1
06/09 14:28:45:408 End of process session
06/09 14:28:45:409 Simulator0 stopped
06/09 14:29:58:192 Simulator0 started
06/09 14:29:58:216 Starting process session
06/09 14:29:58:325 Total 0 instances are started
06/09 14:29:58:327 Total 1 instances are added
06/09 14:29:58:430 End of process session
06/09 14:30:07:431 Simulator0 stopped
06/09 14:30:09:231 Simulator0 started
06/09 14:30:09:257 Starting process session
06/09 14:30:09:371 Total 0 instances are started
06/09 14:30:09:371 Begin to send message.
06/09 14:30:09:372 Total 1 instances are added
06/09 14:30:09:380 orderId = 0 | requestId = 0 | userId = system | channel = SMS | serviceAddress = 268 | keyword = TRA DIEMss | isdn = 84922000512 | subscriberType = -1 | shipTo =  | actionType =  | productId = 0 | commandId = 0 | request =  | response =  | status = 1 | cause =  | description = 
06/09 14:30:09:381 message count: 1
06/09 14:30:14:477 End of process session
06/09 14:30:14:478 Simulator0 stopped
06/09 14:40:05:392 Simulator0 started
06/09 14:40:05:415 Starting process session
06/09 14:40:05:525 Total 0 instances are started
06/09 14:40:05:525 Begin to send message.
06/09 14:40:05:526 Total 1 instances are added
06/09 14:40:05:533 orderId = 0 | requestId = 0 | userId = system | channel = SMS | serviceAddress = 268 | keyword = DK CAM | isdn = 84922000514 | subscriberType = -1 | shipTo =  | actionType =  | productId = 0 | commandId = 0 | request =  | response =  | status = 1 | cause =  | description = 
06/09 14:40:05:534 message count: 1
06/09 14:40:10:631 End of process session
06/09 14:40:10:632 Simulator0 stopped
06/09 14:40:42:441 Simulator0 started
06/09 14:40:42:467 Starting process session
06/09 14:40:42:577 Total 0 instances are started
06/09 14:40:42:577 Begin to send message.
06/09 14:40:42:578 Total 1 instances are added
06/09 14:40:42:584 orderId = 0 | requestId = 0 | userId = system | channel = SMS | serviceAddress = 268 | keyword = DOI DIEM 2000 | isdn = 84922000514 | subscriberType = -1 | shipTo =  | actionType =  | productId = 0 | commandId = 0 | request =  | response =  | status = 1 | cause =  | description = 
06/09 14:40:42:585 message count: 1
06/09 14:40:47:684 End of process session
06/09 14:40:47:685 Simulator0 stopped
06/09 15:17:14:623 Simulator0 started
06/09 15:17:14:644 Starting process session
06/09 15:17:14:758 Total 0 instances are started
06/09 15:17:14:759 Begin to send message.
06/09 15:17:14:759 Total 1 instances are added
06/09 15:17:14:791 orderId = 0 | requestId = 0 | userId = system | channel = SMS | serviceAddress = 268 | keyword = DOI DIEM 2000 | isdn = 84922000514 | subscriberType = -1 | shipTo =  | actionType =  | productId = 0 | commandId = 0 | request =  | response =  | status = 1 | cause =  | description = 
06/09 15:17:14:792 message count: 1
06/09 15:17:19:867 End of process session
06/09 15:17:19:869 Simulator0 stopped
06/09 15:18:10:687 Simulator0 started
06/09 15:18:10:708 Starting process session
06/09 15:18:10:820 Total 0 instances are started
06/09 15:18:10:821 Total 1 instances are added
06/09 15:18:10:929 End of process session
06/09 15:18:17:932 Simulator0 stopped
06/09 15:18:19:711 Simulator0 started
06/09 15:18:19:735 Starting process session
06/09 15:18:19:851 Total 0 instances are started
06/09 15:18:19:851 Begin to send message.
06/09 15:18:19:852 Total 1 instances are added
06/09 15:18:19:858 orderId = 0 | requestId = 0 | userId = system | channel = SMS | serviceAddress = 268 | keyword = DOI DIEM 2000 | isdn = 84922000514 | subscriberType = -1 | shipTo =  | actionType =  | productId = 0 | commandId = 0 | request =  | response =  | status = 1 | cause =  | description = 
06/09 15:18:19:859 message count: 1
06/09 15:18:24:965 End of process session
06/09 15:18:24:967 Simulator0 stopped
06/09 15:22:54:881 Simulator0 started
06/09 15:22:54:911 Starting process session
06/09 15:22:55:023 Total 0 instances are started
06/09 15:22:55:023 Begin to send message.
06/09 15:22:55:026 Total 1 instances are added
06/09 15:22:55:033 orderId = 0 | requestId = 0 | userId = system | channel = SMS | serviceAddress = 268 | keyword = DOI DIEM 2000 | isdn = 84922000514 | subscriberType = -1 | shipTo =  | actionType =  | productId = 0 | commandId = 0 | request =  | response =  | status = 1 | cause =  | description = 
06/09 15:22:55:034 message count: 1
06/09 15:23:00:137 Begin to send message.
06/09 15:23:05:135 End of process session
06/09 15:23:05:137 Simulator0 stopped
06/09 15:23:06:909 Simulator0 started
06/09 15:23:06:933 Starting process session
06/09 15:23:07:047 Total 0 instances are started
06/09 15:23:07:048 Total 1 instances are added
06/09 15:23:07:047 Begin to send message.
06/09 15:23:07:061 orderId = 0 | requestId = 0 | userId = system | channel = SMS | serviceAddress = 268 | keyword = DOI DIEM 2000 | isdn = 84922000514 | subscriberType = -1 | shipTo =  | actionType =  | productId = 0 | commandId = 0 | request =  | response =  | status = 1 | cause =  | description = 
06/09 15:23:07:062 message count: 1
06/09 15:23:12:155 End of process session
06/09 15:23:12:156 Simulator0 stopped
06/09 15:24:50:632 Simulator0 started
06/09 15:24:50:657 Starting process session
06/09 15:24:50:771 Total 0 instances are started
06/09 15:24:50:771 Begin to send message.
06/09 15:24:50:772 Total 1 instances are added
06/09 15:24:50:815 orderId = 0 | requestId = 0 | userId = system | channel = SMS | serviceAddress = 268 | keyword = DOI DIEM 2000 | isdn = 84922000514 | subscriberType = -1 | shipTo =  | actionType =  | productId = 0 | commandId = 0 | request =  | response =  | status = 1 | cause =  | description = 
06/09 15:24:50:816 message count: 1
06/09 15:24:55:883 End of process session
06/09 15:24:55:895 Simulator0 stopped
06/09 15:26:32:734 Simulator0 started
06/09 15:26:32:757 Starting process session
06/09 15:26:32:870 Total 0 instances are started
06/09 15:26:32:870 Begin to send message.
06/09 15:26:32:871 Total 1 instances are added
06/09 15:26:32:878 orderId = 0 | requestId = 0 | userId = system | channel = SMS | serviceAddress = 268 | keyword = DOI DIEM 2000 | isdn = 84922000514 | subscriberType = -1 | shipTo =  | actionType =  | productId = 0 | commandId = 0 | request =  | response =  | status = 1 | cause =  | description = 
06/09 15:26:32:879 message count: 1
06/09 15:26:37:982 End of process session
06/09 15:26:37:983 Simulator0 stopped
06/09 15:34:44:052 Simulator0 started
06/09 15:34:44:077 Starting process session
06/09 15:34:44:189 Total 0 instances are started
06/09 15:34:44:190 Total 1 instances are added
06/09 15:34:44:191 Begin to send message.
06/09 15:34:44:225 orderId = 0 | requestId = 0 | userId = system | channel = SMS | serviceAddress = 268 | keyword = DOI DIEM 2000 | isdn = 84922000514 | subscriberType = -1 | shipTo =  | actionType =  | productId = 0 | commandId = 0 | request =  | response =  | status = 1 | cause =  | description = 
06/09 15:34:44:226 message count: 1
06/09 15:34:49:298 End of process session
06/09 15:34:49:300 Simulator0 stopped
06/09 15:38:00:231 Simulator0 started
06/09 15:38:00:255 Starting process session
06/09 15:38:00:370 Total 0 instances are started
06/09 15:38:00:372 Total 1 instances are added
06/09 15:38:00:372 Begin to send message.
06/09 15:38:00:387 orderId = 0 | requestId = 0 | userId = system | channel = SMS | serviceAddress = 268 | keyword = DOI DIEM 2000 | isdn = 84922000514 | subscriberType = -1 | shipTo =  | actionType =  | productId = 0 | commandId = 0 | request =  | response =  | status = 1 | cause =  | description = 
06/09 15:38:00:389 message count: 1
06/09 15:38:05:480 End of process session
06/09 15:38:05:483 Simulator0 stopped
06/09 15:40:27:322 Simulator0 started
06/09 15:40:27:345 Starting process session
06/09 15:40:27:459 Total 0 instances are started
06/09 15:40:27:459 Begin to send message.
06/09 15:40:27:460 Total 1 instances are added
06/09 15:40:27:472 orderId = 0 | requestId = 0 | userId = system | channel = SMS | serviceAddress = 268 | keyword = DOI DIEM 2000 | isdn = 84922000514 | subscriberType = -1 | shipTo =  | actionType =  | productId = 0 | commandId = 0 | request =  | response =  | status = 1 | cause =  | description = 
06/09 15:40:27:473 message count: 1
06/09 15:40:32:581 End of process session
06/09 15:40:32:583 Simulator0 stopped
06/09 15:40:36:341 Simulator0 started
06/09 15:40:36:363 Starting process session
06/09 15:40:36:472 Total 0 instances are started
06/09 15:40:36:472 Begin to send message.
06/09 15:40:36:474 Total 1 instances are added
06/09 15:40:36:483 orderId = 0 | requestId = 0 | userId = system | channel = SMS | serviceAddress = 268 | keyword = DOI DIEM 2000 | isdn = 84922000514 | subscriberType = -1 | shipTo =  | actionType =  | productId = 0 | commandId = 0 | request =  | response =  | status = 1 | cause =  | description = 
06/09 15:40:36:485 message count: 1
06/09 15:40:41:580 End of process session
06/09 15:40:41:581 Simulator0 stopped
06/09 15:44:56:651 Simulator0 started
06/09 15:44:56:680 Starting process session
06/09 15:44:56:797 Total 0 instances are started
06/09 15:44:56:798 Total 1 instances are added
06/09 15:44:56:798 Begin to send message.
06/09 15:44:56:815 orderId = 0 | requestId = 0 | userId = system | channel = SMS | serviceAddress = 268 | keyword = DOI DIEM 2000 | isdn = 84922000514 | subscriberType = -1 | shipTo =  | actionType =  | productId = 0 | commandId = 0 | request =  | response =  | status = 1 | cause =  | description = 
06/09 15:44:56:816 message count: 1
06/09 15:45:01:902 End of process session
06/09 15:45:01:903 Simulator0 stopped
06/09 15:45:03:681 Simulator0 started
06/09 15:45:03:700 Starting process session
06/09 15:45:03:810 Total 0 instances are started
06/09 15:45:03:811 Total 1 instances are added
06/09 15:45:03:918 End of process session
06/09 15:46:06:735 Simulator0 started
06/09 15:46:06:761 Starting process session
06/09 15:46:06:870 Total 0 instances are started
06/09 15:46:06:870 Begin to send message.
06/09 15:46:06:872 Total 1 instances are added
06/09 15:46:06:905 orderId = 0 | requestId = 0 | userId = system | channel = SMS | serviceAddress = 268 | keyword = DOI DIEM 2000 | isdn = 84922000514 | subscriberType = -1 | shipTo =  | actionType =  | productId = 0 | commandId = 0 | request =  | response =  | status = 1 | cause =  | description = 
06/09 15:46:06:906 message count: 1
06/09 15:46:12:017 Begin to send message.
06/09 15:46:16:980 End of process session
06/09 15:46:16:981 Simulator0 stopped
06/09 16:16:11:167 Simulator0 started
06/09 16:16:11:189 Starting process session
06/09 16:16:11:300 Total 0 instances are started
06/09 16:16:11:301 Total 1 instances are added
06/09 16:16:11:301 Begin to send message.
06/09 16:16:11:311 orderId = 0 | requestId = 0 | userId = system | channel = SMS | serviceAddress = 268 | keyword = DOI DIEM 2000 | isdn = 84922000514 | subscriberType = -1 | shipTo =  | actionType =  | productId = 0 | commandId = 0 | request =  | response =  | status = 1 | cause =  | description = 
06/09 16:16:11:312 message count: 1
06/09 16:16:16:417 End of process session
06/09 16:16:16:419 Simulator0 stopped
06/09 16:33:20:259 Simulator0 started
06/09 16:33:20:284 Starting process session
06/09 16:33:20:399 Total 0 instances are started
06/09 16:33:20:400 Total 1 instances are added
06/09 16:33:20:400 Begin to send message.
06/09 16:33:20:438 orderId = 0 | requestId = 0 | userId = system | channel = SMS | serviceAddress = 268 | keyword = DOI DIEM 2000 | isdn = 84922000514 | subscriberType = -1 | shipTo =  | actionType =  | productId = 0 | commandId = 0 | request =  | response =  | status = 1 | cause =  | description = 
06/09 16:33:20:439 message count: 1
06/09 16:33:25:525 End of process session
06/09 16:33:25:527 Simulator0 stopped
06/09 16:33:27:292 Simulator0 started
06/09 16:33:27:312 Starting process session
06/09 16:33:27:426 Total 0 instances are started
06/09 16:33:27:427 Total 1 instances are added
06/09 16:33:27:534 End of process session
06/09 16:33:30:535 Simulator0 stopped
06/09 16:41:30:474 Simulator0 started
06/09 16:41:30:498 Starting process session
06/09 16:41:30:610 Total 0 instances are started
06/09 16:41:30:611 Total 1 instances are added
06/09 16:41:30:713 End of process session
06/09 16:41:35:716 Simulator0 stopped
06/09 16:41:37:510 Simulator0 started
06/09 16:41:37:531 Starting process session
06/09 16:41:37:642 Total 0 instances are started
06/09 16:41:37:643 Total 1 instances are added
06/09 16:41:37:642 Begin to send message.
06/09 16:41:37:673 orderId = 0 | requestId = 0 | userId = system | channel = SMS | serviceAddress = 268 | keyword = DOI DIEM 2000 | isdn = 84922000514 | subscriberType = -1 | shipTo =  | actionType =  | productId = 0 | commandId = 0 | request =  | response =  | status = 1 | cause =  | description = 
06/09 16:41:37:674 message count: 1
06/09 16:41:42:747 End of process session
06/09 16:41:42:748 Simulator0 stopped
06/09 16:43:06:849 Simulator0 started
06/09 16:43:06:871 Starting process session
06/09 16:43:06:981 Total 0 instances are started
06/09 16:43:06:981 Begin to send message.
06/09 16:43:06:982 Total 1 instances are added
06/09 16:43:07:060 orderId = 0 | requestId = 0 | userId = system | channel = SMS | serviceAddress = 268 | keyword = DOI DIEM 2000 | isdn = 84922000514 | subscriberType = -1 | shipTo =  | actionType =  | productId = 0 | commandId = 0 | request =  | response =  | status = 1 | cause =  | description = 
06/09 16:43:07:061 message count: 1
06/09 16:43:12:086 End of process session
06/09 16:43:12:088 Simulator0 stopped
06/09 16:47:57:909 Simulator0 started
06/09 16:47:57:930 Starting process session
06/09 16:47:58:038 Total 0 instances are started
06/09 16:47:58:039 Total 1 instances are added
06/09 16:47:58:038 Begin to send message.
06/09 16:47:58:048 orderId = 0 | requestId = 0 | userId = system | channel = SMS | serviceAddress = 268 | keyword = TRA DIEM | isdn = 84922000514 | subscriberType = -1 | shipTo =  | actionType =  | productId = 0 | commandId = 0 | request =  | response =  | status = 1 | cause =  | description = 
06/09 16:47:58:050 message count: 1
06/09 16:48:03:154 Begin to send message.
06/09 16:48:08:155 Begin to send message.
06/09 16:48:13:145 End of process session
06/09 16:48:13:147 Simulator0 stopped
06/09 16:53:36:012 Simulator0 started
06/09 16:53:36:032 Starting process session
06/09 16:53:36:140 Total 0 instances are started
06/09 16:53:36:140 Begin to send message.
06/09 16:53:36:142 Total 1 instances are added
06/09 16:53:36:149 orderId = 0 | requestId = 0 | userId = system | channel = SMS | serviceAddress = 268 | keyword = DOI DIEM 3000 | isdn = 84922000514 | subscriberType = -1 | shipTo =  | actionType =  | productId = 0 | commandId = 0 | request =  | response =  | status = 1 | cause =  | description = 
06/09 16:53:36:151 message count: 1
06/09 16:53:41:247 End of process session
06/09 16:53:41:248 Simulator0 stopped
06/09 16:54:43:090 Simulator0 started
06/09 16:54:43:108 Starting process session
06/09 16:54:43:219 Total 0 instances are started
06/09 16:54:43:219 Begin to send message.
06/09 16:54:43:220 Total 1 instances are added
06/09 16:54:43:222 orderId = 0 | requestId = 0 | userId = system | channel = SMS | serviceAddress = 268 | keyword = DOI DIEM 6000 | isdn = 84922000514 | subscriberType = -1 | shipTo =  | actionType =  | productId = 0 | commandId = 0 | request =  | response =  | status = 1 | cause =  | description = 
06/09 16:54:43:223 message count: 1
06/09 16:54:48:324 End of process session
06/09 16:54:48:326 Simulator0 stopped
06/09 16:58:00:431 Simulator0 started
06/09 16:58:00:453 Starting process session
06/09 16:58:00:567 Total 0 instances are started
06/09 16:58:00:568 Begin to send message.
ded
06/09 16:58:00:613 orderId = 0 | requestId = 0 | userId = system | channel = SMS | serviceAddress = 268 | keyword = DOI DIEM 6000 | isdn = 84922000514 | subscriberType = -1 | shipTo =  | actionType =  | productId = 0 | commandId = 0 | request =  | response =  | status = 1 | cause =  | description = 
06/09 16:58:00:614 message count: 1
06/09 16:58:05:674 End of process session
06/09 16:58:05:674 Simulator0 stopped
06/09 17:05:18:241 Simulator0 started
06/09 17:05:18:262 Starting process session
06/09 17:05:18:371 Total 0 instances are started
06/09 17:05:18:373 Total 1 instances are added
06/09 17:05:18:483 End of process session
06/09 17:05:31:486 Simulator0 stopped
06/09 17:05:33:312 Simulator0 started
06/09 17:05:33:333 Starting process session
06/09 17:05:33:445 Total 0 instances are started
06/09 17:05:33:446 Total 1 instances are added
06/09 17:05:33:445 Begin to send message.
06/09 17:05:33:478 orderId = 0 | requestId = 0 | userId = system | channel = SMS | serviceAddress = 268 | keyword = DOI DIEM 6000 | isdn = 84922000514 | subscriberType = -1 | shipTo =  | actionType =  | productId = 0 | commandId = 0 | request =  | response =  | status = 1 | cause =  | description = 
06/09 17:05:33:479 message count: 1
06/09 17:05:38:552 End of process session
06/09 17:05:38:553 Simulator0 stopped
06/09 17:07:51:355 Simulator0 started
06/09 17:07:51:382 Starting process session
06/09 17:07:51:494 Total 0 instances are started
06/09 17:07:51:495 Total 1 instances are added
06/09 17:07:51:495 Begin to send message.
06/09 17:07:51:503 orderId = 0 | requestId = 0 | userId = system | channel = SMS | serviceAddress = 268 | keyword = DOI DIEM 6000 | isdn = 84922000514 | subscriberType = -1 | shipTo =  | actionType =  | productId = 0 | commandId = 0 | request =  | response =  | status = 1 | cause =  | description = 
06/09 17:07:51:505 message count: 1
06/09 17:07:56:602 End of process session
06/09 17:07:56:603 Simulator0 stopped
06/09 17:16:23:548 Simulator0 started
06/09 17:16:23:576 Starting process session
06/09 17:16:23:692 Total 0 instances are started
06/09 17:16:23:693 Total 1 instances are added
06/09 17:16:23:694 Begin to send message.
06/09 17:16:23:725 orderId = 0 | requestId = 0 | userId = system | channel = SMS | serviceAddress = 268 | keyword = DOI DIEM 6000 | isdn = 84922000514 | subscriberType = -1 | shipTo =  | actionType =  | productId = 0 | commandId = 0 | request =  | response =  | status = 1 | cause =  | description = 
06/09 17:16:23:726 message count: 1
06/09 17:16:28:827 Begin to send message.
06/09 17:16:33:801 End of process session
06/09 17:16:33:802 Simulator0 stopped
06/09 17:17:47:164 Simulator0 started
06/09 17:17:47:186 Starting process session
06/09 17:17:47:295 Total 0 instances are started
06/09 17:17:47:295 Begin to send message.
06/09 17:17:47:296 Total 1 instances are added
06/09 17:17:47:326 orderId = 0 | requestId = 0 | userId = system | channel = SMS | serviceAddress = 268 | keyword = DOI DIEM 4000 | isdn = 84922000514 | subscriberType = -1 | shipTo =  | actionType =  | productId = 0 | commandId = 0 | request =  | response =  | status = 1 | cause =  | description = 
06/09 17:17:47:326 message count: 1
06/09 17:17:52:400 End of process session
06/09 17:17:52:402 Simulator0 stopped
06/09 17:21:20:210 Simulator0 started
06/09 17:21:20:234 Starting process session
06/09 17:21:20:343 Total 0 instances are started
06/09 17:21:20:343 Begin to send message.
06/09 17:21:20:344 Total 1 instances are added
06/09 17:21:20:350 orderId = 0 | requestId = 0 | userId = system | channel = SMS | serviceAddress = 268 | keyword = DOI DIEM | isdn = 84922000514 | subscriberType = -1 | shipTo =  | actionType =  | productId = 0 | commandId = 0 | request =  | response =  | status = 1 | cause =  | description = 
06/09 17:21:20:351 message count: 1
06/09 17:21:25:453 Begin to send message.
06/09 17:21:30:455 Begin to send message.
06/09 17:21:35:456 Begin to send message.
06/09 17:21:40:451 End of process session
06/09 17:21:40:452 Simulator0 stopped
06/09 17:21:42:249 Simulator0 started
06/09 17:21:42:270 Starting process session
06/09 17:21:42:382 Total 0 instances are started
06/09 17:21:42:383 Total 1 instances are added
06/09 17:21:42:382 Begin to send message.
06/09 17:21:42:389 orderId = 0 | requestId = 0 | userId = system | channel = SMS | serviceAddress = 268 | keyword = TRA DIEM | isdn = 84922000514 | subscriberType = -1 | shipTo =  | actionType =  | productId = 0 | commandId = 0 | request =  | response =  | status = 1 | cause =  | description = 
06/09 17:21:42:390 message count: 1
06/09 17:21:47:487 End of process session
06/09 17:21:47:488 Simulator0 stopped
06/09 17:30:54:139 Simulator0 started
06/09 17:30:54:163 Starting process session
06/09 17:30:54:275 Total 0 instances are started
06/09 17:30:54:276 Total 1 instances are added
06/09 17:30:54:276 Begin to send message.
06/09 17:30:54:310 orderId = 0 | requestId = 0 | userId = system | channel = SMS | serviceAddress = 268 | keyword = TRA DIEM | isdn = 84922000514 | subscriberType = -1 | shipTo =  | actionType =  | productId = 0 | commandId = 0 | request =  | response =  | status = 1 | cause =  | description = 
06/09 17:30:54:311 message count: 1
06/09 17:30:59:395 End of process session
06/09 17:30:59:396 Simulator0 stopped
06/09 17:33:32:327 Simulator0 started
06/09 17:33:32:347 Starting process session
06/09 17:33:32:460 Total 0 instances are started
06/09 17:33:32:461 Total 1 instances are added
06/09 17:33:32:461 Begin to send message.
06/09 17:33:32:495 orderId = 0 | requestId = 0 | userId = system | channel = SMS | serviceAddress = 268 | keyword = TRA DIEM | isdn = 84922000514 | subscriberType = -1 | shipTo =  | actionType =  | productId = 0 | commandId = 0 | request =  | response =  | status = 1 | cause =  | description = 
06/09 17:33:32:496 message count: 1
06/09 17:33:37:568 End of process session
06/09 17:33:37:570 Simulator0 stopped
06/09 17:34:25:005 Simulator0 started
06/09 17:34:25:025 Starting process session
06/09 17:34:25:133 Total 0 instances are started
06/09 17:34:25:133 Begin to send message.
06/09 17:34:25:135 Total 1 instances are added
06/09 17:34:25:164 orderId = 0 | requestId = 0 | userId = system | channel = SMS | serviceAddress = 268 | keyword = TRA DIEM | isdn = 84922000514 | subscriberType = -1 | shipTo =  | actionType =  | productId = 0 | commandId = 0 | request =  | response =  | status = 1 | cause =  | description = 
06/09 17:34:25:165 message count: 1
06/09 17:34:30:241 End of process session
06/09 17:34:30:243 Simulator0 stopped
06/09 17:38:47:880 Simulator0 started
06/09 17:38:47:904 Starting process session
06/09 17:38:48:013 Total 0 instances are started
06/09 17:38:48:013 Begin to send message.
06/09 17:38:48:014 Total 1 instances are added
06/09 17:38:48:044 orderId = 0 | requestId = 0 | userId = system | channel = SMS | serviceAddress = 268 | keyword = TRA DIEM | isdn = 84922000514 | subscriberType = -1 | shipTo =  | actionType =  | productId = 0 | commandId = 0 | request =  | response =  | status = 1 | cause =  | description = 
06/09 17:38:48:045 message count: 1
06/09 17:38:53:121 End of process session
06/09 17:38:53:123 Simulator0 stopped
06/09 17:59:22:953 Simulator0 started
06/09 17:59:22:976 Starting process session
06/09 17:59:23:085 Total 0 instances are started
06/09 17:59:23:085 Begin to send message.
06/09 17:59:23:086 Total 1 instances are added
06/09 17:59:23:116 orderId = 0 | requestId = 0 | userId = system | channel = SMS | serviceAddress = 268 | keyword = TRA DIEM | isdn = 84922000514 | subscriberType = -1 | shipTo =  | actionType =  | productId = 0 | commandId = 0 | request =  | response =  | status = 1 | cause =  | description = 
06/09 17:59:23:118 message count: 1
06/09 17:59:28:191 End of process session
06/09 17:59:28:194 Simulator0 stopped
06/09 18:05:05:064 Simulator0 started
06/09 18:05:05:086 Starting process session
06/09 18:05:05:195 Total 0 instances are started
06/09 18:05:05:195 Begin to send message.
06/09 18:05:05:196 Total 1 instances are added
06/09 18:05:05:223 orderId = 0 | requestId = 0 | userId = system | channel = SMS | serviceAddress = 268 | keyword = TRA DIEM | isdn = 84922000514 | subscriberType = -1 | shipTo =  | actionType =  | productId = 0 | commandId = 0 | request =  | response =  | status = 1 | cause =  | description = 
06/09 18:05:05:223 message count: 1
06/09 18:05:10:302 End of process session
06/09 18:05:10:302 Simulator0 stopped
06/09 18:11:50:318 Simulator0 started
06/09 18:11:50:344 Starting process session
06/09 18:11:50:456 Total 0 instances are started
06/09 18:11:50:456 Begin to send message.
06/09 18:11:50:457 Total 1 instances are added
06/09 18:11:50:486 orderId = 0 | requestId = 0 | userId = system | channel = SMS | serviceAddress = 268 | keyword = TRA DIEM | isdn = 84922000514 | subscriberType = -1 | shipTo =  | actionType =  | productId = 0 | commandId = 0 | request =  | response =  | status = 1 | cause =  | description = 
06/09 18:11:50:487 message count: 1
06/09 18:11:55:590 Begin to send message.
06/09 18:12:00:576 End of process session
06/09 18:12:00:578 Simulator0 stopped
