29/08 08:45:15:735 Simulator0 started
29/08 08:45:15:753 Starting process session
29/08 08:45:15:864 Total 0 instances are started
29/08 08:45:15:864 Begin to send message.
29/08 08:45:15:865 Total 1 instances are added
29/08 08:45:15:937 orderId = 0 | requestId = 0 | userId = system | channel = SMS | serviceAddress = 268 | keyword = DOIDIEM 1000 | isdn = 84922000512 | subscriberType = -1 | shipTo =  | actionType =  | productId = 0 | commandId = 0 | request =  | response =  | status = 1 | cause =  | description = 
29/08 08:45:15:938 message count: 1
29/08 08:45:20:970 End of process session
29/08 08:45:20:971 Simulator0 stopped
29/08 08:49:25:620 Simulator0 started
29/08 08:49:25:643 Starting process session
29/08 08:49:25:759 Total 0 instances are started
29/08 08:49:25:760 Total 1 instances are added
29/08 08:49:25:760 Begin to send message.
29/08 08:49:25:812 orderId = 0 | requestId = 0 | userId = system | channel = SMS | serviceAddress = 268 | keyword = DOIDIEM 1000 | isdn = 84922000512 | subscriberType = -1 | shipTo =  | actionType =  | productId = 0 | commandId = 0 | request =  | response =  | status = 1 | cause =  | description = 
29/08 08:49:25:813 message count: 1
29/08 08:49:30:869 End of process session
29/08 08:49:30:871 Simulator0 stopped
29/08 08:54:37:601 Simulator0 started
29/08 08:54:37:628 Starting process session
29/08 08:54:37:744 Total 0 instances are started
29/08 08:54:37:745 Total 1 instances are added
29/08 08:54:37:745 Begin to send message.
29/08 08:54:37:784 orderId = 0 | requestId = 0 | userId = system | channel = SMS | serviceAddress = 268 | keyword = DOIDIEM 1000 | isdn = 84922000512 | subscriberType = -1 | shipTo =  | actionType =  | productId = 0 | commandId = 0 | request =  | response =  | status = 1 | cause =  | description = 
29/08 08:54:37:785 message count: 1
29/08 08:54:42:886 Begin to send message.
29/08 08:54:47:888 Begin to send message.
29/08 08:54:52:889 Begin to send message.
29/08 08:54:57:871 End of process session
29/08 08:54:57:873 Simulator0 stopped
29/08 08:57:05:656 Simulator0 started
29/08 08:57:05:680 Starting process session
29/08 08:57:05:794 Total 0 instances are started
29/08 08:57:05:795 Begin to send message.
29/08 08:57:05:796 Total 1 instances are added
29/08 08:57:05:804 orderId = 0 | requestId = 0 | userId = system | channel = SMS | serviceAddress = 268 | keyword = DOIDIEM 1000 | isdn = 84922000512 | subscriberType = -1 | shipTo =  | actionType =  | productId = 0 | commandId = 0 | request =  | response =  | status = 1 | cause =  | description = 
29/08 08:57:05:806 message count: 1
29/08 08:57:10:926 End of process session
29/08 08:57:10:927 Simulator0 stopped
29/08 09:01:27:745 Simulator0 started
29/08 09:01:27:768 Starting process session
29/08 09:01:27:882 Total 0 instances are started
29/08 09:01:27:882 Begin to send message.
29/08 09:01:27:884 Total 1 instances are added
29/08 09:01:27:892 orderId = 0 | requestId = 0 | userId = system | channel = SMS | serviceAddress = 268 | keyword = DOIDIEM 1000 | isdn = 84922000512 | subscriberType = -1 | shipTo =  | actionType =  | productId = 0 | commandId = 0 | request =  | response =  | status = 1 | cause =  | description = 
29/08 09:01:27:895 message count: 1
29/08 09:01:32:997 End of process session
29/08 09:01:32:998 Simulator0 stopped
29/08 09:03:56:738 Simulator0 started
29/08 09:03:56:758 Starting process session
29/08 09:03:56:867 Total 0 instances are started
29/08 09:03:56:867 Begin to send message.
29/08 09:03:56:868 Total 1 instances are added
29/08 09:03:56:902 orderId = 0 | requestId = 0 | userId = system | channel = SMS | serviceAddress = 268 | keyword = DOIDIEM 1000 | isdn = 84922000512 | subscriberType = -1 | shipTo =  | actionType =  | productId = 0 | commandId = 0 | request =  | response =  | status = 1 | cause =  | description = 
29/08 09:03:56:904 message count: 1
29/08 09:04:01:972 End of process session
29/08 09:04:01:974 Simulator0 stopped
29/08 09:20:37:030 Simulator0 started
29/08 09:20:37:050 Starting process session
29/08 09:20:37:162 Total 0 instances are started
29/08 09:20:37:162 Begin to send message.
29/08 09:20:37:163 Total 1 instances are added
29/08 09:20:37:170 orderId = 0 | requestId = 0 | userId = system | channel = SMS | serviceAddress = 268 | keyword = DOIDIEM 1000 | isdn = 84922000512 | subscriberType = -1 | shipTo =  | actionType =  | productId = 0 | commandId = 0 | request =  | response =  | status = 1 | cause =  | description = 
29/08 09:20:37:172 message count: 1
29/08 09:20:42:269 End of process session
29/08 09:20:42:271 Simulator0 stopped
29/08 09:21:53:110 Simulator0 started
29/08 09:21:53:133 Starting process session
29/08 09:21:53:243 Total 0 instances are started
29/08 09:21:53:243 Begin to send message.
29/08 09:21:53:244 Total 1 instances are added
29/08 09:21:53:253 orderId = 0 | requestId = 0 | userId = system | channel = SMS | serviceAddress = 268 | keyword = DOIDIEM 1000 | isdn = 84922000512 | subscriberType = -1 | shipTo =  | actionType =  | productId = 0 | commandId = 0 | request =  | response =  | status = 1 | cause =  | description = 
29/08 09:21:53:255 message count: 1
29/08 09:21:58:349 End of process session
29/08 09:21:58:351 Simulator0 stopped
29/08 09:22:39:147 Simulator0 started
29/08 09:22:39:166 Starting process session
29/08 09:22:39:274 Total 0 instances are started
29/08 09:22:39:274 Begin to send message.
29/08 09:22:39:275 Total 1 instances are added
29/08 09:22:39:284 orderId = 0 | requestId = 0 | userId = system | channel = SMS | serviceAddress = 268 | keyword = DOIDIEM 1000 | isdn = 84922000512 | subscriberType = -1 | shipTo =  | actionType =  | productId = 0 | commandId = 0 | request =  | response =  | status = 1 | cause =  | description = 
29/08 09:22:39:285 message count: 1
29/08 09:22:44:388 Begin to send message.
29/08 09:22:49:383 End of process session
29/08 09:22:49:384 Simulator0 stopped
29/08 09:24:40:258 Simulator0 started
29/08 09:24:40:278 Starting process session
29/08 09:24:40:387 Total 0 instances are started
29/08 09:24:40:387 Begin to send message.
29/08 09:24:40:388 Total 1 instances are added
29/08 09:24:40:396 orderId = 0 | requestId = 0 | userId = system | channel = SMS | serviceAddress = 268 | keyword = DOIDIEM 1000 | isdn = 84922000512 | subscriberType = -1 | shipTo =  | actionType =  | productId = 0 | commandId = 0 | request =  | response =  | status = 1 | cause =  | description = 
29/08 09:24:40:398 message count: 1
29/08 09:24:45:501 Begin to send message.
29/08 09:24:50:494 End of process session
29/08 09:24:50:497 Simulator0 stopped
29/08 09:32:08:603 Simulator0 started
29/08 09:32:08:625 Starting process session
29/08 09:32:08:733 Total 0 instances are started
29/08 09:32:08:733 Begin to send message.
29/08 09:32:08:734 Total 1 instances are added
29/08 09:32:08:742 orderId = 0 | requestId = 0 | userId = system | channel = SMS | serviceAddress = 268 | keyword = DOIDIEM 1000 | isdn = 84922000512 | subscriberType = -1 | shipTo =  | actionType =  | productId = 0 | commandId = 0 | request =  | response =  | status = 1 | cause =  | description = 
29/08 09:32:08:745 message count: 1
29/08 09:32:13:840 End of process session
29/08 09:32:13:842 Simulator0 stopped
29/08 09:33:57:785 Simulator0 started
29/08 09:33:57:803 Starting process session
29/08 09:33:57:911 Total 0 instances are started
29/08 09:33:57:911 Begin to send message.
29/08 09:33:57:912 Total 1 instances are added
29/08 09:33:57:919 orderId = 0 | requestId = 0 | userId = system | channel = SMS | serviceAddress = 268 | keyword = HUY CAM | isdn = 84922000512 | subscriberType = -1 | shipTo =  | actionType =  | productId = 0 | commandId = 0 | request =  | response =  | status = 1 | cause =  | description = 
29/08 09:33:57:920 message count: 1
29/08 09:34:03:018 End of process session
29/08 09:34:03:019 Simulator0 stopped
29/08 09:37:07:927 Simulator0 started
29/08 09:37:07:949 Starting process session
29/08 09:37:08:059 Total 0 instances are started
29/08 09:37:08:059 Begin to send message.
29/08 09:37:08:060 Total 1 instances are added
29/08 09:37:08:069 orderId = 0 | requestId = 0 | userId = system | channel = SMS | serviceAddress = 268 | keyword = DK CAM | isdn = 84922000512 | subscriberType = -1 | shipTo =  | actionType =  | productId = 0 | commandId = 0 | request =  | response =  | status = 1 | cause =  | description = 
29/08 09:37:08:070 message count: 1
29/08 09:37:13:164 End of process session
29/08 09:37:13:165 Simulator0 stopped
29/08 09:38:01:972 Simulator0 started
29/08 09:38:01:995 Starting process session
29/08 09:38:02:104 Total 0 instances are started
29/08 09:38:02:104 Begin to send message.
29/08 09:38:02:105 Total 1 instances are added
29/08 09:38:02:113 orderId = 0 | requestId = 0 | userId = system | channel = SMS | serviceAddress = 268 | keyword = DK CAM | isdn = 84922000512 | subscriberType = -1 | shipTo =  | actionType =  | productId = 0 | commandId = 0 | request =  | response =  | status = 1 | cause =  | description = 
29/08 09:38:02:115 message count: 1
29/08 09:38:07:213 End of process session
29/08 09:38:07:215 Simulator0 stopped
29/08 09:43:12:028 Simulator0 started
29/08 09:43:12:048 Starting process session
29/08 09:43:12:157 Total 0 instances are started
29/08 09:43:12:157 Begin to send message.
29/08 09:43:12:158 Total 1 instances are added
29/08 09:43:12:167 orderId = 0 | requestId = 0 | userId = system | channel = SMS | serviceAddress = 268 | keyword = DOIDIEM 1000 | isdn = 84922000512 | subscriberType = -1 | shipTo =  | actionType =  | productId = 0 | commandId = 0 | request =  | response =  | status = 1 | cause =  | description = 
29/08 09:43:12:168 message count: 1
29/08 09:43:17:265 End of process session
29/08 09:43:17:266 Simulator0 stopped
29/08 09:48:32:251 Simulator0 started
29/08 09:48:32:270 Starting process session
29/08 09:48:32:378 Total 0 instances are started
29/08 09:48:32:378 Begin to send message.
29/08 09:48:32:380 Total 1 instances are added
29/08 09:48:32:413 orderId = 0 | requestId = 0 | userId = system | channel = SMS | serviceAddress = 268 | keyword = DOIDIEM 1000 | isdn = 84922000512 | subscriberType = -1 | shipTo =  | actionType =  | productId = 0 | commandId = 0 | request =  | response =  | status = 1 | cause =  | description = 
29/08 09:48:32:414 message count: 1
29/08 09:48:37:485 End of process session
29/08 09:48:37:487 Simulator0 stopped
29/08 09:48:39:293 Simulator0 started
29/08 09:48:39:316 Starting process session
29/08 09:48:39:425 Total 0 instances are started
29/08 09:48:39:426 Total 1 instances are added
29/08 09:48:39:426 Begin to send message.
29/08 09:48:39:434 orderId = 0 | requestId = 0 | userId = system | channel = SMS | serviceAddress = 268 | keyword = DOIDIEM 1000 | isdn = 84922000512 | subscriberType = -1 | shipTo =  | actionType =  | productId = 0 | commandId = 0 | request =  | response =  | status = 1 | cause =  | description = 
29/08 09:48:39:435 message count: 1
29/08 09:48:44:532 End of process session
29/08 09:48:44:534 Simulator0 stopped
29/08 09:49:49:199 Simulator0 started
29/08 09:49:49:218 Starting process session
29/08 09:49:49:333 Total 0 instances are started
29/08 09:49:49:334 Total 1 instances are added
29/08 09:49:49:334 Begin to send message.
29/08 09:49:49:365 orderId = 0 | requestId = 0 | userId = system | channel = SMS | serviceAddress = 268 | keyword = DOIDIEM 1000 | isdn = 84922000512 | subscriberType = -1 | shipTo =  | actionType =  | productId = 0 | commandId = 0 | request =  | response =  | status = 1 | cause =  | description = 
29/08 09:49:49:366 message count: 1
29/08 09:49:54:469 Begin to send message.
29/08 09:49:59:440 End of process session
29/08 09:49:59:442 Simulator0 stopped
29/08 10:15:49:146 Simulator0 started
29/08 10:15:49:164 Starting process session
29/08 10:15:49:281 Total 0 instances are started
29/08 10:15:49:281 Begin to send message.
29/08 10:15:49:282 Total 1 instances are added
29/08 10:15:49:305 orderId = 0 | requestId = 0 | userId = system | channel = SMS | serviceAddress = 268 | keyword = DOIDIEM 1000 | isdn = 84922000512 | subscriberType = -1 | shipTo =  | actionType =  | productId = 0 | commandId = 0 | request =  | response =  | status = 1 | cause =  | description = 
29/08 10:15:49:307 message count: 1
29/08 10:15:54:392 End of process session
29/08 10:15:54:395 Simulator0 stopped
29/08 10:19:08:214 Simulator0 started
29/08 10:19:08:236 Starting process session
29/08 10:19:08:345 Begin to send message.
29/08 10:19:08:345 Total 0 instances are started
29/08 10:19:08:347 Total 1 instances are added
29/08 10:19:08:355 orderId = 0 | requestId = 0 | userId = system | channel = SMS | serviceAddress = 268 | keyword = DOIDIEM 1000 | isdn = 84922000512 | subscriberType = -1 | shipTo =  | actionType =  | productId = 0 | commandId = 0 | request =  | response =  | status = 1 | cause =  | description = 
29/08 10:19:08:357 message count: 1
29/08 10:19:13:453 End of process session
29/08 10:19:13:454 Simulator0 stopped
29/08 10:19:33:276 Simulator0 started
29/08 10:19:33:296 Starting process session
29/08 10:19:33:404 Total 0 instances are started
29/08 10:19:33:404 Begin to send message.
29/08 10:19:33:405 Total 1 instances are added
29/08 10:19:33:411 orderId = 0 | requestId = 0 | userId = system | channel = SMS | serviceAddress = 268 | keyword = DOIDIEM 1000 | isdn = 84922000512 | subscriberType = -1 | shipTo =  | actionType =  | productId = 0 | commandId = 0 | request =  | response =  | status = 1 | cause =  | description = 
29/08 10:19:33:413 message count: 1
29/08 10:19:38:509 End of process session
29/08 10:19:38:512 Simulator0 stopped
29/08 10:21:07:376 Simulator0 started
29/08 10:21:07:394 Starting process session
29/08 10:21:07:502 Total 0 instances are started
29/08 10:21:07:502 Begin to send message.
29/08 10:21:07:503 Total 1 instances are added
29/08 10:21:07:510 orderId = 0 | requestId = 0 | userId = system | channel = SMS | serviceAddress = 268 | keyword = DOIDIEM 1000 | isdn = 84922000512 | subscriberType = -1 | shipTo =  | actionType =  | productId = 0 | commandId = 0 | request =  | response =  | status = 1 | cause =  | description = 
29/08 10:21:07:512 message count: 1
29/08 10:21:12:609 End of process session
29/08 10:21:12:610 Simulator0 stopped
29/08 10:26:49:469 Simulator0 started
29/08 10:26:49:488 Starting process session
29/08 10:26:49:598 Total 0 instances are started
29/08 10:26:49:598 Begin to send message.
29/08 10:26:49:599 Total 1 instances are added
29/08 10:26:49:608 orderId = 0 | requestId = 0 | userId = system | channel = SMS | serviceAddress = 268 | keyword = DOIDIEM 1000 | isdn = 84922000512 | subscriberType = -1 | shipTo =  | actionType =  | productId = 0 | commandId = 0 | request =  | response =  | status = 1 | cause =  | description = 
29/08 10:26:49:611 message count: 1
29/08 10:26:54:706 End of process session
29/08 10:26:54:707 Simulator0 stopped
29/08 10:50:36:909 Simulator0 started
29/08 10:50:36:928 Starting process session
29/08 10:50:37:087 Total 0 instances are started
29/08 10:50:37:087 Begin to send message.
29/08 10:50:37:088 Total 1 instances are added
29/08 10:50:37:115 orderId = 0 | requestId = 0 | userId = system | channel = SMS | serviceAddress = 268 | keyword = DOIDIEM 1000 | isdn = 84922000512 | subscriberType = -1 | shipTo =  | actionType =  | productId = 0 | commandId = 0 | request =  | response =  | status = 1 | cause =  | description = 
29/08 10:50:37:116 message count: 1
29/08 10:50:42:218 Begin to send message.
29/08 10:50:47:194 End of process session
29/08 10:50:47:196 Simulator0 stopped
29/08 10:55:40:084 Simulator0 started
29/08 10:55:40:107 Starting process session
29/08 10:55:40:216 Total 0 instances are started
29/08 10:55:40:216 Begin to send message.
29/08 10:55:40:217 Total 1 instances are added
29/08 10:55:40:225 orderId = 0 | requestId = 0 | userId = system | channel = SMS | serviceAddress = 268 | keyword = DOIDIEM 1000 | isdn = 84922000512 | subscriberType = -1 | shipTo =  | actionType =  | productId = 0 | commandId = 0 | request =  | response =  | status = 1 | cause =  | description = 
29/08 10:55:40:227 message count: 1
29/08 10:55:45:324 End of process session
29/08 10:55:45:328 Simulator0 stopped
29/08 11:04:58:432 Simulator0 started
29/08 11:04:58:455 Starting process session
29/08 11:04:58:562 Total 0 instances are started
29/08 11:04:58:562 Begin to send message.
29/08 11:04:58:563 Total 1 instances are added
29/08 11:04:58:570 orderId = 0 | requestId = 0 | userId = system | channel = SMS | serviceAddress = 268 | keyword = DOIDIEM 1000 | isdn = 84922000512 | subscriberType = -1 | shipTo =  | actionType =  | productId = 0 | commandId = 0 | request =  | response =  | status = 1 | cause =  | description = 
29/08 11:04:58:571 message count: 1
29/08 11:05:03:669 End of process session
29/08 11:05:03:670 Simulator0 stopped
29/08 11:12:39:636 Simulator0 started
29/08 11:12:39:658 Starting process session
29/08 11:12:39:773 Total 0 instances are started
29/08 11:12:39:773 Begin to send message.
29/08 11:12:39:774 Total 1 instances are added
29/08 11:12:39:842 orderId = 0 | requestId = 0 | userId = system | channel = SMS | serviceAddress = 268 | keyword = DOIDIEM 1000 | isdn = 84922000512 | subscriberType = -1 | shipTo =  | actionType =  | productId = 0 | commandId = 0 | request =  | response =  | status = 1 | cause =  | description = 
29/08 11:12:39:843 message count: 1
29/08 11:12:44:944 Begin to send message.
29/08 11:12:49:945 Begin to send message.
29/08 11:12:54:883 End of process session
29/08 11:12:54:886 Simulator0 stopped
29/08 11:14:58:540 Simulator0 started
29/08 11:14:58:562 Starting process session
29/08 11:14:58:675 Total 0 instances are started
29/08 11:14:58:678 Begin to send message.
29/08 11:14:58:679 Total 1 instances are added
29/08 11:14:58:708 orderId = 0 | requestId = 0 | userId = system | channel = SMS | serviceAddress = 268 | keyword = DOIDIEM 1000 | isdn = 84922000512 | subscriberType = -1 | shipTo =  | actionType =  | productId = 0 | commandId = 0 | request =  | response =  | status = 1 | cause =  | description = 
29/08 11:14:58:709 message count: 1
29/08 11:15:03:789 End of process session
29/08 11:15:03:791 Simulator0 stopped
29/08 11:16:16:380 Simulator0 started
29/08 11:16:16:401 Starting process session
29/08 11:16:16:516 Total 0 instances are started
29/08 11:16:16:517 Total 1 instances are added
29/08 11:16:16:517 Begin to send message.
29/08 11:16:16:563 orderId = 0 | requestId = 0 | userId = system | channel = SMS | serviceAddress = 268 | keyword = DOIDIEM 1000 | isdn = 84922000512 | subscriberType = -1 | shipTo =  | actionType =  | productId = 0 | commandId = 0 | request =  | response =  | status = 1 | cause =  | description = 
29/08 11:16:16:564 message count: 1
29/08 11:16:21:626 End of process session
29/08 11:16:21:629 Simulator0 stopped
29/08 11:17:57:545 Simulator0 started
29/08 11:17:57:569 Starting process session
29/08 11:17:57:684 Total 0 instances are started
29/08 11:17:57:685 Total 1 instances are added
29/08 11:17:57:686 Begin to send message.
29/08 11:17:57:711 orderId = 0 | requestId = 0 | userId = system | channel = SMS | serviceAddress = 268 | keyword = DOIDIEM 1000 | isdn = 84922000512 | subscriberType = -1 | shipTo =  | actionType =  | productId = 0 | commandId = 0 | request =  | response =  | status = 1 | cause =  | description = 
29/08 11:17:57:712 message count: 1
29/08 11:18:02:801 End of process session
29/08 11:18:02:802 Simulator0 stopped
29/08 11:23:38:819 Simulator0 started
29/08 11:23:38:839 Starting process session
29/08 11:23:38:953 Total 0 instances are started
29/08 11:23:38:954 Total 1 instances are added
29/08 11:23:38:953 Begin to send message.
29/08 11:23:38:982 orderId = 0 | requestId = 0 | userId = system | channel = SMS | serviceAddress = 268 | keyword = DOIDIEM 1000 | isdn = 84922000512 | subscriberType = -1 | shipTo =  | actionType =  | productId = 0 | commandId = 0 | request =  | response =  | status = 1 | cause =  | description = 
29/08 11:23:38:984 message count: 1
29/08 11:23:44:076 End of process session
29/08 11:23:44:076 Simulator0 stopped
29/08 13:59:52:438 Simulator0 started
29/08 13:59:52:458 Starting process session
29/08 13:59:52:622 Total 0 instances are started
29/08 13:59:52:622 Begin to send message.
29/08 13:59:52:623 Total 1 instances are added
29/08 13:59:52:713 orderId = 0 | requestId = 0 | userId = system | channel = SMS | serviceAddress = 268 | keyword = DOIDIEM 1000 | isdn = 84922000512 | subscriberType = -1 | shipTo =  | actionType =  | productId = 0 | commandId = 0 | request =  | response =  | status = 1 | cause =  | description = 
29/08 13:59:52:714 message count: 1
29/08 13:59:57:732 End of process session
29/08 13:59:57:733 Simulator0 stopped
29/08 14:02:22:628 Simulator0 started
29/08 14:02:22:645 Starting process session
29/08 14:02:22:800 Total 0 instances are started
29/08 14:02:22:801 Total 1 instances are added
29/08 14:02:22:905 End of process session
29/08 14:02:29:907 Simulator0 stopped
29/08 14:02:31:662 Simulator0 started
29/08 14:02:31:686 Starting process session
29/08 14:02:31:798 Total 0 instances are started
29/08 14:02:31:799 Total 1 instances are added
29/08 14:02:31:799 Begin to send message.
29/08 14:02:31:864 orderId = 0 | requestId = 0 | userId = system | channel = SMS | serviceAddress = 268 | keyword = DOIDIEM 1000 | isdn = 84922000512 | subscriberType = -1 | shipTo =  | actionType =  | productId = 0 | commandId = 0 | request =  | response =  | status = 1 | cause =  | description = 
29/08 14:02:31:865 message count: 1
29/08 14:02:36:967 Begin to send message.
29/08 14:02:41:907 End of process session
29/08 14:02:41:912 Simulator0 stopped
29/08 14:05:42:821 Simulator0 started
29/08 14:05:42:840 Starting process session
29/08 14:05:42:955 Total 0 instances are started
29/08 14:05:42:957 Total 1 instances are added
29/08 14:05:43:062 End of process session
29/08 14:05:50:064 Simulator0 stopped
29/08 14:05:51:854 Simulator0 started
29/08 14:05:51:876 Starting process session
29/08 14:05:51:998 Total 0 instances are started
29/08 14:05:51:999 Total 1 instances are added
29/08 14:05:51:998 Begin to send message.
29/08 14:05:52:008 orderId = 0 | requestId = 0 | userId = system | channel = SMS | serviceAddress = 268 | keyword = DOIDIEM 1000 | isdn = 84922000512 | subscriberType = -1 | shipTo =  | actionType =  | productId = 0 | commandId = 0 | request =  | response =  | status = 1 | cause =  | description = 
29/08 14:05:52:010 message count: 1
29/08 14:05:57:115 Begin to send message.
29/08 14:06:02:111 End of process session
29/08 14:06:02:114 Simulator0 stopped
29/08 14:14:20:688 Simulator0 started
29/08 14:14:20:712 Starting process session
29/08 14:14:25:329 Total 0 instances are started
29/08 14:14:25:330 Begin to send message.
29/08 14:14:25:330 Total 1 instances are added
29/08 14:14:25:374 orderId = 0 | requestId = 0 | userId = system | channel = SMS | serviceAddress = 268 | keyword = DOIDIEM 1000 | isdn = 84922000512 | subscriberType = -1 | shipTo =  | actionType =  | productId = 0 | commandId = 0 | request =  | response =  | status = 1 | cause =  | description = 
29/08 14:14:25:375 message count: 1
29/08 14:14:30:477 Begin to send message.
29/08 14:14:35:449 End of process session
29/08 14:14:35:453 Simulator0 stopped
29/08 14:20:08:309 Simulator0 started
29/08 14:20:08:330 Starting process session
29/08 14:20:08:440 Total 0 instances are started
29/08 14:20:08:440 Begin to send message.
29/08 14:20:08:443 Total 1 instances are added
29/08 14:20:08:449 orderId = 0 | requestId = 0 | userId = system | channel = SMS | serviceAddress = 268 | keyword = DOIDIEM 1000 | isdn = 84922000512 | subscriberType = -1 | shipTo =  | actionType =  | productId = 0 | commandId = 0 | request =  | response =  | status = 1 | cause =  | description = 
29/08 14:20:08:451 message count: 1
29/08 14:20:13:549 End of process session
29/08 14:20:13:551 Simulator0 stopped
29/08 14:27:26:434 Simulator0 started
29/08 14:27:26:455 Starting process session
29/08 14:27:26:572 Total 0 instances are started
29/08 14:27:26:573 Total 1 instances are added
29/08 14:27:26:675 End of process session
29/08 14:27:40:677 Simulator0 stopped
29/08 14:27:42:505 Simulator0 started
29/08 14:27:42:528 Starting process session
29/08 14:27:42:638 Total 0 instances are started
29/08 14:27:42:639 Total 1 instances are added
29/08 14:27:42:638 Begin to send message.
29/08 14:27:42:645 orderId = 0 | requestId = 0 | userId = system | channel = SMS | serviceAddress = 268 | keyword = DOIDIEM 1000 | isdn = 84922000512 | subscriberType = -1 | shipTo =  | actionType =  | productId = 0 | commandId = 0 | request =  | response =  | status = 1 | cause =  | description = 
29/08 14:27:42:646 message count: 1
29/08 14:27:47:743 End of process session
29/08 14:27:47:745 Simulator0 stopped
29/08 14:35:23:608 Simulator0 started
29/08 14:35:23:636 Starting process session
29/08 14:35:23:744 Total 0 instances are started
29/08 14:35:23:744 Begin to send message.
29/08 14:35:23:746 Total 1 instances are added
29/08 14:35:23:754 orderId = 0 | requestId = 0 | userId = system | channel = SMS | serviceAddress = 268 | keyword = DOIDIEM 1000 | isdn = 84922000512 | subscriberType = -1 | shipTo =  | actionType =  | productId = 0 | commandId = 0 | request =  | response =  | status = 1 | cause =  | description = 
29/08 14:35:23:756 message count: 1
29/08 14:35:28:849 End of process session
29/08 14:35:28:849 Simulator0 stopped
29/08 14:51:12:435 Simulator0 started
29/08 14:51:12:459 Starting process session
29/08 14:51:12:573 Total 0 instances are started
29/08 14:51:12:574 Total 1 instances are added
29/08 14:51:12:682 End of process session
29/08 14:51:18:684 Simulator0 stopped
29/08 14:51:20:464 Simulator0 started
29/08 14:51:20:482 Starting process session
29/08 14:51:20:596 Total 0 instances are started
29/08 14:51:20:597 Total 1 instances are added
29/08 14:51:20:599 Begin to send message.
29/08 14:51:20:638 orderId = 0 | requestId = 0 | userId = system | channel = SMS | serviceAddress = 268 | keyword = DOIDIEM 1000 | isdn = 84922000512 | subscriberType = -1 | shipTo =  | actionType =  | productId = 0 | commandId = 0 | request =  | response =  | status = 1 | cause =  | description = 
29/08 14:51:20:639 message count: 1
29/08 14:51:25:707 End of process session
29/08 14:51:25:709 Simulator0 stopped
29/08 14:53:40:592 Simulator0 started
29/08 14:53:40:610 Starting process session
29/08 14:53:40:719 Total 0 instances are started
29/08 14:53:40:720 Begin to send message.
29/08 14:53:40:720 Total 1 instances are added
29/08 14:53:40:735 orderId = 0 | requestId = 0 | userId = system | channel = SMS | serviceAddress = 268 | keyword = DOIDIEM 1000 | isdn = 84922000512 | subscriberType = -1 | shipTo =  | actionType =  | productId = 0 | commandId = 0 | request =  | response =  | status = 1 | cause =  | description = 
29/08 14:53:40:737 message count: 1
29/08 14:53:45:840 Begin to send message.
29/08 14:53:50:833 End of process session
29/08 14:53:50:834 Simulator0 stopped
29/08 14:57:34:544 Simulator0 started
29/08 14:57:34:563 Starting process session
29/08 14:57:34:676 Total 0 instances are started
29/08 14:57:34:677 Total 1 instances are added
29/08 14:57:34:678 Begin to send message.
29/08 14:57:34:688 orderId = 0 | requestId = 0 | userId = system | channel = SMS | serviceAddress = 268 | keyword = DOIDIEM 1000 | isdn = 84922000512 | subscriberType = -1 | shipTo =  | actionType =  | productId = 0 | commandId = 0 | request =  | response =  | status = 1 | cause =  | description = 
29/08 14:57:34:689 message count: 1
29/08 14:57:39:788 End of process session
29/08 14:57:39:790 Simulator0 stopped
29/08 15:03:42:693 Simulator0 started
29/08 15:03:42:726 Starting process session
29/08 15:03:42:854 Total 0 instances are started
29/08 15:03:42:855 Total 1 instances are added
29/08 15:03:42:875 orderId = 0 | requestId = 0 | userId = system | channel = SMS | serviceAddress = 268 | keyword = DOIDIEM 1000 | isdn = 84922000512 | subscriberType = -1 | shipTo =  | actionType =  | productId = 0 | commandId = 0 | request =  | response =  | status = 1 | cause =  | description = 
29/08 15:03:42:876 message count: 1
29/08 15:03:47:966 End of process session
29/08 15:03:47:967 Simulator0 stopped
29/08 15:11:42:660 Simulator0 started
29/08 15:11:42:680 Starting process session
29/08 15:11:42:794 Total 0 instances are started
29/08 15:11:42:794 Begin to send message.
29/08 15:11:42:795 Total 1 instances are added
29/08 15:11:42:827 orderId = 0 | requestId = 0 | userId = system | channel = SMS | serviceAddress = 268 | keyword = DOIDIEM 1000 | isdn = 84922000512 | subscriberType = -1 | shipTo =  | actionType =  | productId = 0 | commandId = 0 | request =  | response =  | status = 1 | cause =  | description = 
29/08 15:11:42:829 message count: 1
29/08 15:11:47:903 End of process session
29/08 15:11:47:905 Simulator0 stopped
29/08 15:15:46:723 Simulator0 started
29/08 15:15:46:743 Starting process session
29/08 15:15:46:850 Total 0 instances are started
29/08 15:15:46:851 Total 1 instances are added
29/08 15:15:46:850 Begin to send message.
29/08 15:15:46:863 orderId = 0 | requestId = 0 | userId = system | channel = SMS | serviceAddress = 268 | keyword = DOIDIEM 1000 | isdn = 84922000512 | subscriberType = -1 | shipTo =  | actionType =  | productId = 0 | commandId = 0 | request =  | response =  | status = 1 | cause =  | description = 
29/08 15:15:46:864 message count: 1
29/08 15:15:51:956 End of process session
29/08 15:15:51:958 Simulator0 stopped
29/08 15:20:27:853 Simulator0 started
29/08 15:20:27:877 Starting process session
29/08 15:20:27:985 Total 0 instances are started
29/08 15:20:27:985 Begin to send message.
29/08 15:20:27:986 Total 1 instances are added
29/08 15:20:27:993 orderId = 0 | requestId = 0 | userId = system | channel = SMS | serviceAddress = 268 | keyword = DOIDIEM 1000 | isdn = 84922000512 | subscriberType = -1 | shipTo =  | actionType =  | productId = 0 | commandId = 0 | request =  | response =  | status = 1 | cause =  | description = 
29/08 15:20:27:995 message count: 1
29/08 15:20:33:091 End of process session
29/08 15:20:33:092 Simulator0 stopped
29/08 15:39:49:042 Simulator0 started
29/08 15:39:49:066 Starting process session
29/08 15:39:49:177 Total 0 instances are started
29/08 15:39:49:177 Begin to send message.
29/08 15:39:49:178 Total 1 instances are added
29/08 15:39:49:211 orderId = 0 | requestId = 0 | userId = system | channel = SMS | serviceAddress = 268 | keyword = DOIDIEM 1000 | isdn = 84922000512 | subscriberType = -1 | shipTo =  | actionType =  | productId = 0 | commandId = 0 | request =  | response =  | status = 1 | cause =  | description = 
29/08 15:39:49:211 message count: 1
29/08 15:39:54:284 End of process session
29/08 15:39:54:286 Simulator0 stopped
29/08 15:41:25:764 Simulator0 started
29/08 15:41:25:783 Starting process session
29/08 15:41:25:891 Total 0 instances are started
29/08 15:41:25:892 Total 1 instances are added
29/08 15:41:25:891 Begin to send message.
29/08 15:41:25:928 orderId = 0 | requestId = 0 | userId = system | channel = SMS | serviceAddress = 268 | keyword = DOIDIEM 1000 | isdn = 84922000512 | subscriberType = -1 | shipTo =  | actionType =  | productId = 0 | commandId = 0 | request =  | response =  | status = 1 | cause =  | description = 
29/08 15:41:25:928 message count: 1
29/08 15:41:30:998 End of process session
29/08 15:41:31:000 Simulator0 stopped
29/08 15:45:09:965 Simulator0 started
29/08 15:45:09:982 Starting process session
29/08 15:45:10:099 Begin to send message.
29/08 15:45:10:103 Total 0 instances are started
29/08 15:45:10:104 Total 1 instances are added
29/08 15:45:10:112 orderId = 0 | requestId = 0 | userId = system | channel = SMS | serviceAddress = 268 | keyword = DOIDIEM 1000 | isdn = 84922000512 | subscriberType = -1 | shipTo =  | actionType =  | productId = 0 | commandId = 0 | request =  | response =  | status = 1 | cause =  | description = 
29/08 15:45:10:114 message count: 1
29/08 15:45:15:210 End of process session
29/08 15:45:15:212 Simulator0 stopped
29/08 15:51:33:986 Simulator0 started
29/08 15:51:34:011 Starting process session
29/08 15:51:34:127 Total 0 instances are started
29/08 15:51:34:129 Total 1 instances are added
29/08 15:51:34:233 End of process session
29/08 15:51:40:235 Simulator0 stopped
29/08 15:51:50:021 Simulator0 started
29/08 15:51:50:039 Starting process session
29/08 15:51:50:147 Total 0 instances are started
29/08 15:51:50:147 Begin to send message.
29/08 15:51:50:150 Total 1 instances are added
29/08 15:51:50:179 orderId = 0 | requestId = 0 | userId = system | channel = SMS | serviceAddress = 268 | keyword = DOIDIEM 1000 | isdn = 84922000512 | subscriberType = -1 | shipTo =  | actionType =  | productId = 0 | commandId = 0 | request =  | response =  | status = 1 | cause =  | description = 
29/08 15:51:50:180 message count: 1
29/08 15:51:55:255 End of process session
29/08 15:51:55:258 Simulator0 stopped
29/08 15:52:27:161 Simulator0 started
29/08 15:52:27:181 Starting process session
29/08 15:52:27:293 Total 0 instances are started
29/08 15:52:27:293 Begin to send message.
29/08 15:52:27:294 Total 1 instances are added
29/08 15:52:27:327 orderId = 0 | requestId = 0 | userId = system | channel = SMS | serviceAddress = 268 | keyword = DOIDIEM 1000 | isdn = 84922000512 | subscriberType = -1 | shipTo =  | actionType =  | productId = 0 | commandId = 0 | request =  | response =  | status = 1 | cause =  | description = 
29/08 15:52:27:329 message count: 1
29/08 15:52:32:431 Begin to send message.
29/08 15:52:37:420 End of process session
29/08 15:52:37:422 Simulator0 stopped
29/08 15:54:32:318 Simulator0 started
29/08 15:54:32:338 Starting process session
29/08 15:54:32:458 Total 0 instances are started
29/08 15:54:32:460 Begin to send message.
29/08 15:54:32:461 Total 1 instances are added
29/08 15:54:32:485 orderId = 0 | requestId = 0 | userId = system | channel = SMS | serviceAddress = 268 | keyword = DOIDIEM 1000 | isdn = 84922000512 | subscriberType = -1 | shipTo =  | actionType =  | productId = 0 | commandId = 0 | request =  | response =  | status = 1 | cause =  | description = 
29/08 15:54:32:486 message count: 1
29/08 15:54:37:566 End of process session
29/08 15:54:37:567 Simulator0 stopped
29/08 15:56:36:460 Simulator0 started
29/08 15:56:36:483 Starting process session
29/08 15:56:36:597 Total 0 instances are started
29/08 15:56:36:598 Total 1 instances are added
29/08 15:56:36:600 Begin to send message.
29/08 15:56:36:608 orderId = 0 | requestId = 0 | userId = system | channel = SMS | serviceAddress = 268 | keyword = DOIDIEM 1000 | isdn = 84922000512 | subscriberType = -1 | shipTo =  | actionType =  | productId = 0 | commandId = 0 | request =  | response =  | status = 1 | cause =  | description = 
29/08 15:56:36:609 message count: 1
29/08 15:56:41:712 Begin to send message.
29/08 15:56:46:713 Begin to send message.
29/08 15:56:51:715 Begin to send message.
29/08 15:56:56:716 Begin to send message.
29/08 15:57:01:717 Begin to send message.
29/08 15:57:06:718 Begin to send message.
29/08 15:57:11:720 Begin to send message.
29/08 15:57:16:721 Begin to send message.
29/08 15:57:21:722 Begin to send message.
29/08 15:57:26:724 Begin to send message.
29/08 15:57:31:725 Begin to send message.
29/08 15:57:36:726 Begin to send message.
29/08 15:57:41:727 Begin to send message.
29/08 15:57:46:729 Begin to send message.
29/08 15:57:51:730 Begin to send message.
29/08 15:57:56:731 Begin to send message.
29/08 15:58:01:733 Begin to send message.
29/08 15:58:06:734 Begin to send message.
29/08 15:58:11:735 Begin to send message.
29/08 15:58:16:736 Begin to send message.
29/08 15:58:21:738 Begin to send message.
29/08 15:58:26:739 Begin to send message.
29/08 15:58:31:740 Begin to send message.
29/08 15:58:36:742 Begin to send message.
29/08 15:58:41:743 Begin to send message.
29/08 15:58:46:744 Begin to send message.
29/08 15:58:51:745 Begin to send message.
29/08 15:58:56:747 Begin to send message.
29/08 15:59:01:748 Begin to send message.
29/08 15:59:06:749 Begin to send message.
29/08 15:59:11:751 Begin to send message.
29/08 15:59:16:752 Begin to send message.
29/08 15:59:21:753 Begin to send message.
29/08 15:59:26:754 Begin to send message.
29/08 15:59:31:756 Begin to send message.
29/08 15:59:36:757 Begin to send message.
29/08 15:59:41:757 Begin to send message.
29/08 15:59:46:759 Begin to send message.
29/08 15:59:51:759 Begin to send message.
29/08 15:59:56:760 Begin to send message.
29/08 16:00:01:761 Begin to send message.
29/08 16:00:06:763 Begin to send message.
29/08 16:00:11:771 Begin to send message.
29/08 16:00:16:772 Begin to send message.
29/08 16:00:21:774 Begin to send message.
29/08 16:00:26:775 Begin to send message.
29/08 16:00:31:776 Begin to send message.
29/08 16:00:36:777 Begin to send message.
29/08 16:00:41:779 Begin to send message.
29/08 16:00:46:780 Begin to send message.
29/08 16:00:51:781 Begin to send message.
29/08 16:00:56:783 Begin to send message.
29/08 16:01:01:784 Begin to send message.
29/08 16:01:06:785 Begin to send message.
29/08 16:01:11:786 Begin to send message.
29/08 16:01:16:788 Begin to send message.
29/08 16:01:21:789 Begin to send message.
29/08 16:01:26:790 Begin to send message.
29/08 16:01:31:792 Begin to send message.
29/08 16:01:36:793 Begin to send message.
29/08 16:01:41:794 Begin to send message.
29/08 16:01:46:795 Begin to send message.
29/08 16:01:51:797 Begin to send message.
29/08 16:01:56:798 Begin to send message.
29/08 16:02:01:799 Begin to send message.
29/08 16:02:06:801 Begin to send message.
29/08 16:02:11:802 Begin to send message.
29/08 16:02:16:802 Begin to send message.
29/08 16:02:21:803 Begin to send message.
29/08 16:02:26:805 Begin to send message.
29/08 16:02:31:806 Begin to send message.
29/08 16:02:36:807 Begin to send message.
29/08 16:02:41:809 Begin to send message.
29/08 16:02:46:810 Begin to send message.
29/08 16:02:51:811 Begin to send message.
29/08 16:02:56:812 Begin to send message.
29/08 16:03:01:814 Begin to send message.
29/08 16:03:06:815 Begin to send message.
29/08 16:03:11:816 Begin to send message.
29/08 16:03:16:824 Begin to send message.
29/08 16:03:21:825 Begin to send message.
29/08 16:03:26:825 Begin to send message.
29/08 16:03:31:826 Begin to send message.
29/08 16:03:36:828 Begin to send message.
29/08 16:03:41:829 Begin to send message.
29/08 16:03:46:830 Begin to send message.
29/08 16:03:51:832 Begin to send message.
29/08 16:03:56:833 Begin to send message.
29/08 16:04:01:834 Begin to send message.
29/08 16:04:06:835 Begin to send message.
29/08 16:04:11:837 Begin to send message.
29/08 16:04:16:838 Begin to send message.
29/08 16:04:21:839 Begin to send message.
29/08 16:04:26:841 Begin to send message.
29/08 16:04:31:842 Begin to send message.
29/08 16:04:36:843 Begin to send message.
29/08 16:04:41:844 Begin to send message.
29/08 16:04:46:846 Begin to send message.
29/08 16:04:51:847 Begin to send message.
29/08 16:04:56:848 Begin to send message.
29/08 16:05:01:850 Begin to send message.
29/08 16:05:06:851 Begin to send message.
29/08 16:05:11:852 Begin to send message.
29/08 16:05:16:853 Begin to send message.
29/08 16:05:21:855 Begin to send message.
29/08 16:05:26:856 Begin to send message.
29/08 16:05:31:857 Begin to send message.
29/08 16:05:36:859 Begin to send message.
29/08 16:05:41:860 Begin to send message.
29/08 16:05:46:861 Begin to send message.
29/08 16:05:51:862 Begin to send message.
29/08 16:05:56:864 Begin to send message.
29/08 16:06:01:865 Begin to send message.
29/08 16:06:06:866 Begin to send message.
29/08 16:06:11:868 Begin to send message.
29/08 16:06:16:869 Begin to send message.
29/08 16:06:21:870 Begin to send message.
29/08 16:06:26:871 Begin to send message.
29/08 16:06:31:873 Begin to send message.
29/08 16:06:36:874 Begin to send message.
29/08 16:06:41:875 Begin to send message.
29/08 16:06:46:877 Begin to send message.
29/08 16:06:51:877 Begin to send message.
29/08 16:06:56:878 Begin to send message.
29/08 16:07:01:879 Begin to send message.
29/08 16:07:06:883 Begin to send message.
29/08 16:07:11:884 Begin to send message.
29/08 16:07:16:884 Begin to send message.
29/08 16:07:21:886 Begin to send message.
29/08 16:07:26:887 Begin to send message.
29/08 16:07:31:889 Begin to send message.
29/08 16:07:36:890 Begin to send message.
29/08 16:07:41:892 Begin to send message.
29/08 16:07:46:893 Begin to send message.
29/08 16:07:51:894 Begin to send message.
29/08 16:07:56:896 Begin to send message.
29/08 16:08:01:897 Begin to send message.
29/08 16:08:06:898 Begin to send message.
29/08 16:08:11:899 Begin to send message.
29/08 16:08:16:901 Begin to send message.
29/08 16:08:21:901 Begin to send message.
29/08 16:08:26:902 Begin to send message.
29/08 16:08:31:904 Begin to send message.
29/08 16:08:36:905 Begin to send message.
29/08 16:08:41:906 Begin to send message.
29/08 16:08:46:908 Begin to send message.
29/08 16:08:51:909 Begin to send message.
29/08 16:08:56:910 Begin to send message.
29/08 16:09:01:911 Begin to send message.
29/08 16:09:06:913 Begin to send message.
29/08 16:09:11:914 Begin to send message.
29/08 16:09:16:915 Begin to send message.
29/08 16:09:21:917 Begin to send message.
29/08 16:09:26:918 Begin to send message.
29/08 16:09:31:919 Begin to send message.
29/08 16:09:36:920 Begin to send message.
29/08 16:09:41:922 Begin to send message.
29/08 16:09:46:923 Begin to send message.
29/08 16:09:51:924 Begin to send message.
29/08 16:09:56:926 Begin to send message.
29/08 16:10:01:927 Begin to send message.
29/08 16:10:06:928 Begin to send message.
29/08 16:10:11:929 Begin to send message.
29/08 16:10:16:931 Begin to send message.
29/08 16:10:21:932 Begin to send message.
29/08 16:10:26:933 Begin to send message.
29/08 16:10:31:935 Begin to send message.
29/08 16:10:36:936 Begin to send message.
29/08 16:10:41:937 Begin to send message.
29/08 16:10:46:938 Begin to send message.
29/08 16:10:51:940 Begin to send message.
29/08 16:12:52:764 Simulator0 started
29/08 16:12:52:786 Starting process session
29/08 16:12:52:895 Total 0 instances are started
29/08 16:12:52:895 Begin to send message.
29/08 16:12:52:896 Total 1 instances are added
29/08 16:12:52:942 orderId = 0 | requestId = 0 | userId = system | channel = SMS | serviceAddress = 268 | keyword = DOIDIEM 1000 | isdn = 84922000512 | subscriberType = -1 | shipTo =  | actionType =  | productId = 0 | commandId = 0 | request =  | response =  | status = 1 | cause =  | description = 
29/08 16:12:52:943 message count: 1
29/08 16:12:58:002 End of process session
29/08 16:12:58:005 Simulator0 stopped
29/08 16:15:38:849 Simulator0 started
29/08 16:15:38:869 Starting process session
29/08 16:15:38:981 Total 0 instances are started
29/08 16:15:38:982 Total 1 instances are added
29/08 16:15:39:087 End of process session
29/08 16:15:45:089 Simulator0 stopped
29/08 16:15:46:888 Simulator0 started
29/08 16:15:46:908 Starting process session
29/08 16:15:47:017 Total 0 instances are started
29/08 16:15:47:017 Begin to send message.
29/08 16:15:47:018 Total 1 instances are added
29/08 16:15:47:026 orderId = 0 | requestId = 0 | userId = system | channel = SMS | serviceAddress = 268 | keyword = DOIDIEM 1000 | isdn = 84922000512 | subscriberType = -1 | shipTo =  | actionType =  | productId = 0 | commandId = 0 | request =  | response =  | status = 1 | cause =  | description = 
29/08 16:15:47:027 message count: 1
29/08 16:15:52:124 End of process session
29/08 16:15:52:126 Simulator0 stopped
29/08 16:17:31:599 Simulator0 started
29/08 16:17:31:619 Starting process session
29/08 16:17:31:727 Total 0 instances are started
29/08 16:17:31:727 Begin to send message.
29/08 16:17:31:728 Total 1 instances are added
29/08 16:17:31:756 orderId = 0 | requestId = 0 | userId = system | channel = SMS | serviceAddress = 268 | keyword = DOIDIEM 1000 | isdn = 84922000512 | subscriberType = -1 | shipTo =  | actionType =  | productId = 0 | commandId = 0 | request =  | response =  | status = 1 | cause =  | description = 
29/08 16:17:31:758 message count: 1
29/08 16:17:36:833 End of process session
29/08 16:17:36:835 Simulator0 stopped
29/08 16:22:01:433 Simulator0 started
29/08 16:22:01:458 Starting process session
29/08 16:22:01:574 Total 0 instances are started
29/08 16:22:01:575 Total 1 instances are added
29/08 16:22:01:574 Begin to send message.
29/08 16:22:01:595 orderId = 0 | requestId = 0 | userId = system | channel = SMS | serviceAddress = 268 | keyword = DOIDIEM 1000 | isdn = 84922000512 | subscriberType = -1 | shipTo =  | actionType =  | productId = 0 | commandId = 0 | request =  | response =  | status = 1 | cause =  | description = 
29/08 16:22:01:596 message count: 1
29/08 16:22:06:698 Begin to send message.
29/08 16:22:11:680 End of process session
29/08 16:22:11:686 Simulator0 stopped
29/08 16:25:37:286 Simulator0 started
29/08 16:25:37:311 Starting process session
29/08 16:25:37:422 Total 0 instances are started
29/08 16:25:37:422 Begin to send message.
29/08 16:25:37:423 Total 1 instances are added
29/08 16:25:37:450 orderId = 0 | requestId = 0 | userId = system | channel = SMS | serviceAddress = 268 | keyword = DOIDIEM 1000 | isdn = 84922000512 | subscriberType = -1 | shipTo =  | actionType =  | productId = 0 | commandId = 0 | request =  | response =  | status = 1 | cause =  | description = 
29/08 16:25:37:452 message count: 1
29/08 16:25:42:530 End of process session
29/08 16:25:42:532 Simulator0 stopped
29/08 16:26:33:237 Simulator0 started
29/08 16:26:33:258 Starting process session
29/08 16:26:33:370 Total 0 instances are started
29/08 16:26:33:370 Begin to send message.
ded
29/08 16:26:33:417 orderId = 0 | requestId = 0 | userId = system | channel = SMS | serviceAddress = 268 | keyword = DOIDIEM 1000 | isdn = 84922000512 | subscriberType = -1 | shipTo =  | actionType =  | productId = 0 | commandId = 0 | request =  | response =  | status = 1 | cause =  | description = 
29/08 16:26:33:418 message count: 1
29/08 16:26:38:527 Begin to send message.
29/08 16:26:43:479 End of process session
29/08 16:26:43:480 Simulator0 stopped
29/08 16:29:03:697 Simulator0 started
29/08 16:29:03:719 Starting process session
29/08 16:29:03:833 Total 0 instances are started
29/08 16:29:03:834 Total 1 instances are added
29/08 16:29:03:835 Begin to send message.
29/08 16:29:03:870 orderId = 0 | requestId = 0 | userId = system | channel = SMS | serviceAddress = 268 | keyword = DOIDIEM 1000 | isdn = 84922000512 | subscriberType = -1 | shipTo =  | actionType =  | productId = 0 | commandId = 0 | request =  | response =  | status = 1 | cause =  | description = 
29/08 16:29:03:872 message count: 1
29/08 16:29:08:940 End of process session
29/08 16:29:08:942 Simulator0 stopped
29/08 16:35:42:486 Simulator0 started
29/08 16:35:42:504 Starting process session
29/08 16:35:42:617 Total 0 instances are started
29/08 16:35:42:617 Begin to send message.
29/08 16:35:42:618 Total 1 instances are added
29/08 16:35:42:651 orderId = 0 | requestId = 0 | userId = system | channel = SMS | serviceAddress = 268 | keyword = DOIDIEM 1000 | isdn = 84922000512 | subscriberType = -1 | shipTo =  | actionType =  | productId = 0 | commandId = 0 | request =  | response =  | status = 1 | cause =  | description = 
29/08 16:35:42:653 message count: 1
29/08 16:35:47:725 End of process session
29/08 16:35:47:727 Simulator0 stopped
29/08 16:38:14:699 Simulator0 started
29/08 16:38:14:716 Starting process session
29/08 16:38:14:828 Total 0 instances are started
29/08 16:38:14:834 Total 1 instances are added
29/08 16:38:14:829 Begin to send message.
29/08 16:38:14:884 orderId = 0 | requestId = 0 | userId = system | channel = SMS | serviceAddress = 268 | keyword = DOIDIEM 1000 | isdn = 84922000512 | subscriberType = -1 | shipTo =  | actionType =  | productId = 0 | commandId = 0 | request =  | response =  | status = 1 | cause =  | description = 
29/08 16:38:14:884 message count: 1
29/08 16:38:19:939 End of process session
29/08 16:38:19:941 Simulator0 stopped
29/08 16:49:34:453 Simulator0 started
29/08 16:49:34:474 Starting process session
29/08 16:49:34:585 Total 0 instances are started
29/08 16:49:34:585 Begin to send message.
29/08 16:49:34:586 Total 1 instances are added
29/08 16:49:34:616 orderId = 0 | requestId = 0 | userId = system | channel = SMS | serviceAddress = 268 | keyword = DOIDIEM 1000 | isdn = 84922000512 | subscriberType = -1 | shipTo =  | actionType =  | productId = 0 | commandId = 0 | request =  | response =  | status = 1 | cause =  | description = 
29/08 16:49:34:617 message count: 1
29/08 16:49:39:720 Begin to send message.
29/08 16:49:44:692 End of process session
29/08 16:49:44:694 Simulator0 stopped
29/08 17:04:37:543 Simulator0 started
29/08 17:04:37:567 Starting process session
29/08 17:04:37:676 Total 0 instances are started
29/08 17:04:37:676 Begin to send message.
29/08 17:04:37:677 Total 1 instances are added
29/08 17:04:37:718 orderId = 0 | requestId = 0 | userId = system | channel = SMS | serviceAddress = 268 | keyword = DOIDIEM 1000 | isdn = 84922000512 | subscriberType = -1 | shipTo =  | actionType =  | productId = 0 | commandId = 0 | request =  | response =  | status = 1 | cause =  | description = 
29/08 17:04:37:720 message count: 1
29/08 17:04:42:783 End of process session
29/08 17:04:42:786 Simulator0 stopped
29/08 17:08:58:023 Simulator0 started
29/08 17:08:58:070 Starting process session
29/08 17:08:58:192 Total 0 instances are started
29/08 17:08:58:192 Begin to send message.
29/08 17:08:58:193 Total 1 instances are added
29/08 17:08:58:234 orderId = 0 | requestId = 0 | userId = system | channel = SMS | serviceAddress = 268 | keyword = DOIDIEM 1000 | isdn = 84922000512 | subscriberType = -1 | shipTo =  | actionType =  | productId = 0 | commandId = 0 | request =  | response =  | status = 1 | cause =  | description = 
29/08 17:08:58:235 message count: 1
29/08 17:09:03:336 Begin to send message.
29/08 17:09:08:318 End of process session
29/08 17:09:08:320 Simulator0 stopped
29/08 17:24:27:986 Simulator0 started
29/08 17:24:28:006 Starting process session
29/08 17:24:28:115 Total 0 instances are started
29/08 17:24:28:115 Begin to send message.
29/08 17:24:28:116 Total 1 instances are added
29/08 17:24:28:152 orderId = 0 | requestId = 0 | userId = system | channel = SMS | serviceAddress = 268 | keyword = DOIDIEM 1000 | isdn = 84922000512 | subscriberType = -1 | shipTo =  | actionType =  | productId = 0 | commandId = 0 | request =  | response =  | status = 1 | cause =  | description = 
29/08 17:24:28:153 message count: 1
29/08 17:24:33:222 End of process session
29/08 17:24:33:224 Simulator0 stopped
29/08 17:43:53:651 Simulator0 started
29/08 17:43:53:671 Starting process session
29/08 17:43:53:781 Total 0 instances are started
29/08 17:43:53:782 Total 1 instances are added
29/08 17:43:53:781 Begin to send message.
29/08 17:43:53:819 orderId = 0 | requestId = 0 | userId = system | channel = SMS | serviceAddress = 268 | keyword = DOIDIEM 1000 | isdn = 84922000512 | subscriberType = -1 | shipTo =  | actionType =  | productId = 0 | commandId = 0 | request =  | response =  | status = 1 | cause =  | description = 
29/08 17:43:53:820 message count: 1
29/08 17:43:58:887 End of process session
29/08 17:43:58:889 Simulator0 stopped
29/08 17:50:24:033 Simulator0 started
29/08 17:50:24:052 Starting process session
29/08 17:50:24:191 Total 0 instances are started
29/08 17:50:24:193 Total 1 instances are added
29/08 17:50:24:193 Begin to send message.
29/08 17:50:24:223 orderId = 0 | requestId = 0 | userId = system | channel = SMS | serviceAddress = 268 | keyword = DOIDIEM 1000 | isdn = 84922000512 | subscriberType = -1 | shipTo =  | actionType =  | productId = 0 | commandId = 0 | request =  | response =  | status = 1 | cause =  | description = 
29/08 17:50:24:224 message count: 1
29/08 17:50:29:327 Begin to send message.
29/08 17:50:34:306 End of process session
29/08 17:50:34:308 Simulator0 stopped
29/08 18:06:41:081 Simulator0 started
29/08 18:06:41:103 Starting process session
29/08 18:06:41:212 Total 0 instances are started
29/08 18:06:41:212 Begin to send message.
29/08 18:06:41:213 Total 1 instances are added
29/08 18:06:41:253 orderId = 0 | requestId = 0 | userId = system | channel = SMS | serviceAddress = 268 | keyword = DOIDIEM 1000 | isdn = 84922000512 | subscriberType = -1 | shipTo =  | actionType =  | productId = 0 | commandId = 0 | request =  | response =  | status = 1 | cause =  | description = 
29/08 18:06:41:254 message count: 1
29/08 18:06:46:355 Begin to send message.
29/08 18:06:51:319 End of process session
29/08 18:06:51:321 Simulator0 stopped
29/08 18:13:50:152 Simulator0 started
29/08 18:13:50:175 Starting process session
29/08 18:13:50:285 Total 0 instances are started
29/08 18:13:50:285 Begin to send message.
29/08 18:13:50:286 Total 1 instances are added
29/08 18:13:50:324 orderId = 0 | requestId = 0 | userId = system | channel = SMS | serviceAddress = 268 | keyword = DOIDIEM 1000 | isdn = 84922000512 | subscriberType = -1 | shipTo =  | actionType =  | productId = 0 | commandId = 0 | request =  | response =  | status = 1 | cause =  | description = 
29/08 18:13:50:325 message count: 1
29/08 18:13:55:392 End of process session
29/08 18:13:55:393 Simulator0 stopped
