30/09 11:08:28:500 Simulator0 started
30/09 11:08:28:522 Starting process session
30/09 11:08:28:666 Total 0 instances are started
30/09 11:08:28:667 Total 1 instances are added
30/09 11:08:28:667 Begin to send message.
30/09 11:08:28:802 orderId = 0 | requestId = 0 | userId = system | channel = SMS | serviceAddress = 268 | keyword = DK CAM | isdn = 84922000514 | subscriberType = -1 | shipTo =  | actionType =  | productId = 0 | commandId = 0 | request =  | response =  | status = 1 | cause =  | description = 
30/09 11:08:28:803 message count: 1
30/09 11:08:33:775 End of process session
30/09 11:08:33:776 Simulator0 stopped
30/09 11:10:15:003 Simulator0 started
30/09 11:10:15:029 Starting process session
30/09 11:10:17:255 Total 0 instances are started
30/09 11:10:17:256 Begin to send message.
30/09 11:10:17:257 Total 1 instances are added
30/09 11:10:17:287 orderId = 0 | requestId = 0 | userId = system | channel = SMS | serviceAddress = 268 | keyword = DK CAM | isdn = 84922000514 | subscriberType = -1 | shipTo =  | actionType =  | productId = 0 | commandId = 0 | request =  | response =  | status = 1 | cause =  | description = 
30/09 11:10:17:288 message count: 1
30/09 11:10:22:366 End of process session
30/09 11:10:22:368 Simulator0 stopped
30/09 11:53:25:347 Simulator0 started
30/09 11:53:25:367 Starting process session
30/09 11:53:25:507 Total 0 instances are started
30/09 11:53:25:507 Total 1 instances are added
30/09 11:53:25:607 End of process session
30/09 11:53:33:609 Simulator0 stopped
30/09 11:53:35:369 Simulator0 started
30/09 11:53:35:389 Starting process session
30/09 11:53:35:499 Total 0 instances are started
30/09 11:53:35:499 Total 1 instances are added
30/09 11:53:35:599 End of process session
30/09 11:53:49:602 Simulator0 stopped
30/09 11:53:51:412 Simulator0 started
30/09 11:53:51:432 Starting process session
30/09 11:53:51:542 Total 0 instances are started
30/09 11:53:51:542 Begin to send message.
30/09 11:53:51:542 Total 1 instances are added
30/09 11:53:51:682 orderId = 0 | requestId = 0 | userId = system | channel = SMS | serviceAddress = 268 | keyword = DK CAM | isdn = 84922000514 | subscriberType = -1 | shipTo =  | actionType =  | productId = 0 | commandId = 0 | request =  | response =  | status = 1 | cause =  | description = 
30/09 11:53:51:682 message count: 1
30/09 11:53:56:643 End of process session
30/09 11:53:56:643 Simulator0 stopped
30/09 11:57:08:472 Simulator0 started
30/09 11:57:08:517 Starting process session
30/09 11:57:08:629 Total 0 instances are started
30/09 11:57:08:630 Begin to send message.
30/09 11:57:08:630 Total 1 instances are added
30/09 11:57:08:636 orderId = 0 | requestId = 0 | userId = system | channel = SMS | serviceAddress = 268 | keyword = HUY CAM | isdn = 84922000514 | subscriberType = -1 | shipTo =  | actionType =  | productId = 0 | commandId = 0 | request =  | response =  | status = 1 | cause =  | description = 
30/09 11:57:08:637 message count: 1
30/09 11:57:13:734 End of process session
30/09 11:57:13:735 Simulator0 stopped
30/09 11:58:31:498 Simulator0 started
30/09 11:58:31:520 Starting process session
30/09 11:58:31:631 Total 0 instances are started
30/09 11:58:31:631 Begin to send message.
30/09 11:58:31:632 Total 1 instances are added
30/09 11:58:31:636 orderId = 0 | requestId = 0 | userId = system | channel = SMS | serviceAddress = 268 | keyword = DK CAM | isdn = 84922000514 | subscriberType = -1 | shipTo =  | actionType =  | productId = 0 | commandId = 0 | request =  | response =  | status = 1 | cause =  | description = 
30/09 11:58:31:637 message count: 1
30/09 11:58:36:736 End of process session
30/09 11:58:36:737 Simulator0 stopped
30/09 11:59:54:529 Simulator0 started
30/09 11:59:54:552 Starting process session
30/09 11:59:54:680 Total 0 instances are started
30/09 11:59:54:680 Begin to send message.
30/09 11:59:54:681 Total 1 instances are added
30/09 11:59:54:685 orderId = 0 | requestId = 0 | userId = system | channel = SMS | serviceAddress = 268 | keyword = HUY CAM | isdn = 84922000514 | subscriberType = -1 | shipTo =  | actionType =  | productId = 0 | commandId = 0 | request =  | response =  | status = 1 | cause =  | description = 
30/09 11:59:54:686 message count: 1
30/09 11:59:59:786 End of process session
30/09 11:59:59:787 Simulator0 stopped
30/09 12:00:46:554 Simulator0 started
30/09 12:00:46:576 Starting process session
30/09 12:00:46:688 Total 0 instances are started
30/09 12:00:46:691 Begin to send message.
30/09 12:00:46:693 Total 1 instances are added
30/09 12:00:46:695 orderId = 0 | requestId = 0 | userId = system | channel = SMS | serviceAddress = 268 | keyword = DK CAM | isdn = 84922000514 | subscriberType = -1 | shipTo =  | actionType =  | productId = 0 | commandId = 0 | request =  | response =  | status = 1 | cause =  | description = 
30/09 12:00:46:696 message count: 1
30/09 12:00:51:797 End of process session
30/09 12:00:51:799 Simulator0 stopped
30/09 12:01:12:578 Simulator0 started
30/09 12:01:12:600 Starting process session
30/09 12:01:12:711 Total 0 instances are started
30/09 12:01:12:711 Begin to send message.
30/09 12:01:12:712 Total 1 instances are added
30/09 12:01:12:717 orderId = 0 | requestId = 0 | userId = system | channel = SMS | serviceAddress = 268 | keyword = TRA DIEM | isdn = 84922000514 | subscriberType = -1 | shipTo =  | actionType =  | productId = 0 | commandId = 0 | request =  | response =  | status = 1 | cause =  | description = 
30/09 12:01:12:718 message count: 1
30/09 12:01:17:816 End of process session
30/09 12:01:17:818 Simulator0 stopped
