14/09 12:15:28:749 Simulator0 started
14/09 12:15:28:770 Starting process session
14/09 12:15:28:906 Total 0 instances are started
14/09 12:15:28:906 Begin to send message.
14/09 12:15:28:907 Total 1 instances are added
14/09 12:15:28:953 orderId = 0 | requestId = 0 | userId = system | channel = SMS | serviceAddress = 268 | keyword = TRA DIEM | isdn = 84922000512 | subscriberType = -1 | shipTo =  | actionType =  | productId = 0 | commandId = 0 | request =  | response =  | status = 1 | cause =  | description = 
14/09 12:15:28:954 message count: 1
14/09 12:15:34:055 Begin to send message.
14/09 12:15:39:055 Begin to send message.
14/09 12:15:44:057 Begin to send message.
14/09 12:15:49:058 Begin to send message.
14/09 12:15:54:059 Begin to send message.
14/09 12:15:59:061 Begin to send message.
14/09 12:16:04:061 Begin to send message.
14/09 12:16:09:062 Begin to send message.
14/09 12:16:14:062 Begin to send message.
14/09 12:16:19:064 Begin to send message.
14/09 12:16:24:065 Begin to send message.
14/09 12:16:29:065 Begin to send message.
14/09 12:16:34:067 Begin to send message.
14/09 12:16:39:067 Begin to send message.
14/09 12:16:44:068 Begin to send message.
14/09 12:16:49:068 Begin to send message.
14/09 12:16:54:069 Begin to send message.
14/09 12:16:59:069 Begin to send message.
14/09 12:17:04:069 Begin to send message.
14/09 12:17:09:071 Begin to send message.
14/09 12:17:14:071 Begin to send message.
14/09 12:17:19:071 Begin to send message.
14/09 12:17:24:071 Begin to send message.
14/09 12:17:29:073 Begin to send message.
14/09 12:17:34:073 Begin to send message.
14/09 12:17:39:073 Begin to send message.
14/09 12:17:44:074 Begin to send message.
14/09 12:17:49:074 Begin to send message.
14/09 12:17:54:074 Begin to send message.
14/09 12:17:59:074 Begin to send message.
14/09 12:18:04:075 Begin to send message.
14/09 12:18:09:075 Begin to send message.
14/09 12:18:14:075 Begin to send message.
14/09 12:18:19:077 Begin to send message.
14/09 12:18:24:077 Begin to send message.
14/09 12:18:29:077 Begin to send message.
14/09 12:18:34:078 Begin to send message.
14/09 12:18:39:080 Begin to send message.
14/09 12:18:44:080 Begin to send message.
14/09 12:18:49:080 Begin to send message.
14/09 12:18:54:081 Begin to send message.
14/09 12:18:59:082 Begin to send message.
14/09 12:19:04:082 Begin to send message.
14/09 12:19:09:083 Begin to send message.
14/09 12:19:14:085 Begin to send message.
14/09 12:19:19:085 Begin to send message.
14/09 12:19:24:085 Begin to send message.
14/09 12:19:29:087 Begin to send message.
14/09 12:19:34:087 Begin to send message.
14/09 12:19:39:087 Begin to send message.
14/09 12:19:44:087 Begin to send message.
14/09 12:19:49:088 Begin to send message.
14/09 12:19:54:088 Begin to send message.
14/09 12:19:59:088 Begin to send message.
14/09 12:20:04:090 Begin to send message.
14/09 12:20:09:091 Begin to send message.
14/09 12:20:14:091 Begin to send message.
14/09 12:20:19:091 Begin to send message.
14/09 12:20:24:092 Begin to send message.
14/09 12:20:29:093 Begin to send message.
14/09 12:20:34:093 Begin to send message.
14/09 12:20:39:095 Begin to send message.
14/09 12:20:44:096 Begin to send message.
14/09 12:20:49:096 Begin to send message.
14/09 12:20:54:096 Begin to send message.
14/09 12:20:59:097 Begin to send message.
14/09 12:21:04:098 Begin to send message.
14/09 12:21:09:098 Begin to send message.
14/09 12:21:14:100 Begin to send message.
14/09 12:21:19:100 Begin to send message.
14/09 12:21:24:101 Begin to send message.
14/09 12:21:29:101 Begin to send message.
14/09 12:21:34:102 Begin to send message.
14/09 12:21:39:102 Begin to send message.
14/09 12:21:44:103 Begin to send message.
14/09 12:21:49:104 Begin to send message.
14/09 12:21:54:105 Begin to send message.
14/09 12:21:59:105 Begin to send message.
14/09 12:22:04:106 Begin to send message.
14/09 12:22:09:108 Begin to send message.
14/09 12:22:14:108 Begin to send message.
14/09 12:22:19:108 Begin to send message.
14/09 12:22:24:110 Begin to send message.
14/09 12:22:29:110 Begin to send message.
14/09 12:22:34:110 Begin to send message.
14/09 12:22:39:110 Begin to send message.
14/09 12:22:44:112 Begin to send message.
14/09 12:22:49:113 Begin to send message.
14/09 12:22:54:113 Begin to send message.
14/09 12:22:59:115 Begin to send message.
14/09 12:23:04:115 Begin to send message.
14/09 12:23:09:115 Begin to send message.
14/09 12:23:14:115 Begin to send message.
14/09 12:23:19:116 Begin to send message.
14/09 12:23:24:116 Begin to send message.
14/09 12:23:29:116 Begin to send message.
14/09 12:23:34:118 Begin to send message.
14/09 12:23:39:118 Begin to send message.
14/09 12:23:44:118 Begin to send message.
14/09 12:23:49:118 Begin to send message.
14/09 12:23:54:120 Begin to send message.
14/09 12:23:59:120 Begin to send message.
14/09 12:24:04:120 Begin to send message.
14/09 12:24:09:121 Begin to send message.
14/09 12:24:14:122 Begin to send message.
14/09 12:24:19:123 Begin to send message.
14/09 12:24:24:124 Begin to send message.
14/09 12:24:29:125 Begin to send message.
14/09 12:24:34:125 Begin to send message.
14/09 12:24:39:126 Begin to send message.
14/09 12:24:44:128 Begin to send message.
14/09 12:24:49:128 Begin to send message.
14/09 12:24:54:128 Begin to send message.
14/09 12:24:59:129 Begin to send message.
14/09 12:25:04:130 Begin to send message.
14/09 12:25:09:130 Begin to send message.
14/09 12:25:14:130 Begin to send message.
14/09 12:25:19:131 Begin to send message.
14/09 12:25:24:132 Begin to send message.
14/09 12:25:29:207 Begin to send message.
14/09 12:25:34:208 Begin to send message.
14/09 12:25:39:209 Begin to send message.
14/09 12:34:36:404 Simulator0 started
14/09 12:34:36:455 Starting process session
14/09 12:34:36:570 Total 0 instances are started
14/09 12:34:36:570 Begin to send message.
14/09 12:34:36:571 Total 1 instances are added
14/09 12:34:36:577 orderId = 0 | requestId = 0 | userId = system | channel = SMS | serviceAddress = 268 | keyword = TRA DIEM | isdn = 84922000512 | subscriberType = -1 | shipTo =  | actionType =  | productId = 0 | commandId = 0 | request =  | response =  | status = 1 | cause =  | description = 
14/09 12:34:36:579 message count: 1
14/09 12:34:41:675 End of process session
14/09 12:34:41:676 Simulator0 stopped
14/09 12:35:01:427 Simulator0 started
14/09 12:35:01:454 Starting process session
14/09 12:35:01:562 Total 0 instances are started
14/09 12:35:01:562 Begin to send message.
14/09 12:35:01:563 Total 1 instances are added
14/09 12:35:01:566 orderId = 0 | requestId = 0 | userId = system | channel = SMS | serviceAddress = 268 | keyword = TRA DIEM | isdn = 84922000514 | subscriberType = -1 | shipTo =  | actionType =  | productId = 0 | commandId = 0 | request =  | response =  | status = 1 | cause =  | description = 
14/09 12:35:01:567 message count: 1
14/09 12:35:06:667 End of process session
14/09 12:35:06:668 Simulator0 stopped
