05/09 08:50:23:142 Simulator0 started
05/09 08:50:23:162 Starting process session
05/09 08:50:23:300 Total 0 instances are started
05/09 08:50:23:301 Total 1 instances are added
05/09 08:50:23:419 End of process session
05/09 08:50:29:422 Simulator0 stopped
05/09 08:50:32:182 Simulator0 started
05/09 08:50:32:202 Starting process session
05/09 08:50:32:358 Total 0 instances are started
05/09 08:50:32:360 Total 1 instances are added
05/09 08:50:32:360 Begin to send message.
05/09 08:50:32:498 orderId = 0 | requestId = 0 | userId = system | channel = SMS | serviceAddress = 268 | keyword = DOIDIEM 2000 | isdn = 84922000514 | subscriberType = -1 | shipTo =  | actionType =  | productId = 0 | commandId = 0 | request =  | response =  | status = 1 | cause =  | description = 
05/09 08:50:32:500 message count: 1
05/09 08:50:37:486 End of process session
05/09 08:50:37:488 Simulator0 stopped
05/09 08:53:50:289 Simulator0 started
05/09 08:53:50:310 Starting process session
05/09 08:53:50:425 Total 0 instances are started
05/09 08:53:50:425 Begin to send message.
05/09 08:53:50:426 Total 1 instances are added
05/09 08:53:50:461 orderId = 0 | requestId = 0 | userId = system | channel = SMS | serviceAddress = 268 | keyword = DOIDIEM 2000 | isdn = 84922000514 | subscriberType = -1 | shipTo =  | actionType =  | productId = 0 | commandId = 0 | request =  | response =  | status = 1 | cause =  | description = 
05/09 08:53:50:462 message count: 1
05/09 08:53:55:547 End of process session
05/09 08:53:55:548 Simulator0 stopped
05/09 08:58:48:922 Simulator0 started
05/09 08:58:48:944 Starting process session
05/09 08:58:49:061 Total 0 instances are started
05/09 08:58:49:062 Total 1 instances are added
05/09 08:58:49:063 Begin to send message.
05/09 08:58:49:113 orderId = 0 | requestId = 0 | userId = system | channel = SMS | serviceAddress = 268 | keyword = DOIDIEM 2000 | isdn = 84922000514 | subscriberType = -1 | shipTo =  | actionType =  | productId = 0 | commandId = 0 | request =  | response =  | status = 1 | cause =  | description = 
05/09 08:58:49:113 message count: 1
05/09 08:58:54:191 End of process session
05/09 08:58:54:193 Simulator0 stopped
05/09 09:02:57:973 Simulator0 started
05/09 09:02:57:995 Starting process session
05/09 09:02:58:111 Total 0 instances are started
05/09 09:02:58:112 Total 1 instances are added
05/09 09:02:58:111 Begin to send message.
05/09 09:02:58:148 orderId = 0 | requestId = 0 | userId = system | channel = SMS | serviceAddress = 268 | keyword = DOIDIEM 2000 | isdn = 84922000514 | subscriberType = -1 | shipTo =  | actionType =  | productId = 0 | commandId = 0 | request =  | response =  | status = 1 | cause =  | description = 
05/09 09:02:58:149 message count: 1
05/09 09:03:03:218 End of process session
05/09 09:03:03:219 Simulator0 stopped
05/09 09:03:06:005 Simulator0 started
05/09 09:03:06:025 Starting process session
05/09 09:03:06:138 Total 0 instances are started
05/09 09:03:06:139 Total 1 instances are added
05/09 09:03:06:247 End of process session
05/09 09:03:10:249 Simulator0 stopped
05/09 09:04:45:615 Simulator0 started
05/09 09:04:45:839 Starting process session
05/09 09:04:45:960 Total 0 instances are started
05/09 09:04:45:961 Begin to send message.
05/09 09:04:45:962 Total 1 instances are added
05/09 09:04:46:009 orderId = 0 | requestId = 0 | userId = system | channel = SMS | serviceAddress = 268 | keyword = DOIDIEM 2000 | isdn = 84922000514 | subscriberType = -1 | shipTo =  | actionType =  | productId = 0 | commandId = 0 | request =  | response =  | status = 1 | cause =  | description = 
05/09 09:04:46:010 message count: 1
05/09 09:04:51:089 End of process session
05/09 09:04:51:089 Simulator0 stopped
05/09 09:10:56:755 Simulator0 started
05/09 09:10:56:776 Starting process session
05/09 09:10:56:888 Total 0 instances are started
05/09 09:10:56:889 Total 1 instances are added
05/09 09:10:56:996 End of process session
05/09 09:11:02:998 Simulator0 stopped
05/09 09:11:04:792 Simulator0 started
05/09 09:11:04:810 Starting process session
05/09 09:11:04:920 Total 0 instances are started
05/09 09:11:04:921 Total 1 instances are added
05/09 09:11:05:034 End of process session
05/09 09:11:08:035 Simulator0 stopped
05/09 09:11:10:827 Simulator0 started
05/09 09:11:10:854 Starting process session
05/09 09:11:10:969 Total 0 instances are started
05/09 09:11:10:969 Begin to send message.
05/09 09:11:10:970 Total 1 instances are added
05/09 09:11:10:994 orderId = 0 | requestId = 0 | userId = system | channel = SMS | serviceAddress = 268 | keyword = DOIDIEM 2000 | isdn = 84922000514 | subscriberType = -1 | shipTo =  | actionType =  | productId = 0 | commandId = 0 | request =  | response =  | status = 1 | cause =  | description = 
05/09 09:11:10:995 message count: 1
05/09 09:11:16:081 End of process session
05/09 09:11:16:082 Simulator0 stopped
05/09 09:12:38:163 Simulator0 started
05/09 09:12:38:185 Starting process session
05/09 09:12:38:309 Total 0 instances are started
05/09 09:12:38:310 Total 1 instances are added
05/09 09:12:38:359 orderId = 0 | requestId = 0 | userId = system | channel = SMS | serviceAddress = 268 | keyword = DOIDIEM 2000 | isdn = 84922000514 | subscriberType = -1 | shipTo =  | actionType =  | productId = 0 | commandId = 0 | request =  | response =  | status = 1 | cause =  | description = 
05/09 09:12:38:360 message count: 1
05/09 09:12:43:422 End of process session
05/09 09:12:43:423 Simulator0 stopped
05/09 09:15:26:469 Simulator0 started
05/09 09:15:26:490 Starting process session
05/09 09:15:26:604 Total 0 instances are started
05/09 09:15:26:605 Total 1 instances are added
05/09 09:15:26:604 Begin to send message.
05/09 09:15:26:642 orderId = 0 | requestId = 0 | userId = system | channel = SMS | serviceAddress = 268 | keyword = DOIDIEM 2000 | isdn = 84922000514 | subscriberType = -1 | shipTo =  | actionType =  | productId = 0 | commandId = 0 | request =  | response =  | status = 1 | cause =  | description = 
05/09 09:15:26:644 message count: 1
05/09 09:15:31:712 End of process session
05/09 09:15:31:713 Simulator0 stopped
05/09 09:16:52:656 Simulator0 started
05/09 09:16:52:679 Starting process session
05/09 09:16:52:793 Total 0 instances are started
05/09 09:16:52:794 Total 1 instances are added
05/09 09:16:52:794 Begin to send message.
05/09 09:16:52:828 orderId = 0 | requestId = 0 | userId = system | channel = SMS | serviceAddress = 268 | keyword = DOIDIEM 2000 | isdn = 84922000514 | subscriberType = -1 | shipTo =  | actionType =  | productId = 0 | commandId = 0 | request =  | response =  | status = 1 | cause =  | description = 
05/09 09:16:52:833 message count: 1
05/09 09:16:57:904 End of process session
05/09 09:16:57:907 Simulator0 stopped
05/09 09:21:24:327 Simulator0 started
05/09 09:21:24:351 Starting process session
05/09 09:21:24:476 Total 0 instances are started
05/09 09:21:24:477 Total 1 instances are added
05/09 09:21:24:583 End of process session
05/09 09:21:31:585 Simulator0 stopped
05/09 09:21:34:355 Simulator0 started
05/09 09:21:34:376 Starting process session
05/09 09:21:34:486 Total 0 instances are started
05/09 09:21:34:487 Total 1 instances are added
05/09 09:21:34:613 End of process session
05/09 09:21:42:614 Simulator0 stopped
05/09 09:21:51:434 Simulator0 started
05/09 09:21:51:455 Starting process session
05/09 09:21:51:564 Total 0 instances are started
05/09 09:21:51:564 Begin to send message.
05/09 09:21:51:565 Total 1 instances are added
05/09 09:21:51:631 orderId = 0 | requestId = 0 | userId = system | channel = SMS | serviceAddress = 268 | keyword = DK CAM | isdn = 84922000514 | subscriberType = -1 | shipTo =  | actionType =  | productId = 0 | commandId = 0 | request =  | response =  | status = 1 | cause =  | description = 
05/09 09:21:51:632 message count: 1
05/09 09:21:56:669 End of process session
05/09 09:21:56:672 Simulator0 stopped
05/09 09:28:01:572 Simulator0 started
05/09 09:28:01:591 Starting process session
05/09 09:28:01:701 Total 0 instances are started
05/09 09:28:01:701 Begin to send message.
05/09 09:28:01:702 Total 1 instances are added
05/09 09:28:01:722 orderId = 0 | requestId = 0 | userId = system | channel = SMS | serviceAddress = 268 | keyword = DOIDIEM 2000 | isdn = 84922000514 | subscriberType = -1 | shipTo =  | actionType =  | productId = 0 | commandId = 0 | request =  | response =  | status = 1 | cause =  | description = 
05/09 09:28:01:723 message count: 1
05/09 09:28:06:808 End of process session
05/09 09:28:06:809 Simulator0 stopped
05/09 09:30:15:370 Simulator0 started
05/09 09:30:15:391 Starting process session
05/09 09:30:15:505 Total 0 instances are started
05/09 09:30:15:506 Total 1 instances are added
05/09 09:30:15:610 End of process session
05/09 09:30:20:612 Simulator0 stopped
05/09 09:30:29:441 Simulator0 started
05/09 09:30:29:462 Starting process session
05/09 09:30:29:576 Total 0 instances are started
05/09 09:30:29:576 Begin to send message.
05/09 09:30:29:577 Total 1 instances are added
05/09 09:30:29:601 orderId = 0 | requestId = 0 | userId = system | channel = SMS | serviceAddress = 268 | keyword = DOIDIEM 2000 | isdn = 84922000514 | subscriberType = -1 | shipTo =  | actionType =  | productId = 0 | commandId = 0 | request =  | response =  | status = 1 | cause =  | description = 
05/09 09:30:29:602 message count: 1
05/09 09:30:34:681 End of process session
05/09 09:30:34:683 Simulator0 stopped
05/09 09:36:06:701 Simulator0 started
05/09 09:36:06:721 Starting process session
05/09 09:36:06:835 Total 0 instances are started
05/09 09:36:06:835 Begin to send message.
05/09 09:36:06:836 Total 1 instances are added
05/09 09:36:06:855 orderId = 0 | requestId = 0 | userId = system | channel = SMS | serviceAddress = 268 | keyword = DOIDIEM 2000 | isdn = 84922000514 | subscriberType = -1 | shipTo =  | actionType =  | productId = 0 | commandId = 0 | request =  | response =  | status = 1 | cause =  | description = 
05/09 09:36:06:856 message count: 1
05/09 09:36:11:964 End of process session
05/09 09:36:11:966 Simulator0 stopped
05/09 09:41:11:755 Simulator0 started
05/09 09:41:11:776 Starting process session
05/09 09:41:11:889 Total 0 instances are started
05/09 09:41:11:890 Total 1 instances are added
05/09 09:41:11:999 End of process session
05/09 09:41:19:002 Simulator0 stopped
05/09 09:41:20:784 Simulator0 started
05/09 09:41:20:804 Starting process session
05/09 09:41:20:917 Total 0 instances are started
05/09 09:41:20:917 Begin to send message.
05/09 09:41:20:918 Total 1 instances are added
05/09 09:41:20:945 orderId = 0 | requestId = 0 | userId = system | channel = SMS | serviceAddress = 268 | keyword = DOIDIEM 2000 | isdn = 84922000514 | subscriberType = -1 | shipTo =  | actionType =  | productId = 0 | commandId = 0 | request =  | response =  | status = 1 | cause =  | description = 
05/09 09:41:20:946 message count: 1
05/09 09:41:26:032 End of process session
05/09 09:41:26:035 Simulator0 stopped
05/09 09:45:03:276 Simulator0 started
05/09 09:45:03:298 Starting process session
05/09 09:45:03:412 Total 0 instances are started
05/09 09:45:03:412 Begin to send message.
05/09 09:45:03:413 Total 1 instances are added
05/09 09:45:03:445 orderId = 0 | requestId = 0 | userId = system | channel = SMS | serviceAddress = 268 | keyword = DOIDIEM 2000 | isdn = 84922000514 | subscriberType = -1 | shipTo =  | actionType =  | productId = 0 | commandId = 0 | request =  | response =  | status = 1 | cause =  | description = 
05/09 09:45:03:445 message count: 1
05/09 09:45:08:519 End of process session
05/09 09:45:08:520 Simulator0 stopped
05/09 10:10:49:361 Simulator0 started
05/09 10:10:49:385 Starting process session
05/09 10:10:49:494 Total 0 instances are started
05/09 10:10:49:494 Begin to send message.
05/09 10:10:49:495 Total 1 instances are added
05/09 10:10:49:611 orderId = 0 | requestId = 0 | userId = system | channel = SMS | serviceAddress = 268 | keyword = DK CAM | isdn = 84922000514 | subscriberType = -1 | shipTo =  | actionType =  | productId = 0 | commandId = 0 | request =  | response =  | status = 1 | cause =  | description = 
05/09 10:10:49:612 message count: 1
05/09 10:10:54:600 End of process session
05/09 10:10:54:601 Simulator0 stopped
05/09 10:12:38:558 Simulator0 started
05/09 10:12:38:579 Starting process session
05/09 10:12:38:688 Total 0 instances are started
05/09 10:12:38:688 Begin to send message.
05/09 10:12:38:689 Total 1 instances are added
05/09 10:12:38:698 orderId = 0 | requestId = 0 | userId = system | channel = SMS | serviceAddress = 268 | keyword = TRA DIEM | isdn = 84922000514 | subscriberType = -1 | shipTo =  | actionType =  | productId = 0 | commandId = 0 | request =  | response =  | status = 1 | cause =  | description = 
05/09 10:12:38:699 message count: 1
05/09 10:12:43:796 End of process session
05/09 10:12:43:797 Simulator0 stopped
05/09 10:14:00:628 Simulator0 started
05/09 10:14:00:652 Starting process session
05/09 10:14:00:762 Total 0 instances are started
05/09 10:14:00:762 Begin to send message.
05/09 10:14:00:763 Total 1 instances are added
05/09 10:14:00:781 orderId = 0 | requestId = 0 | userId = system | channel = SMS | serviceAddress = 268 | keyword = DOI DIEM 1000 | isdn = 84922000514 | subscriberType = -1 | shipTo =  | actionType =  | productId = 0 | commandId = 0 | request =  | response =  | status = 1 | cause =  | description = 
05/09 10:14:00:782 message count: 1
05/09 10:14:05:879 End of process session
05/09 10:14:05:880 Simulator0 stopped
05/09 10:14:48:671 Simulator0 started
05/09 10:14:48:691 Starting process session
05/09 10:14:48:799 Total 0 instances are started
05/09 10:14:48:799 Begin to send message.
05/09 10:14:48:800 Total 1 instances are added
05/09 10:14:48:806 orderId = 0 | requestId = 0 | userId = system | channel = SMS | serviceAddress = 268 | keyword = DOI DIEM 1000 | isdn = 84922000514 | subscriberType = -1 | shipTo =  | actionType =  | productId = 0 | commandId = 0 | request =  | response =  | status = 1 | cause =  | description = 
05/09 10:14:48:808 message count: 1
05/09 10:14:53:911 Begin to send message.
05/09 10:14:58:905 End of process session
05/09 10:14:58:907 Simulator0 stopped
05/09 10:19:44:076 Simulator0 started
05/09 10:19:44:096 Starting process session
05/09 10:19:44:207 Total 0 instances are started
05/09 10:19:44:207 Begin to send message.
05/09 10:19:44:208 Total 1 instances are added
05/09 10:19:44:237 orderId = 0 | requestId = 0 | userId = system | channel = SMS | serviceAddress = 268 | keyword = DOI DIEM 1000 | isdn = 84922000514 | subscriberType = -1 | shipTo =  | actionType =  | productId = 0 | commandId = 0 | request =  | response =  | status = 1 | cause =  | description = 
05/09 10:19:44:238 message count: 1
05/09 10:19:49:313 End of process session
05/09 10:19:49:314 Simulator0 stopped
05/09 10:38:59:859 Simulator0 started
05/09 10:38:59:879 Starting process session
05/09 10:38:59:990 Total 0 instances are started
05/09 10:38:59:991 Total 1 instances are added
05/09 10:38:59:990 Begin to send message.
05/09 10:39:00:001 orderId = 0 | requestId = 0 | userId = system | channel = SMS | serviceAddress = 268 | keyword = HUY CAM | isdn = 84922000514 | subscriberType = -1 | shipTo =  | actionType =  | productId = 0 | commandId = 0 | request =  | response =  | status = 1 | cause =  | description = 
05/09 10:39:00:002 message count: 1
05/09 10:39:05:097 End of process session
05/09 10:39:05:098 Simulator0 stopped
05/09 10:57:39:625 Simulator0 started
05/09 10:57:39:652 Starting process session
05/09 10:57:39:760 Total 0 instances are started
05/09 10:57:39:760 Begin to send message.
05/09 10:57:39:762 Total 1 instances are added
05/09 10:57:39:771 orderId = 0 | requestId = 0 | userId = system | channel = SMS | serviceAddress = 268 | keyword = DK CAM | isdn = 84922000512 | subscriberType = -1 | shipTo =  | actionType =  | productId = 0 | commandId = 0 | request =  | response =  | status = 1 | cause =  | description = 
05/09 10:57:39:773 message count: 1
05/09 10:57:44:868 End of process session
05/09 10:57:44:869 Simulator0 stopped
05/09 10:58:20:712 Simulator0 started
05/09 10:58:20:746 Starting process session
05/09 10:58:20:855 Total 0 instances are started
05/09 10:58:20:855 Begin to send message.
05/09 10:58:20:856 Total 1 instances are added
05/09 10:58:20:863 orderId = 0 | requestId = 0 | userId = system | channel = SMS | serviceAddress = 268 | keyword = DK CAM | isdn = 84922000512 | subscriberType = -1 | shipTo =  | actionType =  | productId = 0 | commandId = 0 | request =  | response =  | status = 1 | cause =  | description = 
05/09 10:58:20:864 message count: 1
05/09 10:58:25:962 End of process session
05/09 10:58:25:964 Simulator0 stopped
05/09 10:59:33:733 Simulator0 started
05/09 10:59:33:754 Starting process session
05/09 10:59:33:865 Total 0 instances are started
05/09 10:59:33:865 Begin to send message.
05/09 10:59:33:866 Total 1 instances are added
05/09 10:59:33:871 orderId = 0 | requestId = 0 | userId = system | channel = SMS | serviceAddress = 268 | keyword = HUY CAM | isdn = 84922000512 | subscriberType = -1 | shipTo =  | actionType =  | productId = 0 | commandId = 0 | request =  | response =  | status = 1 | cause =  | description = 
05/09 10:59:33:872 message count: 1
05/09 10:59:39:089 End of process session
05/09 10:59:39:089 Simulator0 stopped
05/09 11:00:08:766 Simulator0 started
05/09 11:00:08:788 Starting process session
05/09 11:00:08:897 Total 0 instances are started
05/09 11:00:08:898 Total 1 instances are added
05/09 11:00:08:897 Begin to send message.
05/09 11:00:08:903 orderId = 0 | requestId = 0 | userId = system | channel = SMS | serviceAddress = 268 | keyword = DK CAM | isdn = 84922000512 | subscriberType = -1 | shipTo =  | actionType =  | productId = 0 | commandId = 0 | request =  | response =  | status = 1 | cause =  | description = 
05/09 11:00:08:904 message count: 1
05/09 11:00:14:000 End of process session
05/09 11:00:14:002 Simulator0 stopped
05/09 11:22:11:823 Simulator0 started
05/09 11:22:11:842 Starting process session
05/09 11:22:11:953 Begin to send message.
05/09 11:22:11:953 Total 0 instances are started
05/09 11:22:11:955 Total 1 instances are added
05/09 11:22:11:964 orderId = 0 | requestId = 0 | userId = system | channel = SMS | serviceAddress = 268 | keyword = DK CAM | isdn = 84922000511 | subscriberType = -1 | shipTo =  | actionType =  | productId = 0 | commandId = 0 | request =  | response =  | status = 1 | cause =  | description = 
05/09 11:22:11:965 message count: 1
05/09 11:22:17:080 End of process session
05/09 11:22:17:082 Simulator0 stopped
05/09 11:23:14:901 Simulator0 started
05/09 11:23:14:925 Starting process session
05/09 11:23:15:035 Total 0 instances are started
05/09 11:23:15:035 Begin to send message.
05/09 11:23:15:036 Total 1 instances are added
05/09 11:23:15:050 orderId = 0 | requestId = 0 | userId = system | channel = SMS | serviceAddress = 268 | keyword = DK CAM | isdn = 84922000511 | subscriberType = -1 | shipTo =  | actionType =  | productId = 0 | commandId = 0 | request =  | response =  | status = 1 | cause =  | description = 
05/09 11:23:15:051 message count: 1
05/09 11:23:20:142 End of process session
05/09 11:23:20:143 Simulator0 stopped
05/09 11:24:04:948 Simulator0 started
05/09 11:24:04:973 Starting process session
05/09 11:24:05:082 Total 0 instances are started
05/09 11:24:05:083 Total 1 instances are added
05/09 11:24:05:189 End of process session
05/09 11:24:10:190 Simulator0 stopped
05/09 11:24:11:985 Simulator0 started
05/09 11:24:12:011 Starting process session
05/09 11:24:12:120 Begin to send message.
05/09 11:24:12:120 Total 0 instances are started
05/09 11:24:12:121 Total 1 instances are added
05/09 11:24:12:125 orderId = 0 | requestId = 0 | userId = system | channel = SMS | serviceAddress = 268 | keyword = DK CAM | isdn = 84922000511 | subscriberType = -1 | shipTo =  | actionType =  | productId = 0 | commandId = 0 | request =  | response =  | status = 1 | cause =  | description = 
05/09 11:24:12:125 message count: 1
05/09 11:24:17:234 End of process session
05/09 11:24:17:235 Simulator0 stopped
05/09 11:58:16:839 Simulator0 started
05/09 11:58:16:859 Starting process session
05/09 11:58:16:971 Total 0 instances are started
05/09 11:58:16:971 Begin to send message.
05/09 11:58:16:972 Total 1 instances are added
05/09 11:58:17:003 orderId = 0 | requestId = 0 | userId = system | channel = SMS | serviceAddress = 268 | keyword = DK CAM | isdn = 84922000512 | subscriberType = -1 | shipTo =  | actionType =  | productId = 0 | commandId = 0 | request =  | response =  | status = 1 | cause =  | description = 
05/09 11:58:17:004 message count: 1
05/09 11:58:22:079 End of process session
05/09 11:58:22:080 Simulator0 stopped
05/09 11:59:39:878 Simulator0 started
05/09 11:59:39:900 Starting process session
05/09 11:59:40:009 Total 0 instances are started
05/09 11:59:40:009 Begin to send message.
05/09 11:59:40:010 Total 1 instances are added
05/09 11:59:40:024 orderId = 0 | requestId = 0 | userId = system | channel = SMS | serviceAddress = 268 | keyword = DK CAM | isdn = 84922000512 | subscriberType = -1 | shipTo =  | actionType =  | productId = 0 | commandId = 0 | request =  | response =  | status = 1 | cause =  | description = 
05/09 11:59:40:025 message count: 1
05/09 11:59:45:113 End of process session
05/09 11:59:45:114 Simulator0 stopped
05/09 12:02:48:956 Simulator0 started
05/09 12:02:48:981 Starting process session
05/09 12:02:49:088 Total 0 instances are started
05/09 12:02:49:090 Total 1 instances are added
05/09 12:02:49:195 End of process session
05/09 12:02:57:209 Simulator0 stopped
05/09 12:02:58:988 Simulator0 started
05/09 12:02:59:006 Starting process session
05/09 12:02:59:113 Total 0 instances are started
05/09 12:02:59:114 Total 1 instances are added
05/09 12:02:59:113 Begin to send message.
05/09 12:02:59:139 orderId = 0 | requestId = 0 | userId = system | channel = SMS | serviceAddress = 268 | keyword = DK CAM | isdn = 84922000512 | subscriberType = -1 | shipTo =  | actionType =  | productId = 0 | commandId = 0 | request =  | response =  | status = 1 | cause =  | description = 
05/09 12:02:59:140 message count: 1
05/09 12:03:04:221 End of process session
05/09 12:03:04:221 Simulator0 stopped
05/09 12:05:21:136 Simulator0 started
05/09 12:05:21:154 Starting process session
05/09 12:05:21:262 Total 0 instances are started
05/09 12:05:21:262 Begin to send message.
05/09 12:05:21:263 Total 1 instances are added
05/09 12:05:21:271 orderId = 0 | requestId = 0 | userId = system | channel = SMS | serviceAddress = 268 | keyword = DK CAM | isdn = 84922000514 | subscriberType = -1 | shipTo =  | actionType =  | productId = 0 | commandId = 0 | request =  | response =  | status = 1 | cause =  | description = 
05/09 12:05:21:272 message count: 1
05/09 12:05:26:368 End of process session
05/09 12:05:26:370 Simulator0 stopped
05/09 12:10:01:197 Simulator0 started
05/09 12:10:01:218 Starting process session
05/09 12:10:01:333 Total 0 instances are started
05/09 12:10:01:333 Total 1 instances are added
05/09 12:10:01:437 End of process session
05/09 12:10:07:439 Simulator0 stopped
05/09 12:10:09:227 Simulator0 started
05/09 12:10:09:251 Starting process session
05/09 12:10:09:359 Total 0 instances are started
05/09 12:10:09:359 Begin to send message.
05/09 12:10:09:360 Total 1 instances are added
05/09 12:10:09:367 orderId = 0 | requestId = 0 | userId = system | channel = SMS | serviceAddress = 268 | keyword = DK CAM | isdn = 84922000514 | subscriberType = -1 | shipTo =  | actionType =  | productId = 0 | commandId = 0 | request =  | response =  | status = 1 | cause =  | description = 
05/09 12:10:09:368 message count: 1
05/09 12:10:14:465 End of process session
05/09 12:10:14:466 Simulator0 stopped
05/09 15:50:19:556 Simulator0 started
05/09 15:50:19:577 Starting process session
05/09 15:50:19:718 Total 0 instances are started
05/09 15:50:19:718 Begin to send message.
05/09 15:50:19:719 Total 1 instances are added
05/09 15:50:19:812 orderId = 0 | requestId = 0 | userId = system | channel = SMS | serviceAddress = 268 | keyword = HUY CAM | isdn = 84922000514 | subscriberType = -1 | shipTo =  | actionType =  | productId = 0 | commandId = 0 | request =  | response =  | status = 1 | cause =  | description = 
05/09 15:50:19:813 message count: 1
05/09 15:50:24:823 End of process session
05/09 15:50:24:826 Simulator0 stopped
05/09 15:51:31:600 Simulator0 started
05/09 15:51:31:620 Starting process session
05/09 15:51:31:729 Total 0 instances are started
05/09 15:51:31:730 Total 1 instances are added
05/09 15:51:31:729 Begin to send message.
05/09 15:51:31:734 orderId = 0 | requestId = 0 | userId = system | channel = SMS | serviceAddress = 268 | keyword = TRA DIEM | isdn = 84922000514 | subscriberType = -1 | shipTo =  | actionType =  | productId = 0 | commandId = 0 | request =  | response =  | status = 1 | cause =  | description = 
05/09 15:51:31:735 message count: 1
05/09 15:51:36:834 End of process session
05/09 15:51:36:835 Simulator0 stopped
05/09 15:53:32:951 Simulator0 started
05/09 15:53:32:970 Starting process session
05/09 15:53:33:083 Total 0 instances are started
05/09 15:53:33:084 Total 1 instances are added
05/09 15:53:33:083 Begin to send message.
05/09 15:53:33:163 orderId = 0 | requestId = 0 | userId = system | channel = SMS | serviceAddress = 268 | keyword = TRA DIEM | isdn = 84922000514 | subscriberType = -1 | shipTo =  | actionType =  | productId = 0 | commandId = 0 | request =  | response =  | status = 1 | cause =  | description = 
05/09 15:53:33:164 message count: 1
05/09 15:53:38:236 End of process session
05/09 15:53:38:237 Simulator0 stopped
05/09 15:56:34:029 Simulator0 started
05/09 15:56:34:049 Starting process session
05/09 15:56:34:161 Total 0 instances are started
05/09 15:56:34:162 Total 1 instances are added
05/09 15:56:34:161 Begin to send message.
05/09 15:56:34:171 orderId = 0 | requestId = 0 | userId = system | channel = SMS | serviceAddress = 268 | keyword = TRA DIEM | isdn = 84922000514 | subscriberType = -1 | shipTo =  | actionType =  | productId = 0 | commandId = 0 | request =  | response =  | status = 1 | cause =  | description = 
05/09 15:56:34:172 message count: 1
05/09 15:56:39:273 Begin to send message.
05/09 15:56:44:275 End of process session
05/09 15:56:44:277 Simulator0 stopped
05/09 15:56:46:064 Simulator0 started
05/09 15:56:46:082 Starting process session
05/09 15:56:46:193 Total 0 instances are started
05/09 15:56:46:194 Begin to send message.
ded
05/09 15:56:46:210 orderId = 0 | requestId = 0 | userId = system | channel = SMS | serviceAddress = 268 | keyword = TRA DIEM | isdn = 84922000514 | subscriberType = -1 | shipTo =  | actionType =  | productId = 0 | commandId = 0 | request =  | response =  | status = 1 | cause =  | description = 
05/09 15:56:46:211 message count: 1
05/09 15:56:51:303 End of process session
05/09 15:56:51:304 Simulator0 stopped
05/09 15:57:38:432 Simulator0 started
05/09 15:57:38:454 Starting process session
05/09 15:57:38:567 Total 0 instances are started
05/09 15:57:38:569 Total 1 instances are added
05/09 15:57:38:568 Begin to send message.
05/09 15:57:38:616 orderId = 0 | requestId = 0 | userId = system | channel = SMS | serviceAddress = 268 | keyword = TRA DIEM | isdn = 84922000514 | subscriberType = -1 | shipTo =  | actionType =  | productId = 0 | commandId = 0 | request =  | response =  | status = 1 | cause =  | description = 
05/09 15:57:38:617 message count: 1
05/09 15:57:43:676 End of process session
05/09 15:57:43:678 Simulator0 stopped
05/09 15:57:45:455 Simulator0 started
05/09 15:57:45:475 Starting process session
05/09 15:57:45:587 Total 0 instances are started
05/09 15:57:45:588 Total 1 instances are added
05/09 15:57:45:588 Begin to send message.
05/09 15:57:45:600 orderId = 0 | requestId = 0 | userId = system | channel = SMS | serviceAddress = 268 | keyword = TRA DIEM | isdn = 84922000514 | subscriberType = -1 | shipTo =  | actionType =  | productId = 0 | commandId = 0 | request =  | response =  | status = 1 | cause =  | description = 
05/09 15:57:45:601 message count: 1
05/09 15:57:50:711 End of process session
05/09 15:57:50:712 Simulator0 stopped
05/09 15:58:18:514 Simulator0 started
05/09 15:58:18:535 Starting process session
05/09 15:58:18:647 Total 0 instances are started
05/09 15:58:18:648 Total 1 instances are added
05/09 15:58:18:649 Begin to send message.
05/09 15:58:18:658 orderId = 0 | requestId = 0 | userId = system | channel = SMS | serviceAddress = 268 | keyword = TRA DIEM | isdn = 84922000514 | subscriberType = -1 | shipTo =  | actionType =  | productId = 0 | commandId = 0 | request =  | response =  | status = 1 | cause =  | description = 
05/09 15:58:18:659 message count: 1
05/09 15:58:23:759 End of process session
05/09 15:58:23:762 Simulator0 stopped
05/09 16:30:07:166 Simulator0 started
05/09 16:30:07:192 Starting process session
05/09 16:30:07:334 Total 0 instances are started
05/09 16:30:07:335 Begin to send message.
05/09 16:30:07:336 Total 1 instances are added
05/09 16:30:07:376 orderId = 0 | requestId = 0 | userId = system | channel = SMS | serviceAddress = 268 | keyword = TRA DIEM | isdn = 84922000514 | subscriberType = -1 | shipTo =  | actionType =  | productId = 0 | commandId = 0 | request =  | response =  | status = 1 | cause =  | description = 
05/09 16:30:07:377 message count: 1
05/09 16:30:12:443 End of process session
05/09 16:30:12:444 Simulator0 stopped
05/09 16:31:32:326 Simulator0 started
05/09 16:31:32:349 Starting process session
05/09 16:31:32:479 Total 0 instances are started
05/09 16:31:32:479 Begin to send message.
05/09 16:31:32:481 Total 1 instances are added
05/09 16:31:32:487 orderId = 0 | requestId = 0 | userId = system | channel = SMS | serviceAddress = 268 | keyword = TRA DIEM | isdn = 84922000514 | subscriberType = -1 | shipTo =  | actionType =  | productId = 0 | commandId = 0 | request =  | response =  | status = 1 | cause =  | description = 
05/09 16:31:32:489 message count: 1
05/09 16:31:37:586 End of process session
05/09 16:31:37:588 Simulator0 stopped
05/09 16:33:45:543 Simulator0 started
05/09 16:33:45:566 Starting process session
05/09 16:33:45:674 Total 0 instances are started
05/09 16:33:45:674 Begin to send message.
05/09 16:33:45:675 Total 1 instances are added
05/09 16:33:45:683 orderId = 0 | requestId = 0 | userId = system | channel = SMS | serviceAddress = 268 | keyword = TRA DIEM | isdn = 84922000514 | subscriberType = -1 | shipTo =  | actionType =  | productId = 0 | commandId = 0 | request =  | response =  | status = 1 | cause =  | description = 
05/09 16:33:45:684 message count: 1
05/09 16:33:50:781 End of process session
05/09 16:33:50:782 Simulator0 stopped
05/09 16:34:54:273 Simulator0 started
05/09 16:34:54:298 Starting process session
05/09 16:34:54:413 Total 0 instances are started
05/09 16:34:54:413 Begin to send message.
05/09 16:34:54:415 Total 1 instances are added
05/09 16:34:54:464 orderId = 0 | requestId = 0 | userId = system | channel = SMS | serviceAddress = 268 | keyword = TRA DIEM | isdn = 84922000514 | subscriberType = -1 | shipTo =  | actionType =  | productId = 0 | commandId = 0 | request =  | response =  | status = 1 | cause =  | description = 
05/09 16:34:54:465 message count: 1
05/09 16:34:59:519 End of process session
05/09 16:34:59:520 Simulator0 stopped
05/09 16:36:01:326 Simulator0 started
05/09 16:36:01:346 Starting process session
05/09 16:36:01:453 Total 0 instances are started
05/09 16:36:01:453 Begin to send message.
05/09 16:36:01:455 Total 1 instances are added
05/09 16:36:01:462 orderId = 0 | requestId = 0 | userId = system | channel = SMS | serviceAddress = 268 | keyword = TRA DIEM | isdn = 84922000514 | subscriberType = -1 | shipTo =  | actionType =  | productId = 0 | commandId = 0 | request =  | response =  | status = 1 | cause =  | description = 
05/09 16:36:01:464 message count: 1
05/09 16:36:06:568 Begin to send message.
05/09 16:36:11:563 End of process session
05/09 16:36:11:565 Simulator0 stopped
05/09 16:37:35:346 Simulator0 started
05/09 16:37:35:375 Starting process session
05/09 16:37:35:490 Total 0 instances are started
05/09 16:37:35:491 Total 1 instances are added
05/09 16:37:35:491 Begin to send message.
05/09 16:37:35:533 orderId = 0 | requestId = 0 | userId = system | channel = SMS | serviceAddress = 268 | keyword = TRA DIEM | isdn = 84922000514 | subscriberType = -1 | shipTo =  | actionType =  | productId = 0 | commandId = 0 | request =  | response =  | status = 1 | cause =  | description = 
05/09 16:37:35:534 message count: 1
05/09 16:37:40:599 End of process session
05/09 16:37:40:600 Simulator0 stopped
05/09 16:39:33:429 Simulator0 started
05/09 16:39:33:452 Starting process session
05/09 16:39:33:569 Total 0 instances are started
05/09 16:39:33:570 Total 1 instances are added
05/09 16:39:33:570 Begin to send message.
05/09 16:39:33:582 orderId = 0 | requestId = 0 | userId = system | channel = SMS | serviceAddress = 268 | keyword = TRA DIEM | isdn = 84922000514 | subscriberType = -1 | shipTo =  | actionType =  | productId = 0 | commandId = 0 | request =  | response =  | status = 1 | cause =  | description = 
05/09 16:39:33:584 message count: 1
05/09 16:39:38:680 End of process session
05/09 16:39:38:681 Simulator0 stopped
05/09 16:40:27:108 Simulator0 started
05/09 16:40:27:130 Starting process session
05/09 16:40:27:239 Total 0 instances are started
05/09 16:40:27:239 Begin to send message.
05/09 16:40:27:240 Total 1 instances are added
05/09 16:40:27:278 orderId = 0 | requestId = 0 | userId = system | channel = SMS | serviceAddress = 268 | keyword = TRA DIEM | isdn = 84922000514 | subscriberType = -1 | shipTo =  | actionType =  | productId = 0 | commandId = 0 | request =  | response =  | status = 1 | cause =  | description = 
05/09 16:40:27:279 message count: 1
05/09 16:40:32:346 End of process session
05/09 16:40:32:347 Simulator0 stopped
05/09 16:41:07:217 Simulator0 started
05/09 16:41:07:239 Starting process session
05/09 16:41:07:347 Total 0 instances are started
05/09 16:41:07:347 Begin to send message.
05/09 16:41:07:348 Total 1 instances are added
05/09 16:41:07:356 orderId = 0 | requestId = 0 | userId = system | channel = SMS | serviceAddress = 268 | keyword = TRA DIEM | isdn = 84922000514 | subscriberType = -1 | shipTo =  | actionType =  | productId = 0 | commandId = 0 | request =  | response =  | status = 1 | cause =  | description = 
05/09 16:41:07:357 message count: 1
05/09 16:41:12:453 End of process session
05/09 16:41:12:454 Simulator0 stopped
05/09 16:42:49:327 Simulator0 started
05/09 16:42:49:348 Starting process session
05/09 16:42:49:461 Total 0 instances are started
05/09 16:42:49:462 Total 1 instances are added
05/09 16:42:49:462 Begin to send message.
05/09 16:42:49:501 orderId = 0 | requestId = 0 | userId = system | channel = SMS | serviceAddress = 268 | keyword = TRA DIEM | isdn = 84922000514 | subscriberType = -1 | shipTo =  | actionType =  | productId = 0 | commandId = 0 | request =  | response =  | status = 1 | cause =  | description = 
05/09 16:42:49:502 message count: 1
05/09 16:42:54:604 Begin to send message.
05/09 16:42:59:567 End of process session
05/09 16:42:59:569 Simulator0 stopped
05/09 16:56:39:392 Simulator0 started
05/09 16:56:39:412 Starting process session
05/09 16:56:39:552 Total 0 instances are started
05/09 16:56:39:553 Total 1 instances are added
05/09 16:56:39:552 Begin to send message.
05/09 16:56:39:585 orderId = 0 | requestId = 0 | userId = system | channel = SMS | serviceAddress = 268 | keyword = TRA DIEM | isdn = 84922000514 | subscriberType = -1 | shipTo =  | actionType =  | productId = 0 | commandId = 0 | request =  | response =  | status = 1 | cause =  | description = 
05/09 16:56:39:586 message count: 1
05/09 16:56:44:659 End of process session
05/09 16:56:44:661 Simulator0 stopped
05/09 17:00:29:556 Simulator0 started
05/09 17:00:29:579 Starting process session
05/09 17:00:29:687 Total 0 instances are started
05/09 17:00:29:687 Begin to send message.
05/09 17:00:29:688 Total 1 instances are added
05/09 17:00:29:705 orderId = 0 | requestId = 0 | userId = system | channel = SMS | serviceAddress = 268 | keyword = TRA DIEM | isdn = 84922000514 | subscriberType = -1 | shipTo =  | actionType =  | productId = 0 | commandId = 0 | request =  | response =  | status = 1 | cause =  | description = 
05/09 17:00:29:706 message count: 1
05/09 17:00:34:804 End of process session
05/09 17:00:34:806 Simulator0 stopped
05/09 17:02:52:248 Simulator0 started
05/09 17:02:52:275 Starting process session
05/09 17:02:52:390 Total 0 instances are started
05/09 17:02:52:391 Total 1 instances are added
05/09 17:02:52:503 End of process session
05/09 17:02:58:504 Simulator0 stopped
05/09 17:03:00:281 Simulator0 started
05/09 17:03:00:310 Starting process session
05/09 17:03:00:424 Total 0 instances are started
05/09 17:03:00:425 Total 1 instances are added
05/09 17:03:00:424 Begin to send message.
05/09 17:03:00:632 orderId = 0 | requestId = 0 | userId = system | channel = SMS | serviceAddress = 268 | keyword = TRA DIEM | isdn = 84922000514 | subscriberType = -1 | shipTo =  | actionType =  | productId = 0 | commandId = 0 | request =  | response =  | status = 1 | cause =  | description = 
05/09 17:03:00:634 message count: 1
05/09 17:03:05:540 End of process session
05/09 17:03:05:543 Simulator0 stopped
05/09 17:03:35:320 Simulator0 started
05/09 17:03:35:347 Starting process session
05/09 17:03:35:455 Total 0 instances are started
05/09 17:03:35:456 Total 1 instances are added
05/09 17:03:35:568 End of process session
05/09 17:03:42:570 Simulator0 stopped
05/09 17:03:44:354 Simulator0 started
05/09 17:03:44:385 Starting process session
05/09 17:03:44:504 Total 0 instances are started
05/09 17:03:44:504 Begin to send message.
05/09 17:03:44:505 Total 1 instances are added
05/09 17:03:44:522 orderId = 0 | requestId = 0 | userId = system | channel = SMS | serviceAddress = 268 | keyword = TRA DIEM | isdn = 84922000514 | subscriberType = -1 | shipTo =  | actionType =  | productId = 0 | commandId = 0 | request =  | response =  | status = 1 | cause =  | description = 
05/09 17:03:44:523 message count: 1
05/09 17:03:49:645 End of process session
05/09 17:03:49:646 Simulator0 stopped
05/09 17:20:03:810 Simulator0 started
05/09 17:20:03:842 Starting process session
05/09 17:20:03:954 Total 0 instances are started
05/09 17:20:03:954 Begin to send message.
05/09 17:20:03:960 Total 1 instances are added
05/09 17:20:04:005 orderId = 0 | requestId = 0 | userId = system | channel = SMS | serviceAddress = 268 | keyword = TRA DIEM | isdn = 84922000514 | subscriberType = -1 | shipTo =  | actionType =  | productId = 0 | commandId = 0 | request =  | response =  | status = 1 | cause =  | description = 
05/09 17:20:04:006 message count: 1
05/09 17:20:09:108 Begin to send message.
05/09 17:20:14:079 End of process session
05/09 17:20:14:080 Simulator0 stopped
05/09 17:21:30:422 Simulator0 started
05/09 17:21:30:449 Starting process session
05/09 17:21:30:563 Total 0 instances are started
05/09 17:21:30:564 Total 1 instances are added
05/09 17:21:30:689 End of process session
05/09 17:21:35:693 Simulator0 stopped
05/09 17:21:37:459 Simulator0 started
05/09 17:21:37:486 Starting process session
05/09 17:21:37:599 Total 0 instances are started
05/09 17:21:37:600 Total 1 instances are added
05/09 17:21:37:600 Begin to send message.
05/09 17:21:37:652 orderId = 0 | requestId = 0 | userId = system | channel = SMS | serviceAddress = 268 | keyword = TRA DIEM | isdn = 84922000514 | subscriberType = -1 | shipTo =  | actionType =  | productId = 0 | commandId = 0 | request =  | response =  | status = 1 | cause =  | description = 
05/09 17:21:37:653 message count: 1
05/09 17:21:42:708 End of process session
05/09 17:21:42:710 Simulator0 stopped
05/09 17:23:03:531 Simulator0 started
05/09 17:23:03:553 Starting process session
05/09 17:23:03:665 Total 0 instances are started
05/09 17:23:03:666 Total 1 instances are added
05/09 17:23:03:776 End of process session
05/09 17:23:09:777 Simulator0 stopped
05/09 17:23:12:567 Simulator0 started
05/09 17:23:12:588 Starting process session
05/09 17:23:12:700 Total 0 instances are started
05/09 17:23:12:701 Total 1 instances are added
05/09 17:23:12:701 Begin to send message.
05/09 17:23:12:725 orderId = 0 | requestId = 0 | userId = system | channel = SMS | serviceAddress = 268 | keyword = TRA DIEM | isdn = 84922000514 | subscriberType = -1 | shipTo =  | actionType =  | productId = 0 | commandId = 0 | request =  | response =  | status = 1 | cause =  | description = 
05/09 17:23:12:726 message count: 1
05/09 17:23:17:812 End of process session
05/09 17:23:17:814 Simulator0 stopped
05/09 17:25:28:438 Simulator0 started
05/09 17:25:28:458 Starting process session
05/09 17:25:28:571 Total 0 instances are started
05/09 17:25:28:571 Begin to send message.
05/09 17:25:28:574 Total 1 instances are added
05/09 17:25:28:615 orderId = 0 | requestId = 0 | userId = system | channel = SMS | serviceAddress = 268 | keyword = TRA DIEM | isdn = 84922000514 | subscriberType = -1 | shipTo =  | actionType =  | productId = 0 | commandId = 0 | request =  | response =  | status = 1 | cause =  | description = 
05/09 17:25:28:617 message count: 1
05/09 17:25:33:682 End of process session
05/09 17:25:33:684 Simulator0 stopped
05/09 17:27:20:475 Simulator0 started
05/09 17:27:20:496 Starting process session
05/09 17:27:20:608 Total 0 instances are started
05/09 17:27:20:608 Begin to send message.
05/09 17:27:20:609 Total 1 instances are added
05/09 17:27:20:614 orderId = 0 | requestId = 0 | userId = system | channel = SMS | serviceAddress = 268 | keyword = TRA DIEM | isdn = 84922000512 | subscriberType = -1 | shipTo =  | actionType =  | productId = 0 | commandId = 0 | request =  | response =  | status = 1 | cause =  | description = 
05/09 17:27:20:615 message count: 1
05/09 17:27:25:717 End of process session
05/09 17:27:25:719 Simulator0 stopped
05/09 17:52:29:463 Simulator0 started
05/09 17:52:29:483 Starting process session
05/09 17:52:29:593 Total 0 instances are started
05/09 17:52:29:594 Begin to send message.
05/09 17:52:29:594 Total 1 instances are added
05/09 17:52:29:639 orderId = 0 | requestId = 0 | userId = system | channel = SMS | serviceAddress = 268 | keyword = TRA DIEM | isdn = 84922000512 | subscriberType = -1 | shipTo =  | actionType =  | productId = 0 | commandId = 0 | request =  | response =  | status = 1 | cause =  | description = 
05/09 17:52:29:640 message count: 1
05/09 17:52:34:699 End of process session
05/09 17:52:34:701 Simulator0 stopped
05/09 17:53:53:119 Simulator0 started
05/09 17:53:53:140 Starting process session
05/09 17:53:53:253 Total 0 instances are started
05/09 17:53:53:254 Total 1 instances are added
05/09 17:53:53:254 Begin to send message.
05/09 17:53:53:295 orderId = 0 | requestId = 0 | userId = system | channel = SMS | serviceAddress = 268 | keyword = TRA DIEM | isdn = 84922000512 | subscriberType = -1 | shipTo =  | actionType =  | productId = 0 | commandId = 0 | request =  | response =  | status = 1 | cause =  | description = 
05/09 17:53:53:297 message count: 1
05/09 17:53:58:358 End of process session
05/09 17:53:58:360 Simulator0 stopped
05/09 17:55:54:180 Simulator0 started
05/09 17:55:54:208 Starting process session
05/09 17:55:54:327 Total 0 instances are started
05/09 17:55:54:329 Total 1 instances are added
05/09 17:55:54:435 End of process session
05/09 17:55:59:438 Simulator0 stopped
05/09 17:56:01:229 Simulator0 started
05/09 17:56:01:251 Starting process session
05/09 17:56:01:367 Total 0 instances are started
05/09 17:56:01:369 Total 1 instances are added
05/09 17:56:01:482 End of process session
05/09 17:56:05:483 Simulator0 stopped
05/09 17:56:07:258 Simulator0 started
05/09 17:56:07:277 Starting process session
05/09 17:56:07:390 Total 0 instances are started
05/09 17:56:07:392 Total 1 instances are added
05/09 17:56:07:526 End of process session
05/09 17:56:10:526 Simulator0 stopped
05/09 17:56:17:333 Simulator0 started
05/09 17:56:17:352 Starting process session
05/09 17:56:17:474 Total 0 instances are started
05/09 17:56:17:476 Total 1 instances are added
05/09 17:56:17:585 End of process session
05/09 17:56:21:588 Simulator0 stopped
05/09 17:57:08:365 Simulator0 started
05/09 17:57:08:388 Starting process session
05/09 17:57:08:503 Total 0 instances are started
05/09 17:57:08:504 Total 1 instances are added
05/09 17:57:08:611 End of process session
05/09 17:57:13:613 Simulator0 stopped
05/09 17:57:15:390 Simulator0 started
05/09 17:57:15:411 Starting process session
05/09 17:57:15:523 Total 0 instances are started
05/09 17:57:15:524 Begin to send message.
05/09 17:57:15:524 Total 1 instances are added
05/09 17:57:15:567 orderId = 0 | requestId = 0 | userId = system | channel = SMS | serviceAddress = 268 | keyword = TRA DIEM | isdn = 84922000512 | subscriberType = -1 | shipTo =  | actionType =  | productId = 0 | commandId = 0 | request =  | response =  | status = 1 | cause =  | description = 
05/09 17:57:15:568 message count: 1
05/09 17:57:20:636 End of process session
05/09 17:57:20:637 Simulator0 stopped
05/09 17:59:49:641 Simulator0 started
05/09 17:59:49:664 Starting process session
05/09 17:59:49:790 Total 0 instances are started
05/09 17:59:49:790 Begin to send message.
05/09 17:59:49:791 Total 1 instances are added
05/09 17:59:49:815 orderId = 0 | requestId = 0 | userId = system | channel = SMS | serviceAddress = 268 | keyword = TRA DIEM | isdn = 84922000512 | subscriberType = -1 | shipTo =  | actionType =  | productId = 0 | commandId = 0 | request =  | response =  | status = 1 | cause =  | description = 
05/09 17:59:49:816 message count: 1
05/09 17:59:54:918 Begin to send message.
05/09 17:59:59:897 End of process session
05/09 17:59:59:898 Simulator0 stopped
05/09 18:15:47:757 Simulator0 started
05/09 18:15:47:781 Starting process session
05/09 18:15:47:897 Total 0 instances are started
05/09 18:15:47:899 Total 1 instances are added
05/09 18:15:48:003 End of process session
05/09 18:15:52:005 Simulator0 stopped
05/09 18:15:53:847 Simulator0 started
05/09 18:15:53:871 Starting process session
05/09 18:15:53:985 Total 0 instances are started
05/09 18:15:53:986 Total 1 instances are added
05/09 18:15:54:093 End of process session
05/09 18:15:59:094 Simulator0 stopped
05/09 18:16:02:886 Simulator0 started
05/09 18:16:02:906 Starting process session
05/09 18:16:03:018 Total 0 instances are started
05/09 18:16:03:019 Total 1 instances are added
05/09 18:16:03:019 Begin to send message.
05/09 18:16:03:054 orderId = 0 | requestId = 0 | userId = system | channel = SMS | serviceAddress = 268 | keyword = TRA DIEM | isdn = 84922000512 | subscriberType = -1 | shipTo =  | actionType =  | productId = 0 | commandId = 0 | request =  | response =  | status = 1 | cause =  | description = 
05/09 18:16:03:055 message count: 1
05/09 18:16:08:125 End of process session
05/09 18:16:08:128 Simulator0 stopped
05/09 18:21:25:727 Simulator0 started
05/09 18:21:25:749 Starting process session
05/09 18:21:25:864 Total 0 instances are started
05/09 18:21:25:865 Total 1 instances are added
05/09 18:21:25:970 End of process session
05/09 18:21:29:971 Simulator0 stopped
05/09 18:21:31:766 Simulator0 started
05/09 18:21:31:786 Starting process session
05/09 18:21:31:900 Total 0 instances are started
05/09 18:21:31:901 Total 1 instances are added
05/09 18:21:31:900 Begin to send message.
05/09 18:21:31:938 orderId = 0 | requestId = 0 | userId = system | channel = SMS | serviceAddress = 268 | keyword = TRA DIEM | isdn = 84922000512 | subscriberType = -1 | shipTo =  | actionType =  | productId = 0 | commandId = 0 | request =  | response =  | status = 1 | cause =  | description = 
05/09 18:21:31:939 message count: 1
05/09 18:21:37:045 Begin to send message.
05/09 18:21:42:011 End of process session
05/09 18:21:42:013 Simulator0 stopped
05/09 18:22:16:799 Simulator0 started
05/09 18:22:16:820 Starting process session
05/09 18:22:16:933 Total 0 instances are started
05/09 18:22:16:934 Total 1 instances are added
05/09 18:22:17:041 End of process session
05/09 18:22:23:042 Simulator0 stopped
05/09 18:22:25:830 Simulator0 started
05/09 18:22:25:851 Starting process session
05/09 18:22:25:966 Total 0 instances are started
05/09 18:22:25:967 Total 1 instances are added
05/09 18:22:26:072 End of process session
05/09 18:22:32:074 Simulator0 stopped
05/09 18:22:33:873 Simulator0 started
05/09 18:22:33:893 Starting process session
05/09 18:22:34:005 Total 0 instances are started
05/09 18:22:34:006 Total 1 instances are added
05/09 18:22:34:116 End of process session
05/09 18:22:38:117 Simulator0 stopped
05/09 18:22:39:908 Simulator0 started
05/09 18:22:39:932 Starting process session
05/09 18:22:40:045 Total 0 instances are started
05/09 18:22:40:046 Total 1 instances are added
05/09 18:22:40:151 End of process session
05/09 18:22:43:153 Simulator0 stopped
05/09 18:23:23:846 Simulator0 started
05/09 18:23:23:866 Starting process session
05/09 18:23:23:984 Total 0 instances are started
05/09 18:23:23:985 Total 1 instances are added
05/09 18:23:23:986 Begin to send message.
05/09 18:23:24:023 orderId = 0 | requestId = 0 | userId = system | channel = SMS | serviceAddress = 268 | keyword = TRA DIEM | isdn = 84922000512 | subscriberType = -1 | shipTo =  | actionType =  | productId = 0 | commandId = 0 | request =  | response =  | status = 1 | cause =  | description = 
05/09 18:23:24:024 message count: 1
05/09 18:23:29:094 End of process session
05/09 18:23:29:095 Simulator0 stopped
05/09 18:27:41:895 Simulator0 started
05/09 18:27:41:922 Starting process session
05/09 18:27:42:030 Total 0 instances are started
05/09 18:27:42:031 Total 1 instances are added
05/09 18:27:42:132 End of process session
05/09 18:27:47:135 Simulator0 stopped
05/09 18:27:49:939 Simulator0 started
05/09 18:27:49:965 Starting process session
05/09 18:27:50:075 Total 0 instances are started
05/09 18:27:50:076 Total 1 instances are added
05/09 18:27:50:077 Begin to send message.
05/09 18:27:50:085 orderId = 0 | requestId = 0 | userId = system | channel = SMS | serviceAddress = 268 | keyword = TRA DIEM | isdn = 84922000514 | subscriberType = -1 | shipTo =  | actionType =  | productId = 0 | commandId = 0 | request =  | response =  | status = 1 | cause =  | description = 
05/09 18:27:50:087 message count: 1
05/09 18:27:55:184 End of process session
05/09 18:27:55:187 Simulator0 stopped
05/09 18:28:55:456 Simulator0 started
05/09 18:28:55:478 Starting process session
05/09 18:28:55:592 Total 0 instances are started
05/09 18:28:55:592 Begin to send message.
05/09 18:28:55:593 Total 1 instances are added
05/09 18:28:55:622 orderId = 0 | requestId = 0 | userId = system | channel = SMS | serviceAddress = 268 | keyword = TRA DIEM | isdn = 84922000514 | subscriberType = -1 | shipTo =  | actionType =  | productId = 0 | commandId = 0 | request =  | response =  | status = 1 | cause =  | description = 
05/09 18:28:55:623 message count: 1
05/09 18:29:00:699 End of process session
05/09 18:29:00:701 Simulator0 stopped
05/09 18:31:41:726 Simulator0 started
05/09 18:31:41:747 Starting process session
05/09 18:31:41:862 Total 0 instances are started
05/09 18:31:41:862 Begin to send message.
05/09 18:31:41:863 Total 1 instances are added
05/09 18:31:41:903 orderId = 0 | requestId = 0 | userId = system | channel = SMS | serviceAddress = 268 | keyword = TRA DIEM | isdn = 84922000514 | subscriberType = -1 | shipTo =  | actionType =  | productId = 0 | commandId = 0 | request =  | response =  | status = 1 | cause =  | description = 
05/09 18:31:41:908 message count: 1
05/09 18:31:46:978 End of process session
05/09 18:31:46:979 Simulator0 stopped
05/09 18:33:23:093 Simulator0 started
05/09 18:33:23:112 Starting process session
05/09 18:33:23:222 Total 0 instances are started
05/09 18:33:23:223 Total 1 instances are added
05/09 18:33:23:222 Begin to send message.
05/09 18:33:23:251 orderId = 0 | requestId = 0 | userId = system | channel = SMS | serviceAddress = 268 | keyword = TRA DIEM | isdn = 84922000514 | subscriberType = -1 | shipTo =  | actionType =  | productId = 0 | commandId = 0 | request =  | response =  | status = 1 | cause =  | description = 
05/09 18:33:23:252 message count: 1
05/09 18:33:28:328 End of process session
05/09 18:33:28:329 Simulator0 stopped
05/09 18:39:36:381 Simulator0 started
05/09 18:39:36:408 Starting process session
05/09 18:39:36:519 Total 0 instances are started
05/09 18:39:36:522 Total 1 instances are added
05/09 18:39:36:633 End of process session
05/09 18:39:41:637 Simulator0 stopped
05/09 18:39:43:415 Simulator0 started
05/09 18:39:43:440 Starting process session
05/09 18:39:43:548 Total 0 instances are started
05/09 18:39:43:548 Begin to send message.
05/09 18:39:43:549 Total 1 instances are added
05/09 18:39:43:581 orderId = 0 | requestId = 0 | userId = system | channel = SMS | serviceAddress = 268 | keyword = DOI DIEM 2000 | isdn = 84922000514 | subscriberType = -1 | shipTo =  | actionType =  | productId = 0 | commandId = 0 | request =  | response =  | status = 1 | cause =  | description = 
05/09 18:39:43:582 message count: 1
05/09 18:39:48:655 End of process session
05/09 18:39:48:656 Simulator0 stopped
05/09 18:42:45:352 Simulator0 started
05/09 18:42:45:371 Starting process session
05/09 18:42:45:480 Total 0 instances are started
05/09 18:42:45:480 Begin to send message.
05/09 18:42:45:481 Total 1 instances are added
05/09 18:42:45:511 orderId = 0 | requestId = 0 | userId = system | channel = SMS | serviceAddress = 268 | keyword = DOI DIEM 2000 | isdn = 84922000514 | subscriberType = -1 | shipTo =  | actionType =  | productId = 0 | commandId = 0 | request =  | response =  | status = 1 | cause =  | description = 
05/09 18:42:45:512 message count: 1
05/09 18:42:50:594 End of process session
05/09 18:42:50:596 Simulator0 stopped
05/09 18:48:03:483 Simulator0 started
05/09 18:48:03:509 Starting process session
05/09 18:48:03:618 Total 0 instances are started
05/09 18:48:03:618 Begin to send message.
05/09 18:48:03:619 Total 1 instances are added
05/09 18:48:03:627 orderId = 0 | requestId = 0 | userId = system | channel = SMS | serviceAddress = 268 | keyword = DOI DIEM 2000 | isdn = 84922000514 | subscriberType = -1 | shipTo =  | actionType =  | productId = 0 | commandId = 0 | request =  | response =  | status = 1 | cause =  | description = 
05/09 18:48:03:628 message count: 1
05/09 18:48:08:725 End of process session
05/09 18:48:08:726 Simulator0 stopped
05/09 18:48:45:559 Simulator0 started
05/09 18:48:45:581 Starting process session
05/09 18:48:45:689 Total 0 instances are started
05/09 18:48:45:689 Begin to send message.
05/09 18:48:45:691 Total 1 instances are added
05/09 18:48:45:698 orderId = 0 | requestId = 0 | userId = system | channel = SMS | serviceAddress = 268 | keyword = DOI DIEM 2000 | isdn = 84922000514 | subscriberType = -1 | shipTo =  | actionType =  | productId = 0 | commandId = 0 | request =  | response =  | status = 1 | cause =  | description = 
05/09 18:48:45:700 message count: 1
05/09 18:48:50:795 End of process session
05/09 18:48:50:796 Simulator0 stopped
05/09 18:50:32:708 Simulator0 started
05/09 18:50:32:738 Starting process session
05/09 18:50:32:848 Total 0 instances are started
05/09 18:50:32:848 Begin to send message.
05/09 18:50:32:849 Total 1 instances are added
05/09 18:50:32:880 orderId = 0 | requestId = 0 | userId = system | channel = SMS | serviceAddress = 268 | keyword = DOI DIEM 2000 | isdn = 84922000514 | subscriberType = -1 | shipTo =  | actionType =  | productId = 0 | commandId = 0 | request =  | response =  | status = 1 | cause =  | description = 
05/09 18:50:32:881 message count: 1
05/09 18:50:37:955 End of process session
05/09 18:50:37:956 Simulator0 stopped
05/09 18:54:07:787 Simulator0 started
05/09 18:54:07:809 Starting process session
05/09 18:54:07:916 Total 0 instances are started
05/09 18:54:07:917 Total 1 instances are added
05/09 18:54:08:023 End of process session
05/09 18:54:12:025 Simulator0 stopped
05/09 18:54:13:822 Simulator0 started
05/09 18:54:13:855 Starting process session
05/09 18:54:13:964 Total 0 instances are started
05/09 18:54:13:964 Begin to send message.
05/09 18:54:13:965 Total 1 instances are added
05/09 18:54:13:973 orderId = 0 | requestId = 0 | userId = system | channel = SMS | serviceAddress = 268 | keyword = TRA DIEM | isdn = 84922000514 | subscriberType = -1 | shipTo =  | actionType =  | productId = 0 | commandId = 0 | request =  | response =  | status = 1 | cause =  | description = 
05/09 18:54:13:974 message count: 1
05/09 18:54:19:070 End of process session
05/09 18:54:19:071 Simulator0 stopped
05/09 18:56:34:402 Simulator0 started
05/09 18:56:34:424 Starting process session
05/09 18:56:34:536 Total 0 instances are started
05/09 18:56:34:537 Total 1 instances are added
05/09 18:56:34:536 Begin to send message.
05/09 18:56:34:564 orderId = 0 | requestId = 0 | userId = system | channel = SMS | serviceAddress = 268 | keyword = TRA DIEM | isdn = 84922000514 | subscriberType = -1 | shipTo =  | actionType =  | productId = 0 | commandId = 0 | request =  | response =  | status = 1 | cause =  | description = 
05/09 18:56:34:565 message count: 1
05/09 18:56:39:643 End of process session
05/09 18:56:39:644 Simulator0 stopped
05/09 18:58:00:100 Simulator0 started
05/09 18:58:00:127 Starting process session
05/09 18:58:00:241 Total 0 instances are started
05/09 18:58:00:242 Total 1 instances are added
05/09 18:58:00:244 Begin to send message.
05/09 18:58:00:271 orderId = 0 | requestId = 0 | userId = system | channel = SMS | serviceAddress = 268 | keyword = TRA DIEM | isdn = 84922000514 | subscriberType = -1 | shipTo =  | actionType =  | productId = 0 | commandId = 0 | request =  | response =  | status = 1 | cause =  | description = 
05/09 18:58:00:272 message count: 1
05/09 18:58:05:351 End of process session
05/09 18:58:05:353 Simulator0 stopped
05/09 18:59:52:138 Simulator0 started
05/09 18:59:52:159 Starting process session
05/09 18:59:52:273 Total 0 instances are started
05/09 18:59:52:275 Total 1 instances are added
05/09 18:59:52:390 End of process session
05/09 18:59:58:391 Simulator0 stopped
05/09 19:00:03:177 Simulator0 started
05/09 19:00:03:195 Starting process session
05/09 19:00:03:307 Total 0 instances are started
05/09 19:00:03:308 Total 1 instances are added
05/09 19:00:03:412 End of process session
05/09 19:00:07:414 Simulator0 stopped
05/09 19:00:11:195 Simulator0 started
05/09 19:00:11:215 Starting process session
05/09 19:00:11:326 Total 0 instances are started
05/09 19:00:11:326 Begin to send message.
05/09 19:00:11:327 Total 1 instances are added
05/09 19:00:11:335 orderId = 0 | requestId = 0 | userId = system | channel = SMS | serviceAddress = 268 | keyword = TRA DIEM | isdn = 84922000514 | subscriberType = -1 | shipTo =  | actionType =  | productId = 0 | commandId = 0 | request =  | response =  | status = 1 | cause =  | description = 
05/09 19:00:11:336 message count: 1
05/09 19:00:16:435 End of process session
05/09 19:00:16:437 Simulator0 stopped
05/09 19:02:29:719 Simulator0 started
05/09 19:02:29:740 Starting process session
05/09 19:02:29:854 Total 0 instances are started
05/09 19:02:29:855 Total 1 instances are added
05/09 19:02:29:856 Begin to send message.
05/09 19:02:29:865 orderId = 0 | requestId = 0 | userId = system | channel = SMS | serviceAddress = 268 | keyword = TRA DIEM | isdn = 84922000514 | subscriberType = -1 | shipTo =  | actionType =  | productId = 0 | commandId = 0 | request =  | response =  | status = 1 | cause =  | description = 
05/09 19:02:29:866 message count: 1
05/09 19:02:34:959 End of process session
05/09 19:02:34:962 Simulator0 stopped
05/09 19:03:43:796 Simulator0 started
05/09 19:03:43:819 Starting process session
05/09 19:03:43:933 Total 0 instances are started
05/09 19:03:43:934 Total 1 instances are added
05/09 19:03:43:936 Begin to send message.
05/09 19:03:43:968 orderId = 0 | requestId = 0 | userId = system | channel = SMS | serviceAddress = 268 | keyword = TRA DIEM | isdn = 84922000514 | subscriberType = -1 | shipTo =  | actionType =  | productId = 0 | commandId = 0 | request =  | response =  | status = 1 | cause =  | description = 
05/09 19:03:43:969 message count: 1
05/09 19:03:49:060 End of process session
05/09 19:03:49:061 Simulator0 stopped
05/09 19:04:56:848 Simulator0 started
05/09 19:04:56:871 Starting process session
05/09 19:04:56:987 Total 0 instances are started
05/09 19:04:56:988 Total 1 instances are added
05/09 19:04:57:093 End of process session
05/09 19:05:01:094 Simulator0 stopped
05/09 19:05:02:878 Simulator0 started
05/09 19:05:02:900 Starting process session
05/09 19:05:03:012 Total 0 instances are started
05/09 19:05:03:012 Begin to send message.
05/09 19:05:03:013 Total 1 instances are added
05/09 19:05:03:018 orderId = 0 | requestId = 0 | userId = system | channel = SMS | serviceAddress = 268 | keyword = TRA DIEM | isdn = 84922000514 | subscriberType = -1 | shipTo =  | actionType =  | productId = 0 | commandId = 0 | request =  | response =  | status = 1 | cause =  | description = 
05/09 19:05:03:019 message count: 1
05/09 19:05:08:125 End of process session
05/09 19:05:08:127 Simulator0 stopped
05/09 19:06:37:948 Simulator0 started
05/09 19:06:37:969 Starting process session
05/09 19:06:38:084 Total 0 instances are started
05/09 19:06:38:085 Begin to send message.
05/09 19:06:38:088 Total 1 instances are added
05/09 19:06:38:100 orderId = 0 | requestId = 0 | userId = system | channel = SMS | serviceAddress = 268 | keyword = TRA DIEM | isdn = 84922000514 | subscriberType = -1 | shipTo =  | actionType =  | productId = 0 | commandId = 0 | request =  | response =  | status = 1 | cause =  | description = 
05/09 19:06:38:102 message count: 1
05/09 19:06:43:203 End of process session
05/09 19:06:43:215 Simulator0 stopped
05/09 19:16:00:202 Simulator0 started
05/09 19:16:00:233 Starting process session
05/09 19:16:01:265 com.sun.messaging.jms.JMSException: [C4003]: Error occurred on connection creation [10.32.62.52:7676]. - cause: java.net.ConnectException: Connection refused: connect
05/09 19:16:01:266 End of process session
05/09 19:16:08:267 Simulator0 stopped
05/09 19:17:13:282 Simulator0 started
05/09 19:17:13:308 Starting process session
05/09 19:17:13:452 Total 0 instances are started
05/09 19:17:13:452 Begin to send message.
05/09 19:17:13:453 Total 1 instances are added
05/09 19:17:13:592 orderId = 0 | requestId = 0 | userId = system | channel = SMS | serviceAddress = 268 | keyword = TRA DIEM | isdn = 84922000514 | subscriberType = -1 | shipTo =  | actionType =  | productId = 0 | commandId = 0 | request =  | response =  | status = 1 | cause =  | description = 
05/09 19:17:13:593 message count: 1
05/09 19:17:18:558 End of process session
05/09 19:17:18:558 Simulator0 stopped
05/09 19:18:55:386 Simulator0 started
05/09 19:18:55:405 Starting process session
05/09 19:18:55:516 Total 0 instances are started
05/09 19:18:55:517 Total 1 instances are added
05/09 19:18:55:621 End of process session
05/09 19:19:01:625 Simulator0 stopped
05/09 19:19:03:409 Simulator0 started
05/09 19:19:03:433 Starting process session
05/09 19:19:03:546 Total 0 instances are started
05/09 19:19:03:546 Begin to send message.
05/09 19:19:03:548 Total 1 instances are added
05/09 19:19:03:556 orderId = 0 | requestId = 0 | userId = system | channel = SMS | serviceAddress = 268 | keyword = TRA DIEM | isdn = 84922000514 | subscriberType = -1 | shipTo =  | actionType =  | productId = 0 | commandId = 0 | request =  | response =  | status = 1 | cause =  | description = 
05/09 19:19:03:557 message count: 1
05/09 19:19:08:656 End of process session
05/09 19:19:08:657 Simulator0 stopped
05/09 19:19:13:444 Simulator0 started
05/09 19:19:13:480 Starting process session
05/09 19:19:13:610 Total 0 instances are started
05/09 19:19:13:610 Begin to send message.
05/09 19:19:13:612 Total 1 instances are added
05/09 19:19:13:621 orderId = 0 | requestId = 0 | userId = system | channel = SMS | serviceAddress = 268 | keyword = TRA DIEM | isdn = 84922000514 | subscriberType = -1 | shipTo =  | actionType =  | productId = 0 | commandId = 0 | request =  | response =  | status = 1 | cause =  | description = 
05/09 19:19:13:622 message count: 1
05/09 19:19:18:724 End of process session
05/09 19:19:18:724 Simulator0 stopped
05/09 19:22:39:370 Simulator0 started
05/09 19:22:39:390 Starting process session
05/09 19:22:39:506 Total 0 instances are started
05/09 19:22:39:506 Begin to send message.
05/09 19:22:39:508 Total 1 instances are added
05/09 19:22:39:542 orderId = 0 | requestId = 0 | userId = system | channel = SMS | serviceAddress = 268 | keyword = TRA DIEM | isdn = 84922000514 | subscriberType = -1 | shipTo =  | actionType =  | productId = 0 | commandId = 0 | request =  | response =  | status = 1 | cause =  | description = 
05/09 19:22:39:544 message count: 1
05/09 19:22:44:615 End of process session
05/09 19:22:44:617 Simulator0 stopped
05/09 19:25:12:273 Simulator0 started
05/09 19:25:12:296 Starting process session
05/09 19:25:12:414 Total 0 instances are started
05/09 19:25:12:416 Total 1 instances are added
05/09 19:25:12:417 Begin to send message.
05/09 19:25:12:473 orderId = 0 | requestId = 0 | userId = system | channel = SMS | serviceAddress = 268 | keyword = TRA DIEM | isdn = 84922000514 | subscriberType = -1 | shipTo =  | actionType =  | productId = 0 | commandId = 0 | request =  | response =  | status = 1 | cause =  | description = 
05/09 19:25:12:474 message count: 1
05/09 19:25:17:524 End of process session
05/09 19:25:17:525 Simulator0 stopped
05/09 19:26:12:321 Simulator0 started
05/09 19:26:12:349 Starting process session
05/09 19:26:12:467 Total 0 instances are started
05/09 19:26:12:469 Total 1 instances are added
05/09 19:26:12:469 Begin to send message.
05/09 19:26:12:477 orderId = 0 | requestId = 0 | userId = system | channel = SMS | serviceAddress = 268 | keyword = TRA DIEM | isdn = 84922000514 | subscriberType = -1 | shipTo =  | actionType =  | productId = 0 | commandId = 0 | request =  | response =  | status = 1 | cause =  | description = 
05/09 19:26:12:479 message count: 1
05/09 19:26:17:580 End of process session
05/09 19:26:17:581 Simulator0 stopped
05/09 19:27:28:481 Simulator0 started
05/09 19:27:28:503 Starting process session
05/09 19:27:28:624 Total 0 instances are started
05/09 19:27:28:625 Total 1 instances are added
05/09 19:27:28:624 Begin to send message.
05/09 19:27:28:649 orderId = 0 | requestId = 0 | userId = system | channel = SMS | serviceAddress = 268 | keyword = TRA DIEM | isdn = 84922000514 | subscriberType = -1 | shipTo =  | actionType =  | productId = 0 | commandId = 0 | request =  | response =  | status = 1 | cause =  | description = 
05/09 19:27:28:649 message count: 1
05/09 19:27:33:738 End of process session
05/09 19:27:33:740 Simulator0 stopped
05/09 19:30:45:709 Simulator0 started
05/09 19:30:45:732 Starting process session
05/09 19:30:45:850 Total 0 instances are started
05/09 19:30:45:851 Begin to send message.
05/09 19:30:45:851 Total 1 instances are added
05/09 19:30:45:882 orderId = 0 | requestId = 0 | userId = system | channel = SMS | serviceAddress = 268 | keyword = TRA DIEM | isdn = 84922000514 | subscriberType = -1 | shipTo =  | actionType =  | productId = 0 | commandId = 0 | request =  | response =  | status = 1 | cause =  | description = 
05/09 19:30:45:883 message count: 1
05/09 19:30:50:964 End of process session
05/09 19:30:50:966 Simulator0 stopped
05/09 19:32:40:146 Simulator0 started
05/09 19:32:40:167 Starting process session
05/09 19:32:40:278 Total 0 instances are started
05/09 19:32:40:278 Begin to send message.
05/09 19:32:40:279 Total 1 instances are added
05/09 19:32:40:336 orderId = 0 | requestId = 0 | userId = system | channel = SMS | serviceAddress = 268 | keyword = TRA DIEM | isdn = 84922000514 | subscriberType = -1 | shipTo =  | actionType =  | productId = 0 | commandId = 0 | request =  | response =  | status = 1 | cause =  | description = 
05/09 19:32:40:337 message count: 1
05/09 19:32:45:383 End of process session
05/09 19:32:45:387 Simulator0 stopped
05/09 19:36:04:246 Simulator0 started
05/09 19:36:04:270 Starting process session
05/09 19:36:04:379 Total 0 instances are started
05/09 19:36:04:380 Total 1 instances are added
05/09 19:36:04:379 Begin to send message.
05/09 19:36:04:387 orderId = 0 | requestId = 0 | userId = system | channel = SMS | serviceAddress = 268 | keyword = TRA DIEM | isdn = 84922000516 | subscriberType = -1 | shipTo =  | actionType =  | productId = 0 | commandId = 0 | request =  | response =  | status = 1 | cause =  | description = 
05/09 19:36:04:388 message count: 1
05/09 19:36:09:484 End of process session
05/09 19:36:09:486 Simulator0 stopped
05/09 19:37:07:331 Simulator0 started
05/09 19:37:07:350 Starting process session
05/09 19:37:07:459 Total 0 instances are started
05/09 19:37:07:459 Begin to send message.
05/09 19:37:07:460 Total 1 instances are added
05/09 19:37:07:467 orderId = 0 | requestId = 0 | userId = system | channel = SMS | serviceAddress = 268 | keyword = DOI DIEM 1000 | isdn = 84922000516 | subscriberType = -1 | shipTo =  | actionType =  | productId = 0 | commandId = 0 | request =  | response =  | status = 1 | cause =  | description = 
05/09 19:37:07:469 message count: 1
05/09 19:37:12:566 End of process session
05/09 19:37:12:568 Simulator0 stopped
05/09 19:43:57:594 Simulator0 started
05/09 19:43:57:636 Starting process session
05/09 19:43:57:745 Total 0 instances are started
05/09 19:43:57:746 Total 1 instances are added
05/09 19:43:57:745 Begin to send message.
05/09 19:43:57:752 orderId = 0 | requestId = 0 | userId = system | channel = SMS | serviceAddress = 268 | keyword = DK CAM | isdn = 84922000514 | subscriberType = -1 | shipTo =  | actionType =  | productId = 0 | commandId = 0 | request =  | response =  | status = 1 | cause =  | description = 
05/09 19:43:57:753 message count: 1
05/09 19:44:02:850 End of process session
05/09 19:44:02:853 Simulator0 stopped
05/09 19:45:39:629 Simulator0 started
05/09 19:45:39:647 Starting process session
05/09 19:45:39:759 Total 0 instances are started
05/09 19:45:39:759 Begin to send message.
05/09 19:45:39:760 Total 1 instances are added
05/09 19:45:39:765 orderId = 0 | requestId = 0 | userId = system | channel = SMS | serviceAddress = 268 | keyword = DOI DIEM 1000 | isdn = 84922000514 | subscriberType = -1 | shipTo =  | actionType =  | productId = 0 | commandId = 0 | request =  | response =  | status = 1 | cause =  | description = 
05/09 19:45:39:766 message count: 1
05/09 19:45:44:864 End of process session
05/09 19:45:44:867 Simulator0 stopped
05/09 19:47:41:706 Simulator0 started
05/09 19:47:41:726 Starting process session
05/09 19:47:41:835 Total 0 instances are started
05/09 19:47:41:835 Begin to send message.
05/09 19:47:41:836 Total 1 instances are added
05/09 19:47:41:844 orderId = 0 | requestId = 0 | userId = system | channel = SMS | serviceAddress = 268 | keyword = DOI DIEM 1000 | isdn = 84922000514 | subscriberType = -1 | shipTo =  | actionType =  | productId = 0 | commandId = 0 | request =  | response =  | status = 1 | cause =  | description = 
05/09 19:47:41:845 message count: 1
05/09 19:47:46:942 End of process session
05/09 19:47:46:943 Simulator0 stopped
05/09 19:49:37:785 Simulator0 started
05/09 19:49:37:808 Starting process session
05/09 19:49:37:916 Total 0 instances are started
05/09 19:49:37:916 Begin to send message.
05/09 19:49:37:917 Total 1 instances are added
05/09 19:49:37:922 orderId = 0 | requestId = 0 | userId = system | channel = SMS | serviceAddress = 268 | keyword = DOI DIEM 1000 | isdn = 84922000514 | subscriberType = -1 | shipTo =  | actionType =  | productId = 0 | commandId = 0 | request =  | response =  | status = 1 | cause =  | description = 
05/09 19:49:37:923 message count: 1
05/09 19:49:43:022 End of process session
05/09 19:49:43:024 Simulator0 stopped
05/09 19:50:27:337 Simulator0 started
05/09 19:50:27:358 Starting process session
05/09 19:50:27:488 Total 0 instances are started
05/09 19:50:27:488 Begin to send message.
05/09 19:50:27:489 Total 1 instances are added
05/09 19:50:27:588 orderId = 0 | requestId = 0 | userId = system | channel = SMS | serviceAddress = 268 | keyword = DOI DIEM 1000 | isdn = 84922000514 | subscriberType = -1 | shipTo =  | actionType =  | productId = 0 | commandId = 0 | request =  | response =  | status = 1 | cause =  | description = 
05/09 19:50:27:590 message count: 1
05/09 19:50:32:596 End of process session
05/09 19:50:32:598 Simulator0 stopped
