09/09 08:48:43:304 Simulator0 started
09/09 08:48:43:384 Starting process session
09/09 08:48:43:507 Total 0 instances are started
09/09 08:48:43:508 Total 1 instances are added
09/09 08:48:43:507 Begin to send message.
09/09 08:48:43:636 orderId = 0 | requestId = 0 | userId = system | channel = SMS | serviceAddress = 268 | keyword = TRA DIEM | isdn = 84922000514 | subscriberType = -1 | shipTo =  | actionType =  | productId = 0 | commandId = 0 | request =  | response =  | status = 1 | cause =  | description = 
09/09 08:48:43:637 message count: 1
09/09 08:48:48:616 End of process session
09/09 08:48:48:618 Simulator0 stopped
09/09 08:50:21:711 Simulator0 started
09/09 08:50:21:731 Starting process session
09/09 08:50:21:845 Total 0 instances are started
09/09 08:50:21:846 Total 1 instances are added
09/09 08:50:21:846 Begin to send message.
09/09 08:50:21:926 orderId = 0 | requestId = 0 | userId = system | channel = SMS | serviceAddress = 268 | keyword = TRA DIEM | isdn = 84922000514 | subscriberType = -1 | shipTo =  | actionType =  | productId = 0 | commandId = 0 | request =  | response =  | status = 1 | cause =  | description = 
09/09 08:50:21:927 message count: 1
09/09 08:50:26:954 End of process session
09/09 08:50:26:955 Simulator0 stopped
09/09 08:51:17:748 Simulator0 started
09/09 08:51:17:770 Starting process session
09/09 08:51:17:888 Total 0 instances are started
09/09 08:51:17:889 Total 1 instances are added
09/09 08:51:17:890 Begin to send message.
09/09 08:51:17:899 orderId = 0 | requestId = 0 | userId = system | channel = SMS | serviceAddress = 268 | keyword = TRA DIEM | isdn = 84922000514 | subscriberType = -1 | shipTo =  | actionType =  | productId = 0 | commandId = 0 | request =  | response =  | status = 1 | cause =  | description = 
09/09 08:51:17:901 message count: 1
09/09 08:51:22:997 End of process session
09/09 08:51:22:999 Simulator0 stopped
09/09 08:52:14:817 Simulator0 started
09/09 08:52:14:837 Starting process session
09/09 08:52:14:949 Total 0 instances are started
09/09 08:52:14:950 Total 1 instances are added
09/09 08:52:15:054 End of process session
09/09 08:52:21:061 Simulator0 stopped
09/09 08:52:22:850 Simulator0 started
09/09 08:52:22:867 Starting process session
09/09 08:52:22:977 Total 0 instances are started
09/09 08:52:22:978 Total 1 instances are added
09/09 08:52:23:083 End of process session
09/09 08:52:29:085 Simulator0 stopped
09/09 08:52:32:884 Simulator0 started
09/09 08:52:32:907 Starting process session
09/09 08:52:33:020 Total 0 instances are started
09/09 08:52:33:021 Total 1 instances are added
09/09 08:52:33:020 Begin to send message.
09/09 08:52:33:031 orderId = 0 | requestId = 0 | userId = system | channel = SMS | serviceAddress = 268 | keyword = TRA DIEM | isdn = 84922000514 | subscriberType = -1 | shipTo =  | actionType =  | productId = 0 | commandId = 0 | request =  | response =  | status = 1 | cause =  | description = 
09/09 08:52:33:033 message count: 1
09/09 08:52:38:155 End of process session
09/09 08:52:38:159 Simulator0 stopped
09/09 08:54:32:416 Simulator0 started
09/09 08:54:32:436 Starting process session
09/09 08:54:32:551 Total 0 instances are started
09/09 08:54:32:553 Total 1 instances are added
09/09 08:54:32:553 Begin to send message.
09/09 08:54:32:588 orderId = 0 | requestId = 0 | userId = system | channel = SMS | serviceAddress = 268 | keyword = TRA DIEM | isdn = 84922000514 | subscriberType = -1 | shipTo =  | actionType =  | productId = 0 | commandId = 0 | request =  | response =  | status = 1 | cause =  | description = 
09/09 08:54:32:589 message count: 1
09/09 08:54:37:659 End of process session
09/09 08:54:37:662 Simulator0 stopped
09/09 08:58:30:522 Simulator0 started
09/09 08:58:30:542 Starting process session
09/09 08:58:30:654 Total 0 instances are started
09/09 08:58:30:655 Total 1 instances are added
09/09 08:58:30:654 Begin to send message.
09/09 08:58:30:671 orderId = 0 | requestId = 0 | userId = system | channel = SMS | serviceAddress = 268 | keyword = TRA DIEM | isdn = 84922000514 | subscriberType = -1 | shipTo =  | actionType =  | productId = 0 | commandId = 0 | request =  | response =  | status = 1 | cause =  | description = 
09/09 08:58:30:673 message count: 1
09/09 08:58:35:774 Begin to send message.
09/09 08:58:40:763 End of process session
09/09 08:58:40:766 Simulator0 stopped
09/09 09:00:16:768 Simulator0 started
09/09 09:00:16:788 Starting process session
09/09 09:00:16:905 Total 0 instances are started
09/09 09:00:16:906 Total 1 instances are added
09/09 09:00:16:905 Begin to send message.
09/09 09:00:16:934 orderId = 0 | requestId = 0 | userId = system | channel = SMS | serviceAddress = 268 | keyword = TRA DIEM | isdn = 84922000514 | subscriberType = -1 | shipTo =  | actionType =  | productId = 0 | commandId = 0 | request =  | response =  | status = 1 | cause =  | description = 
09/09 09:00:16:935 message count: 1
09/09 09:00:22:018 End of process session
09/09 09:00:22:020 Simulator0 stopped
09/09 09:00:57:810 Simulator0 started
09/09 09:00:57:833 Starting process session
09/09 09:00:57:946 Total 0 instances are started
09/09 09:00:57:947 Total 1 instances are added
09/09 09:00:58:055 End of process session
09/09 09:01:03:057 Simulator0 stopped
09/09 09:01:04:847 Simulator0 started
09/09 09:01:04:867 Starting process session
09/09 09:01:04:980 Total 0 instances are started
09/09 09:01:04:981 Total 1 instances are added
09/09 09:01:05:087 End of process session
09/09 09:01:11:090 Simulator0 stopped
09/09 09:01:14:878 Simulator0 started
09/09 09:01:14:900 Starting process session
09/09 09:01:15:013 Total 0 instances are started
09/09 09:01:15:014 Total 1 instances are added
09/09 09:01:15:014 Begin to send message.
09/09 09:01:15:027 orderId = 0 | requestId = 0 | userId = system | channel = SMS | serviceAddress = 268 | keyword = TRA DIEM | isdn = 84922000514 | subscriberType = -1 | shipTo =  | actionType =  | productId = 0 | commandId = 0 | request =  | response =  | status = 1 | cause =  | description = 
09/09 09:01:15:029 message count: 1
09/09 09:01:20:123 End of process session
09/09 09:01:20:126 Simulator0 stopped
09/09 09:06:58:061 Simulator0 started
09/09 09:06:58:082 Starting process session
09/09 09:06:58:197 Total 0 instances are started
09/09 09:06:58:198 Begin to send message.
09/09 09:06:58:198 Total 1 instances are added
09/09 09:06:58:207 orderId = 0 | requestId = 0 | userId = system | channel = SMS | serviceAddress = 268 | keyword = TRA DIEM | isdn = 84922000514 | subscriberType = -1 | shipTo =  | actionType =  | productId = 0 | commandId = 0 | request =  | response =  | status = 1 | cause =  | description = 
09/09 09:06:58:209 message count: 1
09/09 09:07:03:311 Begin to send message.
09/09 09:07:08:309 End of process session
09/09 09:07:08:311 Simulator0 stopped
09/09 09:08:05:958 Simulator0 started
09/09 09:08:05:977 Starting process session
09/09 09:08:06:088 Total 0 instances are started
09/09 09:08:06:088 Begin to send message.
09/09 09:08:06:089 Total 1 instances are added
09/09 09:08:06:150 orderId = 0 | requestId = 0 | userId = system | channel = SMS | serviceAddress = 268 | keyword = TRA DIEM | isdn = 84922000514 | subscriberType = -1 | shipTo =  | actionType =  | productId = 0 | commandId = 0 | request =  | response =  | status = 1 | cause =  | description = 
09/09 09:08:06:151 message count: 1
09/09 09:08:11:196 End of process session
09/09 09:08:11:199 Simulator0 stopped
09/09 09:14:51:225 Simulator0 started
09/09 09:14:51:246 Starting process session
09/09 09:14:51:357 Total 0 instances are started
09/09 09:14:51:357 Begin to send message.
09/09 09:14:51:358 Total 1 instances are added
09/09 09:14:51:381 orderId = 0 | requestId = 0 | userId = system | channel = SMS | serviceAddress = 268 | keyword = TRA DIEM | isdn = 84922000514 | subscriberType = -1 | shipTo =  | actionType =  | productId = 0 | commandId = 0 | request =  | response =  | status = 1 | cause =  | description = 
09/09 09:14:51:382 message count: 1
09/09 09:14:56:463 End of process session
09/09 09:14:56:466 Simulator0 stopped
09/09 09:22:06:347 Simulator0 started
09/09 09:22:06:369 Starting process session
09/09 09:22:06:478 Total 0 instances are started
09/09 09:22:06:478 Begin to send message.
09/09 09:22:06:479 Total 1 instances are added
09/09 09:22:06:485 orderId = 0 | requestId = 0 | userId = system | channel = SMS | serviceAddress = 268 | keyword = TRA DIEM | isdn = 84922000512 | subscriberType = -1 | shipTo =  | actionType =  | productId = 0 | commandId = 0 | request =  | response =  | status = 1 | cause =  | description = 
09/09 09:22:06:486 message count: 1
09/09 09:22:11:584 End of process session
09/09 09:22:11:586 Simulator0 stopped
09/09 15:01:25:606 Simulator0 started
09/09 15:01:25:626 Starting process session
09/09 15:01:25:771 Total 0 instances are started
09/09 15:01:25:771 Begin to send message.
09/09 15:01:25:773 Total 1 instances are added
09/09 15:01:25:875 orderId = 0 | requestId = 0 | userId = system | channel = SMS | serviceAddress = 268 | keyword = TRA DIEM1 | isdn = 84922000514 | subscriberType = -1 | shipTo =  | actionType =  | productId = 0 | commandId = 0 | request =  | response =  | status = 1 | cause =  | description = 
09/09 15:01:25:876 message count: 1
09/09 15:01:30:878 End of process session
09/09 15:01:30:880 Simulator0 stopped
09/09 15:03:22:643 Simulator0 started
09/09 15:03:22:662 Starting process session
09/09 15:03:22:772 Begin to send message.
arted
09/09 15:03:22:774 Total 1 instances are added
09/09 15:03:22:782 orderId = 0 | requestId = 0 | userId = system | channel = SMS | serviceAddress = 268 | keyword = HUY CAM | isdn = 84922000514 | subscriberType = -1 | shipTo =  | actionType =  | productId = 0 | commandId = 0 | request =  | response =  | status = 1 | cause =  | description = 
09/09 15:03:22:784 message count: 1
09/09 15:03:27:879 End of process session
09/09 15:03:27:881 Simulator0 stopped
09/09 15:03:59:752 Simulator0 started
09/09 15:03:59:772 Starting process session
09/09 15:03:59:884 Total 0 instances are started
09/09 15:03:59:884 Begin to send message.
09/09 15:03:59:886 Total 1 instances are added
09/09 15:03:59:891 orderId = 0 | requestId = 0 | userId = system | channel = SMS | serviceAddress = 268 | keyword = DK CAM1 | isdn = 84922000514 | subscriberType = -1 | shipTo =  | actionType =  | productId = 0 | commandId = 0 | request =  | response =  | status = 1 | cause =  | description = 
09/09 15:03:59:892 message count: 1
09/09 15:04:04:991 End of process session
09/09 15:04:04:993 Simulator0 stopped
09/09 15:05:53:801 Simulator0 started
09/09 15:05:53:821 Starting process session
09/09 15:05:53:930 Total 0 instances are started
09/09 15:05:53:930 Begin to send message.
09/09 15:05:53:931 Total 1 instances are added
09/09 15:05:53:939 orderId = 0 | requestId = 0 | userId = system | channel = SMS | serviceAddress = 268 | keyword = DK CAM1 | isdn = 84922000514 | subscriberType = -1 | shipTo =  | actionType =  | productId = 0 | commandId = 0 | request =  | response =  | status = 1 | cause =  | description = 
09/09 15:05:53:941 message count: 1
09/09 15:05:59:037 End of process session
09/09 15:05:59:038 Simulator0 stopped
09/09 15:13:48:132 Simulator0 started
09/09 15:13:48:154 Starting process session
09/09 15:13:48:290 Total 0 instances are started
09/09 15:13:48:291 Total 1 instances are added
09/09 15:13:48:290 Begin to send message.
09/09 15:13:48:379 orderId = 0 | requestId = 0 | userId = system | channel = SMS | serviceAddress = 268 | keyword = DOI DIEM 2000 | isdn = 84922000514 | subscriberType = -1 | shipTo =  | actionType =  | productId = 0 | commandId = 0 | request =  | response =  | status = 1 | cause =  | description = 
09/09 15:13:48:382 message count: 1
09/09 15:13:53:394 End of process session
09/09 15:13:53:396 Simulator0 stopped
09/09 15:14:56:164 Simulator0 started
09/09 15:14:56:183 Starting process session
09/09 15:14:56:293 Total 0 instances are started
09/09 15:14:56:294 Total 1 instances are added
09/09 15:14:56:293 Begin to send message.
09/09 15:14:56:300 orderId = 0 | requestId = 0 | userId = system | channel = SMS | serviceAddress = 268 | keyword = DK CAM | isdn = 84922000512 | subscriberType = -1 | shipTo =  | actionType =  | productId = 0 | commandId = 0 | request =  | response =  | status = 1 | cause =  | description = 
09/09 15:14:56:301 message count: 1
09/09 15:15:01:398 End of process session
09/09 15:15:01:400 Simulator0 stopped
09/09 15:15:21:203 Simulator0 started
09/09 15:15:21:224 Starting process session
09/09 15:15:21:340 Total 0 instances are started
09/09 15:15:21:341 Total 1 instances are added
09/09 15:15:21:444 End of process session
09/09 15:15:26:447 Simulator0 stopped
09/09 15:15:28:240 Simulator0 started
09/09 15:15:28:260 Starting process session
09/09 15:15:28:370 Total 0 instances are started
09/09 15:15:28:371 Total 1 instances are added
09/09 15:15:28:370 Begin to send message.
09/09 15:15:28:378 orderId = 0 | requestId = 0 | userId = system | channel = SMS | serviceAddress = 268 | keyword = DK CAM | isdn = 84922000514 | subscriberType = -1 | shipTo =  | actionType =  | productId = 0 | commandId = 0 | request =  | response =  | status = 1 | cause =  | description = 
09/09 15:15:28:379 message count: 1
09/09 15:15:33:475 End of process session
09/09 15:15:33:478 Simulator0 stopped
09/09 15:17:53:314 Simulator0 started
09/09 15:17:53:336 Starting process session
09/09 15:17:53:446 Total 0 instances are started
09/09 15:17:53:446 Begin to send message.
09/09 15:17:53:447 Total 1 instances are added
09/09 15:17:53:454 orderId = 0 | requestId = 0 | userId = system | channel = SMS | serviceAddress = 268 | keyword = DK CAM | isdn = 84922000514 | subscriberType = -1 | shipTo =  | actionType =  | productId = 0 | commandId = 0 | request =  | response =  | status = 1 | cause =  | description = 
09/09 15:17:53:455 message count: 1
09/09 15:17:58:553 End of process session
09/09 15:17:58:554 Simulator0 stopped
09/09 15:18:49:391 Simulator0 started
09/09 15:18:49:411 Starting process session
09/09 15:18:49:521 Total 0 instances are started
09/09 15:18:49:521 Begin to send message.
09/09 15:18:49:522 Total 1 instances are added
09/09 15:18:49:530 orderId = 0 | requestId = 0 | userId = system | channel = SMS | serviceAddress = 268 | keyword = DK CAM | isdn = 84922000514 | subscriberType = -1 | shipTo =  | actionType =  | productId = 0 | commandId = 0 | request =  | response =  | status = 1 | cause =  | description = 
09/09 15:18:49:532 message count: 1
09/09 15:18:54:627 End of process session
09/09 15:18:54:629 Simulator0 stopped
09/09 15:25:17:787 Simulator0 started
09/09 15:25:17:805 Starting process session
09/09 15:25:17:914 Total 0 instances are started
09/09 15:25:17:915 Total 1 instances are added
09/09 15:25:17:914 Begin to send message.
09/09 15:25:17:932 orderId = 0 | requestId = 0 | userId = system | channel = SMS | serviceAddress = 268 | keyword = DK CAM | isdn = 84922000514 | subscriberType = -1 | shipTo =  | actionType =  | productId = 0 | commandId = 0 | request =  | response =  | status = 1 | cause =  | description = 
09/09 15:25:17:934 message count: 1
09/09 15:25:23:020 End of process session
09/09 15:25:23:022 Simulator0 stopped
09/09 15:30:22:941 Simulator0 started
09/09 15:30:22:962 Starting process session
09/09 15:30:23:074 Total 0 instances are started
09/09 15:30:23:074 Begin to send message.
09/09 15:30:23:075 Total 1 instances are added
09/09 15:30:23:110 orderId = 0 | requestId = 0 | userId = system | channel = SMS | serviceAddress = 268 | keyword = DK CAM | isdn = 84922000514 | subscriberType = -1 | shipTo =  | actionType =  | productId = 0 | commandId = 0 | request =  | response =  | status = 1 | cause =  | description = 
09/09 15:30:23:113 message count: 1
09/09 15:30:28:183 End of process session
09/09 15:30:28:186 Simulator0 stopped
09/09 15:33:03:033 Simulator0 started
09/09 15:33:03:057 Starting process session
09/09 15:33:03:166 Total 0 instances are started
09/09 15:33:03:168 Total 1 instances are added
09/09 15:33:03:271 End of process session
09/09 15:33:08:271 Simulator0 stopped
09/09 15:33:10:065 Simulator0 started
09/09 15:33:10:086 Starting process session
09/09 15:33:10:197 Total 0 instances are started
09/09 15:33:10:198 Total 1 instances are added
09/09 15:33:10:197 Begin to send message.
09/09 15:33:10:206 orderId = 0 | requestId = 0 | userId = system | channel = SMS | serviceAddress = 268 | keyword = DOI DIEM 2000 | isdn = 84922000514 | subscriberType = -1 | shipTo =  | actionType =  | productId = 0 | commandId = 0 | request =  | response =  | status = 1 | cause =  | description = 
09/09 15:33:10:208 message count: 1
09/09 15:33:15:303 End of process session
09/09 15:33:15:305 Simulator0 stopped
09/09 15:35:02:127 Simulator0 started
09/09 15:35:02:148 Starting process session
09/09 15:35:02:258 Total 0 instances are started
09/09 15:35:02:258 Begin to send message.
09/09 15:35:02:259 Total 1 instances are added
09/09 15:35:02:267 orderId = 0 | requestId = 0 | userId = system | channel = SMS | serviceAddress = 268 | keyword = DK CAM | isdn = 84922000514 | subscriberType = -1 | shipTo =  | actionType =  | productId = 0 | commandId = 0 | request =  | response =  | status = 1 | cause =  | description = 
09/09 15:35:02:269 message count: 1
09/09 15:35:07:365 End of process session
09/09 15:35:07:366 Simulator0 stopped
09/09 15:36:48:198 Simulator0 started
09/09 15:36:48:349 Starting process session
09/09 15:36:48:457 Total 0 instances are started
09/09 15:36:48:458 Begin to send message.
09/09 15:36:48:458 Total 1 instances are added
09/09 15:36:48:467 orderId = 0 | requestId = 0 | userId = system | channel = SMS | serviceAddress = 268 | keyword = DK CAM | isdn = 84922000514 | subscriberType = -1 | shipTo =  | actionType =  | productId = 0 | commandId = 0 | request =  | response =  | status = 1 | cause =  | description = 
09/09 15:36:48:470 message count: 1
09/09 15:36:53:565 End of process session
09/09 15:36:53:567 Simulator0 stopped
09/09 15:37:29:238 Simulator0 started
09/09 15:37:29:255 Starting process session
09/09 15:37:29:367 Total 0 instances are started
09/09 15:37:29:367 Begin to send message.
09/09 15:37:29:368 Total 1 instances are added
09/09 15:37:29:374 orderId = 0 | requestId = 0 | userId = system | channel = SMS | serviceAddress = 268 | keyword = DOI DIEM 2000 | isdn = 84922000514 | subscriberType = -1 | shipTo =  | actionType =  | productId = 0 | commandId = 0 | request =  | response =  | status = 1 | cause =  | description = 
09/09 15:37:29:375 message count: 1
09/09 15:37:34:474 End of process session
09/09 15:37:34:476 Simulator0 stopped
09/09 15:40:44:273 Simulator0 started
09/09 15:40:44:292 Starting process session
09/09 15:40:44:403 Total 0 instances are started
09/09 15:40:44:403 Begin to send message.
09/09 15:40:44:404 Total 1 instances are added
09/09 15:40:44:417 orderId = 0 | requestId = 0 | userId = system | channel = SMS | serviceAddress = 268 | keyword = DOI DIEM 2000 | isdn = 84922000514 | subscriberType = -1 | shipTo =  | actionType =  | productId = 0 | commandId = 0 | request =  | response =  | status = 1 | cause =  | description = 
09/09 15:40:44:418 message count: 1
09/09 15:40:49:510 End of process session
09/09 15:40:49:511 Simulator0 stopped
09/09 15:45:20:908 Simulator0 started
09/09 15:45:20:930 Starting process session
09/09 15:45:21:046 Begin to send message.
09/09 15:45:21:047 Total 0 instances are started
09/09 15:45:21:049 Total 1 instances are added
09/09 15:45:21:108 orderId = 0 | requestId = 0 | userId = system | channel = SMS | serviceAddress = 268 | keyword = DOI DIEM 2000 | isdn = 84922000514 | subscriberType = -1 | shipTo =  | actionType =  | productId = 0 | commandId = 0 | request =  | response =  | status = 1 | cause =  | description = 
09/09 15:45:21:109 message count: 1
09/09 15:45:26:161 End of process session
09/09 15:45:26:163 Simulator0 stopped
09/09 15:46:22:943 Simulator0 started
09/09 15:46:22:964 Starting process session
09/09 15:46:23:077 Total 0 instances are started
09/09 15:46:23:078 Total 1 instances are added
09/09 15:46:23:184 End of process session
09/09 15:46:26:186 Simulator0 stopped
09/09 15:46:28:980 Simulator0 started
09/09 15:46:29:003 Starting process session
09/09 15:46:29:119 Total 0 instances are started
09/09 15:46:29:120 Total 1 instances are added
09/09 15:46:29:122 Begin to send message.
09/09 15:46:29:135 orderId = 0 | requestId = 0 | userId = system | channel = SMS | serviceAddress = 268 | keyword = DOI DIEM 2000 | isdn = 84922000514 | subscriberType = -1 | shipTo =  | actionType =  | productId = 0 | commandId = 0 | request =  | response =  | status = 1 | cause =  | description = 
09/09 15:46:29:136 message count: 1
09/09 15:46:34:232 End of process session
09/09 15:46:34:235 Simulator0 stopped
09/09 15:47:15:080 Simulator0 started
09/09 15:47:15:101 Starting process session
09/09 15:47:15:214 Begin to send message.
09/09 15:47:15:214 Total 0 instances are started
09/09 15:47:15:217 Total 1 instances are added
09/09 15:47:15:222 orderId = 0 | requestId = 0 | userId = system | channel = SMS | serviceAddress = 268 | keyword = DOI DIEM 2000 | isdn = 84922000514 | subscriberType = -1 | shipTo =  | actionType =  | productId = 0 | commandId = 0 | request =  | response =  | status = 1 | cause =  | description = 
09/09 15:47:15:223 message count: 1
09/09 15:47:20:334 End of process session
09/09 15:47:20:336 Simulator0 stopped
09/09 16:27:36:665 Simulator0 started
09/09 16:27:36:709 Starting process session
09/09 16:27:36:825 Total 0 instances are started
09/09 16:27:36:827 Total 1 instances are added
09/09 16:27:36:828 Begin to send message.
09/09 16:27:36:865 orderId = 0 | requestId = 0 | userId = system | channel = SMS | serviceAddress = 268 | keyword = DOI DIEM 2000 | isdn = 84922000514 | subscriberType = -1 | shipTo =  | actionType =  | productId = 0 | commandId = 0 | request =  | response =  | status = 1 | cause =  | description = 
09/09 16:27:36:866 message count: 1
09/09 16:27:41:959 End of process session
09/09 16:27:41:959 Simulator0 stopped
09/09 16:29:25:966 Simulator0 started
09/09 16:29:25:991 Starting process session
09/09 16:29:26:167 Total 0 instances are started
09/09 16:29:26:168 Total 1 instances are added
09/09 16:29:26:168 Begin to send message.
09/09 16:29:26:292 orderId = 0 | requestId = 0 | userId = system | channel = SMS | serviceAddress = 268 | keyword = DOI DIEM 2000 | isdn = 84922000514 | subscriberType = -1 | shipTo =  | actionType =  | productId = 0 | commandId = 0 | request =  | response =  | status = 1 | cause =  | description = 
09/09 16:29:26:293 message count: 1
09/09 16:29:31:274 End of process session
09/09 16:29:31:276 Simulator0 stopped
09/09 16:33:20:007 Simulator0 started
09/09 16:33:20:027 Starting process session
09/09 16:33:20:135 Total 0 instances are started
09/09 16:33:20:135 Begin to send message.
09/09 16:33:20:136 Total 1 instances are added
09/09 16:33:20:140 orderId = 0 | requestId = 0 | userId = system | channel = SMS | serviceAddress = 268 | keyword = DOI DIEM 2000 | isdn = 84922000514 | subscriberType = -1 | shipTo =  | actionType =  | productId = 0 | commandId = 0 | request =  | response =  | status = 1 | cause =  | description = 
09/09 16:33:20:141 message count: 1
09/09 16:33:25:240 End of process session
09/09 16:33:25:242 Simulator0 stopped
09/09 16:34:39:042 Simulator0 started
09/09 16:34:39:066 Starting process session
09/09 16:34:39:176 Total 0 instances are started
09/09 16:34:39:176 Begin to send message.
09/09 16:34:39:177 Total 1 instances are added
09/09 16:34:39:181 orderId = 0 | requestId = 0 | userId = system | channel = SMS | serviceAddress = 268 | keyword = DOI DIEM 2000 | isdn = 84922000514 | subscriberType = -1 | shipTo =  | actionType =  | productId = 0 | commandId = 0 | request =  | response =  | status = 1 | cause =  | description = 
09/09 16:34:39:182 message count: 1
09/09 16:34:44:283 End of process session
09/09 16:34:44:285 Simulator0 stopped
09/09 16:39:45:650 Simulator0 started
09/09 16:39:45:667 Starting process session
09/09 16:39:45:846 Total 0 instances are started
09/09 16:39:45:847 Total 1 instances are added
09/09 16:39:45:847 Begin to send message.
09/09 16:39:45:957 orderId = 0 | requestId = 0 | userId = system | channel = SMS | serviceAddress = 268 | keyword = DOI DIEM 2000 | isdn = 84922000514 | subscriberType = -1 | shipTo =  | actionType =  | productId = 0 | commandId = 0 | request =  | response =  | status = 1 | cause =  | description = 
09/09 16:39:45:959 message count: 1
09/09 16:39:50:959 End of process session
09/09 16:39:50:962 Simulator0 stopped
09/09 16:45:14:831 Simulator0 started
09/09 16:45:14:854 Starting process session
09/09 16:45:14:967 Total 0 instances are started
09/09 16:45:14:968 Total 1 instances are added
09/09 16:45:14:967 Begin to send message.
09/09 16:45:14:975 orderId = 0 | requestId = 0 | userId = system | channel = SMS | serviceAddress = 268 | keyword = DOI DIEM 2000 | isdn = 84922000514 | subscriberType = -1 | shipTo =  | actionType =  | productId = 0 | commandId = 0 | request =  | response =  | status = 1 | cause =  | description = 
09/09 16:45:14:976 message count: 1
09/09 16:45:20:075 End of process session
09/09 16:45:20:077 Simulator0 stopped
09/09 16:47:05:870 Simulator0 started
09/09 16:47:05:894 Starting process session
09/09 16:47:06:007 Total 0 instances are started
09/09 16:47:06:008 Total 1 instances are added
09/09 16:47:06:008 Begin to send message.
09/09 16:47:06:012 orderId = 0 | requestId = 0 | userId = system | channel = SMS | serviceAddress = 268 | keyword = DOI DIEM 2000 | isdn = 84922000514 | subscriberType = -1 | shipTo =  | actionType =  | productId = 0 | commandId = 0 | request =  | response =  | status = 1 | cause =  | description = 
09/09 16:47:06:012 message count: 1
09/09 16:47:11:119 End of process session
09/09 16:47:11:122 Simulator0 stopped
09/09 16:47:57:908 Simulator0 started
09/09 16:47:57:930 Starting process session
09/09 16:47:58:044 Total 0 instances are started
09/09 16:47:58:044 Begin to send message.
09/09 16:47:58:045 Total 1 instances are added
09/09 16:47:58:049 orderId = 0 | requestId = 0 | userId = system | channel = SMS | serviceAddress = 268 | keyword = DOI DIEM 2000 | isdn = 84922000514 | subscriberType = -1 | shipTo =  | actionType =  | productId = 0 | commandId = 0 | request =  | response =  | status = 1 | cause =  | description = 
09/09 16:47:58:050 message count: 1
09/09 16:48:03:152 End of process session
09/09 16:48:03:156 Simulator0 stopped
09/09 16:48:19:946 Simulator0 started
09/09 16:48:19:966 Starting process session
09/09 16:48:20:079 Total 0 instances are started
09/09 16:48:20:080 Total 1 instances are added
09/09 16:48:20:186 End of process session
09/09 16:48:25:188 Simulator0 stopped
09/09 16:48:26:976 Simulator0 started
09/09 16:48:27:002 Starting process session
09/09 16:48:27:115 Total 0 instances are started
09/09 16:48:27:115 Begin to send message.
09/09 16:48:27:117 Total 1 instances are added
09/09 16:48:27:123 orderId = 0 | requestId = 0 | userId = system | channel = SMS | serviceAddress = 268 | keyword = DOI DIEM 2000 | isdn = 84922000514 | subscriberType = -1 | shipTo =  | actionType =  | productId = 0 | commandId = 0 | request =  | response =  | status = 1 | cause =  | description = 
09/09 16:48:27:126 message count: 1
09/09 16:48:32:228 End of process session
09/09 16:48:32:230 Simulator0 stopped
09/09 16:50:00:017 Simulator0 started
09/09 16:50:00:037 Starting process session
09/09 16:50:00:152 Total 0 instances are started
09/09 16:50:00:153 Begin to send message.
09/09 16:50:00:153 Total 1 instances are added
09/09 16:50:00:161 orderId = 0 | requestId = 0 | userId = system | channel = SMS | serviceAddress = 268 | keyword = DOI DIEM 2000 | isdn = 84922000514 | subscriberType = -1 | shipTo =  | actionType =  | productId = 0 | commandId = 0 | request =  | response =  | status = 1 | cause =  | description = 
09/09 16:50:00:162 message count: 1
09/09 16:50:05:266 End of process session
09/09 16:50:05:272 Simulator0 stopped
09/09 16:51:36:721 Simulator0 started
09/09 16:51:36:744 Starting process session
09/09 16:51:36:862 Total 0 instances are started
09/09 16:51:36:863 Total 1 instances are added
09/09 16:51:36:966 End of process session
09/09 16:51:41:974 Simulator0 stopped
09/09 16:51:43:761 Simulator0 started
09/09 16:51:43:782 Starting process session
09/09 16:51:43:894 Total 0 instances are started
09/09 16:51:43:895 Total 1 instances are added
09/09 16:51:43:897 Begin to send message.
09/09 16:51:43:925 orderId = 0 | requestId = 0 | userId = system | channel = SMS | serviceAddress = 268 | keyword = DOI DIEM 2000 | isdn = 84922000514 | subscriberType = -1 | shipTo =  | actionType =  | productId = 0 | commandId = 0 | request =  | response =  | status = 1 | cause =  | description = 
09/09 16:51:43:928 message count: 1
09/09 16:51:49:004 End of process session
09/09 16:51:49:007 Simulator0 stopped
09/09 16:52:53:113 Simulator0 started
09/09 16:52:53:136 Starting process session
09/09 16:52:53:247 Total 0 instances are started
09/09 16:52:53:248 Total 1 instances are added
09/09 16:52:53:247 Begin to send message.
09/09 16:52:53:313 orderId = 0 | requestId = 0 | userId = system | channel = SMS | serviceAddress = 268 | keyword = DOI DIEM 2000 | isdn = 84922000514 | subscriberType = -1 | shipTo =  | actionType =  | productId = 0 | commandId = 0 | request =  | response =  | status = 1 | cause =  | description = 
09/09 16:52:53:316 message count: 1
09/09 16:52:58:352 End of process session
09/09 16:52:58:354 Simulator0 stopped
09/09 16:53:51:138 Simulator0 started
09/09 16:53:51:158 Starting process session
09/09 16:53:51:267 Total 0 instances are started
09/09 16:53:51:267 Begin to send message.
09/09 16:53:51:268 Total 1 instances are added
09/09 16:53:51:277 orderId = 0 | requestId = 0 | userId = system | channel = SMS | serviceAddress = 268 | keyword = DOI DIEM 2000 | isdn = 84922000514 | subscriberType = -1 | shipTo =  | actionType =  | productId = 0 | commandId = 0 | request =  | response =  | status = 1 | cause =  | description = 
09/09 16:53:51:280 message count: 1
09/09 16:53:56:375 End of process session
09/09 16:53:56:378 Simulator0 stopped
09/09 16:58:25:215 Simulator0 started
09/09 16:58:25:234 Starting process session
09/09 16:58:25:344 Total 0 instances are started
09/09 16:58:25:345 Total 1 instances are added
09/09 16:58:25:346 Begin to send message.
09/09 16:58:25:354 orderId = 0 | requestId = 0 | userId = system | channel = SMS | serviceAddress = 268 | keyword = DOI DIEM 2000 | isdn = 84922000514 | subscriberType = -1 | shipTo =  | actionType =  | productId = 0 | commandId = 0 | request =  | response =  | status = 1 | cause =  | description = 
09/09 16:58:25:356 message count: 1
09/09 16:58:30:450 End of process session
09/09 16:58:30:453 Simulator0 stopped
09/09 16:58:53:296 Simulator0 started
09/09 16:58:53:315 Starting process session
09/09 16:58:53:426 Total 0 instances are started
09/09 16:58:53:427 Total 1 instances are added
09/09 16:58:53:430 orderId = 0 | requestId = 0 | userId = system | channel = SMS | serviceAddress = 268 | keyword = DOI DIEM 2000 | isdn = 84922000514 | subscriberType = -1 | shipTo =  | actionType =  | productId = 0 | commandId = 0 | request =  | response =  | status = 1 | cause =  | description = 
09/09 16:58:53:431 message count: 1
09/09 16:58:58:531 End of process session
09/09 16:58:58:533 Simulator0 stopped
09/09 17:01:59:456 Simulator0 started
09/09 17:01:59:480 Starting process session
09/09 17:01:59:589 Total 0 instances are started
09/09 17:01:59:589 Begin to send message.
09/09 17:01:59:591 Total 1 instances are added
09/09 17:01:59:600 orderId = 0 | requestId = 0 | userId = system | channel = SMS | serviceAddress = 268 | keyword = DOI DIEM 2000 | isdn = 84922000514 | subscriberType = -1 | shipTo =  | actionType =  | productId = 0 | commandId = 0 | request =  | response =  | status = 1 | cause =  | description = 
09/09 17:01:59:600 message count: 1
09/09 17:02:04:699 End of process session
09/09 17:02:04:701 Simulator0 stopped
09/09 17:05:19:316 Simulator0 started
09/09 17:05:19:339 Starting process session
09/09 17:05:19:450 Total 0 instances are started
09/09 17:05:19:451 Total 1 instances are added
09/09 17:05:19:450 Begin to send message.
09/09 17:05:19:477 orderId = 0 | requestId = 0 | userId = system | channel = SMS | serviceAddress = 268 | keyword = DOI DIEM 2000 | isdn = 84922000514 | subscriberType = -1 | shipTo =  | actionType =  | productId = 0 | commandId = 0 | request =  | response =  | status = 1 | cause =  | description = 
09/09 17:05:19:478 message count: 1
09/09 17:05:24:555 End of process session
09/09 17:05:24:557 Simulator0 stopped
09/09 17:12:24:380 Simulator0 started
09/09 17:12:24:397 Starting process session
09/09 17:12:24:506 Total 0 instances are started
09/09 17:12:24:506 Begin to send message.
09/09 17:12:24:507 Total 1 instances are added
09/09 17:12:24:515 orderId = 0 | requestId = 0 | userId = system | channel = SMS | serviceAddress = 268 | keyword = DOI DIEM 2000 | isdn = 84922000514 | subscriberType = -1 | shipTo =  | actionType =  | productId = 0 | commandId = 0 | request =  | response =  | status = 1 | cause =  | description = 
09/09 17:12:24:516 message count: 1
09/09 17:12:29:612 End of process session
09/09 17:12:29:613 Simulator0 stopped
09/09 17:15:43:217 Simulator0 started
09/09 17:15:43:237 Starting process session
09/09 17:15:43:349 Total 0 instances are started
09/09 17:15:43:349 Begin to send message.
09/09 17:15:43:350 Total 1 instances are added
09/09 17:15:43:368 orderId = 0 | requestId = 0 | userId = system | channel = SMS | serviceAddress = 268 | keyword = DOI DIEM 2000 | isdn = 84922000514 | subscriberType = -1 | shipTo =  | actionType =  | productId = 0 | commandId = 0 | request =  | response =  | status = 1 | cause =  | description = 
09/09 17:15:43:369 message count: 1
09/09 17:15:48:458 End of process session
09/09 17:15:48:459 Simulator0 stopped
09/09 17:16:55:270 Simulator0 started
09/09 17:16:55:295 Starting process session
09/09 17:16:55:416 Total 0 instances are started
09/09 17:16:55:416 Begin to send message.
09/09 17:16:55:417 Total 1 instances are added
09/09 17:16:55:425 orderId = 0 | requestId = 0 | userId = system | channel = SMS | serviceAddress = 268 | keyword = DOI DIEM 2000 | isdn = 84922000514 | subscriberType = -1 | shipTo =  | actionType =  | productId = 0 | commandId = 0 | request =  | response =  | status = 1 | cause =  | description = 
09/09 17:16:55:427 message count: 1
09/09 17:17:00:524 End of process session
09/09 17:17:00:526 Simulator0 stopped
09/09 17:25:51:152 Simulator0 started
09/09 17:25:51:175 Starting process session
09/09 17:25:51:324 Total 0 instances are started
09/09 17:25:51:325 Total 1 instances are added
09/09 17:25:51:428 End of process session
09/09 17:25:58:430 Simulator0 stopped
09/09 17:26:02:186 Simulator0 started
09/09 17:26:02:207 Starting process session
09/09 17:26:02:317 Total 0 instances are started
09/09 17:26:02:317 Begin to send message.
09/09 17:26:02:318 Total 1 instances are added
09/09 17:26:02:565 orderId = 0 | requestId = 0 | userId = system | channel = SMS | serviceAddress = 268 | keyword = DOI DIEM 2000 | isdn = 84922000514 | subscriberType = -1 | shipTo =  | actionType =  | productId = 0 | commandId = 0 | request =  | response =  | status = 1 | cause =  | description = 
09/09 17:26:02:566 message count: 1
09/09 17:26:07:422 End of process session
09/09 17:26:07:423 Simulator0 stopped
09/09 17:29:09:747 Simulator0 started
09/09 17:29:09:770 Starting process session
09/09 17:29:09:916 Total 0 instances are started
09/09 17:29:09:916 Begin to send message.
09/09 17:29:09:917 Total 1 instances are added
09/09 17:29:09:932 orderId = 0 | requestId = 0 | userId = system | channel = SMS | serviceAddress = 268 | keyword = DOI DIEM 2000 | isdn = 84922000514 | subscriberType = -1 | shipTo =  | actionType =  | productId = 0 | commandId = 0 | request =  | response =  | status = 1 | cause =  | description = 
09/09 17:29:09:933 message count: 1
09/09 17:29:15:116 End of process session
09/09 17:29:15:118 Simulator0 stopped
09/09 17:31:33:703 Simulator0 started
09/09 17:31:33:726 Starting process session
09/09 17:31:33:850 Total 0 instances are started
09/09 17:31:33:850 Begin to send message.
09/09 17:31:33:853 Total 1 instances are added
09/09 17:31:33:879 orderId = 0 | requestId = 0 | userId = system | channel = SMS | serviceAddress = 268 | keyword = DOI DIEM 2000 | isdn = 84922000514 | subscriberType = -1 | shipTo =  | actionType =  | productId = 0 | commandId = 0 | request =  | response =  | status = 1 | cause =  | description = 
09/09 17:31:33:881 message count: 1
09/09 17:31:38:959 End of process session
09/09 17:31:38:960 Simulator0 stopped
09/09 17:34:05:749 Simulator0 started
09/09 17:34:05:770 Starting process session
09/09 17:34:05:880 Total 0 instances are started
09/09 17:34:05:880 Begin to send message.
09/09 17:34:05:881 Total 1 instances are added
09/09 17:34:05:889 orderId = 0 | requestId = 0 | userId = system | channel = SMS | serviceAddress = 268 | keyword = DOI DIEM 2000 | isdn = 84922000514 | subscriberType = -1 | shipTo =  | actionType =  | productId = 0 | commandId = 0 | request =  | response =  | status = 1 | cause =  | description = 
09/09 17:34:05:891 message count: 1
09/09 17:34:10:990 End of process session
09/09 17:34:10:993 Simulator0 stopped
09/09 17:35:26:781 Simulator0 started
09/09 17:35:26:800 Starting process session
09/09 17:35:26:909 Total 0 instances are started
09/09 17:35:26:909 Begin to send message.
09/09 17:35:26:910 Total 1 instances are added
09/09 17:35:26:917 orderId = 0 | requestId = 0 | userId = system | channel = SMS | serviceAddress = 268 | keyword = DOI DIEM 2000 | isdn = 84922000514 | subscriberType = -1 | shipTo =  | actionType =  | productId = 0 | commandId = 0 | request =  | response =  | status = 1 | cause =  | description = 
09/09 17:35:26:920 message count: 1
09/09 17:35:32:018 End of process session
09/09 17:35:32:020 Simulator0 stopped
09/09 17:44:46:026 Simulator0 started
09/09 17:44:46:051 Starting process session
09/09 17:44:46:161 Total 0 instances are started
09/09 17:44:46:162 Total 1 instances are added
09/09 17:44:46:264 End of process session
09/09 17:44:53:269 Simulator0 stopped
09/09 17:44:55:061 Simulator0 started
09/09 17:44:55:093 Starting process session
09/09 17:44:55:203 Total 0 instances are started
09/09 17:44:55:205 Total 1 instances are added
09/09 17:44:55:203 Begin to send message.
09/09 17:44:55:212 orderId = 0 | requestId = 0 | userId = system | channel = SMS | serviceAddress = 268 | keyword = DOI DIEM 2000 | isdn = 84922000514 | subscriberType = -1 | shipTo =  | actionType =  | productId = 0 | commandId = 0 | request =  | response =  | status = 1 | cause =  | description = 
09/09 17:44:55:214 message count: 1
09/09 17:45:00:311 End of process session
09/09 17:45:00:313 Simulator0 stopped
09/09 17:49:11:655 Simulator0 started
09/09 17:49:11:675 Starting process session
09/09 17:49:11:787 Total 0 instances are started
09/09 17:49:11:787 Begin to send message.
09/09 17:49:11:788 Total 1 instances are added
09/09 17:49:11:796 orderId = 0 | requestId = 0 | userId = system | channel = SMS | serviceAddress = 268 | keyword = DOI DIEM 2000 | isdn = 84922000514 | subscriberType = -1 | shipTo =  | actionType =  | productId = 0 | commandId = 0 | request =  | response =  | status = 1 | cause =  | description = 
09/09 17:49:11:798 message count: 1
09/09 17:49:16:894 End of process session
09/09 17:49:16:896 Simulator0 stopped
09/09 17:50:01:832 Simulator0 started
09/09 17:50:01:852 Starting process session
09/09 17:50:01:961 Total 0 instances are started
09/09 17:50:01:961 Begin to send message.
09/09 17:50:01:961 Total 1 instances are added
09/09 17:50:01:964 orderId = 0 | requestId = 0 | userId = system | channel = SMS | serviceAddress = 268 | keyword = DOI DIEM 2000 | isdn = 84922000514 | subscriberType = -1 | shipTo =  | actionType =  | productId = 0 | commandId = 0 | request =  | response =  | status = 1 | cause =  | description = 
09/09 17:50:01:965 message count: 1
09/09 17:50:07:067 End of process session
09/09 17:50:07:068 Simulator0 stopped
09/09 17:53:17:265 Simulator0 started
09/09 17:53:17:288 Starting process session
09/09 17:53:17:399 Total 0 instances are started
09/09 17:53:17:400 Total 1 instances are added
09/09 17:53:17:399 Begin to send message.
09/09 17:53:17:441 orderId = 0 | requestId = 0 | userId = system | channel = SMS | serviceAddress = 268 | keyword = DOI DIEM 2000 | isdn = 84922000514 | subscriberType = -1 | shipTo =  | actionType =  | productId = 0 | commandId = 0 | request =  | response =  | status = 1 | cause =  | description = 
09/09 17:53:17:442 message count: 1
09/09 17:53:22:506 End of process session
09/09 17:53:22:509 Simulator0 stopped
09/09 17:57:33:345 Simulator0 started
09/09 17:57:33:367 Starting process session
09/09 17:57:33:475 Total 0 instances are started
09/09 17:57:33:475 Begin to send message.
09/09 17:57:33:476 Total 1 instances are added
09/09 17:57:33:484 orderId = 0 | requestId = 0 | userId = system | channel = SMS | serviceAddress = 268 | keyword = DOI DIEM 2000 | isdn = 84922000514 | subscriberType = -1 | shipTo =  | actionType =  | productId = 0 | commandId = 0 | request =  | response =  | status = 1 | cause =  | description = 
09/09 17:57:33:485 message count: 1
09/09 17:57:38:581 End of process session
09/09 17:57:38:583 Simulator0 stopped
09/09 17:59:36:441 Simulator0 started
09/09 17:59:36:465 Starting process session
09/09 17:59:36:575 Total 0 instances are started
09/09 17:59:36:575 Begin to send message.
09/09 17:59:36:576 Total 1 instances are added
09/09 17:59:36:584 orderId = 0 | requestId = 0 | userId = system | channel = SMS | serviceAddress = 268 | keyword = DOI DIEM 2000 | isdn = 84922000514 | subscriberType = -1 | shipTo =  | actionType =  | productId = 0 | commandId = 0 | request =  | response =  | status = 1 | cause =  | description = 
09/09 17:59:36:585 message count: 1
09/09 17:59:41:682 End of process session
09/09 17:59:41:685 Simulator0 stopped
09/09 18:00:47:610 Simulator0 started
09/09 18:00:47:634 Starting process session
09/09 18:00:47:743 Total 0 instances are started
09/09 18:00:47:743 Begin to send message.
09/09 18:00:47:744 Total 1 instances are added
09/09 18:00:47:749 orderId = 0 | requestId = 0 | userId = system | channel = SMS | serviceAddress = 268 | keyword = DOI DIEM 2000 | isdn = 84922000514 | subscriberType = -1 | shipTo =  | actionType =  | productId = 0 | commandId = 0 | request =  | response =  | status = 1 | cause =  | description = 
09/09 18:00:47:750 message count: 1
09/09 18:00:52:850 End of process session
09/09 18:00:52:852 Simulator0 stopped
09/09 18:01:49:804 Simulator0 started
09/09 18:01:49:825 Starting process session
09/09 18:01:49:934 Total 0 instances are started
09/09 18:01:49:934 Begin to send message.
09/09 18:01:49:935 Total 1 instances are added
09/09 18:01:49:946 orderId = 0 | requestId = 0 | userId = system | channel = SMS | serviceAddress = 268 | keyword = DOI DIEM 2000 | isdn = 84922000514 | subscriberType = -1 | shipTo =  | actionType =  | productId = 0 | commandId = 0 | request =  | response =  | status = 1 | cause =  | description = 
09/09 18:01:49:948 message count: 1
09/09 18:01:55:042 End of process session
09/09 18:01:55:052 Simulator0 stopped
09/09 18:02:37:844 Simulator0 started
09/09 18:02:37:868 Starting process session
09/09 18:02:37:978 Total 0 instances are started
09/09 18:02:37:978 Begin to send message.
09/09 18:02:37:979 Total 1 instances are added
09/09 18:02:37:983 orderId = 0 | requestId = 0 | userId = system | channel = SMS | serviceAddress = 268 | keyword = TRA DIEM | isdn = 84922000514 | subscriberType = -1 | shipTo =  | actionType =  | productId = 0 | commandId = 0 | request =  | response =  | status = 1 | cause =  | description = 
09/09 18:02:37:984 message count: 1
09/09 18:02:43:086 End of process session
09/09 18:02:43:087 Simulator0 stopped
09/09 18:03:48:927 Simulator0 started
09/09 18:03:48:947 Starting process session
09/09 18:03:49:055 Total 0 instances are started
09/09 18:03:49:056 Total 1 instances are added
09/09 18:03:49:055 Begin to send message.
09/09 18:03:49:066 orderId = 0 | requestId = 0 | userId = system | channel = SMS | serviceAddress = 268 | keyword = DOI DIEM 3000 | isdn = 84922000514 | subscriberType = -1 | shipTo =  | actionType =  | productId = 0 | commandId = 0 | request =  | response =  | status = 1 | cause =  | description = 
09/09 18:03:49:067 message count: 1
09/09 18:03:54:170 Begin to send message.
09/09 18:03:59:163 End of process session
09/09 18:03:59:165 Simulator0 stopped
09/09 18:05:18:020 Simulator0 started
09/09 18:05:18:044 Starting process session
09/09 18:05:18:153 Total 0 instances are started
09/09 18:05:18:153 Begin to send message.
09/09 18:05:18:154 Total 1 instances are added
09/09 18:05:18:161 orderId = 0 | requestId = 0 | userId = system | channel = SMS | serviceAddress = 268 | keyword = DOI DIEM 3000 | isdn = 84922000514 | subscriberType = -1 | shipTo =  | actionType =  | productId = 0 | commandId = 0 | request =  | response =  | status = 1 | cause =  | description = 
09/09 18:05:18:164 message count: 1
09/09 18:05:23:257 End of process session
09/09 18:05:23:258 Simulator0 stopped
09/09 18:06:42:780 Simulator0 started
09/09 18:06:42:805 Starting process session
09/09 18:06:42:916 Total 0 instances are started
09/09 18:06:42:916 Begin to send message.
09/09 18:06:42:917 Total 1 instances are added
09/09 18:06:42:929 orderId = 0 | requestId = 0 | userId = system | channel = SMS | serviceAddress = 268 | keyword = DOI DIEM 3000 | isdn = 84922000514 | subscriberType = -1 | shipTo =  | actionType =  | productId = 0 | commandId = 0 | request =  | response =  | status = 1 | cause =  | description = 
09/09 18:06:42:930 message count: 1
09/09 18:06:48:022 End of process session
09/09 18:06:48:024 Simulator0 stopped
09/09 18:08:57:197 Simulator0 started
09/09 18:08:57:221 Starting process session
09/09 18:08:57:338 Total 0 instances are started
09/09 18:08:57:340 Begin to send message.
09/09 18:08:57:340 Total 1 instances are added
09/09 18:08:57:356 orderId = 0 | requestId = 0 | userId = system | channel = SMS | serviceAddress = 268 | keyword = DOI DIEM 3000 | isdn = 84922000514 | subscriberType = -1 | shipTo =  | actionType =  | productId = 0 | commandId = 0 | request =  | response =  | status = 1 | cause =  | description = 
09/09 18:08:57:359 message count: 1
09/09 18:09:02:462 Begin to send message.
09/09 18:09:07:462 End of process session
09/09 18:09:07:463 Simulator0 stopped
09/09 18:11:28:962 Simulator0 started
09/09 18:11:28:986 Starting process session
09/09 18:11:29:098 Total 0 instances are started
09/09 18:11:29:099 Total 1 instances are added
09/09 18:11:29:098 Begin to send message.
09/09 18:11:29:123 orderId = 0 | requestId = 0 | userId = system | channel = SMS | serviceAddress = 268 | keyword = DOI DIEM 3000 | isdn = 84922000514 | subscriberType = -1 | shipTo =  | actionType =  | productId = 0 | commandId = 0 | request =  | response =  | status = 1 | cause =  | description = 
09/09 18:11:29:124 message count: 1
09/09 18:11:34:203 End of process session
09/09 18:11:34:204 Simulator0 stopped
09/09 18:14:57:017 Simulator0 started
09/09 18:14:57:038 Starting process session
09/09 18:14:57:151 Total 0 instances are started
09/09 18:14:57:153 Total 1 instances are added
09/09 18:14:57:275 End of process session
09/09 18:15:04:275 Simulator0 stopped
09/09 18:15:06:035 Simulator0 started
09/09 18:15:06:053 Starting process session
09/09 18:15:06:161 Total 0 instances are started
09/09 18:15:06:162 Begin to send message.
ded
09/09 18:15:06:171 orderId = 0 | requestId = 0 | userId = system | channel = SMS | serviceAddress = 268 | keyword = DOI DIEM 3000 | isdn = 84922000514 | subscriberType = -1 | shipTo =  | actionType =  | productId = 0 | commandId = 0 | request =  | response =  | status = 1 | cause =  | description = 
09/09 18:15:06:173 message count: 1
09/09 18:15:11:271 End of process session
09/09 18:15:11:272 Simulator0 stopped
09/09 18:20:34:585 Simulator0 started
09/09 18:20:34:605 Starting process session
09/09 18:20:34:715 Total 0 instances are started
09/09 18:20:34:715 Begin to send message.
09/09 18:20:34:716 Total 1 instances are added
09/09 18:20:34:745 orderId = 0 | requestId = 0 | userId = system | channel = SMS | serviceAddress = 268 | keyword = DOI DIEM 3000 | isdn = 84922000514 | subscriberType = -1 | shipTo =  | actionType =  | productId = 0 | commandId = 0 | request =  | response =  | status = 1 | cause =  | description = 
09/09 18:20:34:746 message count: 1
09/09 18:20:39:820 End of process session
09/09 18:20:39:822 Simulator0 stopped
09/09 18:21:56:637 Simulator0 started
09/09 18:21:56:661 Starting process session
09/09 18:21:56:769 Total 0 instances are started
09/09 18:21:56:769 Begin to send message.
09/09 18:21:56:770 Total 1 instances are added
09/09 18:21:56:776 orderId = 0 | requestId = 0 | userId = system | channel = SMS | serviceAddress = 268 | keyword = DOI DIEM 3000 | isdn = 84922000514 | subscriberType = -1 | shipTo =  | actionType =  | productId = 0 | commandId = 0 | request =  | response =  | status = 1 | cause =  | description = 
09/09 18:21:56:777 message count: 1
09/09 18:22:01:875 End of process session
09/09 18:22:01:876 Simulator0 stopped
