31/08 10:43:01:173 Simulator0 started
31/08 10:43:01:191 Starting process session
31/08 10:43:01:321 Total 0 instances are started
31/08 10:43:01:321 Begin to send message.
31/08 10:43:01:322 Total 1 instances are added
31/08 10:43:01:474 orderId = 0 | requestId = 0 | userId = system | channel = SMS | serviceAddress = 268 | keyword = DK CAM | isdn = 84922000512 | subscriberType = -1 | shipTo =  | actionType =  | productId = 0 | commandId = 0 | request =  | response =  | status = 1 | cause =  | description = 
31/08 10:43:01:475 message count: 1
31/08 10:43:06:428 End of process session
31/08 10:43:06:430 Simulator0 stopped
31/08 10:47:57:326 Simulator0 started
31/08 10:47:57:352 Starting process session
31/08 10:47:57:461 Total 0 instances are started
31/08 10:47:57:461 Begin to send message.
31/08 10:47:57:462 Total 1 instances are added
31/08 10:47:57:485 orderId = 0 | requestId = 0 | userId = system | channel = SMS | serviceAddress = 268 | keyword = DK CAM | isdn = 84922000514 | subscriberType = -1 | shipTo =  | actionType =  | productId = 0 | commandId = 0 | request =  | response =  | status = 1 | cause =  | description = 
31/08 10:47:57:486 message count: 1
31/08 10:48:02:568 End of process session
31/08 10:48:02:569 Simulator0 stopped
31/08 11:04:14:591 Simulator0 started
31/08 11:04:14:612 Starting process session
31/08 11:04:14:722 Total 0 instances are started
31/08 11:04:14:722 Begin to send message.
31/08 11:04:14:723 Total 1 instances are added
31/08 11:04:14:732 orderId = 0 | requestId = 0 | userId = system | channel = SMS | serviceAddress = 268 | keyword = DOIDIEM 3000 | isdn = 84922000514 | subscriberType = -1 | shipTo =  | actionType =  | productId = 0 | commandId = 0 | request =  | response =  | status = 1 | cause =  | description = 
31/08 11:04:14:733 message count: 1
31/08 11:04:19:830 End of process session
31/08 11:04:19:831 Simulator0 stopped
31/08 11:08:14:883 Simulator0 started
31/08 11:08:14:906 Starting process session
31/08 11:08:15:022 Total 0 instances are started
31/08 11:08:15:023 Total 1 instances are added
31/08 11:08:15:022 Begin to send message.
31/08 11:08:15:089 orderId = 0 | requestId = 0 | userId = system | channel = SMS | serviceAddress = 268 | keyword = DOIDIEM 3000 | isdn = 84922000514 | subscriberType = -1 | shipTo =  | actionType =  | productId = 0 | commandId = 0 | request =  | response =  | status = 1 | cause =  | description = 
31/08 11:08:15:090 message count: 1
31/08 11:08:20:134 End of process session
31/08 11:08:20:135 Simulator0 stopped
31/08 11:11:07:358 Simulator0 started
31/08 11:11:07:380 Starting process session
31/08 11:11:07:496 Total 0 instances are started
31/08 11:11:07:497 Begin to send message.
31/08 11:11:07:497 Total 1 instances are added
31/08 11:11:07:539 orderId = 0 | requestId = 0 | userId = system | channel = SMS | serviceAddress = 268 | keyword = DOIDIEM 3000 | isdn = 84922000514 | subscriberType = -1 | shipTo =  | actionType =  | productId = 0 | commandId = 0 | request =  | response =  | status = 1 | cause =  | description = 
31/08 11:11:07:540 message count: 1
31/08 11:11:12:609 End of process session
31/08 11:11:12:610 Simulator0 stopped
31/08 11:13:18:451 Simulator0 started
31/08 11:13:18:470 Starting process session
31/08 11:13:18:581 Total 0 instances are started
31/08 11:13:18:581 Begin to send message.
31/08 11:13:18:582 Total 1 instances are added
31/08 11:13:18:621 orderId = 0 | requestId = 0 | userId = system | channel = SMS | serviceAddress = 268 | keyword = DOIDIEM 3000 | isdn = 84922000514 | subscriberType = -1 | shipTo =  | actionType =  | productId = 0 | commandId = 0 | request =  | response =  | status = 1 | cause =  | description = 
31/08 11:13:18:621 message count: 1
31/08 11:13:23:688 End of process session
31/08 11:13:23:690 Simulator0 stopped
31/08 11:17:29:583 Simulator0 started
31/08 11:17:29:601 Starting process session
31/08 11:17:29:712 Total 0 instances are started
31/08 11:17:29:713 Total 1 instances are added
31/08 11:17:29:821 End of process session
31/08 11:17:34:822 Simulator0 stopped
31/08 11:17:36:627 Simulator0 started
31/08 11:17:36:654 Starting process session
31/08 11:17:36:763 Total 0 instances are started
31/08 11:17:36:763 Begin to send message.
31/08 11:17:36:765 Total 1 instances are added
31/08 11:17:36:773 orderId = 0 | requestId = 0 | userId = system | channel = SMS | serviceAddress = 268 | keyword = TRADIEM | isdn = 84922000514 | subscriberType = -1 | shipTo =  | actionType =  | productId = 0 | commandId = 0 | request =  | response =  | status = 1 | cause =  | description = 
31/08 11:17:36:774 message count: 1
31/08 11:17:41:874 End of process session
31/08 11:17:41:876 Simulator0 stopped
31/08 11:19:16:720 Simulator0 started
31/08 11:19:16:746 Starting process session
31/08 11:19:16:856 Total 0 instances are started
31/08 11:19:16:857 Total 1 instances are added
31/08 11:19:16:864 orderId = 0 | requestId = 0 | userId = system | channel = SMS | serviceAddress = 268 | keyword = TRADIEM | isdn = 84922000514 | subscriberType = -1 | shipTo =  | actionType =  | productId = 0 | commandId = 0 | request =  | response =  | status = 1 | cause =  | description = 
31/08 11:19:16:865 message count: 1
31/08 11:19:21:963 End of process session
31/08 11:19:21:964 Simulator0 stopped
31/08 11:25:32:805 Simulator0 started
31/08 11:25:32:829 Starting process session
31/08 11:25:32:939 Total 0 instances are started
31/08 11:25:32:939 Begin to send message.
31/08 11:25:32:940 Total 1 instances are added
31/08 11:25:32:947 orderId = 0 | requestId = 0 | userId = system | channel = SMS | serviceAddress = 268 | keyword = HUY CAM | isdn = 84922000514 | subscriberType = -1 | shipTo =  | actionType =  | productId = 0 | commandId = 0 | request =  | response =  | status = 1 | cause =  | description = 
31/08 11:25:32:948 message count: 1
31/08 11:25:38:046 End of process session
31/08 11:25:38:047 Simulator0 stopped
31/08 11:26:17:845 Simulator0 started
31/08 11:26:17:868 Starting process session
31/08 11:26:17:981 Total 0 instances are started
31/08 11:26:17:982 Total 1 instances are added
31/08 11:26:17:981 Begin to send message.
31/08 11:26:17:989 orderId = 0 | requestId = 0 | userId = system | channel = SMS | serviceAddress = 268 | keyword = DOIDIEM 1000 | isdn = 84922000514 | subscriberType = -1 | shipTo =  | actionType =  | productId = 0 | commandId = 0 | request =  | response =  | status = 1 | cause =  | description = 
31/08 11:26:17:990 message count: 1
31/08 11:26:23:086 End of process session
31/08 11:26:23:087 Simulator0 stopped
31/08 11:31:51:201 Simulator0 started
31/08 11:31:51:221 Starting process session
31/08 11:31:51:337 Total 0 instances are started
31/08 11:31:51:338 Begin to send message.
31/08 11:31:51:339 Total 1 instances are added
31/08 11:31:51:378 orderId = 0 | requestId = 0 | userId = system | channel = SMS | serviceAddress = 268 | keyword = DOIDIEM 1000 | isdn = 84922000514 | subscriberType = -1 | shipTo =  | actionType =  | productId = 0 | commandId = 0 | request =  | response =  | status = 1 | cause =  | description = 
31/08 11:31:51:379 message count: 1
31/08 11:31:56:480 Begin to send message.
31/08 11:32:01:445 End of process session
31/08 11:32:01:446 Simulator0 stopped
31/08 11:43:05:716 Simulator0 started
31/08 11:43:05:737 Starting process session
31/08 11:43:05:852 Total 0 instances are started
31/08 11:43:05:852 Begin to send message.
31/08 11:43:05:853 Total 1 instances are added
31/08 11:43:05:900 orderId = 0 | requestId = 0 | userId = system | channel = SMS | serviceAddress = 268 | keyword = DOIDIEM 1000 | isdn = 84922000514 | subscriberType = -1 | shipTo =  | actionType =  | productId = 0 | commandId = 0 | request =  | response =  | status = 1 | cause =  | description = 
31/08 11:43:05:901 message count: 1
31/08 11:43:10:972 End of process session
31/08 11:43:10:974 Simulator0 stopped
31/08 11:44:19:409 Simulator0 started
31/08 11:44:19:430 Starting process session
31/08 11:44:19:552 Total 0 instances are started
31/08 11:44:19:552 Begin to send message.
31/08 11:44:19:554 Total 1 instances are added
31/08 11:44:19:596 orderId = 0 | requestId = 0 | userId = system | channel = SMS | serviceAddress = 268 | keyword = DOIDIEM 1000 | isdn = 84922000514 | subscriberType = -1 | shipTo =  | actionType =  | productId = 0 | commandId = 0 | request =  | response =  | status = 1 | cause =  | description = 
31/08 11:44:19:597 message count: 1
31/08 11:44:24:660 End of process session
31/08 11:44:24:663 Simulator0 stopped
31/08 11:45:38:831 Simulator0 started
31/08 11:45:38:857 Starting process session
31/08 11:45:38:972 Total 0 instances are started
31/08 11:45:38:973 Total 1 instances are added
31/08 11:45:39:079 End of process session
31/08 11:45:44:079 Simulator0 stopped
31/08 11:45:45:861 Simulator0 started
31/08 11:45:45:883 Starting process session
31/08 11:45:45:996 Total 0 instances are started
31/08 11:45:45:997 Total 1 instances are added
31/08 11:45:46:107 End of process session
31/08 11:45:52:108 Simulator0 stopped
31/08 11:45:53:894 Simulator0 started
31/08 11:45:53:919 Starting process session
31/08 11:45:54:031 Total 0 instances are started
31/08 11:45:54:032 Total 1 instances are added
31/08 11:45:54:031 Begin to send message.
31/08 11:45:54:070 orderId = 0 | requestId = 0 | userId = system | channel = SMS | serviceAddress = 268 | keyword = DOIDIEM 1000 | isdn = 84922000514 | subscriberType = -1 | shipTo =  | actionType =  | productId = 0 | commandId = 0 | request =  | response =  | status = 1 | cause =  | description = 
31/08 11:45:54:070 message count: 1
31/08 11:45:59:173 Begin to send message.
31/08 11:46:04:138 End of process session
31/08 11:46:04:139 Simulator0 stopped
31/08 11:50:42:976 Simulator0 started
31/08 11:50:42:998 Starting process session
31/08 11:50:43:111 Total 0 instances are started
31/08 11:50:43:112 Total 1 instances are added
31/08 11:50:43:112 Begin to send message.
31/08 11:50:43:148 orderId = 0 | requestId = 0 | userId = system | channel = SMS | serviceAddress = 268 | keyword = DOIDIEM 1000 | isdn = 84922000514 | subscriberType = -1 | shipTo =  | actionType =  | productId = 0 | commandId = 0 | request =  | response =  | status = 1 | cause =  | description = 
31/08 11:50:43:149 message count: 1
31/08 11:50:48:218 End of process session
31/08 11:50:48:219 Simulator0 stopped
31/08 11:55:23:374 Simulator0 started
31/08 11:55:23:396 Starting process session
31/08 11:55:23:512 Total 0 instances are started
31/08 11:55:23:512 Begin to send message.
31/08 11:55:23:513 Total 1 instances are added
31/08 11:55:23:553 orderId = 0 | requestId = 0 | userId = system | channel = SMS | serviceAddress = 268 | keyword = DOIDIEM 1000 | isdn = 84922000514 | subscriberType = -1 | shipTo =  | actionType =  | productId = 0 | commandId = 0 | request =  | response =  | status = 1 | cause =  | description = 
31/08 11:55:23:554 message count: 1
31/08 11:55:28:619 End of process session
31/08 11:55:28:621 Simulator0 stopped
31/08 11:58:58:637 Simulator0 started
31/08 11:58:58:661 Starting process session
31/08 11:58:58:775 Total 0 instances are started
31/08 11:58:58:775 Begin to send message.
31/08 11:58:58:776 Total 1 instances are added
31/08 11:58:58:817 orderId = 0 | requestId = 0 | userId = system | channel = SMS | serviceAddress = 268 | keyword = DOIDIEM 1000 | isdn = 84922000514 | subscriberType = -1 | shipTo =  | actionType =  | productId = 0 | commandId = 0 | request =  | response =  | status = 1 | cause =  | description = 
31/08 11:58:58:818 message count: 1
31/08 11:59:03:897 End of process session
31/08 11:59:03:898 Simulator0 stopped
31/08 12:20:34:527 Simulator0 started
31/08 12:20:34:555 Starting process session
31/08 12:20:34:667 Total 0 instances are started
31/08 12:20:34:668 Begin to send message.
31/08 12:20:34:669 Total 1 instances are added
31/08 12:20:34:723 orderId = 0 | requestId = 0 | userId = system | channel = SMS | serviceAddress = 268 | keyword = DOIDIEM 1000 | isdn = 84922000514 | subscriberType = -1 | shipTo =  | actionType =  | productId = 0 | commandId = 0 | request =  | response =  | status = 1 | cause =  | description = 
31/08 12:20:34:724 message count: 1
31/08 12:20:39:826 Begin to send message.
31/08 12:20:44:788 End of process session
31/08 12:20:44:789 Simulator0 stopped
31/08 12:21:02:548 Simulator0 started
31/08 12:21:02:568 Starting process session
31/08 12:21:02:683 Total 0 instances are started
31/08 12:21:02:684 Begin to send message.
31/08 12:21:02:685 Total 1 instances are added
31/08 12:21:02:699 orderId = 0 | requestId = 0 | userId = system | channel = SMS | serviceAddress = 268 | keyword = DOIDIEM 1000 | isdn = 84922000514 | subscriberType = -1 | shipTo =  | actionType =  | productId = 0 | commandId = 0 | request =  | response =  | status = 1 | cause =  | description = 
31/08 12:21:02:700 message count: 1
31/08 12:21:07:797 End of process session
31/08 12:21:07:798 Simulator0 stopped
31/08 12:23:29:941 Simulator0 started
31/08 12:23:29:962 Starting process session
31/08 12:23:30:075 Total 0 instances are started
31/08 12:23:30:076 Begin to send message.
31/08 12:23:30:077 Total 1 instances are added
31/08 12:23:30:116 orderId = 0 | requestId = 0 | userId = system | channel = SMS | serviceAddress = 268 | keyword = DOIDIEM 1000 | isdn = 84922000514 | subscriberType = -1 | shipTo =  | actionType =  | productId = 0 | commandId = 0 | request =  | response =  | status = 1 | cause =  | description = 
31/08 12:23:30:117 message count: 1
31/08 12:23:35:187 End of process session
31/08 12:23:35:193 Simulator0 stopped
31/08 12:24:39:073 Simulator0 started
31/08 12:24:39:097 Starting process session
31/08 12:24:39:208 Total 0 instances are started
31/08 12:24:39:208 Begin to send message.
31/08 12:24:39:209 Total 1 instances are added
31/08 12:24:39:244 orderId = 0 | requestId = 0 | userId = system | channel = SMS | serviceAddress = 268 | keyword = DOIDIEM 1000 | isdn = 84922000514 | subscriberType = -1 | shipTo =  | actionType =  | productId = 0 | commandId = 0 | request =  | response =  | status = 1 | cause =  | description = 
31/08 12:24:39:245 message count: 1
31/08 12:24:44:315 End of process session
31/08 12:24:44:316 Simulator0 stopped
31/08 12:28:15:512 Simulator0 started
31/08 12:28:15:533 Starting process session
31/08 12:28:15:647 Total 0 instances are started
31/08 12:28:15:649 Total 1 instances are added
31/08 12:28:15:647 Begin to send message.
31/08 12:28:15:689 orderId = 0 | requestId = 0 | userId = system | channel = SMS | serviceAddress = 268 | keyword = DOIDIEM 1000 | isdn = 84922000514 | subscriberType = -1 | shipTo =  | actionType =  | productId = 0 | commandId = 0 | request =  | response =  | status = 1 | cause =  | description = 
31/08 12:28:15:690 message count: 1
31/08 12:28:20:754 End of process session
31/08 12:28:20:755 Simulator0 stopped
31/08 12:33:42:933 Simulator0 started
31/08 12:33:42:954 Starting process session
31/08 12:33:43:068 Total 0 instances are started
31/08 12:33:43:069 Total 1 instances are added
31/08 12:33:43:071 Begin to send message.
31/08 12:33:43:110 orderId = 0 | requestId = 0 | userId = system | channel = SMS | serviceAddress = 268 | keyword = DOIDIEM 1000 | isdn = 84922000514 | subscriberType = -1 | shipTo =  | actionType =  | productId = 0 | commandId = 0 | request =  | response =  | status = 1 | cause =  | description = 
31/08 12:33:43:111 message count: 1
31/08 12:33:48:217 Begin to send message.
31/08 12:33:53:188 End of process session
31/08 12:33:53:189 Simulator0 stopped
31/08 12:43:01:584 Simulator0 started
31/08 12:43:01:607 Starting process session
31/08 12:43:06:132 End of process session
31/08 12:43:06:134 Simulator0 stopped
31/08 12:43:07:621 Simulator0 started
31/08 12:43:07:641 Starting process session
31/08 12:43:12:256 Total 0 instances are started
31/08 12:43:12:256 Begin to send message.
31/08 12:43:12:257 Total 1 instances are added
31/08 12:43:12:305 orderId = 0 | requestId = 0 | userId = system | channel = SMS | serviceAddress = 268 | keyword = DOIDIEM 1000 | isdn = 84922000514 | subscriberType = -1 | shipTo =  | actionType =  | productId = 0 | commandId = 0 | request =  | response =  | status = 1 | cause =  | description = 
31/08 12:43:12:309 message count: 1
31/08 12:43:17:378 End of process session
31/08 12:43:17:379 Simulator0 stopped
31/08 12:43:41:680 Simulator0 started
31/08 12:43:41:700 Starting process session
31/08 12:43:41:811 Total 0 instances are started
31/08 12:43:41:812 Total 1 instances are added
31/08 12:43:41:811 Begin to send message.
31/08 12:43:41:827 orderId = 0 | requestId = 0 | userId = system | channel = SMS | serviceAddress = 268 | keyword = DOIDIEM 1000 | isdn = 84922000514 | subscriberType = -1 | shipTo =  | actionType =  | productId = 0 | commandId = 0 | request =  | response =  | status = 1 | cause =  | description = 
31/08 12:43:41:828 message count: 1
31/08 12:43:46:921 End of process session
31/08 12:43:46:922 Simulator0 stopped
31/08 12:44:06:759 Simulator0 started
31/08 12:44:06:779 Starting process session
31/08 12:44:06:891 Total 0 instances are started
31/08 12:44:06:893 Total 1 instances are added
31/08 12:44:06:892 Begin to send message.
31/08 12:44:06:899 orderId = 0 | requestId = 0 | userId = system | channel = SMS | serviceAddress = 268 | keyword = DOIDIEM 1000 | isdn = 84922000514 | subscriberType = -1 | shipTo =  | actionType =  | productId = 0 | commandId = 0 | request =  | response =  | status = 1 | cause =  | description = 
31/08 12:44:06:900 message count: 1
31/08 12:44:12:006 End of process session
31/08 12:44:12:008 Simulator0 stopped
31/08 12:44:50:116 Simulator0 started
31/08 12:44:50:140 Starting process session
31/08 12:44:50:254 Total 0 instances are started
31/08 12:44:50:256 Total 1 instances are added
31/08 12:44:50:254 Begin to send message.
31/08 12:44:50:276 orderId = 0 | requestId = 0 | userId = system | channel = SMS | serviceAddress = 268 | keyword = DOIDIEM 1000 | isdn = 84922000514 | subscriberType = -1 | shipTo =  | actionType =  | productId = 0 | commandId = 0 | request =  | response =  | status = 1 | cause =  | description = 
31/08 12:44:50:278 message count: 1
31/08 12:44:55:381 Begin to send message.
31/08 12:45:00:382 Begin to send message.
31/08 12:45:05:384 Begin to send message.
31/08 12:45:10:364 End of process session
31/08 12:45:10:367 Simulator0 stopped
31/08 12:45:12:155 Simulator0 started
31/08 12:45:12:178 Starting process session
31/08 12:45:12:291 Total 0 instances are started
31/08 12:45:12:292 Total 1 instances are added
31/08 12:45:12:397 End of process session
31/08 12:45:19:399 Simulator0 stopped
31/08 12:45:33:220 Simulator0 started
31/08 12:45:33:241 Starting process session
31/08 12:45:33:353 Total 0 instances are started
31/08 12:45:33:355 Total 1 instances are added
31/08 12:45:33:462 End of process session
31/08 12:45:41:465 Simulator0 stopped
31/08 12:45:43:266 Simulator0 started
31/08 12:45:43:287 Starting process session
31/08 12:45:43:400 Total 0 instances are started
31/08 12:45:43:401 Total 1 instances are added
31/08 12:45:43:401 Begin to send message.
31/08 12:45:43:411 orderId = 0 | requestId = 0 | userId = system | channel = SMS | serviceAddress = 268 | keyword = DOIDIEM 1000 | isdn = 84922000514 | subscriberType = -1 | shipTo =  | actionType =  | productId = 0 | commandId = 0 | request =  | response =  | status = 1 | cause =  | description = 
31/08 12:45:43:412 message count: 1
31/08 12:45:48:510 End of process session
31/08 12:45:48:511 Simulator0 stopped
31/08 12:47:37:054 Simulator0 started
31/08 12:47:37:073 Starting process session
31/08 12:47:37:189 Total 0 instances are started
31/08 12:47:37:191 Total 1 instances are added
31/08 12:47:37:192 Begin to send message.
31/08 12:47:37:209 orderId = 0 | requestId = 0 | userId = system | channel = SMS | serviceAddress = 268 | keyword = DOIDIEM 1000 | isdn = 84922000514 | subscriberType = -1 | shipTo =  | actionType =  | productId = 0 | commandId = 0 | request =  | response =  | status = 1 | cause =  | description = 
31/08 12:47:37:210 message count: 1
31/08 12:47:42:299 End of process session
31/08 12:47:42:300 Simulator0 stopped
31/08 12:47:44:083 Simulator0 started
31/08 12:47:44:112 Starting process session
31/08 12:47:44:224 Total 0 instances are started
31/08 12:47:44:225 Begin to send message.
31/08 12:47:44:227 Total 1 instances are added
31/08 12:47:44:234 orderId = 0 | requestId = 0 | userId = system | channel = SMS | serviceAddress = 268 | keyword = DOIDIEM 1000 | isdn = 84922000514 | subscriberType = -1 | shipTo =  | actionType =  | productId = 0 | commandId = 0 | request =  | response =  | status = 1 | cause =  | description = 
31/08 12:47:44:237 message count: 1
31/08 12:47:49:335 End of process session
31/08 12:47:49:336 Simulator0 stopped
31/08 12:56:19:689 Simulator0 started
31/08 12:56:19:713 Starting process session
31/08 12:56:20:747 com.sun.messaging.jms.JMSException: [C4003]: Error occurred on connection creation [10.32.62.39:7676]. - cause: java.net.ConnectException: Connection refused: connect
31/08 12:56:20:748 End of process session
31/08 12:56:23:748 Simulator0 stopped
31/08 13:03:19:261 Simulator0 started
31/08 13:03:19:283 Starting process session
31/08 13:03:19:394 Total 0 instances are started
31/08 13:03:19:394 Begin to send message.
31/08 13:03:19:395 Total 1 instances are added
31/08 13:03:19:526 orderId = 0 | requestId = 0 | userId = system | channel = SMS | serviceAddress = 268 | keyword = DOIDIEM 1000 | isdn = 84922000514 | subscriberType = -1 | shipTo =  | actionType =  | productId = 0 | commandId = 0 | request =  | response =  | status = 1 | cause =  | description = 
31/08 13:03:19:527 message count: 1
31/08 13:03:24:500 End of process session
31/08 13:03:24:501 Simulator0 stopped
31/08 13:04:20:304 Simulator0 started
31/08 13:04:20:330 Starting process session
31/08 13:04:20:440 Total 0 instances are started
31/08 13:04:20:441 Total 1 instances are added
31/08 13:04:20:440 Begin to send message.
31/08 13:04:20:449 orderId = 0 | requestId = 0 | userId = system | channel = SMS | serviceAddress = 268 | keyword = DOIDIEM 1000 | isdn = 84922000514 | subscriberType = -1 | shipTo =  | actionType =  | productId = 0 | commandId = 0 | request =  | response =  | status = 1 | cause =  | description = 
31/08 13:04:20:450 message count: 1
31/08 13:04:25:547 End of process session
31/08 13:04:25:548 Simulator0 stopped
31/08 13:04:27:339 Simulator0 started
31/08 13:04:27:357 Starting process session
31/08 13:04:27:466 Total 0 instances are started
31/08 13:04:27:466 Begin to send message.
31/08 13:04:27:467 Total 1 instances are added
31/08 13:04:27:473 orderId = 0 | requestId = 0 | userId = system | channel = SMS | serviceAddress = 268 | keyword = DOIDIEM 1000 | isdn = 84922000514 | subscriberType = -1 | shipTo =  | actionType =  | productId = 0 | commandId = 0 | request =  | response =  | status = 1 | cause =  | description = 
31/08 13:04:27:474 message count: 1
31/08 13:04:32:572 End of process session
31/08 13:04:32:573 Simulator0 stopped
31/08 13:04:34:371 Simulator0 started
31/08 13:04:34:392 Starting process session
31/08 13:04:34:501 Total 0 instances are started
31/08 13:04:34:501 Begin to send message.
31/08 13:04:34:502 Total 1 instances are added
31/08 13:04:34:510 orderId = 0 | requestId = 0 | userId = system | channel = SMS | serviceAddress = 268 | keyword = DOIDIEM 1000 | isdn = 84922000514 | subscriberType = -1 | shipTo =  | actionType =  | productId = 0 | commandId = 0 | request =  | response =  | status = 1 | cause =  | description = 
31/08 13:04:34:512 message count: 1
31/08 13:04:39:608 End of process session
31/08 13:04:39:609 Simulator0 stopped
31/08 13:05:22:697 Simulator0 started
31/08 13:05:22:716 Starting process session
31/08 13:05:22:832 Total 0 instances are started
31/08 13:05:22:833 Total 1 instances are added
31/08 13:05:22:833 Begin to send message.
31/08 13:05:22:885 orderId = 0 | requestId = 0 | userId = system | channel = SMS | serviceAddress = 268 | keyword = DOIDIEM 1000 | isdn = 84922000514 | subscriberType = -1 | shipTo =  | actionType =  | productId = 0 | commandId = 0 | request =  | response =  | status = 1 | cause =  | description = 
31/08 13:05:22:886 message count: 1
31/08 13:05:27:939 End of process session
31/08 13:05:27:941 Simulator0 stopped
31/08 13:14:53:955 Simulator0 started
31/08 13:14:53:976 Starting process session
31/08 13:14:54:089 Total 0 instances are started
31/08 13:14:54:089 Begin to send message.
31/08 13:14:54:090 Total 1 instances are added
31/08 13:14:54:120 orderId = 0 | requestId = 0 | userId = system | channel = SMS | serviceAddress = 268 | keyword = DOIDIEM 1000 | isdn = 84922000514 | subscriberType = -1 | shipTo =  | actionType =  | productId = 0 | commandId = 0 | request =  | response =  | status = 1 | cause =  | description = 
31/08 13:14:54:121 message count: 1
31/08 13:14:59:197 End of process session
31/08 13:14:59:198 Simulator0 stopped
31/08 13:15:53:675 Simulator0 started
31/08 13:15:53:698 Starting process session
31/08 13:15:53:810 Total 0 instances are started
31/08 13:15:53:810 Begin to send message.
31/08 13:15:53:811 Total 1 instances are added
31/08 13:15:53:848 orderId = 0 | requestId = 0 | userId = system | channel = SMS | serviceAddress = 268 | keyword = DOIDIEM 1000 | isdn = 84922000514 | subscriberType = -1 | shipTo =  | actionType =  | productId = 0 | commandId = 0 | request =  | response =  | status = 1 | cause =  | description = 
31/08 13:15:53:849 message count: 1
31/08 13:15:58:929 End of process session
31/08 13:15:58:930 Simulator0 stopped
31/08 13:19:16:814 Simulator0 started
31/08 13:19:16:834 Starting process session
31/08 13:19:16:944 Total 0 instances are started
31/08 13:19:16:944 Begin to send message.
31/08 13:19:16:945 Total 1 instances are added
31/08 13:19:16:953 orderId = 0 | requestId = 0 | userId = system | channel = SMS | serviceAddress = 268 | keyword = DOIDIEM 1000 | isdn = 84922000514 | subscriberType = -1 | shipTo =  | actionType =  | productId = 0 | commandId = 0 | request =  | response =  | status = 1 | cause =  | description = 
31/08 13:19:16:955 message count: 1
31/08 13:19:22:050 End of process session
31/08 13:19:22:052 Simulator0 stopped
31/08 13:19:23:858 Simulator0 started
31/08 13:19:23:881 Starting process session
31/08 13:19:23:991 Total 0 instances are started
31/08 13:19:23:992 Total 1 instances are added
31/08 13:19:23:991 Begin to send message.
31/08 13:19:23:999 orderId = 0 | requestId = 0 | userId = system | channel = SMS | serviceAddress = 268 | keyword = DOIDIEM 1000 | isdn = 84922000514 | subscriberType = -1 | shipTo =  | actionType =  | productId = 0 | commandId = 0 | request =  | response =  | status = 1 | cause =  | description = 
31/08 13:19:24:001 message count: 1
31/08 13:19:29:100 End of process session
31/08 13:19:29:101 Simulator0 stopped
31/08 13:20:22:588 Simulator0 started
31/08 13:20:22:613 Starting process session
31/08 13:20:22:727 Total 0 instances are started
31/08 13:20:22:728 Total 1 instances are added
31/08 13:20:22:836 End of process session
31/08 13:20:28:838 Simulator0 stopped
31/08 13:20:30:624 Simulator0 started
31/08 13:20:30:644 Starting process session
31/08 13:20:30:757 Total 0 instances are started
31/08 13:20:30:758 Total 1 instances are added
31/08 13:20:30:866 End of process session
31/08 13:20:38:867 Simulator0 stopped
31/08 13:20:40:662 Simulator0 started
31/08 13:20:40:682 Starting process session
31/08 13:20:40:795 Total 0 instances are started
31/08 13:20:40:796 Total 1 instances are added
31/08 13:20:40:797 Begin to send message.
31/08 13:20:40:842 orderId = 0 | requestId = 0 | userId = system | channel = SMS | serviceAddress = 268 | keyword = DOIDIEM 1000 | isdn = 84922000514 | subscriberType = -1 | shipTo =  | actionType =  | productId = 0 | commandId = 0 | request =  | response =  | status = 1 | cause =  | description = 
31/08 13:20:40:843 message count: 1
31/08 13:20:45:944 Begin to send message.
31/08 13:20:50:906 End of process session
31/08 13:20:50:907 Simulator0 stopped
31/08 13:21:43:106 Simulator0 started
31/08 13:21:43:130 Starting process session
31/08 13:21:43:243 Total 0 instances are started
31/08 13:21:43:244 Total 1 instances are added
31/08 13:21:43:361 End of process session
31/08 13:21:49:362 Simulator0 stopped
31/08 13:21:51:136 Simulator0 started
31/08 13:21:51:157 Starting process session
31/08 13:21:51:270 Total 0 instances are started
31/08 13:21:51:271 Total 1 instances are added
31/08 13:21:51:377 End of process session
31/08 13:21:58:379 Simulator0 stopped
31/08 13:22:00:167 Simulator0 started
31/08 13:22:00:188 Starting process session
31/08 13:22:00:300 Total 0 instances are started
31/08 13:22:00:301 Total 1 instances are added
31/08 13:22:00:406 End of process session
31/08 13:22:09:406 Simulator0 stopped
31/08 13:22:11:203 Simulator0 started
31/08 13:22:11:223 Starting process session
31/08 13:22:11:336 Total 0 instances are started
31/08 13:22:11:337 Total 1 instances are added
31/08 13:22:11:336 Begin to send message.
31/08 13:22:11:376 orderId = 0 | requestId = 0 | userId = system | channel = SMS | serviceAddress = 268 | keyword = DOIDIEM 1000 | isdn = 84922000514 | subscriberType = -1 | shipTo =  | actionType =  | productId = 0 | commandId = 0 | request =  | response =  | status = 1 | cause =  | description = 
31/08 13:22:11:377 message count: 1
31/08 13:22:16:479 Begin to send message.
31/08 13:22:21:480 Begin to send message.
31/08 13:22:26:481 Begin to send message.
31/08 13:22:50:513 Simulator0 started
31/08 13:22:50:535 Starting process session
31/08 13:22:50:644 Total 0 instances are started
31/08 13:22:50:644 Begin to send message.
31/08 13:22:50:645 Total 1 instances are added
31/08 13:22:50:682 orderId = 0 | requestId = 0 | userId = system | channel = SMS | serviceAddress = 268 | keyword = DOIDIEM 1000 | isdn = 84922000514 | subscriberType = -1 | shipTo =  | actionType =  | productId = 0 | commandId = 0 | request =  | response =  | status = 1 | cause =  | description = 
31/08 13:22:50:683 message count: 1
31/08 13:22:55:785 Begin to send message.
31/08 13:23:00:749 End of process session
31/08 13:23:00:750 Simulator0 stopped
31/08 13:27:58:595 Simulator0 started
31/08 13:27:58:621 Starting process session
31/08 13:27:58:729 Total 0 instances are started
31/08 13:27:58:729 Begin to send message.
31/08 13:27:58:730 Total 1 instances are added
31/08 13:27:58:737 orderId = 0 | requestId = 0 | userId = system | channel = SMS | serviceAddress = 268 | keyword = TRADIEM | isdn = 84922000514 | subscriberType = -1 | shipTo =  | actionType =  | productId = 0 | commandId = 0 | request =  | response =  | status = 1 | cause =  | description = 
31/08 13:27:58:739 message count: 1
31/08 13:28:03:865 End of process session
31/08 13:28:03:866 Simulator0 stopped
31/08 13:28:43:633 Simulator0 started
31/08 13:28:43:652 Starting process session
31/08 13:28:43:760 Total 0 instances are started
31/08 13:28:43:760 Begin to send message.
31/08 13:28:43:761 Total 1 instances are added
31/08 13:28:43:769 orderId = 0 | requestId = 0 | userId = system | channel = SMS | serviceAddress = 268 | keyword = TRADIEM | isdn = 84922000514 | subscriberType = -1 | shipTo =  | actionType =  | productId = 0 | commandId = 0 | request =  | response =  | status = 1 | cause =  | description = 
31/08 13:28:43:770 message count: 1
31/08 13:28:48:866 End of process session
31/08 13:28:48:867 Simulator0 stopped
31/08 13:30:35:669 Simulator0 started
31/08 13:30:35:693 Starting process session
31/08 13:30:35:801 Total 0 instances are started
31/08 13:30:35:802 Begin to send message.
31/08 13:30:35:803 Total 1 instances are added
31/08 13:30:35:808 orderId = 0 | requestId = 0 | userId = system | channel = SMS | serviceAddress = 268 | keyword = TRADIEM | isdn = 84922000514 | subscriberType = -1 | shipTo =  | actionType =  | productId = 0 | commandId = 0 | request =  | response =  | status = 1 | cause =  | description = 
31/08 13:30:35:809 message count: 1
31/08 13:30:40:910 End of process session
31/08 13:30:40:912 Simulator0 stopped
31/08 13:30:50:730 Simulator0 started
31/08 13:30:50:756 Starting process session
31/08 13:30:50:867 Begin to send message.
31/08 13:30:50:867 Total 0 instances are started
31/08 13:30:50:870 Total 1 instances are added
31/08 13:30:50:875 orderId = 0 | requestId = 0 | userId = system | channel = SMS | serviceAddress = 268 | keyword = TRADIEM | isdn = 84922000514 | subscriberType = -1 | shipTo =  | actionType =  | productId = 0 | commandId = 0 | request =  | response =  | status = 1 | cause =  | description = 
31/08 13:30:50:876 message count: 1
31/08 13:30:55:976 End of process session
31/08 13:30:55:977 Simulator0 stopped
31/08 13:34:09:118 Simulator0 started
31/08 13:34:09:146 Starting process session
31/08 13:34:09:257 Total 0 instances are started
31/08 13:34:09:257 Begin to send message.
ded
31/08 13:34:09:284 orderId = 0 | requestId = 0 | userId = system | channel = SMS | serviceAddress = 268 | keyword = TRADIEM | isdn = 84922000514 | subscriberType = -1 | shipTo =  | actionType =  | productId = 0 | commandId = 0 | request =  | response =  | status = 1 | cause =  | description = 
31/08 13:34:09:284 message count: 1
31/08 13:34:14:365 End of process session
31/08 13:34:14:366 Simulator0 stopped
31/08 13:46:21:669 Simulator0 started
31/08 13:46:21:690 Starting process session
31/08 13:46:21:801 Total 0 instances are started
31/08 13:46:21:802 Total 1 instances are added
31/08 13:46:21:801 Begin to send message.
31/08 13:46:21:832 orderId = 0 | requestId = 0 | userId = system | channel = SMS | serviceAddress = 268 | keyword = TRADIEM | isdn = 84922000514 | subscriberType = -1 | shipTo =  | actionType =  | productId = 0 | commandId = 0 | request =  | response =  | status = 1 | cause =  | description = 
31/08 13:46:21:833 message count: 1
31/08 13:46:26:908 End of process session
31/08 13:46:26:909 Simulator0 stopped
31/08 13:47:08:702 Simulator0 started
31/08 13:47:08:726 Starting process session
31/08 13:47:08:834 Total 0 instances are started
31/08 13:47:08:835 Total 1 instances are added
31/08 13:47:08:834 Begin to send message.
31/08 13:47:08:843 orderId = 0 | requestId = 0 | userId = system | channel = SMS | serviceAddress = 268 | keyword = DK CAM | isdn = 84922000514 | subscriberType = -1 | shipTo =  | actionType =  | productId = 0 | commandId = 0 | request =  | response =  | status = 1 | cause =  | description = 
31/08 13:47:08:844 message count: 1
31/08 13:47:13:940 End of process session
31/08 13:47:13:942 Simulator0 stopped
31/08 13:47:38:739 Simulator0 started
31/08 13:47:38:760 Starting process session
31/08 13:47:38:870 Total 0 instances are started
31/08 13:47:38:870 Begin to send message.
31/08 13:47:38:871 Total 1 instances are added
31/08 13:47:38:877 orderId = 0 | requestId = 0 | userId = system | channel = SMS | serviceAddress = 268 | keyword = TRADIEM | isdn = 84922000514 | subscriberType = -1 | shipTo =  | actionType =  | productId = 0 | commandId = 0 | request =  | response =  | status = 1 | cause =  | description = 
31/08 13:47:38:879 message count: 1
31/08 13:47:43:976 End of process session
31/08 13:47:43:977 Simulator0 stopped
31/08 13:50:01:000 Simulator0 started
31/08 13:50:01:021 Starting process session
31/08 13:50:01:135 Total 0 instances are started
31/08 13:50:01:136 Begin to send message.
31/08 13:50:01:137 Total 1 instances are added
31/08 13:50:01:168 orderId = 0 | requestId = 0 | userId = system | channel = SMS | serviceAddress = 268 | keyword = TRADIEM | isdn = 84922000514 | subscriberType = -1 | shipTo =  | actionType =  | productId = 0 | commandId = 0 | request =  | response =  | status = 1 | cause =  | description = 
31/08 13:50:01:170 message count: 1
31/08 13:50:06:249 End of process session
31/08 13:50:06:250 Simulator0 stopped
31/08 13:53:56:173 Simulator0 started
31/08 13:53:56:193 Starting process session
31/08 13:53:56:302 Total 0 instances are started
31/08 13:53:56:302 Begin to send message.
31/08 13:53:56:303 Total 1 instances are added
31/08 13:53:56:327 orderId = 0 | requestId = 0 | userId = system | channel = SMS | serviceAddress = 268 | keyword = TRADIEM | isdn = 84922000514 | subscriberType = -1 | shipTo =  | actionType =  | productId = 0 | commandId = 0 | request =  | response =  | status = 1 | cause =  | description = 
31/08 13:53:56:327 message count: 1
31/08 13:54:01:410 End of process session
31/08 13:54:01:411 Simulator0 stopped
31/08 13:57:04:849 Simulator0 started
31/08 13:57:04:869 Starting process session
31/08 13:57:04:983 Total 0 instances are started
31/08 13:57:04:984 Begin to send message.
31/08 13:57:04:984 Total 1 instances are added
31/08 13:57:05:018 orderId = 0 | requestId = 0 | userId = system | channel = SMS | serviceAddress = 268 | keyword = TRADIEM | isdn = 84922000514 | subscriberType = -1 | shipTo =  | actionType =  | productId = 0 | commandId = 0 | request =  | response =  | status = 1 | cause =  | description = 
31/08 13:57:05:019 message count: 1
31/08 13:57:10:093 End of process session
31/08 13:57:10:097 Simulator0 stopped
31/08 13:57:46:887 Simulator0 started
31/08 13:57:46:910 Starting process session
31/08 13:57:47:023 Total 0 instances are started
31/08 13:57:47:024 Begin to send message.
31/08 13:57:47:024 Total 1 instances are added
31/08 13:57:47:033 orderId = 0 | requestId = 0 | userId = system | channel = SMS | serviceAddress = 268 | keyword = TRADIEM | isdn = 84922000514 | subscriberType = -1 | shipTo =  | actionType =  | productId = 0 | commandId = 0 | request =  | response =  | status = 1 | cause =  | description = 
31/08 13:57:47:034 message count: 1
31/08 13:57:52:133 End of process session
31/08 13:57:52:134 Simulator0 stopped
31/08 13:57:53:925 Simulator0 started
31/08 13:57:53:946 Starting process session
31/08 13:57:54:057 Total 0 instances are started
31/08 13:57:54:057 Begin to send message.
31/08 13:57:54:058 Total 1 instances are added
31/08 13:57:54:065 orderId = 0 | requestId = 0 | userId = system | channel = SMS | serviceAddress = 268 | keyword = TRADIEM | isdn = 84922000514 | subscriberType = -1 | shipTo =  | actionType =  | productId = 0 | commandId = 0 | request =  | response =  | status = 1 | cause =  | description = 
31/08 13:57:54:067 message count: 1
31/08 13:57:59:166 End of process session
31/08 13:57:59:168 Simulator0 stopped
31/08 14:01:54:654 Simulator0 started
31/08 14:01:54:680 Starting process session
31/08 14:01:54:793 Total 0 instances are started
31/08 14:01:54:794 Total 1 instances are added
31/08 14:01:54:794 Begin to send message.
31/08 14:01:54:831 orderId = 0 | requestId = 0 | userId = system | channel = SMS | serviceAddress = 268 | keyword = TRADIEM | isdn = 84922000514 | subscriberType = -1 | shipTo =  | actionType =  | productId = 0 | commandId = 0 | request =  | response =  | status = 1 | cause =  | description = 
31/08 14:01:54:832 message count: 1
31/08 14:01:59:923 End of process session
31/08 14:01:59:929 Simulator0 stopped
31/08 14:08:40:086 Simulator0 started
31/08 14:08:40:108 Starting process session
31/08 14:08:40:217 Total 0 instances are started
31/08 14:08:40:219 Total 1 instances are added
31/08 14:08:40:217 Begin to send message.
31/08 14:08:40:250 orderId = 0 | requestId = 0 | userId = system | channel = SMS | serviceAddress = 268 | keyword = TRADIEM | isdn = 84922000514 | subscriberType = -1 | shipTo =  | actionType =  | productId = 0 | commandId = 0 | request =  | response =  | status = 1 | cause =  | description = 
31/08 14:08:40:251 message count: 1
31/08 14:08:45:327 End of process session
31/08 14:08:45:330 Simulator0 stopped
31/08 14:38:06:739 Simulator0 started
31/08 14:38:06:761 Starting process session
31/08 14:38:06:869 Total 0 instances are started
31/08 14:38:06:870 Total 1 instances are added
31/08 14:38:06:974 End of process session
31/08 14:38:10:975 Simulator0 stopped
31/08 14:38:12:772 Simulator0 started
31/08 14:38:12:794 Starting process session
31/08 14:38:12:902 Total 0 instances are started
31/08 14:38:12:903 Total 1 instances are added
31/08 14:38:12:902 Begin to send message.
31/08 14:38:12:968 orderId = 0 | requestId = 0 | userId = system | channel = SMS | serviceAddress = 268 | keyword = TRADIEM | isdn = 84922000514 | subscriberType = -1 | shipTo =  | actionType =  | productId = 0 | commandId = 0 | request =  | response =  | status = 1 | cause =  | description = 
31/08 14:38:12:969 message count: 1
31/08 14:38:18:008 End of process session
31/08 14:38:18:009 Simulator0 stopped
31/08 14:47:33:808 Simulator0 started
31/08 14:47:33:827 Starting process session
31/08 14:47:33:937 Total 0 instances are started
31/08 14:47:33:937 Begin to send message.
31/08 14:47:33:939 Total 1 instances are added
31/08 14:47:33:987 orderId = 0 | requestId = 0 | userId = system | channel = SMS | serviceAddress = 268 | keyword = TRADIEM | isdn = 84922000514 | subscriberType = -1 | shipTo =  | actionType =  | productId = 0 | commandId = 0 | request =  | response =  | status = 1 | cause =  | description = 
31/08 14:47:33:988 message count: 1
31/08 14:47:39:090 Begin to send message.
31/08 14:47:44:056 End of process session
31/08 14:47:44:057 Simulator0 stopped
31/08 14:47:48:851 Simulator0 started
31/08 14:47:48:873 Starting process session
31/08 14:47:48:985 Total 0 instances are started
31/08 14:47:48:985 Begin to send message.
31/08 14:47:48:986 Total 1 instances are added
31/08 14:47:48:993 orderId = 0 | requestId = 0 | userId = system | channel = SMS | serviceAddress = 268 | keyword = TRADIEM | isdn = 84922000514 | subscriberType = -1 | shipTo =  | actionType =  | productId = 0 | commandId = 0 | request =  | response =  | status = 1 | cause =  | description = 
31/08 14:47:48:995 message count: 1
31/08 14:47:54:106 End of process session
31/08 14:47:54:107 Simulator0 stopped
