19/09 09:18:56:562 Simulator0 started
19/09 09:18:56:584 Starting process session
19/09 09:18:56:709 Total 0 instances are started
19/09 09:18:56:710 Total 1 instances are added
19/09 09:18:56:831 End of process session
19/09 09:19:02:832 Simulator0 stopped
19/09 09:19:04:582 Simulator0 started
19/09 09:19:04:604 Starting process session
19/09 09:19:04:719 Total 0 instances are started
19/09 09:19:04:720 Total 1 instances are added
19/09 09:19:04:719 Begin to send message.
19/09 09:19:04:853 orderId = 0 | requestId = 0 | userId = system | channel = SMS | serviceAddress = 268 | keyword = DK CAM | isdn = 84922000514 | subscriberType = -1 | shipTo =  | actionType =  | productId = 0 | commandId = 0 | request =  | response =  | status = 1 | cause =  | description = 
19/09 09:19:04:854 message count: 1
19/09 09:19:09:826 End of process session
19/09 09:19:09:827 Simulator0 stopped
19/09 09:19:50:624 Simulator0 started
19/09 09:19:50:644 Starting process session
19/09 09:19:50:757 Total 0 instances are started
19/09 09:19:50:757 Begin to send message.
19/09 09:19:50:758 Total 1 instances are added
19/09 09:19:50:764 orderId = 0 | requestId = 0 | userId = system | channel = SMS | serviceAddress = 268 | keyword = DOI DIEM 1000 | isdn = 84922000514 | subscriberType = -1 | shipTo =  | actionType =  | productId = 0 | commandId = 0 | request =  | response =  | status = 1 | cause =  | description = 
19/09 09:19:50:765 message count: 1
19/09 09:19:55:864 End of process session
19/09 09:19:55:865 Simulator0 stopped
19/09 09:23:19:701 Simulator0 started
19/09 09:23:19:723 Starting process session
19/09 09:23:19:836 Total 0 instances are started
19/09 09:23:19:836 Begin to send message.
19/09 09:23:19:837 Total 1 instances are added
19/09 09:23:19:841 orderId = 0 | requestId = 0 | userId = system | channel = SMS | serviceAddress = 268 | keyword = DOI DIEM 1000 | isdn = 84922000514 | subscriberType = -1 | shipTo =  | actionType =  | productId = 0 | commandId = 0 | request =  | response =  | status = 1 | cause =  | description = 
19/09 09:23:19:842 message count: 1
19/09 09:23:24:942 End of process session
19/09 09:23:24:943 Simulator0 stopped
19/09 09:27:04:485 Simulator0 started
19/09 09:27:04:506 Starting process session
19/09 09:27:04:622 Total 0 instances are started
19/09 09:27:04:623 Total 1 instances are added
19/09 09:27:04:622 Begin to send message.
19/09 09:27:04:668 orderId = 0 | requestId = 0 | userId = system | channel = SMS | serviceAddress = 268 | keyword = DOI DIEM 1000 | isdn = 84922000514 | subscriberType = -1 | shipTo =  | actionType =  | productId = 0 | commandId = 0 | request =  | response =  | status = 1 | cause =  | description = 
19/09 09:27:04:669 message count: 1
19/09 09:27:09:732 End of process session
19/09 09:27:09:733 Simulator0 stopped
19/09 09:29:40:561 Simulator0 started
19/09 09:29:40:584 Starting process session
19/09 09:29:45:215 Total 0 instances are started
19/09 09:29:45:216 Total 1 instances are added
19/09 09:29:45:215 Begin to send message.
19/09 09:29:45:221 orderId = 0 | requestId = 0 | userId = system | channel = SMS | serviceAddress = 268 | keyword = DOI DIEM 1000 | isdn = 84922000514 | subscriberType = -1 | shipTo =  | actionType =  | productId = 0 | commandId = 0 | request =  | response =  | status = 1 | cause =  | description = 
19/09 09:29:45:222 message count: 1
19/09 09:29:50:322 End of process session
19/09 09:29:50:323 Simulator0 stopped
19/09 09:29:51:582 Simulator0 started
19/09 09:29:51:604 Starting process session
19/09 09:29:56:220 Total 0 instances are started
19/09 09:29:56:221 Total 1 instances are added
19/09 09:29:56:324 End of process session
19/09 09:40:05:421 Simulator0 started
19/09 09:40:05:445 Starting process session
19/09 09:40:05:562 Total 0 instances are started
19/09 09:40:05:563 Total 1 instances are added
19/09 09:40:05:564 Begin to send message.
19/09 09:40:05:591 orderId = 0 | requestId = 0 | userId = system | channel = SMS | serviceAddress = 268 | keyword = DOI DIEM 1000 | isdn = 84922000514 | subscriberType = -1 | shipTo =  | actionType =  | productId = 0 | commandId = 0 | request =  | response =  | status = 1 | cause =  | description = 
19/09 09:40:05:592 message count: 1
19/09 09:40:10:677 End of process session
19/09 09:40:10:679 Simulator0 stopped
19/09 09:41:26:449 Simulator0 started
19/09 09:41:26:472 Starting process session
19/09 09:41:26:590 Total 0 instances are started
19/09 09:41:26:591 Total 1 instances are added
19/09 09:41:26:709 End of process session
19/09 09:41:30:710 Simulator0 stopped
19/09 09:41:32:471 Simulator0 started
19/09 09:41:32:494 Starting process session
19/09 09:41:32:612 Total 0 instances are started
19/09 09:41:32:613 Total 1 instances are added
19/09 09:41:32:612 Begin to send message.
19/09 09:41:32:617 orderId = 0 | requestId = 0 | userId = system | channel = SMS | serviceAddress = 268 | keyword = DOI DIEM 1000 | isdn = 84922000514 | subscriberType = -1 | shipTo =  | actionType =  | productId = 0 | commandId = 0 | request =  | response =  | status = 1 | cause =  | description = 
19/09 09:41:32:618 message count: 1
19/09 09:41:37:731 End of process session
19/09 09:41:37:732 Simulator0 stopped
19/09 09:45:56:599 Simulator0 started
19/09 09:45:56:624 Starting process session
19/09 09:45:56:740 Total 0 instances are started
19/09 09:45:56:740 Begin to send message.
19/09 09:45:56:742 Total 1 instances are added
19/09 09:45:56:768 orderId = 0 | requestId = 0 | userId = system | channel = SMS | serviceAddress = 268 | keyword = DOI DIEM 1000 | isdn = 84922000514 | subscriberType = -1 | shipTo =  | actionType =  | productId = 0 | commandId = 0 | request =  | response =  | status = 1 | cause =  | description = 
19/09 09:45:56:769 message count: 1
19/09 09:46:01:850 End of process session
19/09 09:46:01:852 Simulator0 stopped
19/09 09:47:52:675 Simulator0 started
19/09 09:47:52:699 Starting process session
19/09 09:47:52:814 Total 0 instances are started
19/09 09:47:52:814 Begin to send message.
19/09 09:47:52:815 Total 1 instances are added
19/09 09:47:52:819 orderId = 0 | requestId = 0 | userId = system | channel = SMS | serviceAddress = 268 | keyword = DOI DIEM 1000 | isdn = 84922000514 | subscriberType = -1 | shipTo =  | actionType =  | productId = 0 | commandId = 0 | request =  | response =  | status = 1 | cause =  | description = 
19/09 09:47:52:821 message count: 1
19/09 09:47:57:920 End of process session
19/09 09:47:57:922 Simulator0 stopped
19/09 09:54:35:358 Simulator0 started
19/09 09:54:35:381 Starting process session
19/09 09:54:35:496 Total 0 instances are started
19/09 09:54:35:497 Total 1 instances are added
19/09 09:54:35:602 End of process session
19/09 09:54:39:603 Simulator0 stopped
19/09 09:54:41:379 Simulator0 started
19/09 09:54:41:404 Starting process session
19/09 09:54:41:519 Total 0 instances are started
19/09 09:54:41:520 Total 1 instances are added
19/09 09:54:41:520 Begin to send message.
19/09 09:54:41:545 orderId = 0 | requestId = 0 | userId = system | channel = SMS | serviceAddress = 268 | keyword = DOI DIEM 1000 | isdn = 84922000514 | subscriberType = -1 | shipTo =  | actionType =  | productId = 0 | commandId = 0 | request =  | response =  | status = 1 | cause =  | description = 
19/09 09:54:41:547 message count: 1
19/09 09:54:46:626 End of process session
19/09 09:54:46:627 Simulator0 stopped
19/09 09:59:39:403 Simulator0 started
19/09 09:59:39:426 Starting process session
19/09 09:59:39:546 Total 0 instances are started
19/09 09:59:39:546 Begin to send message.
19/09 09:59:39:547 Total 1 instances are added
19/09 09:59:39:574 orderId = 0 | requestId = 0 | userId = system | channel = SMS | serviceAddress = 268 | keyword = DOI DIEM 1000 | isdn = 84922000514 | subscriberType = -1 | shipTo =  | actionType =  | productId = 0 | commandId = 0 | request =  | response =  | status = 1 | cause =  | description = 
19/09 09:59:39:575 message count: 1
19/09 09:59:44:655 End of process session
19/09 09:59:44:656 Simulator0 stopped
19/09 10:01:29:485 Simulator0 started
19/09 10:01:29:508 Starting process session
19/09 10:01:29:626 Total 0 instances are started
19/09 10:01:29:627 Total 1 instances are added
19/09 10:01:29:627 Begin to send message.
19/09 10:01:29:632 orderId = 0 | requestId = 0 | userId = system | channel = SMS | serviceAddress = 268 | keyword = DOI DIEM 1000 | isdn = 84922000514 | subscriberType = -1 | shipTo =  | actionType =  | productId = 0 | commandId = 0 | request =  | response =  | status = 1 | cause =  | description = 
19/09 10:01:29:634 message count: 1
19/09 10:01:34:739 End of process session
19/09 10:01:34:741 Simulator0 stopped
19/09 10:01:52:506 Simulator0 started
19/09 10:01:52:540 Starting process session
19/09 10:01:52:656 Total 0 instances are started
19/09 10:01:52:657 Total 1 instances are added
19/09 10:01:52:657 Begin to send message.
19/09 10:01:52:662 orderId = 0 | requestId = 0 | userId = system | channel = SMS | serviceAddress = 268 | keyword = DOI DIEM 1000 | isdn = 84922000514 | subscriberType = -1 | shipTo =  | actionType =  | productId = 0 | commandId = 0 | request =  | response =  | status = 1 | cause =  | description = 
19/09 10:01:52:662 message count: 1
19/09 10:01:57:765 Begin to send message.
19/09 10:02:02:766 Begin to send message.
19/09 10:02:07:766 Begin to send message.
19/09 10:02:12:766 Begin to send message.
19/09 10:02:17:767 Begin to send message.
19/09 10:02:22:767 Begin to send message.
19/09 10:02:27:768 Begin to send message.
19/09 10:02:32:768 Begin to send message.
19/09 10:02:37:769 Begin to send message.
19/09 10:02:42:770 Begin to send message.
19/09 10:02:47:770 Begin to send message.
19/09 10:02:52:771 Begin to send message.
19/09 10:02:57:771 Begin to send message.
19/09 10:03:02:771 Begin to send message.
19/09 10:03:07:772 Begin to send message.
19/09 10:03:12:773 Begin to send message.
19/09 10:03:17:773 Begin to send message.
19/09 10:03:22:773 Begin to send message.
19/09 10:03:27:774 Begin to send message.
19/09 10:06:37:564 Simulator0 started
19/09 10:06:37:591 Starting process session
19/09 10:06:37:708 Total 0 instances are started
19/09 10:06:37:708 Begin to send message.
19/09 10:06:37:709 Total 1 instances are added
19/09 10:06:37:734 orderId = 0 | requestId = 0 | userId = system | channel = SMS | serviceAddress = 268 | keyword = DOI DIEM 1000 | isdn = 84922000514 | subscriberType = -1 | shipTo =  | actionType =  | productId = 0 | commandId = 0 | request =  | response =  | status = 1 | cause =  | description = 
19/09 10:06:37:736 message count: 1
19/09 10:06:42:824 End of process session
19/09 10:06:42:825 Simulator0 stopped
19/09 10:08:40:637 Simulator0 started
19/09 10:08:40:667 Starting process session
19/09 10:08:40:787 Total 0 instances are started
19/09 10:08:40:789 Total 1 instances are added
19/09 10:08:40:787 Begin to send message.
19/09 10:08:40:794 orderId = 0 | requestId = 0 | userId = system | channel = SMS | serviceAddress = 268 | keyword = DOI DIEM 1000 | isdn = 84922000514 | subscriberType = -1 | shipTo =  | actionType =  | productId = 0 | commandId = 0 | request =  | response =  | status = 1 | cause =  | description = 
19/09 10:08:40:795 message count: 1
19/09 10:08:45:901 End of process session
19/09 10:08:45:903 Simulator0 stopped
19/09 10:12:37:137 Simulator0 started
19/09 10:12:37:167 Starting process session
19/09 10:12:37:286 Total 0 instances are started
19/09 10:12:37:287 Begin to send message.
19/09 10:12:37:287 Total 1 instances are added
19/09 10:12:37:313 orderId = 0 | requestId = 0 | userId = system | channel = SMS | serviceAddress = 268 | keyword = DOI DIEM 1000 | isdn = 84922000514 | subscriberType = -1 | shipTo =  | actionType =  | productId = 0 | commandId = 0 | request =  | response =  | status = 1 | cause =  | description = 
19/09 10:12:37:315 message count: 1
19/09 10:12:42:396 End of process session
19/09 10:12:42:398 Simulator0 stopped
19/09 10:14:50:665 Simulator0 started
19/09 10:14:50:689 Starting process session
19/09 10:14:50:806 Total 0 instances are started
19/09 10:14:50:807 Total 1 instances are added
19/09 10:14:50:911 End of process session
19/09 10:14:53:912 Simulator0 stopped
19/09 10:14:55:685 Simulator0 started
19/09 10:14:55:707 Starting process session
19/09 10:14:55:821 Begin to send message.
arted
19/09 10:14:55:823 Total 1 instances are added
19/09 10:14:55:852 orderId = 0 | requestId = 0 | userId = system | channel = SMS | serviceAddress = 268 | keyword = DOI DIEM 1000 | isdn = 84922000514 | subscriberType = -1 | shipTo =  | actionType =  | productId = 0 | commandId = 0 | request =  | response =  | status = 1 | cause =  | description = 
19/09 10:14:55:853 message count: 1
19/09 10:15:00:929 End of process session
19/09 10:15:00:930 Simulator0 stopped
19/09 10:22:23:779 Simulator0 started
19/09 10:22:23:801 Starting process session
19/09 10:22:23:919 Total 0 instances are started
19/09 10:22:23:920 Total 1 instances are added
19/09 10:22:23:919 Begin to send message.
19/09 10:22:23:924 orderId = 0 | requestId = 0 | userId = system | channel = SMS | serviceAddress = 268 | keyword = DOI DIEM 1000 | isdn = 84922000514 | subscriberType = -1 | shipTo =  | actionType =  | productId = 0 | commandId = 0 | request =  | response =  | status = 1 | cause =  | description = 
19/09 10:22:23:925 message count: 1
19/09 10:22:29:028 End of process session
19/09 10:22:29:030 Simulator0 stopped
19/09 10:32:08:998 Simulator0 started
19/09 10:32:09:023 Starting process session
19/09 10:32:09:137 Total 0 instances are started
19/09 10:32:09:138 Total 1 instances are added
19/09 10:32:09:137 Begin to send message.
19/09 10:32:09:142 orderId = 0 | requestId = 0 | userId = system | channel = SMS | serviceAddress = 268 | keyword = DOI DIEM 1000 | isdn = 84922000514 | subscriberType = -1 | shipTo =  | actionType =  | productId = 0 | commandId = 0 | request =  | response =  | status = 1 | cause =  | description = 
19/09 10:32:09:144 message count: 1
19/09 10:32:14:244 End of process session
19/09 10:32:14:245 Simulator0 stopped
19/09 10:38:41:113 Simulator0 started
19/09 10:38:41:136 Starting process session
19/09 10:38:41:255 Total 0 instances are started
19/09 10:38:41:256 Total 1 instances are added
19/09 10:38:41:361 End of process session
19/09 10:38:44:363 Simulator0 stopped
19/09 10:38:46:140 Simulator0 started
19/09 10:38:46:164 Starting process session
19/09 10:38:46:281 Total 0 instances are started
19/09 10:38:46:282 Total 1 instances are added
19/09 10:38:46:282 Begin to send message.
19/09 10:38:46:286 orderId = 0 | requestId = 0 | userId = system | channel = SMS | serviceAddress = 268 | keyword = DOI DIEM 1000 | isdn = 84922000514 | subscriberType = -1 | shipTo =  | actionType =  | productId = 0 | commandId = 0 | request =  | response =  | status = 1 | cause =  | description = 
19/09 10:38:46:287 message count: 1
19/09 10:38:51:386 End of process session
19/09 10:38:51:388 Simulator0 stopped
19/09 10:46:06:689 Simulator0 started
19/09 10:46:06:714 Starting process session
19/09 10:46:06:830 Total 0 instances are started
19/09 10:46:06:831 Total 1 instances are added
19/09 10:46:06:831 Begin to send message.
19/09 10:46:06:858 orderId = 0 | requestId = 0 | userId = system | channel = SMS | serviceAddress = 268 | keyword = DOI DIEM 1000 | isdn = 84922000514 | subscriberType = -1 | shipTo =  | actionType =  | productId = 0 | commandId = 0 | request =  | response =  | status = 1 | cause =  | description = 
19/09 10:46:06:859 message count: 1
19/09 10:46:11:936 End of process session
19/09 10:46:11:937 Simulator0 stopped
19/09 10:49:13:305 Simulator0 started
19/09 10:49:13:328 Starting process session
19/09 10:49:13:458 Total 0 instances are started
19/09 10:49:13:459 Total 1 instances are added
19/09 10:49:13:459 Begin to send message.
19/09 10:49:13:484 orderId = 0 | requestId = 0 | userId = system | channel = SMS | serviceAddress = 268 | keyword = DOI DIEM 1000 | isdn = 84922000514 | subscriberType = -1 | shipTo =  | actionType =  | productId = 0 | commandId = 0 | request =  | response =  | status = 1 | cause =  | description = 
19/09 10:49:13:485 message count: 1
19/09 10:49:18:568 End of process session
19/09 10:49:18:569 Simulator0 stopped
19/09 11:10:51:837 Simulator0 started
19/09 11:10:51:859 Starting process session
19/09 11:10:51:974 Total 0 instances are started
19/09 11:10:51:975 Begin to send message.
19/09 11:10:51:975 Total 1 instances are added
19/09 11:10:52:064 orderId = 0 | requestId = 0 | userId = system | channel = SMS | serviceAddress = 268 | keyword = DOI DIEM 1000 | isdn = 84922000514 | subscriberType = -1 | shipTo =  | actionType =  | productId = 0 | commandId = 0 | request =  | response =  | status = 1 | cause =  | description = 
19/09 11:10:52:065 message count: 1
19/09 11:10:57:079 End of process session
19/09 11:10:57:080 Simulator0 stopped
19/09 11:14:28:915 Simulator0 started
19/09 11:14:28:937 Starting process session
19/09 11:14:29:049 Total 0 instances are started
19/09 11:14:29:049 Begin to send message.
19/09 11:14:29:050 Total 1 instances are added
19/09 11:14:29:054 orderId = 0 | requestId = 0 | userId = system | channel = SMS | serviceAddress = 268 | keyword = DOI DIEM 1000 | isdn = 84922000514 | subscriberType = -1 | shipTo =  | actionType =  | productId = 0 | commandId = 0 | request =  | response =  | status = 1 | cause =  | description = 
19/09 11:14:29:055 message count: 1
19/09 11:14:34:156 End of process session
19/09 11:14:34:157 Simulator0 stopped
19/09 11:15:15:940 Simulator0 started
19/09 11:15:15:962 Starting process session
19/09 11:15:16:073 Total 0 instances are started
19/09 11:15:16:074 Total 1 instances are added
19/09 11:15:16:176 End of process session
19/09 11:15:18:177 Simulator0 stopped
19/09 11:15:19:961 Simulator0 started
19/09 11:15:19:983 Starting process session
19/09 11:15:20:093 Total 0 instances are started
19/09 11:15:20:094 Total 1 instances are added
19/09 11:15:20:093 Begin to send message.
19/09 11:15:20:098 orderId = 0 | requestId = 0 | userId = system | channel = SMS | serviceAddress = 268 | keyword = DOI DIEM 1000 | isdn = 84922000514 | subscriberType = -1 | shipTo =  | actionType =  | productId = 0 | commandId = 0 | request =  | response =  | status = 1 | cause =  | description = 
19/09 11:15:20:099 message count: 1
19/09 11:15:25:198 End of process session
19/09 11:15:25:199 Simulator0 stopped
19/09 11:18:38:162 Simulator0 started
19/09 11:18:38:185 Starting process session
19/09 11:18:38:305 Total 0 instances are started
19/09 11:18:38:305 Begin to send message.
19/09 11:18:38:307 Total 1 instances are added
19/09 11:18:38:372 orderId = 0 | requestId = 0 | userId = system | channel = SMS | serviceAddress = 268 | keyword = DOI DIEM 1000 | isdn = 84922000514 | subscriberType = -1 | shipTo =  | actionType =  | productId = 0 | commandId = 0 | request =  | response =  | status = 1 | cause =  | description = 
19/09 11:18:38:374 message count: 1
19/09 11:18:43:414 End of process session
19/09 11:18:43:414 Simulator0 stopped
19/09 11:18:55:208 Simulator0 started
19/09 11:18:55:232 Starting process session
19/09 11:18:55:345 Total 0 instances are started
19/09 11:18:55:346 Total 1 instances are added
19/09 11:18:55:347 Begin to send message.
19/09 11:18:55:352 orderId = 0 | requestId = 0 | userId = system | channel = SMS | serviceAddress = 268 | keyword = DOI DIEM 1000 | isdn = 84922000514 | subscriberType = -1 | shipTo =  | actionType =  | productId = 0 | commandId = 0 | request =  | response =  | status = 1 | cause =  | description = 
19/09 11:18:55:353 message count: 1
19/09 11:19:00:451 End of process session
19/09 11:19:00:453 Simulator0 stopped
19/09 12:14:11:119 Simulator0 started
19/09 12:14:11:146 Starting process session
19/09 12:14:11:300 Total 0 instances are started
19/09 12:14:11:301 Total 1 instances are added
19/09 12:14:11:300 Begin to send message.
19/09 12:14:11:429 orderId = 0 | requestId = 0 | userId = system | channel = SMS | serviceAddress = 268 | keyword = DOI DIEM 1000 | isdn = 84922000517 | subscriberType = -1 | shipTo =  | actionType =  | productId = 0 | commandId = 0 | request =  | response =  | status = 1 | cause =  | description = 
19/09 12:14:11:430 message count: 1
19/09 12:14:16:532 Begin to send message.
19/09 12:14:21:534 Begin to send message.
19/09 12:14:26:534 Begin to send message.
19/09 12:14:31:535 Begin to send message.
19/09 12:14:36:408 End of process session
19/09 12:14:36:410 Simulator0 stopped
19/09 12:14:39:218 Simulator0 started
19/09 12:14:39:240 Starting process session
19/09 12:14:39:357 Total 0 instances are started
19/09 12:14:39:357 Begin to send message.
19/09 12:14:39:358 Total 1 instances are added
19/09 12:14:39:363 orderId = 0 | requestId = 0 | userId = system | channel = SMS | serviceAddress = 268 | keyword = TRA DIEM | isdn = 84922000517 | subscriberType = -1 | shipTo =  | actionType =  | productId = 0 | commandId = 0 | request =  | response =  | status = 1 | cause =  | description = 
19/09 12:14:39:364 message count: 1
19/09 12:14:44:464 End of process session
19/09 12:14:44:465 Simulator0 stopped
19/09 12:16:01:265 Simulator0 started
19/09 12:16:01:287 Starting process session
19/09 12:16:01:399 Total 0 instances are started
19/09 12:16:01:400 Total 1 instances are added
19/09 12:16:01:400 Begin to send message.
19/09 12:16:01:406 orderId = 0 | requestId = 0 | userId = system | channel = SMS | serviceAddress = 268 | keyword = TRA DIEM | isdn = 84922000517 | subscriberType = -1 | shipTo =  | actionType =  | productId = 0 | commandId = 0 | request =  | response =  | status = 1 | cause =  | description = 
19/09 12:16:01:407 message count: 1
19/09 12:16:06:505 End of process session
19/09 12:16:06:506 Simulator0 stopped
19/09 12:16:26:310 Simulator0 started
19/09 12:16:26:333 Starting process session
19/09 12:16:26:442 Total 0 instances are started
19/09 12:16:26:442 Begin to send message.
19/09 12:16:26:443 Total 1 instances are added
19/09 12:16:26:447 orderId = 0 | requestId = 0 | userId = system | channel = SMS | serviceAddress = 268 | keyword = TRA DIEM | isdn = 84922000517 | subscriberType = -1 | shipTo =  | actionType =  | productId = 0 | commandId = 0 | request =  | response =  | status = 1 | cause =  | description = 
19/09 12:16:26:448 message count: 1
19/09 12:16:31:548 End of process session
19/09 12:16:31:549 Simulator0 stopped
19/09 13:07:35:844 Simulator0 started
19/09 13:07:35:868 Starting process session
19/09 13:07:36:024 Total 0 instances are started
19/09 13:07:36:025 Total 1 instances are added
19/09 13:07:36:024 Begin to send message.
19/09 13:07:36:180 orderId = 0 | requestId = 0 | userId = system | channel = SMS | serviceAddress = 268 | keyword = HUY CAM | isdn = 84922000512 | subscriberType = -1 | shipTo =  | actionType =  | productId = 0 | commandId = 0 | request =  | response =  | status = 1 | cause =  | description = 
19/09 13:07:36:181 message count: 1
19/09 13:07:41:131 End of process session
19/09 13:07:41:132 Simulator0 stopped
19/09 13:08:11:871 Simulator0 started
19/09 13:08:11:894 Starting process session
19/09 13:08:12:006 Total 0 instances are started
19/09 13:08:12:007 Total 1 instances are added
19/09 13:08:12:013 orderId = 0 | requestId = 0 | userId = system | channel = SMS | serviceAddress = 268 | keyword = TRA DIEM | isdn = 84922000512 | subscriberType = -1 | shipTo =  | actionType =  | productId = 0 | commandId = 0 | request =  | response =  | status = 1 | cause =  | description = 
19/09 13:08:12:014 message count: 1
19/09 13:08:17:113 End of process session
19/09 13:08:17:114 Simulator0 stopped
19/09 13:08:35:896 Simulator0 started
19/09 13:08:35:919 Starting process session
19/09 13:08:36:030 Total 0 instances are started
19/09 13:08:36:030 Begin to send message.
19/09 13:08:36:031 Total 1 instances are added
19/09 13:08:36:035 orderId = 0 | requestId = 0 | userId = system | channel = SMS | serviceAddress = 268 | keyword = DOI DIEM 1000 | isdn = 84922000512 | subscriberType = -1 | shipTo =  | actionType =  | productId = 0 | commandId = 0 | request =  | response =  | status = 1 | cause =  | description = 
19/09 13:08:36:035 message count: 1
19/09 13:08:41:136 End of process session
19/09 13:08:41:137 Simulator0 stopped
19/09 13:09:50:924 Simulator0 started
19/09 13:09:50:947 Starting process session
19/09 13:09:51:058 Total 0 instances are started
19/09 13:09:51:058 Begin to send message.
19/09 13:09:51:059 Total 1 instances are added
19/09 13:09:51:063 orderId = 0 | requestId = 0 | userId = system | channel = SMS | serviceAddress = 268 | keyword = HUY CAM | isdn = 84922000517 | subscriberType = -1 | shipTo =  | actionType =  | productId = 0 | commandId = 0 | request =  | response =  | status = 1 | cause =  | description = 
19/09 13:09:51:064 message count: 1
19/09 13:09:56:163 End of process session
19/09 13:09:56:165 Simulator0 stopped
19/09 13:10:52:950 Simulator0 started
19/09 13:10:52:972 Starting process session
19/09 13:10:53:088 Total 0 instances are started
19/09 13:10:53:089 Total 1 instances are added
19/09 13:10:53:088 Begin to send message.
19/09 13:10:53:093 orderId = 0 | requestId = 0 | userId = system | channel = SMS | serviceAddress = 268 | keyword = HUY CAM | isdn = 84922000515 | subscriberType = -1 | shipTo =  | actionType =  | productId = 0 | commandId = 0 | request =  | response =  | status = 1 | cause =  | description = 
19/09 13:10:53:094 message count: 1
19/09 13:10:58:194 End of process session
19/09 13:10:58:195 Simulator0 stopped
19/09 13:11:14:972 Simulator0 started
19/09 13:11:14:996 Starting process session
19/09 13:11:15:105 Total 0 instances are started
19/09 13:11:15:105 Begin to send message.
19/09 13:11:15:106 Total 1 instances are added
19/09 13:11:15:110 orderId = 0 | requestId = 0 | userId = system | channel = SMS | serviceAddress = 268 | keyword = DOI DIEM 1000 | isdn = 84922000515 | subscriberType = -1 | shipTo =  | actionType =  | productId = 0 | commandId = 0 | request =  | response =  | status = 1 | cause =  | description = 
19/09 13:11:15:111 message count: 1
19/09 13:11:20:211 End of process session
19/09 13:11:20:212 Simulator0 stopped
19/09 13:11:42:995 Simulator0 started
19/09 13:11:43:017 Starting process session
19/09 13:11:43:129 Begin to send message.
arted
19/09 13:11:43:130 Total 1 instances are added
19/09 13:11:43:132 orderId = 0 | requestId = 0 | userId = system | channel = SMS | serviceAddress = 268 | keyword = TRA DIEM | isdn = 84922000515 | subscriberType = -1 | shipTo =  | actionType =  | productId = 0 | commandId = 0 | request =  | response =  | status = 1 | cause =  | description = 
19/09 13:11:43:133 message count: 1
19/09 13:11:48:234 End of process session
19/09 13:11:48:235 Simulator0 stopped
19/09 13:12:14:017 Simulator0 started
19/09 13:12:14:039 Starting process session
19/09 13:12:14:149 Total 0 instances are started
19/09 13:12:14:150 Total 1 instances are added
19/09 13:12:14:252 End of process session
19/09 13:12:17:254 Simulator0 stopped
19/09 13:12:19:039 Simulator0 started
19/09 13:12:19:061 Starting process session
19/09 13:12:19:173 Total 0 instances are started
19/09 13:12:19:174 Total 1 instances are added
19/09 13:12:19:178 orderId = 0 | requestId = 0 | userId = system | channel = SMS | serviceAddress = 268 | keyword = DOI DIEM 1000 | isdn = 84922000515 | subscriberType = -1 | shipTo =  | actionType =  | productId = 0 | commandId = 0 | request =  | response =  | status = 1 | cause =  | description = 
19/09 13:12:19:179 message count: 1
19/09 13:12:24:276 End of process session
19/09 13:12:24:278 Simulator0 stopped
19/09 13:29:11:146 Simulator0 started
19/09 13:29:11:192 Starting process session
19/09 13:29:11:331 Total 0 instances are started
19/09 13:29:11:332 Total 1 instances are added
19/09 13:29:11:332 Begin to send message.
19/09 13:29:11:340 orderId = 0 | requestId = 0 | userId = system | channel = SMS | serviceAddress = 268 | keyword = DK CAM | isdn = 84922000512 | subscriberType = -1 | shipTo =  | actionType =  | productId = 0 | commandId = 0 | request =  | response =  | status = 1 | cause =  | description = 
19/09 13:29:11:341 message count: 1
19/09 13:29:16:437 End of process session
19/09 13:29:16:438 Simulator0 stopped
19/09 13:31:15:180 Simulator0 started
19/09 13:31:15:203 Starting process session
19/09 13:31:15:314 Total 0 instances are started
19/09 13:31:15:314 Begin to send message.
19/09 13:31:15:315 Total 1 instances are added
19/09 13:31:15:322 orderId = 0 | requestId = 0 | userId = system | channel = SMS | serviceAddress = 268 | keyword = TRA DIEM 1000 | isdn = 84922000512 | subscriberType = -1 | shipTo =  | actionType =  | productId = 0 | commandId = 0 | request =  | response =  | status = 1 | cause =  | description = 
19/09 13:31:15:323 message count: 1
19/09 13:31:20:423 End of process session
19/09 13:31:20:424 Simulator0 stopped
19/09 13:32:38:208 Simulator0 started
19/09 13:32:38:233 Starting process session
19/09 13:32:38:346 Total 0 instances are started
19/09 13:32:38:346 Begin to send message.
19/09 13:32:38:347 Total 1 instances are added
19/09 13:32:38:351 orderId = 0 | requestId = 0 | userId = system | channel = SMS | serviceAddress = 268 | keyword = DOI DIEM 1000 | isdn = 84922000512 | subscriberType = -1 | shipTo =  | actionType =  | productId = 0 | commandId = 0 | request =  | response =  | status = 1 | cause =  | description = 
19/09 13:32:38:351 message count: 1
19/09 13:32:43:452 End of process session
19/09 13:32:43:454 Simulator0 stopped
19/09 13:34:50:250 Simulator0 started
19/09 13:34:50:274 Starting process session
19/09 13:34:50:389 Total 0 instances are started
19/09 13:34:50:390 Total 1 instances are added
19/09 13:34:50:394 orderId = 0 | requestId = 0 | userId = system | channel = SMS | serviceAddress = 268 | keyword = DK CAM | isdn = 84922000514 | subscriberType = -1 | shipTo =  | actionType =  | productId = 0 | commandId = 0 | request =  | response =  | status = 1 | cause =  | description = 
19/09 13:34:50:395 message count: 1
19/09 13:34:55:495 End of process session
19/09 13:34:55:496 Simulator0 stopped
19/09 13:35:09:274 Simulator0 started
19/09 13:35:09:298 Starting process session
19/09 13:35:09:408 Total 0 instances are started
19/09 13:35:09:408 Begin to send message.
ded
19/09 13:35:09:413 orderId = 0 | requestId = 0 | userId = system | channel = SMS | serviceAddress = 268 | keyword = DOI DIEM 1000 | isdn = 84922000514 | subscriberType = -1 | shipTo =  | actionType =  | productId = 0 | commandId = 0 | request =  | response =  | status = 1 | cause =  | description = 
19/09 13:35:09:414 message count: 1
19/09 13:35:14:512 End of process session
19/09 13:35:14:513 Simulator0 stopped
19/09 13:35:48:296 Simulator0 started
19/09 13:35:48:324 Starting process session
19/09 13:35:48:439 Total 0 instances are started
19/09 13:35:48:439 Begin to send message.
19/09 13:35:48:440 Total 1 instances are added
19/09 13:35:48:444 orderId = 0 | requestId = 0 | userId = system | channel = SMS | serviceAddress = 268 | keyword = DOI DIEM 1000 | isdn = 84922000514 | subscriberType = -1 | shipTo =  | actionType =  | productId = 0 | commandId = 0 | request =  | response =  | status = 1 | cause =  | description = 
19/09 13:35:48:445 message count: 1
19/09 13:35:53:546 End of process session
19/09 13:35:53:547 Simulator0 stopped
19/09 13:45:04:427 Simulator0 started
19/09 13:45:04:452 Starting process session
19/09 13:45:04:563 Total 0 instances are started
19/09 13:45:04:564 Total 1 instances are added
19/09 13:45:04:563 Begin to send message.
19/09 13:45:04:570 orderId = 0 | requestId = 0 | userId = system | channel = SMS | serviceAddress = 268 | keyword = DOI DIEM 1000 | isdn = 84922000514 | subscriberType = -1 | shipTo =  | actionType =  | productId = 0 | commandId = 0 | request =  | response =  | status = 1 | cause =  | description = 
19/09 13:45:04:571 message count: 1
19/09 13:45:09:668 End of process session
19/09 13:45:09:670 Simulator0 stopped
19/09 13:47:43:458 Simulator0 started
19/09 13:47:43:480 Starting process session
19/09 13:47:43:590 Total 0 instances are started
19/09 13:47:43:590 Begin to send message.
19/09 13:47:43:591 Total 1 instances are added
19/09 13:47:43:596 orderId = 0 | requestId = 0 | userId = system | channel = SMS | serviceAddress = 268 | keyword = DOI DIEM 1000 | isdn = 84922000514 | subscriberType = -1 | shipTo =  | actionType =  | productId = 0 | commandId = 0 | request =  | response =  | status = 1 | cause =  | description = 
19/09 13:47:43:597 message count: 1
19/09 13:47:48:695 End of process session
19/09 13:47:48:697 Simulator0 stopped
19/09 13:49:13:550 Simulator0 started
19/09 13:49:13:574 Starting process session
19/09 13:49:13:685 Total 0 instances are started
19/09 13:49:13:686 Total 1 instances are added
19/09 13:49:13:685 Begin to send message.
19/09 13:49:13:691 orderId = 0 | requestId = 0 | userId = system | channel = SMS | serviceAddress = 268 | keyword = DOI DIEM 1000 | isdn = 84922000514 | subscriberType = -1 | shipTo =  | actionType =  | productId = 0 | commandId = 0 | request =  | response =  | status = 1 | cause =  | description = 
19/09 13:49:13:691 message count: 1
19/09 13:49:18:789 End of process session
19/09 13:49:18:790 Simulator0 stopped
19/09 13:57:18:674 Simulator0 started
19/09 13:57:18:700 Starting process session
19/09 13:57:18:814 Total 0 instances are started
19/09 13:57:18:815 Total 1 instances are added
19/09 13:57:18:819 orderId = 0 | requestId = 0 | userId = system | channel = SMS | serviceAddress = 268 | keyword = DOI DIEM 10 | isdn = 84922000514 | subscriberType = -1 | shipTo =  | actionType =  | productId = 0 | commandId = 0 | request =  | response =  | status = 1 | cause =  | description = 
19/09 13:57:18:820 message count: 1
19/09 13:57:23:919 End of process session
19/09 13:57:23:921 Simulator0 stopped
19/09 13:59:54:842 Simulator0 started
19/09 13:59:54:866 Starting process session
19/09 13:59:55:002 Total 0 instances are started
19/09 13:59:55:003 Total 1 instances are added
19/09 13:59:55:004 Begin to send message.
19/09 13:59:55:100 orderId = 0 | requestId = 0 | userId = system | channel = SMS | serviceAddress = 268 | keyword = DOI DIEM 100 | isdn = 84922000514 | subscriberType = -1 | shipTo =  | actionType =  | productId = 0 | commandId = 0 | request =  | response =  | status = 1 | cause =  | description = 
19/09 13:59:55:102 message count: 1
19/09 14:00:00:110 End of process session
19/09 14:00:00:111 Simulator0 stopped
19/09 14:02:08:872 Simulator0 started
19/09 14:02:08:895 Starting process session
19/09 14:02:09:051 Total 0 instances are started
19/09 14:02:09:051 Begin to send message.
19/09 14:02:09:052 Total 1 instances are added
19/09 14:02:09:057 orderId = 0 | requestId = 0 | userId = system | channel = SMS | serviceAddress = 268 | keyword = TRA DIEM | isdn = 84922000514 | subscriberType = -1 | shipTo =  | actionType =  | productId = 0 | commandId = 0 | request =  | response =  | status = 1 | cause =  | description = 
19/09 14:02:09:058 message count: 1
19/09 14:02:14:157 End of process session
19/09 14:02:14:158 Simulator0 stopped
19/09 14:06:01:770 Simulator0 started
19/09 14:06:01:793 Starting process session
19/09 14:06:01:904 Total 0 instances are started
19/09 14:06:01:904 Begin to send message.
19/09 14:06:01:906 Total 1 instances are added
19/09 14:06:01:928 orderId = 0 | requestId = 0 | userId = system | channel = SMS | serviceAddress = 268 | keyword = TRA DIEM | isdn = 84922000514 | subscriberType = -1 | shipTo =  | actionType =  | productId = 0 | commandId = 0 | request =  | response =  | status = 1 | cause =  | description = 
19/09 14:06:01:930 message count: 1
19/09 14:06:07:011 End of process session
19/09 14:06:07:013 Simulator0 stopped
19/09 14:13:16:493 Simulator0 started
19/09 14:13:16:516 Starting process session
19/09 14:13:16:699 Total 0 instances are started
19/09 14:13:16:700 Total 1 instances are added
19/09 14:13:16:808 End of process session
19/09 14:13:19:809 Simulator0 stopped
19/09 14:13:21:513 Simulator0 started
19/09 14:13:21:536 Starting process session
19/09 14:13:21:668 Total 0 instances are started
19/09 14:13:21:668 Begin to send message.
19/09 14:13:21:669 Total 1 instances are added
19/09 14:13:21:694 orderId = 0 | requestId = 0 | userId = system | channel = SMS | serviceAddress = 268 | keyword = TRA DIEM | isdn = 84922000514 | subscriberType = -1 | shipTo =  | actionType =  | productId = 0 | commandId = 0 | request =  | response =  | status = 1 | cause =  | description = 
19/09 14:13:21:695 message count: 1
19/09 14:13:26:773 End of process session
19/09 14:13:26:775 Simulator0 stopped
19/09 14:13:40:558 Simulator0 started
19/09 14:13:40:581 Starting process session
19/09 14:13:40:692 Total 0 instances are started
19/09 14:13:40:692 Begin to send message.
19/09 14:13:40:693 Total 1 instances are added
19/09 14:13:40:698 orderId = 0 | requestId = 0 | userId = system | channel = SMS | serviceAddress = 268 | keyword = TRA DIEM | isdn = 84922000514 | subscriberType = -1 | shipTo =  | actionType =  | productId = 0 | commandId = 0 | request =  | response =  | status = 1 | cause =  | description = 
19/09 14:13:40:699 message count: 1
19/09 14:13:45:798 End of process session
19/09 14:13:45:799 Simulator0 stopped
19/09 14:14:54:583 Simulator0 started
19/09 14:14:54:610 Starting process session
19/09 14:14:54:725 Total 0 instances are started
19/09 14:14:54:725 Begin to send message.
19/09 14:14:54:726 Total 1 instances are added
19/09 14:14:54:731 orderId = 0 | requestId = 0 | userId = system | channel = SMS | serviceAddress = 268 | keyword = TRA DIEM | isdn = 84922000514 | subscriberType = -1 | shipTo =  | actionType =  | productId = 0 | commandId = 0 | request =  | response =  | status = 1 | cause =  | description = 
19/09 14:14:54:732 message count: 1
19/09 14:14:59:832 End of process session
19/09 14:14:59:833 Simulator0 stopped
19/09 14:26:16:676 Simulator0 started
19/09 14:26:16:699 Starting process session
19/09 14:26:16:811 Total 0 instances are started
19/09 14:26:16:811 Begin to send message.
19/09 14:26:16:812 Total 1 instances are added
19/09 14:26:16:817 orderId = 0 | requestId = 0 | userId = system | channel = SMS | serviceAddress = 268 | keyword = TRA DIEM | isdn = 84922000514 | subscriberType = -1 | shipTo =  | actionType =  | productId = 0 | commandId = 0 | request =  | response =  | status = 1 | cause =  | description = 
19/09 14:26:16:819 message count: 1
19/09 14:26:21:919 End of process session
19/09 14:26:21:920 Simulator0 stopped
19/09 14:26:43:762 Simulator0 started
19/09 14:26:43:784 Starting process session
19/09 14:26:43:893 Total 0 instances are started
19/09 14:26:43:893 Begin to send message.
19/09 14:26:43:894 Total 1 instances are added
19/09 14:26:43:898 orderId = 0 | requestId = 0 | userId = system | channel = SMS | serviceAddress = 268 | keyword = TRA DIEM | isdn = 84922000514 | subscriberType = -1 | shipTo =  | actionType =  | productId = 0 | commandId = 0 | request =  | response =  | status = 1 | cause =  | description = 
19/09 14:26:43:899 message count: 1
19/09 14:26:48:999 End of process session
19/09 14:26:49:000 Simulator0 stopped
19/09 14:30:46:676 Simulator0 started
19/09 14:30:46:698 Starting process session
19/09 14:30:46:815 Total 0 instances are started
19/09 14:30:46:816 Total 1 instances are added
19/09 14:30:46:934 End of process session
19/09 14:30:50:935 Simulator0 stopped
19/09 14:30:52:698 Simulator0 started
19/09 14:30:52:720 Starting process session
19/09 14:30:52:835 Total 0 instances are started
19/09 14:30:52:835 Begin to send message.
19/09 14:30:52:836 Total 1 instances are added
19/09 14:30:52:905 orderId = 0 | requestId = 0 | userId = system | channel = SMS | serviceAddress = 268 | keyword = TRA DIEM | isdn = 84922000514 | subscriberType = -1 | shipTo =  | actionType =  | productId = 0 | commandId = 0 | request =  | response =  | status = 1 | cause =  | description = 
19/09 14:30:52:906 message count: 1
19/09 14:30:58:018 Begin to send message.
19/09 14:31:02:947 End of process session
19/09 14:31:02:950 Simulator0 stopped
19/09 14:32:58:049 Simulator0 started
19/09 14:32:58:071 Starting process session
19/09 14:32:58:185 Total 0 instances are started
19/09 14:32:58:186 Total 1 instances are added
19/09 14:32:58:186 Begin to send message.
19/09 14:32:58:209 orderId = 0 | requestId = 0 | userId = system | channel = SMS | serviceAddress = 268 | keyword = TRA DIEM | isdn = 84922000514 | subscriberType = -1 | shipTo =  | actionType =  | productId = 0 | commandId = 0 | request =  | response =  | status = 1 | cause =  | description = 
19/09 14:32:58:210 message count: 1
19/09 14:33:03:291 End of process session
19/09 14:33:03:292 Simulator0 stopped
19/09 16:02:35:591 Simulator0 started
19/09 16:02:35:616 Starting process session
19/09 16:02:35:730 Total 0 instances are started
19/09 16:02:35:731 Total 1 instances are added
19/09 16:02:35:835 End of process session
19/09 16:02:41:837 Simulator0 stopped
19/09 16:04:13:656 Simulator0 started
19/09 16:04:13:680 Starting process session
19/09 16:04:13:792 Total 0 instances are started
19/09 16:04:13:792 Begin to send message.
19/09 16:04:13:793 Total 1 instances are added
19/09 16:04:13:916 orderId = 0 | requestId = 0 | userId = system | channel = SMS | serviceAddress = 268 | keyword = DOI DIEM 1000 | isdn = 84922000514 | subscriberType = -1 | shipTo =  | actionType =  | productId = 0 | commandId = 0 | request =  | response =  | status = 1 | cause =  | description = 
19/09 16:04:13:917 message count: 1
19/09 16:04:18:899 End of process session
19/09 16:04:18:901 Simulator0 stopped
19/09 16:06:18:724 Simulator0 started
19/09 16:06:18:751 Starting process session
19/09 16:06:18:782 com.sun.messaging.jms.JMSException: [C4003]: Error occurred on connection creation [10.32.62.98:7676]. - cause: java.net.NoRouteToHostException: No route to host: connect
19/09 16:06:18:882 End of process session
19/09 16:07:39:888 Simulator0 stopped
19/09 16:07:41:799 Simulator0 started
19/09 16:07:41:826 Starting process session
19/09 16:08:02:853 com.sun.messaging.jms.JMSException: [C4003]: Error occurred on connection creation [10.32.62.98:7676]. - cause: java.net.ConnectException: Connection timed out: connect
19/09 16:08:02:953 End of process session
19/09 16:08:02:953 Simulator0 stopped
19/09 16:08:10:841 Simulator0 started
19/09 16:08:10:868 Starting process session
19/09 16:08:31:901 com.sun.messaging.jms.JMSException: [C4003]: Error occurred on connection creation [10.32.62.98:7676]. - cause: java.net.ConnectException: Connection timed out: connect
19/09 16:08:32:001 End of process session
19/09 16:08:32:001 Simulator0 stopped
19/09 16:08:33:864 Simulator0 started
19/09 16:08:33:890 Starting process session
19/09 16:08:54:916 com.sun.messaging.jms.JMSException: [C4003]: Error occurred on connection creation [10.32.62.98:7676]. - cause: java.net.ConnectException: Connection timed out: connect
19/09 16:08:55:017 End of process session
19/09 16:19:14:190 Simulator0 started
19/09 16:19:14:205 Starting process session
19/09 16:19:14:361 Total 0 instances are started
19/09 16:19:14:361 Total 1 instances are added
19/09 16:19:14:361 Begin to send message.
19/09 16:19:14:502 orderId = 0 | requestId = 0 | userId = system | channel = SMS | serviceAddress = 268 | keyword = DOI DIEM 1000 | isdn = 84922000514 | subscriberType = -1 | shipTo =  | actionType =  | productId = 0 | commandId = 0 | request =  | response =  | status = 1 | cause =  | description = 
19/09 16:19:14:502 message count: 1
19/09 16:19:19:478 End of process session
19/09 16:19:19:478 Simulator0 stopped
19/09 16:25:08:816 Simulator0 started
19/09 16:25:08:840 Starting process session
19/09 16:25:08:956 Total 0 instances are started
19/09 16:25:08:957 Total 1 instances are added
19/09 16:25:09:062 End of process session
19/09 16:25:12:063 Simulator0 stopped
19/09 16:25:13:837 Simulator0 started
19/09 16:25:13:860 Starting process session
19/09 16:25:13:975 Total 0 instances are started
19/09 16:25:13:976 Total 1 instances are added
19/09 16:25:13:976 Begin to send message.
19/09 16:25:13:980 orderId = 0 | requestId = 0 | userId = system | channel = SMS | serviceAddress = 268 | keyword = DOI DIEM 1000 | isdn = 84922000514 | subscriberType = -1 | shipTo =  | actionType =  | productId = 0 | commandId = 0 | request =  | response =  | status = 1 | cause =  | description = 
19/09 16:25:13:981 message count: 1
19/09 16:25:19:080 End of process session
19/09 16:25:19:081 Simulator0 stopped
19/09 16:42:58:222 Simulator0 started
19/09 16:42:58:245 Starting process session
19/09 16:42:58:385 Begin to send message.
19/09 16:42:58:386 Total 0 instances are started
19/09 16:42:58:387 Total 1 instances are added
19/09 16:42:58:473 orderId = 0 | requestId = 0 | userId = system | channel = SMS | serviceAddress = 268 | keyword = DOI DIEM 1000 | isdn = 84922000514 | subscriberType = -1 | shipTo =  | actionType =  | productId = 0 | commandId = 0 | request =  | response =  | status = 1 | cause =  | description = 
19/09 16:42:58:473 message count: 1
19/09 16:43:03:493 End of process session
19/09 16:43:03:494 Simulator0 stopped
19/09 16:43:15:244 Simulator0 started
19/09 16:43:15:267 Starting process session
19/09 16:43:15:378 Total 0 instances are started
19/09 16:43:15:379 Total 1 instances are added
19/09 16:43:15:378 Begin to send message.
19/09 16:43:15:384 orderId = 0 | requestId = 0 | userId = system | channel = SMS | serviceAddress = 268 | keyword = DOI DIEM 1000 | isdn = 84922000514 | subscriberType = -1 | shipTo =  | actionType =  | productId = 0 | commandId = 0 | request =  | response =  | status = 1 | cause =  | description = 
19/09 16:43:15:385 message count: 1
19/09 16:43:20:484 End of process session
19/09 16:43:20:485 Simulator0 stopped
