04/12 13:41:08:346 Simulator0 started
04/12 13:41:08:379 Starting process session
04/12 13:41:08:592 End of process session
04/12 13:41:19:607 Simulator0 stopped
04/12 13:41:21:387 Simulator0 started
04/12 13:41:21:424 Starting process session
04/12 13:41:21:639 End of process session
04/12 13:41:47:346 Thread destroyed
04/12 14:50:25:174 Simulator0 started
04/12 14:50:25:199 Starting process session
04/12 15:00:23:484 Simulator0 started
04/12 15:00:23:557 Starting process session
04/12 15:00:57:450 Thread destroyed
04/12 15:03:13:528 Simulator0 started
04/12 15:03:13:560 Starting process session
04/12 15:03:32:656 Thread destroyed
04/12 15:06:25:416 Simulator0 started
04/12 15:06:25:448 Starting process session
04/12 15:09:16:937 Simulator0 started
04/12 15:09:16:974 Starting process session
04/12 15:11:23:144 Simulator0 started
04/12 15:11:23:183 Starting process session
04/12 15:12:33:903 Thread destroyed
04/12 15:12:36:312 Simulator0 started
04/12 15:12:36:342 Starting process session
04/12 15:15:30:962 Simulator0 started
04/12 15:15:30:985 Starting process session
04/12 15:24:12:432 Simulator0 started
04/12 15:24:12:450 Starting process session
04/12 15:24:12:673 End of process session
04/12 15:24:21:480 Thread destroyed
04/12 15:26:32:637 Simulator0 started
04/12 15:26:32:660 Starting process session
04/12 15:26:32:869 End of process session
04/12 15:27:24:932 Simulator0 stopped
04/12 15:27:26:839 Simulator0 started
04/12 15:27:26:865 Starting process session
04/12 15:27:27:072 End of process session
04/12 15:27:31:229 Thread destroyed
04/12 15:44:19:646 Simulator0 started
04/12 15:44:19:665 Starting process session
04/12 15:44:19:874 End of process session
04/12 15:44:25:885 Simulator0 stopped
04/12 15:44:27:683 Simulator0 started
04/12 15:44:27:709 Starting process session
04/12 15:44:27:916 End of process session
04/12 15:45:42:992 Simulator0 stopped
04/12 15:45:44:805 Simulator0 started
04/12 15:45:44:836 Starting process session
04/12 15:45:45:046 End of process session
04/12 15:48:56:397 Simulator0 started
04/12 15:48:56:417 Starting process session
04/12 15:48:56:627 End of process session
04/12 15:49:00:980 Thread destroyed
04/12 15:49:13:437 Simulator0 started
04/12 15:49:13:467 Starting process session
04/12 15:49:13:676 End of process session
04/12 15:49:18:120 Thread destroyed
04/12 15:50:28:354 Simulator0 started
04/12 15:50:28:380 Starting process session
04/12 15:50:28:497 Begin to send message.
04/12 15:50:28:774 orderId = 0 | requestId = 0 | userId = system | channel = SMS | serviceAddress = 268 | keyword = CAM | isdn = 84922000512 | subscriberType = -1 | shipTo =  | actionType =  | productId = 0 | commandId = 0 | request =  | response =  | status = 1 | cause =  | description = 
04/12 15:50:28:779 message count: 1
04/12 15:50:51:150 End of process session
04/12 15:51:04:170 Simulator0 stopped
04/12 15:51:05:398 Simulator0 started
04/12 15:51:05:445 Starting process session
04/12 15:51:05:551 Begin to send message.
04/12 15:51:05:656 orderId = 0 | requestId = 0 | userId = system | channel = SMS | serviceAddress = 268 | keyword = CAM | isdn = 84922000512 | subscriberType = -1 | shipTo =  | actionType =  | productId = 0 | commandId = 0 | request =  | response =  | status = 1 | cause =  | description = 
04/12 15:51:05:661 message count: 1
04/12 15:51:13:566 End of process session
04/12 15:51:25:584 Simulator0 stopped
04/12 15:51:27:447 Simulator0 started
04/12 15:51:27:466 Starting process session
04/12 15:51:27:674 End of process session
04/12 15:51:32:688 Simulator0 stopped
04/12 15:51:34:467 Simulator0 started
04/12 15:51:34:490 Starting process session
04/12 15:51:34:698 End of process session
04/12 15:52:37:478 Simulator0 started
04/12 15:52:37:523 Starting process session
04/12 15:52:37:738 End of process session
04/12 15:52:45:752 Simulator0 stopped
04/12 15:52:47:516 Simulator0 started
04/12 15:52:47:540 Starting process session
04/12 15:52:47:748 End of process session
04/12 15:54:24:239 Simulator0 started
04/12 15:54:24:268 Starting process session
04/12 15:54:24:476 End of process session
04/12 15:54:29:664 Thread destroyed
04/12 15:57:01:702 Simulator0 started
04/12 15:57:01:721 Starting process session
04/12 15:57:01:929 End of process session
04/12 15:57:06:832 Thread destroyed
04/12 15:57:10:744 Simulator0 started
04/12 15:57:10:766 Starting process session
04/12 15:57:10:973 End of process session
04/12 15:58:11:162 Simulator0 started
04/12 15:58:11:195 Starting process session
04/12 15:58:17:395 Begin to send message.
04/12 15:58:17:480 orderId = 0 | requestId = 0 | userId = system | channel = SMS | serviceAddress = 268 | keyword = CAM | isdn = 84922000512 | subscriberType = -1 | shipTo =  | actionType =  | productId = 0 | commandId = 0 | request =  | response =  | status = 1 | cause =  | description = 
04/12 15:58:17:486 message count: 1
04/12 15:59:07:822 End of process session
04/12 15:59:07:830 Simulator0 stopped
04/12 15:59:09:263 Simulator0 started
04/12 15:59:09:295 Starting process session
04/12 15:59:13:033 Begin to send message.
04/12 15:59:16:995 orderId = 0 | requestId = 0 | userId = system | channel = SMS | serviceAddress = 268 | keyword = CAM | isdn = 84922000512 | subscriberType = -1 | shipTo =  | actionType =  | productId = 0 | commandId = 0 | request =  | response =  | status = 1 | cause =  | description = 
04/12 16:02:35:915 Simulator0 started
04/12 16:02:35:951 Starting process session
04/12 16:02:35:959 Begin to send message.
04/12 16:02:35:983 orderId = 0 | requestId = 0 | userId = system | channel = SMS | serviceAddress = 268 | keyword = CAM | isdn = 84922000512 | subscriberType = -1 | shipTo =  | actionType =  | productId = 0 | commandId = 0 | request =  | response =  | status = 1 | cause =  | description = 
04/12 16:02:35:987 message count: 1
04/12 16:02:36:092 End of process session
04/12 16:02:41:101 Simulator0 stopped
04/12 16:10:17:250 Simulator0 started
04/12 16:10:17:275 Starting process session
04/12 16:10:17:280 Begin to send message.
04/12 16:10:17:302 orderId = 0 | requestId = 0 | userId = system | channel = SMS | serviceAddress = 268 | keyword = CAM | isdn = 84922000512 | subscriberType = -1 | shipTo =  | actionType =  | productId = 0 | commandId = 0 | request =  | response =  | status = 1 | cause =  | description = 
04/12 16:10:17:307 message count: 1
04/12 16:10:17:417 End of process session
04/12 17:03:30:082 Simulator0 started
04/12 17:03:30:111 Starting process session
04/12 17:03:30:119 Begin to send message.
04/12 17:03:30:145 orderId = 0 | requestId = 0 | userId = system | channel = SMS | serviceAddress = 268 | keyword = CAM | isdn = 84922000512 | subscriberType = -1 | shipTo =  | actionType =  | productId = 0 | commandId = 0 | request =  | response =  | status = 1 | cause =  | description = 
04/12 17:03:30:150 message count: 1
04/12 17:03:30:254 End of process session
04/12 17:11:43:117 Simulator0 started
04/12 17:11:43:148 Starting process session
04/12 17:11:43:158 Begin to send message.
04/12 17:11:43:186 orderId = 0 | requestId = 0 | userId = system | channel = SMS | serviceAddress = 268 | keyword = CAM | isdn = 84922000512 | subscriberType = -1 | shipTo =  | actionType =  | productId = 0 | commandId = 0 | request =  | response =  | status = 1 | cause =  | description = 
04/12 17:11:43:195 message count: 1
04/12 17:11:43:303 End of process session
04/12 17:17:37:626 Simulator0 stopped
04/12 17:17:39:474 Simulator0 started
04/12 17:17:39:499 Starting process session
04/12 17:17:39:506 Begin to send message.
04/12 17:17:39:515 orderId = 0 | requestId = 0 | userId = system | channel = SMS | serviceAddress = 268 | keyword = CAM | isdn = 84922000512 | subscriberType = -1 | shipTo =  | actionType =  | productId = 0 | commandId = 0 | request =  | response =  | status = 1 | cause =  | description = 
04/12 17:17:39:519 message count: 1
04/12 17:17:39:625 End of process session
04/12 17:22:07:870 Simulator0 stopped
04/12 17:22:09:724 Simulator0 started
04/12 17:22:09:773 Starting process session
04/12 17:22:09:784 Begin to send message.
04/12 17:22:09:800 orderId = 0 | requestId = 0 | userId = system | channel = SMS | serviceAddress = 268 | keyword = CAM | isdn = 84922000512 | subscriberType = -1 | shipTo =  | actionType =  | productId = 0 | commandId = 0 | request =  | response =  | status = 1 | cause =  | description = 
04/12 17:22:09:807 message count: 1
04/12 17:22:09:914 End of process session
04/12 17:41:17:549 Simulator0 started
04/12 17:41:17:572 Starting process session
04/12 17:41:17:579 Begin to send message.
04/12 17:41:17:607 orderId = 0 | requestId = 0 | userId = system | channel = SMS | serviceAddress = 268 | keyword = CAM | isdn = 84922000512 | subscriberType = -1 | shipTo =  | actionType =  | productId = 0 | commandId = 0 | request =  | response =  | status = 1 | cause =  | description = 
04/12 17:41:17:612 message count: 1
04/12 17:41:17:718 End of process session
04/12 17:58:20:650 Simulator0 stopped
04/12 17:58:22:529 Simulator0 started
04/12 17:58:22:556 Starting process session
04/12 17:58:22:562 Begin to send message.
04/12 17:58:22:569 orderId = 0 | requestId = 0 | userId = system | channel = SMS | serviceAddress = 268 | keyword = Tra diem | isdn = 84922000512 | subscriberType = -1 | shipTo =  | actionType =  | productId = 0 | commandId = 0 | request =  | response =  | status = 1 | cause =  | description = 
04/12 17:58:22:573 message count: 1
04/12 17:58:22:679 End of process session
04/12 18:07:36:526 Simulator0 started
04/12 18:07:36:557 Starting process session
04/12 18:07:36:564 Begin to send message.
04/12 18:07:36:595 orderId = 0 | requestId = 0 | userId = system | channel = SMS | serviceAddress = 268 | keyword = CAM | isdn = 84922000512 | subscriberType = -1 | shipTo =  | actionType =  | productId = 0 | commandId = 0 | request =  | response =  | status = 1 | cause =  | description = 
04/12 18:07:36:601 message count: 1
04/12 18:07:36:712 End of process session
04/12 18:14:08:076 Simulator0 stopped
04/12 18:14:09:929 Simulator0 started
04/12 18:14:09:961 Starting process session
04/12 18:14:09:967 Begin to send message.
04/12 18:14:09:976 orderId = 0 | requestId = 0 | userId = system | channel = SMS | serviceAddress = 268 | keyword = CAM | isdn = 84922000512 | subscriberType = -1 | shipTo =  | actionType =  | productId = 0 | commandId = 0 | request =  | response =  | status = 1 | cause =  | description = 
04/12 18:14:09:989 message count: 1
04/12 18:14:10:097 End of process session
04/12 18:14:41:134 Simulator0 stopped
04/12 18:14:42:995 Simulator0 started
04/12 18:14:43:024 Starting process session
04/12 18:14:43:031 Begin to send message.
04/12 18:14:43:045 orderId = 0 | requestId = 0 | userId = system | channel = SMS | serviceAddress = 268 | keyword = HUY CAM | isdn = 84922000512 | subscriberType = -1 | shipTo =  | actionType =  | productId = 0 | commandId = 0 | request =  | response =  | status = 1 | cause =  | description = 
04/12 18:14:43:052 message count: 1
04/12 18:14:43:160 End of process session
04/12 18:15:47:225 Simulator0 stopped
04/12 18:15:49:083 Simulator0 started
04/12 18:15:49:111 Starting process session
04/12 18:15:49:117 Begin to send message.
04/12 18:15:49:125 orderId = 0 | requestId = 0 | userId = system | channel = SMS | serviceAddress = 268 | keyword = CAM | isdn = 84922000512 | subscriberType = -1 | shipTo =  | actionType =  | productId = 0 | commandId = 0 | request =  | response =  | status = 1 | cause =  | description = 
04/12 18:15:49:130 message count: 1
04/12 18:15:49:237 End of process session
04/12 18:25:12:785 Simulator0 stopped
04/12 18:25:14:614 Simulator0 started
04/12 18:25:14:652 Starting process session
04/12 18:25:14:660 Begin to send message.
04/12 18:25:14:674 orderId = 0 | requestId = 0 | userId = system | channel = SMS | serviceAddress = 268 | keyword = HUY CAM | isdn = 84922000512 | subscriberType = -1 | shipTo =  | actionType =  | productId = 0 | commandId = 0 | request =  | response =  | status = 1 | cause =  | description = 
04/12 18:25:14:681 message count: 1
04/12 18:25:14:792 End of process session
