18/09 10:14:39:691 Simulator0 started
18/09 10:14:39:714 Starting process session
18/09 10:14:39:849 Total 0 instances are started
18/09 10:14:39:850 Total 1 instances are added
18/09 10:14:39:956 End of process session
18/09 10:30:02:097 Simulator0 stopped
18/09 10:30:03:947 Simulator0 started
18/09 10:30:03:970 Starting process session
18/09 10:30:04:080 Total 0 instances are started
18/09 10:30:04:081 Total 1 instances are added
18/09 10:30:04:080 Begin to send message.
18/09 10:30:04:120 orderId = 0 | requestId = 0 | userId = system | channel = SMS | serviceAddress = 268 | keyword = TRA DIEM | isdn = 84922000514 | subscriberType = -1 | shipTo =  | actionType =  | productId = 0 | commandId = 0 | request =  | response =  | status = 1 | cause =  | description = 
18/09 10:30:04:120 message count: 1
18/09 10:30:09:184 End of process session
18/09 10:30:09:184 Simulator0 stopped
18/09 10:30:35:996 Simulator0 started
18/09 10:30:36:018 Starting process session
18/09 10:30:36:127 Total 0 instances are started
18/09 10:30:36:127 Begin to send message.
18/09 10:30:36:128 Total 1 instances are added
18/09 10:30:36:132 orderId = 0 | requestId = 0 | userId = system | channel = SMS | serviceAddress = 268 | keyword = TRA DIEM | isdn = 84922000514 | subscriberType = -1 | shipTo =  | actionType =  | productId = 0 | commandId = 0 | request =  | response =  | status = 1 | cause =  | description = 
18/09 10:30:36:133 message count: 1
18/09 10:30:41:230 End of process session
18/09 10:30:41:231 Simulator0 stopped
18/09 10:56:37:330 Simulator0 started
18/09 10:56:37:354 Starting process session
18/09 10:56:37:520 Total 0 instances are started
18/09 10:56:37:521 Total 1 instances are added
18/09 10:56:37:625 End of process session
18/09 10:56:49:627 Simulator0 stopped
18/09 10:56:51:352 Simulator0 started
18/09 10:56:51:376 Starting process session
18/09 10:56:51:535 Total 0 instances are started
18/09 10:56:51:535 Begin to send message.
18/09 10:56:51:536 Total 1 instances are added
18/09 10:56:51:595 orderId = 0 | requestId = 0 | userId = system | channel = SMS | serviceAddress = 268 | keyword = TRA DIEM | isdn = 84922000514 | subscriberType = -1 | shipTo =  | actionType =  | productId = 0 | commandId = 0 | request =  | response =  | status = 1 | cause =  | description = 
18/09 10:56:51:595 message count: 1
18/09 10:56:56:640 End of process session
18/09 10:56:56:641 Simulator0 stopped
18/09 10:57:28:376 Simulator0 started
18/09 10:57:28:398 Starting process session
18/09 10:57:28:530 Total 0 instances are started
18/09 10:57:28:530 Begin to send message.
18/09 10:57:28:531 Total 1 instances are added
18/09 10:57:28:535 orderId = 0 | requestId = 0 | userId = system | channel = SMS | serviceAddress = 268 | keyword = DOI DIEM 10000 | isdn = 84922000514 | subscriberType = -1 | shipTo =  | actionType =  | productId = 0 | commandId = 0 | request =  | response =  | status = 1 | cause =  | description = 
18/09 10:57:28:536 message count: 1
18/09 10:57:33:635 End of process session
18/09 10:57:33:636 Simulator0 stopped
18/09 10:58:41:403 Simulator0 started
18/09 10:58:41:424 Starting process session
18/09 10:58:41:592 Total 0 instances are started
18/09 10:58:41:592 Begin to send message.
18/09 10:58:41:593 Total 1 instances are added
18/09 10:58:41:597 orderId = 0 | requestId = 0 | userId = system | channel = SMS | serviceAddress = 268 | keyword = DOI DIEM 10000 | isdn = 84922000514 | subscriberType = -1 | shipTo =  | actionType =  | productId = 0 | commandId = 0 | request =  | response =  | status = 1 | cause =  | description = 
18/09 10:58:41:597 message count: 1
18/09 10:58:46:698 End of process session
18/09 10:58:46:699 Simulator0 stopped
18/09 11:06:34:520 Simulator0 started
18/09 11:06:34:543 Starting process session
18/09 11:06:34:661 Total 0 instances are started
18/09 11:06:34:663 Total 1 instances are added
18/09 11:06:34:769 End of process session
18/09 11:06:40:771 Simulator0 stopped
18/09 11:06:42:546 Simulator0 started
18/09 11:06:42:580 Starting process session
18/09 11:06:42:693 Total 0 instances are started
18/09 11:06:42:693 Begin to send message.
18/09 11:06:42:694 Total 1 instances are added
18/09 11:06:42:714 orderId = 0 | requestId = 0 | userId = system | channel = SMS | serviceAddress = 268 | keyword = DOI DIEM 10000 | isdn = 84922000514 | subscriberType = -1 | shipTo =  | actionType =  | productId = 0 | commandId = 0 | request =  | response =  | status = 1 | cause =  | description = 
18/09 11:06:42:715 message count: 1
18/09 11:06:47:799 End of process session
18/09 11:06:47:800 Simulator0 stopped
18/09 12:50:55:903 Simulator0 started
18/09 12:50:55:924 Starting process session
18/09 12:50:56:108 Total 0 instances are started
18/09 12:50:56:109 Total 1 instances are added
18/09 12:50:56:110 Begin to send message.
18/09 12:50:56:159 orderId = 0 | requestId = 0 | userId = system | channel = SMS | serviceAddress = 268 | keyword = DOI DIEM 10000 | isdn = 84922000514 | subscriberType = -1 | shipTo =  | actionType =  | productId = 0 | commandId = 0 | request =  | response =  | status = 1 | cause =  | description = 
18/09 12:50:56:160 message count: 1
18/09 12:51:01:253 End of process session
18/09 12:51:01:254 Simulator0 stopped
18/09 12:51:18:947 Simulator0 started
18/09 12:51:18:969 Starting process session
18/09 12:51:19:119 Total 0 instances are started
18/09 12:51:19:120 Begin to send message.
18/09 12:51:19:120 Total 1 instances are added
18/09 12:51:19:124 orderId = 0 | requestId = 0 | userId = system | channel = SMS | serviceAddress = 268 | keyword = DOI DIEM 10000 | isdn = 84922000514 | subscriberType = -1 | shipTo =  | actionType =  | productId = 0 | commandId = 0 | request =  | response =  | status = 1 | cause =  | description = 
18/09 12:51:19:125 message count: 1
18/09 12:51:24:225 End of process session
18/09 12:51:24:226 Simulator0 stopped
18/09 12:54:32:925 Simulator0 started
18/09 12:54:32:949 Starting process session
18/09 12:54:33:058 Total 0 instances are started
18/09 12:54:33:059 Total 1 instances are added
18/09 12:54:33:060 Begin to send message.
18/09 12:54:33:071 orderId = 0 | requestId = 0 | userId = system | channel = SMS | serviceAddress = 268 | keyword = DOI DIEM 10000 | isdn = 84922000514 | subscriberType = -1 | shipTo =  | actionType =  | productId = 0 | commandId = 0 | request =  | response =  | status = 1 | cause =  | description = 
18/09 12:54:33:072 message count: 1
18/09 12:54:38:163 End of process session
18/09 12:54:38:164 Simulator0 stopped
18/09 12:59:06:352 Simulator0 started
18/09 12:59:06:375 Starting process session
18/09 12:59:06:486 Total 0 instances are started
18/09 12:59:06:487 Total 1 instances are added
18/09 12:59:06:594 End of process session
18/09 12:59:11:596 Simulator0 stopped
18/09 12:59:13:379 Simulator0 started
18/09 12:59:13:416 Starting process session
18/09 12:59:13:528 Total 0 instances are started
18/09 12:59:13:528 Begin to send message.
18/09 12:59:13:529 Total 1 instances are added
18/09 12:59:13:550 orderId = 0 | requestId = 0 | userId = system | channel = SMS | serviceAddress = 268 | keyword = DOI DIEM 10000 | isdn = 84922000514 | subscriberType = -1 | shipTo =  | actionType =  | productId = 0 | commandId = 0 | request =  | response =  | status = 1 | cause =  | description = 
18/09 12:59:13:551 message count: 1
18/09 12:59:18:633 End of process session
18/09 12:59:18:634 Simulator0 stopped
18/09 13:00:06:412 Simulator0 started
18/09 13:00:06:434 Starting process session
18/09 13:00:06:546 Total 0 instances are started
18/09 13:00:06:546 Begin to send message.
18/09 13:00:06:547 Total 1 instances are added
18/09 13:00:06:549 orderId = 0 | requestId = 0 | userId = system | channel = SMS | serviceAddress = 268 | keyword = DOI DIEM 10000 | isdn = 84922000514 | subscriberType = -1 | shipTo =  | actionType =  | productId = 0 | commandId = 0 | request =  | response =  | status = 1 | cause =  | description = 
18/09 13:00:06:550 message count: 1
18/09 13:00:11:651 End of process session
18/09 13:00:11:652 Simulator0 stopped
18/09 13:57:51:758 Simulator0 started
18/09 13:57:51:779 Starting process session
18/09 13:57:51:902 Total 0 instances are started
18/09 13:57:51:902 Begin to send message.
18/09 13:57:51:903 Total 1 instances are added
18/09 13:57:51:909 orderId = 0 | requestId = 0 | userId = system | channel = SMS | serviceAddress = 268 | keyword = DOI DIEM 10000 | isdn = 84922000514 | subscriberType = -1 | shipTo =  | actionType =  | productId = 0 | commandId = 0 | request =  | response =  | status = 1 | cause =  | description = 
18/09 13:57:51:910 message count: 1
18/09 13:57:57:010 End of process session
18/09 13:57:57:010 Simulator0 stopped
18/09 13:59:10:783 Simulator0 started
18/09 13:59:10:806 Starting process session
18/09 13:59:10:918 Total 0 instances are started
18/09 13:59:10:918 Begin to send message.
18/09 13:59:10:919 Total 1 instances are added
18/09 13:59:10:923 orderId = 0 | requestId = 0 | userId = system | channel = SMS | serviceAddress = 268 | keyword = DOI DIEM 10000 | isdn = 84922000514 | subscriberType = -1 | shipTo =  | actionType =  | productId = 0 | commandId = 0 | request =  | response =  | status = 1 | cause =  | description = 
18/09 13:59:10:923 message count: 1
18/09 13:59:16:025 End of process session
18/09 13:59:16:026 Simulator0 stopped
18/09 14:12:55:417 Simulator0 started
18/09 14:12:55:440 Starting process session
18/09 14:12:55:557 Total 0 instances are started
18/09 14:12:55:558 Total 1 instances are added
18/09 14:12:55:665 End of process session
18/09 14:12:58:666 Simulator0 stopped
18/09 14:13:09:439 Simulator0 started
18/09 14:13:09:464 Starting process session
18/09 14:13:09:578 Total 0 instances are started
18/09 14:13:09:579 Total 1 instances are added
18/09 14:13:09:578 Begin to send message.
18/09 14:13:09:636 orderId = 0 | requestId = 0 | userId = system | channel = SMS | serviceAddress = 268 | keyword = DOI DIEM 10000 | isdn = 84922000514 | subscriberType = -1 | shipTo =  | actionType =  | productId = 0 | commandId = 0 | request =  | response =  | status = 1 | cause =  | description = 
18/09 14:13:09:637 message count: 1
18/09 14:13:14:693 End of process session
18/09 14:13:14:697 Simulator0 stopped
18/09 14:15:38:478 Simulator0 started
18/09 14:15:38:501 Starting process session
18/09 14:15:38:617 Total 0 instances are started
18/09 14:15:38:618 Total 1 instances are added
18/09 14:15:38:617 Begin to send message.
18/09 14:15:38:623 orderId = 0 | requestId = 0 | userId = system | channel = SMS | serviceAddress = 268 | keyword = DOI DIEM 10000 | isdn = 84922000514 | subscriberType = -1 | shipTo =  | actionType =  | productId = 0 | commandId = 0 | request =  | response =  | status = 1 | cause =  | description = 
18/09 14:15:38:625 message count: 1
18/09 14:15:43:726 End of process session
18/09 14:15:43:728 Simulator0 stopped
18/09 14:53:33:840 Simulator0 started
18/09 14:53:33:871 Starting process session
18/09 14:53:33:986 Total 0 instances are started
18/09 14:53:33:986 Begin to send message.
18/09 14:53:33:987 Total 1 instances are added
18/09 14:53:34:014 orderId = 0 | requestId = 0 | userId = system | channel = SMS | serviceAddress = 268 | keyword = DOI DIEM 10000 | isdn = 84922000514 | subscriberType = -1 | shipTo =  | actionType =  | productId = 0 | commandId = 0 | request =  | response =  | status = 1 | cause =  | description = 
18/09 14:53:34:015 message count: 1
18/09 14:53:39:092 End of process session
18/09 14:53:39:094 Simulator0 stopped
18/09 15:03:02:950 Simulator0 started
18/09 15:03:02:973 Starting process session
18/09 15:03:03:090 Total 0 instances are started
18/09 15:03:03:091 Total 1 instances are added
18/09 15:03:03:195 End of process session
18/09 15:03:07:196 Simulator0 stopped
18/09 15:03:08:972 Simulator0 started
18/09 15:03:08:995 Starting process session
18/09 15:03:09:109 Total 0 instances are started
18/09 15:03:09:110 Total 1 instances are added
18/09 15:03:09:109 Begin to send message.
18/09 15:03:09:115 orderId = 0 | requestId = 0 | userId = system | channel = SMS | serviceAddress = 268 | keyword = DOI DIEM 10000 | isdn = 84922000514 | subscriberType = -1 | shipTo =  | actionType =  | productId = 0 | commandId = 0 | request =  | response =  | status = 1 | cause =  | description = 
18/09 15:03:09:116 message count: 1
18/09 15:03:14:220 End of process session
18/09 15:03:14:222 Simulator0 stopped
18/09 15:09:44:064 Simulator0 started
18/09 15:09:44:087 Starting process session
18/09 15:09:44:202 Begin to send message.
18/09 15:09:44:202 Total 0 instances are started
18/09 15:09:44:205 Total 1 instances are added
18/09 15:09:44:209 orderId = 0 | requestId = 0 | userId = system | channel = SMS | serviceAddress = 268 | keyword = DOI DIEM 10000 | isdn = 84922000514 | subscriberType = -1 | shipTo =  | actionType =  | productId = 0 | commandId = 0 | request =  | response =  | status = 1 | cause =  | description = 
18/09 15:09:44:209 message count: 1
18/09 15:09:49:314 End of process session
18/09 15:09:49:315 Simulator0 stopped
18/09 15:16:53:765 Simulator0 started
18/09 15:16:53:787 Starting process session
18/09 15:16:53:900 Total 0 instances are started
18/09 15:16:53:901 Total 1 instances are added
18/09 15:16:54:007 End of process session
18/09 15:17:00:012 Simulator0 stopped
18/09 15:17:01:787 Simulator0 started
18/09 15:17:01:809 Starting process session
18/09 15:17:01:921 Total 0 instances are started
18/09 15:17:01:921 Begin to send message.
18/09 15:17:01:922 Total 1 instances are added
18/09 15:17:01:947 orderId = 0 | requestId = 0 | userId = system | channel = SMS | serviceAddress = 268 | keyword = DOI DIEM 10000 | isdn = 84922000514 | subscriberType = -1 | shipTo =  | actionType =  | productId = 0 | commandId = 0 | request =  | response =  | status = 1 | cause =  | description = 
18/09 15:17:01:948 message count: 1
18/09 15:17:07:031 End of process session
18/09 15:17:07:031 Simulator0 stopped
18/09 15:17:44:814 Simulator0 started
18/09 15:17:44:839 Starting process session
18/09 15:17:44:952 Total 0 instances are started
18/09 15:17:44:953 Total 1 instances are added
18/09 15:17:45:056 End of process session
18/09 15:17:50:057 Simulator0 stopped
18/09 15:17:51:833 Simulator0 started
18/09 15:17:51:857 Starting process session
18/09 15:17:51:968 Total 0 instances are started
18/09 15:17:51:969 Total 1 instances are added
18/09 15:17:51:968 Begin to send message.
18/09 15:17:51:972 orderId = 0 | requestId = 0 | userId = system | channel = SMS | serviceAddress = 268 | keyword = DOI DIEM 10000 | isdn = 84922000514 | subscriberType = -1 | shipTo =  | actionType =  | productId = 0 | commandId = 0 | request =  | response =  | status = 1 | cause =  | description = 
18/09 15:17:51:973 message count: 1
18/09 15:17:57:083 End of process session
18/09 15:17:57:084 Simulator0 stopped
18/09 15:41:08:981 Simulator0 started
18/09 15:41:09:004 Starting process session
18/09 15:41:09:120 Total 0 instances are started
18/09 15:41:09:121 Total 1 instances are added
18/09 15:41:09:120 Begin to send message.
18/09 15:41:09:126 orderId = 0 | requestId = 0 | userId = system | channel = SMS | serviceAddress = 268 | keyword = DOI DIEM 10000 | isdn = 84922000514 | subscriberType = -1 | shipTo =  | actionType =  | productId = 0 | commandId = 0 | request =  | response =  | status = 1 | cause =  | description = 
18/09 15:41:09:127 message count: 1
18/09 15:41:14:229 End of process session
18/09 15:41:14:230 Simulator0 stopped
18/09 15:45:21:058 Simulator0 started
18/09 15:45:21:080 Starting process session
18/09 15:45:21:194 Total 0 instances are started
18/09 15:45:21:195 Total 1 instances are added
18/09 15:45:21:194 Begin to send message.
18/09 15:45:21:200 orderId = 0 | requestId = 0 | userId = system | channel = SMS | serviceAddress = 268 | keyword = DOI DIEM 10000 | isdn = 84922000514 | subscriberType = -1 | shipTo =  | actionType =  | productId = 0 | commandId = 0 | request =  | response =  | status = 1 | cause =  | description = 
18/09 15:45:21:201 message count: 1
18/09 15:45:26:304 End of process session
18/09 15:45:26:310 Simulator0 stopped
18/09 16:27:48:316 Simulator0 started
18/09 16:27:48:339 Starting process session
18/09 16:27:48:515 Total 0 instances are started
18/09 16:27:48:516 Total 1 instances are added
18/09 16:27:48:625 End of process session
18/09 16:27:53:628 Simulator0 stopped
18/09 16:27:55:337 Simulator0 started
18/09 16:27:55:361 Starting process session
18/09 16:27:55:471 Total 0 instances are started
18/09 16:27:55:471 Begin to send message.
18/09 16:27:55:472 Total 1 instances are added
18/09 16:27:55:584 orderId = 0 | requestId = 0 | userId = system | channel = SMS | serviceAddress = 268 | keyword = DK CAM | isdn = 84922000514 | subscriberType = -1 | shipTo =  | actionType =  | productId = 0 | commandId = 0 | request =  | response =  | status = 1 | cause =  | description = 
18/09 16:27:55:585 message count: 1
18/09 16:28:00:687 Begin to send message.
18/09 16:28:05:576 End of process session
18/09 16:28:05:577 Simulator0 stopped
18/09 16:29:21:385 Simulator0 started
18/09 16:29:21:406 Starting process session
18/09 16:29:21:516 Total 0 instances are started
18/09 16:29:21:516 Begin to send message.
18/09 16:29:21:517 Total 1 instances are added
18/09 16:29:21:522 orderId = 0 | requestId = 0 | userId = system | channel = SMS | serviceAddress = 268 | keyword = DK CAM | isdn = 84922000514 | subscriberType = -1 | shipTo =  | actionType =  | productId = 0 | commandId = 0 | request =  | response =  | status = 1 | cause =  | description = 
18/09 16:29:21:523 message count: 1
18/09 16:29:26:620 End of process session
18/09 16:29:26:622 Simulator0 stopped
18/09 16:32:09:415 Simulator0 started
18/09 16:32:09:437 Starting process session
18/09 16:32:09:553 Total 0 instances are started
18/09 16:32:09:553 Begin to send message.
18/09 16:32:09:554 Total 1 instances are added
18/09 16:32:09:558 orderId = 0 | requestId = 0 | userId = system | channel = SMS | serviceAddress = 268 | keyword = DK CAM | isdn = 84922000514 | subscriberType = -1 | shipTo =  | actionType =  | productId = 0 | commandId = 0 | request =  | response =  | status = 1 | cause =  | description = 
18/09 16:32:09:559 message count: 1
18/09 16:32:14:659 End of process session
18/09 16:32:14:660 Simulator0 stopped
18/09 16:36:13:772 Simulator0 started
18/09 16:36:13:793 Starting process session
18/09 16:36:13:906 Begin to send message.
arted
18/09 16:36:13:908 Total 1 instances are added
18/09 16:36:13:929 orderId = 0 | requestId = 0 | userId = system | channel = SMS | serviceAddress = 268 | keyword = DK CAM | isdn = 84922000514 | subscriberType = -1 | shipTo =  | actionType =  | productId = 0 | commandId = 0 | request =  | response =  | status = 1 | cause =  | description = 
18/09 16:36:13:930 message count: 1
18/09 16:36:19:015 End of process session
18/09 16:36:19:016 Simulator0 stopped
18/09 16:38:12:820 Simulator0 started
18/09 16:38:12:842 Starting process session
18/09 16:38:12:954 Total 0 instances are started
18/09 16:38:12:954 Total 1 instances are added
18/09 16:38:12:954 Begin to send message.
18/09 16:38:12:958 orderId = 0 | requestId = 0 | userId = system | channel = SMS | serviceAddress = 268 | keyword = DK CAM | isdn = 84922000511 | subscriberType = -1 | shipTo =  | actionType =  | productId = 0 | commandId = 0 | request =  | response =  | status = 1 | cause =  | description = 
18/09 16:38:12:960 message count: 1
18/09 16:38:18:058 End of process session
18/09 16:38:18:059 Simulator0 stopped
18/09 16:39:27:868 Simulator0 started
18/09 16:39:27:888 Starting process session
18/09 16:39:27:998 Total 0 instances are started
18/09 16:39:27:998 Begin to send message.
ded
18/09 16:39:28:003 orderId = 0 | requestId = 0 | userId = system | channel = SMS | serviceAddress = 268 | keyword = DK CAM | isdn = 84922000511 | subscriberType = -1 | shipTo =  | actionType =  | productId = 0 | commandId = 0 | request =  | response =  | status = 1 | cause =  | description = 
18/09 16:39:28:005 message count: 1
18/09 16:39:33:105 End of process session
18/09 16:39:33:105 Simulator0 stopped
18/09 16:40:35:892 Simulator0 started
18/09 16:40:35:914 Starting process session
18/09 16:40:36:026 Total 0 instances are started
18/09 16:40:36:026 Begin to send message.
18/09 16:40:36:027 Total 1 instances are added
18/09 16:40:36:031 orderId = 0 | requestId = 0 | userId = system | channel = SMS | serviceAddress = 268 | keyword = DK CAM | isdn = 84922000514 | subscriberType = -1 | shipTo =  | actionType =  | productId = 0 | commandId = 0 | request =  | response =  | status = 1 | cause =  | description = 
18/09 16:40:36:032 message count: 1
18/09 16:40:41:132 End of process session
18/09 16:40:41:133 Simulator0 stopped
18/09 16:41:10:914 Simulator0 started
18/09 16:41:10:935 Starting process session
18/09 16:41:11:045 Total 0 instances are started
18/09 16:41:11:045 Begin to send message.
18/09 16:41:11:046 Total 1 instances are added
18/09 16:41:11:050 orderId = 0 | requestId = 0 | userId = system | channel = SMS | serviceAddress = 268 | keyword = HUY CAM | isdn = 84922000514 | subscriberType = -1 | shipTo =  | actionType =  | productId = 0 | commandId = 0 | request =  | response =  | status = 1 | cause =  | description = 
18/09 16:41:11:050 message count: 1
18/09 16:41:16:150 End of process session
18/09 16:41:16:151 Simulator0 stopped
18/09 16:41:43:936 Simulator0 started
18/09 16:41:43:956 Starting process session
18/09 16:41:44:096 Total 0 instances are started
18/09 16:41:44:096 Begin to send message.
18/09 16:41:44:097 Total 1 instances are added
18/09 16:41:44:101 orderId = 0 | requestId = 0 | userId = system | channel = SMS | serviceAddress = 268 | keyword = DK CAM | isdn = 84922000514 | subscriberType = -1 | shipTo =  | actionType =  | productId = 0 | commandId = 0 | request =  | response =  | status = 1 | cause =  | description = 
18/09 16:41:44:101 message count: 1
18/09 16:41:49:202 End of process session
18/09 16:41:49:203 Simulator0 stopped
18/09 16:43:55:968 Simulator0 started
18/09 16:43:55:992 Starting process session
18/09 16:43:56:104 Total 0 instances are started
18/09 16:43:56:105 Total 1 instances are added
18/09 16:43:56:104 Begin to send message.
18/09 16:43:56:109 orderId = 0 | requestId = 0 | userId = system | channel = SMS | serviceAddress = 268 | keyword = DK CAM | isdn = 84922000512 | subscriberType = -1 | shipTo =  | actionType =  | productId = 0 | commandId = 0 | request =  | response =  | status = 1 | cause =  | description = 
18/09 16:43:56:110 message count: 1
18/09 16:44:01:208 End of process session
18/09 16:44:01:209 Simulator0 stopped
18/09 16:44:13:989 Simulator0 started
18/09 16:44:14:024 Starting process session
18/09 16:44:14:134 Total 0 instances are started
18/09 16:44:14:134 Begin to send message.
18/09 16:44:14:135 Total 1 instances are added
18/09 16:44:14:139 orderId = 0 | requestId = 0 | userId = system | channel = SMS | serviceAddress = 268 | keyword = HUY CAM | isdn = 84922000512 | subscriberType = -1 | shipTo =  | actionType =  | productId = 0 | commandId = 0 | request =  | response =  | status = 1 | cause =  | description = 
18/09 16:44:14:140 message count: 1
18/09 16:44:19:241 Begin to send message.
18/09 16:44:24:241 Begin to send message.
18/09 16:44:29:243 Begin to send message.
18/09 16:44:34:243 Begin to send message.
18/09 16:44:39:244 Begin to send message.
18/09 16:44:44:241 End of process session
18/09 16:44:44:241 Simulator0 stopped
18/09 16:44:46:030 Simulator0 started
18/09 16:44:46:051 Starting process session
18/09 16:44:46:160 Total 0 instances are started
18/09 16:44:46:160 Begin to send message.
18/09 16:44:46:161 Total 1 instances are added
18/09 16:44:46:165 orderId = 0 | requestId = 0 | userId = system | channel = SMS | serviceAddress = 268 | keyword = DK CAM | isdn = 84922000512 | subscriberType = -1 | shipTo =  | actionType =  | productId = 0 | commandId = 0 | request =  | response =  | status = 1 | cause =  | description = 
18/09 16:44:46:166 message count: 1
18/09 16:44:51:265 End of process session
18/09 16:44:51:266 Simulator0 stopped
18/09 16:45:14:050 Simulator0 started
18/09 16:45:14:072 Starting process session
18/09 16:45:14:183 Total 0 instances are started
18/09 16:45:14:183 Begin to send message.
18/09 16:45:14:184 Total 1 instances are added
18/09 16:45:14:188 orderId = 0 | requestId = 0 | userId = system | channel = SMS | serviceAddress = 268 | keyword = DK CAM | isdn = 84922000512 | subscriberType = -1 | shipTo =  | actionType =  | productId = 0 | commandId = 0 | request =  | response =  | status = 1 | cause =  | description = 
18/09 16:45:14:189 message count: 1
18/09 16:45:19:289 End of process session
18/09 16:45:19:290 Simulator0 stopped
18/09 16:45:43:074 Simulator0 started
18/09 16:45:43:096 Starting process session
18/09 16:45:43:206 Total 0 instances are started
18/09 16:45:43:206 Begin to send message.
18/09 16:45:43:206 Total 1 instances are added
18/09 16:45:43:211 orderId = 0 | requestId = 0 | userId = system | channel = SMS | serviceAddress = 268 | keyword = HUY CAM | isdn = 84922000512 | subscriberType = -1 | shipTo =  | actionType =  | productId = 0 | commandId = 0 | request =  | response =  | status = 1 | cause =  | description = 
18/09 16:45:43:211 message count: 1
18/09 16:45:48:309 End of process session
18/09 16:45:48:311 Simulator0 stopped
18/09 16:46:08:105 Simulator0 started
18/09 16:46:08:128 Starting process session
18/09 16:46:08:237 Total 0 instances are started
18/09 16:46:08:237 Begin to send message.
18/09 16:46:08:238 Total 1 instances are added
18/09 16:46:08:242 orderId = 0 | requestId = 0 | userId = system | channel = SMS | serviceAddress = 268 | keyword = HUY CAM | isdn = 84922000512 | subscriberType = -1 | shipTo =  | actionType =  | productId = 0 | commandId = 0 | request =  | response =  | status = 1 | cause =  | description = 
18/09 16:46:08:243 message count: 1
18/09 16:46:13:343 End of process session
18/09 16:46:13:344 Simulator0 stopped
18/09 16:46:30:127 Simulator0 started
18/09 16:46:30:149 Starting process session
18/09 16:46:30:260 Total 0 instances are started
18/09 16:46:30:260 Begin to send message.
18/09 16:46:30:261 Total 1 instances are added
18/09 16:46:30:264 orderId = 0 | requestId = 0 | userId = system | channel = SMS | serviceAddress = 268 | keyword = DK CAM | isdn = 84922000512 | subscriberType = -1 | shipTo =  | actionType =  | productId = 0 | commandId = 0 | request =  | response =  | status = 1 | cause =  | description = 
18/09 16:46:30:265 message count: 1
18/09 16:46:35:365 End of process session
18/09 16:46:35:365 Simulator0 stopped
18/09 16:47:57:172 Simulator0 started
18/09 16:47:57:193 Starting process session
18/09 16:47:57:301 Total 0 instances are started
18/09 16:47:57:301 Begin to send message.
18/09 16:47:57:302 Total 1 instances are added
18/09 16:47:57:306 orderId = 0 | requestId = 0 | userId = system | channel = SMS | serviceAddress = 268 | keyword = HUY CAM | isdn = 84922000512 | subscriberType = -1 | shipTo =  | actionType =  | productId = 0 | commandId = 0 | request =  | response =  | status = 1 | cause =  | description = 
18/09 16:47:57:306 message count: 1
18/09 16:48:02:406 End of process session
18/09 16:48:02:407 Simulator0 stopped
18/09 16:48:28:194 Simulator0 started
18/09 16:48:28:215 Starting process session
18/09 16:48:28:326 Total 0 instances are started
18/09 16:48:28:326 Begin to send message.
18/09 16:48:28:326 Total 1 instances are added
18/09 16:48:28:331 orderId = 0 | requestId = 0 | userId = system | channel = SMS | serviceAddress = 268 | keyword = DK CAM | isdn = 84922000512 | subscriberType = -1 | shipTo =  | actionType =  | productId = 0 | commandId = 0 | request =  | response =  | status = 1 | cause =  | description = 
18/09 16:48:28:331 message count: 1
18/09 16:48:33:432 End of process session
18/09 16:48:33:433 Simulator0 stopped
18/09 16:50:19:221 Simulator0 started
18/09 16:50:19:243 Starting process session
18/09 16:50:19:355 Total 0 instances are started
18/09 16:50:19:355 Begin to send message.
18/09 16:50:19:356 Total 1 instances are added
18/09 16:50:19:360 orderId = 0 | requestId = 0 | userId = system | channel = SMS | serviceAddress = 268 | keyword = DK CAM | isdn = 84922000512 | subscriberType = -1 | shipTo =  | actionType =  | productId = 0 | commandId = 0 | request =  | response =  | status = 1 | cause =  | description = 
18/09 16:50:19:361 message count: 1
18/09 16:50:24:460 End of process session
18/09 16:50:24:461 Simulator0 stopped
18/09 16:52:00:248 Simulator0 started
18/09 16:52:00:270 Starting process session
18/09 16:52:00:382 Total 0 instances are started
18/09 16:52:00:383 Total 1 instances are added
18/09 16:52:00:388 orderId = 0 | requestId = 0 | userId = system | channel = SMS | serviceAddress = 268 | keyword = HUY CAM | isdn = 84922000512 | subscriberType = -1 | shipTo =  | actionType =  | productId = 0 | commandId = 0 | request =  | response =  | status = 1 | cause =  | description = 
18/09 16:52:00:388 message count: 1
18/09 16:52:05:489 End of process session
18/09 16:52:05:490 Simulator0 stopped
18/09 17:11:02:824 Simulator0 started
18/09 17:11:02:846 Starting process session
18/09 17:11:02:963 Total 0 instances are started
18/09 17:11:02:964 Total 1 instances are added
18/09 17:11:03:115 End of process session
18/09 17:11:08:117 Simulator0 stopped
18/09 17:11:09:847 Simulator0 started
18/09 17:11:09:870 Starting process session
18/09 17:11:09:983 Total 0 instances are started
18/09 17:11:09:984 Total 1 instances are added
18/09 17:11:10:092 End of process session
18/09 17:11:53:096 Simulator0 stopped
18/09 17:11:54:873 Simulator0 started
18/09 17:11:54:895 Starting process session
18/09 17:11:55:009 Total 0 instances are started
18/09 17:11:55:009 Begin to send message.
18/09 17:11:55:010 Total 1 instances are added
18/09 17:11:55:090 orderId = 0 | requestId = 0 | userId = system | channel = SMS | serviceAddress = 268 | keyword = HUY CAM | isdn = 84922000512 | subscriberType = -1 | shipTo =  | actionType =  | productId = 0 | commandId = 0 | request =  | response =  | status = 1 | cause =  | description = 
18/09 17:11:55:091 message count: 1
18/09 17:12:00:115 End of process session
18/09 17:12:00:116 Simulator0 stopped
18/09 17:12:22:895 Simulator0 started
18/09 17:12:22:921 Starting process session
18/09 17:12:23:034 Total 0 instances are started
18/09 17:12:23:034 Begin to send message.
18/09 17:12:23:035 Total 1 instances are added
18/09 17:12:23:039 orderId = 0 | requestId = 0 | userId = system | channel = SMS | serviceAddress = 268 | keyword = DK CAM | isdn = 84922000512 | subscriberType = -1 | shipTo =  | actionType =  | productId = 0 | commandId = 0 | request =  | response =  | status = 1 | cause =  | description = 
18/09 17:12:23:039 message count: 1
18/09 17:12:28:146 End of process session
18/09 17:12:28:147 Simulator0 stopped
18/09 17:14:00:923 Simulator0 started
18/09 17:14:00:949 Starting process session
18/09 17:14:01:062 Total 0 instances are started
18/09 17:14:01:063 Total 1 instances are added
18/09 17:14:01:168 End of process session
18/09 17:14:06:169 Simulator0 stopped
18/09 17:14:07:943 Simulator0 started
18/09 17:14:07:969 Starting process session
18/09 17:14:08:080 Total 0 instances are started
18/09 17:14:08:081 Total 1 instances are added
18/09 17:14:08:185 End of process session
18/09 17:14:13:187 Simulator0 stopped
18/09 17:14:14:965 Simulator0 started
18/09 17:14:14:990 Starting process session
18/09 17:14:15:102 Total 0 instances are started
18/09 17:14:15:103 Total 1 instances are added
18/09 17:14:15:209 End of process session
18/09 17:14:25:210 Simulator0 stopped
18/09 17:14:27:008 Simulator0 started
18/09 17:14:27:035 Starting process session
18/09 17:14:27:147 Total 0 instances are started
18/09 17:14:27:148 Total 1 instances are added
18/09 17:14:27:252 End of process session
18/09 17:14:32:253 Simulator0 stopped
18/09 17:14:34:029 Simulator0 started
18/09 17:14:34:057 Starting process session
18/09 17:14:34:171 Total 0 instances are started
18/09 17:14:34:172 Total 1 instances are added
18/09 17:14:34:275 End of process session
18/09 17:14:37:276 Simulator0 stopped
18/09 17:18:21:307 Simulator0 started
18/09 17:18:21:328 Starting process session
18/09 17:18:21:442 Total 0 instances are started
18/09 17:18:21:443 Total 1 instances are added
18/09 17:18:21:442 Begin to send message.
18/09 17:18:21:506 orderId = 0 | requestId = 0 | userId = system | channel = SMS | serviceAddress = 268 | keyword = DK CAM | isdn = 84922000512 | subscriberType = -1 | shipTo =  | actionType =  | productId = 0 | commandId = 0 | request =  | response =  | status = 1 | cause =  | description = 
18/09 17:18:21:507 message count: 1
18/09 17:18:26:546 End of process session
18/09 17:18:26:547 Simulator0 stopped
18/09 17:18:51:331 Simulator0 started
18/09 17:18:51:353 Starting process session
18/09 17:18:51:466 Total 0 instances are started
18/09 17:18:51:466 Begin to send message.
18/09 17:18:51:467 Total 1 instances are added
18/09 17:18:51:471 orderId = 0 | requestId = 0 | userId = system | channel = SMS | serviceAddress = 268 | keyword = HUY CAM | isdn = 84922000512 | subscriberType = -1 | shipTo =  | actionType =  | productId = 0 | commandId = 0 | request =  | response =  | status = 1 | cause =  | description = 
18/09 17:18:51:472 message count: 1
18/09 17:18:56:573 End of process session
18/09 17:18:56:574 Simulator0 stopped
18/09 17:19:42:355 Simulator0 started
18/09 17:19:42:376 Starting process session
18/09 17:19:42:488 Total 0 instances are started
18/09 17:19:42:489 Total 1 instances are added
18/09 17:19:42:488 Begin to send message.
18/09 17:19:42:494 orderId = 0 | requestId = 0 | userId = system | channel = SMS | serviceAddress = 268 | keyword = HUY CAM | isdn = 84922000514 | subscriberType = -1 | shipTo =  | actionType =  | productId = 0 | commandId = 0 | request =  | response =  | status = 1 | cause =  | description = 
18/09 17:19:42:495 message count: 1
18/09 17:19:47:592 End of process session
18/09 17:19:47:593 Simulator0 stopped
18/09 17:20:28:398 Simulator0 started
18/09 17:20:28:421 Starting process session
18/09 17:20:28:532 Total 0 instances are started
18/09 17:20:28:532 Begin to send message.
18/09 17:20:28:533 Total 1 instances are added
18/09 17:20:28:538 orderId = 0 | requestId = 0 | userId = system | channel = SMS | serviceAddress = 268 | keyword = DK CAM | isdn = 84922000514 | subscriberType = -1 | shipTo =  | actionType =  | productId = 0 | commandId = 0 | request =  | response =  | status = 1 | cause =  | description = 
18/09 17:20:28:538 message count: 1
18/09 17:20:33:638 End of process session
18/09 17:20:33:639 Simulator0 stopped
18/09 17:21:08:423 Simulator0 started
18/09 17:21:08:445 Starting process session
18/09 17:21:08:556 Total 0 instances are started
18/09 17:21:08:556 Begin to send message.
18/09 17:21:08:557 Total 1 instances are added
18/09 17:21:08:561 orderId = 0 | requestId = 0 | userId = system | channel = SMS | serviceAddress = 268 | keyword = HUY CAM | isdn = 84922000514 | subscriberType = -1 | shipTo =  | actionType =  | productId = 0 | commandId = 0 | request =  | response =  | status = 1 | cause =  | description = 
18/09 17:21:08:562 message count: 1
18/09 17:21:13:664 End of process session
18/09 17:21:13:665 Simulator0 stopped
18/09 17:23:28:588 Simulator0 started
18/09 17:23:28:617 Starting process session
18/09 17:23:28:732 Total 0 instances are started
18/09 17:23:28:733 Total 1 instances are added
18/09 17:23:28:840 End of process session
18/09 17:23:33:841 Simulator0 stopped
18/09 17:23:35:608 Simulator0 started
18/09 17:23:35:631 Starting process session
18/09 17:23:35:745 Total 0 instances are started
18/09 17:23:35:746 Total 1 instances are added
18/09 17:23:35:746 Begin to send message.
18/09 17:23:35:776 orderId = 0 | requestId = 0 | userId = system | channel = SMS | serviceAddress = 268 | keyword = HUY CAM | isdn = 84922000514 | subscriberType = -1 | shipTo =  | actionType =  | productId = 0 | commandId = 0 | request =  | response =  | status = 1 | cause =  | description = 
18/09 17:23:35:777 message count: 1
18/09 17:23:40:877 Begin to send message.
18/09 17:23:45:850 End of process session
18/09 17:23:45:851 Simulator0 stopped
18/09 17:24:22:658 Simulator0 started
18/09 17:24:22:685 Starting process session
18/09 17:24:22:795 Total 0 instances are started
18/09 17:24:22:796 Total 1 instances are added
18/09 17:24:22:796 Begin to send message.
18/09 17:24:22:801 orderId = 0 | requestId = 0 | userId = system | channel = SMS | serviceAddress = 268 | keyword = DK CAM | isdn = 84922000514 | subscriberType = -1 | shipTo =  | actionType =  | productId = 0 | commandId = 0 | request =  | response =  | status = 1 | cause =  | description = 
18/09 17:24:22:802 message count: 1
18/09 17:24:27:900 End of process session
18/09 17:24:27:901 Simulator0 stopped
18/09 17:28:09:738 Simulator0 started
18/09 17:28:09:764 Starting process session
18/09 17:28:09:873 Total 0 instances are started
18/09 17:28:09:873 Begin to send message.
18/09 17:28:09:874 Total 1 instances are added
18/09 17:28:09:877 orderId = 0 | requestId = 0 | userId = system | channel = SMS | serviceAddress = 268 | keyword = DK CAM | isdn = 84922000514 | subscriberType = -1 | shipTo =  | actionType =  | productId = 0 | commandId = 0 | request =  | response =  | status = 1 | cause =  | description = 
18/09 17:28:09:878 message count: 1
18/09 17:28:14:986 End of process session
18/09 17:28:14:987 Simulator0 stopped
18/09 17:36:05:834 Simulator0 started
18/09 17:36:05:860 Starting process session
18/09 17:36:05:970 Total 0 instances are started
18/09 17:36:05:971 Total 1 instances are added
18/09 17:36:05:971 Begin to send message.
18/09 17:36:05:979 orderId = 0 | requestId = 0 | userId = system | channel = SMS | serviceAddress = 268 | keyword = HUY CAM | isdn = 84922000514 | subscriberType = -1 | shipTo =  | actionType =  | productId = 0 | commandId = 0 | request =  | response =  | status = 1 | cause =  | description = 
18/09 17:36:05:980 message count: 1
18/09 17:36:11:082 End of process session
18/09 17:36:11:083 Simulator0 stopped
18/09 17:43:03:827 Simulator0 started
18/09 17:43:03:854 Starting process session
18/09 17:43:03:965 Total 0 instances are started
18/09 17:43:03:966 Begin to send message.
18/09 17:43:03:967 Total 1 instances are added
18/09 17:43:03:993 orderId = 0 | requestId = 0 | userId = system | channel = SMS | serviceAddress = 268 | keyword = DK CAM | isdn = 84922000514 | subscriberType = -1 | shipTo =  | actionType =  | productId = 0 | commandId = 0 | request =  | response =  | status = 1 | cause =  | description = 
18/09 17:43:03:994 message count: 1
18/09 17:43:09:079 End of process session
18/09 17:43:09:080 Simulator0 stopped
18/09 17:49:12:895 Simulator0 started
18/09 17:49:12:921 Starting process session
18/09 17:49:13:044 Total 0 instances are started
18/09 17:49:13:044 Begin to send message.
18/09 17:49:13:046 Total 1 instances are added
18/09 17:49:13:054 orderId = 0 | requestId = 0 | userId = system | channel = SMS | serviceAddress = 268 | keyword = DK CAM | isdn = 84922000514 | subscriberType = -1 | shipTo =  | actionType =  | productId = 0 | commandId = 0 | request =  | response =  | status = 1 | cause =  | description = 
18/09 17:49:13:055 message count: 1
18/09 17:49:18:157 Begin to send message.
18/09 17:50:45:805 Simulator0 started
18/09 17:50:45:827 Starting process session
18/09 17:50:45:940 Total 0 instances are started
18/09 17:50:45:940 Begin to send message.
18/09 17:50:45:941 Total 1 instances are added
18/09 17:50:45:965 orderId = 0 | requestId = 0 | userId = system | channel = SMS | serviceAddress = 268 | keyword = DK CAM | isdn = 84922000514 | subscriberType = -1 | shipTo =  | actionType =  | productId = 0 | commandId = 0 | request =  | response =  | status = 1 | cause =  | description = 
18/09 17:50:45:966 message count: 1
18/09 17:50:51:046 End of process session
18/09 17:50:51:047 Simulator0 stopped
18/09 17:51:06:827 Simulator0 started
18/09 17:51:06:849 Starting process session
18/09 17:51:06:958 Total 0 instances are started
18/09 17:51:06:958 Begin to send message.
18/09 17:51:06:959 Total 1 instances are added
18/09 17:51:06:963 orderId = 0 | requestId = 0 | userId = system | channel = SMS | serviceAddress = 268 | keyword = HUY CAM | isdn = 84922000514 | subscriberType = -1 | shipTo =  | actionType =  | productId = 0 | commandId = 0 | request =  | response =  | status = 1 | cause =  | description = 
18/09 17:51:06:963 message count: 1
18/09 17:51:12:066 End of process session
18/09 17:51:12:067 Simulator0 stopped
18/09 17:51:39:871 Simulator0 started
18/09 17:51:39:893 Starting process session
18/09 17:51:40:002 Total 0 instances are started
18/09 17:51:40:002 Begin to send message.
18/09 17:51:40:003 Total 1 instances are added
18/09 17:51:40:007 orderId = 0 | requestId = 0 | userId = system | channel = SMS | serviceAddress = 268 | keyword = DK CAM | isdn = 84922000514 | subscriberType = -1 | shipTo =  | actionType =  | productId = 0 | commandId = 0 | request =  | response =  | status = 1 | cause =  | description = 
18/09 17:51:40:008 message count: 1
18/09 17:51:45:108 End of process session
18/09 17:51:45:109 Simulator0 stopped
18/09 18:00:51:925 Simulator0 started
18/09 18:00:51:946 Starting process session
18/09 18:00:52:056 Total 0 instances are started
18/09 18:00:52:056 Begin to send message.
18/09 18:00:52:057 Total 1 instances are added
18/09 18:00:52:061 orderId = 0 | requestId = 0 | userId = system | channel = SMS | serviceAddress = 268 | keyword = TRA DIEM | isdn = 84922000515 | subscriberType = -1 | shipTo =  | actionType =  | productId = 0 | commandId = 0 | request =  | response =  | status = 1 | cause =  | description = 
18/09 18:00:52:062 message count: 1
18/09 18:00:57:162 End of process session
18/09 18:00:57:162 Simulator0 stopped
18/09 18:05:31:967 Simulator0 started
18/09 18:05:31:989 Starting process session
18/09 18:05:32:112 Total 0 instances are started
18/09 18:05:32:112 Begin to send message.
18/09 18:05:32:113 Total 1 instances are added
18/09 18:05:32:118 orderId = 0 | requestId = 0 | userId = system | channel = SMS | serviceAddress = 268 | keyword = HUY CAM | isdn = 84922000514 | subscriberType = -1 | shipTo =  | actionType =  | productId = 0 | commandId = 0 | request =  | response =  | status = 1 | cause =  | description = 
18/09 18:05:32:118 message count: 1
18/09 18:05:37:216 End of process session
18/09 18:05:37:217 Simulator0 stopped
18/09 18:05:51:988 Simulator0 started
18/09 18:05:52:010 Starting process session
18/09 18:05:52:120 Total 0 instances are started
18/09 18:05:52:121 Total 1 instances are added
18/09 18:05:52:224 End of process session
18/09 18:05:56:225 Simulator0 stopped
18/09 18:05:58:010 Simulator0 started
18/09 18:05:58:032 Starting process session
18/09 18:05:58:143 Total 0 instances are started
18/09 18:05:58:143 Begin to send message.
18/09 18:05:58:144 Total 1 instances are added
18/09 18:05:58:148 orderId = 0 | requestId = 0 | userId = system | channel = SMS | serviceAddress = 268 | keyword = TRA DIEM | isdn = 84922000514 | subscriberType = -1 | shipTo =  | actionType =  | productId = 0 | commandId = 0 | request =  | response =  | status = 1 | cause =  | description = 
18/09 18:05:58:149 message count: 1
18/09 18:06:03:249 End of process session
18/09 18:06:03:250 Simulator0 stopped
18/09 18:07:02:038 Simulator0 started
18/09 18:07:02:060 Starting process session
18/09 18:07:02:171 Total 0 instances are started
18/09 18:07:02:172 Begin to send message.
18/09 18:07:02:172 Total 1 instances are added
18/09 18:07:02:176 orderId = 0 | requestId = 0 | userId = system | channel = SMS | serviceAddress = 268 | keyword = TRA DIEM | isdn = 84922000514 | subscriberType = -1 | shipTo =  | actionType =  | productId = 0 | commandId = 0 | request =  | response =  | status = 1 | cause =  | description = 
18/09 18:07:02:177 message count: 1
18/09 18:07:07:277 End of process session
18/09 18:07:07:278 Simulator0 stopped
18/09 18:07:19:081 Simulator0 started
18/09 18:07:19:104 Starting process session
18/09 18:07:19:215 Total 0 instances are started
18/09 18:07:19:215 Begin to send message.
18/09 18:07:19:216 Total 1 instances are added
18/09 18:07:19:220 orderId = 0 | requestId = 0 | userId = system | channel = SMS | serviceAddress = 268 | keyword = TRA DIEM | isdn = 84922000514 | subscriberType = -1 | shipTo =  | actionType =  | productId = 0 | commandId = 0 | request =  | response =  | status = 1 | cause =  | description = 
18/09 18:07:19:221 message count: 1
18/09 18:07:24:320 End of process session
18/09 18:07:24:321 Simulator0 stopped
18/09 18:08:39:107 Simulator0 started
18/09 18:08:39:130 Starting process session
18/09 18:08:39:241 Total 0 instances are started
18/09 18:08:39:241 Begin to send message.
18/09 18:08:39:242 Total 1 instances are added
18/09 18:08:39:245 orderId = 0 | requestId = 0 | userId = system | channel = SMS | serviceAddress = 268 | keyword = DK CAM | isdn = 84922000515 | subscriberType = -1 | shipTo =  | actionType =  | productId = 0 | commandId = 0 | request =  | response =  | status = 1 | cause =  | description = 
18/09 18:08:39:246 message count: 1
18/09 18:08:44:346 End of process session
18/09 18:08:44:347 Simulator0 stopped
18/09 18:09:19:132 Simulator0 started
18/09 18:09:19:154 Starting process session
18/09 18:09:19:263 Total 0 instances are started
18/09 18:09:19:263 Begin to send message.
18/09 18:09:19:264 Total 1 instances are added
18/09 18:09:19:268 orderId = 0 | requestId = 0 | userId = system | channel = SMS | serviceAddress = 268 | keyword = DK CAM | isdn = 84922000515 | subscriberType = -1 | shipTo =  | actionType =  | productId = 0 | commandId = 0 | request =  | response =  | status = 1 | cause =  | description = 
18/09 18:09:19:268 message count: 1
18/09 18:09:24:370 End of process session
18/09 18:09:24:371 Simulator0 stopped
18/09 18:10:08:155 Simulator0 started
18/09 18:10:08:178 Starting process session
18/09 18:10:08:288 Total 0 instances are started
18/09 18:10:08:288 Begin to send message.
18/09 18:10:08:289 Total 1 instances are added
18/09 18:10:08:293 orderId = 0 | requestId = 0 | userId = system | channel = SMS | serviceAddress = 268 | keyword = HUY CAM | isdn = 84922000515 | subscriberType = -1 | shipTo =  | actionType =  | productId = 0 | commandId = 0 | request =  | response =  | status = 1 | cause =  | description = 
18/09 18:10:08:293 message count: 1
18/09 18:10:13:393 End of process session
18/09 18:10:13:394 Simulator0 stopped
18/09 18:10:33:177 Simulator0 started
18/09 18:10:33:199 Starting process session
18/09 18:10:33:308 Total 0 instances are started
18/09 18:10:33:308 Begin to send message.
18/09 18:10:33:309 Total 1 instances are added
18/09 18:10:33:313 orderId = 0 | requestId = 0 | userId = system | channel = SMS | serviceAddress = 268 | keyword = DK CAM | isdn = 84922000515 | subscriberType = -1 | shipTo =  | actionType =  | productId = 0 | commandId = 0 | request =  | response =  | status = 1 | cause =  | description = 
18/09 18:10:33:313 message count: 1
18/09 18:10:38:412 End of process session
18/09 18:10:38:412 Simulator0 stopped
18/09 18:11:32:203 Simulator0 started
18/09 18:11:32:225 Starting process session
18/09 18:11:32:337 Total 0 instances are started
18/09 18:11:32:337 Begin to send message.
18/09 18:11:32:338 Total 1 instances are added
18/09 18:11:32:342 orderId = 0 | requestId = 0 | userId = system | channel = SMS | serviceAddress = 268 | keyword = DK CAM | isdn = 84922000515 | subscriberType = -1 | shipTo =  | actionType =  | productId = 0 | commandId = 0 | request =  | response =  | status = 1 | cause =  | description = 
18/09 18:11:32:343 message count: 1
18/09 18:11:37:443 End of process session
18/09 18:11:37:444 Simulator0 stopped
18/09 18:12:00:226 Simulator0 started
18/09 18:12:00:248 Starting process session
18/09 18:12:00:356 Total 0 instances are started
18/09 18:12:00:356 Begin to send message.
18/09 18:12:00:357 Total 1 instances are added
18/09 18:12:00:361 orderId = 0 | requestId = 0 | userId = system | channel = SMS | serviceAddress = 268 | keyword = HUY CAM | isdn = 84922000515 | subscriberType = -1 | shipTo =  | actionType =  | productId = 0 | commandId = 0 | request =  | response =  | status = 1 | cause =  | description = 
18/09 18:12:00:362 message count: 1
18/09 18:12:05:464 Begin to send message.
18/09 18:12:10:463 End of process session
18/09 18:12:10:464 Simulator0 stopped
18/09 18:13:43:951 Simulator0 started
18/09 18:13:43:976 Starting process session
18/09 18:13:44:090 Total 0 instances are started
18/09 18:13:44:091 Total 1 instances are added
18/09 18:13:44:091 Begin to send message.
18/09 18:13:44:124 orderId = 0 | requestId = 0 | userId = system | channel = SMS | serviceAddress = 268 | keyword = DK CAM | isdn = 84922000515 | subscriberType = -1 | shipTo =  | actionType =  | productId = 0 | commandId = 0 | request =  | response =  | status = 1 | cause =  | description = 
18/09 18:13:44:125 message count: 1
18/09 18:13:49:203 End of process session
18/09 18:13:49:204 Simulator0 stopped
18/09 18:15:13:978 Simulator0 started
18/09 18:15:14:004 Starting process session
18/09 18:15:14:122 Total 0 instances are started
18/09 18:15:14:123 Total 1 instances are added
18/09 18:15:14:122 Begin to send message.
18/09 18:15:14:127 orderId = 0 | requestId = 0 | userId = system | channel = SMS | serviceAddress = 268 | keyword = HUY CAM | isdn = 84922000514 | subscriberType = -1 | shipTo =  | actionType =  | productId = 0 | commandId = 0 | request =  | response =  | status = 1 | cause =  | description = 
18/09 18:15:14:128 message count: 1
18/09 18:15:19:228 Begin to send message.
18/09 18:15:24:229 Begin to send message.
18/09 18:15:29:235 End of process session
18/09 18:15:29:238 Simulator0 stopped
18/09 18:15:46:000 Simulator0 started
18/09 18:15:46:027 Starting process session
18/09 18:15:46:146 Total 0 instances are started
18/09 18:15:46:147 Total 1 instances are added
18/09 18:15:46:251 End of process session
18/09 18:15:50:252 Simulator0 stopped
18/09 18:15:52:020 Simulator0 started
18/09 18:15:52:048 Starting process session
18/09 18:15:52:159 Total 0 instances are started
18/09 18:15:52:160 Total 1 instances are added
18/09 18:15:52:266 End of process session
18/09 18:15:57:268 Simulator0 stopped
18/09 18:15:59:041 Simulator0 started
18/09 18:15:59:067 Starting process session
18/09 18:15:59:180 Total 0 instances are started
18/09 18:15:59:181 Total 1 instances are added
18/09 18:15:59:181 Begin to send message.
18/09 18:15:59:185 orderId = 0 | requestId = 0 | userId = system | channel = SMS | serviceAddress = 268 | keyword = DK CAM | isdn = 84922000514 | subscriberType = -1 | shipTo =  | actionType =  | productId = 0 | commandId = 0 | request =  | response =  | status = 1 | cause =  | description = 
18/09 18:15:59:186 message count: 1
18/09 18:16:04:291 End of process session
18/09 18:16:04:292 Simulator0 stopped
18/09 18:16:51:090 Simulator0 started
18/09 18:16:51:116 Starting process session
18/09 18:16:51:231 Total 0 instances are started
18/09 18:16:51:232 Total 1 instances are added
18/09 18:16:51:232 Begin to send message.
18/09 18:16:51:236 orderId = 0 | requestId = 0 | userId = system | channel = SMS | serviceAddress = 268 | keyword = DK CAM | isdn = 84922000514 | subscriberType = -1 | shipTo =  | actionType =  | productId = 0 | commandId = 0 | request =  | response =  | status = 1 | cause =  | description = 
18/09 18:16:51:237 message count: 1
18/09 18:16:56:351 End of process session
18/09 18:16:56:352 Simulator0 stopped
18/09 18:18:46:138 Simulator0 started
18/09 18:18:46:166 Starting process session
18/09 18:18:46:279 Total 0 instances are started
18/09 18:18:46:280 Total 1 instances are added
18/09 18:18:46:280 Begin to send message.
18/09 18:18:46:285 orderId = 0 | requestId = 0 | userId = system | channel = SMS | serviceAddress = 268 | keyword = DK CAM | isdn = 84922000514 | subscriberType = -1 | shipTo =  | actionType =  | productId = 0 | commandId = 0 | request =  | response =  | status = 1 | cause =  | description = 
18/09 18:18:46:285 message count: 1
18/09 18:18:51:390 End of process session
18/09 18:18:51:391 Simulator0 stopped
18/09 18:19:25:162 Simulator0 started
18/09 18:19:25:189 Starting process session
18/09 18:19:25:301 Total 0 instances are started
18/09 18:19:25:302 Total 1 instances are added
18/09 18:19:25:302 Begin to send message.
18/09 18:19:25:306 orderId = 0 | requestId = 0 | userId = system | channel = SMS | serviceAddress = 268 | keyword = DK CAM | isdn = 84922000515 | subscriberType = -1 | shipTo =  | actionType =  | productId = 0 | commandId = 0 | request =  | response =  | status = 1 | cause =  | description = 
18/09 18:19:25:306 message count: 1
18/09 18:19:30:427 End of process session
18/09 18:19:30:428 Simulator0 stopped
18/09 18:21:12:233 Simulator0 started
18/09 18:21:12:255 Starting process session
18/09 18:21:12:367 Total 0 instances are started
18/09 18:21:12:368 Total 1 instances are added
18/09 18:21:12:367 Begin to send message.
18/09 18:21:12:379 orderId = 0 | requestId = 0 | userId = system | channel = SMS | serviceAddress = 268 | keyword = TRA DIEM | isdn = 84922000515 | subscriberType = -1 | shipTo =  | actionType =  | productId = 0 | commandId = 0 | request =  | response =  | status = 1 | cause =  | description = 
18/09 18:21:12:380 message count: 1
18/09 18:21:17:473 End of process session
18/09 18:21:17:474 Simulator0 stopped
18/09 18:23:01:260 Simulator0 started
18/09 18:23:01:287 Starting process session
18/09 18:23:01:407 Total 0 instances are started
18/09 18:23:01:407 Begin to send message.
18/09 18:23:01:408 Total 1 instances are added
18/09 18:23:01:412 orderId = 0 | requestId = 0 | userId = system | channel = SMS | serviceAddress = 268 | keyword = HUY CAM | isdn = 84922000514 | subscriberType = -1 | shipTo =  | actionType =  | productId = 0 | commandId = 0 | request =  | response =  | status = 1 | cause =  | description = 
18/09 18:23:01:413 message count: 1
18/09 18:23:06:512 End of process session
18/09 18:23:06:513 Simulator0 stopped
18/09 18:23:38:283 Simulator0 started
18/09 18:23:38:305 Starting process session
18/09 18:23:38:417 Total 0 instances are started
18/09 18:23:38:417 Begin to send message.
18/09 18:23:38:418 Total 1 instances are added
18/09 18:23:38:423 orderId = 0 | requestId = 0 | userId = system | channel = SMS | serviceAddress = 268 | keyword = TRA DIEM | isdn = 84922000514 | subscriberType = -1 | shipTo =  | actionType =  | productId = 0 | commandId = 0 | request =  | response =  | status = 1 | cause =  | description = 
18/09 18:23:38:425 message count: 1
18/09 18:23:43:522 End of process session
18/09 18:23:43:523 Simulator0 stopped
18/09 18:25:03:313 Simulator0 started
18/09 18:25:03:336 Starting process session
18/09 18:25:03:447 Total 0 instances are started
18/09 18:25:03:447 Begin to send message.
18/09 18:25:03:448 Total 1 instances are added
18/09 18:25:03:452 orderId = 0 | requestId = 0 | userId = system | channel = SMS | serviceAddress = 268 | keyword = HUY CAM | isdn = 84922000515 | subscriberType = -1 | shipTo =  | actionType =  | productId = 0 | commandId = 0 | request =  | response =  | status = 1 | cause =  | description = 
18/09 18:25:03:453 message count: 1
18/09 18:25:08:552 End of process session
18/09 18:25:08:553 Simulator0 stopped
18/09 18:27:18:532 Simulator0 started
18/09 18:27:18:555 Starting process session
18/09 18:27:18:667 Total 0 instances are started
18/09 18:27:18:668 Total 1 instances are added
18/09 18:27:18:775 End of process session
18/09 18:27:22:775 Simulator0 stopped
18/09 18:27:36:554 Simulator0 started
18/09 18:27:36:577 Starting process session
18/09 18:27:36:693 Total 0 instances are started
18/09 18:27:36:694 Total 1 instances are added
18/09 18:27:36:800 End of process session
18/09 18:27:41:801 Simulator0 stopped
18/09 18:27:43:577 Simulator0 started
18/09 18:27:43:600 Starting process session
18/09 18:27:43:710 Begin to send message.
18/09 18:27:43:710 Total 0 instances are started
18/09 18:27:43:712 Total 1 instances are added
18/09 18:27:43:740 orderId = 0 | requestId = 0 | userId = system | channel = SMS | serviceAddress = 268 | keyword = DOI DIEM 1000 | isdn = 84922000515 | subscriberType = -1 | shipTo =  | actionType =  | productId = 0 | commandId = 0 | request =  | response =  | status = 1 | cause =  | description = 
18/09 18:27:43:741 message count: 1
18/09 18:27:48:815 End of process session
18/09 18:27:48:817 Simulator0 stopped
18/09 18:28:45:623 Simulator0 started
18/09 18:28:45:645 Starting process session
18/09 18:28:45:757 Begin to send message.
arted
18/09 18:28:45:758 Total 1 instances are added
18/09 18:28:45:763 orderId = 0 | requestId = 0 | userId = system | channel = SMS | serviceAddress = 268 | keyword = DOI DIEM 1000 | isdn = 84922000515 | subscriberType = -1 | shipTo =  | actionType =  | productId = 0 | commandId = 0 | request =  | response =  | status = 1 | cause =  | description = 
18/09 18:28:45:764 message count: 1
18/09 18:28:50:864 End of process session
18/09 18:28:50:865 Simulator0 stopped
18/09 18:29:27:646 Simulator0 started
18/09 18:29:27:669 Starting process session
18/09 18:29:27:781 Begin to send message.
arted
18/09 18:29:27:782 Total 1 instances are added
18/09 18:29:27:786 orderId = 0 | requestId = 0 | userId = system | channel = SMS | serviceAddress = 268 | keyword = DOI DIEM 1000 | isdn = 84922000514 | subscriberType = -1 | shipTo =  | actionType =  | productId = 0 | commandId = 0 | request =  | response =  | status = 1 | cause =  | description = 
18/09 18:29:27:787 message count: 1
18/09 18:29:32:887 End of process session
18/09 18:29:32:888 Simulator0 stopped
18/09 18:30:13:672 Simulator0 started
18/09 18:30:13:694 Starting process session
18/09 18:30:13:807 Total 0 instances are started
18/09 18:30:13:808 Total 1 instances are added
18/09 18:30:13:807 Begin to send message.
18/09 18:30:13:813 orderId = 0 | requestId = 0 | userId = system | channel = SMS | serviceAddress = 268 | keyword = DOI DIEM 1000 | isdn = 84922000514 | subscriberType = -1 | shipTo =  | actionType =  | productId = 0 | commandId = 0 | request =  | response =  | status = 1 | cause =  | description = 
18/09 18:30:13:814 message count: 1
18/09 18:30:18:912 End of process session
18/09 18:30:18:913 Simulator0 stopped
18/09 18:30:28:712 Simulator0 started
18/09 18:30:28:735 Starting process session
18/09 18:30:28:846 Total 0 instances are started
18/09 18:30:28:846 Begin to send message.
18/09 18:30:28:847 Total 1 instances are added
18/09 18:30:28:851 orderId = 0 | requestId = 0 | userId = system | channel = SMS | serviceAddress = 268 | keyword = DOI DIEM 1000 | isdn = 84922000514 | subscriberType = -1 | shipTo =  | actionType =  | productId = 0 | commandId = 0 | request =  | response =  | status = 1 | cause =  | description = 
18/09 18:30:28:852 message count: 1
18/09 18:30:33:952 End of process session
18/09 18:30:33:953 Simulator0 stopped
18/09 18:31:00:736 Simulator0 started
18/09 18:31:00:759 Starting process session
18/09 18:31:00:870 Total 0 instances are started
18/09 18:31:00:870 Begin to send message.
18/09 18:31:00:871 Total 1 instances are added
18/09 18:31:00:876 orderId = 0 | requestId = 0 | userId = system | channel = SMS | serviceAddress = 268 | keyword = HUY CAM | isdn = 84922000515 | subscriberType = -1 | shipTo =  | actionType =  | productId = 0 | commandId = 0 | request =  | response =  | status = 1 | cause =  | description = 
18/09 18:31:00:877 message count: 1
18/09 18:31:05:977 End of process session
18/09 18:31:05:977 Simulator0 stopped
18/09 18:31:31:759 Simulator0 started
18/09 18:31:31:781 Starting process session
18/09 18:31:31:892 Total 0 instances are started
18/09 18:31:31:892 Begin to send message.
18/09 18:31:31:893 Total 1 instances are added
18/09 18:31:31:897 orderId = 0 | requestId = 0 | userId = system | channel = SMS | serviceAddress = 268 | keyword = DK CAM | isdn = 84922000515 | subscriberType = -1 | shipTo =  | actionType =  | productId = 0 | commandId = 0 | request =  | response =  | status = 1 | cause =  | description = 
18/09 18:31:31:898 message count: 1
18/09 18:31:36:996 End of process session
18/09 18:31:36:998 Simulator0 stopped
18/09 18:31:53:780 Simulator0 started
18/09 18:31:53:800 Starting process session
18/09 18:31:53:913 Total 0 instances are started
18/09 18:31:53:913 Begin to send message.
18/09 18:31:53:914 Total 1 instances are added
18/09 18:31:53:918 orderId = 0 | requestId = 0 | userId = system | channel = SMS | serviceAddress = 268 | keyword = DOI DIEM 1000 | isdn = 84922000515 | subscriberType = -1 | shipTo =  | actionType =  | productId = 0 | commandId = 0 | request =  | response =  | status = 1 | cause =  | description = 
18/09 18:31:53:919 message count: 1
18/09 18:31:59:020 End of process session
18/09 18:31:59:020 Simulator0 stopped
18/09 18:37:40:825 Simulator0 started
18/09 18:37:40:848 Starting process session
18/09 18:37:40:960 Total 0 instances are started
18/09 18:37:40:960 Begin to send message.
18/09 18:37:40:962 Total 1 instances are added
18/09 18:37:40:966 orderId = 0 | requestId = 0 | userId = system | channel = SMS | serviceAddress = 268 | keyword = HUY CAM | isdn = 84922000515 | subscriberType = -1 | shipTo =  | actionType =  | productId = 0 | commandId = 0 | request =  | response =  | status = 1 | cause =  | description = 
18/09 18:37:40:967 message count: 1
18/09 18:37:46:064 End of process session
18/09 18:37:46:065 Simulator0 stopped
18/09 18:39:14:853 Simulator0 started
18/09 18:39:14:876 Starting process session
18/09 18:39:14:987 Total 0 instances are started
18/09 18:39:14:987 Begin to send message.
18/09 18:39:14:988 Total 1 instances are added
18/09 18:39:14:991 orderId = 0 | requestId = 0 | userId = system | channel = SMS | serviceAddress = 268 | keyword = DOI DIEM 1000 | isdn = 84922000515 | subscriberType = -1 | shipTo =  | actionType =  | productId = 0 | commandId = 0 | request =  | response =  | status = 1 | cause =  | description = 
18/09 18:39:14:992 message count: 1
18/09 18:39:20:093 End of process session
18/09 18:39:20:093 Simulator0 stopped
18/09 18:39:51:877 Simulator0 started
18/09 18:39:51:898 Starting process session
18/09 18:39:52:010 Total 0 instances are started
18/09 18:39:52:010 Begin to send message.
18/09 18:39:52:011 Total 1 instances are added
18/09 18:39:52:014 orderId = 0 | requestId = 0 | userId = system | channel = SMS | serviceAddress = 268 | keyword = DOI DIEM 1000 | isdn = 84922000515 | subscriberType = -1 | shipTo =  | actionType =  | productId = 0 | commandId = 0 | request =  | response =  | status = 1 | cause =  | description = 
18/09 18:39:52:015 message count: 1
18/09 18:39:57:115 End of process session
18/09 18:39:57:116 Simulator0 stopped
18/09 18:49:42:252 Simulator0 started
18/09 18:49:42:280 Starting process session
18/09 18:49:44:475 Total 0 instances are started
18/09 18:49:44:476 Begin to send message.
18/09 18:49:44:477 Total 1 instances are added
18/09 18:49:44:502 orderId = 0 | requestId = 0 | userId = system | channel = SMS | serviceAddress = 268 | keyword = HUY CAM | isdn = 84922000515 | subscriberType = -1 | shipTo =  | actionType =  | productId = 0 | commandId = 0 | request =  | response =  | status = 1 | cause =  | description = 
18/09 18:49:44:502 message count: 1
18/09 18:49:49:584 End of process session
18/09 18:49:49:586 Simulator0 stopped
18/09 18:50:24:403 Simulator0 started
18/09 18:50:24:426 Starting process session
18/09 18:50:24:583 Begin to send message.
arted
18/09 18:50:24:585 Total 1 instances are added
18/09 18:50:24:589 orderId = 0 | requestId = 0 | userId = system | channel = SMS | serviceAddress = 268 | keyword = DOI DIEM 1000 | isdn = 84922000515 | subscriberType = -1 | shipTo =  | actionType =  | productId = 0 | commandId = 0 | request =  | response =  | status = 1 | cause =  | description = 
18/09 18:50:24:590 message count: 1
18/09 18:50:29:689 End of process session
18/09 18:50:29:690 Simulator0 stopped
18/09 18:50:55:427 Simulator0 started
18/09 18:50:55:452 Starting process session
18/09 18:50:55:564 Total 0 instances are started
18/09 18:50:55:564 Begin to send message.
18/09 18:50:55:565 Total 1 instances are added
18/09 18:50:55:569 orderId = 0 | requestId = 0 | userId = system | channel = SMS | serviceAddress = 268 | keyword = HUY CAM | isdn = 84922000514 | subscriberType = -1 | shipTo =  | actionType =  | productId = 0 | commandId = 0 | request =  | response =  | status = 1 | cause =  | description = 
18/09 18:50:55:569 message count: 1
18/09 18:51:00:669 End of process session
18/09 18:51:00:670 Simulator0 stopped
18/09 18:52:05:453 Simulator0 started
18/09 18:52:05:476 Starting process session
18/09 18:52:05:586 Total 0 instances are started
18/09 18:52:05:586 Begin to send message.
ded
18/09 18:52:05:591 orderId = 0 | requestId = 0 | userId = system | channel = SMS | serviceAddress = 268 | keyword = DOI DIEM 1000 | isdn = 84922000514 | subscriberType = -1 | shipTo =  | actionType =  | productId = 0 | commandId = 0 | request =  | response =  | status = 1 | cause =  | description = 
18/09 18:52:05:592 message count: 1
18/09 18:52:10:690 End of process session
18/09 18:52:10:690 Simulator0 stopped
18/09 18:52:40:477 Simulator0 started
18/09 18:52:40:500 Starting process session
18/09 18:52:40:613 Total 0 instances are started
18/09 18:52:40:613 Begin to send message.
18/09 18:52:40:614 Total 1 instances are added
18/09 18:52:40:618 orderId = 0 | requestId = 0 | userId = system | channel = SMS | serviceAddress = 268 | keyword = DK CAM | isdn = 84922000515 | subscriberType = -1 | shipTo =  | actionType =  | productId = 0 | commandId = 0 | request =  | response =  | status = 1 | cause =  | description = 
18/09 18:52:40:618 message count: 1
18/09 18:52:45:718 End of process session
18/09 18:52:45:719 Simulator0 stopped
18/09 18:52:57:499 Simulator0 started
18/09 18:52:57:522 Starting process session
18/09 18:52:57:631 Total 0 instances are started
18/09 18:52:57:631 Begin to send message.
ded
18/09 18:52:57:636 orderId = 0 | requestId = 0 | userId = system | channel = SMS | serviceAddress = 268 | keyword = DOI DIEM 1000 | isdn = 84922000515 | subscriberType = -1 | shipTo =  | actionType =  | productId = 0 | commandId = 0 | request =  | response =  | status = 1 | cause =  | description = 
18/09 18:52:57:636 message count: 1
18/09 18:53:02:735 End of process session
18/09 18:53:02:736 Simulator0 stopped
18/09 18:53:24:524 Simulator0 started
18/09 18:53:24:547 Starting process session
18/09 18:53:24:658 Total 0 instances are started
18/09 18:53:24:659 Total 1 instances are added
18/09 18:53:24:663 orderId = 0 | requestId = 0 | userId = system | channel = SMS | serviceAddress = 268 | keyword = DK CAM | isdn = 84922000515 | subscriberType = -1 | shipTo =  | actionType =  | productId = 0 | commandId = 0 | request =  | response =  | status = 1 | cause =  | description = 
18/09 18:53:24:663 message count: 1
18/09 18:53:29:763 End of process session
18/09 18:53:29:763 Simulator0 stopped
18/09 18:54:10:593 Simulator0 started
18/09 18:54:10:615 Starting process session
18/09 18:54:10:726 Total 0 instances are started
18/09 18:54:10:726 Begin to send message.
18/09 18:54:10:727 Total 1 instances are added
18/09 18:54:10:730 orderId = 0 | requestId = 0 | userId = system | channel = SMS | serviceAddress = 268 | keyword = DOI DIEM 1000 | isdn = 84922000515 | subscriberType = -1 | shipTo =  | actionType =  | productId = 0 | commandId = 0 | request =  | response =  | status = 1 | cause =  | description = 
18/09 18:54:10:730 message count: 1
18/09 18:54:15:830 End of process session
18/09 18:54:15:830 Simulator0 stopped
18/09 18:58:02:523 Simulator0 started
18/09 18:58:02:545 Starting process session
18/09 18:58:02:657 Total 0 instances are started
18/09 18:58:02:658 Total 1 instances are added
18/09 18:58:02:765 End of process session
18/09 18:58:05:766 Simulator0 stopped
18/09 18:58:07:544 Simulator0 started
18/09 18:58:07:566 Starting process session
18/09 18:58:07:678 Total 0 instances are started
18/09 18:58:07:678 Begin to send message.
18/09 18:58:07:679 Total 1 instances are added
18/09 18:58:07:702 orderId = 0 | requestId = 0 | userId = system | channel = SMS | serviceAddress = 268 | keyword = DOI DIEM 1000 | isdn = 84922000515 | subscriberType = -1 | shipTo =  | actionType =  | productId = 0 | commandId = 0 | request =  | response =  | status = 1 | cause =  | description = 
18/09 18:58:07:703 message count: 1
18/09 18:58:12:784 End of process session
18/09 18:58:12:784 Simulator0 stopped
18/09 18:58:56:593 Simulator0 started
18/09 18:58:56:617 Starting process session
18/09 18:58:56:728 Total 0 instances are started
18/09 18:58:56:728 Begin to send message.
18/09 18:58:56:729 Total 1 instances are added
18/09 18:58:56:733 orderId = 0 | requestId = 0 | userId = system | channel = SMS | serviceAddress = 268 | keyword = DOI DIEM 1000 | isdn = 84922000515 | subscriberType = -1 | shipTo =  | actionType =  | productId = 0 | commandId = 0 | request =  | response =  | status = 1 | cause =  | description = 
18/09 18:58:56:734 message count: 1
18/09 18:59:01:833 End of process session
18/09 18:59:01:834 Simulator0 stopped
