13/05 14:32:19:811 Simulator0 started
13/05 14:32:19:842 Starting process session
13/05 14:32:47:065 Thread destroyed
13/05 14:33:03:794 Simulator0 started
13/05 14:33:03:808 Starting process session
13/05 14:33:27:116 Thread destroyed
13/05 14:45:28:857 Simulator0 started
13/05 14:45:28:871 Starting process session
13/05 14:49:04:323 Thread destroyed
13/05 15:06:32:337 Simulator0 started
13/05 15:06:32:351 Starting process session
13/05 15:12:07:316 Simulator0 started
13/05 15:12:21:492 Starting process session
13/05 15:13:15:141 Thread destroyed
13/05 15:13:22:324 Simulator0 started
13/05 15:13:22:339 Starting process session
13/05 15:14:49:175 Thread destroyed
13/05 15:15:57:346 Simulator0 started
13/05 15:15:57:363 Starting process session
13/05 15:19:12:263 Thread destroyed
13/05 15:19:35:373 Simulator0 started
13/05 15:19:35:392 Starting process session
13/05 15:20:23:347 Thread destroyed
13/05 15:20:23:835 End of process session
13/05 15:20:25:391 Simulator0 started
13/05 15:20:30:227 Starting process session
13/05 15:22:54:321 Simulator0 started
13/05 15:22:54:332 Starting process session
13/05 15:24:12:924 Thread destroyed
13/05 15:24:13:412 End of process session
13/05 15:37:22:014 Simulator0 started
13/05 15:37:22:025 Starting process session
13/05 15:46:18:483 Begin to send message.
13/05 15:46:18:532 orderId = 0 | requestId = 0 | userId = system | channel = SMS | serviceAddress = 268 | keyword = cam | isdn = 84922000512 | subscriberType = -1 | shipTo =  | actionType =  | productId = 0 | commandId = 0 | request =  | response =  | status = 1 | cause =  | description = 
13/05 15:46:18:673 Begin to send message.
13/05 15:46:18:680 Begin to send message.
13/05 15:46:18:780 Begin to send message.
13/05 15:46:18:878 Begin to send message.
13/05 15:46:19:402 End of process session
13/05 16:02:59:464 Starting process session
13/05 16:02:59:569 Begin to send message.
13/05 16:02:59:573 orderId = 0 | requestId = 0 | userId = system | channel = SMS | serviceAddress = 268 | keyword = cam | isdn = 84922000512 | subscriberType = -1 | shipTo =  | actionType =  | productId = 0 | commandId = 0 | request =  | response =  | status = 1 | cause =  | description = 
13/05 16:02:59:669 Begin to send message.
13/05 16:02:59:769 Begin to send message.
13/05 16:02:59:869 Begin to send message.
13/05 16:02:59:969 Begin to send message.
13/05 16:03:00:471 End of process session
13/05 16:04:57:479 Simulator0 stopped
13/05 16:04:59:312 Simulator0 started
13/05 16:04:59:326 Starting process session
13/05 16:04:59:430 Begin to send message.
13/05 16:04:59:434 orderId = 0 | requestId = 0 | userId = system | channel = SMS | serviceAddress = 268 | keyword = cam | isdn = 84922000512 | subscriberType = -1 | shipTo =  | actionType =  | productId = 0 | commandId = 0 | request =  | response =  | status = 1 | cause =  | description = 
13/05 16:04:59:530 Begin to send message.
13/05 16:04:59:630 Begin to send message.
13/05 16:04:59:730 Begin to send message.
13/05 16:04:59:830 Begin to send message.
13/05 16:05:00:334 End of process session
13/05 16:08:59:533 Simulator0 started
13/05 16:08:59:546 Starting process session
13/05 16:08:59:650 Begin to send message.
13/05 16:08:59:674 orderId = 0 | requestId = 0 | userId = system | channel = SMS | serviceAddress = 268 | keyword = cam | isdn = 84922000512 | subscriberType = -1 | shipTo =  | actionType =  | productId = 0 | commandId = 0 | request =  | response =  | status = 1 | cause =  | description = 
13/05 16:08:59:750 Begin to send message.
13/05 16:08:59:850 Begin to send message.
13/05 16:08:59:950 Begin to send message.
13/05 16:09:00:050 Begin to send message.
13/05 16:09:00:599 End of process session
13/05 16:10:58:607 Simulator0 stopped
13/05 16:11:00:554 Simulator0 started
13/05 16:11:00:567 Starting process session
13/05 16:11:00:671 Begin to send message.
13/05 16:11:00:675 orderId = 0 | requestId = 0 | userId = system | channel = SMS | serviceAddress = 268 | keyword = tra diem | isdn = 84922000512 | subscriberType = -1 | shipTo =  | actionType =  | productId = 0 | commandId = 0 | request =  | response =  | status = 1 | cause =  | description = 
13/05 16:11:00:771 Begin to send message.
13/05 16:11:00:871 Begin to send message.
13/05 16:11:00:971 Begin to send message.
13/05 16:11:01:076 Begin to send message.
13/05 16:11:01:579 End of process session
13/05 16:26:05:397 Simulator0 started
13/05 16:26:05:414 Starting process session
13/05 16:26:05:520 Begin to send message.
13/05 16:26:05:548 orderId = 0 | requestId = 0 | userId = system | channel = SMS | serviceAddress = 268 | keyword = cam | isdn = 84922000512 | subscriberType = -1 | shipTo =  | actionType =  | productId = 0 | commandId = 0 | request =  | response =  | status = 1 | cause =  | description = 
13/05 16:26:05:620 Begin to send message.
13/05 16:26:05:720 Begin to send message.
13/05 16:26:05:820 Begin to send message.
13/05 16:26:05:921 Begin to send message.
13/05 16:26:06:428 End of process session
13/05 16:27:42:450 Simulator0 stopped
13/05 16:27:44:436 Simulator0 started
13/05 16:27:44:451 Starting process session
13/05 16:27:44:555 Begin to send message.
13/05 16:27:44:560 orderId = 0 | requestId = 0 | userId = system | channel = SMS | serviceAddress = 268 | keyword = cam | isdn = 84922000512 | subscriberType = -1 | shipTo =  | actionType =  | productId = 0 | commandId = 0 | request =  | response =  | status = 1 | cause =  | description = 
13/05 16:27:44:655 Begin to send message.
13/05 16:27:44:755 Begin to send message.
13/05 16:27:44:855 Begin to send message.
13/05 16:27:44:955 Begin to send message.
13/05 16:27:45:460 End of process session
13/05 16:55:02:080 Simulator0 started
13/05 16:55:02:100 Starting process session
13/05 16:55:02:209 Begin to send message.
13/05 16:55:02:237 orderId = 0 | requestId = 0 | userId = system | channel = SMS | serviceAddress = 268 | keyword = cam | isdn = 84922000512 | subscriberType = -1 | shipTo =  | actionType =  | productId = 0 | commandId = 0 | request =  | response =  | status = 1 | cause =  | description = 
13/05 16:55:02:309 Begin to send message.
13/05 16:55:02:409 Begin to send message.
13/05 16:55:02:514 Begin to send message.
13/05 16:55:02:702 Begin to send message.
13/05 16:55:03:200 End of process session
13/05 16:58:15:214 Simulator0 stopped
13/05 16:58:17:103 Simulator0 started
13/05 16:58:17:118 Starting process session
13/05 16:58:17:223 Begin to send message.
13/05 16:58:17:230 orderId = 0 | requestId = 0 | userId = system | channel = SMS | serviceAddress = 268 | keyword = tra diem | isdn = 84922000512 | subscriberType = -1 | shipTo =  | actionType =  | productId = 0 | commandId = 0 | request =  | response =  | status = 1 | cause =  | description = 
13/05 16:58:17:323 Begin to send message.
13/05 16:58:17:423 Begin to send message.
13/05 16:58:17:523 Begin to send message.
13/05 16:58:17:623 Begin to send message.
13/05 16:58:18:126 End of process session
13/05 17:07:54:165 Simulator0 stopped
13/05 17:07:56:147 Simulator0 started
13/05 17:07:56:159 Starting process session
13/05 17:07:56:262 Begin to send message.
13/05 17:07:56:266 orderId = 0 | requestId = 0 | userId = system | channel = SMS | serviceAddress = 268 | keyword = tra diem | isdn = 84922000512 | subscriberType = -1 | shipTo =  | actionType =  | productId = 0 | commandId = 0 | request =  | response =  | status = 1 | cause =  | description = 
13/05 17:07:56:362 Begin to send message.
13/05 17:07:56:462 Begin to send message.
13/05 17:07:56:562 Begin to send message.
13/05 17:07:56:662 Begin to send message.
13/05 17:07:57:164 End of process session
13/05 17:12:04:185 Simulator0 stopped
13/05 17:12:06:175 Simulator0 started
13/05 17:12:06:190 Starting process session
13/05 17:12:06:296 Begin to send message.
13/05 17:12:06:300 orderId = 0 | requestId = 0 | userId = system | channel = SMS | serviceAddress = 268 | keyword = tra diem | isdn = 84922000512 | subscriberType = -1 | shipTo =  | actionType =  | productId = 0 | commandId = 0 | request =  | response =  | status = 1 | cause =  | description = 
13/05 17:12:06:396 Begin to send message.
13/05 17:12:06:496 Begin to send message.
13/05 17:12:06:596 Begin to send message.
13/05 17:12:06:696 Begin to send message.
13/05 17:12:07:199 End of process session
13/05 17:13:51:211 Simulator0 stopped
13/05 17:13:53:193 Simulator0 started
13/05 17:13:53:208 Starting process session
13/05 17:13:53:312 Begin to send message.
13/05 17:13:53:316 orderId = 0 | requestId = 0 | userId = system | channel = SMS | serviceAddress = 268 | keyword = tra diem | isdn = 84922000512 | subscriberType = -1 | shipTo =  | actionType =  | productId = 0 | commandId = 0 | request =  | response =  | status = 1 | cause =  | description = 
13/05 17:13:53:424 Begin to send message.
13/05 17:13:53:518 Begin to send message.
13/05 17:13:53:618 Begin to send message.
13/05 17:13:53:718 Begin to send message.
13/05 17:13:54:220 End of process session
13/05 17:25:26:340 Simulator0 stopped
13/05 17:25:28:294 Simulator0 started
13/05 17:25:28:314 Starting process session
13/05 17:25:28:417 Begin to send message.
13/05 17:25:28:423 orderId = 0 | requestId = 0 | userId = system | channel = SMS | serviceAddress = 268 | keyword = tra diem | isdn = 84922000512 | subscriberType = -1 | shipTo =  | actionType =  | productId = 0 | commandId = 0 | request =  | response =  | status = 1 | cause =  | description = 
13/05 17:25:28:517 Begin to send message.
13/05 17:25:28:617 Begin to send message.
13/05 17:25:28:717 Begin to send message.
13/05 17:25:28:817 Begin to send message.
13/05 17:25:29:320 End of process session
13/05 17:36:47:934 Simulator0 started
13/05 17:36:47:943 Starting process session
13/05 17:36:48:058 Begin to send message.
13/05 17:36:48:078 orderId = 0 | requestId = 0 | userId = system | channel = SMS | serviceAddress = 268 | keyword = tra diem | isdn = 84922000512 | subscriberType = -1 | shipTo =  | actionType =  | productId = 0 | commandId = 0 | request =  | response =  | status = 1 | cause =  | description = 
13/05 17:36:48:149 Begin to send message.
13/05 17:36:48:249 Begin to send message.
13/05 17:36:48:349 Begin to send message.
13/05 17:36:48:449 Begin to send message.
13/05 17:36:48:951 End of process session
13/05 17:39:59:963 Simulator0 stopped
13/05 17:40:01:959 Simulator0 started
13/05 17:40:01:974 Starting process session
13/05 17:40:02:077 Begin to send message.
13/05 17:40:02:083 orderId = 0 | requestId = 0 | userId = system | channel = SMS | serviceAddress = 268 | keyword = tra diem | isdn = 84922000512 | subscriberType = -1 | shipTo =  | actionType =  | productId = 0 | commandId = 0 | request =  | response =  | status = 1 | cause =  | description = 
13/05 17:40:02:180 Begin to send message.
13/05 17:40:02:280 Begin to send message.
13/05 17:40:02:380 Begin to send message.
13/05 17:40:02:480 Begin to send message.
13/05 17:40:02:982 End of process session
13/05 17:54:04:034 Simulator0 stopped
13/05 17:54:06:027 Simulator0 started
13/05 17:54:06:043 Starting process session
13/05 17:54:06:148 Begin to send message.
13/05 17:54:06:153 orderId = 0 | requestId = 0 | userId = system | channel = SMS | serviceAddress = 268 | keyword = tra diem | isdn = 84922000512 | subscriberType = -1 | shipTo =  | actionType =  | productId = 0 | commandId = 0 | request =  | response =  | status = 1 | cause =  | description = 
13/05 17:54:06:248 Begin to send message.
13/05 17:54:06:348 Begin to send message.
13/05 17:54:06:448 Begin to send message.
13/05 17:54:06:548 Begin to send message.
13/05 17:54:07:050 End of process session
13/05 17:55:11:056 Simulator0 stopped
13/05 17:55:13:070 Simulator0 started
13/05 17:55:13:081 Starting process session
13/05 17:55:13:184 Begin to send message.
13/05 17:55:13:188 orderId = 0 | requestId = 0 | userId = system | channel = SMS | serviceAddress = 268 | keyword = tra diem | isdn = 84922000512 | subscriberType = -1 | shipTo =  | actionType =  | productId = 0 | commandId = 0 | request =  | response =  | status = 1 | cause =  | description = 
13/05 17:55:13:284 Begin to send message.
13/05 17:55:13:384 Begin to send message.
13/05 17:55:13:484 Begin to send message.
13/05 17:55:13:584 Begin to send message.
13/05 17:55:14:093 End of process session
13/05 17:55:48:098 Simulator0 stopped
13/05 17:55:50:085 Simulator0 started
13/05 17:55:50:098 Starting process session
13/05 17:55:50:201 Begin to send message.
13/05 17:55:50:206 orderId = 0 | requestId = 0 | userId = system | channel = SMS | serviceAddress = 268 | keyword = tra diem | isdn = 84922000512 | subscriberType = -1 | shipTo =  | actionType =  | productId = 0 | commandId = 0 | request =  | response =  | status = 1 | cause =  | description = 
13/05 17:55:50:309 Begin to send message.
13/05 17:55:50:405 Begin to send message.
13/05 17:55:50:505 Begin to send message.
13/05 17:55:50:605 Begin to send message.
13/05 17:55:51:115 End of process session
13/05 18:06:49:205 Simulator0 stopped
13/05 18:06:51:173 Simulator0 started
13/05 18:06:51:187 Starting process session
13/05 18:06:51:292 Begin to send message.
13/05 18:06:51:296 orderId = 0 | requestId = 0 | userId = system | channel = SMS | serviceAddress = 268 | keyword = tra diem | isdn = 84922000512 | subscriberType = -1 | shipTo =  | actionType =  | productId = 0 | commandId = 0 | request =  | response =  | status = 1 | cause =  | description = 
13/05 18:06:51:409 Begin to send message.
13/05 18:06:51:506 Begin to send message.
13/05 18:06:51:606 Begin to send message.
13/05 18:06:51:706 Begin to send message.
13/05 18:06:52:207 End of process session
13/05 18:16:13:244 Simulator0 stopped
13/05 18:16:15:248 Simulator0 started
13/05 18:16:15:264 Starting process session
13/05 18:16:15:393 Begin to send message.
13/05 18:16:15:398 orderId = 0 | requestId = 0 | userId = system | channel = SMS | serviceAddress = 268 | keyword = tra diem | isdn = 84922000512 | subscriberType = -1 | shipTo =  | actionType =  | productId = 0 | commandId = 0 | request =  | response =  | status = 1 | cause =  | description = 
13/05 18:16:15:502 Begin to send message.
13/05 18:16:15:601 Begin to send message.
13/05 18:16:15:701 Begin to send message.
13/05 18:16:15:801 Begin to send message.
13/05 18:16:16:304 End of process session
13/05 18:19:26:322 Simulator0 stopped
13/05 18:19:28:288 Simulator0 started
13/05 18:19:28:302 Starting process session
13/05 18:19:28:406 Begin to send message.
13/05 18:19:28:408 orderId = 0 | requestId = 0 | userId = system | channel = SMS | serviceAddress = 268 | keyword = tra diem | isdn = 84922000512 | subscriberType = -1 | shipTo =  | actionType =  | productId = 0 | commandId = 0 | request =  | response =  | status = 1 | cause =  | description = 
13/05 18:19:28:507 Begin to send message.
13/05 18:19:28:607 Begin to send message.
13/05 18:19:28:707 Begin to send message.
13/05 18:19:28:807 Begin to send message.
13/05 18:19:29:309 End of process session
13/05 18:37:11:823 Simulator0 started
13/05 18:37:11:836 Starting process session
13/05 18:37:11:950 Begin to send message.
13/05 18:37:11:979 orderId = 0 | requestId = 0 | userId = system | channel = SMS | serviceAddress = 268 | keyword = tra diem | isdn = 84922000512 | subscriberType = -1 | shipTo =  | actionType =  | productId = 0 | commandId = 0 | request =  | response =  | status = 1 | cause =  | description = 
13/05 18:37:12:053 Begin to send message.
13/05 18:37:12:153 Begin to send message.
13/05 18:37:12:253 Begin to send message.
13/05 18:37:12:353 Begin to send message.
13/05 18:37:12:861 End of process session
13/05 18:38:58:484 Simulator0 started
13/05 18:38:58:498 Starting process session
13/05 18:38:58:602 Begin to send message.
13/05 18:38:58:631 orderId = 0 | requestId = 0 | userId = system | channel = SMS | serviceAddress = 268 | keyword = tra diem | isdn = 84922000512 | subscriberType = -1 | shipTo =  | actionType =  | productId = 0 | commandId = 0 | request =  | response =  | status = 1 | cause =  | description = 
13/05 18:38:58:707 Begin to send message.
13/05 18:38:58:802 Begin to send message.
13/05 18:38:58:902 Begin to send message.
13/05 18:38:59:002 Begin to send message.
13/05 18:38:59:506 End of process session
13/05 18:42:52:144 Simulator0 started
13/05 18:42:52:159 Starting process session
13/05 18:42:52:281 Begin to send message.
13/05 18:42:52:327 orderId = 0 | requestId = 0 | userId = system | channel = SMS | serviceAddress = 268 | keyword = tra diem | isdn = 84922000512 | subscriberType = -1 | shipTo =  | actionType =  | productId = 0 | commandId = 0 | request =  | response =  | status = 1 | cause =  | description = 
13/05 18:42:52:381 Begin to send message.
13/05 18:42:52:481 Begin to send message.
13/05 18:42:52:581 Begin to send message.
13/05 18:42:52:681 Begin to send message.
13/05 18:42:53:189 End of process session
