18/09 12:54:06:901 Queue Monitor started
18/09 12:54:06:961 Starting process session
18/09 12:54:07:039 18/09/2013 12:54:07:008
Memory information:
	 :: Free memory            : 5 MB
	 :: Allocated memory       : 26 MB
	 :: Max memory             : 63 MB
	 :: Total free memory      : 42 MB
	 :: Total free memory      : 66 (%)
	 :: Disk in used           : 621/29,998 MB, Used 2 (%) (/)
	 :: Total running thread   : 58
18/09/2013 12:54:07:008
Local CommandRoute queue: 0
Total command request for vas/CommandStatistic : 0
Total command request for vas/OrderRoute : 1
Total command request for vas/OSA : 0
Total command request for vas/CCWS : 0
Total command request for vas/EMA : 0
Total command request for vas/MCA : 0
Total command request for vas/CB : 0
Total command request for vas/CRM : 0
Total command request for vas/VIM : 0
Total command request for vas/CBS : 0
Total command request for vas/SMSC : 0
Total command request for vas/CommandLog : 4
Total command request for vas/LBA : 0

18/09 12:54:07:040 Close queue connection pool.
18/09 12:54:07:045 End of process session
18/09 12:54:17:046 Starting process session
18/09 12:54:17:081 18/09/2013 12:54:17:058
Memory information:
	 :: Free memory            : 4 MB
	 :: Allocated memory       : 26 MB
	 :: Max memory             : 63 MB
	 :: Total free memory      : 41 MB
	 :: Total free memory      : 65 (%)
	 :: Disk in used           : 621/29,998 MB, Used 2 (%) (/)
	 :: Total running thread   : 58
18/09/2013 12:54:17:058
Local CommandRoute queue: 0
Total command request for vas/CommandStatistic : 0
Total command request for vas/OrderRoute : 1
Total command request for vas/OSA : 0
Total command request for vas/CCWS : 0
Total command request for vas/EMA : 0
Total command request for vas/MCA : 0
Total command request for vas/CB : 0
Total command request for vas/CRM : 0
Total command request for vas/VIM : 0
Total command request for vas/CBS : 0
Total command request for vas/SMSC : 0
Total command request for vas/CommandLog : 4
Total command request for vas/LBA : 0

18/09 12:54:17:082 Close queue connection pool.
18/09 12:54:17:085 End of process session
18/09 12:54:27:085 Starting process session
18/09 12:54:27:183 18/09/2013 12:54:27:138
Memory information:
	 :: Free memory            : 5 MB
	 :: Allocated memory       : 26 MB
	 :: Max memory             : 63 MB
	 :: Total free memory      : 42 MB
	 :: Total free memory      : 66 (%)
	 :: Disk in used           : 621/29,998 MB, Used 2 (%) (/)
	 :: Total running thread   : 58
18/09/2013 12:54:27:138
Local CommandRoute queue: 0
Total command request for vas/CommandStatistic : 0
Total command request for vas/OrderRoute : 0
Total command request for vas/OSA : 0
Total command request for vas/CCWS : 0
Total command request for vas/EMA : 0
Total command request for vas/MCA : 0
Total command request for vas/CB : 0
Total command request for vas/CRM : 0
Total command request for vas/VIM : 0
Total command request for vas/CBS : 0
Total command request for vas/SMSC : 0
Total command request for vas/CommandLog : 4
Total command request for vas/LBA : 0

18/09 12:54:27:184 Close queue connection pool.
18/09 12:54:27:187 End of process session
18/09 12:54:37:189 Starting process session
18/09 12:54:37:255 18/09/2013 12:54:37:234
Memory information:
	 :: Free memory            : 5 MB
	 :: Allocated memory       : 26 MB
	 :: Max memory             : 63 MB
	 :: Total free memory      : 42 MB
	 :: Total free memory      : 66 (%)
	 :: Disk in used           : 621/29,998 MB, Used 2 (%) (/)
	 :: Total running thread   : 63
18/09/2013 12:54:37:234
Local CommandRoute queue: 0
Total command request for vas/CommandStatistic : 0
Total command request for vas/OrderRoute : 1
Total command request for vas/OSA : 0
Total command request for vas/CCWS : 0
Total command request for vas/EMA : 0
Total command request for vas/MCA : 0
Total command request for vas/CB : 0
Total command request for vas/CRM : 0
Total command request for vas/VIM : 0
Total command request for vas/CBS : 0
Total command request for vas/SMSC : 0
Total command request for vas/CommandLog : 4
Total command request for vas/LBA : 0

18/09 12:54:37:256 Close queue connection pool.
18/09 12:54:37:259 End of process session
18/09 12:54:47:260 Starting process session
18/09 12:54:47:327 18/09/2013 12:54:47:305
Memory information:
	 :: Free memory            : 5 MB
	 :: Allocated memory       : 26 MB
	 :: Max memory             : 63 MB
	 :: Total free memory      : 42 MB
	 :: Total free memory      : 66 (%)
	 :: Disk in used           : 621/29,998 MB, Used 2 (%) (/)
	 :: Total running thread   : 53
18/09/2013 12:54:47:305
Local CommandRoute queue: 0
Total command request for vas/CommandStatistic : 0
Total command request for vas/OrderRoute : 0
Total command request for vas/OSA : 0
Total command request for vas/CCWS : 0
Total command request for vas/EMA : 0
Total command request for vas/MCA : 0
Total command request for vas/CB : 0
Total command request for vas/CRM : 0
Total command request for vas/VIM : 0
Total command request for vas/CBS : 0
Total command request for vas/SMSC : 0
Total command request for vas/CommandLog : 4
Total command request for vas/LBA : 0

18/09 12:54:47:327 Close queue connection pool.
18/09 12:54:47:331 End of process session
18/09 12:54:57:333 Starting process session
18/09 12:54:57:370 18/09/2013 12:54:57:348
Memory information:
	 :: Free memory            : 2 MB
	 :: Allocated memory       : 26 MB
	 :: Max memory             : 63 MB
	 :: Total free memory      : 39 MB
	 :: Total free memory      : 62 (%)
	 :: Disk in used           : 621/29,998 MB, Used 2 (%) (/)
	 :: Total running thread   : 58
18/09/2013 12:54:57:348
Local CommandRoute queue: 0
Total command request for vas/CommandStatistic : 0
Total command request for vas/OrderRoute : 0
Total command request for vas/OSA : 0
Total command request for vas/CCWS : 0
Total command request for vas/EMA : 0
Total command request for vas/MCA : 0
Total command request for vas/CB : 0
Total command request for vas/CRM : 0
Total command request for vas/VIM : 0
Total command request for vas/CBS : 0
Total command request for vas/SMSC : 0
Total command request for vas/CommandLog : 4
Total command request for vas/LBA : 0

18/09 12:54:57:370 Close queue connection pool.
18/09 12:54:57:375 End of process session
18/09 12:55:07:377 Starting process session
18/09 12:55:07:420 18/09/2013 12:55:07:388
Memory information:
	 :: Free memory            : 2 MB
	 :: Allocated memory       : 26 MB
	 :: Max memory             : 63 MB
	 :: Total free memory      : 39 MB
	 :: Total free memory      : 62 (%)
	 :: Disk in used           : 621/29,998 MB, Used 2 (%) (/)
	 :: Total running thread   : 58
18/09/2013 12:55:07:388
Local CommandRoute queue: 0
Total command request for vas/CommandStatistic : 0
Total command request for vas/OrderRoute : 0
Total command request for vas/OSA : 0
Total command request for vas/CCWS : 0
Total command request for vas/EMA : 0
Total command request for vas/MCA : 0
Total command request for vas/CB : 0
Total command request for vas/CRM : 0
Total command request for vas/VIM : 0
Total command request for vas/CBS : 0
Total command request for vas/SMSC : 0
Total command request for vas/CommandLog : 4
Total command request for vas/LBA : 0

18/09 12:55:07:421 Close queue connection pool.
18/09 12:55:07:423 End of process session
18/09 12:55:17:424 Starting process session
18/09 12:55:17:457 18/09/2013 12:55:17:435
Memory information:
	 :: Free memory            : 1 MB
	 :: Allocated memory       : 26 MB
	 :: Max memory             : 63 MB
	 :: Total free memory      : 38 MB
	 :: Total free memory      : 61 (%)
	 :: Disk in used           : 621/29,998 MB, Used 2 (%) (/)
	 :: Total running thread   : 58
18/09/2013 12:55:17:435
Local CommandRoute queue: 0
Total command request for vas/CommandStatistic : 0
Total command request for vas/OrderRoute : 0
Total command request for vas/OSA : 0
Total command request for vas/CCWS : 0
Total command request for vas/EMA : 0
Total command request for vas/MCA : 0
Total command request for vas/CB : 0
Total command request for vas/CRM : 0
Total command request for vas/VIM : 0
Total command request for vas/CBS : 0
Total command request for vas/SMSC : 0
Total command request for vas/CommandLog : 4
Total command request for vas/LBA : 0

18/09 12:55:17:462 Close queue connection pool.
18/09 12:55:17:466 End of process session
18/09 12:55:27:467 Starting process session
18/09 12:55:27:502 18/09/2013 12:55:27:480
Memory information:
	 :: Free memory            : 1 MB
	 :: Allocated memory       : 26 MB
	 :: Max memory             : 63 MB
	 :: Total free memory      : 38 MB
	 :: Total free memory      : 60 (%)
	 :: Disk in used           : 621/29,998 MB, Used 2 (%) (/)
	 :: Total running thread   : 58
18/09/2013 12:55:27:480
Local CommandRoute queue: 0
Total command request for vas/CommandStatistic : 0
Total command request for vas/OrderRoute : 0
Total command request for vas/OSA : 0
Total command request for vas/CCWS : 0
Total command request for vas/EMA : 0
Total command request for vas/MCA : 0
Total command request for vas/CB : 0
Total command request for vas/CRM : 0
Total command request for vas/VIM : 0
Total command request for vas/CBS : 0
Total command request for vas/SMSC : 0
Total command request for vas/CommandLog : 4
Total command request for vas/LBA : 0

18/09 12:55:27:503 Close queue connection pool.
18/09 12:55:27:505 End of process session
18/09 12:55:37:509 Starting process session
18/09 12:55:37:540 18/09/2013 12:55:37:519
Memory information:
	 :: Free memory            : 2 MB
	 :: Allocated memory       : 26 MB
	 :: Max memory             : 63 MB
	 :: Total free memory      : 39 MB
	 :: Total free memory      : 62 (%)
	 :: Disk in used           : 621/29,998 MB, Used 2 (%) (/)
	 :: Total running thread   : 58
18/09/2013 12:55:37:519
Local CommandRoute queue: 0
Total command request for vas/CommandStatistic : 0
Total command request for vas/OrderRoute : 0
Total command request for vas/OSA : 0
Total command request for vas/CCWS : 0
Total command request for vas/EMA : 0
Total command request for vas/MCA : 0
Total command request for vas/CB : 0
Total command request for vas/CRM : 0
Total command request for vas/VIM : 0
Total command request for vas/CBS : 0
Total command request for vas/SMSC : 0
Total command request for vas/CommandLog : 4
Total command request for vas/LBA : 0

18/09 12:55:37:541 Close queue connection pool.
18/09 12:55:37:544 End of process session
18/09 12:55:47:546 Starting process session
18/09 12:55:47:577 18/09/2013 12:55:47:557
Memory information:
	 :: Free memory            : 1 MB
	 :: Allocated memory       : 26 MB
	 :: Max memory             : 63 MB
	 :: Total free memory      : 38 MB
	 :: Total free memory      : 61 (%)
	 :: Disk in used           : 621/29,998 MB, Used 2 (%) (/)
	 :: Total running thread   : 53
18/09/2013 12:55:47:557
Local CommandRoute queue: 0
Total command request for vas/CommandStatistic : 0
Total command request for vas/OrderRoute : 0
Total command request for vas/OSA : 0
Total command request for vas/CCWS : 0
Total command request for vas/EMA : 0
Total command request for vas/MCA : 0
Total command request for vas/CB : 0
Total command request for vas/CRM : 0
Total command request for vas/VIM : 0
Total command request for vas/CBS : 0
Total command request for vas/SMSC : 0
Total command request for vas/CommandLog : 4
Total command request for vas/LBA : 0

18/09 12:55:47:577 Close queue connection pool.
18/09 12:55:47:580 End of process session
18/09 12:55:57:580 Starting process session
18/09 12:55:57:616 18/09/2013 12:55:57:593
Memory information:
	 :: Free memory            : 9 MB
	 :: Allocated memory       : 30 MB
	 :: Max memory             : 63 MB
	 :: Total free memory      : 43 MB
	 :: Total free memory      : 67 (%)
	 :: Disk in used           : 621/29,998 MB, Used 2 (%) (/)
	 :: Total running thread   : 56
18/09/2013 12:55:57:593
Local CommandRoute queue: 0
Total command request for vas/CommandStatistic : 0
Total command request for vas/OrderRoute : 0
Total command request for vas/OSA : 0
Total command request for vas/CCWS : 0
Total command request for vas/EMA : 0
Total command request for vas/MCA : 0
Total command request for vas/CB : 0
Total command request for vas/CRM : 0
Total command request for vas/VIM : 0
Total command request for vas/CBS : 0
Total command request for vas/SMSC : 0
Total command request for vas/CommandLog : 4
Total command request for vas/LBA : 0

18/09 12:55:57:617 Close queue connection pool.
18/09 12:55:57:620 End of process session
