06/09 08:43:52:514 CCWS started
06/09 08:43:56:970 Testing connection ...
06/09 08:43:57:841 Created provisioning instance for CCWS
06/09 08:43:57:842 Testing connection are success
06/09 08:43:57:843 Starting process session
06/09 08:43:57:944 Total 0 instances are started
06/09 08:43:57:945 Total 1 instances are added
06/09 09:00:10:217 CCWS started
06/09 09:00:25:102 Testing connection ...
06/09 09:00:29:393 Created provisioning instance for CCWS
06/09 09:00:29:394 Testing connection are success
06/09 09:00:29:396 Starting process session
06/09 09:00:29:498 Total 0 instances are started
06/09 09:00:29:499 Total 1 instances are added
06/09 09:01:44:154 CCWS started
06/09 09:01:48:554 Testing connection ...
06/09 09:01:49:557 Created provisioning instance for CCWS
06/09 09:01:49:558 Testing connection are success
06/09 09:01:49:558 Starting process session
06/09 09:01:49:658 Total 0 instances are started
06/09 09:01:49:660 Total 1 instances are added
06/09 09:03:55:047 CCWS started
06/09 09:03:59:769 Testing connection ...
06/09 09:04:00:641 Created provisioning instance for CCWS
06/09 09:04:00:642 Testing connection are success
06/09 09:04:00:643 Starting process session
06/09 09:04:00:745 Total 0 instances are started
06/09 09:04:00:746 Total 1 instances are added
06/09 09:05:09:383 CCWS started
06/09 09:05:13:856 Testing connection ...
06/09 09:05:14:737 Created provisioning instance for CCWS
06/09 09:05:14:738 Testing connection are success
06/09 09:05:14:738 Starting process session
06/09 09:05:14:841 Total 0 instances are started
06/09 09:05:14:842 Total 1 instances are added
06/09 09:15:16:841 CCWS started
06/09 09:15:18:619 Testing connection ...
06/09 09:15:21:791 Created provisioning instance for CCWS
06/09 09:15:21:792 Testing connection are success
06/09 09:15:21:793 Starting process session
06/09 09:15:21:894 Total 0 instances are started
06/09 09:15:21:896 Total 1 instances are added
06/09 09:26:04:300 CCWS started
06/09 09:26:09:280 Testing connection ...
06/09 09:26:10:244 Created provisioning instance for CCWS
06/09 09:26:10:245 Testing connection are success
06/09 09:26:10:245 Starting process session
06/09 09:26:10:345 Total 0 instances are started
06/09 09:26:10:345 Total 1 instances are added
06/09 09:29:46:545 CCWS started
06/09 09:29:50:738 Testing connection ...
06/09 09:29:51:484 Created provisioning instance for CCWS
06/09 09:29:51:485 Testing connection are success
06/09 09:29:51:485 Starting process session
06/09 09:29:51:586 Total 0 instances are started
06/09 09:29:51:588 Total 1 instances are added
06/09 09:33:05:248 CCWS started
06/09 09:33:09:487 Testing connection ...
06/09 09:33:10:157 Created provisioning instance for CCWS
06/09 09:33:10:157 Testing connection are success
06/09 09:33:10:158 Starting process session
06/09 09:33:10:258 Total 0 instances are started
06/09 09:33:10:259 Total 1 instances are added
06/09 09:34:13:726 CCWS started
06/09 09:34:17:893 Testing connection ...
06/09 09:34:18:870 Created provisioning instance for CCWS
06/09 09:34:18:873 Testing connection are success
06/09 09:34:18:873 Starting process session
06/09 09:34:18:977 Total 0 instances are started
06/09 09:34:18:978 Total 1 instances are added
06/09 09:36:24:315 CCWS started
06/09 09:36:28:826 Testing connection ...
06/09 09:36:29:804 Created provisioning instance for CCWS
06/09 09:36:29:805 Testing connection are success
06/09 09:36:29:805 Starting process session
06/09 09:36:29:906 Total 0 instances are started
06/09 09:36:29:907 Total 1 instances are added
06/09 09:37:02:207 CCWS started
06/09 09:37:06:402 Testing connection ...
06/09 09:37:07:061 Created provisioning instance for CCWS
06/09 09:37:07:061 Testing connection are success
06/09 09:37:07:061 Starting process session
06/09 09:37:07:162 Total 0 instances are started
06/09 09:37:07:163 Total 1 instances are added
06/09 10:00:22:745 CCWS started
06/09 10:00:26:995 Testing connection ...
06/09 10:00:28:069 Created provisioning instance for CCWS
06/09 10:00:28:069 Testing connection are success
06/09 10:00:28:070 Starting process session
06/09 10:00:28:175 Total 0 instances are started
06/09 10:00:28:175 Total 1 instances are added
06/09 10:06:25:661 CCWS started
06/09 10:06:30:644 Testing connection ...
06/09 10:06:31:540 Created provisioning instance for CCWS
06/09 10:06:31:540 Testing connection are success
06/09 10:06:31:542 Starting process session
06/09 10:06:31:642 Total 0 instances are started
06/09 10:06:31:643 Total 1 instances are added
06/09 10:09:17:181 CCWS started
06/09 10:09:21:957 Testing connection ...
06/09 10:09:22:993 Created provisioning instance for CCWS
06/09 10:09:22:994 Testing connection are success
06/09 10:09:22:994 Starting process session
06/09 10:09:23:094 Total 0 instances are started
06/09 10:09:23:095 Total 1 instances are added
06/09 10:15:38:138 CCWS started
06/09 10:15:42:796 Testing connection ...
06/09 10:15:43:550 Created provisioning instance for CCWS
06/09 10:15:43:554 Testing connection are success
06/09 10:15:43:555 Starting process session
06/09 10:15:43:655 Total 0 instances are started
06/09 10:15:43:656 Total 1 instances are added
06/09 10:16:32:257 Created provisioning instance for CCWS
06/09 10:16:32:332 SEND: ID=133001: com.comverse_in.prepaid.ccws.ServiceSoapStub.retrieveSubscriberWithIdentityNoHistory{84922000514}
06/09 10:16:34:719 RECEIVE: ID=133001: cosname=VMAX,status=Active,active_date=05/09/2013 02:17:51,{84922000514}Core{500000.0;30/12/2014 09:00:00},PROMOTION{65000.0;03/09/2023 09:59:59},: costTime=2386
06/09 10:16:34:721 SEND: ID=133002: com.comverse_in.prepaid.ccws.ServiceSoapStub.modifySubscriber:84922000514:PROMOTION_60{100.0;04/11/2013 23:59:59},
06/09 10:16:35:315 RECEIVE: ID=133002: success: costTime=593
06/09 10:16:35:317 orderId = 125408288 | requestId = 0 | userId = system | channel = SMS | serviceAddress = 268 | keyword = DOI DIEM 1000 | isdn = 84922000514 | subscriberType = 1 | shipTo =  | actionType = redeem | productId = 274 | commandId = 309 | request = ID=133002: com.comverse_in.prepaid.ccws.ServiceSoapStub.modifySubscriber:84922000514:PROMOTION_60{100.0;04/11/2013 23:59:59}, | response = ID=133002: success: costTime=593 | status = 1 | cause = success | description = success
06/09 10:21:54:196 Close pool
06/09 10:21:54:297 Close queue connection pool.
06/09 10:21:54:301 End of process session
06/09 10:21:54:302 CCWS stopped
06/09 10:21:56:204 CCWS started
06/09 10:21:56:225 Close pool
06/09 10:21:56:226 Close pool
06/09 10:21:56:226 Testing connection ...
06/09 10:21:56:230 Created provisioning instance for CCWS
06/09 10:21:56:231 Testing connection are success
06/09 10:21:56:231 Starting process session
06/09 10:21:56:332 Total 0 instances are started
06/09 10:21:56:333 Total 1 instances are added
06/09 10:23:12:335 Close pool
06/09 10:23:12:436 Close queue connection pool.
06/09 10:23:12:443 End of process session
06/09 10:23:12:445 CCWS stopped
06/09 10:23:14:334 CCWS started
06/09 10:23:14:356 Close pool
06/09 10:23:14:356 Close pool
06/09 10:23:14:357 Testing connection ...
06/09 10:23:14:360 Created provisioning instance for CCWS
06/09 10:23:14:361 Testing connection are success
06/09 10:23:14:361 Starting process session
06/09 10:23:14:463 Total 0 instances are started
06/09 10:23:14:465 Total 1 instances are added
06/09 10:24:15:062 Created provisioning instance for CCWS
06/09 10:24:15:063 SEND: ID=133003: com.comverse_in.prepaid.ccws.ServiceSoapStub.retrieveSubscriberWithIdentityNoHistory{84922000514}
06/09 10:24:15:177 RECEIVE: ID=133003: cosname=VMAX,status=Active,active_date=05/09/2013 02:17:51,{84922000514}Core{500000.0;31/12/2014 08:59:59},PROMOTION{65000.0;03/09/2023 09:59:59},PROMOTION_60{200.0;05/11/2013 08:59:59},: costTime=114
06/09 10:24:15:178 SEND: ID=133004: com.comverse_in.prepaid.ccws.ServiceSoapStub.modifySubscriber:84922000514:PROMOTION_60{200.0;05/11/2013 23:59:59},
06/09 10:24:15:241 RECEIVE: ID=133004: success: costTime=63
06/09 10:24:15:242 orderId = 125408292 | requestId = 0 | userId = system | channel = SMS | serviceAddress = 268 | keyword = DOI DIEM 2000 | isdn = 84922000514 | subscriberType = 1 | shipTo =  | actionType = redeem | productId = 274 | commandId = 309 | request = ID=133004: com.comverse_in.prepaid.ccws.ServiceSoapStub.modifySubscriber:84922000514:PROMOTION_60{200.0;05/11/2013 23:59:59}, | response = ID=133004: success: costTime=63 | status = 1 | cause = success | description = success
06/09 10:44:18:128 CCWS started
06/09 10:44:22:926 Testing connection ...
06/09 10:44:23:950 Created provisioning instance for CCWS
06/09 10:44:23:952 Testing connection are success
06/09 10:44:23:953 Starting process session
06/09 10:44:24:053 Total 0 instances are started
06/09 10:44:24:053 Total 1 instances are added
06/09 10:56:29:179 CCWS started
06/09 10:56:34:373 Testing connection ...
06/09 10:56:35:247 Created provisioning instance for CCWS
06/09 10:56:35:247 Testing connection are success
06/09 10:56:35:248 Starting process session
06/09 10:56:35:348 Total 0 instances are started
06/09 10:56:35:349 Total 1 instances are added
06/09 11:01:19:374 CCWS started
06/09 11:01:23:389 Testing connection ...
06/09 11:01:24:590 Created provisioning instance for CCWS
06/09 11:01:24:590 Testing connection are success
06/09 11:01:24:591 Starting process session
06/09 11:01:24:692 Total 0 instances are started
06/09 11:01:24:693 Total 1 instances are added
06/09 11:12:22:046 CCWS started
06/09 11:12:26:859 Testing connection ...
06/09 11:12:27:711 Created provisioning instance for CCWS
06/09 11:12:27:712 Testing connection are success
06/09 11:12:27:712 Starting process session
06/09 11:12:27:813 Total 0 instances are started
06/09 11:12:27:813 Total 1 instances are added
06/09 11:16:54:082 CCWS started
06/09 11:16:58:599 Testing connection ...
06/09 11:16:59:451 Created provisioning instance for CCWS
06/09 11:16:59:452 Testing connection are success
06/09 11:16:59:452 Starting process session
06/09 11:16:59:553 Total 0 instances are started
06/09 11:16:59:553 Total 1 instances are added
06/09 11:30:47:391 CCWS started
06/09 11:30:51:689 Testing connection ...
06/09 11:30:52:620 Created provisioning instance for CCWS
06/09 11:30:52:620 Testing connection are success
06/09 11:30:52:620 Starting process session
06/09 11:30:52:721 Total 0 instances are started
06/09 11:30:52:721 Total 1 instances are added
06/09 11:39:46:449 CCWS started
06/09 11:39:50:553 Testing connection ...
06/09 11:39:51:204 Created provisioning instance for CCWS
06/09 11:39:51:205 Testing connection are success
06/09 11:39:51:205 Starting process session
06/09 11:39:51:305 Total 0 instances are started
06/09 11:39:51:305 Total 1 instances are added
06/09 11:42:43:002 CCWS started
06/09 11:42:46:694 Testing connection ...
06/09 11:42:47:551 Created provisioning instance for CCWS
06/09 11:42:47:551 Testing connection are success
06/09 11:42:47:552 Starting process session
06/09 11:42:47:652 Total 0 instances are started
06/09 11:42:47:652 Total 1 instances are added
06/09 11:44:57:858 CCWS started
06/09 11:44:59:310 Testing connection ...
06/09 11:45:02:892 Created provisioning instance for CCWS
06/09 11:45:02:893 Testing connection are success
06/09 11:45:02:934 Starting process session
06/09 11:45:03:034 Total 0 instances are started
06/09 11:45:03:035 Total 1 instances are added
06/09 14:04:54:528 CCWS started
06/09 14:04:57:956 Testing connection ...
06/09 14:04:59:019 Created provisioning instance for CCWS
06/09 14:04:59:020 Testing connection are success
06/09 14:04:59:020 Starting process session
06/09 14:04:59:120 Total 0 instances are started
06/09 14:04:59:120 Total 1 instances are added
06/09 14:16:39:057 CCWS started
06/09 14:16:43:483 Testing connection ...
06/09 14:16:44:407 Created provisioning instance for CCWS
06/09 14:16:44:407 Testing connection are success
06/09 14:16:44:408 Starting process session
06/09 14:16:44:509 Total 0 instances are started
06/09 14:16:44:510 Total 1 instances are added
06/09 14:21:04:083 CCWS started
06/09 14:21:08:486 Testing connection ...
06/09 14:21:09:527 Created provisioning instance for CCWS
06/09 14:21:09:528 Testing connection are success
06/09 14:21:09:529 Starting process session
06/09 14:21:09:629 Total 0 instances are started
06/09 14:21:09:630 Total 1 instances are added
06/09 14:22:10:225 CCWS started
06/09 14:22:13:898 Testing connection ...
06/09 14:22:14:584 Created provisioning instance for CCWS
06/09 14:22:14:585 Testing connection are success
06/09 14:22:14:585 Starting process session
06/09 14:22:14:685 Total 0 instances are started
06/09 14:22:14:686 Total 1 instances are added
06/09 14:40:42:875 Created provisioning instance for CCWS
06/09 14:40:42:876 SEND: ID=134006: com.comverse_in.prepaid.ccws.ServiceSoapStub.retrieveSubscriberWithIdentityNoHistory{84922000514}
06/09 14:40:42:977 RECEIVE: ID=134006: cosname=VMAX,status=Active,active_date=05/09/2013 02:17:51,{84922000514}Core{500000.0;31/12/2014 08:59:59},PROMOTION{65000.0;03/09/2023 09:59:59},PROMOTION_60{1000.0;06/11/2013 08:59:59},: costTime=100
06/09 14:40:42:980 SEND: ID=134007: com.comverse_in.prepaid.ccws.ServiceSoapStub.modifySubscriber:84922000514:PROMOTION_60{200.0;06/11/2013 23:59:59},
06/09 14:40:43:064 RECEIVE: ID=134007: success: costTime=83
06/09 14:40:43:065 orderId = 125408894 | requestId = 0 | userId = system | channel = SMS | serviceAddress = 268 | keyword = DOI DIEM 2000 | isdn = 84922000514 | subscriberType = 1 | shipTo =  | actionType = redeem | productId = 274 | commandId = 309 | request = ID=134007: com.comverse_in.prepaid.ccws.ServiceSoapStub.modifySubscriber:84922000514:PROMOTION_60{200.0;06/11/2013 23:59:59}, | response = ID=134007: success: costTime=83 | status = 1 | cause = success | description = success
06/09 15:16:42:732 CCWS started
06/09 15:16:47:064 Testing connection ...
06/09 15:16:47:935 Created provisioning instance for CCWS
06/09 15:16:47:935 Testing connection are success
06/09 15:16:47:935 Starting process session
06/09 15:16:48:037 Total 0 instances are started
06/09 15:16:48:039 Total 1 instances are added
06/09 15:17:15:234 SEND: ID=135001: com.comverse_in.prepaid.ccws.ServiceSoapStub.retrieveSubscriberWithIdentityNoHistory{84922000514}
06/09 15:17:16:326 RECEIVE: ID=135001: cosname=VMAX,status=Active,active_date=05/09/2013 02:17:51,{84922000514}Core{550000.0;31/12/2014 08:59:59},PROMOTION{65000.0;03/09/2023 09:59:59},PROMOTION_60{200.0;07/11/2013 08:59:59},: costTime=1091
06/09 15:17:16:327 SEND: ID=135002: com.comverse_in.prepaid.ccws.ServiceSoapStub.modifySubscriber:84922000514:PROMOTION_60{200.0;07/11/2013 23:59:59},
06/09 15:17:16:537 RECEIVE: ID=135002: success: costTime=210
06/09 15:17:16:538 orderId = 125408895 | requestId = 0 | userId = system | channel = SMS | serviceAddress = 268 | keyword = DOI DIEM 2000 | isdn = 84922000514 | subscriberType = 1 | shipTo =  | actionType = redeem | productId = 274 | commandId = 309 | request = ID=135002: com.comverse_in.prepaid.ccws.ServiceSoapStub.modifySubscriber:84922000514:PROMOTION_60{200.0;07/11/2013 23:59:59}, | response = ID=135002: success: costTime=210 | status = 1 | cause = success | description = success
06/09 15:18:20:107 Created provisioning instance for CCWS
06/09 15:18:20:109 SEND: ID=135003: com.comverse_in.prepaid.ccws.ServiceSoapStub.retrieveSubscriberWithIdentityNoHistory{84922000514}
06/09 15:18:20:216 RECEIVE: ID=135003: cosname=VMAX,status=Active,active_date=05/09/2013 02:17:51,{84922000514}Core{550000.0;31/12/2014 08:59:59},PROMOTION{65000.0;03/09/2023 09:59:59},PROMOTION_60{200.0;08/11/2013 08:59:59},: costTime=106
06/09 15:18:20:217 SEND: ID=135004: com.comverse_in.prepaid.ccws.ServiceSoapStub.modifySubscriber:84922000514:PROMOTION_60{200.0;08/11/2013 23:59:59},
06/09 15:18:20:309 RECEIVE: ID=135004: success: costTime=91
06/09 15:18:20:310 orderId = 125408896 | requestId = 0 | userId = system | channel = SMS | serviceAddress = 268 | keyword = DOI DIEM 2000 | isdn = 84922000514 | subscriberType = 1 | shipTo =  | actionType = redeem | productId = 274 | commandId = 309 | request = ID=135004: com.comverse_in.prepaid.ccws.ServiceSoapStub.modifySubscriber:84922000514:PROMOTION_60{200.0;08/11/2013 23:59:59}, | response = ID=135004: success: costTime=91 | status = 1 | cause = success | description = success
06/09 15:22:55:280 Created provisioning instance for CCWS
06/09 15:22:55:281 SEND: ID=135005: com.comverse_in.prepaid.ccws.ServiceSoapStub.retrieveSubscriberWithIdentityNoHistory{84922000514}
06/09 15:22:55:385 RECEIVE: ID=135005: cosname=VMAX,status=Active,active_date=05/09/2013 02:17:51,{84922000514}Core{550000.0;31/12/2014 08:59:59},PROMOTION{65000.0;03/09/2023 09:59:59},PROMOTION_60{200.0;09/11/2013 08:59:59},: costTime=104
06/09 15:22:55:386 SEND: ID=135006: com.comverse_in.prepaid.ccws.ServiceSoapStub.modifySubscriber:84922000514:PROMOTION_60{200.0;09/11/2013 23:59:59},
06/09 15:22:55:449 RECEIVE: ID=135006: success: costTime=63
06/09 15:22:55:450 orderId = 125408897 | requestId = 0 | userId = system | channel = SMS | serviceAddress = 268 | keyword = DOI DIEM 2000 | isdn = 84922000514 | subscriberType = 1 | shipTo =  | actionType = redeem | productId = 274 | commandId = 309 | request = ID=135006: com.comverse_in.prepaid.ccws.ServiceSoapStub.modifySubscriber:84922000514:PROMOTION_60{200.0;09/11/2013 23:59:59}, | response = ID=135006: success: costTime=63 | status = 1 | cause = success | description = success
06/09 15:23:07:376 SEND: ID=135007: com.comverse_in.prepaid.ccws.ServiceSoapStub.retrieveSubscriberWithIdentityNoHistory{84922000514}
06/09 15:23:07:474 RECEIVE: ID=135007: cosname=VMAX,status=Active,active_date=05/09/2013 02:17:51,{84922000514}Core{550000.0;31/12/2014 08:59:59},PROMOTION{65000.0;03/09/2023 09:59:59},PROMOTION_60{200.0;10/11/2013 08:59:59},: costTime=97
06/09 15:23:07:475 SEND: ID=135008: com.comverse_in.prepaid.ccws.ServiceSoapStub.modifySubscriber:84922000514:PROMOTION_60{200.0;10/11/2013 23:59:59},
06/09 15:23:07:544 RECEIVE: ID=135008: success: costTime=69
06/09 15:23:07:545 orderId = 125408898 | requestId = 0 | userId = system | channel = SMS | serviceAddress = 268 | keyword = DOI DIEM 2000 | isdn = 84922000514 | subscriberType = 1 | shipTo =  | actionType = redeem | productId = 274 | commandId = 309 | request = ID=135008: com.comverse_in.prepaid.ccws.ServiceSoapStub.modifySubscriber:84922000514:PROMOTION_60{200.0;10/11/2013 23:59:59}, | response = ID=135008: success: costTime=69 | status = 1 | cause = success | description = success
06/09 15:23:53:852 CCWS started
06/09 15:23:58:225 Testing connection ...
06/09 15:23:59:232 Created provisioning instance for CCWS
06/09 15:23:59:232 Testing connection are success
06/09 15:23:59:233 Starting process session
06/09 15:23:59:333 Total 0 instances are started
06/09 15:23:59:333 Total 1 instances are added
06/09 15:24:51:138 Created provisioning instance for CCWS
06/09 15:24:51:146 SEND: ID=136001: com.comverse_in.prepaid.ccws.ServiceSoapStub.retrieveSubscriberWithIdentityNoHistory{84922000514}
06/09 15:24:52:128 RECEIVE: ID=136001: cosname=VMAX,status=Active,active_date=05/09/2013 02:17:51,{84922000514}Core{550000.0;31/12/2014 08:59:59},PROMOTION{65000.0;03/09/2023 09:59:59},PROMOTION_60{200.0;11/11/2013 08:59:59},: costTime=980
06/09 15:24:52:129 SEND: ID=136002: com.comverse_in.prepaid.ccws.ServiceSoapStub.modifySubscriber:84922000514:PROMOTION_60{200.0;11/11/2013 23:59:59},
06/09 15:24:52:207 RECEIVE: ID=136002: success: costTime=77
06/09 15:24:52:208 orderId = 125408899 | requestId = 0 | userId = system | channel = SMS | serviceAddress = 268 | keyword = DOI DIEM 2000 | isdn = 84922000514 | subscriberType = 1 | shipTo =  | actionType = redeem | productId = 274 | commandId = 309 | request = ID=136002: com.comverse_in.prepaid.ccws.ServiceSoapStub.modifySubscriber:84922000514:PROMOTION_60{200.0;11/11/2013 23:59:59}, | response = ID=136002: success: costTime=77 | status = 1 | cause = success | description = success
06/09 15:34:14:338 CCWS started
06/09 15:34:18:624 Testing connection ...
06/09 15:34:19:486 Created provisioning instance for CCWS
06/09 15:34:19:487 Testing connection are success
06/09 15:34:19:487 Starting process session
06/09 15:34:19:588 Total 0 instances are started
06/09 15:34:19:588 Total 1 instances are added
06/09 15:42:26:952 CCWS started
06/09 15:42:31:208 Testing connection ...
06/09 15:42:32:117 Created provisioning instance for CCWS
06/09 15:42:32:117 Testing connection are success
06/09 15:42:32:118 Starting process session
06/09 15:42:32:218 Total 0 instances are started
06/09 15:42:32:218 Total 1 instances are added
06/09 15:45:31:943 CCWS started
06/09 15:45:36:342 Testing connection ...
06/09 15:45:37:154 Created provisioning instance for CCWS
06/09 15:45:37:155 Testing connection are success
06/09 15:45:37:155 Starting process session
06/09 15:45:37:256 Total 0 instances are started
06/09 15:45:37:257 Total 1 instances are added
06/09 16:32:20:364 CCWS started
06/09 16:32:24:958 Testing connection ...
06/09 16:32:25:794 Created provisioning instance for CCWS
06/09 16:32:25:796 Testing connection are success
06/09 16:32:25:797 Starting process session
06/09 16:32:25:897 Total 0 instances are started
06/09 16:32:25:898 Total 1 instances are added
06/09 16:40:34:691 CCWS started
06/09 16:40:39:065 Testing connection ...
06/09 16:40:39:962 Created provisioning instance for CCWS
06/09 16:40:39:962 Testing connection are success
06/09 16:40:39:963 Starting process session
06/09 16:40:40:063 Total 0 instances are started
06/09 16:40:40:063 Total 1 instances are added
06/09 16:42:21:194 Created provisioning instance for CCWS
06/09 16:42:21:196 SEND: ID=141002: com.comverse_in.prepaid.ccws.ServiceSoapStub.modifySubscriber:84922000514:PROMOTION_60{200.0;12/11/2013 23:59:59},
06/09 16:42:21:287 RECEIVE: ID=141002: success: costTime=90
06/09 16:42:21:288 orderId = 125409370 | requestId = 0 | userId = system | channel = SMS | serviceAddress = 268 | keyword = DOI DIEM 2000 | isdn = 84922000514 | subscriberType = 1 | shipTo =  | actionType = redeem | productId = 274 | commandId = 309 | request = ID=141002: com.comverse_in.prepaid.ccws.ServiceSoapStub.modifySubscriber:84922000514:PROMOTION_60{200.0;12/11/2013 23:59:59}, | response = ID=141002: success: costTime=90 | status = 1 | cause = success | description = success
06/09 16:42:36:013 CCWS started
06/09 16:42:39:804 Testing connection ...
06/09 16:42:40:553 Created provisioning instance for CCWS
06/09 16:42:40:553 Testing connection are success
06/09 16:42:40:554 Starting process session
06/09 16:42:40:654 Total 0 instances are started
06/09 16:42:40:655 Total 1 instances are added
06/09 16:43:08:144 SEND: ID=142002: com.comverse_in.prepaid.ccws.ServiceSoapStub.modifySubscriber:84922000514:PROMOTION_60{200.0;13/11/2013 23:59:59},
06/09 16:43:08:232 RECEIVE: ID=142002: success: costTime=87
06/09 16:43:08:233 orderId = 125409371 | requestId = 0 | userId = system | channel = SMS | serviceAddress = 268 | keyword = DOI DIEM 2000 | isdn = 84922000514 | subscriberType = 1 | shipTo =  | actionType = redeem | productId = 274 | commandId = 309 | request = ID=142002: com.comverse_in.prepaid.ccws.ServiceSoapStub.modifySubscriber:84922000514:PROMOTION_60{200.0;13/11/2013 23:59:59}, | response = ID=142002: success: costTime=87 | status = 1 | cause = success | description = success
06/09 16:53:36:490 Created provisioning instance for CCWS
06/09 16:53:36:491 SEND: ID=142004: com.comverse_in.prepaid.ccws.ServiceSoapStub.modifySubscriber:84922000514:PROMOTION_60{300.0;14/11/2013 23:59:59},
06/09 16:53:36:631 RECEIVE: ID=142004: success: costTime=140
06/09 16:53:36:633 orderId = 125409373 | requestId = 0 | userId = system | channel = SMS | serviceAddress = 268 | keyword = DOI DIEM 3000 | isdn = 84922000514 | subscriberType = 1 | shipTo =  | actionType = redeem | productId = 274 | commandId = 309 | request = ID=142004: com.comverse_in.prepaid.ccws.ServiceSoapStub.modifySubscriber:84922000514:PROMOTION_60{300.0;14/11/2013 23:59:59}, | response = ID=142004: success: costTime=140 | status = 1 | cause = success | description = success
06/09 16:54:43:569 Created provisioning instance for CCWS
06/09 16:54:43:571 SEND: ID=142006: com.comverse_in.prepaid.ccws.ServiceSoapStub.modifySubscriber:84922000514:PROMOTION_60{600.0;15/11/2013 23:59:59},
06/09 16:54:43:663 RECEIVE: ID=142006: success: costTime=91
06/09 16:54:43:664 orderId = 125409374 | requestId = 0 | userId = system | channel = SMS | serviceAddress = 268 | keyword = DOI DIEM 6000 | isdn = 84922000514 | subscriberType = 1 | shipTo =  | actionType = redeem | productId = 274 | commandId = 309 | request = ID=142006: com.comverse_in.prepaid.ccws.ServiceSoapStub.modifySubscriber:84922000514:PROMOTION_60{600.0;15/11/2013 23:59:59}, | response = ID=142006: success: costTime=91 | status = 1 | cause = success | description = success
06/09 16:57:22:691 CCWS started
06/09 16:57:27:021 Testing connection ...
06/09 16:57:27:999 Created provisioning instance for CCWS
06/09 16:57:27:999 Testing connection are success
06/09 16:57:28:001 Starting process session
06/09 16:57:28:102 Total 0 instances are started
06/09 16:57:28:102 Total 1 instances are added
06/09 17:04:35:536 CCWS started
06/09 17:04:39:866 Testing connection ...
06/09 17:04:40:753 Created provisioning instance for CCWS
06/09 17:04:40:754 Testing connection are success
06/09 17:04:40:754 Starting process session
06/09 17:04:40:855 Total 0 instances are started
06/09 17:04:40:855 Total 1 instances are added
06/09 17:07:46:154 Created provisioning instance for CCWS
06/09 17:07:46:155 SEND: ID=144002: com.comverse_in.prepaid.ccws.ServiceSoapStub.modifySubscriber:84922000514:PROMOTION_60{600.0;16/11/2013 23:59:59},
06/09 17:07:46:245 RECEIVE: ID=144002: success: costTime=90
06/09 17:07:46:246 orderId = 125409376 | requestId = 0 | userId = system | channel = SMS | serviceAddress = 268 | keyword = DOI DIEM 6000 | isdn = 84922000514 | subscriberType = 1 | shipTo =  | actionType = redeem | productId = 274 | commandId = 309 | request = ID=144002: com.comverse_in.prepaid.ccws.ServiceSoapStub.modifySubscriber:84922000514:PROMOTION_60{600.0;16/11/2013 23:59:59}, | response = ID=144002: success: costTime=90 | status = 1 | cause = success | description = success
06/09 17:15:50:785 CCWS started
06/09 17:15:54:842 Testing connection ...
06/09 17:15:55:939 Created provisioning instance for CCWS
06/09 17:15:55:940 Testing connection are success
06/09 17:15:55:941 Starting process session
06/09 17:15:56:041 Total 0 instances are started
06/09 17:15:56:042 Total 1 instances are added
06/09 17:17:05:480 CCWS started
06/09 17:17:09:468 Testing connection ...
06/09 17:17:10:140 Created provisioning instance for CCWS
06/09 17:17:10:141 Testing connection are success
06/09 17:17:10:141 Starting process session
06/09 17:17:10:241 Total 0 instances are started
06/09 17:17:10:241 Total 1 instances are added
06/09 17:17:48:416 Created provisioning instance for CCWS
06/09 17:17:48:418 SEND: ID=146002: com.comverse_in.prepaid.ccws.ServiceSoapStub.modifySubscriber:84922000514:PROMOTION_60{1000.0;17/11/2013 23:59:59},
06/09 17:17:48:508 RECEIVE: ID=146002: success: costTime=89
06/09 17:17:48:509 orderId = 125409379 | requestId = 0 | userId = system | channel = SMS | serviceAddress = 268 | keyword = DOI DIEM 4000 | isdn = 84922000514 | subscriberType = 1 | shipTo =  | actionType = redeem | productId = 274 | commandId = 309 | request = ID=146002: com.comverse_in.prepaid.ccws.ServiceSoapStub.modifySubscriber:84922000514:PROMOTION_60{1000.0;17/11/2013 23:59:59}, | response = ID=146002: success: costTime=89 | status = 1 | cause = success | description = success
06/09 17:30:14:529 CCWS started
06/09 17:30:18:781 Testing connection ...
06/09 17:30:19:703 Created provisioning instance for CCWS
06/09 17:30:19:703 Testing connection are success
06/09 17:30:19:704 Starting process session
06/09 17:30:19:809 Total 0 instances are started
06/09 17:30:19:809 Total 1 instances are added
06/09 17:33:02:769 CCWS started
06/09 17:33:07:322 Testing connection ...
06/09 17:33:08:311 Created provisioning instance for CCWS
06/09 17:33:08:311 Testing connection are success
06/09 17:33:08:312 Starting process session
06/09 17:33:08:416 Total 0 instances are started
06/09 17:33:08:417 Total 1 instances are added
06/09 17:33:58:151 CCWS started
06/09 17:34:01:194 Testing connection ...
06/09 17:34:02:865 Created provisioning instance for CCWS
06/09 17:34:02:866 Testing connection are success
06/09 17:34:02:866 Starting process session
06/09 17:34:02:967 Total 0 instances are started
06/09 17:34:02:968 Total 1 instances are added
06/09 17:38:22:209 CCWS started
06/09 17:38:26:209 Testing connection ...
06/09 17:38:26:971 Created provisioning instance for CCWS
06/09 17:38:26:972 Testing connection are success
06/09 17:38:26:972 Starting process session
06/09 17:38:27:072 Total 0 instances are started
06/09 17:38:27:072 Total 1 instances are added
06/09 17:58:20:133 CCWS started
06/09 17:58:23:447 Testing connection ...
06/09 17:58:25:170 Created provisioning instance for CCWS
06/09 17:58:25:170 Testing connection are success
06/09 17:58:25:171 Starting process session
06/09 17:58:25:392 Total 0 instances are started
06/09 17:58:25:392 Total 1 instances are added
06/09 18:04:35:295 CCWS started
06/09 18:04:39:292 Testing connection ...
06/09 18:04:39:995 Created provisioning instance for CCWS
06/09 18:04:39:996 Testing connection are success
06/09 18:04:39:996 Starting process session
06/09 18:04:40:097 Total 0 instances are started
06/09 18:04:40:097 Total 1 instances are added
06/09 18:10:06:615 CCWS started
06/09 18:10:10:936 Testing connection ...
06/09 18:10:11:816 Created provisioning instance for CCWS
06/09 18:10:11:816 Testing connection are success
06/09 18:10:11:817 Starting process session
06/09 18:10:11:922 Total 0 instances are started
06/09 18:10:11:922 Total 1 instances are added
