10/09 08:34:47:893 CCWS started
10/09 08:34:51:647 Testing connection ...
10/09 08:34:52:569 Created provisioning instance for CCWS
10/09 08:34:52:569 Testing connection are success
10/09 08:34:52:569 Starting process session
10/09 08:34:52:771 Total 0 instances are started
10/09 08:34:52:771 Total 1 instances are added
10/09 08:35:13:797 com.sun.messaging.jms.JMSException: [C4003]: Error occurred on connection creation [10.32.62.63:7676]. - cause: java.net.ConnectException: Connection timed out: connect
10/09 08:35:13:798 Consumer was closed, reconnect.
10/09 08:35:13:974 Total 0 instances are started
10/09 08:35:13:976 Total 1 instances are added
10/09 08:35:34:997 com.sun.messaging.jms.JMSException: [C4003]: Error occurred on connection creation [10.32.62.63:7676]. - cause: java.net.ConnectException: Connection timed out: connect
10/09 08:35:34:998 Consumer was closed, reconnect.
10/09 08:35:35:133 Total 0 instances are started
10/09 08:35:35:134 Total 1 instances are added
10/09 08:35:56:240 com.sun.messaging.jms.JMSException: [C4003]: Error occurred on connection creation [10.32.62.63:7676]. - cause: java.net.ConnectException: Connection timed out: connect
10/09 08:35:56:269 Consumer was closed, reconnect.
10/09 08:35:56:437 Total 0 instances are started
10/09 08:35:56:438 Total 1 instances are added
10/09 08:36:17:460 com.sun.messaging.jms.JMSException: [C4003]: Error occurred on connection creation [10.32.62.63:7676]. - cause: java.net.ConnectException: Connection timed out: connect
10/09 08:36:17:460 Consumer was closed, reconnect.
10/09 08:36:17:563 Total 0 instances are started
10/09 08:36:17:564 Total 1 instances are added
10/09 08:36:38:602 com.sun.messaging.jms.JMSException: [C4003]: Error occurred on connection creation [10.32.62.63:7676]. - cause: java.net.ConnectException: Connection timed out: connect
10/09 08:36:38:602 Consumer was closed, reconnect.
10/09 08:36:38:770 Total 0 instances are started
10/09 08:36:38:771 Total 1 instances are added
10/09 08:36:59:803 com.sun.messaging.jms.JMSException: [C4003]: Error occurred on connection creation [10.32.62.63:7676]. - cause: java.net.ConnectException: Connection timed out: connect
10/09 08:36:59:804 Consumer was closed, reconnect.
10/09 08:36:59:984 Total 0 instances are started
10/09 08:36:59:985 Total 1 instances are added
10/09 08:37:21:013 com.sun.messaging.jms.JMSException: [C4003]: Error occurred on connection creation [10.32.62.63:7676]. - cause: java.net.ConnectException: Connection timed out: connect
10/09 08:37:21:014 Consumer was closed, reconnect.
10/09 08:37:21:196 Total 0 instances are started
10/09 08:37:21:197 Total 1 instances are added
10/09 08:37:42:231 com.sun.messaging.jms.JMSException: [C4003]: Error occurred on connection creation [10.32.62.63:7676]. - cause: java.net.ConnectException: Connection timed out: connect
10/09 08:37:42:232 Consumer was closed, reconnect.
10/09 08:37:42:403 Total 0 instances are started
10/09 08:37:42:405 Total 1 instances are added
10/09 08:38:03:444 com.sun.messaging.jms.JMSException: [C4003]: Error occurred on connection creation [10.32.62.63:7676]. - cause: java.net.ConnectException: Connection timed out: connect
10/09 08:38:03:445 Consumer was closed, reconnect.
10/09 08:38:03:616 Total 0 instances are started
10/09 08:38:03:617 Total 1 instances are added
10/09 08:38:24:644 com.sun.messaging.jms.JMSException: [C4003]: Error occurred on connection creation [10.32.62.63:7676]. - cause: java.net.ConnectException: Connection timed out: connect
10/09 08:38:24:645 Consumer was closed, reconnect.
10/09 08:38:24:837 Total 0 instances are started
10/09 08:38:24:838 Total 1 instances are added
10/09 08:38:45:857 com.sun.messaging.jms.JMSException: [C4003]: Error occurred on connection creation [10.32.62.63:7676]. - cause: java.net.ConnectException: Connection timed out: connect
10/09 08:38:45:858 Consumer was closed, reconnect.
10/09 08:38:46:044 Total 0 instances are started
10/09 08:38:46:045 Total 1 instances are added
10/09 08:39:10:529 CCWS started
10/09 08:39:12:538 Testing connection ...
10/09 08:39:15:448 Created provisioning instance for CCWS
10/09 08:39:15:449 Testing connection are success
10/09 08:39:15:449 Starting process session
10/09 08:39:15:553 Total 0 instances are started
10/09 08:39:15:554 Total 1 instances are added
10/09 08:39:44:207 Created provisioning instance for CCWS
10/09 08:39:44:208 SEND: ID=166002: com.comverse_in.prepaid.ccws.ServiceSoapStub.modifySubscriber:84922000514:PROMOTION_60{2500.0;10/12/2013 23:59:59},
10/09 08:39:44:874 RECEIVE: ID=166002: success: costTime=666
10/09 08:39:44:882 sendNotify: 84922000514 - Quy khach da doi thanh cong 3000 diem thanh tien su dung dich vu. So tien tuong ung 3000 diem se duoc cong  vao tai khoan TKKM2, su dung goi va nhan tin lien mang, data.
10/09 08:39:44:883 orderId = 125409496 | requestId = 0 | userId = system | channel = SMS | serviceAddress = 268 | keyword = DOI DIEM 3000 | isdn = 84922000514 | subscriberType = 1 | shipTo =  | actionType = redeem | productId = 274 | commandId = 309 | request = ID=166002: com.comverse_in.prepaid.ccws.ServiceSoapStub.modifySubscriber:84922000514:PROMOTION_60{2500.0;10/12/2013 23:59:59}, | response = ID=166002: success: costTime=666 | status = 0 | cause = success | description = success
10/09 08:41:12:173 CCWS started
10/09 08:41:16:201 Testing connection ...
10/09 08:41:17:079 Created provisioning instance for CCWS
10/09 08:41:17:080 Testing connection are success
10/09 08:41:17:081 Starting process session
10/09 08:41:17:181 Total 0 instances are started
10/09 08:41:17:181 Total 1 instances are added
10/09 08:41:49:232 Created provisioning instance for CCWS
10/09 08:41:49:233 SEND: ID=167002: com.comverse_in.prepaid.ccws.ServiceSoapStub.modifySubscriber:84922000514:PROMOTION_60{2800.0;11/12/2013 23:59:59},
10/09 08:41:49:242 sendNotify: 84922000514 - Quy khach da doi thanh cong 3000 diem thanh tien su dung dich vu. So tien tuong ung 3000 diem se duoc cong  vao tai khoan TKKM2, su dung goi va nhan tin lien mang, data.
10/09 08:41:49:243 orderId = 125409497 | requestId = 0 | userId = system | channel = SMS | serviceAddress = 268 | keyword = DOI DIEM 3000 | isdn = 84922000514 | subscriberType = 1 | shipTo =  | actionType = redeem | productId = 274 | commandId = 309 | request = ID=167002: com.comverse_in.prepaid.ccws.ServiceSoapStub.modifySubscriber:84922000514:PROMOTION_60{2800.0;11/12/2013 23:59:59}, | response =  | status = 0 | cause = success | description = 
10/09 08:46:49:557 CCWS started
10/09 08:46:52:308 Testing connection ...
10/09 08:46:54:526 Created provisioning instance for CCWS
10/09 08:46:54:527 Testing connection are success
10/09 08:46:54:528 Starting process session
10/09 08:46:54:628 Total 0 instances are started
10/09 08:46:54:628 Total 1 instances are added
10/09 08:47:25:041 Created provisioning instance for CCWS
10/09 08:47:25:043 SEND: ID=168002: com.comverse_in.prepaid.ccws.ServiceSoapStub.modifySubscriber:84922000514:PROMOTION_60{2800.0;11/12/2013 23:59:59},
10/09 08:47:25:051 sendNotify: 84922000514 - Quy khach da doi thanh cong 3000 diem thanh tien su dung dich vu. So tien tuong ung 3000 diem se duoc cong  vao tai khoan TKKM2, su dung goi va nhan tin lien mang, data.
10/09 08:47:25:052 orderId = 125409498 | requestId = 0 | userId = system | channel = SMS | serviceAddress = 268 | keyword = DOI DIEM 3000 | isdn = 84922000514 | subscriberType = 1 | shipTo =  | actionType = redeem | productId = 274 | commandId = 309 | request = ID=168002: com.comverse_in.prepaid.ccws.ServiceSoapStub.modifySubscriber:84922000514:PROMOTION_60{2800.0;11/12/2013 23:59:59}, | response =  | status = 0 | cause = success | description = 
10/09 08:48:34:151 Created provisioning instance for CCWS
10/09 08:48:34:153 SEND: ID=168004: com.comverse_in.prepaid.ccws.ServiceSoapStub.modifySubscriber:84922000514:PROMOTION_60{2800.0;11/12/2013 23:59:59},
10/09 08:48:34:169 sendNotify: 84922000514 - Quy khach da doi thanh cong 3000 diem thanh tien su dung dich vu. So tien tuong ung 3000 diem se duoc cong  vao tai khoan TKKM2, su dung goi va nhan tin lien mang, data.
10/09 08:48:34:170 orderId = 125409499 | requestId = 0 | userId = system | channel = SMS | serviceAddress = 268 | keyword = DOI DIEM 3000 | isdn = 84922000514 | subscriberType = 1 | shipTo =  | actionType = redeem | productId = 274 | commandId = 309 | request = ID=168004: com.comverse_in.prepaid.ccws.ServiceSoapStub.modifySubscriber:84922000514:PROMOTION_60{2800.0;11/12/2013 23:59:59}, | response =  | status = 0 | cause = success | description = 
10/09 08:55:21:485 CCWS started
10/09 08:55:25:582 Testing connection ...
10/09 08:55:26:440 Created provisioning instance for CCWS
10/09 08:55:26:441 Testing connection are success
10/09 08:55:26:441 Starting process session
10/09 08:55:26:542 Total 0 instances are started
10/09 08:55:26:542 Total 1 instances are added
10/09 08:56:00:557 Created provisioning instance for CCWS
10/09 08:56:00:560 SEND: ID=169002: com.comverse_in.prepaid.ccws.ServiceSoapStub.modifySubscriber:84922000514:PROMOTION_60{2800.0;11/12/2013 23:59:59},
10/09 08:56:00:562 RECEIVE: ID=169002: success: costTime=0
10/09 08:56:00:572 sendNotify: 84922000514 - Quy khach da doi thanh cong 3000 diem thanh tien su dung dich vu. So tien tuong ung 3000 diem se duoc cong  vao tai khoan TKKM2, su dung goi va nhan tin lien mang, data.
10/09 08:56:00:573 orderId = 125409500 | requestId = 0 | userId = system | channel = SMS | serviceAddress = 268 | keyword = DOI DIEM 3000 | isdn = 84922000514 | subscriberType = 1 | shipTo =  | actionType = redeem | productId = 274 | commandId = 309 | request = ID=169002: com.comverse_in.prepaid.ccws.ServiceSoapStub.modifySubscriber:84922000514:PROMOTION_60{2800.0;11/12/2013 23:59:59}, | response = ID=169002: success: costTime=0 | status = 0 | cause = success | description = success
10/09 09:02:55:399 Close pool
10/09 09:02:55:500 Close queue connection pool.
10/09 09:02:55:508 End of process session
10/09 09:02:55:509 CCWS stopped
10/09 09:03:24:300 CCWS started
10/09 09:03:28:244 Testing connection ...
10/09 09:03:29:097 Created provisioning instance for CCWS
10/09 09:03:29:098 Testing connection are success
10/09 09:03:29:098 Starting process session
10/09 09:03:29:199 Total 0 instances are started
10/09 09:03:29:199 Total 1 instances are added
10/09 09:03:55:094 Close pool
10/09 09:03:55:195 Close queue connection pool.
10/09 09:03:55:200 End of process session
10/09 09:03:55:202 CCWS stopped
10/09 09:04:25:087 CCWS started
10/09 09:04:25:113 Close pool
10/09 09:04:25:114 Close pool
10/09 09:04:25:114 Testing connection ...
10/09 09:04:25:117 Created provisioning instance for CCWS
10/09 09:04:25:118 Testing connection are success
10/09 09:04:25:118 Starting process session
10/09 09:04:25:219 Total 0 instances are started
10/09 09:04:25:220 Total 1 instances are added
10/09 09:04:25:351 SEND: ID=170002: com.comverse_in.prepaid.ccws.ServiceSoapStub.modifySubscriber:84922000514:PROMOTION_60{2800.0;11/12/2013 23:59:59},
10/09 09:04:25:918 RECEIVE: ID=170002: success: costTime=566
10/09 09:04:25:928 sendNotify: 84922000514 - Quy khach da doi thanh cong 3000 diem thanh tien su dung dich vu. So tien tuong ung 3000 diem se duoc cong  vao tai khoan TKKM2, su dung goi va nhan tin lien mang, data.
10/09 09:04:25:930 orderId = 125409501 | requestId = 0 | userId = system | channel = SMS | serviceAddress = 268 | keyword = DOI DIEM 3000 | isdn = 84922000514 | subscriberType = 1 | shipTo =  | actionType = redeem | productId = 274 | commandId = 309 | request = ID=170002: com.comverse_in.prepaid.ccws.ServiceSoapStub.modifySubscriber:84922000514:PROMOTION_60{2800.0;11/12/2013 23:59:59}, | response = ID=170002: success: costTime=566 | status = 0 | cause = success | description = success
10/09 09:04:32:136 Close pool
10/09 09:04:32:237 Close queue connection pool.
10/09 09:04:32:245 End of process session
10/09 09:04:32:246 CCWS stopped
10/09 09:10:56:826 CCWS started
10/09 09:11:01:266 Testing connection ...
10/09 09:11:02:414 Created provisioning instance for CCWS
10/09 09:11:02:414 Testing connection are success
10/09 09:11:02:415 Starting process session
10/09 09:11:02:516 Total 0 instances are started
10/09 09:11:02:517 Total 1 instances are added
10/09 09:11:03:725 SEND: ID=171001: com.comverse_in.prepaid.ccws.ServiceSoapStub.modifySubscriber:84922000514:PROMOTION_60{3100.0;12/12/2013 23:59:59},
10/09 09:11:04:849 RECEIVE: ID=171001: success: costTime=1122
10/09 09:11:04:889 sendNotify: 84922000514 - Quy khach da doi thanh cong 3000 diem thanh tien su dung dich vu. So tien tuong ung 3000 diem se duoc cong  vao tai khoan TKKM2, su dung goi va nhan tin lien mang, data.
10/09 09:11:04:889 orderId = 125409502 | requestId = 0 | userId = system | channel = SMS | serviceAddress = 268 | keyword = DOI DIEM 3000 | isdn = 84922000514 | subscriberType = 1 | shipTo =  | actionType = redeem | productId = 274 | commandId = 309 | request = ID=171001: com.comverse_in.prepaid.ccws.ServiceSoapStub.modifySubscriber:84922000514:PROMOTION_60{3100.0;12/12/2013 23:59:59}, | response = ID=171001: success: costTime=1122 | status = 0 | cause = success | description = success
10/09 09:11:04:899 SEND: ID=171002: com.comverse_in.prepaid.ccws.ServiceSoapStub.modifySubscriber:84922000514:PROMOTION_60{3100.0;12/12/2013 23:59:59},
10/09 09:11:04:992 RECEIVE: ID=171002: success: costTime=93
10/09 09:11:05:036 sendNotify: 84922000514 - Quy khach da doi thanh cong 3000 diem thanh tien su dung dich vu. So tien tuong ung 3000 diem se duoc cong  vao tai khoan TKKM2, su dung goi va nhan tin lien mang, data.
10/09 09:11:05:036 orderId = 125409503 | requestId = 0 | userId = system | channel = SMS | serviceAddress = 268 | keyword = DOI DIEM 3000 | isdn = 84922000514 | subscriberType = 1 | shipTo =  | actionType = redeem | productId = 274 | commandId = 309 | request = ID=171002: com.comverse_in.prepaid.ccws.ServiceSoapStub.modifySubscriber:84922000514:PROMOTION_60{3100.0;12/12/2013 23:59:59}, | response = ID=171002: success: costTime=93 | status = 0 | cause = success | description = success
10/09 09:11:26:745 Close pool
10/09 09:11:26:846 Close queue connection pool.
10/09 09:11:26:852 End of process session
10/09 09:11:26:854 CCWS stopped
10/09 09:13:38:359 CCWS started
10/09 09:13:42:869 Testing connection ...
10/09 09:13:43:904 Created provisioning instance for CCWS
10/09 09:13:43:904 Testing connection are success
10/09 09:13:43:905 Starting process session
10/09 09:13:44:005 Total 0 instances are started
10/09 09:13:44:005 Total 1 instances are added
10/09 09:13:50:432 SEND: ID=172001: com.comverse_in.prepaid.ccws.ServiceSoapStub.modifySubscriber:84922000514:PROMOTION_60{3400.0;13/12/2013 23:59:59},
10/09 09:13:51:307 RECEIVE: ID=172001: success: costTime=874
10/09 09:13:51:350 sendNotify: 84922000514 - Quy khach da doi thanh cong 3000 diem thanh tien su dung dich vu. So tien tuong ung 3000 diem se duoc cong  vao tai khoan TKKM2, su dung goi va nhan tin lien mang, data.
10/09 09:13:51:351 orderId = 125409504 | requestId = 0 | userId = system | channel = SMS | serviceAddress = 268 | keyword = DOI DIEM 3000 | isdn = 84922000514 | subscriberType = 1 | shipTo =  | actionType = redeem | productId = 274 | commandId = 309 | request = ID=172001: com.comverse_in.prepaid.ccws.ServiceSoapStub.modifySubscriber:84922000514:PROMOTION_60{3400.0;13/12/2013 23:59:59}, | response = ID=172001: success: costTime=874 | status = 0 | cause = success | description = success
10/09 09:13:51:650 SEND: ID=172002: com.comverse_in.prepaid.ccws.ServiceSoapStub.modifySubscriber:84922000514:PROMOTION_60{3400.0;13/12/2013 23:59:59},
10/09 09:13:51:716 RECEIVE: ID=172002: success: costTime=64
10/09 09:13:51:724 sendNotify: 84922000514 - Quy khach da doi thanh cong 3000 diem thanh tien su dung dich vu. So tien tuong ung 3000 diem se duoc cong  vao tai khoan TKKM2, su dung goi va nhan tin lien mang, data.
10/09 09:13:51:725 orderId = 125409505 | requestId = 0 | userId = system | channel = SMS | serviceAddress = 268 | keyword = DOI DIEM 3000 | isdn = 84922000514 | subscriberType = 1 | shipTo =  | actionType = redeem | productId = 274 | commandId = 309 | request = ID=172002: com.comverse_in.prepaid.ccws.ServiceSoapStub.modifySubscriber:84922000514:PROMOTION_60{3400.0;13/12/2013 23:59:59}, | response = ID=172002: success: costTime=64 | status = 0 | cause = success | description = success
10/09 09:14:13:770 CCWS started
10/09 09:14:18:292 Testing connection ...
10/09 09:14:19:339 Created provisioning instance for CCWS
10/09 09:14:19:339 Testing connection are success
10/09 09:14:19:344 Starting process session
10/09 09:14:19:445 Total 0 instances are started
10/09 09:14:19:445 Total 1 instances are added
10/09 09:14:37:571 Close pool
10/09 09:14:37:672 Close queue connection pool.
10/09 09:14:37:693 End of process session
10/09 09:14:37:694 CCWS stopped
10/09 09:15:58:945 CCWS started
10/09 09:16:00:420 Testing connection ...
10/09 09:16:03:369 Created provisioning instance for CCWS
10/09 09:16:03:369 Testing connection are success
10/09 09:16:03:369 Starting process session
10/09 09:16:03:469 Total 0 instances are started
10/09 09:16:03:469 Total 1 instances are added
10/09 09:16:04:849 SEND: ID=174001: com.comverse_in.prepaid.ccws.ServiceSoapStub.modifySubscriber:84922000514:PROMOTION_60{3700.0;14/12/2013 23:59:59},
10/09 09:16:05:638 RECEIVE: ID=174001: success: costTime=789
10/09 09:16:05:664 sendNotify: 84922000514 - Quy khach da doi thanh cong 3000 diem thanh tien su dung dich vu. So tien tuong ung 3000 diem se duoc cong  vao tai khoan TKKM2, su dung goi va nhan tin lien mang, data.
10/09 09:16:05:664 orderId = 125409506 | requestId = 0 | userId = system | channel = SMS | serviceAddress = 268 | keyword = DOI DIEM 3000 | isdn = 84922000514 | subscriberType = 1 | shipTo =  | actionType = redeem | productId = 274 | commandId = 309 | request = ID=174001: com.comverse_in.prepaid.ccws.ServiceSoapStub.modifySubscriber:84922000514:PROMOTION_60{3700.0;14/12/2013 23:59:59}, | response = ID=174001: success: costTime=789 | status = 0 | cause = success | description = success
10/09 09:16:32:757 Close pool
10/09 09:16:32:858 Close queue connection pool.
10/09 09:16:32:864 End of process session
10/09 09:16:32:865 CCWS stopped
10/09 09:25:20:825 CCWS started
10/09 09:25:20:846 Close pool
10/09 09:25:20:846 Close pool
10/09 09:25:20:847 Testing connection ...
10/09 09:25:20:850 Created provisioning instance for CCWS
10/09 09:25:20:850 Testing connection are success
10/09 09:25:20:851 Starting process session
10/09 09:25:20:951 Total 0 instances are started
10/09 09:25:20:952 Total 1 instances are added
10/09 09:25:21:084 SEND: ID=174004: com.comverse_in.prepaid.ccws.ServiceSoapStub.modifySubscriber:84922000514:PROMOTION_60{4000.0;15/12/2013 23:59:59},
10/09 09:25:21:286 sendNotify: 84922000514 - Tin nhan cua ban sai cu phap. Vui long kiem tra lai.
10/09 09:25:21:286 orderId = 125409507 | requestId = 0 | userId = system | channel = SMS | serviceAddress = 268 | keyword = DOI DIEM 3000 | isdn = 84922000514 | subscriberType = 1 | shipTo =  | actionType = redeem | productId = 274 | commandId = 309 | request = ID=174004: com.comverse_in.prepaid.ccws.ServiceSoapStub.modifySubscriber:84922000514:PROMOTION_60{4000.0;15/12/2013 23:59:59}, | response =  | status = 4 | cause = error | description = 
10/09 09:25:21:295 SEND: ID=174005: com.comverse_in.prepaid.ccws.ServiceSoapStub.modifySubscriber:84922000514:PROMOTION_60{4000.0;15/12/2013 23:59:59},
10/09 09:25:21:313 sendNotify: 84922000514 - Tin nhan cua ban sai cu phap. Vui long kiem tra lai.
10/09 09:25:21:313 orderId = 125409508 | requestId = 0 | userId = system | channel = SMS | serviceAddress = 268 | keyword = DOI DIEM 3000 | isdn = 84922000514 | subscriberType = 1 | shipTo =  | actionType = redeem | productId = 274 | commandId = 309 | request = ID=174005: com.comverse_in.prepaid.ccws.ServiceSoapStub.modifySubscriber:84922000514:PROMOTION_60{4000.0;15/12/2013 23:59:59}, | response =  | status = 4 | cause = error | description = 
10/09 09:26:57:888 Close pool
10/09 09:26:57:989 Close queue connection pool.
10/09 09:26:57:994 End of process session
10/09 09:26:57:995 CCWS stopped
10/09 09:27:53:744 CCWS started
10/09 09:27:58:181 Testing connection ...
10/09 09:27:59:209 Created provisioning instance for CCWS
10/09 09:27:59:209 Testing connection are success
10/09 09:27:59:210 Starting process session
10/09 09:27:59:310 Total 0 instances are started
10/09 09:27:59:310 Total 1 instances are added
10/09 09:28:13:411 Close pool
10/09 09:28:13:513 Close queue connection pool.
10/09 09:28:13:518 End of process session
10/09 09:28:13:519 CCWS stopped
10/09 09:29:40:622 CCWS started
10/09 09:29:40:649 Close pool
10/09 09:29:40:649 Close pool
10/09 09:29:40:650 Testing connection ...
10/09 09:29:40:653 Created provisioning instance for CCWS
10/09 09:29:40:654 Testing connection are success
10/09 09:29:40:655 Starting process session
10/09 09:29:40:755 Total 0 instances are started
10/09 09:29:40:757 Total 1 instances are added
10/09 09:29:45:672 Close pool
10/09 09:29:45:773 Close queue connection pool.
10/09 09:29:45:781 End of process session
10/09 09:29:45:782 CCWS stopped
10/09 09:30:27:783 CCWS started
10/09 09:30:29:186 Testing connection ...
10/09 09:30:32:715 Created provisioning instance for CCWS
10/09 09:30:32:716 Testing connection are success
10/09 09:30:32:717 Starting process session
10/09 09:30:32:825 Total 0 instances are started
10/09 09:30:32:826 Total 1 instances are added
10/09 09:30:49:555 Close pool
10/09 09:30:49:656 Close queue connection pool.
10/09 09:30:49:665 End of process session
10/09 09:30:49:666 CCWS stopped
10/09 09:31:41:557 CCWS started
10/09 09:31:41:580 Close pool
10/09 09:31:41:581 Close pool
10/09 09:31:41:581 Testing connection ...
10/09 09:31:41:589 Created provisioning instance for CCWS
10/09 09:31:41:590 Testing connection are success
10/09 09:31:41:591 Starting process session
10/09 09:31:41:691 Total 0 instances are started
10/09 09:31:41:693 Total 1 instances are added
10/09 09:31:44:594 Close pool
10/09 09:31:44:695 Close queue connection pool.
10/09 09:31:44:704 End of process session
10/09 09:31:44:705 CCWS stopped
10/09 09:32:11:585 CCWS started
10/09 09:32:11:610 Close pool
10/09 09:32:11:612 Close pool
10/09 09:32:11:613 Testing connection ...
10/09 09:32:11:633 Created provisioning instance for CCWS
10/09 09:32:11:634 Testing connection are success
10/09 09:32:11:635 Starting process session
10/09 09:32:11:736 Total 0 instances are started
10/09 09:32:11:738 Total 1 instances are added
10/09 09:37:28:106 CCWS started
10/09 09:37:31:228 Testing connection ...
10/09 09:37:33:185 Created provisioning instance for CCWS
10/09 09:37:33:188 Testing connection are success
10/09 09:37:33:188 Starting process session
10/09 09:37:33:289 Total 0 instances are started
10/09 09:37:33:289 Total 1 instances are added
10/09 09:37:49:030 Close pool
10/09 09:37:49:131 Close queue connection pool.
10/09 09:37:49:137 End of process session
10/09 09:37:49:138 CCWS stopped
10/09 09:38:56:007 CCWS started
10/09 09:38:56:027 Close pool
10/09 09:38:56:028 Close pool
10/09 09:38:56:028 Testing connection ...
10/09 09:38:56:032 Created provisioning instance for CCWS
10/09 09:38:56:032 Testing connection are success
10/09 09:38:56:033 Starting process session
10/09 09:38:56:133 Total 0 instances are started
10/09 09:38:56:133 Total 1 instances are added
10/09 09:38:56:263 SEND: ID=177002: com.comverse_in.prepaid.ccws.ServiceSoapStub.modifySubscriber:84922000514:PROMOTION_60{4000.0;15/12/2013 23:59:59},
10/09 09:38:56:318 sendNotify: 84922000514 - Tin nhan cua ban sai cu phap. Vui long kiem tra lai.
10/09 09:38:56:319 orderId = 125409514 | requestId = 0 | userId = system | channel = SMS | serviceAddress = 268 | keyword = DOI DIEM 3000 | isdn = 84922000514 | subscriberType = 1 | shipTo =  | actionType = redeem | productId = 274 | commandId = 309 | request = ID=177002: com.comverse_in.prepaid.ccws.ServiceSoapStub.modifySubscriber:84922000514:PROMOTION_60{4000.0;15/12/2013 23:59:59}, | response =  | status = 4 | cause = error | description = 
10/09 09:39:00:047 Close pool
10/09 09:39:00:148 Close queue connection pool.
10/09 09:39:00:154 End of process session
10/09 09:39:00:154 CCWS stopped
10/09 09:39:41:047 CCWS started
10/09 09:39:41:071 Close pool
10/09 09:39:41:071 Close pool
10/09 09:39:41:071 Testing connection ...
10/09 09:39:41:075 Created provisioning instance for CCWS
10/09 09:39:41:075 Testing connection are success
10/09 09:39:41:076 Starting process session
10/09 09:39:41:176 Total 0 instances are started
10/09 09:39:41:184 Total 1 instances are added
10/09 09:45:02:835 CCWS started
10/09 09:45:06:687 Testing connection ...
10/09 09:45:07:477 Created provisioning instance for CCWS
10/09 09:45:07:477 Testing connection are success
10/09 09:45:07:478 Starting process session
10/09 09:45:07:578 Total 0 instances are started
10/09 09:45:07:578 Total 1 instances are added
10/09 09:45:27:634 Close pool
10/09 09:45:27:735 Close queue connection pool.
10/09 09:45:27:741 End of process session
10/09 09:45:27:743 CCWS stopped
10/09 09:55:12:092 CCWS started
10/09 09:55:12:115 Close pool
10/09 09:55:12:116 Close pool
10/09 09:55:12:117 Testing connection ...
10/09 09:55:12:121 Created provisioning instance for CCWS
10/09 09:55:12:122 Testing connection are success
10/09 09:55:12:122 Starting process session
10/09 09:55:12:223 Total 0 instances are started
10/09 09:55:12:225 Total 1 instances are added
10/09 09:55:12:358 SEND: ID=178002: com.comverse_in.prepaid.ccws.ServiceSoapStub.modifySubscriber:84922000514:PROMOTION_60{4000.0;15/12/2013 23:59:59},
10/09 09:55:12:402 sendNotify: 84922000514 - Tin nhan cua ban sai cu phap. Vui long kiem tra lai.
10/09 09:55:12:403 orderId = 125409516 | requestId = 0 | userId = system | channel = SMS | serviceAddress = 268 | keyword = DOI DIEM 3000 | isdn = 84922000514 | subscriberType = 1 | shipTo =  | actionType = redeem | productId = 274 | commandId = 309 | request = ID=178002: com.comverse_in.prepaid.ccws.ServiceSoapStub.modifySubscriber:84922000514:PROMOTION_60{4000.0;15/12/2013 23:59:59}, | response =  | status = 4 | cause = error | description = 
10/09 09:55:16:134 Close pool
10/09 09:55:16:235 Close queue connection pool.
10/09 09:55:16:243 End of process session
10/09 09:55:16:244 CCWS stopped
10/09 09:56:51:186 CCWS started
10/09 09:56:51:207 Close pool
10/09 09:56:51:208 Close pool
10/09 09:56:51:209 Testing connection ...
10/09 09:56:51:213 Created provisioning instance for CCWS
10/09 09:56:51:214 Testing connection are success
10/09 09:56:51:214 Starting process session
10/09 09:56:51:315 Total 0 instances are started
10/09 09:56:51:317 Total 1 instances are added
10/09 09:56:57:219 Close pool
10/09 09:56:57:320 Close queue connection pool.
10/09 09:56:57:328 End of process session
10/09 09:56:57:330 CCWS stopped
10/09 09:58:01:265 CCWS started
10/09 09:58:01:291 Close pool
10/09 09:58:01:292 Close pool
10/09 09:58:01:293 Testing connection ...
10/09 09:58:01:296 Created provisioning instance for CCWS
10/09 09:58:01:297 Testing connection are success
10/09 09:58:01:298 Starting process session
10/09 09:58:01:398 Total 0 instances are started
10/09 09:58:01:399 Total 1 instances are added
10/09 09:58:01:526 SEND: ID=178004: com.comverse_in.prepaid.ccws.ServiceSoapStub.modifySubscriber:84922000514:PROMOTION_60{4000.0;15/12/2013 23:59:59},
10/09 09:58:01:585 sendNotify: 84922000514 - Tin nhan cua ban sai cu phap. Vui long kiem tra lai.
10/09 09:58:01:586 orderId = 125409517 | requestId = 0 | userId = system | channel = SMS | serviceAddress = 268 | keyword = DOI DIEM 3000 | isdn = 84922000514 | subscriberType = 1 | shipTo =  | actionType = redeem | productId = 274 | commandId = 309 | request = ID=178004: com.comverse_in.prepaid.ccws.ServiceSoapStub.modifySubscriber:84922000514:PROMOTION_60{4000.0;15/12/2013 23:59:59}, | response =  | status = 4 | cause = error | description = 
10/09 10:01:43:482 CCWS started
10/09 10:01:47:715 Testing connection ...
10/09 10:01:48:641 Created provisioning instance for CCWS
10/09 10:01:48:642 Testing connection are success
10/09 10:01:48:642 Starting process session
10/09 10:01:48:742 Total 0 instances are started
10/09 10:01:48:743 Total 1 instances are added
10/09 10:02:32:393 Close pool
10/09 10:02:32:494 Close queue connection pool.
10/09 10:02:32:501 End of process session
10/09 10:02:32:502 CCWS stopped
10/09 10:04:03:393 CCWS started
10/09 10:04:03:419 Close pool
10/09 10:04:03:419 Close pool
10/09 10:04:03:420 Testing connection ...
10/09 10:04:03:423 Created provisioning instance for CCWS
10/09 10:04:03:424 Testing connection are success
10/09 10:04:03:424 Starting process session
10/09 10:04:03:524 Total 0 instances are started
10/09 10:04:03:532 Total 1 instances are added
10/09 10:04:03:664 SEND: ID=179002: com.comverse_in.prepaid.ccws.ServiceSoapStub.modifySubscriber:84922000514:PROMOTION_60{4000.0;15/12/2013 23:59:59},
10/09 10:04:03:711 sendNotify: 84922000514 - Tin nhan cua ban sai cu phap. Vui long kiem tra lai.
10/09 10:04:03:711 orderId = 125409518 | requestId = 0 | userId = system | channel = SMS | serviceAddress = 268 | keyword = DOI DIEM 3000 | isdn = 84922000514 | subscriberType = 1 | shipTo =  | actionType = redeem | productId = 274 | commandId = 309 | request = ID=179002: com.comverse_in.prepaid.ccws.ServiceSoapStub.modifySubscriber:84922000514:PROMOTION_60{4000.0;15/12/2013 23:59:59}, | response =  | status = 4 | cause = error | description = 
10/09 10:04:07:433 Close pool
10/09 10:04:07:534 Close queue connection pool.
10/09 10:04:07:540 End of process session
10/09 10:04:07:541 CCWS stopped
10/09 10:05:36:211 CCWS started
10/09 10:05:40:546 Testing connection ...
10/09 10:05:41:394 Created provisioning instance for CCWS
10/09 10:05:41:394 Testing connection are success
10/09 10:05:41:394 Starting process session
10/09 10:05:41:495 Total 0 instances are started
10/09 10:05:41:495 Total 1 instances are added
10/09 10:06:02:798 Close pool
10/09 10:06:02:899 Close queue connection pool.
10/09 10:06:02:911 End of process session
10/09 10:06:02:912 CCWS stopped
10/09 10:06:48:843 CCWS started
10/09 10:06:48:863 Close pool
10/09 10:06:48:864 Close pool
10/09 10:06:48:865 Testing connection ...
10/09 10:06:48:873 Created provisioning instance for CCWS
10/09 10:06:48:873 Testing connection are success
10/09 10:06:48:874 Starting process session
10/09 10:06:48:975 Total 0 instances are started
10/09 10:06:48:976 Total 1 instances are added
10/09 10:06:52:882 Close pool
10/09 10:06:52:983 Close queue connection pool.
10/09 10:06:52:991 End of process session
10/09 10:06:52:996 CCWS stopped
10/09 10:07:11:869 CCWS started
10/09 10:07:11:896 Close pool
10/09 10:07:11:897 Close pool
10/09 10:07:11:898 Testing connection ...
10/09 10:07:11:917 Created provisioning instance for CCWS
10/09 10:07:11:919 Testing connection are success
10/09 10:07:11:920 Starting process session
10/09 10:07:12:021 Total 0 instances are started
10/09 10:07:12:030 Total 1 instances are added
10/09 10:07:16:933 Close pool
10/09 10:07:17:035 Close queue connection pool.
10/09 10:07:17:047 End of process session
10/09 10:07:17:048 CCWS stopped
10/09 10:07:18:897 CCWS started
10/09 10:07:18:920 Close pool
10/09 10:07:18:921 Close pool
10/09 10:07:18:922 Testing connection ...
10/09 10:07:18:943 Created provisioning instance for CCWS
10/09 10:07:18:944 Testing connection are success
10/09 10:07:18:945 Starting process session
10/09 10:07:19:047 Total 0 instances are started
10/09 10:07:19:049 Total 1 instances are added
10/09 10:08:34:623 Created provisioning instance for CCWS
10/09 10:08:34:625 SEND: ID=180003: com.comverse_in.prepaid.ccws.ServiceSoapStub.modifySubscriber:84922000514:PROMOTION_60{4000.0;15/12/2013 23:59:59},
10/09 10:17:07:665 CCWS started
10/09 10:17:11:860 Testing connection ...
10/09 10:17:12:842 Created provisioning instance for CCWS
10/09 10:17:12:843 Testing connection are success
10/09 10:17:12:844 Starting process session
10/09 10:17:12:948 Total 0 instances are started
10/09 10:17:12:949 Total 1 instances are added
10/09 10:17:35:272 Close pool
10/09 10:17:35:373 Close queue connection pool.
10/09 10:17:35:379 End of process session
10/09 10:17:35:380 CCWS stopped
10/09 10:18:15:281 CCWS started
10/09 10:18:15:305 Close pool
10/09 10:18:15:305 Close pool
10/09 10:18:15:306 Testing connection ...
10/09 10:18:15:314 Created provisioning instance for CCWS
10/09 10:18:15:315 Testing connection are success
10/09 10:18:15:315 Starting process session
10/09 10:18:15:416 Total 0 instances are started
10/09 10:18:15:419 Total 1 instances are added
10/09 10:18:18:320 Close pool
10/09 10:18:18:421 Close queue connection pool.
10/09 10:18:18:429 End of process session
10/09 10:18:18:430 CCWS stopped
10/09 10:18:39:307 CCWS started
10/09 10:18:39:331 Close pool
10/09 10:18:39:333 Close pool
10/09 10:18:39:334 Testing connection ...
10/09 10:18:39:354 Created provisioning instance for CCWS
10/09 10:18:39:356 Testing connection are success
10/09 10:18:39:357 Starting process session
10/09 10:18:39:458 Total 0 instances are started
10/09 10:18:39:460 Total 1 instances are added
10/09 10:19:08:368 Close pool
10/09 10:19:08:470 Close queue connection pool.
10/09 10:19:08:480 End of process session
10/09 10:19:08:482 CCWS stopped
10/09 10:23:22:766 sendNotify: 84922000514 - Tin nhan cua ban sai cu phap. Vui long kiem tra lai.
10/09 10:23:27:411 orderId = 125409521 | requestId = 0 | userId = system | channel = SMS | serviceAddress = 268 | keyword = DOI DIEM 3000 | isdn = 84922000514 | subscriberType = 1 | shipTo =  | actionType = redeem | productId = 274 | commandId = 309 | request =  | response =  | status = 4 | cause = error | description = 
10/09 10:23:32:127 java.lang.IllegalStateException: Pool not open
10/09 10:24:17:620 CCWS started
10/09 10:24:17:645 Close pool
10/09 10:24:17:645 Close pool
10/09 10:24:17:646 Testing connection ...
10/09 10:24:17:654 Created provisioning instance for CCWS
10/09 10:24:17:655 Testing connection are success
10/09 10:24:17:655 Starting process session
10/09 10:24:17:755 Total 0 instances are started
10/09 10:24:17:756 Total 1 instances are added
10/09 10:24:23:659 Close pool
10/09 10:24:23:760 Close queue connection pool.
10/09 10:24:23:768 End of process session
10/09 10:24:23:769 CCWS stopped
10/09 10:31:55:937 sendNotify: 84922000514 - Tin nhan cua ban sai cu phap. Vui long kiem tra lai.
10/09 10:32:05:280 sendNotify: 84922000514 - Tin nhan cua ban sai cu phap. Vui long kiem tra lai.
10/09 10:32:05:290 sendNotify: 84922000514 - Tin nhan cua ban sai cu phap. Vui long kiem tra lai.
10/09 10:32:07:723 sendNotify: 84922000514 - Tin nhan cua ban sai cu phap. Vui long kiem tra lai.
10/09 10:32:09:878 sendNotify: 84922000514 - Tin nhan cua ban sai cu phap. Vui long kiem tra lai.
10/09 10:32:10:438 sendNotify: 84922000514 - Tin nhan cua ban sai cu phap. Vui long kiem tra lai.
10/09 10:32:11:050 sendNotify: 84922000514 - Tin nhan cua ban sai cu phap. Vui long kiem tra lai.
10/09 10:32:11:579 sendNotify: 84922000514 - Tin nhan cua ban sai cu phap. Vui long kiem tra lai.
10/09 10:32:15:188 orderId = 125409522 | requestId = 0 | userId = system | channel = SMS | serviceAddress = 268 | keyword = DOI DIEM 1000 | isdn = 84922000514 | subscriberType = 1 | shipTo =  | actionType = redeem | productId = 274 | commandId = 309 | request =  | response =  | status = 4 | cause = error | description = 
10/09 10:32:15:499 sendNotify: 84922000514 - Tin nhan cua ban sai cu phap. Vui long kiem tra lai.
10/09 10:32:41:363 java.lang.IllegalStateException: Pool not open
10/09 10:33:34:049 CCWS started
10/09 10:33:34:068 Close pool
10/09 10:33:34:069 Close pool
10/09 10:33:34:070 Testing connection ...
10/09 10:33:34:073 Created provisioning instance for CCWS
10/09 10:33:34:074 Testing connection are success
10/09 10:33:34:074 Starting process session
10/09 10:33:34:177 Total 0 instances are started
10/09 10:33:34:178 Total 1 instances are added
10/09 10:33:39:086 Close pool
10/09 10:33:39:187 Close queue connection pool.
10/09 10:33:39:202 End of process session
10/09 10:33:39:203 CCWS stopped
10/09 10:33:41:078 CCWS started
10/09 10:33:41:097 Close pool
10/09 10:33:41:098 Close pool
10/09 10:33:41:098 Testing connection ...
10/09 10:33:41:104 Created provisioning instance for CCWS
10/09 10:33:41:105 Testing connection are success
10/09 10:33:41:106 Starting process session
10/09 10:33:41:206 Total 0 instances are started
10/09 10:33:41:207 Total 1 instances are added
10/09 10:33:45:108 Close pool
10/09 10:33:45:209 Close queue connection pool.
10/09 10:33:45:224 End of process session
10/09 10:33:45:225 CCWS stopped
10/09 10:37:07:155 sendNotify: 84922000514 - Tin nhan cua ban sai cu phap. Vui long kiem tra lai.
10/09 10:37:15:017 sendNotify: 84922000514 - Tin nhan cua ban sai cu phap. Vui long kiem tra lai.
10/09 10:37:17:721 sendNotify: 84922000514 - Tin nhan cua ban sai cu phap. Vui long kiem tra lai.
10/09 10:37:21:475 sendNotify: 84922000514 - Tin nhan cua ban sai cu phap. Vui long kiem tra lai.
10/09 10:37:22:475 sendNotify: 84922000514 - Tin nhan cua ban sai cu phap. Vui long kiem tra lai.
10/09 10:37:22:579 sendNotify: 84922000514 - Tin nhan cua ban sai cu phap. Vui long kiem tra lai.
10/09 10:37:22:581 orderId = 125409524 | requestId = 0 | userId = system | channel = SMS | serviceAddress = 268 | keyword = DOI DIEM 1000 | isdn = 84922000514 | subscriberType = 1 | shipTo =  | actionType = redeem | productId = 274 | commandId = 309 | request =  | response =  | status = 4 | cause = error | description = 
10/09 10:37:22:619 java.lang.IllegalStateException: Pool not open
10/09 10:37:23:128 sendNotify: 84922000514 - Tin nhan cua ban sai cu phap. Vui long kiem tra lai.
10/09 10:37:23:131 orderId = 125409523 | requestId = 0 | userId = system | channel = SMS | serviceAddress = 268 | keyword = DOI DIEM 1000 | isdn = 84922000514 | subscriberType = 1 | shipTo =  | actionType = redeem | productId = 274 | commandId = 309 | request =  | response =  | status = 4 | cause = error | description = 
10/09 10:37:23:160 java.lang.IllegalStateException: Pool not open
10/09 10:37:57:234 CCWS started
10/09 10:37:57:255 Close pool
10/09 10:37:57:256 Close pool
10/09 10:37:57:256 Testing connection ...
10/09 10:37:57:264 Created provisioning instance for CCWS
10/09 10:37:57:265 Testing connection are success
10/09 10:37:57:265 Starting process session
10/09 10:37:57:366 Total 0 instances are started
10/09 10:37:57:367 Total 1 instances are added
10/09 10:38:00:268 Close pool
10/09 10:38:00:369 Close queue connection pool.
10/09 10:38:00:377 End of process session
10/09 10:38:00:379 CCWS stopped
10/09 10:38:10:271 CCWS started
10/09 10:38:10:300 Close pool
10/09 10:38:10:301 Close pool
10/09 10:38:10:302 Testing connection ...
10/09 10:38:10:311 Created provisioning instance for CCWS
10/09 10:38:10:313 Testing connection are success
10/09 10:38:10:314 Starting process session
10/09 10:38:10:415 Total 0 instances are started
10/09 10:38:10:417 Total 1 instances are added
10/09 10:38:10:548 SEND: ID=181008: com.comverse_in.prepaid.ccws.ServiceSoapStub.modifySubscriber:84922000514:PROMOTION_60{3800.0;15/12/2013 23:59:59},
10/09 10:38:14:325 Close pool
10/09 10:38:14:426 Close queue connection pool.
10/09 10:38:14:435 End of process session
10/09 10:38:14:437 CCWS stopped
10/09 10:39:16:425 sendNotify: 84922000514 - Tin nhan cua ban sai cu phap. Vui long kiem tra lai.
10/09 10:39:16:426 orderId = 125409525 | requestId = 0 | userId = system | channel = SMS | serviceAddress = 268 | keyword = DOI DIEM 1000 | isdn = 84922000514 | subscriberType = 1 | shipTo =  | actionType = redeem | productId = 274 | commandId = 309 | request = ID=181008: com.comverse_in.prepaid.ccws.ServiceSoapStub.modifySubscriber:84922000514:PROMOTION_60{3800.0;15/12/2013 23:59:59}, | response =  | status = 4 | cause = error | description = 
10/09 10:39:16:445 java.lang.IllegalStateException: Pool not open
10/09 10:39:17:665 sendNotify: 84922000514 - Tin nhan cua ban sai cu phap. Vui long kiem tra lai.
10/09 10:39:17:666 orderId = 125409526 | requestId = 0 | userId = system | channel = SMS | serviceAddress = 268 | keyword = DOI DIEM 1000 | isdn = 84922000514 | subscriberType = 1 | shipTo =  | actionType = redeem | productId = 274 | commandId = 309 | request =  | response =  | status = 4 | cause = error | description = 
10/09 10:39:17:706 java.lang.IllegalStateException: Pool not open
10/09 10:39:49:451 CCWS started
10/09 10:39:49:478 Close pool
10/09 10:39:49:479 Close pool
10/09 10:39:49:479 Testing connection ...
10/09 10:39:49:488 Created provisioning instance for CCWS
10/09 10:39:49:489 Testing connection are success
10/09 10:39:49:489 Starting process session
10/09 10:39:49:589 Total 0 instances are started
10/09 10:39:49:593 Total 1 instances are added
10/09 10:39:52:495 Close pool
10/09 10:39:52:596 Close queue connection pool.
10/09 10:39:52:604 End of process session
10/09 10:39:52:606 CCWS stopped
10/09 10:40:06:487 CCWS started
10/09 10:40:06:511 Close pool
10/09 10:40:06:512 Close pool
10/09 10:40:06:512 Testing connection ...
10/09 10:40:06:523 Created provisioning instance for CCWS
10/09 10:40:06:523 Testing connection are success
10/09 10:40:06:524 Starting process session
10/09 10:40:06:624 Total 0 instances are started
10/09 10:40:06:625 Total 1 instances are added
10/09 10:40:06:765 SEND: ID=181010: com.comverse_in.prepaid.ccws.ServiceSoapStub.modifySubscriber:84922000514:PROMOTION_60{3800.0;15/12/2013 23:59:59},
10/09 10:40:09:530 Close pool
10/09 10:40:09:631 Close queue connection pool.
10/09 10:40:09:639 End of process session
10/09 10:40:09:641 CCWS stopped
10/09 10:53:59:963 sendNotify: 84922000514 - Tin nhan cua ban sai cu phap. Vui long kiem tra lai.
10/09 10:53:59:963 orderId = 125409527 | requestId = 0 | userId = system | channel = SMS | serviceAddress = 268 | keyword = DOI DIEM 1000 | isdn = 84922000514 | subscriberType = 1 | shipTo =  | actionType = redeem | productId = 274 | commandId = 309 | request = ID=181010: com.comverse_in.prepaid.ccws.ServiceSoapStub.modifySubscriber:84922000514:PROMOTION_60{3800.0;15/12/2013 23:59:59}, | response =  | status = 4 | cause = error | description = 
10/09 10:53:59:980 java.lang.IllegalStateException: Pool not open
10/09 10:54:05:590 sendNotify: 84922000514 - Tin nhan cua ban sai cu phap. Vui long kiem tra lai.
10/09 10:54:05:591 orderId = 125409528 | requestId = 0 | userId = system | channel = SMS | serviceAddress = 268 | keyword = DOI DIEM 1000 | isdn = 84922000514 | subscriberType = 1 | shipTo =  | actionType = redeem | productId = 274 | commandId = 309 | request =  | response =  | status = 4 | cause = error | description = 
10/09 10:54:05:624 java.lang.IllegalStateException: Pool not open
10/09 10:57:08:632 CCWS started
10/09 10:57:12:954 Testing connection ...
10/09 10:57:13:775 Created provisioning instance for CCWS
10/09 10:57:13:775 Testing connection are success
10/09 10:57:13:775 Starting process session
10/09 10:57:13:876 Total 0 instances are started
10/09 10:57:13:876 Total 1 instances are added
10/09 11:46:44:387 Close pool
10/09 11:46:44:510 Close queue connection pool.
10/09 11:46:44:599 End of process session
10/09 11:46:44:600 CCWS stopped
10/09 11:51:18:451 CCWS started
10/09 11:51:18:479 Close pool
10/09 11:51:18:480 Close pool
10/09 11:51:18:480 Testing connection ...
10/09 11:51:18:484 Created provisioning instance for CCWS
10/09 11:51:18:484 Testing connection are success
10/09 11:51:18:485 Starting process session
10/09 11:51:18:585 Total 0 instances are started
10/09 11:51:18:587 Total 1 instances are added
10/09 11:51:18:723 SEND: ID=182002: com.comverse_in.prepaid.ccws.ServiceSoapStub.modifySubscriber:84922000514:PROMOTION_60{3800.0;15/12/2013 23:59:59},
10/09 11:51:18:778 sendNotify: 84922000514 - Tin nhan cua ban sai cu phap. Vui long kiem tra lai.
10/09 11:51:18:779 orderId = 125409529 | requestId = 0 | userId = system | channel = SMS | serviceAddress = 268 | keyword = DOI DIEM 1000 | isdn = 84922000514 | subscriberType = 1 | shipTo =  | actionType = redeem | productId = 274 | commandId = 309 | request = ID=182002: com.comverse_in.prepaid.ccws.ServiceSoapStub.modifySubscriber:84922000514:PROMOTION_60{3800.0;15/12/2013 23:59:59}, | response =  | status = 4 | cause = error | description = 
10/09 11:51:21:488 Close pool
10/09 11:51:21:589 Close queue connection pool.
10/09 11:51:21:596 End of process session
10/09 11:51:21:597 CCWS stopped
10/09 12:09:21:247 CCWS started
10/09 12:09:22:936 Testing connection ...
10/09 12:09:25:825 Created provisioning instance for CCWS
10/09 12:09:25:825 Testing connection are success
10/09 12:09:25:825 Starting process session
10/09 12:09:25:930 Total 0 instances are started
10/09 12:09:25:930 Total 1 instances are added
10/09 12:09:54:926 Close pool
10/09 12:09:55:027 Close queue connection pool.
10/09 12:09:55:034 End of process session
10/09 12:09:55:037 CCWS stopped
10/09 12:11:58:002 CCWS started
10/09 12:11:58:024 Close pool
10/09 12:11:58:025 Close pool
10/09 12:11:58:025 Testing connection ...
10/09 12:11:58:029 Created provisioning instance for CCWS
10/09 12:11:58:030 Testing connection are success
10/09 12:11:58:030 Starting process session
10/09 12:11:58:131 Total 0 instances are started
10/09 12:11:58:132 Total 1 instances are added
10/09 12:11:58:262 SEND: ID=183003: com.comverse_in.prepaid.ccws.ServiceSoapStub.modifySubscriber:84922000514:PROMOTION_60{3800.0;15/12/2013 23:59:59},
10/09 12:11:58:301 sendNotify: 84922000514 - Tin nhan cua ban sai cu phap. Vui long kiem tra lai.
10/09 12:11:58:302 orderId = 125409530 | requestId = 0 | userId = system | channel = SMS | serviceAddress = 268 | keyword = DOI DIEM 1000 | isdn = 84922000514 | subscriberType = 1 | shipTo =  | actionType = redeem | productId = 274 | commandId = 309 | request = ID=183003: com.comverse_in.prepaid.ccws.ServiceSoapStub.modifySubscriber:84922000514:PROMOTION_60{3800.0;15/12/2013 23:59:59}, | response =  | status = 4 | cause = error | description = 
10/09 12:11:58:307 SEND: ID=183004: com.comverse_in.prepaid.ccws.ServiceSoapStub.modifySubscriber:84922000514:PROMOTION_60{3800.0;15/12/2013 23:59:59},
10/09 12:11:58:326 sendNotify: 84922000514 - Tin nhan cua ban sai cu phap. Vui long kiem tra lai.
10/09 12:11:58:327 orderId = 125409531 | requestId = 0 | userId = system | channel = SMS | serviceAddress = 268 | keyword = DOI DIEM 1000 | isdn = 84922000514 | subscriberType = 1 | shipTo =  | actionType = redeem | productId = 274 | commandId = 309 | request = ID=183004: com.comverse_in.prepaid.ccws.ServiceSoapStub.modifySubscriber:84922000514:PROMOTION_60{3800.0;15/12/2013 23:59:59}, | response =  | status = 4 | cause = error | description = 
10/09 12:12:02:036 Close pool
10/09 12:12:02:137 Close queue connection pool.
10/09 12:12:02:146 End of process session
10/09 12:12:02:148 CCWS stopped
10/09 12:14:13:081 CCWS started
10/09 12:14:13:103 Close pool
10/09 12:14:13:104 Close pool
10/09 12:14:13:104 Testing connection ...
10/09 12:14:13:108 Created provisioning instance for CCWS
10/09 12:14:13:109 Testing connection are success
10/09 12:14:13:109 Starting process session
10/09 12:14:13:210 Total 0 instances are started
10/09 12:14:13:211 Total 1 instances are added
10/09 12:14:13:330 SEND: ID=183006: com.comverse_in.prepaid.ccws.ServiceSoapStub.modifySubscriber:84922000514:PROMOTION_60{3800.0;15/12/2013 23:59:59},
10/09 12:14:13:362 sendNotify: 84922000514 - Tin nhan cua ban sai cu phap. Vui long kiem tra lai.
10/09 12:14:13:363 orderId = 125409532 | requestId = 0 | userId = system | channel = SMS | serviceAddress = 268 | keyword = DOI DIEM 1000 | isdn = 84922000514 | subscriberType = 1 | shipTo =  | actionType = redeem | productId = 274 | commandId = 309 | request = ID=183006: com.comverse_in.prepaid.ccws.ServiceSoapStub.modifySubscriber:84922000514:PROMOTION_60{3800.0;15/12/2013 23:59:59}, | response =  | status = 4 | cause = error | description = 
10/09 12:14:17:123 Close pool
10/09 12:14:17:224 Close queue connection pool.
10/09 12:14:17:231 End of process session
10/09 12:14:17:232 CCWS stopped
10/09 12:15:49:117 CCWS started
10/09 12:15:49:142 Close pool
10/09 12:15:49:143 Close pool
10/09 12:15:49:143 Testing connection ...
10/09 12:15:49:147 Created provisioning instance for CCWS
10/09 12:15:49:147 Testing connection are success
10/09 12:15:49:148 Starting process session
10/09 12:15:49:248 Total 0 instances are started
10/09 12:15:49:250 Total 1 instances are added
10/09 12:17:12:776 Created provisioning instance for CCWS
10/09 12:17:12:778 SEND: ID=183008: com.comverse_in.prepaid.ccws.ServiceSoapStub.modifySubscriber:84922000514:PROMOTION_60{3800.0;15/12/2013 23:59:59},
10/09 12:17:12:825 sendNotify: 84922000514 - Tin nhan cua ban sai cu phap. Vui long kiem tra lai.
10/09 12:17:12:825 orderId = 125409533 | requestId = 0 | userId = system | channel = SMS | serviceAddress = 268 | keyword = DOI DIEM 1000 | isdn = 84922000514 | subscriberType = 1 | shipTo =  | actionType = redeem | productId = 274 | commandId = 309 | request = ID=183008: com.comverse_in.prepaid.ccws.ServiceSoapStub.modifySubscriber:84922000514:PROMOTION_60{3800.0;15/12/2013 23:59:59}, | response =  | status = 4 | cause = error | description = 
10/09 12:20:25:505 Close pool
10/09 12:20:25:606 Close queue connection pool.
10/09 12:20:25:611 End of process session
10/09 12:20:25:612 CCWS stopped
10/09 12:20:27:474 CCWS started
10/09 12:20:27:498 Close pool
10/09 12:20:27:498 Close pool
10/09 12:20:27:499 Testing connection ...
10/09 12:20:27:503 Created provisioning instance for CCWS
10/09 12:20:27:504 Testing connection are success
10/09 12:20:27:504 Starting process session
10/09 12:20:27:605 Total 0 instances are started
10/09 12:20:27:607 Total 1 instances are added
10/09 12:21:22:510 Close pool
10/09 12:21:22:611 Close queue connection pool.
10/09 12:21:22:617 End of process session
10/09 12:21:22:619 CCWS stopped
10/09 12:21:24:540 CCWS started
10/09 12:21:24:562 Close pool
10/09 12:21:24:563 Close pool
10/09 12:21:24:564 Testing connection ...
10/09 12:21:24:569 Created provisioning instance for CCWS
10/09 12:21:24:571 Testing connection are success
10/09 12:21:24:572 Starting process session
10/09 12:21:24:674 Total 0 instances are started
10/09 12:21:24:675 Total 1 instances are added
10/09 12:21:26:575 Close pool
10/09 12:21:26:676 Close queue connection pool.
10/09 12:21:26:681 End of process session
10/09 12:21:26:683 CCWS stopped
10/09 12:22:20:604 CCWS started
10/09 12:22:20:622 Close pool
10/09 12:22:20:623 Close pool
10/09 12:22:20:623 Testing connection ...
10/09 12:22:20:629 Created provisioning instance for CCWS
10/09 12:22:20:630 Testing connection are success
10/09 12:22:20:631 Starting process session
10/09 12:22:20:731 Total 0 instances are started
10/09 12:22:20:732 Total 1 instances are added
10/09 12:22:20:855 SEND: ID=183021: com.comverse_in.prepaid.ccws.ServiceSoapStub.modifySubscriber:84922000514:PROMOTION_60{3800.0;15/12/2013 23:59:59},
10/09 12:22:20:906 sendNotify: 84922000514 - Tin nhan cua ban sai cu phap. Vui long kiem tra lai.
10/09 12:22:20:907 orderId = 125409534 | requestId = 0 | userId = system | channel = SMS | serviceAddress = 268 | keyword = DOI DIEM 1000 | isdn = 84922000514 | subscriberType = 1 | shipTo =  | actionType = redeem | productId = 274 | commandId = 309 | request = ID=183021: com.comverse_in.prepaid.ccws.ServiceSoapStub.modifySubscriber:84922000514:PROMOTION_60{3800.0;15/12/2013 23:59:59}, | response =  | status = 4 | cause = error | description = 
10/09 12:22:24:634 Close pool
10/09 12:22:24:735 Close queue connection pool.
10/09 12:22:24:741 End of process session
10/09 12:22:24:741 CCWS stopped
10/09 12:23:32:674 CCWS started
10/09 12:23:32:695 Close pool
10/09 12:23:32:696 Close pool
10/09 12:23:32:696 Testing connection ...
10/09 12:23:32:700 Created provisioning instance for CCWS
10/09 12:23:32:700 Testing connection are success
10/09 12:23:32:701 Starting process session
10/09 12:23:32:801 Total 0 instances are started
10/09 12:23:32:802 Total 1 instances are added
10/09 12:23:32:925 SEND: ID=183023: com.comverse_in.prepaid.ccws.ServiceSoapStub.modifySubscriber:84922000514:PROMOTION_60{3800.0;15/12/2013 23:59:59},
10/09 12:23:32:993 sendNotify: 84922000514 - Tin nhan cua ban sai cu phap. Vui long kiem tra lai.
10/09 12:23:32:993 orderId = 125409535 | requestId = 0 | userId = system | channel = SMS | serviceAddress = 268 | keyword = DOI DIEM 1000 | isdn = 84922000514 | subscriberType = 1 | shipTo =  | actionType = redeem | productId = 274 | commandId = 309 | request = ID=183023: com.comverse_in.prepaid.ccws.ServiceSoapStub.modifySubscriber:84922000514:PROMOTION_60{3800.0;15/12/2013 23:59:59}, | response =  | status = 4 | cause = error | description = 
10/09 12:23:35:703 Close pool
10/09 12:23:35:804 Close queue connection pool.
10/09 12:23:35:813 End of process session
10/09 12:23:35:816 CCWS stopped
10/09 12:25:11:697 CCWS started
10/09 12:25:11:723 Close pool
10/09 12:25:11:723 Close pool
10/09 12:25:11:724 Testing connection ...
10/09 12:25:11:727 Created provisioning instance for CCWS
10/09 12:25:11:728 Testing connection are success
10/09 12:25:11:728 Starting process session
10/09 12:25:11:829 Total 0 instances are started
10/09 12:25:11:831 Total 1 instances are added
10/09 12:26:20:181 Created provisioning instance for CCWS
10/09 12:26:20:182 SEND: ID=183025: com.comverse_in.prepaid.ccws.ServiceSoapStub.modifySubscriber:84922000514:PROMOTION_60{3800.0;15/12/2013 23:59:59},
10/09 12:26:20:222 sendNotify: 84922000514 - Tin nhan cua ban sai cu phap. Vui long kiem tra lai.
10/09 12:26:20:223 orderId = 125409536 | requestId = 0 | userId = system | channel = SMS | serviceAddress = 268 | keyword = DOI DIEM 1000 | isdn = 84922000514 | subscriberType = 1 | shipTo =  | actionType = redeem | productId = 274 | commandId = 309 | request = ID=183025: com.comverse_in.prepaid.ccws.ServiceSoapStub.modifySubscriber:84922000514:PROMOTION_60{3800.0;15/12/2013 23:59:59}, | response =  | status = 4 | cause = error | description = 
10/09 12:27:36:373 Created provisioning instance for CCWS
10/09 12:27:36:374 SEND: ID=183027: com.comverse_in.prepaid.ccws.ServiceSoapStub.modifySubscriber:84922000514:PROMOTION_60{3800.0;15/12/2013 23:59:59},
10/09 12:27:36:410 sendNotify: 84922000514 - Tin nhan cua ban sai cu phap. Vui long kiem tra lai.
10/09 12:27:36:411 orderId = 125409537 | requestId = 0 | userId = system | channel = SMS | serviceAddress = 268 | keyword = DOI DIEM 1000 | isdn = 84922000514 | subscriberType = 1 | shipTo =  | actionType = redeem | productId = 274 | commandId = 309 | request = ID=183027: com.comverse_in.prepaid.ccws.ServiceSoapStub.modifySubscriber:84922000514:PROMOTION_60{3800.0;15/12/2013 23:59:59}, | response =  | status = 4 | cause = error | description = 
10/09 12:29:04:496 Created provisioning instance for CCWS
10/09 12:29:04:497 SEND: ID=183029: com.comverse_in.prepaid.ccws.ServiceSoapStub.modifySubscriber:84922000514:PROMOTION_60{3800.0;15/12/2013 23:59:59},
10/09 12:29:04:537 sendNotify: 84922000514 - Tin nhan cua ban sai cu phap. Vui long kiem tra lai.
10/09 12:29:04:538 orderId = 125409538 | requestId = 0 | userId = system | channel = SMS | serviceAddress = 268 | keyword = DOI DIEM 1000 | isdn = 84922000514 | subscriberType = 1 | shipTo =  | actionType = redeem | productId = 274 | commandId = 309 | request = ID=183029: com.comverse_in.prepaid.ccws.ServiceSoapStub.modifySubscriber:84922000514:PROMOTION_60{3800.0;15/12/2013 23:59:59}, | response =  | status = 4 | cause = error | description = 
10/09 12:30:29:076 Close pool
10/09 12:30:29:178 Close queue connection pool.
10/09 12:30:29:183 End of process session
10/09 12:30:29:184 CCWS stopped
10/09 12:30:31:073 CCWS started
10/09 12:30:31:092 Close pool
10/09 12:30:31:093 Close pool
10/09 12:30:31:094 Testing connection ...
10/09 12:30:31:097 Created provisioning instance for CCWS
10/09 12:30:31:098 Testing connection are success
10/09 12:30:31:098 Starting process session
10/09 12:30:31:201 Total 0 instances are started
10/09 12:30:31:203 Total 1 instances are added
10/09 12:30:35:104 Close pool
10/09 12:30:35:205 Close queue connection pool.
10/09 12:30:35:215 End of process session
10/09 12:30:35:217 CCWS stopped
10/09 12:31:07:154 CCWS started
10/09 12:31:07:187 Close pool
10/09 12:31:07:188 Close pool
10/09 12:31:07:188 Testing connection ...
10/09 12:31:07:193 Created provisioning instance for CCWS
10/09 12:31:07:194 Testing connection are success
10/09 12:31:07:194 Starting process session
10/09 12:31:07:295 Total 0 instances are started
10/09 12:31:07:296 Total 1 instances are added
10/09 12:31:07:420 SEND: ID=183031: com.comverse_in.prepaid.ccws.ServiceSoapStub.modifySubscriber:84922000514:PROMOTION_60{3800.0;15/12/2013 23:59:59},
10/09 12:31:07:465 sendNotify: 84922000514 - Tin nhan cua ban sai cu phap. Vui long kiem tra lai.
10/09 12:31:07:466 orderId = 125409539 | requestId = 0 | userId = system | channel = SMS | serviceAddress = 268 | keyword = DOI DIEM 1000 | isdn = 84922000514 | subscriberType = 1 | shipTo =  | actionType = redeem | productId = 274 | commandId = 309 | request = ID=183031: com.comverse_in.prepaid.ccws.ServiceSoapStub.modifySubscriber:84922000514:PROMOTION_60{3800.0;15/12/2013 23:59:59}, | response =  | status = 4 | cause = error | description = 
10/09 12:31:10:197 Close pool
10/09 12:31:10:298 Close queue connection pool.
10/09 12:31:10:306 End of process session
10/09 12:31:10:309 CCWS stopped
10/09 12:38:19:371 CCWS started
10/09 12:38:19:390 Close pool
10/09 12:38:19:391 Close pool
10/09 12:38:19:392 Testing connection ...
10/09 12:38:19:397 Created provisioning instance for CCWS
10/09 12:38:19:398 Testing connection are success
10/09 12:38:19:400 Starting process session
10/09 12:38:19:502 Total 0 instances are started
10/09 12:38:19:503 Total 1 instances are added
10/09 12:39:16:511 Close pool
10/09 12:39:16:612 Close queue connection pool.
10/09 12:39:16:619 End of process session
10/09 12:39:16:621 CCWS stopped
10/09 12:39:18:449 CCWS started
10/09 12:39:18:472 Close pool
10/09 12:39:18:472 Close pool
10/09 12:39:18:473 Testing connection ...
10/09 12:39:18:476 Created provisioning instance for CCWS
10/09 12:39:18:478 Testing connection are success
10/09 12:39:18:478 Starting process session
10/09 12:39:18:579 Total 0 instances are started
10/09 12:39:18:580 Total 1 instances are added
10/09 14:34:43:802 CCWS started
10/09 14:34:47:731 Testing connection ...
10/09 14:34:48:685 Created provisioning instance for CCWS
10/09 14:34:48:685 Testing connection are success
10/09 14:34:48:686 Starting process session
10/09 14:34:48:786 Total 0 instances are started
10/09 14:34:48:787 Total 1 instances are added
10/09 14:34:50:127 SEND: ID=184001: com.comverse_in.prepaid.ccws.ServiceSoapStub.modifySubscriber:84922000514:PROMOTION_60{3800.0;15/12/2013 23:59:59},
10/09 14:34:52:906 sendNotify: 84922000514 - Tin nhan cua ban sai cu phap. Vui long kiem tra lai.
10/09 14:34:52:907 orderId = 125409540 | requestId = 0 | userId = system | channel = SMS | serviceAddress = 268 | keyword = DOI DIEM 1000 | isdn = 84922000514 | subscriberType = 1 | shipTo =  | actionType = redeem | productId = 274 | commandId = 309 | request = ID=184001: com.comverse_in.prepaid.ccws.ServiceSoapStub.modifySubscriber:84922000514:PROMOTION_60{3800.0;15/12/2013 23:59:59}, | response =  | status = 4 | cause = error | description = 
10/09 14:35:16:428 Close pool
10/09 14:35:16:529 Close queue connection pool.
10/09 14:35:16:537 End of process session
10/09 14:35:16:539 CCWS stopped
10/09 14:35:18:365 CCWS started
10/09 14:35:18:386 Close pool
10/09 14:35:18:387 Close pool
10/09 14:35:18:387 Testing connection ...
10/09 14:35:18:390 Created provisioning instance for CCWS
10/09 14:35:18:391 Testing connection are success
10/09 14:35:18:391 Starting process session
10/09 14:35:18:492 Total 0 instances are started
10/09 14:35:18:493 Total 1 instances are added
10/09 14:35:34:511 Close pool
10/09 14:35:34:612 Close queue connection pool.
10/09 14:35:34:623 End of process session
10/09 14:35:34:625 CCWS stopped
10/09 14:36:17:519 CCWS started
10/09 14:36:17:540 Close pool
10/09 14:36:17:541 Close pool
10/09 14:36:17:542 Testing connection ...
10/09 14:36:17:545 Created provisioning instance for CCWS
10/09 14:36:17:545 Testing connection are success
10/09 14:36:17:546 Starting process session
10/09 14:36:17:646 Total 0 instances are started
10/09 14:36:17:648 Total 1 instances are added
10/09 14:36:17:697 SEND: ID=184003: com.comverse_in.prepaid.ccws.ServiceSoapStub.modifySubscriber:84922000514:PROMOTION_60{3800.0;15/12/2013 23:59:59},
10/09 14:36:17:731 sendNotify: 84922000514 - Tin nhan cua ban sai cu phap. Vui long kiem tra lai.
10/09 14:36:17:732 orderId = 125409541 | requestId = 0 | userId = system | channel = SMS | serviceAddress = 268 | keyword = DOI DIEM 1000 | isdn = 84922000514 | subscriberType = 1 | shipTo =  | actionType = redeem | productId = 274 | commandId = 309 | request = ID=184003: com.comverse_in.prepaid.ccws.ServiceSoapStub.modifySubscriber:84922000514:PROMOTION_60{3800.0;15/12/2013 23:59:59}, | response =  | status = 4 | cause = error | description = 
10/09 14:36:21:552 Close pool
10/09 14:36:21:653 Close queue connection pool.
10/09 14:36:21:661 End of process session
10/09 14:36:21:662 CCWS stopped
10/09 14:41:40:645 CCWS started
10/09 14:41:40:665 Close pool
10/09 14:41:40:665 Close pool
10/09 14:41:40:666 Testing connection ...
10/09 14:41:40:669 Created provisioning instance for CCWS
10/09 14:41:40:669 Testing connection are success
10/09 14:41:40:670 Starting process session
10/09 14:41:40:770 Total 0 instances are started
10/09 14:41:40:771 Total 1 instances are added
10/09 14:41:40:901 SEND: ID=184005: com.comverse_in.prepaid.ccws.ServiceSoapStub.modifySubscriber:84922000514:PROMOTION_60{3800.0;15/12/2013 23:59:59},
10/09 14:41:41:010 RECEIVE: ID=184005: success: costTime=107
10/09 14:41:41:087 java.sql.SQLException: ORA-00942: table or view does not exist

10/09 14:41:41:088 orderId = 125409542 | requestId = 0 | userId = system | channel = SMS | serviceAddress = 268 | keyword = DOI DIEM 1000 | isdn = 84922000514 | subscriberType = 1 | shipTo =  | actionType = redeem | productId = 274 | commandId = 309 | request = ID=184005: com.comverse_in.prepaid.ccws.ServiceSoapStub.modifySubscriber:84922000514:PROMOTION_60{3800.0;15/12/2013 23:59:59}, | response = ID=184005: success: costTime=107 | status = 4 | cause = resource-busy | description = success
10/09 14:41:41:198 SEND: ID=184006: com.comverse_in.prepaid.ccws.ServiceSoapStub.modifySubscriber:84922000514:PROMOTION_60{3600.0;15/12/2013 23:59:59},
10/09 14:41:41:293 RECEIVE: ID=184006: success: costTime=94
10/09 14:41:41:301 orderId = 125409542 | requestId = 0 | userId = system | channel = SMS | serviceAddress = 268 | keyword = DOI DIEM 1000 | isdn = 84922000514 | subscriberType = 1 | shipTo =  | actionType = rollback | productId = 274 | commandId = 376 | request = ID=184006: com.comverse_in.prepaid.ccws.ServiceSoapStub.modifySubscriber:84922000514:PROMOTION_60{3600.0;15/12/2013 23:59:59}, | response = ID=184006: success: costTime=94 | status = 4 | cause = error | description = success
10/09 14:41:45:682 Close pool
10/09 14:41:45:783 Close queue connection pool.
10/09 14:41:45:791 End of process session
10/09 14:41:45:792 CCWS stopped
10/09 14:44:09:012 CCWS started
10/09 14:44:09:029 Close pool
10/09 14:44:09:030 Close pool
10/09 14:44:09:030 Testing connection ...
10/09 14:44:09:035 Created provisioning instance for CCWS
10/09 14:44:09:036 Testing connection are success
10/09 14:44:09:036 Starting process session
10/09 14:44:09:137 Total 0 instances are started
10/09 14:44:09:138 Total 1 instances are added
10/09 14:44:09:265 SEND: ID=184008: com.comverse_in.prepaid.ccws.ServiceSoapStub.modifySubscriber:84922000514:PROMOTION_60{3700.0;16/12/2013 23:59:59},
10/09 14:44:09:342 RECEIVE: ID=184008: success: costTime=76
10/09 14:44:09:381 sendNotify: 84922000514 - Quy khach da doi thanh cong 1000 diem thanh tien su dung dich vu. So tien tuong ung 1000 diem se duoc cong  vao tai khoan TKKM2, su dung goi va nhan tin lien mang, data.
10/09 14:44:09:383 orderId = 125409543 | requestId = 0 | userId = system | channel = SMS | serviceAddress = 268 | keyword = DOI DIEM 1000 | isdn = 84922000514 | subscriberType = 1 | shipTo =  | actionType = redeem | productId = 274 | commandId = 309 | request = ID=184008: com.comverse_in.prepaid.ccws.ServiceSoapStub.modifySubscriber:84922000514:PROMOTION_60{3700.0;16/12/2013 23:59:59}, | response = ID=184008: success: costTime=76 | status = 0 | cause = success | description = success
10/09 14:44:12:039 Close pool
10/09 14:44:12:140 Close queue connection pool.
10/09 14:44:12:147 End of process session
10/09 14:44:12:148 CCWS stopped
10/09 14:45:38:091 CCWS started
10/09 14:45:38:112 Close pool
10/09 14:45:38:112 Close pool
10/09 14:45:38:113 Testing connection ...
10/09 14:45:38:116 Created provisioning instance for CCWS
10/09 14:45:38:117 Testing connection are success
10/09 14:45:38:118 Starting process session
10/09 14:45:38:220 Total 0 instances are started
10/09 14:45:38:221 Total 1 instances are added
10/09 14:45:38:344 SEND: ID=184010: com.comverse_in.prepaid.ccws.ServiceSoapStub.modifySubscriber:84922000514:PROMOTION_60{3800.0;17/12/2013 23:59:59},
10/09 14:45:38:417 RECEIVE: ID=184010: success: costTime=72
10/09 14:45:38:441 java.sql.SQLException: ORA-00942: table or view does not exist

10/09 14:45:38:442 orderId = 125409544 | requestId = 0 | userId = system | channel = SMS | serviceAddress = 268 | keyword = DOI DIEM 1000 | isdn = 84922000514 | subscriberType = 1 | shipTo =  | actionType = redeem | productId = 274 | commandId = 309 | request = ID=184010: com.comverse_in.prepaid.ccws.ServiceSoapStub.modifySubscriber:84922000514:PROMOTION_60{3800.0;17/12/2013 23:59:59}, | response = ID=184010: success: costTime=72 | status = 4 | cause = resource-busy | description = success
10/09 14:45:38:550 SEND: ID=184011: com.comverse_in.prepaid.ccws.ServiceSoapStub.modifySubscriber:84922000514:PROMOTION_60{3600.0;17/12/2013 23:59:59},
10/09 14:45:38:609 RECEIVE: ID=184011: success: costTime=58
10/09 14:45:38:654 orderId = 125409544 | requestId = 0 | userId = system | channel = SMS | serviceAddress = 268 | keyword = DOI DIEM 1000 | isdn = 84922000514 | subscriberType = 1 | shipTo =  | actionType = rollback | productId = 274 | commandId = 376 | request = ID=184011: com.comverse_in.prepaid.ccws.ServiceSoapStub.modifySubscriber:84922000514:PROMOTION_60{3600.0;17/12/2013 23:59:59}, | response = ID=184011: success: costTime=58 | status = 4 | cause = error | description = success
10/09 14:45:41:121 Close pool
10/09 14:45:41:222 Close queue connection pool.
10/09 14:45:41:227 End of process session
10/09 14:45:41:228 CCWS stopped
10/09 14:49:57:289 CCWS started
10/09 14:49:57:311 Close pool
10/09 14:49:57:312 Close pool
10/09 14:49:57:312 Testing connection ...
10/09 14:49:57:315 Created provisioning instance for CCWS
10/09 14:49:57:316 Testing connection are success
10/09 14:49:57:316 Starting process session
10/09 14:49:57:417 Total 0 instances are started
10/09 14:49:57:419 Total 1 instances are added
10/09 14:50:40:359 Close pool
10/09 14:50:40:460 Close queue connection pool.
10/09 14:50:40:468 End of process session
10/09 14:50:40:469 CCWS stopped
10/09 14:52:38:554 CCWS started
10/09 14:52:38:577 Close pool
10/09 14:52:38:578 Close pool
10/09 14:52:38:579 Testing connection ...
10/09 14:52:38:582 Created provisioning instance for CCWS
10/09 14:52:38:582 Testing connection are success
10/09 14:52:38:582 Starting process session
10/09 14:52:38:696 Total 0 instances are started
10/09 14:52:38:702 Total 1 instances are added
10/09 14:53:23:603 Close pool
10/09 14:53:23:704 Close queue connection pool.
10/09 14:53:23:710 End of process session
10/09 14:53:23:712 CCWS stopped
10/09 14:54:31:688 CCWS started
10/09 14:54:31:711 Close pool
10/09 14:54:31:712 Close pool
10/09 14:54:31:712 Testing connection ...
10/09 14:54:31:715 Created provisioning instance for CCWS
10/09 14:54:31:716 Testing connection are success
10/09 14:54:31:716 Starting process session
10/09 14:54:31:816 Total 0 instances are started
10/09 14:54:31:818 Total 1 instances are added
10/09 14:54:31:946 SEND: ID=184013: com.comverse_in.prepaid.ccws.ServiceSoapStub.modifySubscriber:84922000514:PROMOTION_60{3700.0;18/12/2013 23:59:59},
10/09 14:54:32:028 RECEIVE: ID=184013: success: costTime=81
10/09 14:54:32:061 java.sql.SQLException: ORA-00942: table or view does not exist

10/09 14:54:32:062 orderId = 125409547 | requestId = 0 | userId = system | channel = SMS | serviceAddress = 268 | keyword = DOI DIEM 1000 | isdn = 84922000514 | subscriberType = 1 | shipTo =  | actionType = redeem | productId = 274 | commandId = 309 | request = ID=184013: com.comverse_in.prepaid.ccws.ServiceSoapStub.modifySubscriber:84922000514:PROMOTION_60{3700.0;18/12/2013 23:59:59}, | response = ID=184013: success: costTime=81 | status = 4 | cause = resource-busy | description = success
10/09 14:54:32:171 SEND: ID=184014: com.comverse_in.prepaid.ccws.ServiceSoapStub.modifySubscriber:84922000514:PROMOTION_60{3500.0;18/12/2013 23:59:59},
10/09 14:54:32:230 RECEIVE: ID=184014: success: costTime=56
10/09 14:54:32:244 orderId = 125409547 | requestId = 0 | userId = system | channel = SMS | serviceAddress = 268 | keyword = DOI DIEM 1000 | isdn = 84922000514 | subscriberType = 1 | shipTo =  | actionType = rollback | productId = 274 | commandId = 376 | request = ID=184014: com.comverse_in.prepaid.ccws.ServiceSoapStub.modifySubscriber:84922000514:PROMOTION_60{3500.0;18/12/2013 23:59:59}, | response = ID=184014: success: costTime=56 | status = 4 | cause = error | description = success
10/09 14:54:36:725 Close pool
10/09 14:54:36:826 Close queue connection pool.
10/09 14:54:36:833 End of process session
10/09 14:54:36:834 CCWS stopped
10/09 14:58:47:752 CCWS started
10/09 14:58:47:770 Close pool
10/09 14:58:47:771 Close pool
10/09 14:58:47:771 Testing connection ...
10/09 14:58:47:776 Created provisioning instance for CCWS
10/09 14:58:47:777 Testing connection are success
10/09 14:58:47:777 Starting process session
10/09 14:58:47:878 Total 0 instances are started
10/09 14:58:47:880 Total 1 instances are added
10/09 14:58:56:422 SEND: ID=184016: com.comverse_in.prepaid.ccws.ServiceSoapStub.modifySubscriber:84922000514:PROMOTION_60{3600.0;19/12/2013 23:59:59},
10/09 14:58:56:512 RECEIVE: ID=184016: success: costTime=89
10/09 14:58:56:547 sendNotify: 84922000514 - Quy khach da doi thanh cong 1000 diem thanh tien su dung dich vu. So tien tuong ung 1000 diem se duoc cong  vao tai khoan TKKM2, su dung goi va nhan tin lien mang, data.
10/09 14:58:56:548 orderId = 125409548 | requestId = 0 | userId = system | channel = SMS | serviceAddress = 268 | keyword = DOI DIEM 1000 | isdn = 84922000514 | subscriberType = 1 | shipTo =  | actionType = redeem | productId = 274 | commandId = 309 | request = ID=184016: com.comverse_in.prepaid.ccws.ServiceSoapStub.modifySubscriber:84922000514:PROMOTION_60{3600.0;19/12/2013 23:59:59}, | response = ID=184016: success: costTime=89 | status = 0 | cause = success | description = success
10/09 14:59:53:879 Close pool
10/09 14:59:53:980 Close queue connection pool.
10/09 14:59:53:984 End of process session
10/09 14:59:53:985 CCWS stopped
10/09 15:00:42:949 CCWS started
10/09 15:00:42:969 Close pool
10/09 15:00:42:970 Close pool
10/09 15:00:42:970 Testing connection ...
10/09 15:00:42:973 Created provisioning instance for CCWS
10/09 15:00:42:974 Testing connection are success
10/09 15:00:42:974 Starting process session
10/09 15:00:43:075 Total 0 instances are started
10/09 15:00:43:076 Total 1 instances are added
10/09 15:00:43:197 SEND: ID=184018: com.comverse_in.prepaid.ccws.ServiceSoapStub.modifySubscriber:84922000514:PROMOTION_60{3700.0;20/12/2013 23:59:59},
10/09 15:00:43:327 RECEIVE: ID=184018: success: costTime=128
10/09 15:00:43:349 sendNotify: 84922000514 - Quy khach da doi thanh cong 1000 diem thanh tien su dung dich vu. So tien tuong ung 1000 diem se duoc cong  vao tai khoan TKKM2, su dung goi va nhan tin lien mang, data.
10/09 15:00:43:349 orderId = 125409549 | requestId = 0 | userId = system | channel = SMS | serviceAddress = 268 | keyword = DOI DIEM 1000 | isdn = 84922000514 | subscriberType = 1 | shipTo =  | actionType = redeem | productId = 274 | commandId = 309 | request = ID=184018: com.comverse_in.prepaid.ccws.ServiceSoapStub.modifySubscriber:84922000514:PROMOTION_60{3700.0;20/12/2013 23:59:59}, | response = ID=184018: success: costTime=128 | status = 0 | cause = success | description = success
10/09 15:00:58:002 Close pool
10/09 15:00:58:103 Close queue connection pool.
10/09 15:00:58:117 End of process session
10/09 15:00:58:118 CCWS stopped
10/09 15:00:59:979 CCWS started
10/09 15:01:00:005 Close pool
10/09 15:01:00:006 Close pool
10/09 15:01:00:006 Testing connection ...
10/09 15:01:00:011 Created provisioning instance for CCWS
10/09 15:01:00:012 Testing connection are success
10/09 15:01:00:012 Starting process session
10/09 15:01:00:113 Total 0 instances are started
10/09 15:01:00:114 Total 1 instances are added
10/09 15:01:15:027 Close pool
10/09 15:01:15:128 Close queue connection pool.
10/09 15:01:15:136 End of process session
10/09 15:01:15:137 CCWS stopped
10/09 15:01:51:036 CCWS started
10/09 15:01:51:060 Close pool
10/09 15:01:51:061 Close pool
10/09 15:01:51:061 Testing connection ...
10/09 15:01:51:064 Created provisioning instance for CCWS
10/09 15:01:51:065 Testing connection are success
10/09 15:01:51:065 Starting process session
10/09 15:01:51:165 Total 0 instances are started
10/09 15:01:51:166 Total 1 instances are added
10/09 15:01:51:291 SEND: ID=184020: com.comverse_in.prepaid.ccws.ServiceSoapStub.modifySubscriber:84922000514:PROMOTION_60{3800.0;21/12/2013 23:59:59},
10/09 15:01:51:330 sendNotify: 84922000514 - Tin nhan cua ban sai cu phap. Vui long kiem tra lai.
10/09 15:01:51:331 orderId = 125409550 | requestId = 0 | userId = system | channel = SMS | serviceAddress = 268 | keyword = DOI DIEM 1000 | isdn = 84922000514 | subscriberType = 1 | shipTo =  | actionType = redeem | productId = 274 | commandId = 309 | request = ID=184020: com.comverse_in.prepaid.ccws.ServiceSoapStub.modifySubscriber:84922000514:PROMOTION_60{3800.0;21/12/2013 23:59:59}, | response =  | status = 4 | cause = error | description = 
10/09 15:01:55:066 Close pool
10/09 15:01:55:167 Close queue connection pool.
10/09 15:01:55:174 End of process session
10/09 15:01:55:175 CCWS stopped
10/09 15:12:38:138 CCWS started
10/09 15:12:38:163 Close pool
10/09 15:12:38:163 Close pool
10/09 15:12:38:164 Testing connection ...
10/09 15:12:38:167 Created provisioning instance for CCWS
10/09 15:12:38:167 Testing connection are success
10/09 15:12:38:168 Starting process session
10/09 15:12:38:279 Total 0 instances are started
10/09 15:12:38:280 Total 1 instances are added
10/09 15:12:38:427 SEND: ID=184022: com.comverse_in.prepaid.ccws.ServiceSoapStub.modifySubscriber:84922000514:PROMOTION_60{3800.0;21/12/2013 23:59:59},
10/09 15:12:38:482 sendNotify: 84922000514 - Tin nhan cua ban sai cu phap. Vui long kiem tra lai.
10/09 15:12:38:483 orderId = 125409551 | requestId = 0 | userId = system | channel = SMS | serviceAddress = 268 | keyword = DOI DIEM 1000 | isdn = 84922000514 | subscriberType = 1 | shipTo =  | actionType = redeem | productId = 274 | commandId = 309 | request = ID=184022: com.comverse_in.prepaid.ccws.ServiceSoapStub.modifySubscriber:84922000514:PROMOTION_60{3800.0;21/12/2013 23:59:59}, | response =  | status = 4 | cause = error | description = 
10/09 15:12:42:181 Close pool
10/09 15:12:42:283 Close queue connection pool.
10/09 15:12:42:290 End of process session
10/09 15:12:42:291 CCWS stopped
10/09 15:14:05:215 CCWS started
10/09 15:14:05:232 Close pool
10/09 15:14:05:232 Close pool
10/09 15:14:05:232 Testing connection ...
10/09 15:14:05:235 Created provisioning instance for CCWS
10/09 15:14:05:236 Testing connection are success
10/09 15:14:05:236 Starting process session
10/09 15:14:05:337 Total 0 instances are started
10/09 15:14:05:338 Total 1 instances are added
10/09 15:14:05:464 SEND: ID=184024: com.comverse_in.prepaid.ccws.ServiceSoapStub.modifySubscriber:84922000514:PROMOTION_60{3800.0;21/12/2013 23:59:59},
10/09 15:14:05:568 RECEIVE: ID=184024: success: costTime=103
10/09 15:14:05:606 java.sql.SQLException: ORA-00942: table or view does not exist

10/09 15:14:05:607 orderId = 125409552 | requestId = 0 | userId = system | channel = SMS | serviceAddress = 268 | keyword = DOI DIEM 1000 | isdn = 84922000514 | subscriberType = 1 | shipTo =  | actionType = redeem | productId = 274 | commandId = 309 | request = ID=184024: com.comverse_in.prepaid.ccws.ServiceSoapStub.modifySubscriber:84922000514:PROMOTION_60{3800.0;21/12/2013 23:59:59}, | response = ID=184024: success: costTime=103 | status = 4 | cause = resource-busy | description = success
10/09 15:14:05:712 SEND: ID=184025: com.comverse_in.prepaid.ccws.ServiceSoapStub.modifySubscriber:84922000514:PROMOTION_60{3600.0;21/12/2013 23:59:59},
10/09 15:14:05:921 RECEIVE: ID=184025: success: costTime=207
10/09 15:14:05:926 orderId = 125409552 | requestId = 0 | userId = system | channel = SMS | serviceAddress = 268 | keyword = DOI DIEM 1000 | isdn = 84922000514 | subscriberType = 1 | shipTo =  | actionType = rollback | productId = 274 | commandId = 376 | request = ID=184025: com.comverse_in.prepaid.ccws.ServiceSoapStub.modifySubscriber:84922000514:PROMOTION_60{3600.0;21/12/2013 23:59:59}, | response = ID=184025: success: costTime=207 | status = 4 | cause = error | description = success
10/09 15:14:09:220 Close pool
10/09 15:14:09:321 Close queue connection pool.
10/09 15:14:09:327 End of process session
10/09 15:14:09:328 CCWS stopped
10/09 15:17:08:310 CCWS started
10/09 15:17:08:336 Close pool
10/09 15:17:08:337 Close pool
10/09 15:17:08:337 Testing connection ...
10/09 15:17:08:340 Created provisioning instance for CCWS
10/09 15:17:08:341 Testing connection are success
10/09 15:17:08:341 Starting process session
10/09 15:17:08:441 Total 0 instances are started
10/09 15:17:08:442 Total 1 instances are added
10/09 15:17:08:569 SEND: ID=184027: com.comverse_in.prepaid.ccws.ServiceSoapStub.modifySubscriber:84922000514:PROMOTION_60{3700.0;22/12/2013 23:59:59},
10/09 15:17:08:668 RECEIVE: ID=184027: success: costTime=98
10/09 15:17:08:703 java.sql.SQLException: ORA-00942: table or view does not exist

10/09 15:17:08:704 orderId = 125409553 | requestId = 0 | userId = system | channel = SMS | serviceAddress = 268 | keyword = DOI DIEM 1000 | isdn = 84922000514 | subscriberType = 1 | shipTo =  | actionType = redeem | productId = 274 | commandId = 309 | request = ID=184027: com.comverse_in.prepaid.ccws.ServiceSoapStub.modifySubscriber:84922000514:PROMOTION_60{3700.0;22/12/2013 23:59:59}, | response = ID=184027: success: costTime=98 | status = 4 | cause = resource-busy | description = success
10/09 15:17:08:813 SEND: ID=184028: com.comverse_in.prepaid.ccws.ServiceSoapStub.modifySubscriber:84922000514:PROMOTION_60{3500.0;22/12/2013 23:59:59},
10/09 15:17:08:869 RECEIVE: ID=184028: success: costTime=54
10/09 15:17:08:876 orderId = 125409553 | requestId = 0 | userId = system | channel = SMS | serviceAddress = 268 | keyword = DOI DIEM 1000 | isdn = 84922000514 | subscriberType = 1 | shipTo =  | actionType = rollback | productId = 274 | commandId = 376 | request = ID=184028: com.comverse_in.prepaid.ccws.ServiceSoapStub.modifySubscriber:84922000514:PROMOTION_60{3500.0;22/12/2013 23:59:59}, | response = ID=184028: success: costTime=54 | status = 4 | cause = error | description = success
10/09 15:17:12:354 Close pool
10/09 15:17:12:455 Close queue connection pool.
10/09 15:17:12:463 End of process session
10/09 15:17:12:464 CCWS stopped
10/09 15:19:41:655 CCWS started
10/09 15:19:43:994 Testing connection ...
10/09 15:19:46:389 Created provisioning instance for CCWS
10/09 15:19:46:390 Testing connection are success
10/09 15:19:46:390 Starting process session
10/09 15:19:46:491 Total 0 instances are started
10/09 15:19:46:491 Total 1 instances are added
10/09 15:20:36:585 Close pool
10/09 15:20:36:691 Close queue connection pool.
10/09 15:20:36:697 End of process session
10/09 15:20:36:698 CCWS stopped
10/09 15:21:58:599 CCWS started
10/09 15:21:58:623 Close pool
10/09 15:21:58:624 Close pool
10/09 15:21:58:624 Testing connection ...
10/09 15:21:58:627 Created provisioning instance for CCWS
10/09 15:21:58:628 Testing connection are success
10/09 15:21:58:628 Starting process session
10/09 15:21:58:729 Total 0 instances are started
10/09 15:21:58:731 Total 1 instances are added
10/09 15:21:58:861 SEND: ID=185002: com.comverse_in.prepaid.ccws.ServiceSoapStub.modifySubscriber:84922000514:PROMOTION_60{3600.0;23/12/2013 23:59:59},
10/09 15:21:58:954 RECEIVE: ID=185002: success: costTime=92
10/09 15:21:58:955 orderId = 125409554 | requestId = 0 | userId = system | channel = SMS | serviceAddress = 268 | keyword = DOI DIEM 1000 | isdn = 84922000514 | subscriberType = 1 | shipTo =  | actionType = redeem | productId = 274 | commandId = 309 | request = ID=185002: com.comverse_in.prepaid.ccws.ServiceSoapStub.modifySubscriber:84922000514:PROMOTION_60{3600.0;23/12/2013 23:59:59}, | response = ID=185002: success: costTime=92 | status = 1 | cause = success | description = success
10/09 15:21:59:170 SEND: ID=185003: com.comverse_in.prepaid.ccws.ServiceSoapStub.modifySubscriber:84922000514:PROMOTION_60{3600.0;23/12/2013 23:59:59},
10/09 15:21:59:226 RECEIVE: ID=185003: success: costTime=55
10/09 15:21:59:237 orderId = 125409554 | requestId = 0 | userId = system | channel = SMS | serviceAddress = 268 | keyword = DOI DIEM 1000 | isdn = 84922000514 | subscriberType = 1 | shipTo =  | actionType = rollback | productId = 274 | commandId = 376 | request = ID=185003: com.comverse_in.prepaid.ccws.ServiceSoapStub.modifySubscriber:84922000514:PROMOTION_60{3600.0;23/12/2013 23:59:59}, | response = ID=185003: success: costTime=55 | status = 4 | cause = error | description = success
10/09 15:22:01:636 Close pool
10/09 15:22:01:737 Close queue connection pool.
10/09 15:22:01:745 End of process session
10/09 15:22:01:746 CCWS stopped
10/09 15:25:28:368 CCWS started
10/09 15:25:32:941 Testing connection ...
10/09 15:25:33:909 Created provisioning instance for CCWS
10/09 15:25:33:910 Testing connection are success
10/09 15:25:33:913 Starting process session
10/09 15:25:34:014 Total 0 instances are started
10/09 15:25:34:014 Total 1 instances are added
10/09 15:25:49:222 Close pool
10/09 15:25:49:323 Close queue connection pool.
10/09 15:25:49:332 End of process session
10/09 15:25:49:333 CCWS stopped
10/09 15:26:41:273 CCWS started
10/09 15:26:41:292 Close pool
10/09 15:26:41:293 Close pool
10/09 15:26:41:294 Testing connection ...
10/09 15:26:41:301 Created provisioning instance for CCWS
10/09 15:26:41:301 Testing connection are success
10/09 15:26:41:302 Starting process session
10/09 15:26:41:402 Total 0 instances are started
10/09 15:26:41:404 Total 1 instances are added
10/09 15:26:48:314 Close pool
10/09 15:26:48:415 Close queue connection pool.
10/09 15:26:48:425 End of process session
10/09 15:26:48:427 CCWS stopped
10/09 15:27:31:353 CCWS started
10/09 15:27:31:371 Close pool
10/09 15:27:31:372 Close pool
10/09 15:27:31:372 Testing connection ...
10/09 15:27:31:380 Created provisioning instance for CCWS
10/09 15:27:31:381 Testing connection are success
10/09 15:27:31:381 Starting process session
10/09 15:27:31:481 Total 0 instances are started
10/09 15:27:31:482 Total 1 instances are added
10/09 15:27:31:622 SEND: ID=186002: com.comverse_in.prepaid.ccws.ServiceSoapStub.modifySubscriber:84922000514:PROMOTION_60{3700.0;24/12/2013 23:59:59},
10/09 15:27:31:722 RECEIVE: ID=186002: success: costTime=99
10/09 15:27:31:723 orderId = 125409556 | requestId = 0 | userId = system | channel = SMS | serviceAddress = 268 | keyword = DOI DIEM 1000 | isdn = 84922000514 | subscriberType = 1 | shipTo =  | actionType = redeem | productId = 274 | commandId = 309 | request = ID=186002: com.comverse_in.prepaid.ccws.ServiceSoapStub.modifySubscriber:84922000514:PROMOTION_60{3700.0;24/12/2013 23:59:59}, | response = ID=186002: success: costTime=99 | status = 1 | cause = success | description = success
10/09 15:27:35:386 Close pool
10/09 15:27:35:487 Close queue connection pool.
10/09 15:27:35:506 End of process session
10/09 15:27:35:514 CCWS stopped
10/09 15:28:28:385 CCWS started
10/09 15:28:28:407 Close pool
10/09 15:28:28:408 Close pool
10/09 15:28:28:408 Testing connection ...
10/09 15:28:28:416 Created provisioning instance for CCWS
10/09 15:28:28:416 Testing connection are success
10/09 15:28:28:417 Starting process session
10/09 15:28:28:517 Total 0 instances are started
10/09 15:28:28:519 Total 1 instances are added
10/09 15:28:33:448 Close pool
10/09 15:28:33:549 Close queue connection pool.
10/09 15:28:33:567 End of process session
10/09 15:28:33:567 CCWS stopped
10/09 15:29:54:438 CCWS started
10/09 15:29:54:459 Close pool
10/09 15:29:54:460 Close pool
10/09 15:29:54:460 Testing connection ...
10/09 15:29:54:468 Created provisioning instance for CCWS
10/09 15:29:54:468 Testing connection are success
10/09 15:29:54:469 Starting process session
10/09 15:29:54:570 Total 0 instances are started
10/09 15:29:54:571 Total 1 instances are added
10/09 15:29:54:715 SEND: ID=186004: com.comverse_in.prepaid.ccws.ServiceSoapStub.modifySubscriber:84922000514:PROMOTION_60{3800.0;25/12/2013 23:59:59},
10/09 15:29:54:809 RECEIVE: ID=186004: success: costTime=93
10/09 15:29:54:811 orderId = 125409557 | requestId = 0 | userId = system | channel = SMS | serviceAddress = 268 | keyword = DOI DIEM 1000 | isdn = 84922000514 | subscriberType = 1 | shipTo =  | actionType = redeem | productId = 274 | commandId = 309 | request = ID=186004: com.comverse_in.prepaid.ccws.ServiceSoapStub.modifySubscriber:84922000514:PROMOTION_60{3800.0;25/12/2013 23:59:59}, | response = ID=186004: success: costTime=93 | status = 1 | cause = success | description = success
10/09 15:29:59:472 Close pool
10/09 15:29:59:573 Close queue connection pool.
10/09 15:29:59:582 End of process session
10/09 15:29:59:583 CCWS stopped
10/09 15:31:58:932 java.lang.IllegalStateException: Pool not open
10/09 15:31:58:933 orderId = 125409556 | requestId = 0 | userId = system | channel = SMS | serviceAddress = 268 | keyword = DOI DIEM 1000 | isdn = 84922000514 | subscriberType = 1 | shipTo =  | actionType = rollback | productId = 274 | commandId = 376 | request =  | response =  | status = 4 | cause = error | description = 
10/09 15:31:58:953 java.lang.IllegalStateException: Pool not open
10/09 15:33:16:567 CCWS started
10/09 15:33:16:589 Close pool
10/09 15:33:16:589 Close pool
10/09 15:33:16:590 Testing connection ...
10/09 15:33:16:595 Created provisioning instance for CCWS
10/09 15:33:16:596 Testing connection are success
10/09 15:33:16:596 Starting process session
10/09 15:33:16:697 Total 0 instances are started
10/09 15:33:16:698 Total 1 instances are added
10/09 15:33:16:838 SEND: ID=186006: com.comverse_in.prepaid.ccws.ServiceSoapStub.modifySubscriber:84922000514:PROMOTION_60{3900.0;26/12/2013 23:59:59},
10/09 15:33:16:921 RECEIVE: ID=186006: success: costTime=81
10/09 15:33:16:922 orderId = 125409558 | requestId = 0 | userId = system | channel = SMS | serviceAddress = 268 | keyword = DOI DIEM 1000 | isdn = 84922000514 | subscriberType = 1 | shipTo =  | actionType = redeem | productId = 274 | commandId = 309 | request = ID=186006: com.comverse_in.prepaid.ccws.ServiceSoapStub.modifySubscriber:84922000514:PROMOTION_60{3900.0;26/12/2013 23:59:59}, | response = ID=186006: success: costTime=81 | status = 1 | cause = success | description = success
10/09 15:37:15:709 Created provisioning instance for CCWS
10/09 15:37:15:710 SEND: ID=186007: com.comverse_in.prepaid.ccws.ServiceSoapStub.modifySubscriber:84922000514:PROMOTION_60{3800.0;25/12/2013 23:59:59},
10/09 15:37:15:774 RECEIVE: ID=186007: success: costTime=62
10/09 15:37:15:792 orderId = 125409557 | requestId = 0 | userId = system | channel = SMS | serviceAddress = 268 | keyword = DOI DIEM 1000 | isdn = 84922000514 | subscriberType = 1 | shipTo =  | actionType = rollback | productId = 274 | commandId = 376 | request = ID=186007: com.comverse_in.prepaid.ccws.ServiceSoapStub.modifySubscriber:84922000514:PROMOTION_60{3800.0;25/12/2013 23:59:59}, | response = ID=186007: success: costTime=62 | status = 4 | cause = error | description = success
10/09 15:37:15:985 SEND: ID=186008: com.comverse_in.prepaid.ccws.ServiceSoapStub.modifySubscriber:84922000514:PROMOTION_60{3900.0;26/12/2013 23:59:59},
10/09 15:37:16:054 RECEIVE: ID=186008: success: costTime=68
10/09 15:37:16:060 orderId = 125409558 | requestId = 0 | userId = system | channel = SMS | serviceAddress = 268 | keyword = DOI DIEM 1000 | isdn = 84922000514 | subscriberType = 1 | shipTo =  | actionType = rollback | productId = 274 | commandId = 376 | request = ID=186008: com.comverse_in.prepaid.ccws.ServiceSoapStub.modifySubscriber:84922000514:PROMOTION_60{3900.0;26/12/2013 23:59:59}, | response = ID=186008: success: costTime=68 | status = 4 | cause = error | description = success
10/09 15:38:08:367 CCWS started
10/09 15:38:12:522 Testing connection ...
10/09 15:38:13:291 Created provisioning instance for CCWS
10/09 15:38:13:293 Testing connection are success
10/09 15:38:13:298 Starting process session
10/09 15:38:13:398 Total 0 instances are started
10/09 15:38:13:399 Total 1 instances are added
10/09 15:38:54:057 Close pool
10/09 15:38:54:158 Close queue connection pool.
10/09 15:38:54:165 End of process session
10/09 15:38:54:166 CCWS stopped
10/09 15:39:23:102 CCWS started
10/09 15:39:23:126 Close pool
10/09 15:39:23:127 Close pool
10/09 15:39:23:127 Testing connection ...
10/09 15:39:23:131 Created provisioning instance for CCWS
10/09 15:39:23:132 Testing connection are success
10/09 15:39:23:132 Starting process session
10/09 15:39:23:233 Total 0 instances are started
10/09 15:39:23:234 Total 1 instances are added
10/09 15:39:23:372 SEND: ID=187002: com.comverse_in.prepaid.ccws.ServiceSoapStub.modifySubscriber:84922000514:PROMOTION_60{4000.0;27/12/2013 23:59:59},
10/09 15:39:23:450 RECEIVE: ID=187002: success: costTime=77
10/09 15:39:23:451 orderId = 125409559 | requestId = 0 | userId = system | channel = SMS | serviceAddress = 268 | keyword = DOI DIEM 1000 | isdn = 84922000514 | subscriberType = 1 | shipTo =  | actionType = redeem | productId = 274 | commandId = 309 | request = ID=187002: com.comverse_in.prepaid.ccws.ServiceSoapStub.modifySubscriber:84922000514:PROMOTION_60{4000.0;27/12/2013 23:59:59}, | response = ID=187002: success: costTime=77 | status = 1 | cause = success | description = success
10/09 15:39:23:666 SEND: ID=187003: com.comverse_in.prepaid.ccws.ServiceSoapStub.modifySubscriber:84922000514:PROMOTION_60{4000.0;27/12/2013 23:59:59},
10/09 15:39:23:737 RECEIVE: ID=187003: success: costTime=60
10/09 15:39:23:748 orderId = 125409559 | requestId = 0 | userId = system | channel = SMS | serviceAddress = 268 | keyword = DOI DIEM 1000 | isdn = 84922000514 | subscriberType = 1 | shipTo =  | actionType = rollback | productId = 274 | commandId = 376 | request = ID=187003: com.comverse_in.prepaid.ccws.ServiceSoapStub.modifySubscriber:84922000514:PROMOTION_60{4000.0;27/12/2013 23:59:59}, | response = ID=187003: success: costTime=60 | status = 4 | cause = error | description = success
10/09 15:39:28:137 Close pool
10/09 15:39:28:238 Close queue connection pool.
10/09 15:39:28:245 End of process session
10/09 15:39:28:246 CCWS stopped
10/09 15:42:06:565 CCWS started
10/09 15:42:10:807 Testing connection ...
10/09 15:42:11:468 Created provisioning instance for CCWS
10/09 15:42:11:470 Testing connection are success
10/09 15:42:11:470 Starting process session
10/09 15:42:11:570 Total 0 instances are started
10/09 15:42:11:576 Total 1 instances are added
10/09 15:42:27:336 Close pool
10/09 15:42:27:437 Close queue connection pool.
10/09 15:42:27:444 End of process session
10/09 15:42:27:446 CCWS stopped
10/09 15:43:06:358 CCWS started
10/09 15:43:06:380 Close pool
10/09 15:43:06:380 Close pool
10/09 15:43:06:381 Testing connection ...
10/09 15:43:06:386 Created provisioning instance for CCWS
10/09 15:43:06:386 Testing connection are success
10/09 15:43:06:387 Starting process session
10/09 15:43:06:489 Total 0 instances are started
10/09 15:43:06:490 Total 1 instances are added
10/09 15:43:31:404 Close pool
10/09 15:43:31:505 Close queue connection pool.
10/09 15:43:31:512 End of process session
10/09 15:43:31:513 CCWS stopped
10/09 15:43:33:392 CCWS started
10/09 15:43:33:411 Close pool
10/09 15:43:33:411 Close pool
10/09 15:43:33:412 Testing connection ...
10/09 15:43:33:415 Created provisioning instance for CCWS
10/09 15:43:33:416 Testing connection are success
10/09 15:43:33:416 Starting process session
10/09 15:43:33:517 Total 0 instances are started
10/09 15:43:33:518 Total 1 instances are added
10/09 15:43:36:418 Close pool
10/09 15:43:36:521 Close queue connection pool.
10/09 15:43:36:543 End of process session
10/09 15:43:36:544 CCWS stopped
10/09 15:44:41:539 CCWS started
10/09 15:44:41:561 Close pool
10/09 15:44:41:561 Close pool
10/09 15:44:41:562 Testing connection ...
10/09 15:44:41:565 Created provisioning instance for CCWS
10/09 15:44:41:566 Testing connection are success
10/09 15:44:41:566 Starting process session
10/09 15:44:41:667 Total 0 instances are started
10/09 15:44:41:668 Total 1 instances are added
10/09 15:44:41:799 SEND: ID=188002: com.comverse_in.prepaid.ccws.ServiceSoapStub.modifySubscriber:84922000514:PROMOTION_60{4100.0;28/12/2013 23:59:59},
10/09 15:44:41:876 RECEIVE: ID=188002: success: costTime=75
10/09 15:44:41:877 orderId = 125409561 | requestId = 0 | userId = system | channel = SMS | serviceAddress = 268 | keyword = DOI DIEM 1000 | isdn = 84922000514 | subscriberType = 1 | shipTo =  | actionType = redeem | productId = 274 | commandId = 309 | request = ID=188002: com.comverse_in.prepaid.ccws.ServiceSoapStub.modifySubscriber:84922000514:PROMOTION_60{4100.0;28/12/2013 23:59:59}, | response = ID=188002: success: costTime=75 | status = 1 | cause = success | description = success
10/09 15:44:41:984 SEND: ID=188003: com.comverse_in.prepaid.ccws.ServiceSoapStub.modifySubscriber:84922000514:PROMOTION_60{4000.0;28/12/2013 23:59:59},
10/09 15:44:42:036 RECEIVE: ID=188003: success: costTime=51
10/09 15:44:42:041 orderId = 125409561 | requestId = 0 | userId = system | channel = SMS | serviceAddress = 268 | keyword = DOI DIEM 1000 | isdn = 84922000514 | subscriberType = 1 | shipTo =  | actionType = rollback | productId = 274 | commandId = 376 | request = ID=188003: com.comverse_in.prepaid.ccws.ServiceSoapStub.modifySubscriber:84922000514:PROMOTION_60{4000.0;28/12/2013 23:59:59}, | response = ID=188003: success: costTime=51 | status = 4 | cause = error | description = success
10/09 15:44:46:541 Close pool
10/09 15:44:46:642 Close queue connection pool.
10/09 15:44:46:647 End of process session
10/09 15:44:46:648 CCWS stopped
10/09 16:59:04:661 CCWS started
10/09 16:59:21:005 Testing connection ...
10/09 16:59:28:016 Created provisioning instance for CCWS
10/09 16:59:28:016 Testing connection are success
10/09 16:59:28:016 Starting process session
10/09 16:59:28:117 Total 0 instances are started
10/09 16:59:28:118 Total 1 instances are added
10/09 16:59:59:870 CCWS started
10/09 17:00:01:683 Testing connection ...
10/09 17:00:04:589 Created provisioning instance for CCWS
10/09 17:00:04:590 Testing connection are success
10/09 17:00:04:591 Starting process session
10/09 17:00:04:691 Total 0 instances are started
10/09 17:00:04:692 Total 1 instances are added
10/09 17:03:33:189 CCWS started
10/09 17:03:37:330 Testing connection ...
10/09 17:03:38:198 Created provisioning instance for CCWS
10/09 17:03:38:198 Testing connection are success
10/09 17:03:38:199 Starting process session
10/09 17:03:38:300 Total 0 instances are started
10/09 17:03:38:300 Total 1 instances are added
10/09 17:06:13:430 CCWS started
10/09 17:06:17:835 Testing connection ...
10/09 17:06:18:591 Created provisioning instance for CCWS
10/09 17:06:18:592 Testing connection are success
10/09 17:06:18:592 Starting process session
10/09 17:06:18:697 Total 0 instances are started
10/09 17:06:18:698 Total 1 instances are added
10/09 17:08:35:695 CCWS started
10/09 17:08:39:070 Testing connection ...
10/09 17:08:40:665 Created provisioning instance for CCWS
10/09 17:08:40:666 Testing connection are success
10/09 17:08:40:667 Starting process session
10/09 17:08:40:768 Total 0 instances are started
10/09 17:08:40:774 Total 1 instances are added
