03/09 08:29:34:375 CCWS started
03/09 08:29:38:994 java.lang.NoSuchMethodException: com.crm.provisioning.impl.loyalty.LoyaltyImpl.getBalanceQuery(com.crm.provisioning.thread.CommandInstance, com.crm.provisioning.cache.ProvisioningCommand, com.crm.provisioning.message.CommandMessage)
03/09 08:29:38:994 End of process session
03/09 08:31:19:057 java.lang.NoSuchMethodException: com.crm.provisioning.impl.loyalty.LoyaltyImpl.getBalanceQuery(com.crm.provisioning.thread.CommandInstance, com.crm.provisioning.cache.ProvisioningCommand, com.crm.provisioning.message.CommandMessage)
03/09 08:31:19:058 End of process session
03/09 08:32:05:531 CCWS started
03/09 08:32:08:533 java.lang.NoSuchMethodException: com.crm.provisioning.impl.loyalty.LoyaltyImpl.getBalanceQuery(com.crm.provisioning.thread.CommandInstance, com.crm.provisioning.cache.ProvisioningCommand, com.crm.provisioning.message.CommandMessage)
03/09 08:32:08:534 End of process session
03/09 08:33:15:083 CCWS started
03/09 08:33:19:615 java.lang.NoSuchMethodException: com.crm.provisioning.impl.loyalty.LoyaltyImpl.getBalanceQuery(com.crm.provisioning.thread.CommandInstance, com.crm.provisioning.cache.ProvisioningCommand, com.crm.provisioning.message.CommandMessage)
03/09 08:33:19:615 End of process session
03/09 08:34:59:705 java.lang.NoSuchMethodException: com.crm.provisioning.impl.loyalty.LoyaltyImpl.getBalanceQuery(com.crm.provisioning.thread.CommandInstance, com.crm.provisioning.cache.ProvisioningCommand, com.crm.provisioning.message.CommandMessage)
03/09 08:34:59:706 End of process session
03/09 08:36:39:766 java.lang.NoSuchMethodException: com.crm.provisioning.impl.loyalty.LoyaltyImpl.getBalanceQuery(com.crm.provisioning.thread.CommandInstance, com.crm.provisioning.cache.ProvisioningCommand, com.crm.provisioning.message.CommandMessage)
03/09 08:36:39:767 End of process session
03/09 08:36:52:280 CCWS started
03/09 08:36:56:631 java.lang.NoSuchMethodException: com.crm.provisioning.impl.loyalty.LoyaltyImpl.getBalanceQuery(com.crm.provisioning.thread.CommandInstance, com.crm.provisioning.cache.ProvisioningCommand, com.crm.provisioning.message.CommandMessage)
03/09 08:36:56:632 End of process session
03/09 08:38:36:671 java.lang.NoSuchMethodException: com.crm.provisioning.impl.loyalty.LoyaltyImpl.getBalanceQuery(com.crm.provisioning.thread.CommandInstance, com.crm.provisioning.cache.ProvisioningCommand, com.crm.provisioning.message.CommandMessage)
03/09 08:38:36:672 End of process session
03/09 08:42:37:090 CCWS started
03/09 08:42:40:765 java.lang.NoSuchMethodException: com.crm.provisioning.impl.loyalty.LoyaltyImpl.getBalanceQuery(com.crm.provisioning.thread.CommandInstance, com.crm.provisioning.cache.ProvisioningCommand, com.crm.provisioning.message.CommandMessage)
03/09 08:42:40:765 End of process session
03/09 08:43:53:271 CCWS started
03/09 08:43:57:135 java.lang.NoSuchMethodException: com.crm.provisioning.impl.loyalty.LoyaltyImpl.getBalanceQuery(com.crm.provisioning.thread.CommandInstance, com.crm.provisioning.cache.ProvisioningCommand, com.crm.provisioning.message.CommandMessage)
03/09 08:43:57:135 End of process session
03/09 08:45:37:169 java.lang.NoSuchMethodException: com.crm.provisioning.impl.loyalty.LoyaltyImpl.getBalanceQuery(com.crm.provisioning.thread.CommandInstance, com.crm.provisioning.cache.ProvisioningCommand, com.crm.provisioning.message.CommandMessage)
03/09 08:45:37:170 End of process session
03/09 08:47:59:756 CCWS started
03/09 08:48:01:838 java.lang.NoSuchMethodException: com.crm.provisioning.impl.loyalty.LoyaltyImpl.getBalanceQuery(com.crm.provisioning.thread.CommandInstance, com.crm.provisioning.cache.ProvisioningCommand, com.crm.provisioning.message.CommandMessage)
03/09 08:48:01:838 End of process session
03/09 08:49:41:922 java.lang.NoSuchMethodException: com.crm.provisioning.impl.loyalty.LoyaltyImpl.getBalanceQuery(com.crm.provisioning.thread.CommandInstance, com.crm.provisioning.cache.ProvisioningCommand, com.crm.provisioning.message.CommandMessage)
03/09 08:49:41:923 End of process session
03/09 08:51:21:962 java.lang.NoSuchMethodException: com.crm.provisioning.impl.loyalty.LoyaltyImpl.getBalanceQuery(com.crm.provisioning.thread.CommandInstance, com.crm.provisioning.cache.ProvisioningCommand, com.crm.provisioning.message.CommandMessage)
03/09 08:51:21:963 End of process session
03/09 08:53:01:997 java.lang.NoSuchMethodException: com.crm.provisioning.impl.loyalty.LoyaltyImpl.getBalanceQuery(com.crm.provisioning.thread.CommandInstance, com.crm.provisioning.cache.ProvisioningCommand, com.crm.provisioning.message.CommandMessage)
03/09 08:53:01:998 End of process session
03/09 08:54:42:035 java.lang.NoSuchMethodException: com.crm.provisioning.impl.loyalty.LoyaltyImpl.getBalanceQuery(com.crm.provisioning.thread.CommandInstance, com.crm.provisioning.cache.ProvisioningCommand, com.crm.provisioning.message.CommandMessage)
03/09 08:54:42:036 End of process session
03/09 08:56:22:069 java.lang.NoSuchMethodException: com.crm.provisioning.impl.loyalty.LoyaltyImpl.getBalanceQuery(com.crm.provisioning.thread.CommandInstance, com.crm.provisioning.cache.ProvisioningCommand, com.crm.provisioning.message.CommandMessage)
03/09 08:56:22:070 End of process session
03/09 08:58:02:098 java.lang.NoSuchMethodException: com.crm.provisioning.impl.loyalty.LoyaltyImpl.getBalanceQuery(com.crm.provisioning.thread.CommandInstance, com.crm.provisioning.cache.ProvisioningCommand, com.crm.provisioning.message.CommandMessage)
03/09 08:58:02:099 End of process session
03/09 08:59:42:153 java.lang.NoSuchMethodException: com.crm.provisioning.impl.loyalty.LoyaltyImpl.getBalanceQuery(com.crm.provisioning.thread.CommandInstance, com.crm.provisioning.cache.ProvisioningCommand, com.crm.provisioning.message.CommandMessage)
03/09 08:59:42:154 End of process session
03/09 09:01:22:203 java.lang.NoSuchMethodException: com.crm.provisioning.impl.loyalty.LoyaltyImpl.getBalanceQuery(com.crm.provisioning.thread.CommandInstance, com.crm.provisioning.cache.ProvisioningCommand, com.crm.provisioning.message.CommandMessage)
03/09 09:01:22:204 End of process session
03/09 09:03:02:238 java.lang.NoSuchMethodException: com.crm.provisioning.impl.loyalty.LoyaltyImpl.getBalanceQuery(com.crm.provisioning.thread.CommandInstance, com.crm.provisioning.cache.ProvisioningCommand, com.crm.provisioning.message.CommandMessage)
03/09 09:03:02:239 End of process session
03/09 09:04:42:335 java.lang.NoSuchMethodException: com.crm.provisioning.impl.loyalty.LoyaltyImpl.getBalanceQuery(com.crm.provisioning.thread.CommandInstance, com.crm.provisioning.cache.ProvisioningCommand, com.crm.provisioning.message.CommandMessage)
03/09 09:04:42:336 End of process session
03/09 09:06:22:370 java.lang.NoSuchMethodException: com.crm.provisioning.impl.loyalty.LoyaltyImpl.getBalanceQuery(com.crm.provisioning.thread.CommandInstance, com.crm.provisioning.cache.ProvisioningCommand, com.crm.provisioning.message.CommandMessage)
03/09 09:06:22:371 End of process session
03/09 09:08:02:403 java.lang.NoSuchMethodException: com.crm.provisioning.impl.loyalty.LoyaltyImpl.getBalanceQuery(com.crm.provisioning.thread.CommandInstance, com.crm.provisioning.cache.ProvisioningCommand, com.crm.provisioning.message.CommandMessage)
03/09 09:08:02:404 End of process session
03/09 09:09:42:432 java.lang.NoSuchMethodException: com.crm.provisioning.impl.loyalty.LoyaltyImpl.getBalanceQuery(com.crm.provisioning.thread.CommandInstance, com.crm.provisioning.cache.ProvisioningCommand, com.crm.provisioning.message.CommandMessage)
03/09 09:09:42:433 End of process session
03/09 09:11:22:472 java.lang.NoSuchMethodException: com.crm.provisioning.impl.loyalty.LoyaltyImpl.getBalanceQuery(com.crm.provisioning.thread.CommandInstance, com.crm.provisioning.cache.ProvisioningCommand, com.crm.provisioning.message.CommandMessage)
03/09 09:11:22:473 End of process session
03/09 09:13:02:541 java.lang.NoSuchMethodException: com.crm.provisioning.impl.loyalty.LoyaltyImpl.getBalanceQuery(com.crm.provisioning.thread.CommandInstance, com.crm.provisioning.cache.ProvisioningCommand, com.crm.provisioning.message.CommandMessage)
03/09 09:13:02:542 End of process session
03/09 09:14:42:608 java.lang.NoSuchMethodException: com.crm.provisioning.impl.loyalty.LoyaltyImpl.getBalanceQuery(com.crm.provisioning.thread.CommandInstance, com.crm.provisioning.cache.ProvisioningCommand, com.crm.provisioning.message.CommandMessage)
03/09 09:14:42:609 End of process session
03/09 09:16:22:615 Testing connection ...
03/09 09:16:22:621 Created provisioning instance for CCWS
03/09 09:16:22:622 Testing connection are success
03/09 09:16:22:622 Starting process session
03/09 09:16:22:723 Total 0 instances are started
03/09 09:16:22:724 Total 1 instances are added
03/09 09:19:49:895 CCWS started
03/09 09:19:52:521 java.lang.NoSuchMethodException: com.crm.provisioning.impl.loyalty.LoyaltyImpl.getBalanceQuery(com.crm.provisioning.thread.CommandInstance, com.crm.provisioning.cache.ProvisioningCommand, com.crm.provisioning.message.CommandMessage)
03/09 09:19:52:522 End of process session
03/09 09:21:32:636 java.lang.NoSuchMethodException: com.crm.provisioning.impl.loyalty.LoyaltyImpl.getBalanceQuery(com.crm.provisioning.thread.CommandInstance, com.crm.provisioning.cache.ProvisioningCommand, com.crm.provisioning.message.CommandMessage)
03/09 09:21:32:636 End of process session
03/09 09:23:12:708 java.lang.NoSuchMethodException: com.crm.provisioning.impl.loyalty.LoyaltyImpl.getBalanceQuery(com.crm.provisioning.thread.CommandInstance, com.crm.provisioning.cache.ProvisioningCommand, com.crm.provisioning.message.CommandMessage)
03/09 09:23:12:709 End of process session
03/09 09:23:54:397 CCWS started
03/09 09:23:59:006 java.lang.NoSuchMethodException: com.crm.provisioning.impl.loyalty.LoyaltyImpl.getBalanceQuery(com.crm.provisioning.thread.CommandInstance, com.crm.provisioning.cache.ProvisioningCommand, com.crm.provisioning.message.CommandMessage)
03/09 09:23:59:006 End of process session
03/09 09:25:39:157 java.lang.NoSuchMethodException: com.crm.provisioning.impl.loyalty.LoyaltyImpl.getBalanceQuery(com.crm.provisioning.thread.CommandInstance, com.crm.provisioning.cache.ProvisioningCommand, com.crm.provisioning.message.CommandMessage)
03/09 09:25:39:158 End of process session
03/09 09:43:00:125 CCWS started
03/09 09:43:04:269 java.lang.NoSuchMethodException: com.crm.provisioning.impl.loyalty.LoyaltyImpl.getBalanceQuery(com.crm.provisioning.thread.CommandInstance, com.crm.provisioning.cache.ProvisioningCommand, com.crm.provisioning.message.CommandMessage)
03/09 09:43:04:269 End of process session
03/09 09:44:44:448 java.lang.NoSuchMethodException: com.crm.provisioning.impl.loyalty.LoyaltyImpl.getBalanceQuery(com.crm.provisioning.thread.CommandInstance, com.crm.provisioning.cache.ProvisioningCommand, com.crm.provisioning.message.CommandMessage)
03/09 09:44:44:449 End of process session
03/09 09:46:24:564 java.lang.NoSuchMethodException: com.crm.provisioning.impl.loyalty.LoyaltyImpl.getBalanceQuery(com.crm.provisioning.thread.CommandInstance, com.crm.provisioning.cache.ProvisioningCommand, com.crm.provisioning.message.CommandMessage)
03/09 09:46:24:565 End of process session
03/09 09:48:04:634 java.lang.NoSuchMethodException: com.crm.provisioning.impl.loyalty.LoyaltyImpl.getBalanceQuery(com.crm.provisioning.thread.CommandInstance, com.crm.provisioning.cache.ProvisioningCommand, com.crm.provisioning.message.CommandMessage)
03/09 09:48:04:635 End of process session
03/09 09:49:44:744 java.lang.NoSuchMethodException: com.crm.provisioning.impl.loyalty.LoyaltyImpl.getBalanceQuery(com.crm.provisioning.thread.CommandInstance, com.crm.provisioning.cache.ProvisioningCommand, com.crm.provisioning.message.CommandMessage)
03/09 09:49:44:745 End of process session
03/09 09:51:24:830 java.lang.NoSuchMethodException: com.crm.provisioning.impl.loyalty.LoyaltyImpl.getBalanceQuery(com.crm.provisioning.thread.CommandInstance, com.crm.provisioning.cache.ProvisioningCommand, com.crm.provisioning.message.CommandMessage)
03/09 09:51:24:831 End of process session
03/09 09:53:04:902 java.lang.NoSuchMethodException: com.crm.provisioning.impl.loyalty.LoyaltyImpl.getBalanceQuery(com.crm.provisioning.thread.CommandInstance, com.crm.provisioning.cache.ProvisioningCommand, com.crm.provisioning.message.CommandMessage)
03/09 09:53:04:903 End of process session
03/09 09:54:45:052 java.lang.NoSuchMethodException: com.crm.provisioning.impl.loyalty.LoyaltyImpl.getBalanceQuery(com.crm.provisioning.thread.CommandInstance, com.crm.provisioning.cache.ProvisioningCommand, com.crm.provisioning.message.CommandMessage)
03/09 09:54:45:053 End of process session
03/09 09:56:25:231 java.lang.NoSuchMethodException: com.crm.provisioning.impl.loyalty.LoyaltyImpl.getBalanceQuery(com.crm.provisioning.thread.CommandInstance, com.crm.provisioning.cache.ProvisioningCommand, com.crm.provisioning.message.CommandMessage)
03/09 09:56:25:232 End of process session
03/09 09:58:05:292 java.lang.NoSuchMethodException: com.crm.provisioning.impl.loyalty.LoyaltyImpl.getBalanceQuery(com.crm.provisioning.thread.CommandInstance, com.crm.provisioning.cache.ProvisioningCommand, com.crm.provisioning.message.CommandMessage)
03/09 09:58:05:293 End of process session
03/09 09:58:40:251 CCWS started
03/09 09:58:44:665 java.lang.NoSuchMethodException: com.crm.provisioning.impl.loyalty.LoyaltyImpl.getBalanceQuery(com.crm.provisioning.thread.CommandInstance, com.crm.provisioning.cache.ProvisioningCommand, com.crm.provisioning.message.CommandMessage)
03/09 09:58:44:665 End of process session
03/09 10:01:33:298 CCWS started
03/09 10:01:37:764 java.lang.NoSuchMethodException: com.crm.provisioning.impl.loyalty.LoyaltyImpl.getBalanceQuery(com.crm.provisioning.thread.CommandInstance, com.crm.provisioning.cache.ProvisioningCommand, com.crm.provisioning.message.CommandMessage)
03/09 10:01:37:765 End of process session
03/09 10:03:17:849 java.lang.NoSuchMethodException: com.crm.provisioning.impl.loyalty.LoyaltyImpl.getBalanceQuery(com.crm.provisioning.thread.CommandInstance, com.crm.provisioning.cache.ProvisioningCommand, com.crm.provisioning.message.CommandMessage)
03/09 10:03:17:850 End of process session
03/09 10:04:57:929 java.lang.NoSuchMethodException: com.crm.provisioning.impl.loyalty.LoyaltyImpl.getBalanceQuery(com.crm.provisioning.thread.CommandInstance, com.crm.provisioning.cache.ProvisioningCommand, com.crm.provisioning.message.CommandMessage)
03/09 10:04:57:930 End of process session
03/09 10:06:37:993 java.lang.NoSuchMethodException: com.crm.provisioning.impl.loyalty.LoyaltyImpl.getBalanceQuery(com.crm.provisioning.thread.CommandInstance, com.crm.provisioning.cache.ProvisioningCommand, com.crm.provisioning.message.CommandMessage)
03/09 10:06:37:994 End of process session
03/09 10:08:18:203 java.lang.NoSuchMethodException: com.crm.provisioning.impl.loyalty.LoyaltyImpl.getBalanceQuery(com.crm.provisioning.thread.CommandInstance, com.crm.provisioning.cache.ProvisioningCommand, com.crm.provisioning.message.CommandMessage)
03/09 10:08:18:203 End of process session
03/09 10:09:58:270 java.lang.NoSuchMethodException: com.crm.provisioning.impl.loyalty.LoyaltyImpl.getBalanceQuery(com.crm.provisioning.thread.CommandInstance, com.crm.provisioning.cache.ProvisioningCommand, com.crm.provisioning.message.CommandMessage)
03/09 10:09:58:271 End of process session
03/09 10:11:38:347 java.lang.NoSuchMethodException: com.crm.provisioning.impl.loyalty.LoyaltyImpl.getBalanceQuery(com.crm.provisioning.thread.CommandInstance, com.crm.provisioning.cache.ProvisioningCommand, com.crm.provisioning.message.CommandMessage)
03/09 10:11:38:347 End of process session
03/09 10:17:45:945 CCWS started
03/09 10:17:50:678 java.lang.NoSuchMethodException: com.crm.provisioning.impl.loyalty.LoyaltyImpl.getBalanceQuery(com.crm.provisioning.thread.CommandInstance, com.crm.provisioning.cache.ProvisioningCommand, com.crm.provisioning.message.CommandMessage)
03/09 10:17:50:678 End of process session
03/09 10:19:30:847 java.lang.NoSuchMethodException: com.crm.provisioning.impl.loyalty.LoyaltyImpl.getBalanceQuery(com.crm.provisioning.thread.CommandInstance, com.crm.provisioning.cache.ProvisioningCommand, com.crm.provisioning.message.CommandMessage)
03/09 10:19:30:847 End of process session
03/09 10:21:10:961 java.lang.NoSuchMethodException: com.crm.provisioning.impl.loyalty.LoyaltyImpl.getBalanceQuery(com.crm.provisioning.thread.CommandInstance, com.crm.provisioning.cache.ProvisioningCommand, com.crm.provisioning.message.CommandMessage)
03/09 10:21:10:962 End of process session
03/09 10:22:51:023 java.lang.NoSuchMethodException: com.crm.provisioning.impl.loyalty.LoyaltyImpl.getBalanceQuery(com.crm.provisioning.thread.CommandInstance, com.crm.provisioning.cache.ProvisioningCommand, com.crm.provisioning.message.CommandMessage)
03/09 10:22:51:024 End of process session
03/09 10:24:31:092 java.lang.NoSuchMethodException: com.crm.provisioning.impl.loyalty.LoyaltyImpl.getBalanceQuery(com.crm.provisioning.thread.CommandInstance, com.crm.provisioning.cache.ProvisioningCommand, com.crm.provisioning.message.CommandMessage)
03/09 10:24:31:093 End of process session
03/09 10:26:11:257 java.lang.NoSuchMethodException: com.crm.provisioning.impl.loyalty.LoyaltyImpl.getBalanceQuery(com.crm.provisioning.thread.CommandInstance, com.crm.provisioning.cache.ProvisioningCommand, com.crm.provisioning.message.CommandMessage)
03/09 10:26:11:258 End of process session
03/09 10:27:51:358 java.lang.NoSuchMethodException: com.crm.provisioning.impl.loyalty.LoyaltyImpl.getBalanceQuery(com.crm.provisioning.thread.CommandInstance, com.crm.provisioning.cache.ProvisioningCommand, com.crm.provisioning.message.CommandMessage)
03/09 10:27:51:359 End of process session
03/09 10:29:31:424 java.lang.NoSuchMethodException: com.crm.provisioning.impl.loyalty.LoyaltyImpl.getBalanceQuery(com.crm.provisioning.thread.CommandInstance, com.crm.provisioning.cache.ProvisioningCommand, com.crm.provisioning.message.CommandMessage)
03/09 10:29:31:425 End of process session
03/09 10:31:11:498 java.lang.NoSuchMethodException: com.crm.provisioning.impl.loyalty.LoyaltyImpl.getBalanceQuery(com.crm.provisioning.thread.CommandInstance, com.crm.provisioning.cache.ProvisioningCommand, com.crm.provisioning.message.CommandMessage)
03/09 10:31:11:498 End of process session
03/09 10:32:51:568 java.lang.NoSuchMethodException: com.crm.provisioning.impl.loyalty.LoyaltyImpl.getBalanceQuery(com.crm.provisioning.thread.CommandInstance, com.crm.provisioning.cache.ProvisioningCommand, com.crm.provisioning.message.CommandMessage)
03/09 10:32:51:568 End of process session
03/09 10:34:31:632 java.lang.NoSuchMethodException: com.crm.provisioning.impl.loyalty.LoyaltyImpl.getBalanceQuery(com.crm.provisioning.thread.CommandInstance, com.crm.provisioning.cache.ProvisioningCommand, com.crm.provisioning.message.CommandMessage)
03/09 10:34:31:632 End of process session
03/09 10:36:11:733 java.lang.NoSuchMethodException: com.crm.provisioning.impl.loyalty.LoyaltyImpl.getBalanceQuery(com.crm.provisioning.thread.CommandInstance, com.crm.provisioning.cache.ProvisioningCommand, com.crm.provisioning.message.CommandMessage)
03/09 10:36:11:734 End of process session
03/09 10:37:51:854 java.lang.NoSuchMethodException: com.crm.provisioning.impl.loyalty.LoyaltyImpl.getBalanceQuery(com.crm.provisioning.thread.CommandInstance, com.crm.provisioning.cache.ProvisioningCommand, com.crm.provisioning.message.CommandMessage)
03/09 10:37:51:854 End of process session
03/09 10:39:31:972 java.lang.NoSuchMethodException: com.crm.provisioning.impl.loyalty.LoyaltyImpl.getBalanceQuery(com.crm.provisioning.thread.CommandInstance, com.crm.provisioning.cache.ProvisioningCommand, com.crm.provisioning.message.CommandMessage)
03/09 10:39:31:973 End of process session
03/09 10:39:42:172 CCWS started
03/09 10:39:46:966 java.lang.NoSuchMethodException: com.crm.provisioning.impl.loyalty.LoyaltyImpl.getBalanceQuery(com.crm.provisioning.thread.CommandInstance, com.crm.provisioning.cache.ProvisioningCommand, com.crm.provisioning.message.CommandMessage)
03/09 10:39:46:966 End of process session
03/09 10:41:27:027 java.lang.NoSuchMethodException: com.crm.provisioning.impl.loyalty.LoyaltyImpl.getBalanceQuery(com.crm.provisioning.thread.CommandInstance, com.crm.provisioning.cache.ProvisioningCommand, com.crm.provisioning.message.CommandMessage)
03/09 10:41:27:028 End of process session
03/09 10:43:07:109 java.lang.NoSuchMethodException: com.crm.provisioning.impl.loyalty.LoyaltyImpl.getBalanceQuery(com.crm.provisioning.thread.CommandInstance, com.crm.provisioning.cache.ProvisioningCommand, com.crm.provisioning.message.CommandMessage)
03/09 10:43:07:110 End of process session
03/09 10:44:47:172 java.lang.NoSuchMethodException: com.crm.provisioning.impl.loyalty.LoyaltyImpl.getBalanceQuery(com.crm.provisioning.thread.CommandInstance, com.crm.provisioning.cache.ProvisioningCommand, com.crm.provisioning.message.CommandMessage)
03/09 10:44:47:172 End of process session
03/09 10:46:27:235 java.lang.NoSuchMethodException: com.crm.provisioning.impl.loyalty.LoyaltyImpl.getBalanceQuery(com.crm.provisioning.thread.CommandInstance, com.crm.provisioning.cache.ProvisioningCommand, com.crm.provisioning.message.CommandMessage)
03/09 10:46:27:235 End of process session
03/09 10:48:07:298 java.lang.NoSuchMethodException: com.crm.provisioning.impl.loyalty.LoyaltyImpl.getBalanceQuery(com.crm.provisioning.thread.CommandInstance, com.crm.provisioning.cache.ProvisioningCommand, com.crm.provisioning.message.CommandMessage)
03/09 10:48:07:299 End of process session
03/09 10:49:47:305 Testing connection ...
03/09 10:49:48:519 Created provisioning instance for CCWS
03/09 10:49:48:519 Testing connection are success
03/09 10:49:48:520 Starting process session
03/09 10:49:48:620 Total 0 instances are started
03/09 10:49:48:621 Total 1 instances are added
03/09 11:15:17:993 CCWS started
03/09 11:15:22:605 java.lang.NoSuchMethodException: com.crm.provisioning.impl.loyalty.LoyaltyImpl.getBalanceQuery(com.crm.provisioning.thread.CommandInstance, com.crm.provisioning.cache.ProvisioningCommand, com.crm.provisioning.message.CommandMessage)
03/09 11:15:22:606 End of process session
03/09 11:17:02:741 java.lang.NoSuchMethodException: com.crm.provisioning.impl.loyalty.LoyaltyImpl.getBalanceQuery(com.crm.provisioning.thread.CommandInstance, com.crm.provisioning.cache.ProvisioningCommand, com.crm.provisioning.message.CommandMessage)
03/09 11:17:02:742 End of process session
03/09 11:18:42:949 java.lang.NoSuchMethodException: com.crm.provisioning.impl.loyalty.LoyaltyImpl.getBalanceQuery(com.crm.provisioning.thread.CommandInstance, com.crm.provisioning.cache.ProvisioningCommand, com.crm.provisioning.message.CommandMessage)
03/09 11:18:42:950 End of process session
03/09 11:20:23:014 java.lang.NoSuchMethodException: com.crm.provisioning.impl.loyalty.LoyaltyImpl.getBalanceQuery(com.crm.provisioning.thread.CommandInstance, com.crm.provisioning.cache.ProvisioningCommand, com.crm.provisioning.message.CommandMessage)
03/09 11:20:23:014 End of process session
03/09 11:22:03:083 java.lang.NoSuchMethodException: com.crm.provisioning.impl.loyalty.LoyaltyImpl.getBalanceQuery(com.crm.provisioning.thread.CommandInstance, com.crm.provisioning.cache.ProvisioningCommand, com.crm.provisioning.message.CommandMessage)
03/09 11:22:03:084 End of process session
03/09 11:23:43:100 Testing connection ...
03/09 11:23:43:123 Created provisioning instance for CCWS
03/09 11:23:43:124 Testing connection are success
03/09 11:23:43:125 Starting process session
03/09 11:23:43:226 Total 0 instances are started
03/09 11:23:43:227 Total 1 instances are added
03/09 11:26:14:496 CCWS started
03/09 11:26:18:578 Testing connection ...
03/09 11:26:19:433 Created provisioning instance for CCWS
03/09 11:26:19:434 Testing connection are success
03/09 11:26:19:434 Starting process session
03/09 11:26:19:537 Total 0 instances are started
03/09 11:26:19:538 Total 1 instances are added
03/09 11:43:06:218 CCWS started
03/09 11:43:10:328 Testing connection ...
03/09 11:43:11:047 Created provisioning instance for CCWS
03/09 11:43:11:047 Testing connection are success
03/09 11:43:11:048 Starting process session
03/09 11:43:11:148 Total 0 instances are started
03/09 11:43:11:149 Total 1 instances are added
03/09 11:45:18:822 CCWS started
03/09 11:45:23:369 Testing connection ...
03/09 11:45:24:563 Created provisioning instance for CCWS
03/09 11:45:24:563 Testing connection are success
03/09 11:45:24:564 Starting process session
03/09 11:45:24:664 Total 0 instances are started
03/09 11:45:24:664 Total 1 instances are added
03/09 11:50:45:277 CCWS started
03/09 11:50:49:330 Testing connection ...
03/09 11:50:50:314 Created provisioning instance for CCWS
03/09 11:50:50:315 Testing connection are success
03/09 11:50:50:315 Starting process session
03/09 11:50:50:416 Total 0 instances are started
03/09 11:50:50:418 Total 1 instances are added
03/09 13:35:01:528 CCWS started
03/09 13:35:24:169 CCWS started
03/09 13:35:28:603 Testing connection ...
03/09 13:35:45:951 Created provisioning instance for CCWS
03/09 13:35:45:952 Testing connection are success
03/09 13:35:45:952 Starting process session
03/09 13:35:46:052 Total 0 instances are started
03/09 13:35:46:053 Total 1 instances are added
03/09 14:17:26:652 CCWS started
03/09 14:17:28:220 Testing connection ...
03/09 14:17:31:058 Created provisioning instance for CCWS
03/09 14:17:31:059 Testing connection are success
03/09 14:17:31:059 Starting process session
03/09 14:17:31:163 Total 0 instances are started
03/09 14:17:31:164 Total 1 instances are added
03/09 14:18:03:925 Created provisioning instance for CCWS
03/09 14:18:03:932 SEND: ID=88001: com.comverse_in.prepaid.ccws.ServiceSoapStub.retrieveSubscriberWithIdentityNoHistory{84922000514}
03/09 14:18:05:679 RECEIVE: ID=88001: cosname=MAIN_COS,status=Active,active_date=22/08/2013 00:38:45,{84922000514}Core{70000.0;05/12/2013 08:59:59},VOICE_ONNET{9000.0;08/09/2013 09:59:59},GPRS{2.5165824E8;24/11/2013 08:59:59},PROMOTION{1000.0;20/08/2023 09:59:59},VM18{10800.0;03/09/2013 09:59:59},PROMOTION_60{300.0;22/10/2013 09:59:59},VB600_M{299000.0;20/09/2013 09:59:59},: costTime=1745
03/09 14:18:05:680 orderId = 125407945 | requestId = 0 | userId = system | channel = SMS | serviceAddress = 268 | keyword = DOIDIEM 1000 | isdn = 84922000514 | subscriberType = 1 | shipTo =  | actionType = redeem | productId = 274 | commandId = 309 | request = ID=88001: com.comverse_in.prepaid.ccws.ServiceSoapStub.retrieveSubscriberWithIdentityNoHistory{84922000514} | response = ID=88001: cosname=MAIN_COS,status=Active,active_date=22/08/2013 00:38:45,{84922000514}Core{70000.0;05/12/2013 08:59:59},VOICE_ONNET{9000.0;08/09/2013 09:59:59},GPRS{2.5165824E8;24/11/2013 08:59:59},PROMOTION{1000.0;20/08/2023 09:59:59},VM18{10800.0;03/09/2013 09:59:59},PROMOTION_60{300.0;22/10/2013 09:59:59},VB600_M{299000.0;20/09/2013 09:59:59},: costTime=1745 | status = 1 | cause = success | description = cosname=MAIN_COS,status=Active,active_date=22/08/2013 00:38:45,{84922000514}Core{70000.0;05/12/2013 08:59:59},VOICE_ONNET{9000.0;08/09/2013 09:59:59},GPRS{2.5165824E8;24/11/2013 08:59:59},PROMOTION{1000.0;20/08/2023 09:59:59},VM18{10800.0;03/09/2013 09:59:59},PROMOTION_60{300.0;22/10/2013 09:59:59},VB600_M{299000.0;20/09/2013 09:59:59},
03/09 14:26:07:905 CCWS started
03/09 14:26:11:781 java.lang.NoSuchMethodException: com.crm.provisioning.impl.loyalty.LoyaltyImpl.getBalanceQuery(com.crm.provisioning.thread.CommandInstance, com.crm.provisioning.cache.ProvisioningCommand, com.crm.provisioning.message.CommandMessage)
03/09 14:26:11:782 End of process session
03/09 14:27:51:867 java.lang.NoSuchMethodException: com.crm.provisioning.impl.loyalty.LoyaltyImpl.getBalanceQuery(com.crm.provisioning.thread.CommandInstance, com.crm.provisioning.cache.ProvisioningCommand, com.crm.provisioning.message.CommandMessage)
03/09 14:27:51:868 End of process session
03/09 14:28:52:925 CCWS started
03/09 14:28:57:419 java.lang.NoSuchMethodException: com.crm.provisioning.impl.loyalty.LoyaltyImpl.getBalanceQuery(com.crm.provisioning.thread.CommandInstance, com.crm.provisioning.cache.ProvisioningCommand, com.crm.provisioning.message.CommandMessage)
03/09 14:28:57:419 End of process session
03/09 14:30:37:559 java.lang.NoSuchMethodException: com.crm.provisioning.impl.loyalty.LoyaltyImpl.getBalanceQuery(com.crm.provisioning.thread.CommandInstance, com.crm.provisioning.cache.ProvisioningCommand, com.crm.provisioning.message.CommandMessage)
03/09 14:30:37:560 End of process session
03/09 14:31:54:999 CCWS started
03/09 14:31:57:994 java.lang.NoSuchMethodException: com.crm.provisioning.impl.loyalty.LoyaltyImpl.getBalanceQuery(com.crm.provisioning.thread.CommandInstance, com.crm.provisioning.cache.ProvisioningCommand, com.crm.provisioning.message.CommandMessage)
03/09 14:31:57:996 End of process session
03/09 14:33:42:697 CCWS started
03/09 14:33:45:491 java.lang.NoSuchMethodException: com.crm.provisioning.impl.loyalty.LoyaltyImpl.getBalanceQuery(com.crm.provisioning.thread.CommandInstance, com.crm.provisioning.cache.ProvisioningCommand, com.crm.provisioning.message.CommandMessage)
03/09 14:33:45:491 End of process session
03/09 14:35:25:692 java.lang.NoSuchMethodException: com.crm.provisioning.impl.loyalty.LoyaltyImpl.getBalanceAmount(com.crm.provisioning.thread.CommandInstance, com.crm.provisioning.cache.ProvisioningCommand, com.crm.provisioning.message.CommandMessage)
03/09 14:35:25:693 End of process session
03/09 14:35:52:007 CCWS started
03/09 14:35:55:820 java.lang.NoSuchMethodException: com.crm.provisioning.impl.loyalty.LoyaltyImpl.getBalanceAmount(com.crm.provisioning.thread.CommandInstance, com.crm.provisioning.cache.ProvisioningCommand, com.crm.provisioning.message.CommandMessage)
03/09 14:35:55:820 End of process session
03/09 14:37:35:914 java.lang.NoSuchMethodException: com.crm.provisioning.impl.loyalty.LoyaltyImpl.getBalanceAmount(com.crm.provisioning.thread.CommandInstance, com.crm.provisioning.cache.ProvisioningCommand, com.crm.provisioning.message.CommandMessage)
03/09 14:37:35:915 End of process session
03/09 14:40:10:624 CCWS started
03/09 14:40:14:720 java.lang.NoSuchMethodException: com.crm.provisioning.impl.loyalty.LoyaltyImpl.getBalanceAmount(com.crm.provisioning.thread.CommandInstance, com.crm.provisioning.cache.ProvisioningCommand, com.crm.provisioning.message.CommandMessage)
03/09 14:40:14:720 End of process session
03/09 14:41:54:783 java.lang.NoSuchMethodException: com.crm.provisioning.impl.loyalty.LoyaltyImpl.getBalanceAmount(com.crm.provisioning.thread.CommandInstance, com.crm.provisioning.cache.ProvisioningCommand, com.crm.provisioning.message.CommandMessage)
03/09 14:41:54:784 End of process session
03/09 14:43:34:848 java.lang.NoSuchMethodException: com.crm.provisioning.impl.loyalty.LoyaltyImpl.getBalanceAmount(com.crm.provisioning.thread.CommandInstance, com.crm.provisioning.cache.ProvisioningCommand, com.crm.provisioning.message.CommandMessage)
03/09 14:43:34:849 End of process session
03/09 14:45:14:953 java.lang.NoSuchMethodException: com.crm.provisioning.impl.loyalty.LoyaltyImpl.getBalanceAmount(com.crm.provisioning.thread.CommandInstance, com.crm.provisioning.cache.ProvisioningCommand, com.crm.provisioning.message.CommandMessage)
03/09 14:45:14:954 End of process session
03/09 14:46:55:029 java.lang.NoSuchMethodException: com.crm.provisioning.impl.loyalty.LoyaltyImpl.getBalanceAmount(com.crm.provisioning.thread.CommandInstance, com.crm.provisioning.cache.ProvisioningCommand, com.crm.provisioning.message.CommandMessage)
03/09 14:46:55:030 End of process session
03/09 14:48:35:094 java.lang.NoSuchMethodException: com.crm.provisioning.impl.loyalty.LoyaltyImpl.getBalanceAmount(com.crm.provisioning.thread.CommandInstance, com.crm.provisioning.cache.ProvisioningCommand, com.crm.provisioning.message.CommandMessage)
03/09 14:48:35:095 End of process session
03/09 14:49:35:136 CCWS started
03/09 14:53:37:498 java.lang.NoSuchMethodException: com.crm.provisioning.impl.loyalty.LoyaltyImpl.getBalanceAmount(com.crm.provisioning.thread.CommandInstance, com.crm.provisioning.cache.ProvisioningCommand, com.crm.provisioning.message.CommandMessage)
03/09 14:53:37:499 End of process session
03/09 14:57:30:037 CCWS started
03/09 14:57:34:725 java.lang.NoSuchMethodException: com.crm.provisioning.impl.loyalty.LoyaltyImpl.getBalanceAmount(com.crm.provisioning.thread.CommandInstance, com.crm.provisioning.cache.ProvisioningCommand, com.crm.provisioning.message.CommandMessage)
03/09 14:57:34:725 End of process session
03/09 14:59:14:836 java.lang.NoSuchMethodException: com.crm.provisioning.impl.loyalty.LoyaltyImpl.getBalanceAmount(com.crm.provisioning.thread.CommandInstance, com.crm.provisioning.cache.ProvisioningCommand, com.crm.provisioning.message.CommandMessage)
03/09 14:59:14:836 End of process session
03/09 15:00:39:782 CCWS started
03/09 15:00:43:651 java.lang.NoSuchMethodException: com.crm.provisioning.impl.loyalty.LoyaltyImpl.getBalanceAmount(com.crm.provisioning.thread.CommandInstance, com.crm.provisioning.cache.ProvisioningCommand, com.crm.provisioning.message.CommandMessage)
03/09 15:00:43:652 End of process session
03/09 15:01:59:927 CCWS started
03/09 15:02:04:106 Testing connection ...
03/09 15:02:04:761 Created provisioning instance for CCWS
03/09 15:02:04:762 Testing connection are success
03/09 15:02:04:762 Starting process session
03/09 15:02:04:862 Total 0 instances are started
03/09 15:02:04:862 Total 1 instances are added
03/09 15:10:11:064 CCWS started
03/09 15:10:15:202 Testing connection ...
03/09 15:10:15:965 Created provisioning instance for CCWS
03/09 15:10:15:965 Testing connection are success
03/09 15:10:15:965 Starting process session
03/09 15:10:16:067 Total 0 instances are started
03/09 15:10:16:073 Total 1 instances are added
03/09 15:20:58:470 Close pool
03/09 15:20:58:571 Close queue connection pool.
03/09 15:20:58:577 End of process session
03/09 15:20:58:578 CCWS stopped
03/09 15:21:00:425 CCWS started
03/09 15:21:00:446 Close pool
03/09 15:21:00:447 Close pool
03/09 15:21:00:447 Testing connection ...
03/09 15:21:00:451 Created provisioning instance for CCWS
03/09 15:21:00:452 Testing connection are success
03/09 15:21:00:452 Starting process session
03/09 15:21:00:552 Total 0 instances are started
03/09 15:21:00:553 Total 1 instances are added
03/09 15:31:13:748 CCWS started
03/09 15:31:18:422 Testing connection ...
03/09 15:31:19:477 Created provisioning instance for CCWS
03/09 15:31:19:478 Testing connection are success
03/09 15:31:19:478 Starting process session
03/09 15:31:19:578 Total 0 instances are started
03/09 15:31:19:579 Total 1 instances are added
03/09 15:49:52:105 CCWS started
03/09 15:49:56:342 Testing connection ...
03/09 15:49:57:037 Created provisioning instance for CCWS
03/09 15:49:57:037 Testing connection are success
03/09 15:49:57:037 Starting process session
03/09 15:49:57:138 Total 0 instances are started
03/09 15:49:57:139 Total 1 instances are added
03/09 15:54:14:644 CCWS started
03/09 15:54:19:228 Testing connection ...
03/09 15:54:20:067 Created provisioning instance for CCWS
03/09 15:54:20:068 Testing connection are success
03/09 15:54:20:068 Starting process session
03/09 15:54:20:169 Total 0 instances are started
03/09 15:54:20:170 Total 1 instances are added
03/09 15:57:44:833 CCWS started
03/09 15:57:49:194 Testing connection ...
03/09 15:57:50:048 Created provisioning instance for CCWS
03/09 15:57:50:049 Testing connection are success
03/09 15:57:50:051 Starting process session
03/09 15:57:50:151 Total 0 instances are started
03/09 15:57:50:152 Total 1 instances are added
03/09 16:04:12:813 CCWS started
03/09 16:04:17:649 Testing connection ...
03/09 16:04:18:599 Created provisioning instance for CCWS
03/09 16:04:18:600 Testing connection are success
03/09 16:04:18:600 Starting process session
03/09 16:04:18:701 Total 0 instances are started
03/09 16:04:18:702 Total 1 instances are added
03/09 16:08:10:895 CCWS started
03/09 16:08:15:334 Testing connection ...
03/09 16:08:16:342 Created provisioning instance for CCWS
03/09 16:08:16:342 Testing connection are success
03/09 16:08:16:342 Starting process session
03/09 16:08:16:443 Total 0 instances are started
03/09 16:08:16:443 Total 1 instances are added
03/09 16:12:44:669 CCWS started
03/09 16:12:48:004 Testing connection ...
03/09 16:12:49:541 Created provisioning instance for CCWS
03/09 16:12:49:541 Testing connection are success
03/09 16:12:49:542 Starting process session
03/09 16:12:49:642 Total 0 instances are started
03/09 16:12:49:643 Total 1 instances are added
03/09 16:15:13:176 CCWS started
03/09 16:15:17:710 Testing connection ...
03/09 16:15:18:782 Created provisioning instance for CCWS
03/09 16:15:18:782 Testing connection are success
03/09 16:15:18:782 Starting process session
03/09 16:15:18:883 Total 0 instances are started
03/09 16:15:18:884 Total 1 instances are added
03/09 16:17:28:436 CCWS started
03/09 16:17:32:903 Testing connection ...
03/09 16:17:33:805 Created provisioning instance for CCWS
03/09 16:17:33:806 Testing connection are success
03/09 16:17:33:806 Starting process session
03/09 16:17:33:907 Total 0 instances are started
03/09 16:17:33:907 Total 1 instances are added
03/09 16:20:13:689 CCWS started
03/09 16:20:18:024 Testing connection ...
03/09 16:20:18:994 Created provisioning instance for CCWS
03/09 16:20:18:995 Testing connection are success
03/09 16:20:18:995 Starting process session
03/09 16:20:19:096 Total 0 instances are started
03/09 16:20:19:096 Total 1 instances are added
03/09 16:24:33:463 CCWS started
03/09 16:24:35:847 Testing connection ...
03/09 16:24:38:299 Created provisioning instance for CCWS
03/09 16:24:38:300 Testing connection are success
03/09 16:24:38:300 Starting process session
03/09 16:24:38:401 Total 0 instances are started
03/09 16:24:38:401 Total 1 instances are added
03/09 16:28:28:608 CCWS started
03/09 16:28:32:880 Testing connection ...
03/09 16:28:33:870 Created provisioning instance for CCWS
03/09 16:28:33:870 Testing connection are success
03/09 16:28:33:871 Starting process session
03/09 16:28:33:971 Total 0 instances are started
03/09 16:28:33:971 Total 1 instances are added
03/09 16:31:07:302 CCWS started
03/09 16:31:11:683 Testing connection ...
03/09 16:31:12:566 Created provisioning instance for CCWS
03/09 16:31:12:566 Testing connection are success
03/09 16:31:12:567 Starting process session
03/09 16:31:12:667 Total 0 instances are started
03/09 16:31:12:668 Total 1 instances are added
03/09 16:35:08:646 CCWS started
03/09 16:35:12:600 Testing connection ...
03/09 16:35:13:592 Created provisioning instance for CCWS
03/09 16:35:13:592 Testing connection are success
03/09 16:35:13:593 Starting process session
03/09 16:35:13:693 Total 0 instances are started
03/09 16:35:13:693 Total 1 instances are added
03/09 16:41:22:807 CCWS started
03/09 16:41:27:120 Testing connection ...
03/09 16:41:27:973 Created provisioning instance for CCWS
03/09 16:41:27:974 Testing connection are success
03/09 16:41:27:974 Starting process session
03/09 16:41:28:074 Total 0 instances are started
03/09 16:41:28:074 Total 1 instances are added
03/09 16:43:40:362 CCWS started
03/09 16:43:44:312 Testing connection ...
03/09 16:43:45:004 Created provisioning instance for CCWS
03/09 16:43:45:004 Testing connection are success
03/09 16:43:45:005 Starting process session
03/09 16:43:45:105 Total 0 instances are started
03/09 16:43:45:106 Total 1 instances are added
03/09 16:51:17:946 CCWS started
03/09 16:51:21:943 Testing connection ...
03/09 16:51:22:675 Created provisioning instance for CCWS
03/09 16:51:22:675 Testing connection are success
03/09 16:51:22:676 Starting process session
03/09 16:51:22:777 Total 0 instances are started
03/09 16:51:22:777 Total 1 instances are added
03/09 16:59:04:702 CCWS started
03/09 16:59:09:017 Testing connection ...
03/09 16:59:09:949 Created provisioning instance for CCWS
03/09 16:59:09:950 Testing connection are success
03/09 16:59:09:950 Starting process session
03/09 16:59:10:050 Total 0 instances are started
03/09 16:59:10:051 Total 1 instances are added
03/09 17:11:11:180 CCWS started
03/09 17:11:15:595 Testing connection ...
03/09 17:11:16:635 Created provisioning instance for CCWS
03/09 17:11:16:636 Testing connection are success
03/09 17:11:16:636 Starting process session
03/09 17:11:16:736 Total 0 instances are started
03/09 17:11:16:737 Total 1 instances are added
03/09 17:11:25:505 CCWS started
03/09 17:11:29:831 Testing connection ...
03/09 17:11:30:625 Created provisioning instance for CCWS
03/09 17:11:30:626 Testing connection are success
03/09 17:11:30:626 Starting process session
03/09 17:11:30:727 Total 0 instances are started
03/09 17:11:30:727 Total 1 instances are added
03/09 17:12:14:064 CCWS started
03/09 17:12:18:581 Testing connection ...
03/09 17:12:19:484 Created provisioning instance for CCWS
03/09 17:12:19:485 Testing connection are success
03/09 17:12:19:485 Starting process session
03/09 17:12:19:585 Total 0 instances are started
03/09 17:12:19:585 Total 1 instances are added
03/09 17:12:59:513 CCWS started
03/09 17:13:01:599 Testing connection ...
03/09 17:13:04:228 Created provisioning instance for CCWS
03/09 17:13:04:229 Testing connection are success
03/09 17:13:04:229 Starting process session
03/09 17:13:04:329 Total 0 instances are started
03/09 17:13:04:330 Total 1 instances are added
03/09 17:15:47:504 CCWS started
03/09 17:15:51:686 Testing connection ...
03/09 17:15:52:340 Created provisioning instance for CCWS
03/09 17:15:52:340 Testing connection are success
03/09 17:15:52:341 Starting process session
03/09 17:15:52:441 Total 0 instances are started
03/09 17:15:52:443 Total 1 instances are added
03/09 17:26:47:183 CCWS started
03/09 17:26:51:352 Testing connection ...
03/09 17:26:51:981 Created provisioning instance for CCWS
03/09 17:26:51:982 Testing connection are success
03/09 17:26:51:982 Starting process session
03/09 17:26:52:184 Total 0 instances are started
03/09 17:26:52:184 Total 1 instances are added
03/09 17:37:30:186 CCWS started
03/09 17:37:31:676 Testing connection ...
03/09 17:37:34:775 Created provisioning instance for CCWS
03/09 17:37:34:776 Testing connection are success
03/09 17:37:34:776 Starting process session
03/09 17:37:34:877 Total 0 instances are started
03/09 17:37:34:877 Total 1 instances are added
03/09 17:38:55:721 Created provisioning instance for CCWS
03/09 17:38:55:795 SEND: ID=89001: com.comverse_in.prepaid.ccws.ServiceSoapStub.retrieveSubscriberWithIdentityNoHistory{84922000514}
03/09 17:38:57:311 RECEIVE: ID=89001: cosname=MAIN_COS,status=Active,active_date=22/08/2013 00:38:45,{84922000514}Core{70000.0;05/12/2013 08:59:59},VOICE_ONNET{9000.0;08/09/2013 09:59:59},GPRS{2.5165824E8;24/11/2013 08:59:59},PROMOTION{1000.0;20/08/2023 09:59:59},VM18{10800.0;03/09/2013 09:59:59},PROMOTION_60{300.0;22/10/2013 09:59:59},VB600_M{299000.0;20/09/2013 09:59:59},: costTime=1515
03/09 17:38:57:316 orderId = 125407981 | requestId = 0 | userId = system | channel = SMS | serviceAddress = 268 | keyword = DOIDIEM 1000 | isdn = 84922000514 | subscriberType = 1 | shipTo =  | actionType = redeem | productId = 274 | commandId = 309 | request = ID=89001: com.comverse_in.prepaid.ccws.ServiceSoapStub.retrieveSubscriberWithIdentityNoHistory{84922000514} | response = ID=89001: cosname=MAIN_COS,status=Active,active_date=22/08/2013 00:38:45,{84922000514}Core{70000.0;05/12/2013 08:59:59},VOICE_ONNET{9000.0;08/09/2013 09:59:59},GPRS{2.5165824E8;24/11/2013 08:59:59},PROMOTION{1000.0;20/08/2023 09:59:59},VM18{10800.0;03/09/2013 09:59:59},PROMOTION_60{300.0;22/10/2013 09:59:59},VB600_M{299000.0;20/09/2013 09:59:59},: costTime=1515 | status = 1 | cause = success | description = cosname=MAIN_COS,status=Active,active_date=22/08/2013 00:38:45,{84922000514}Core{70000.0;05/12/2013 08:59:59},VOICE_ONNET{9000.0;08/09/2013 09:59:59},GPRS{2.5165824E8;24/11/2013 08:59:59},PROMOTION{1000.0;20/08/2023 09:59:59},VM18{10800.0;03/09/2013 09:59:59},PROMOTION_60{300.0;22/10/2013 09:59:59},VB600_M{299000.0;20/09/2013 09:59:59},
03/09 17:41:12:293 Close pool
03/09 17:41:12:394 Close queue connection pool.
03/09 17:41:12:400 End of process session
03/09 17:41:12:401 CCWS stopped
03/09 17:41:14:271 CCWS started
03/09 17:41:14:299 Close pool
03/09 17:41:14:300 Close pool
03/09 17:41:14:301 Testing connection ...
03/09 17:41:14:305 Created provisioning instance for CCWS
03/09 17:41:14:306 Testing connection are success
03/09 17:41:14:306 Starting process session
03/09 17:41:14:407 Total 0 instances are started
03/09 17:41:14:416 Total 1 instances are added
03/09 17:41:19:741 SEND: ID=89002: com.comverse_in.prepaid.ccws.ServiceSoapStub.retrieveSubscriberWithIdentityNoHistory{84922000514}
03/09 17:41:19:858 RECEIVE: ID=89002: cosname=MAIN_COS,status=Active,active_date=22/08/2013 00:38:45,{84922000514}Core{70000.0;05/12/2013 08:59:59},VOICE_ONNET{9000.0;08/09/2013 09:59:59},GPRS{2.5165824E8;24/11/2013 08:59:59},PROMOTION{1000.0;20/08/2023 09:59:59},VM18{10800.0;03/09/2013 09:59:59},PROMOTION_60{300.0;22/10/2013 09:59:59},VB600_M{299000.0;20/09/2013 09:59:59},: costTime=115
03/09 17:41:19:859 orderId = 125407982 | requestId = 0 | userId = system | channel = SMS | serviceAddress = 268 | keyword = DOIDIEM 1000 | isdn = 84922000514 | subscriberType = 1 | shipTo =  | actionType = redeem | productId = 274 | commandId = 309 | request = ID=89002: com.comverse_in.prepaid.ccws.ServiceSoapStub.retrieveSubscriberWithIdentityNoHistory{84922000514} | response = ID=89002: cosname=MAIN_COS,status=Active,active_date=22/08/2013 00:38:45,{84922000514}Core{70000.0;05/12/2013 08:59:59},VOICE_ONNET{9000.0;08/09/2013 09:59:59},GPRS{2.5165824E8;24/11/2013 08:59:59},PROMOTION{1000.0;20/08/2023 09:59:59},VM18{10800.0;03/09/2013 09:59:59},PROMOTION_60{300.0;22/10/2013 09:59:59},VB600_M{299000.0;20/09/2013 09:59:59},: costTime=115 | status = 1 | cause = success | description = cosname=MAIN_COS,status=Active,active_date=22/08/2013 00:38:45,{84922000514}Core{70000.0;05/12/2013 08:59:59},VOICE_ONNET{9000.0;08/09/2013 09:59:59},GPRS{2.5165824E8;24/11/2013 08:59:59},PROMOTION{1000.0;20/08/2023 09:59:59},VM18{10800.0;03/09/2013 09:59:59},PROMOTION_60{300.0;22/10/2013 09:59:59},VB600_M{299000.0;20/09/2013 09:59:59},
03/09 17:45:35:835 Created provisioning instance for CCWS
03/09 17:45:35:836 SEND: ID=89003: com.comverse_in.prepaid.ccws.ServiceSoapStub.retrieveSubscriberWithIdentityNoHistory{84922000514}
03/09 17:45:35:949 RECEIVE: ID=89003: cosname=MAIN_COS,status=Active,active_date=22/08/2013 00:38:45,{84922000514}Core{70000.0;05/12/2013 08:59:59},VOICE_ONNET{9000.0;08/09/2013 09:59:59},GPRS{2.5165824E8;24/11/2013 08:59:59},PROMOTION{1000.0;20/08/2023 09:59:59},VM18{10800.0;03/09/2013 09:59:59},PROMOTION_60{300.0;22/10/2013 09:59:59},VB600_M{299000.0;20/09/2013 09:59:59},: costTime=113
03/09 17:45:35:950 orderId = 125407983 | requestId = 0 | userId = system | channel = SMS | serviceAddress = 268 | keyword = DOIDIEM 1000 | isdn = 84922000514 | subscriberType = 1 | shipTo =  | actionType = redeem | productId = 274 | commandId = 309 | request = ID=89003: com.comverse_in.prepaid.ccws.ServiceSoapStub.retrieveSubscriberWithIdentityNoHistory{84922000514} | response = ID=89003: cosname=MAIN_COS,status=Active,active_date=22/08/2013 00:38:45,{84922000514}Core{70000.0;05/12/2013 08:59:59},VOICE_ONNET{9000.0;08/09/2013 09:59:59},GPRS{2.5165824E8;24/11/2013 08:59:59},PROMOTION{1000.0;20/08/2023 09:59:59},VM18{10800.0;03/09/2013 09:59:59},PROMOTION_60{300.0;22/10/2013 09:59:59},VB600_M{299000.0;20/09/2013 09:59:59},: costTime=113 | status = 1 | cause = success | description = cosname=MAIN_COS,status=Active,active_date=22/08/2013 00:38:45,{84922000514}Core{70000.0;05/12/2013 08:59:59},VOICE_ONNET{9000.0;08/09/2013 09:59:59},GPRS{2.5165824E8;24/11/2013 08:59:59},PROMOTION{1000.0;20/08/2023 09:59:59},VM18{10800.0;03/09/2013 09:59:59},PROMOTION_60{300.0;22/10/2013 09:59:59},VB600_M{299000.0;20/09/2013 09:59:59},
03/09 17:49:19:810 CCWS started
03/09 17:49:24:194 Testing connection ...
03/09 17:49:25:165 Created provisioning instance for CCWS
03/09 17:49:25:165 Testing connection are success
03/09 17:49:25:166 Starting process session
03/09 17:49:25:266 Total 0 instances are started
03/09 17:49:25:266 Total 1 instances are added
03/09 17:51:01:094 Created provisioning instance for CCWS
03/09 17:51:01:132 SEND: ID=90001: com.comverse_in.prepaid.ccws.ServiceSoapStub.retrieveSubscriberWithIdentityNoHistory{84922000514}
03/09 17:51:04:800 RECEIVE: ID=90001: cosname=MAIN_COS,status=Active,active_date=22/08/2013 00:38:45,{84922000514}Core{70000.0;05/12/2013 08:59:59},VOICE_ONNET{9000.0;08/09/2013 09:59:59},GPRS{2.5165824E8;24/11/2013 08:59:59},PROMOTION{1000.0;20/08/2023 09:59:59},VM18{10800.0;03/09/2013 09:59:59},PROMOTION_60{300.0;22/10/2013 09:59:59},VB600_M{299000.0;20/09/2013 09:59:59},: costTime=3667
03/09 17:54:36:335 CCWS started
03/09 17:54:40:641 Testing connection ...
03/09 17:54:41:639 Created provisioning instance for CCWS
03/09 17:54:41:640 Testing connection are success
03/09 17:54:41:640 Starting process session
03/09 17:54:41:741 Total 0 instances are started
03/09 17:54:41:742 Total 1 instances are added
03/09 17:54:58:450 CCWS started
03/09 17:55:03:035 Testing connection ...
03/09 17:55:03:894 Created provisioning instance for CCWS
03/09 17:55:03:894 Testing connection are success
03/09 17:55:03:894 Starting process session
03/09 17:55:03:995 Total 0 instances are started
03/09 17:55:03:995 Total 1 instances are added
03/09 17:55:13:999 SEND: ID=91001: com.comverse_in.prepaid.ccws.ServiceSoapStub.retrieveSubscriberWithIdentityNoHistory{84922000514}
03/09 17:55:15:102 RECEIVE: ID=91001: cosname=MAIN_COS,status=Active,active_date=22/08/2013 00:38:45,{84922000514}Core{70000.0;05/12/2013 08:59:59},VOICE_ONNET{9000.0;08/09/2013 09:59:59},GPRS{2.5165824E8;24/11/2013 08:59:59},PROMOTION{1000.0;20/08/2023 09:59:59},VM18{10800.0;03/09/2013 09:59:59},PROMOTION_60{300.0;22/10/2013 09:59:59},VB600_M{299000.0;20/09/2013 09:59:59},: costTime=1103
03/09 17:55:15:103 orderId = 125407986 | requestId = 0 | userId = system | channel = SMS | serviceAddress = 268 | keyword = DOIDIEM 1000 | isdn = 84922000514 | subscriberType = 1 | shipTo =  | actionType = redeem | productId = 274 | commandId = 309 | request = ID=91001: com.comverse_in.prepaid.ccws.ServiceSoapStub.retrieveSubscriberWithIdentityNoHistory{84922000514} | response = ID=91001: cosname=MAIN_COS,status=Active,active_date=22/08/2013 00:38:45,{84922000514}Core{70000.0;05/12/2013 08:59:59},VOICE_ONNET{9000.0;08/09/2013 09:59:59},GPRS{2.5165824E8;24/11/2013 08:59:59},PROMOTION{1000.0;20/08/2023 09:59:59},VM18{10800.0;03/09/2013 09:59:59},PROMOTION_60{300.0;22/10/2013 09:59:59},VB600_M{299000.0;20/09/2013 09:59:59},: costTime=1103 | status = 1 | cause = success | description = cosname=MAIN_COS,status=Active,active_date=22/08/2013 00:38:45,{84922000514}Core{70000.0;05/12/2013 08:59:59},VOICE_ONNET{9000.0;08/09/2013 09:59:59},GPRS{2.5165824E8;24/11/2013 08:59:59},PROMOTION{1000.0;20/08/2023 09:59:59},VM18{10800.0;03/09/2013 09:59:59},PROMOTION_60{300.0;22/10/2013 09:59:59},VB600_M{299000.0;20/09/2013 09:59:59},
03/09 17:56:25:720 CCWS started
03/09 17:56:30:118 Testing connection ...
03/09 17:56:30:977 Created provisioning instance for CCWS
03/09 17:56:30:978 Testing connection are success
03/09 17:56:30:978 Starting process session
03/09 17:56:31:078 Total 0 instances are started
03/09 17:56:31:079 Total 1 instances are added
03/09 17:57:29:066 Created provisioning instance for CCWS
03/09 17:57:29:079 SEND: ID=92001: com.comverse_in.prepaid.ccws.ServiceSoapStub.retrieveSubscriberWithIdentityNoHistory{84922000514}
03/09 17:57:32:634 RECEIVE: ID=92001: cosname=MAIN_COS,status=Active,active_date=22/08/2013 00:38:45,{84922000514}Core{70000.0;05/12/2013 08:59:59},VOICE_ONNET{9000.0;08/09/2013 09:59:59},GPRS{2.5165824E8;24/11/2013 08:59:59},PROMOTION{1000.0;20/08/2023 09:59:59},VM18{10800.0;03/09/2013 09:59:59},PROMOTION_60{300.0;22/10/2013 09:59:59},VB600_M{299000.0;20/09/2013 09:59:59},: costTime=3553
03/09 18:02:37:714 CCWS started
03/09 18:02:42:193 Testing connection ...
03/09 18:02:43:019 Created provisioning instance for CCWS
03/09 18:02:43:020 Testing connection are success
03/09 18:02:43:020 Starting process session
03/09 18:02:43:120 Total 0 instances are started
03/09 18:02:43:122 Total 1 instances are added
03/09 18:03:23:377 Created provisioning instance for CCWS
03/09 18:03:23:391 SEND: ID=93001: com.comverse_in.prepaid.ccws.ServiceSoapStub.retrieveSubscriberWithIdentityNoHistory{84922000514}
03/09 18:03:26:907 RECEIVE: ID=93001: cosname=MAIN_COS,status=Active,active_date=22/08/2013 00:38:45,{84922000514}Core{70000.0;05/12/2013 08:59:59},VOICE_ONNET{9000.0;08/09/2013 09:59:59},GPRS{2.5165824E8;24/11/2013 08:59:59},PROMOTION{1000.0;20/08/2023 09:59:59},VM18{10800.0;03/09/2013 09:59:59},PROMOTION_60{300.0;22/10/2013 09:59:59},VB600_M{299000.0;20/09/2013 09:59:59},: costTime=3513
03/09 18:07:55:206 CCWS started
03/09 18:07:57:003 Testing connection ...
03/09 18:08:00:336 Created provisioning instance for CCWS
03/09 18:08:00:336 Testing connection are success
03/09 18:08:00:338 Starting process session
03/09 18:08:00:439 Total 0 instances are started
03/09 18:08:00:440 Total 1 instances are added
03/09 18:08:57:427 Created provisioning instance for CCWS
03/09 18:08:57:438 SEND: ID=94001: com.comverse_in.prepaid.ccws.ServiceSoapStub.retrieveSubscriberWithIdentityNoHistory{84922000514}
03/09 18:09:01:029 RECEIVE: ID=94001: cosname=MAIN_COS,status=Active,active_date=22/08/2013 00:38:45,{84922000514}Core{70000.0;05/12/2013 08:59:59},VOICE_ONNET{9000.0;08/09/2013 09:59:59},GPRS{2.5165824E8;24/11/2013 08:59:59},PROMOTION{1000.0;20/08/2023 09:59:59},VM18{10800.0;03/09/2013 09:59:59},PROMOTION_60{300.0;22/10/2013 09:59:59},VB600_M{299000.0;20/09/2013 09:59:59},: costTime=3589
03/09 18:11:10:883 orderId = 125407989 | requestId = 0 | userId = system | channel = SMS | serviceAddress = 268 | keyword = DOIDIEM 1000 | isdn = 84922000514 | subscriberType = 1 | shipTo =  | actionType = redeem | productId = 274 | commandId = 309 | request = ID=94001: com.comverse_in.prepaid.ccws.ServiceSoapStub.retrieveSubscriberWithIdentityNoHistory{84922000514} | response = ID=94001: cosname=MAIN_COS,status=Active,active_date=22/08/2013 00:38:45,{84922000514}Core{70000.0;05/12/2013 08:59:59},VOICE_ONNET{9000.0;08/09/2013 09:59:59},GPRS{2.5165824E8;24/11/2013 08:59:59},PROMOTION{1000.0;20/08/2023 09:59:59},VM18{10800.0;03/09/2013 09:59:59},PROMOTION_60{300.0;22/10/2013 09:59:59},VB600_M{299000.0;20/09/2013 09:59:59},: costTime=3589 | status = 1 | cause = success | description = cosname=MAIN_COS,status=Active,active_date=22/08/2013 00:38:45,{84922000514}Core{70000.0;05/12/2013 08:59:59},VOICE_ONNET{9000.0;08/09/2013 09:59:59},GPRS{2.5165824E8;24/11/2013 08:59:59},PROMOTION{1000.0;20/08/2023 09:59:59},VM18{10800.0;03/09/2013 09:59:59},PROMOTION_60{300.0;22/10/2013 09:59:59},VB600_M{299000.0;20/09/2013 09:59:59},
03/09 18:11:51:549 Created provisioning instance for CCWS
03/09 18:11:51:553 SEND: ID=94002: com.comverse_in.prepaid.ccws.ServiceSoapStub.retrieveSubscriberWithIdentityNoHistory{84922000514}
03/09 18:11:52:225 RECEIVE: ID=94002: cosname=MAIN_COS,status=Active,active_date=22/08/2013 00:38:45,{84922000514}Core{70000.0;05/12/2013 08:59:59},VOICE_ONNET{9000.0;08/09/2013 09:59:59},GPRS{2.5165824E8;24/11/2013 08:59:59},PROMOTION{1000.0;20/08/2023 09:59:59},VM18{10800.0;03/09/2013 09:59:59},PROMOTION_60{300.0;22/10/2013 09:59:59},VB600_M{299000.0;20/09/2013 09:59:59},: costTime=668
03/09 18:12:34:713 orderId = 125407990 | requestId = 0 | userId = system | channel = SMS | serviceAddress = 268 | keyword = DOIDIEM 1000 | isdn = 84922000514 | subscriberType = 1 | shipTo =  | actionType = redeem | productId = 274 | commandId = 309 | request = ID=94002: com.comverse_in.prepaid.ccws.ServiceSoapStub.retrieveSubscriberWithIdentityNoHistory{84922000514} | response = ID=94002: cosname=MAIN_COS,status=Active,active_date=22/08/2013 00:38:45,{84922000514}Core{70000.0;05/12/2013 08:59:59},VOICE_ONNET{9000.0;08/09/2013 09:59:59},GPRS{2.5165824E8;24/11/2013 08:59:59},PROMOTION{1000.0;20/08/2023 09:59:59},VM18{10800.0;03/09/2013 09:59:59},PROMOTION_60{300.0;22/10/2013 09:59:59},VB600_M{299000.0;20/09/2013 09:59:59},: costTime=668 | status = 1 | cause = success | description = cosname=MAIN_COS,status=Active,active_date=22/08/2013 00:38:45,{84922000514}Core{70000.0;05/12/2013 08:59:59},VOICE_ONNET{9000.0;08/09/2013 09:59:59},GPRS{2.5165824E8;24/11/2013 08:59:59},PROMOTION{1000.0;20/08/2023 09:59:59},VM18{10800.0;03/09/2013 09:59:59},PROMOTION_60{300.0;22/10/2013 09:59:59},VB600_M{299000.0;20/09/2013 09:59:59},
03/09 18:16:37:596 CCWS started
03/09 18:17:08:553 Testing connection ...
03/09 18:17:09:756 Created provisioning instance for CCWS
03/09 18:17:09:757 Testing connection are success
03/09 18:17:09:758 Starting process session
03/09 18:17:09:865 Total 0 instances are started
03/09 18:17:09:866 Total 1 instances are added
03/09 18:17:22:923 SEND: ID=95001: com.comverse_in.prepaid.ccws.ServiceSoapStub.retrieveSubscriberWithIdentityNoHistory{84922000514}
03/09 18:17:23:989 RECEIVE: ID=95001: cosname=MAIN_COS,status=Active,active_date=22/08/2013 00:38:45,{84922000514}Core{70000.0;05/12/2013 08:59:59},VOICE_ONNET{9000.0;08/09/2013 09:59:59},GPRS{2.5165824E8;24/11/2013 08:59:59},PROMOTION{1000.0;20/08/2023 09:59:59},VM18{10800.0;03/09/2013 09:59:59},PROMOTION_60{300.0;22/10/2013 09:59:59},VB600_M{299000.0;20/09/2013 09:59:59},: costTime=1065
03/09 18:22:01:308 CCWS started
03/09 18:22:06:014 Testing connection ...
03/09 18:22:06:960 Created provisioning instance for CCWS
03/09 18:22:06:960 Testing connection are success
03/09 18:22:06:961 Starting process session
03/09 18:22:07:061 Total 0 instances are started
03/09 18:22:07:061 Total 1 instances are added
03/09 18:22:36:491 SEND: ID=96001: com.comverse_in.prepaid.ccws.ServiceSoapStub.retrieveSubscriberWithIdentityNoHistory{84922000514}
03/09 18:22:37:684 RECEIVE: ID=96001: cosname=MAIN_COS,status=Active,active_date=22/08/2013 00:38:45,{84922000514}Core{70000.0;05/12/2013 08:59:59},VOICE_ONNET{9000.0;08/09/2013 09:59:59},GPRS{2.5165824E8;24/11/2013 08:59:59},PROMOTION{1000.0;20/08/2023 09:59:59},VM18{10800.0;03/09/2013 09:59:59},PROMOTION_60{300.0;22/10/2013 09:59:59},VB600_M{299000.0;20/09/2013 09:59:59},: costTime=1191
03/09 18:44:53:858 CCWS started
03/09 18:44:57:965 Testing connection ...
03/09 18:44:58:684 Created provisioning instance for CCWS
03/09 18:44:58:685 Testing connection are success
03/09 18:44:58:685 Starting process session
03/09 18:44:58:785 Total 0 instances are started
03/09 18:44:58:786 Total 1 instances are added
03/09 18:46:38:286 Created provisioning instance for CCWS
03/09 18:46:38:301 SEND: ID=97001: com.comverse_in.prepaid.ccws.ServiceSoapStub.retrieveSubscriberWithIdentityNoHistory{84922000514}
03/09 18:46:39:159 RECEIVE: ID=97001: cosname=MAIN_COS,status=Active,active_date=22/08/2013 00:38:45,{84922000514}Core{70000.0;05/12/2013 08:59:59},VOICE_ONNET{9000.0;08/09/2013 09:59:59},GPRS{2.5165824E8;24/11/2013 08:59:59},PROMOTION{1000.0;20/08/2023 09:59:59},VM18{10800.0;03/09/2013 09:59:59},PROMOTION_60{300.0;22/10/2013 09:59:59},VB600_M{299000.0;20/09/2013 09:59:59},: costTime=856
03/09 18:46:39:215 orderId = 125407993 | requestId = 0 | userId = system | channel = SMS | serviceAddress = 268 | keyword = DOIDIEM 1000 | isdn = 84922000514 | subscriberType = 1 | shipTo =  | actionType = redeem | productId = 274 | commandId = 309 | request = ID=97001: com.comverse_in.prepaid.ccws.ServiceSoapStub.retrieveSubscriberWithIdentityNoHistory{84922000514} | response = ID=97001: cosname=MAIN_COS,status=Active,active_date=22/08/2013 00:38:45,{84922000514}Core{70000.0;05/12/2013 08:59:59},VOICE_ONNET{9000.0;08/09/2013 09:59:59},GPRS{2.5165824E8;24/11/2013 08:59:59},PROMOTION{1000.0;20/08/2023 09:59:59},VM18{10800.0;03/09/2013 09:59:59},PROMOTION_60{300.0;22/10/2013 09:59:59},VB600_M{299000.0;20/09/2013 09:59:59},: costTime=856 | status = 4 | cause = CCWS unknown: java.lang.NullPointerException | description = cosname=MAIN_COS,status=Active,active_date=22/08/2013 00:38:45,{84922000514}Core{70000.0;05/12/2013 08:59:59},VOICE_ONNET{9000.0;08/09/2013 09:59:59},GPRS{2.5165824E8;24/11/2013 08:59:59},PROMOTION{1000.0;20/08/2023 09:59:59},VM18{10800.0;03/09/2013 09:59:59},PROMOTION_60{300.0;22/10/2013 09:59:59},VB600_M{299000.0;20/09/2013 09:59:59},
