23/08 15:24:45:641 CCWS started
23/08 15:24:54:395 java.lang.ClassNotFoundException: com.crm.provisioning.impl.vas.VASCommandImpl
23/08 15:24:54:396 End of process session
23/08 15:26:34:429 java.lang.ClassNotFoundException: com.crm.provisioning.impl.vas.VASCommandImpl
23/08 15:26:34:430 End of process session
23/08 15:28:14:466 java.lang.ClassNotFoundException: com.crm.provisioning.impl.vas.VASCommandImpl
23/08 15:28:14:467 End of process session
23/08 15:29:54:496 java.lang.ClassNotFoundException: com.crm.provisioning.impl.vas.VASCommandImpl
23/08 15:29:54:497 End of process session
23/08 15:31:34:526 java.lang.ClassNotFoundException: com.crm.provisioning.impl.vas.VASCommandImpl
23/08 15:31:34:527 End of process session
23/08 15:33:14:559 java.lang.ClassNotFoundException: com.crm.provisioning.impl.vas.VASCommandImpl
23/08 15:33:14:560 End of process session
23/08 15:34:54:591 java.lang.ClassNotFoundException: com.crm.provisioning.impl.vas.VASCommandImpl
23/08 15:34:54:591 End of process session
23/08 15:36:34:752 java.lang.ClassNotFoundException: com.crm.provisioning.impl.vas.VASCommandImpl
23/08 15:36:34:752 End of process session
23/08 15:38:14:809 java.lang.ClassNotFoundException: com.crm.provisioning.impl.vas.VASCommandImpl
23/08 15:38:14:810 End of process session
23/08 15:39:54:846 java.lang.ClassNotFoundException: com.crm.provisioning.impl.vas.VASCommandImpl
23/08 15:39:54:847 End of process session
23/08 15:41:34:889 java.lang.ClassNotFoundException: com.crm.provisioning.impl.vas.VASCommandImpl
23/08 15:41:34:913 End of process session
23/08 15:43:14:954 java.lang.ClassNotFoundException: com.crm.provisioning.impl.vas.VASCommandImpl
23/08 15:43:14:954 End of process session
23/08 15:52:56:172 CCWS started
23/08 15:53:00:093 Testing connection ...
23/08 15:53:08:495 Created provisioning instance for CCWS
23/08 15:53:08:496 Testing connection are success
23/08 15:53:08:497 Starting process session
23/08 15:53:08:599 Total 0 instances are started
23/08 15:53:08:600 Total 1 instances are added
23/08 16:01:41:637 CCWS started
23/08 16:01:43:978 Testing connection ...
23/08 16:01:47:895 Created provisioning instance for CCWS
23/08 16:01:47:897 Testing connection are success
23/08 16:01:47:897 Starting process session
23/08 16:01:47:998 Total 0 instances are started
23/08 16:01:47:999 Total 1 instances are added
23/08 16:05:29:424 CCWS started
23/08 16:05:33:402 Testing connection ...
23/08 16:05:35:531 Created provisioning instance for CCWS
23/08 16:05:35:532 Testing connection are success
23/08 16:05:35:533 Starting process session
23/08 16:05:35:634 Total 0 instances are started
23/08 16:05:35:637 Total 1 instances are added
23/08 16:39:07:436 CCWS started
23/08 16:39:11:188 java.lang.ClassNotFoundException: com.crm.provisioning.impl.LoyaltyImpl
23/08 16:39:11:189 End of process session
23/08 16:40:51:367 java.lang.ClassNotFoundException: com.crm.provisioning.impl.LoyaltyImpl
23/08 16:40:51:370 End of process session
23/08 16:41:31:496 CCWS started
23/08 16:41:32:579 java.lang.ClassNotFoundException: com.crm.provisioning.impl.LoyaltyImpl
23/08 16:41:32:579 End of process session
23/08 16:43:12:712 java.lang.ClassNotFoundException: com.crm.provisioning.impl.LoyaltyImpl
23/08 16:43:12:713 End of process session
23/08 16:44:52:784 java.lang.ClassNotFoundException: com.crm.provisioning.impl.LoyaltyImpl
23/08 16:44:52:785 End of process session
23/08 16:45:22:524 CCWS started
23/08 16:45:27:246 java.lang.ClassNotFoundException: com.crm.provisioning.impl.LoyaltyImpl
23/08 16:45:27:247 End of process session
23/08 16:47:07:461 java.lang.ClassNotFoundException: com.crm.provisioning.impl.LoyaltyImpl
23/08 16:47:07:461 End of process session
23/08 16:48:47:544 Testing connection ...
23/08 16:48:49:141 Created provisioning instance for CCWS
23/08 16:48:49:142 Testing connection are success
23/08 16:48:49:142 Starting process session
23/08 16:48:49:243 Total 0 instances are started
23/08 16:48:49:244 Total 1 instances are added
23/08 16:48:59:751 CCWS started
23/08 16:49:04:001 Testing connection ...
23/08 16:49:06:519 Created provisioning instance for CCWS
23/08 16:49:06:519 Testing connection are success
23/08 16:49:06:520 Starting process session
23/08 16:49:06:620 Total 0 instances are started
23/08 16:49:06:621 Total 1 instances are added
