13/05 14:31:42:737 CCWS started
13/05 14:31:42:750 Testing connection ...
13/05 14:31:42:753 Created provisioning instance for CCWS
13/05 14:31:42:753 Testing connection are success
13/05 14:31:42:754 Starting process session
13/05 14:31:42:854 Total 0 instances are started
13/05 14:31:42:854 Init queue connection pool 1399966302854
13/05 14:31:42:855 Total 1 instances are added
13/05 14:44:48:831 CCWS started
13/05 14:44:48:845 Testing connection ...
13/05 14:44:48:851 Created provisioning instance for CCWS
13/05 14:44:48:852 Testing connection are success
13/05 14:44:48:852 Starting process session
13/05 14:44:48:953 Total 0 instances are started
13/05 14:44:48:953 Init queue connection pool 1399967088953
13/05 14:44:48:954 Total 1 instances are added
13/05 15:05:22:299 CCWS started
13/05 15:05:22:313 Testing connection ...
13/05 15:05:22:318 Created provisioning instance for CCWS
13/05 15:05:22:319 Testing connection are success
13/05 15:05:22:319 Starting process session
13/05 15:05:22:420 Total 0 instances are started
13/05 15:05:22:420 Init queue connection pool 1399968322420
13/05 15:05:22:422 Total 1 instances are added
13/05 15:09:23:275 CCWS started
13/05 15:09:23:284 Testing connection ...
13/05 15:09:23:287 Created provisioning instance for CCWS
13/05 15:09:23:288 Testing connection are success
13/05 15:09:24:762 Starting process session
13/05 15:09:24:863 Total 0 instances are started
13/05 15:09:24:864 Total 1 instances are added
13/05 15:09:24:864 Init queue connection pool 1399968564863
13/05 15:21:50:285 CCWS started
13/05 15:21:50:299 Testing connection ...
13/05 15:21:50:304 Created provisioning instance for CCWS
13/05 15:21:50:305 Testing connection are success
13/05 15:21:50:306 Starting process session
13/05 15:21:50:406 Total 0 instances are started
13/05 15:21:50:406 Init queue connection pool 1399969310406
13/05 15:21:50:407 Total 1 instances are added
13/05 15:36:56:972 CCWS started
13/05 15:36:56:987 Testing connection ...
13/05 15:36:56:990 Created provisioning instance for CCWS
13/05 15:36:56:991 Testing connection are success
13/05 15:36:56:994 Starting process session
13/05 15:36:57:095 Total 0 instances are started
13/05 15:36:57:095 Init queue connection pool 1399970217095
13/05 15:36:57:096 Total 1 instances are added
13/05 16:08:44:510 CCWS started
13/05 16:08:44:523 Testing connection ...
13/05 16:08:44:528 Created provisioning instance for CCWS
13/05 16:08:44:529 Testing connection are success
13/05 16:08:44:530 Starting process session
13/05 16:08:44:631 Total 0 instances are started
13/05 16:08:44:632 Total 1 instances are added
13/05 16:08:44:631 Init queue connection pool 1399972124631
13/05 16:25:00:364 CCWS started
13/05 16:25:00:378 Testing connection ...
13/05 16:25:00:384 Created provisioning instance for CCWS
13/05 16:25:00:385 Testing connection are success
13/05 16:25:00:385 Starting process session
13/05 16:25:00:486 Total 0 instances are started
13/05 16:25:00:486 Init queue connection pool 1399973100486
13/05 16:25:00:487 Total 1 instances are added
13/05 16:54:48:056 CCWS started
13/05 16:54:48:070 Testing connection ...
13/05 16:54:48:075 Created provisioning instance for CCWS
13/05 16:54:48:076 Testing connection are success
13/05 16:54:48:077 Starting process session
13/05 16:54:48:177 Total 0 instances are started
13/05 16:54:48:177 Init queue connection pool 1399974888177
13/05 16:54:48:178 Total 1 instances are added
13/05 17:36:25:920 CCWS started
13/05 17:36:25:931 Testing connection ...
13/05 17:36:25:935 Created provisioning instance for CCWS
13/05 17:36:25:936 Testing connection are success
13/05 17:36:25:936 Starting process session
13/05 17:36:26:037 Total 0 instances are started
13/05 17:36:26:038 Total 1 instances are added
13/05 17:36:26:038 Init queue connection pool 1399977386038
13/05 18:37:00:786 CCWS started
13/05 18:37:00:794 Testing connection ...
13/05 18:37:00:797 Created provisioning instance for CCWS
13/05 18:37:00:798 Testing connection are success
13/05 18:37:00:798 Starting process session
13/05 18:37:00:898 Total 0 instances are started
13/05 18:37:00:899 Total 1 instances are added
13/05 18:37:00:900 Init queue connection pool 1399981020900
