24/09 10:54:40:429 CRM started
24/09 10:54:40:943 Testing connection ...
24/09 10:54:40:945 Created provisioning instance for CRM
24/09 10:54:41:043 Testing connection are success
24/09 10:54:41:044 Starting process session
24/09 10:54:41:212 Total 0 instances are started
24/09 10:54:41:213 Total 1 instances are added
24/09 11:03:27:846 CRM started
24/09 11:03:28:173 Testing connection ...
24/09 11:03:28:175 Created provisioning instance for CRM
24/09 11:03:28:181 Testing connection are success
24/09 11:03:28:185 Starting process session
24/09 11:03:28:287 Total 0 instances are started
24/09 11:03:28:290 Total 1 instances are added
24/09 11:24:56:145 CRM started
24/09 11:24:56:185 Testing connection ...
24/09 11:24:56:186 Created provisioning instance for CRM
24/09 11:24:56:187 Testing connection are success
24/09 11:24:56:188 Starting process session
24/09 11:24:56:293 Total 0 instances are started
24/09 11:24:56:294 Total 1 instances are added
