20/09 10:52:33:414 CRM started
20/09 10:52:35:179 Testing connection ...
20/09 10:52:35:181 Created provisioning instance for CRM
20/09 10:52:35:183 Testing connection are success
20/09 10:52:35:183 Starting process session
20/09 10:52:35:401 Total 0 instances are started
20/09 10:52:35:403 Total 1 instances are added
20/09 10:57:01:214 SEND: ID=283001: com.crm.provisioning.impl.CommandImpl.unregister{84922000514, 274}
20/09 10:57:01:233 RECEIVE: ID=283001: success: costTime=18
20/09 10:57:01:234 sendNotify: 84922000514 - B?n ?ã h?y thành công d?ch v? LOYALTY
20/09 10:57:01:235 orderId = 0 | requestId = 0 | userId = system | channel = SMS | serviceAddress = 268 | keyword = HUY CAM | isdn = 84922000514 | subscriberType = 1 | shipTo =  | actionType = unregister | productId = 274 | commandId = 13121 | request = ID=283001: com.crm.provisioning.impl.CommandImpl.unregister{84922000514, 274} | response = ID=283001: success: costTime=18 | status = 0 | cause = success | description = success
20/09 11:43:51:011 sendNotify: 84922000514 - Quy khach chua dang ky tham gia Cau lac bo CAM, vui long dang ky: DK CAM gui 268 de duoc tich luy va doi diem cua chuong trinh. Chi tiet 789
20/09 11:43:51:012 orderId = 125410140 | requestId = 0 | userId = system | channel = SMS | serviceAddress = 268 | keyword = DOI DIEM 100 | isdn = 84922000514 | subscriberType = 1 | shipTo =  | actionType = redeem | productId = 274 | commandId = 300 | request =  | response =  | status = 4 | cause = unknow-member | description = 
20/09 11:44:57:526 SEND: ID=283003: com.crm.provisioning.impl.CommandImpl.register{84922000514, 274}
20/09 11:44:57:562 RECEIVE: ID=283003: success: costTime=35
20/09 11:44:57:569 sendNotify: 84922000514 - Chuc mung Quy khach da ra nhap Cau lac bo CAM cua Vietnamobile. Hay tiep tuc su dung Vietnamobile de tich luy nhieu diem va nhan duoc nhieu uu dai cua chuong trinh. Chi tiet 789
20/09 11:44:57:570 orderId = 125410142 | requestId = 0 | userId = system | channel = SMS | serviceAddress = 268 | keyword = DK CAM | isdn = 84922000514 | subscriberType = 1 | shipTo =  | actionType = register | productId = 274 | commandId = 13119 | request = ID=283003: com.crm.provisioning.impl.CommandImpl.register{84922000514, 274} | response = ID=283003: success: costTime=35 | status = 0 | cause = success | description = success
20/09 11:46:51:662 sendNotify: 84922000514 - Chuong trinh DOI DIEM chi ap dung cho thue bao dang ky tham gia Cau lac bo CAM tu 03 thang tro len. Chi tiet 789
20/09 11:46:51:663 orderId = 125410144 | requestId = 0 | userId = system | channel = SMS | serviceAddress = 268 | keyword = DOI DIEM 100 | isdn = 84922000514 | subscriberType = 1 | shipTo =  | actionType = redeem | productId = 274 | commandId = 300 | request =  | response =  | status = 4 | cause = invalid-active-date | description = 
20/09 11:47:23:104 sendNotify: 84922000514 - Quy khach da doi thanh cong 100 diem thanh tien su dung dich vu. So tien tuong ung la 2500 se duoc cong  vao tai khoan TKKM2, su dung goi va nhan tin lien mang, data.
20/09 11:47:23:105 orderId = 125410145 | requestId = 0 | userId = system | channel = SMS | serviceAddress = 268 | keyword = DOI DIEM 100 | isdn = 84922000514 | subscriberType = 1 | shipTo =  | actionType = redeem | productId = 274 | commandId = 384 | request =  | response =  | status = 0 | cause = success | description = 
20/09 11:49:04:877 sendNotify: 84922000514 - Chuong trinh DOI DIEM chi ap dung cho thue bao dang ky tham gia Cau lac bo CAM tu 03 thang tro len. Chi tiet 789
20/09 11:49:04:878 orderId = 125410146 | requestId = 0 | userId = system | channel = SMS | serviceAddress = 268 | keyword = DOI DIEM 100 | isdn = 84922000514 | subscriberType = 1 | shipTo =  | actionType = redeem | productId = 274 | commandId = 300 | request =  | response =  | status = 4 | cause = invalid-active-date | description = 
20/09 11:50:08:945 sendNotify: 84922000514 - Chuong trinh DOI DIEM chi ap dung cho thue bao dang ky tham gia Cau lac bo CAM tu 03 thang tro len. Chi tiet 789
20/09 11:50:08:946 orderId = 125410147 | requestId = 0 | userId = system | channel = SMS | serviceAddress = 268 | keyword = DOI DIEM 100 | isdn = 84922000514 | subscriberType = 1 | shipTo =  | actionType = redeem | productId = 274 | commandId = 300 | request =  | response =  | status = 4 | cause = invalid-active-date | description = 
20/09 14:20:45:976 CRM started
20/09 14:20:49:626 Testing connection ...
20/09 14:20:49:627 Created provisioning instance for CRM
20/09 14:20:49:630 Testing connection are success
20/09 14:20:49:631 Starting process session
20/09 14:20:49:805 Total 0 instances are started
20/09 14:20:49:806 Total 1 instances are added
20/09 14:22:06:773 SEND: ID=284001: com.crm.provisioning.impl.CommandImpl.unregister{84922000514, 274}
20/09 14:22:06:788 RECEIVE: ID=284001: success: costTime=15
20/09 14:22:06:793 sendNotify: 84922000514 - B?n ?ã h?y thành công d?ch v? LOYALTY
20/09 14:22:06:794 orderId = 0 | requestId = 0 | userId = system | channel = SMS | serviceAddress = 268 | keyword = HUY CAM | isdn = 84922000514 | subscriberType = 1 | shipTo =  | actionType = unregister | productId = 274 | commandId = 13121 | request = ID=284001: com.crm.provisioning.impl.CommandImpl.unregister{84922000514, 274} | response = ID=284001: success: costTime=15 | status = 0 | cause = success | description = success
20/09 14:23:05:476 SEND: ID=284003: com.crm.provisioning.impl.CommandImpl.register{84922000514, 274}
20/09 14:23:05:500 RECEIVE: ID=284003: success: costTime=22
20/09 14:23:05:507 sendNotify: 84922000514 - Chuc mung Quy khach da ra nhap Cau lac bo CAM cua Vietnamobile. Hay tiep tuc su dung Vietnamobile de tich luy nhieu diem va nhan duoc nhieu uu dai cua chuong trinh. Chi tiet 789
20/09 14:23:05:507 orderId = 125410149 | requestId = 0 | userId = system | channel = SMS | serviceAddress = 268 | keyword = DK CAM | isdn = 84922000514 | subscriberType = 1 | shipTo =  | actionType = register | productId = 274 | commandId = 13119 | request = ID=284003: com.crm.provisioning.impl.CommandImpl.register{84922000514, 274} | response = ID=284003: success: costTime=22 | status = 0 | cause = success | description = success
20/09 14:31:36:734 SEND: ID=284004: com.crm.provisioning.impl.CommandImpl.unregister{84922000514, 274}
20/09 14:31:36:754 RECEIVE: ID=284004: success: costTime=20
20/09 14:31:36:755 sendNotify: 84922000514 - B?n ?ã h?y thành công d?ch v? LOYALTY
20/09 14:31:36:756 orderId = 0 | requestId = 0 | userId = system | channel = SMS | serviceAddress = 268 | keyword = HUY CAM | isdn = 84922000514 | subscriberType = 1 | shipTo =  | actionType = unregister | productId = 274 | commandId = 13121 | request = ID=284004: com.crm.provisioning.impl.CommandImpl.unregister{84922000514, 274} | response = ID=284004: success: costTime=20 | status = 0 | cause = success | description = success
20/09 14:31:58:570 SEND: ID=284006: com.crm.provisioning.impl.CommandImpl.register{84922000514, 274}
20/09 14:31:58:591 RECEIVE: ID=284006: success: costTime=20
20/09 14:31:58:599 sendNotify: 84922000514 - Chuc mung Quy khach da ra nhap Cau lac bo CAM cua Vietnamobile. Hay tiep tuc su dung Vietnamobile de tich luy nhieu diem va nhan duoc nhieu uu dai cua chuong trinh. Chi tiet 789
20/09 14:31:58:599 orderId = 125410150 | requestId = 0 | userId = system | channel = SMS | serviceAddress = 268 | keyword = DK CAM | isdn = 84922000514 | subscriberType = 1 | shipTo =  | actionType = register | productId = 274 | commandId = 13119 | request = ID=284006: com.crm.provisioning.impl.CommandImpl.register{84922000514, 274} | response = ID=284006: success: costTime=20 | status = 0 | cause = success | description = success
20/09 14:35:13:630 SEND: ID=284007: com.crm.provisioning.impl.CommandImpl.unregister{84922000514, 274}
20/09 14:35:13:651 RECEIVE: ID=284007: success: costTime=19
20/09 14:35:13:652 sendNotify: 84922000514 - B?n ?ã h?y thành công d?ch v? LOYALTY
20/09 14:35:13:652 orderId = 0 | requestId = 0 | userId = system | channel = SMS | serviceAddress = 268 | keyword = HUY CAM | isdn = 84922000514 | subscriberType = 1 | shipTo =  | actionType = unregister | productId = 274 | commandId = 13121 | request = ID=284007: com.crm.provisioning.impl.CommandImpl.unregister{84922000514, 274} | response = ID=284007: success: costTime=19 | status = 0 | cause = success | description = success
20/09 14:36:17:475 Close pool
20/09 14:36:17:576 Close queue connection pool.
20/09 14:36:17:581 End of process session
20/09 14:36:17:582 CRM stopped
20/09 14:36:19:402 CRM started
20/09 14:36:19:424 Close pool
20/09 14:36:19:424 Close pool
20/09 14:36:19:425 Testing connection ...
20/09 14:36:19:425 Created provisioning instance for CRM
20/09 14:36:19:426 Testing connection are success
20/09 14:36:19:426 Starting process session
20/09 14:36:19:527 Total 0 instances are started
20/09 14:36:19:528 Total 1 instances are added
20/09 14:41:52:045 CRM started
20/09 14:41:52:068 Testing connection ...
20/09 14:41:52:069 Created provisioning instance for CRM
20/09 14:41:52:069 Testing connection are success
20/09 14:41:52:070 Starting process session
20/09 14:41:52:175 Total 0 instances are started
20/09 14:41:52:176 Total 1 instances are added
20/09 14:41:57:076 Close pool
20/09 14:41:57:177 Close queue connection pool.
20/09 14:41:57:186 End of process session
20/09 14:41:57:191 CRM stopped
20/09 14:41:59:065 CRM started
20/09 14:41:59:088 Close pool
20/09 14:41:59:088 Close pool
20/09 14:41:59:089 Testing connection ...
20/09 14:41:59:089 Created provisioning instance for CRM
20/09 14:41:59:090 Testing connection are success
20/09 14:41:59:090 Starting process session
20/09 14:41:59:191 Total 0 instances are started
20/09 14:41:59:192 Total 1 instances are added
20/09 14:42:38:098 Close pool
20/09 14:42:38:198 Close queue connection pool.
20/09 14:42:38:205 End of process session
20/09 14:42:38:206 CRM stopped
20/09 14:42:40:087 CRM started
20/09 14:42:40:112 Close pool
20/09 14:42:40:113 Close pool
20/09 14:42:40:113 Testing connection ...
20/09 14:42:40:113 Created provisioning instance for CRM
20/09 14:42:40:114 Testing connection are success
20/09 14:42:40:114 Starting process session
20/09 14:42:40:215 Total 0 instances are started
20/09 14:42:40:216 Total 1 instances are added
20/09 14:48:58:096 SEND: ID=285005: com.crm.provisioning.impl.CommandImpl.register{84922000514, 274}
20/09 14:49:07:430 RECEIVE: ID=285005: success: costTime=9333
20/09 14:49:07:480 orderId = 125410155 | requestId = 0 | userId = system | channel = SMS | serviceAddress = 268 | keyword = DK CAM | isdn = 84922000514 | subscriberType = 1 | shipTo =  | actionType = register | productId = 274 | commandId = 521 | request = ID=285005: com.crm.provisioning.impl.CommandImpl.register{84922000514, 274} | response = ID=285005: success: costTime=9333 | status = 4 | cause = error_register_balance | description = success
20/09 14:53:19:620 SEND: ID=285006: com.crm.provisioning.impl.CommandImpl.unregister{84922000514, 274}
20/09 14:53:19:637 RECEIVE: ID=285006: success: costTime=16
20/09 14:53:19:639 sendNotify: 84922000514 - B?n ?ã h?y thành công d?ch v? LOYALTY
20/09 14:53:19:640 orderId = 0 | requestId = 0 | userId = system | channel = SMS | serviceAddress = 268 | keyword = HUY CAM | isdn = 84922000514 | subscriberType = 1 | shipTo =  | actionType = unregister | productId = 274 | commandId = 13121 | request = ID=285006: com.crm.provisioning.impl.CommandImpl.unregister{84922000514, 274} | response = ID=285006: success: costTime=16 | status = 0 | cause = success | description = success
20/09 14:57:16:653 CRM started
20/09 14:57:18:308 Testing connection ...
20/09 14:57:18:310 Created provisioning instance for CRM
20/09 14:57:18:312 Testing connection are success
20/09 14:57:18:313 Starting process session
20/09 14:57:18:425 Total 0 instances are started
20/09 14:57:18:426 Total 1 instances are added
20/09 14:58:12:090 SEND: ID=286002: com.crm.provisioning.impl.CommandImpl.register{84922000514, 274}
20/09 14:59:20:125 RECEIVE: ID=286002: success: costTime=68031
20/09 14:59:26:887 orderId = 125410157 | requestId = 0 | userId = system | channel = SMS | serviceAddress = 268 | keyword = DK CAM | isdn = 84922000514 | subscriberType = 1 | shipTo =  | actionType = register | productId = 274 | commandId = 521 | request = ID=286002: com.crm.provisioning.impl.CommandImpl.register{84922000514, 274} | response = ID=286002: success: costTime=68031 | status = 4 | cause = error_register_balance | description = success
20/09 15:07:51:389 CRM started
20/09 15:07:52:978 Testing connection ...
20/09 15:07:52:981 Created provisioning instance for CRM
20/09 15:07:52:983 Testing connection are success
20/09 15:07:52:985 Starting process session
20/09 15:07:53:099 Total 0 instances are started
20/09 15:07:53:100 Total 1 instances are added
20/09 15:20:26:948 SEND: ID=287001: com.crm.provisioning.impl.CommandImpl.unregister{84922000514, 274}
20/09 15:21:38:283 RECEIVE: ID=287001: success: costTime=71334
20/09 15:21:38:285 sendNotify: 84922000514 - B?n ?ã h?y thành công d?ch v? LOYALTY
20/09 15:21:38:285 orderId = 0 | requestId = 0 | userId = system | channel = SMS | serviceAddress = 268 | keyword = HUY CAM | isdn = 84922000514 | subscriberType = 1 | shipTo =  | actionType = unregister | productId = 274 | commandId = 13121 | request = ID=287001: com.crm.provisioning.impl.CommandImpl.unregister{84922000514, 274} | response = ID=287001: success: costTime=71334 | status = 0 | cause = success | description = success
20/09 15:25:52:319 CRM started
20/09 15:25:54:011 Testing connection ...
20/09 15:25:54:012 Created provisioning instance for CRM
20/09 15:25:54:014 Testing connection are success
20/09 15:25:54:015 Starting process session
20/09 15:25:54:122 Total 0 instances are started
20/09 15:25:54:123 Total 1 instances are added
20/09 15:27:08:595 Close pool
20/09 15:27:08:696 Close queue connection pool.
20/09 15:27:08:703 End of process session
20/09 15:27:08:704 CRM stopped
20/09 15:27:10:583 CRM started
20/09 15:27:10:606 Close pool
20/09 15:27:10:607 Close pool
20/09 15:27:10:607 Testing connection ...
20/09 15:27:10:607 Created provisioning instance for CRM
20/09 15:27:10:608 Testing connection are success
20/09 15:27:10:608 Starting process session
20/09 15:27:10:709 Total 0 instances are started
20/09 15:27:10:710 Total 1 instances are added
20/09 15:32:42:157 CRM started
20/09 15:32:43:753 Testing connection ...
20/09 15:32:43:755 Created provisioning instance for CRM
20/09 15:32:43:757 Testing connection are success
20/09 15:32:43:758 Starting process session
20/09 15:32:43:871 Total 0 instances are started
20/09 15:32:43:872 Total 1 instances are added
20/09 15:34:13:316 CRM started
20/09 15:34:14:932 Testing connection ...
20/09 15:34:14:934 Created provisioning instance for CRM
20/09 15:34:14:936 Testing connection are success
20/09 15:34:14:936 Starting process session
20/09 15:34:15:043 Total 0 instances are started
20/09 15:34:15:044 Total 1 instances are added
20/09 15:36:02:254 CRM started
20/09 15:36:03:838 Testing connection ...
20/09 15:36:03:840 Created provisioning instance for CRM
20/09 15:36:03:842 Testing connection are success
20/09 15:36:03:843 Starting process session
20/09 15:36:03:951 Total 0 instances are started
20/09 15:36:03:952 Total 1 instances are added
20/09 15:36:27:854 sendNotify: 84922000514 - Chuc mung Quy khach da ra nhap Cau lac bo CAM cua Vietnamobile. Hay tiep tuc su dung Vietnamobile de tich luy nhieu diem va nhan duoc nhieu uu dai cua chuong trinh. Chi tiet 789
20/09 15:36:27:855 orderId = 125410164 | requestId = 0 | userId = system | channel = SMS | serviceAddress = 268 | keyword = DK CAM | isdn = 84922000514 | subscriberType = 1 | shipTo =  | actionType = register | productId = 274 | commandId = 521 | request =  | response =  | status = 0 | cause = success | description = 
20/09 15:38:30:764 CRM started
20/09 15:38:32:406 Testing connection ...
20/09 15:38:32:408 Created provisioning instance for CRM
20/09 15:38:32:410 Testing connection are success
20/09 15:38:32:410 Starting process session
20/09 15:38:32:519 Total 0 instances are started
20/09 15:38:32:519 Total 1 instances are added
20/09 15:39:00:379 SEND: ID=292002: com.crm.provisioning.impl.CommandImpl.register{84922000514, 274}
20/09 15:39:00:418 RECEIVE: ID=292002: success: costTime=36
20/09 15:39:04:023 sendNotify: 84922000514 - Chuc mung Quy khach da ra nhap Cau lac bo CAM cua Vietnamobile. Hay tiep tuc su dung Vietnamobile de tich luy nhieu diem va nhan duoc nhieu uu dai cua chuong trinh. Chi tiet 789
20/09 15:39:04:025 orderId = 125410166 | requestId = 0 | userId = system | channel = SMS | serviceAddress = 268 | keyword = DK CAM | isdn = 84922000514 | subscriberType = 1 | shipTo =  | actionType = register | productId = 274 | commandId = 521 | request = ID=292002: com.crm.provisioning.impl.CommandImpl.register{84922000514, 274} | response = ID=292002: success: costTime=36 | status = 0 | cause = success | description = success
