05/09 08:46:51:623 CRM started
05/09 08:46:55:008 Testing connection ...
05/09 08:46:55:010 Created provisioning instance for CRM
05/09 08:46:55:023 Testing connection are success
05/09 08:46:55:029 Starting process session
05/09 08:46:55:131 Total 0 instances are started
05/09 08:46:55:132 Total 1 instances are added
05/09 08:53:25:586 CRM started
05/09 08:53:28:896 Testing connection ...
05/09 08:53:28:903 Created provisioning instance for CRM
05/09 08:53:28:903 Testing connection are success
05/09 08:53:28:904 Starting process session
05/09 08:53:29:005 Total 0 instances are started
05/09 08:53:29:006 Total 1 instances are added
05/09 08:58:23:423 CRM started
05/09 08:58:26:582 Testing connection ...
05/09 08:58:26:583 Created provisioning instance for CRM
05/09 08:58:26:584 Testing connection are success
05/09 08:58:26:585 Starting process session
05/09 08:58:26:691 Total 0 instances are started
05/09 08:58:26:692 Total 1 instances are added
05/09 09:02:23:463 CRM started
05/09 09:02:26:665 Testing connection ...
05/09 09:02:26:666 Created provisioning instance for CRM
05/09 09:02:26:667 Testing connection are success
05/09 09:02:26:668 Starting process session
05/09 09:02:26:770 Total 0 instances are started
05/09 09:02:26:771 Total 1 instances are added
05/09 09:03:44:085 CRM started
05/09 09:03:47:291 Testing connection ...
05/09 09:03:47:293 Created provisioning instance for CRM
05/09 09:03:47:297 Testing connection are success
05/09 09:03:47:298 Starting process session
05/09 09:03:47:404 Total 0 instances are started
05/09 09:03:47:404 Total 1 instances are added
05/09 09:04:15:863 CRM started
05/09 09:04:18:497 Testing connection ...
05/09 09:04:18:498 Created provisioning instance for CRM
05/09 09:04:18:499 Testing connection are success
05/09 09:04:18:500 Starting process session
05/09 09:04:18:601 Total 0 instances are started
05/09 09:04:18:601 Total 1 instances are added
05/09 09:10:25:269 CRM started
05/09 09:10:28:428 Testing connection ...
05/09 09:10:28:430 Created provisioning instance for CRM
05/09 09:10:28:431 Testing connection are success
05/09 09:10:28:432 Starting process session
05/09 09:10:28:533 Total 0 instances are started
05/09 09:10:28:533 Total 1 instances are added
05/09 09:12:06:786 CRM started
05/09 09:12:10:174 Testing connection ...
05/09 09:12:10:176 Created provisioning instance for CRM
05/09 09:12:10:177 Testing connection are success
05/09 09:12:10:177 Starting process session
05/09 09:12:10:279 Total 0 instances are started
05/09 09:12:10:279 Total 1 instances are added
05/09 09:14:22:778 CRM started
05/09 09:14:26:232 Testing connection ...
05/09 09:14:26:235 Created provisioning instance for CRM
05/09 09:14:26:246 Testing connection are success
05/09 09:14:26:246 Starting process session
05/09 09:14:26:348 Total 0 instances are started
05/09 09:14:26:349 Total 1 instances are added
05/09 09:16:26:075 CRM started
05/09 09:16:29:221 Testing connection ...
05/09 09:16:29:223 Created provisioning instance for CRM
05/09 09:16:29:224 Testing connection are success
05/09 09:16:29:224 Starting process session
05/09 09:16:29:325 Total 0 instances are started
05/09 09:16:29:325 Total 1 instances are added
05/09 09:19:03:068 CRM started
05/09 09:19:05:278 Testing connection ...
05/09 09:19:05:286 Created provisioning instance for CRM
05/09 09:19:05:393 Testing connection are success
05/09 09:19:05:393 Starting process session
05/09 09:19:05:494 Total 0 instances are started
05/09 09:19:05:494 Total 1 instances are added
05/09 09:28:02:057 orderId = 125408143 | requestId = 0 | userId = system | channel = SMS | serviceAddress = 268 | keyword = DOIDIEM 2000 | isdn = 84922000514 | subscriberType = 1 | shipTo =  | actionType = redeem | productId = 274 | commandId = 300 | request =  | response =  | status = 4 | cause = error | description = null
05/09 09:28:02:065 invalid-active-date
05/09 09:28:02:224 Total 0 instances are started
05/09 09:28:02:225 Total 1 instances are added
05/09 09:29:27:789 CRM started
05/09 09:29:30:732 Testing connection ...
05/09 09:29:30:733 Created provisioning instance for CRM
05/09 09:29:30:756 Testing connection are success
05/09 09:29:30:756 Starting process session
05/09 09:29:30:859 Total 0 instances are started
05/09 09:29:30:859 Total 1 instances are added
05/09 09:35:39:263 CRM started
05/09 09:35:40:366 Testing connection ...
05/09 09:35:40:393 Created provisioning instance for CRM
05/09 09:35:41:586 Testing connection are success
05/09 09:35:41:587 Starting process session
05/09 09:35:41:690 Total 0 instances are started
05/09 09:35:41:690 Total 1 instances are added
05/09 09:40:48:057 CRM started
05/09 09:40:51:332 Testing connection ...
05/09 09:40:51:333 Created provisioning instance for CRM
05/09 09:40:51:333 Testing connection are success
05/09 09:40:51:334 Starting process session
05/09 09:40:51:436 Total 0 instances are started
05/09 09:40:51:436 Total 1 instances are added
05/09 09:44:07:784 CRM started
05/09 09:44:10:811 Testing connection ...
05/09 09:44:10:815 Created provisioning instance for CRM
05/09 09:44:10:816 Testing connection are success
05/09 09:44:10:816 Starting process session
05/09 09:44:10:917 Total 0 instances are started
05/09 09:44:10:917 Total 1 instances are added
05/09 09:45:33:919 orderId = 125408147 | requestId = 0 | userId = system | channel = SMS | serviceAddress = 268 | keyword = DOIDIEM 2000 | isdn = 84922000514 | subscriberType = 1 | shipTo =  | actionType = redeem | productId = 274 | commandId = 300 | request =  | response =  | status = 1 | cause = success | description = 
05/09 09:45:36:676 sendNotify: 84922000514 - Quy khach da doi thanh cong  diem thanh tien su dung dich vu. So tien tuong ung  diem se duoc cong  vao tai khoan TKKM2, su dung goi va nhan tin lien mang, data.
05/09 09:45:36:677 orderId = 125408147 | requestId = 0 | userId = system | channel = SMS | serviceAddress = 268 | keyword = DOIDIEM 2000 | isdn = 84922000514 | subscriberType = 1 | shipTo =  | actionType = redeem | productId = 274 | commandId = 304 | request =  | response =  | status = 0 | cause = success | description = 
05/09 09:55:52:578 CRM started
05/09 09:55:55:299 Testing connection ...
05/09 09:55:55:300 Created provisioning instance for CRM
05/09 09:55:55:306 Testing connection are success
05/09 09:55:55:306 Starting process session
05/09 09:55:55:410 Total 0 instances are started
05/09 09:55:55:411 Total 1 instances are added
05/09 10:10:21:996 CRM started
05/09 10:10:25:155 Testing connection ...
05/09 10:10:25:155 Created provisioning instance for CRM
05/09 10:10:25:178 Testing connection are success
05/09 10:10:25:178 Starting process session
05/09 10:10:25:280 Total 0 instances are started
05/09 10:10:25:280 Total 1 instances are added
05/09 10:12:39:010 orderId = 125408149 | requestId = 0 | userId = system | channel = SMS | serviceAddress = 268 | keyword = TRA DIEM | isdn = 84922000514 | subscriberType = 1 | shipTo =  | actionType = scanningPoint | productId = 274 | commandId = 300 | request =  | response =  | status = 1 | cause = success | description = 
05/09 10:12:39:138 sendNotify: 84922000514 - Quy khach hien dang la khach hang Than Thiet cua Vietnamobile tu 27/05/2013 17:24:33 , da tich luy duoc 83000.0 diem va con 83000.0 diem. Chi tiet, lien he 789.
05/09 10:12:39:139 orderId = 125408149 | requestId = 0 | userId = system | channel = SMS | serviceAddress = 268 | keyword = TRA DIEM | isdn = 84922000514 | subscriberType = 1 | shipTo =  | actionType = scanningPoint | productId = 274 | commandId = 342 | request =  | response =  | status = 0 | cause = success | description = 
05/09 10:14:00:936 orderId = 125408150 | requestId = 0 | userId = system | channel = SMS | serviceAddress = 268 | keyword = DOI DIEM 1000 | isdn = 84922000514 | subscriberType = 1 | shipTo =  | actionType = redeem | productId = 274 | commandId = 300 | request =  | response =  | status = 1 | cause = success | description = 
05/09 10:14:03:170 sendNotify: 84922000514 - Quy khach da doi thanh cong  diem thanh tien su dung dich vu. So tien tuong ung  diem se duoc cong  vao tai khoan TKKM2, su dung goi va nhan tin lien mang, data.
05/09 10:14:03:171 orderId = 125408150 | requestId = 0 | userId = system | channel = SMS | serviceAddress = 268 | keyword = DOI DIEM 1000 | isdn = 84922000514 | subscriberType = 1 | shipTo =  | actionType = redeem | productId = 274 | commandId = 304 | request =  | response =  | status = 0 | cause = success | description = 
05/09 10:14:48:937 orderId = 125408151 | requestId = 0 | userId = system | channel = SMS | serviceAddress = 268 | keyword = DOI DIEM 1000 | isdn = 84922000514 | subscriberType = 1 | shipTo =  | actionType = redeem | productId = 274 | commandId = 300 | request =  | response =  | status = 1 | cause = success | description = 
05/09 10:14:49:550 sendNotify: 84922000514 - Quy khach da doi thanh cong  diem thanh tien su dung dich vu. So tien tuong ung  diem se duoc cong  vao tai khoan TKKM2, su dung goi va nhan tin lien mang, data.
05/09 10:14:49:550 orderId = 125408151 | requestId = 0 | userId = system | channel = SMS | serviceAddress = 268 | keyword = DOI DIEM 1000 | isdn = 84922000514 | subscriberType = 1 | shipTo =  | actionType = redeem | productId = 274 | commandId = 304 | request =  | response =  | status = 0 | cause = success | description = 
05/09 10:19:01:455 CRM started
05/09 10:19:04:411 Testing connection ...
05/09 10:19:04:413 Created provisioning instance for CRM
05/09 10:19:04:419 Testing connection are success
05/09 10:19:04:420 Starting process session
05/09 10:19:04:522 Total 0 instances are started
05/09 10:19:04:523 Total 1 instances are added
05/09 10:19:44:562 orderId = 125408152 | requestId = 0 | userId = system | channel = SMS | serviceAddress = 268 | keyword = DOI DIEM 1000 | isdn = 84922000514 | subscriberType = 1 | shipTo =  | actionType = redeem | productId = 274 | commandId = 300 | request =  | response =  | status = 1 | cause = success | description = 
05/09 10:19:45:948 sendNotify: 84922000514 - Quy khach da doi thanh cong 1000 diem thanh tien su dung dich vu. So tien tuong ung 1000 diem se duoc cong  vao tai khoan TKKM2, su dung goi va nhan tin lien mang, data.
05/09 10:19:45:949 orderId = 125408152 | requestId = 0 | userId = system | channel = SMS | serviceAddress = 268 | keyword = DOI DIEM 1000 | isdn = 84922000514 | subscriberType = 1 | shipTo =  | actionType = redeem | productId = 274 | commandId = 304 | request =  | response =  | status = 0 | cause = success | description = 
05/09 10:24:04:311 CRM started
05/09 10:24:07:277 Testing connection ...
05/09 10:24:07:278 Created provisioning instance for CRM
05/09 10:24:07:279 Testing connection are success
05/09 10:24:07:280 Starting process session
05/09 10:24:07:383 Total 0 instances are started
05/09 10:24:07:385 Total 1 instances are added
05/09 10:36:12:123 SEND: ID=126001: com.crm.provisioning.impl.CommandImpl.unregister{84922000512, 274}
05/09 10:36:12:141 RECEIVE: ID=126001: success: costTime=17
05/09 10:36:12:142 orderId = 0 | requestId = 0 | userId = system | channel = SMS | serviceAddress = 268 | keyword = HUY CAM | isdn = 84922000512 | subscriberType = 1 | shipTo =  | actionType = unregister | productId = 274 | commandId = 13121 | request = ID=126001: com.crm.provisioning.impl.CommandImpl.unregister{84922000512, 274} | response = ID=126001: success: costTime=17 | status = 0 | cause = success | description = success
05/09 10:48:16:675 SEND: ID=126002: com.crm.provisioning.impl.CommandImpl.register{84922000512, 274}
05/09 10:48:16:710 RECEIVE: ID=126002: success: costTime=35
05/09 10:48:16:730 sendNotify: 84922000512 - Chuc mung quy khach da gia nhap Cau lac bo CAM cua Vietnamobile.Hay tiep tuc su dung Vietnamobile de tich luy nhieu diem va nhan duoc nhieu uu dai cua chuong trinh. Chi tiet 789
05/09 10:48:16:730 orderId = 125408155 | requestId = 0 | userId = system | channel = SMS | serviceAddress = 268 | keyword = DK CAM | isdn = 84922000512 | subscriberType = 1 | shipTo =  | actionType = register | productId = 274 | commandId = 13119 | request = ID=126002: com.crm.provisioning.impl.CommandImpl.register{84922000512, 274} | response = ID=126002: success: costTime=35 | status = 0 | cause = success | description = success
05/09 10:59:34:068 SEND: ID=126003: com.crm.provisioning.impl.CommandImpl.unregister{84922000512, 274}
05/09 10:59:34:086 RECEIVE: ID=126003: success: costTime=17
05/09 10:59:34:088 orderId = 0 | requestId = 0 | userId = system | channel = SMS | serviceAddress = 268 | keyword = HUY CAM | isdn = 84922000512 | subscriberType = 1 | shipTo =  | actionType = unregister | productId = 274 | commandId = 13121 | request = ID=126003: com.crm.provisioning.impl.CommandImpl.unregister{84922000512, 274} | response = ID=126003: success: costTime=17 | status = 0 | cause = success | description = success
05/09 11:04:12:050 SEND: ID=126006: com.crm.provisioning.impl.CommandImpl.register{84922000512, 274}
05/09 11:04:12:076 RECEIVE: ID=126006: success: costTime=26
05/09 11:04:12:081 sendNotify: 84922000512 - Chuc mung quy khach da gia nhap Cau lac bo CAM cua Vietnamobile.Hay tiep tuc su dung Vietnamobile de tich luy nhieu diem va nhan duoc nhieu uu dai cua chuong trinh. Chi tiet 789
05/09 11:04:12:081 orderId = 125408161 | requestId = 0 | userId = system | channel = SMS | serviceAddress = 268 | keyword = DK CAM | isdn = 84922000512 | subscriberType = 1 | shipTo =  | actionType = register | productId = 274 | commandId = 13119 | request = ID=126006: com.crm.provisioning.impl.CommandImpl.register{84922000512, 274} | response = ID=126006: success: costTime=26 | status = 0 | cause = success | description = success
05/09 11:20:32:929 CRM started
05/09 11:20:36:015 Testing connection ...
05/09 11:20:36:016 Created provisioning instance for CRM
05/09 11:20:36:027 Testing connection are success
05/09 11:20:36:027 Starting process session
05/09 11:20:36:130 Total 0 instances are started
05/09 11:20:36:130 Total 1 instances are added
05/09 11:36:26:844 CRM started
05/09 11:36:29:898 Testing connection ...
05/09 11:36:29:899 Created provisioning instance for CRM
05/09 11:36:29:899 Testing connection are success
05/09 11:36:29:899 Starting process session
05/09 11:36:30:000 Total 0 instances are started
05/09 11:36:30:000 Total 1 instances are added
05/09 12:03:00:261 SEND: ID=128002: com.crm.provisioning.impl.CommandImpl.register{84922000512, 274}
05/09 12:03:00:283 RECEIVE: ID=128002: success: costTime=21
05/09 12:03:00:291 sendNotify: 84922000512 - Chuc mung quy khach da gia nhap Cau lac bo CAM cua Vietnamobile.Hay tiep tuc su dung Vietnamobile de tich luy nhieu diem va nhan duoc nhieu uu dai cua chuong trinh. Chi tiet 789
05/09 12:03:00:292 orderId = 125408173 | requestId = 0 | userId = system | channel = SMS | serviceAddress = 268 | keyword = DK CAM | isdn = 84922000512 | subscriberType = 1 | shipTo =  | actionType = register | productId = 274 | commandId = 13119 | request = ID=128002: com.crm.provisioning.impl.CommandImpl.register{84922000512, 274} | response = ID=128002: success: costTime=21 | status = 0 | cause = success | description = success
05/09 12:10:09:663 SEND: ID=128005: com.crm.provisioning.impl.CommandImpl.register{84922000514, 274}
05/09 12:10:09:687 RECEIVE: ID=128005: success: costTime=22
05/09 12:10:09:695 sendNotify: 84922000514 - Chuc mung quy khach da gia nhap Cau lac bo CAM cua Vietnamobile.Hay tiep tuc su dung Vietnamobile de tich luy nhieu diem va nhan duoc nhieu uu dai cua chuong trinh. Chi tiet 789
05/09 12:10:09:696 orderId = 125408175 | requestId = 0 | userId = system | channel = SMS | serviceAddress = 268 | keyword = DK CAM | isdn = 84922000514 | subscriberType = 1 | shipTo =  | actionType = register | productId = 274 | commandId = 13119 | request = ID=128005: com.crm.provisioning.impl.CommandImpl.register{84922000514, 274} | response = ID=128005: success: costTime=22 | status = 0 | cause = success | description = success
05/09 15:28:22:919 CRM started
05/09 15:28:25:725 Testing connection ...
05/09 15:28:25:726 Created provisioning instance for CRM
05/09 15:28:25:726 Testing connection are success
05/09 15:28:25:727 Starting process session
05/09 15:28:25:833 Total 0 instances are started
05/09 15:28:25:834 Total 1 instances are added
05/09 15:50:20:063 SEND: ID=129001: com.crm.provisioning.impl.CommandImpl.unregister{84922000514, 274}
05/09 15:50:20:085 RECEIVE: ID=129001: success: costTime=22
05/09 15:50:20:116 sendNotify: 84922000514 - B?n ?ã h?y thành công d?ch v? LOYALTY
05/09 15:50:20:117 orderId = 0 | requestId = 0 | userId = system | channel = SMS | serviceAddress = 268 | keyword = HUY CAM | isdn = 84922000514 | subscriberType = 1 | shipTo =  | actionType = unregister | productId = 274 | commandId = 13121 | request = ID=129001: com.crm.provisioning.impl.CommandImpl.unregister{84922000514, 274} | response = ID=129001: success: costTime=22 | status = 0 | cause = success | description = success
05/09 15:51:32:059 orderId = 125408189 | requestId = 0 | userId = system | channel = SMS | serviceAddress = 268 | keyword = TRA DIEM | isdn = 84922000514 | subscriberType = 1 | shipTo =  | actionType = scanningPoint | productId = 274 | commandId = 300 | request =  | response =  | status = 1 | cause = success | description = 
05/09 15:51:32:177 orderId = 125408189 | requestId = 0 | userId = system | channel = SMS | serviceAddress = 268 | keyword = TRA DIEM | isdn = 84922000514 | subscriberType = 1 | shipTo =  | actionType = scanningPoint | productId = 274 | commandId = 342 | request =  | response =  | status = 4 | cause = error | description = null
05/09 15:51:32:183 unknow-member
05/09 15:51:32:332 Total 0 instances are started
05/09 15:51:32:333 Total 1 instances are added
05/09 15:53:10:510 CRM started
05/09 15:53:13:736 Testing connection ...
05/09 15:53:13:737 Created provisioning instance for CRM
05/09 15:53:13:737 Testing connection are success
05/09 15:53:13:738 Starting process session
05/09 15:53:13:839 Total 0 instances are started
05/09 15:53:13:839 Total 1 instances are added
05/09 15:55:26:579 orderId = 125408190 | requestId = 0 | userId = system | channel = SMS | serviceAddress = 268 | keyword = TRA DIEM | isdn = 84922000514 | subscriberType = 1 | shipTo =  | actionType = scanningPoint | productId = 274 | commandId = 300 | request =  | response =  | status = 4 | cause = unknow-member | description = 
05/09 15:57:14:927 CRM started
05/09 15:57:18:821 Testing connection ...
05/09 15:57:18:825 Created provisioning instance for CRM
05/09 15:57:18:826 Testing connection are success
05/09 15:57:18:826 Starting process session
05/09 15:57:18:927 Total 0 instances are started
05/09 15:57:18:927 Total 1 instances are added
05/09 16:29:36:832 CRM started
05/09 16:29:40:083 Testing connection ...
05/09 16:29:40:084 Created provisioning instance for CRM
05/09 16:29:40:085 Testing connection are success
05/09 16:29:40:086 Starting process session
05/09 16:29:40:213 Total 0 instances are started
05/09 16:29:40:214 Total 1 instances are added
05/09 16:30:07:722 orderId = 125408196 | requestId = 0 | userId = system | channel = SMS | serviceAddress = 268 | keyword = TRA DIEM | isdn = 84922000514 | subscriberType = 1 | shipTo =  | actionType = scanningPoint | productId = 274 | commandId = 300 | request =  | response =  | status = 4 | cause = unknow-member | description = 
05/09 16:31:25:263 Close pool
05/09 16:31:25:365 Close queue connection pool.
05/09 16:31:25:373 End of process session
05/09 16:31:25:375 CRM stopped
05/09 16:31:27:288 CRM started
05/09 16:31:27:308 Close pool
05/09 16:31:27:309 Close pool
05/09 16:31:27:309 Testing connection ...
05/09 16:31:27:310 Created provisioning instance for CRM
05/09 16:31:27:310 Testing connection are success
05/09 16:31:27:311 Starting process session
05/09 16:31:27:411 Total 0 instances are started
05/09 16:31:27:412 Total 1 instances are added
05/09 16:31:56:397 Close pool
05/09 16:31:56:498 Close queue connection pool.
05/09 16:31:56:503 End of process session
05/09 16:31:56:504 CRM stopped
05/09 16:31:58:368 CRM started
05/09 16:31:58:386 Close pool
05/09 16:31:58:387 Close pool
05/09 16:31:58:388 Testing connection ...
05/09 16:31:58:388 Created provisioning instance for CRM
05/09 16:31:58:389 Testing connection are success
05/09 16:31:58:389 Starting process session
05/09 16:31:58:490 Total 0 instances are started
05/09 16:31:58:491 Total 1 instances are added
05/09 16:32:25:508 Close pool
05/09 16:32:25:609 Close queue connection pool.
05/09 16:32:25:616 End of process session
05/09 16:32:25:617 CRM stopped
05/09 16:32:27:477 CRM started
05/09 16:32:27:504 Close pool
05/09 16:32:27:504 Close pool
05/09 16:32:27:505 Testing connection ...
05/09 16:32:27:505 Created provisioning instance for CRM
05/09 16:32:27:506 Testing connection are success
05/09 16:32:27:506 Starting process session
05/09 16:32:27:607 Total 0 instances are started
05/09 16:32:27:608 Total 1 instances are added
05/09 16:33:45:925 orderId = 125408198 | requestId = 0 | userId = system | channel = SMS | serviceAddress = 268 | keyword = TRA DIEM | isdn = 84922000514 | subscriberType = 1 | shipTo =  | actionType = scanningPoint | productId = 274 | commandId = 300 | request =  | response =  | status = 4 | cause = unknow-member | description = 
05/09 16:34:26:413 CRM started
05/09 16:34:29:291 Testing connection ...
05/09 16:34:29:291 Created provisioning instance for CRM
05/09 16:34:29:294 Testing connection are success
05/09 16:34:29:295 Starting process session
05/09 16:34:29:398 Total 0 instances are started
05/09 16:34:29:398 Total 1 instances are added
05/09 16:35:07:753 orderId = 125408200 | requestId = 0 | userId = system | channel = SMS | serviceAddress = 268 | keyword = DOI DIEM 1000000 | isdn = 84922000514 | subscriberType = 1 | shipTo =  | actionType = redeem | productId = 274 | commandId = 300 | request =  | response =  | status = 4 | cause = unknow-member | description = 
05/09 16:35:40:332 Close pool
05/09 16:35:40:434 Close queue connection pool.
05/09 16:35:40:442 End of process session
05/09 16:35:40:443 CRM stopped
05/09 16:35:42:305 CRM started
05/09 16:35:42:328 Close pool
05/09 16:35:42:328 Close pool
05/09 16:35:42:329 Testing connection ...
05/09 16:35:42:330 Created provisioning instance for CRM
05/09 16:35:42:330 Testing connection are success
05/09 16:35:42:331 Starting process session
05/09 16:35:42:432 Total 0 instances are started
05/09 16:35:42:434 Total 1 instances are added
05/09 16:36:38:364 Close pool
05/09 16:36:38:465 Close queue connection pool.
05/09 16:36:38:473 End of process session
05/09 16:36:38:475 CRM stopped
05/09 16:36:40:364 CRM started
05/09 16:36:40:384 Close pool
05/09 16:36:40:385 Close pool
05/09 16:36:40:386 Testing connection ...
05/09 16:36:40:386 Created provisioning instance for CRM
05/09 16:36:40:387 Testing connection are success
05/09 16:36:40:388 Starting process session
05/09 16:36:40:488 Total 0 instances are started
05/09 16:36:40:491 Total 1 instances are added
05/09 16:37:10:846 CRM started
05/09 16:37:14:471 Testing connection ...
05/09 16:37:14:473 Created provisioning instance for CRM
05/09 16:37:14:474 Testing connection are success
05/09 16:37:14:474 Starting process session
05/09 16:37:14:576 Total 0 instances are started
05/09 16:37:14:577 Total 1 instances are added
05/09 16:38:16:254 orderId = 125408202 | requestId = 0 | userId = system | channel = SMS | serviceAddress = 268 | keyword = TRA DIEM | isdn = 84922000514 | subscriberType = 1 | shipTo =  | actionType = scanningPoint | productId = 274 | commandId = 300 | request =  | response =  | status = 4 | cause = unknow-member | description = 
05/09 16:39:55:599 CRM started
05/09 16:39:57:503 Testing connection ...
05/09 16:39:57:511 Created provisioning instance for CRM
05/09 16:39:57:656 Testing connection are success
05/09 16:39:57:656 Starting process session
05/09 16:39:57:840 Total 0 instances are started
05/09 16:39:57:842 Total 1 instances are added
05/09 16:40:28:234 orderId = 125408204 | requestId = 0 | userId = system | channel = SMS | serviceAddress = 268 | keyword = TRA DIEM | isdn = 84922000514 | subscriberType = 1 | shipTo =  | actionType = scanningPoint | productId = 274 | commandId = 300 | request =  | response =  | status = 4 | cause = unknow-member | description = 
05/09 16:41:07:603 orderId = 125408205 | requestId = 0 | userId = system | channel = SMS | serviceAddress = 268 | keyword = TRA DIEM | isdn = 84922000514 | subscriberType = 1 | shipTo =  | actionType = scanningPoint | productId = 274 | commandId = 342 | request =  | response =  | status = 4 | cause = error | description = null
05/09 16:41:07:610 unknow-member
05/09 16:41:07:767 Total 0 instances are started
05/09 16:41:07:768 Total 1 instances are added
05/09 16:42:16:750 CRM started
05/09 16:42:20:448 Testing connection ...
05/09 16:42:20:453 Created provisioning instance for CRM
05/09 16:42:20:461 Testing connection are success
05/09 16:42:20:461 Starting process session
05/09 16:42:20:563 Total 0 instances are started
05/09 16:42:20:563 Total 1 instances are added
05/09 16:55:42:087 CRM started
05/09 16:55:45:661 Testing connection ...
05/09 16:55:45:663 Created provisioning instance for CRM
05/09 16:55:45:667 Testing connection are success
05/09 16:55:45:668 Starting process session
05/09 16:55:45:770 Total 0 instances are started
05/09 16:55:45:771 Total 1 instances are added
05/09 16:57:05:475 Close pool
05/09 16:57:05:576 Close queue connection pool.
05/09 16:57:05:584 End of process session
05/09 16:57:05:585 CRM stopped
05/09 16:57:07:427 CRM started
05/09 16:57:07:449 Close pool
05/09 16:57:07:449 Close pool
05/09 16:57:07:450 Testing connection ...
05/09 16:57:07:451 Created provisioning instance for CRM
05/09 16:57:07:451 Testing connection are success
05/09 16:57:07:452 Starting process session
05/09 16:57:07:552 Total 0 instances are started
05/09 16:57:07:553 Total 1 instances are added
05/09 17:00:20:501 Close pool
05/09 17:00:20:602 Close queue connection pool.
05/09 17:00:20:610 End of process session
05/09 17:00:20:611 CRM stopped
05/09 17:00:22:523 CRM started
05/09 17:00:22:543 Close pool
05/09 17:00:22:543 Close pool
05/09 17:00:22:544 Testing connection ...
05/09 17:00:22:544 Created provisioning instance for CRM
05/09 17:00:22:545 Testing connection are success
05/09 17:00:22:545 Starting process session
05/09 17:00:22:646 Total 0 instances are started
05/09 17:00:22:647 Total 1 instances are added
05/09 17:02:29:684 CRM started
05/09 17:02:33:731 Testing connection ...
05/09 17:02:33:732 Created provisioning instance for CRM
05/09 17:02:33:733 Testing connection are success
05/09 17:02:33:733 Starting process session
05/09 17:02:33:838 Total 0 instances are started
05/09 17:02:33:839 Total 1 instances are added
05/09 17:06:23:644 orderId = 125408211 | requestId = 0 | userId = system | channel = SMS | serviceAddress = 268 | keyword = TRA DIEM | isdn = 84922000514 | subscriberType = 1 | shipTo =  | actionType = scanningPoint | productId = 274 | commandId = 342 | request =  | response =  | status = 4 | cause = error | description = null
05/09 17:06:23:649 unknow-member
05/09 17:06:23:774 Total 0 instances are started
05/09 17:06:23:775 Total 1 instances are added
05/09 17:17:55:316 CRM started
05/09 17:18:00:487 Testing connection ...
05/09 17:18:00:488 Created provisioning instance for CRM
05/09 17:18:00:490 Testing connection are success
05/09 17:18:00:490 Starting process session
05/09 17:18:00:593 Total 0 instances are started
05/09 17:18:00:593 Total 1 instances are added
05/09 17:21:05:966 CRM started
05/09 17:21:09:683 Testing connection ...
05/09 17:21:09:684 Created provisioning instance for CRM
05/09 17:21:09:684 Testing connection are success
05/09 17:21:09:685 Starting process session
05/09 17:21:09:786 Total 0 instances are started
05/09 17:21:09:786 Total 1 instances are added
05/09 17:24:52:818 CRM started
05/09 17:24:55:696 Testing connection ...
05/09 17:24:55:697 Created provisioning instance for CRM
05/09 17:24:55:699 Testing connection are success
05/09 17:24:55:700 Starting process session
05/09 17:24:55:802 Total 0 instances are started
05/09 17:24:55:802 Total 1 instances are added
05/09 17:25:28:892 sendNotify: 84922000514 - Chuc mung Quy khach da tich luy duoc 80000 diem va tro thanh khach hang Than Thiet cua Vietnamobile. Dang ky tham gia Chuong trinh cham soc khach hang than thiet cua Vietnamobile de nhan duoc nhieu uu dai bat ngo. Chi tiet 789.
05/09 17:25:28:893 orderId = 125408215 | requestId = 0 | userId = system | channel = SMS | serviceAddress = 268 | keyword = TRA DIEM | isdn = 84922000514 | subscriberType = 1 | shipTo =  | actionType = scanningPoint | productId = 274 | commandId = 342 | request =  | response =  | status = 4 | cause = unknow-member | description = 
05/09 17:27:20:840 sendNotify: 84922000512 - S? ?i?m c?a b?n không t?n t?i. Chi ti?t liên h? 789.
05/09 17:27:20:842 orderId = 125408216 | requestId = 0 | userId = system | channel = SMS | serviceAddress = 268 | keyword = TRA DIEM | isdn = 84922000512 | subscriberType = 1 | shipTo =  | actionType = scanningPoint | productId = 274 | commandId = 342 | request =  | response =  | status = 4 | cause = unknow-balance | description = 
05/09 17:51:55:892 CRM started
05/09 17:51:59:012 Testing connection ...
05/09 17:51:59:013 Created provisioning instance for CRM
05/09 17:51:59:013 Testing connection are success
05/09 17:51:59:014 Starting process session
05/09 17:51:59:115 Total 0 instances are started
05/09 17:51:59:115 Total 1 instances are added
05/09 17:52:29:899 sendNotify: 84922000512 - Quy khach hien dang la khach hang Than Thiet cua Vietnamobile tu  , da tich luy duoc  diem va con  diem. Chi tiet, lien he 789.
05/09 17:52:29:899 orderId = 125408217 | requestId = 0 | userId = system | channel = SMS | serviceAddress = 268 | keyword = TRA DIEM | isdn = 84922000512 | subscriberType = 1 | shipTo =  | actionType = scanningPoint | productId = 274 | commandId = 342 | request =  | response =  | status = 0 | cause = success | description = 
05/09 17:53:00:469 Close pool
05/09 17:53:00:570 Close queue connection pool.
05/09 17:53:00:578 End of process session
05/09 17:53:00:579 CRM stopped
05/09 17:53:02:499 CRM started
05/09 17:53:02:520 Close pool
05/09 17:53:02:521 Close pool
05/09 17:53:02:521 Testing connection ...
05/09 17:53:02:522 Created provisioning instance for CRM
05/09 17:53:02:522 Testing connection are success
05/09 17:53:02:523 Starting process session
05/09 17:53:02:623 Total 0 instances are started
05/09 17:53:02:624 Total 1 instances are added
05/09 17:53:26:827 CRM started
05/09 17:53:30:043 Testing connection ...
05/09 17:53:30:044 Created provisioning instance for CRM
05/09 17:53:30:045 Testing connection are success
05/09 17:53:30:045 Starting process session
05/09 17:53:30:148 Total 0 instances are started
05/09 17:53:30:149 Total 1 instances are added
05/09 17:56:42:718 CRM started
05/09 17:56:46:039 Testing connection ...
05/09 17:56:46:040 Created provisioning instance for CRM
05/09 17:56:46:040 Testing connection are success
05/09 17:56:46:041 Starting process session
05/09 17:56:46:144 Total 0 instances are started
05/09 17:56:46:144 Total 1 instances are added
05/09 17:59:18:145 CRM started
05/09 17:59:21:493 Testing connection ...
05/09 17:59:21:495 Created provisioning instance for CRM
05/09 17:59:21:496 Testing connection are success
05/09 17:59:21:496 Starting process session
05/09 17:59:21:600 Total 0 instances are started
05/09 17:59:21:600 Total 1 instances are added
05/09 18:15:28:232 CRM started
05/09 18:15:31:392 Testing connection ...
05/09 18:15:31:397 Created provisioning instance for CRM
05/09 18:15:31:398 Testing connection are success
05/09 18:15:31:398 Starting process session
05/09 18:15:31:501 Total 0 instances are started
05/09 18:15:31:502 Total 1 instances are added
05/09 18:17:04:748 sendNotify: 84922000512 - Quy khach hien dang la khach hang Than Thiet cua Vietnamobile tu  , da tich luy duoc  diem va con  diem. Chi tiet, lien he 789.
05/09 18:17:04:750 orderId = 125408221 | requestId = 0 | userId = system | channel = SMS | serviceAddress = 268 | keyword = TRA DIEM | isdn = 84922000512 | subscriberType = 1 | shipTo =  | actionType = scanningPoint | productId = 274 | commandId = 342 | request =  | response =  | status = 0 | cause = success | description = 
05/09 18:21:01:307 CRM started
05/09 18:21:04:267 Testing connection ...
05/09 18:21:04:270 Created provisioning instance for CRM
05/09 18:21:04:270 Testing connection are success
05/09 18:21:04:270 Starting process session
05/09 18:21:04:374 Total 0 instances are started
05/09 18:21:04:374 Total 1 instances are added
05/09 18:23:02:258 CRM started
05/09 18:23:05:472 Testing connection ...
05/09 18:23:05:473 Created provisioning instance for CRM
05/09 18:23:05:473 Testing connection are success
05/09 18:23:05:474 Starting process session
05/09 18:23:05:575 Total 0 instances are started
05/09 18:23:05:575 Total 1 instances are added
05/09 18:28:10:402 CRM started
05/09 18:28:13:709 Testing connection ...
05/09 18:28:13:710 Created provisioning instance for CRM
05/09 18:28:13:711 Testing connection are success
05/09 18:28:13:713 Starting process session
05/09 18:28:13:816 Total 0 instances are started
05/09 18:28:13:817 Total 1 instances are added
05/09 18:28:31:763 CRM started
05/09 18:28:35:106 Testing connection ...
05/09 18:28:35:109 Created provisioning instance for CRM
05/09 18:28:35:111 Testing connection are success
05/09 18:28:35:112 Starting process session
05/09 18:28:35:214 Total 0 instances are started
05/09 18:28:35:215 Total 1 instances are added
05/09 18:31:16:236 CRM started
05/09 18:31:19:500 Testing connection ...
05/09 18:31:19:501 Created provisioning instance for CRM
05/09 18:31:19:502 Testing connection are success
05/09 18:31:19:502 Starting process session
05/09 18:31:19:604 Total 0 instances are started
05/09 18:31:19:604 Total 1 instances are added
05/09 18:32:59:550 CRM started
05/09 18:33:02:619 Testing connection ...
05/09 18:33:02:620 Created provisioning instance for CRM
05/09 18:33:02:621 Testing connection are success
05/09 18:33:02:621 Starting process session
05/09 18:33:02:724 Total 0 instances are started
05/09 18:33:02:725 Total 1 instances are added
05/09 18:33:23:572 sendNotify: 84922000514 - Dich vu da bi huy bo
05/09 18:33:23:573 orderId = 125408227 | requestId = 0 | userId = system | channel = SMS | serviceAddress = 268 | keyword = TRA DIEM | isdn = 84922000514 | subscriberType = 1 | shipTo =  | actionType = scanningPoint | productId = 274 | commandId = 342 | request =  | response =  | status = 4 | cause = expired | description = 
05/09 18:35:26:682 CRM started
05/09 18:35:29:966 Testing connection ...
05/09 18:35:29:967 Created provisioning instance for CRM
05/09 18:35:29:967 Testing connection are success
05/09 18:35:29:968 Starting process session
05/09 18:35:30:069 Total 0 instances are started
05/09 18:35:30:069 Total 1 instances are added
05/09 18:40:54:957 sendNotify: 84922000514 - Dich vu da bi huy bo
05/09 18:40:54:957 orderId = 125408228 | requestId = 0 | userId = system | channel = SMS | serviceAddress = 268 | keyword = DOI DIEM 2000 | isdn = 84922000514 | subscriberType = 1 | shipTo =  | actionType = redeem | productId = 274 | commandId = 300 | request =  | response =  | status = 4 | cause = expired | description = 
05/09 18:42:16:517 CRM started
05/09 18:42:19:553 Testing connection ...
05/09 18:42:19:554 Created provisioning instance for CRM
05/09 18:42:19:555 Testing connection are success
05/09 18:42:19:555 Starting process session
05/09 18:42:19:656 Total 0 instances are started
05/09 18:42:19:656 Total 1 instances are added
05/09 18:42:45:840 orderId = 125408229 | requestId = 0 | userId = system | channel = SMS | serviceAddress = 268 | keyword = DOI DIEM 2000 | isdn = 84922000514 | subscriberType = 1 | shipTo =  | actionType = redeem | productId = 274 | commandId = 300 | request =  | response =  | status = 4 | cause = unknow-member | description = 
05/09 18:48:00:471 Close pool
05/09 18:48:00:572 Close queue connection pool.
05/09 18:48:00:580 End of process session
05/09 18:48:00:581 CRM stopped
05/09 18:48:02:451 CRM started
05/09 18:48:02:474 Close pool
05/09 18:48:02:474 Close pool
05/09 18:48:02:475 Testing connection ...
05/09 18:48:02:475 Created provisioning instance for CRM
05/09 18:48:02:476 Testing connection are success
05/09 18:48:02:476 Starting process session
05/09 18:48:02:577 Total 0 instances are started
05/09 18:48:02:579 Total 1 instances are added
05/09 18:48:04:283 orderId = 125408230 | requestId = 0 | userId = system | channel = SMS | serviceAddress = 268 | keyword = DOI DIEM 2000 | isdn = 84922000514 | subscriberType = 1 | shipTo =  | actionType = redeem | productId = 274 | commandId = 300 | request =  | response =  | status = 4 | cause = unknow-member | description = 
05/09 18:48:25:572 Close pool
05/09 18:48:25:673 Close queue connection pool.
05/09 18:48:25:679 End of process session
05/09 18:48:25:680 CRM stopped
05/09 18:48:27:528 CRM started
05/09 18:48:27:552 Close pool
05/09 18:48:27:552 Close pool
05/09 18:48:27:553 Testing connection ...
05/09 18:48:27:553 Created provisioning instance for CRM
05/09 18:48:27:554 Testing connection are success
05/09 18:48:27:554 Starting process session
05/09 18:48:27:654 Total 0 instances are started
05/09 18:48:27:655 Total 1 instances are added
05/09 18:48:46:023 orderId = 125408231 | requestId = 0 | userId = system | channel = SMS | serviceAddress = 268 | keyword = DOI DIEM 2000 | isdn = 84922000514 | subscriberType = 1 | shipTo =  | actionType = redeem | productId = 274 | commandId = 300 | request =  | response =  | status = 4 | cause = unknow-member | description = 
05/09 18:49:20:346 CRM started
05/09 18:49:22:821 Testing connection ...
05/09 18:49:22:821 Created provisioning instance for CRM
05/09 18:49:22:829 Testing connection are success
05/09 18:49:22:830 Starting process session
05/09 18:49:22:931 Total 0 instances are started
05/09 18:49:22:931 Total 1 instances are added
05/09 18:50:33:248 sendNotify: 84922000514 - Ban chua gia nhap thanh vien cua LOYALTY CLUB nen chua the su dung dich vu nay. Chi tiet lien he 789.
05/09 18:50:33:249 orderId = 125408232 | requestId = 0 | userId = system | channel = SMS | serviceAddress = 268 | keyword = DOI DIEM 2000 | isdn = 84922000514 | subscriberType = 1 | shipTo =  | actionType = redeem | productId = 274 | commandId = 300 | request =  | response =  | status = 4 | cause = unknow-member | description = 
05/09 18:54:14:178 sendNotify: 84922000514 - Quy khach hien dang la khach hang Than Thiet cua Vietnamobile tu  , da tich luy duoc  diem va con  diem. Chi tiet, lien he 789.
05/09 18:54:14:179 orderId = 125408233 | requestId = 0 | userId = system | channel = SMS | serviceAddress = 268 | keyword = TRA DIEM | isdn = 84922000514 | subscriberType = 1 | shipTo =  | actionType = scanningPoint | productId = 274 | commandId = 342 | request =  | response =  | status = 0 | cause = success | description = 
05/09 18:56:11:707 CRM started
05/09 18:56:14:752 Testing connection ...
05/09 18:56:14:753 Created provisioning instance for CRM
05/09 18:56:14:753 Testing connection are success
05/09 18:56:14:754 Starting process session
05/09 18:56:14:855 Total 0 instances are started
05/09 18:56:14:855 Total 1 instances are added
05/09 18:56:34:864 sendNotify: 84922000514 - Quy khach hien dang la khach hang Than Thiet cua Vietnamobile tu  , da tich luy duoc  diem va con  diem. Chi tiet, lien he 789.
05/09 18:56:34:866 orderId = 125408234 | requestId = 0 | userId = system | channel = SMS | serviceAddress = 268 | keyword = TRA DIEM | isdn = 84922000514 | subscriberType = 1 | shipTo =  | actionType = scanningPoint | productId = 274 | commandId = 342 | request =  | response =  | status = 0 | cause = success | description = 
05/09 18:56:59:492 CRM started
05/09 18:57:02:530 Testing connection ...
05/09 18:57:02:531 Created provisioning instance for CRM
05/09 18:57:02:539 Testing connection are success
05/09 18:57:02:539 Starting process session
05/09 18:57:02:648 Total 0 instances are started
05/09 18:57:02:648 Total 1 instances are added
05/09 19:01:24:111 CRM started
05/09 19:01:27:605 Testing connection ...
05/09 19:01:27:607 Created provisioning instance for CRM
05/09 19:01:27:611 Testing connection are success
05/09 19:01:27:611 Starting process session
05/09 19:01:27:715 Total 0 instances are started
05/09 19:01:27:716 Total 1 instances are added
05/09 19:01:29:995 sendNotify: 84922000514 - Quy khach hien dang la khach hang Than Thiet cua Vietnamobile tu  , da tich luy duoc  diem va con  diem. Chi tiet, lien he 789.
05/09 19:01:29:995 orderId = 125408236 | requestId = 0 | userId = system | channel = SMS | serviceAddress = 268 | keyword = TRA DIEM | isdn = 84922000514 | subscriberType = 1 | shipTo =  | actionType = scanningPoint | productId = 274 | commandId = 342 | request =  | response =  | status = 0 | cause = success | description = 
05/09 19:02:30:174 sendNotify: 84922000514 - Quy khach hien dang la khach hang Than Thiet cua Vietnamobile tu  , da tich luy duoc  diem va con  diem. Chi tiet, lien he 789.
05/09 19:02:30:175 orderId = 125408237 | requestId = 0 | userId = system | channel = SMS | serviceAddress = 268 | keyword = TRA DIEM | isdn = 84922000514 | subscriberType = 1 | shipTo =  | actionType = scanningPoint | productId = 274 | commandId = 342 | request =  | response =  | status = 0 | cause = success | description = 
05/09 19:03:16:159 CRM started
05/09 19:03:19:530 Testing connection ...
05/09 19:03:19:531 Created provisioning instance for CRM
05/09 19:03:19:534 Testing connection are success
05/09 19:03:19:536 Starting process session
05/09 19:03:19:638 Total 0 instances are started
05/09 19:03:19:639 Total 1 instances are added
05/09 19:04:53:247 sendNotify: 84922000514 - Quy khach hien dang la khach hang Than Thiet cua Vietnamobile tu  , da tich luy duoc  diem va con  diem. Chi tiet, lien he 789.
05/09 19:04:53:248 orderId = 125408238 | requestId = 0 | userId = system | channel = SMS | serviceAddress = 268 | keyword = TRA DIEM | isdn = 84922000514 | subscriberType = 1 | shipTo =  | actionType = scanningPoint | productId = 274 | commandId = 342 | request =  | response =  | status = 0 | cause = success | description = 
05/09 19:06:25:038 sendNotify: 84922000514 - Quy khach hien dang la khach hang Than Thiet cua Vietnamobile tu  , da tich luy duoc  diem va con  diem. Chi tiet, lien he 789.
05/09 19:06:25:040 orderId = 125408239 | requestId = 0 | userId = system | channel = SMS | serviceAddress = 268 | keyword = TRA DIEM | isdn = 84922000514 | subscriberType = 1 | shipTo =  | actionType = scanningPoint | productId = 274 | commandId = 342 | request =  | response =  | status = 0 | cause = success | description = 
05/09 19:08:39:164 sendNotify: 84922000514 - Quy khach hien dang la khach hang Than Thiet cua Vietnamobile tu  , da tich luy duoc  diem va con  diem. Chi tiet, lien he 789.
05/09 19:08:39:166 orderId = 125408240 | requestId = 0 | userId = system | channel = SMS | serviceAddress = 268 | keyword = TRA DIEM | isdn = 84922000514 | subscriberType = 1 | shipTo =  | actionType = scanningPoint | productId = 274 | commandId = 342 | request =  | response =  | status = 0 | cause = success | description = 
05/09 19:15:33:796 CRM started
05/09 19:15:37:152 Testing connection ...
05/09 19:15:37:153 Created provisioning instance for CRM
05/09 19:15:37:164 Testing connection are success
05/09 19:15:37:164 Starting process session
05/09 19:15:37:268 Total 0 instances are started
05/09 19:15:37:268 Total 1 instances are added
05/09 19:15:38:296 com.sun.messaging.jms.JMSException: [C4003]: Error occurred on connection creation [10.32.62.52:7676]. - cause: java.net.ConnectException: Connection refused: connect
05/09 19:15:38:296 Consumer was closed, reconnect.
05/09 19:15:38:490 Total 0 instances are started
05/09 19:15:38:491 Total 1 instances are added
05/09 19:15:39:511 com.sun.messaging.jms.JMSException: [C4003]: Error occurred on connection creation [10.32.62.52:7676]. - cause: java.net.ConnectException: Connection refused: connect
05/09 19:15:39:512 Consumer was closed, reconnect.
05/09 19:15:39:696 Total 0 instances are started
05/09 19:15:39:696 Total 1 instances are added
05/09 19:15:40:728 com.sun.messaging.jms.JMSException: [C4003]: Error occurred on connection creation [10.32.62.52:7676]. - cause: java.net.ConnectException: Connection refused: connect
05/09 19:15:40:728 Consumer was closed, reconnect.
05/09 19:15:40:896 Total 0 instances are started
05/09 19:15:40:897 Total 1 instances are added
05/09 19:15:41:919 com.sun.messaging.jms.JMSException: [C4003]: Error occurred on connection creation [10.32.62.52:7676]. - cause: java.net.ConnectException: Connection refused: connect
05/09 19:15:41:919 Consumer was closed, reconnect.
05/09 19:15:42:101 Total 0 instances are started
05/09 19:15:42:102 Total 1 instances are added
05/09 19:15:43:143 com.sun.messaging.jms.JMSException: [C4003]: Error occurred on connection creation [10.32.62.52:7676]. - cause: java.net.ConnectException: Connection refused: connect
05/09 19:15:43:143 Consumer was closed, reconnect.
05/09 19:15:43:308 Total 0 instances are started
05/09 19:15:43:308 Total 1 instances are added
05/09 19:15:44:336 com.sun.messaging.jms.JMSException: [C4003]: Error occurred on connection creation [10.32.62.52:7676]. - cause: java.net.ConnectException: Connection refused: connect
05/09 19:15:44:336 Consumer was closed, reconnect.
05/09 19:15:44:509 Total 0 instances are started
05/09 19:15:44:510 Total 1 instances are added
05/09 19:15:45:554 com.sun.messaging.jms.JMSException: [C4003]: Error occurred on connection creation [10.32.62.52:7676]. - cause: java.net.ConnectException: Connection refused: connect
05/09 19:15:45:555 Consumer was closed, reconnect.
05/09 19:15:45:656 Total 0 instances are started
05/09 19:15:45:657 Total 1 instances are added
05/09 19:15:46:699 com.sun.messaging.jms.JMSException: [C4003]: Error occurred on connection creation [10.32.62.52:7676]. - cause: java.net.ConnectException: Connection refused: connect
05/09 19:15:46:699 Consumer was closed, reconnect.
05/09 19:15:46:859 Total 0 instances are started
05/09 19:15:46:956 Total 1 instances are added
05/09 19:15:47:878 com.sun.messaging.jms.JMSException: [C4003]: Error occurred on connection creation [10.32.62.52:7676]. - cause: java.net.ConnectException: Connection refused: connect
05/09 19:15:47:878 Consumer was closed, reconnect.
05/09 19:15:48:057 Total 0 instances are started
05/09 19:15:48:058 Total 1 instances are added
05/09 19:15:49:193 com.sun.messaging.jms.JMSException: [C4003]: Error occurred on connection creation [10.32.62.52:7676]. - cause: java.net.ConnectException: Connection refused: connect
05/09 19:15:49:193 Consumer was closed, reconnect.
05/09 19:15:49:358 Total 0 instances are started
05/09 19:15:49:359 Total 1 instances are added
05/09 19:15:50:381 com.sun.messaging.jms.JMSException: [C4003]: Error occurred on connection creation [10.32.62.52:7676]. - cause: java.net.ConnectException: Connection refused: connect
05/09 19:15:50:382 Consumer was closed, reconnect.
05/09 19:15:50:559 Total 0 instances are started
05/09 19:15:50:560 Total 1 instances are added
05/09 19:15:51:603 com.sun.messaging.jms.JMSException: [C4003]: Error occurred on connection creation [10.32.62.52:7676]. - cause: java.net.ConnectException: Connection refused: connect
05/09 19:15:51:603 Consumer was closed, reconnect.
05/09 19:15:51:760 Total 0 instances are started
05/09 19:15:51:761 Total 1 instances are added
05/09 19:15:52:775 com.sun.messaging.jms.JMSException: [C4003]: Error occurred on connection creation [10.32.62.52:7676]. - cause: java.net.ConnectException: Connection refused: connect
05/09 19:15:52:775 Consumer was closed, reconnect.
05/09 19:15:52:962 Total 0 instances are started
05/09 19:15:53:005 Total 1 instances are added
05/09 19:15:54:008 com.sun.messaging.jms.JMSException: [C4003]: Error occurred on connection creation [10.32.62.52:7676]. - cause: java.net.ConnectException: Connection refused: connect
05/09 19:15:54:009 Consumer was closed, reconnect.
05/09 19:15:54:151 Total 0 instances are started
05/09 19:15:54:152 Total 1 instances are added
05/09 19:15:55:204 com.sun.messaging.jms.JMSException: [C4003]: Error occurred on connection creation [10.32.62.52:7676]. - cause: java.net.ConnectException: Connection refused: connect
05/09 19:15:55:205 Consumer was closed, reconnect.
05/09 19:15:55:353 Total 0 instances are started
05/09 19:15:55:354 Total 1 instances are added
05/09 19:15:56:375 com.sun.messaging.jms.JMSException: [C4003]: Error occurred on connection creation [10.32.62.52:7676]. - cause: java.net.ConnectException: Connection refused: connect
05/09 19:15:56:376 Consumer was closed, reconnect.
05/09 19:15:56:555 Total 0 instances are started
05/09 19:15:56:556 Total 1 instances are added
05/09 19:15:57:575 com.sun.messaging.jms.JMSException: [C4003]: Error occurred on connection creation [10.32.62.52:7676]. - cause: java.net.ConnectException: Connection refused: connect
05/09 19:15:57:576 Consumer was closed, reconnect.
05/09 19:15:57:756 Total 0 instances are started
05/09 19:15:57:757 Total 1 instances are added
05/09 19:15:58:779 com.sun.messaging.jms.JMSException: [C4003]: Error occurred on connection creation [10.32.62.52:7676]. - cause: java.net.ConnectException: Connection refused: connect
05/09 19:15:58:780 Consumer was closed, reconnect.
05/09 19:15:58:975 Total 0 instances are started
05/09 19:15:58:976 Total 1 instances are added
05/09 19:15:59:989 com.sun.messaging.jms.JMSException: [C4003]: Error occurred on connection creation [10.32.62.52:7676]. - cause: java.net.ConnectException: Connection refused: connect
05/09 19:15:59:989 Consumer was closed, reconnect.
05/09 19:16:00:199 Total 0 instances are started
05/09 19:16:00:200 Total 1 instances are added
05/09 19:16:01:225 com.sun.messaging.jms.JMSException: [C4003]: Error occurred on connection creation [10.32.62.52:7676]. - cause: java.net.ConnectException: Connection refused: connect
05/09 19:16:01:226 Consumer was closed, reconnect.
05/09 19:16:01:400 Total 0 instances are started
05/09 19:16:01:401 Total 1 instances are added
05/09 19:16:02:427 com.sun.messaging.jms.JMSException: [C4003]: Error occurred on connection creation [10.32.62.52:7676]. - cause: java.net.ConnectException: Connection refused: connect
05/09 19:16:02:427 Consumer was closed, reconnect.
05/09 19:16:02:605 Total 0 instances are started
05/09 19:16:02:606 Total 1 instances are added
05/09 19:16:03:670 com.sun.messaging.jms.JMSException: [C4003]: Error occurred on connection creation [10.32.62.52:7676]. - cause: java.net.ConnectException: Connection refused: connect
05/09 19:16:03:671 Consumer was closed, reconnect.
05/09 19:16:03:817 Total 0 instances are started
05/09 19:16:03:818 Total 1 instances are added
05/09 19:16:04:922 com.sun.messaging.jms.JMSException: [C4003]: Error occurred on connection creation [10.32.62.52:7676]. - cause: java.net.ConnectException: Connection refused: connect
05/09 19:16:04:923 Consumer was closed, reconnect.
05/09 19:16:05:120 Total 0 instances are started
05/09 19:16:05:121 Total 1 instances are added
05/09 19:16:06:194 com.sun.messaging.jms.JMSException: [C4003]: Error occurred on connection creation [10.32.62.52:7676]. - cause: java.net.ConnectException: Connection refused: connect
05/09 19:16:06:194 Consumer was closed, reconnect.
05/09 19:16:06:326 Total 0 instances are started
05/09 19:16:06:327 Total 1 instances are added
05/09 19:16:07:371 com.sun.messaging.jms.JMSException: [C4003]: Error occurred on connection creation [10.32.62.52:7676]. - cause: java.net.ConnectException: Connection refused: connect
05/09 19:16:07:372 Consumer was closed, reconnect.
05/09 19:16:07:528 Total 0 instances are started
05/09 19:16:07:528 Total 1 instances are added
05/09 19:16:08:560 com.sun.messaging.jms.JMSException: [C4003]: Error occurred on connection creation [10.32.62.52:7676]. - cause: java.net.ConnectException: Connection refused: connect
05/09 19:16:08:560 Consumer was closed, reconnect.
05/09 19:16:08:730 Total 0 instances are started
05/09 19:16:08:731 Total 1 instances are added
05/09 19:16:09:805 com.sun.messaging.jms.JMSException: [C4003]: Error occurred on connection creation [10.32.62.52:7676]. - cause: java.net.ConnectException: Connection refused: connect
05/09 19:16:09:806 Consumer was closed, reconnect.
05/09 19:16:09:936 Total 0 instances are started
05/09 19:16:09:937 Total 1 instances are added
05/09 19:16:10:974 com.sun.messaging.jms.JMSException: [C4003]: Error occurred on connection creation [10.32.62.52:7676]. - cause: java.net.ConnectException: Connection refused: connect
05/09 19:16:10:975 Consumer was closed, reconnect.
05/09 19:16:11:137 Total 0 instances are started
05/09 19:16:11:138 Total 1 instances are added
05/09 19:16:12:160 com.sun.messaging.jms.JMSException: [C4003]: Error occurred on connection creation [10.32.62.52:7676]. - cause: java.net.ConnectException: Connection refused: connect
05/09 19:16:12:161 Consumer was closed, reconnect.
05/09 19:16:12:340 Total 0 instances are started
05/09 19:16:12:341 Total 1 instances are added
05/09 19:16:13:359 com.sun.messaging.jms.JMSException: [C4003]: Error occurred on connection creation [10.32.62.52:7676]. - cause: java.net.ConnectException: Connection refused: connect
05/09 19:16:13:360 Consumer was closed, reconnect.
05/09 19:16:13:544 Total 0 instances are started
05/09 19:16:13:545 Total 1 instances are added
05/09 19:16:14:563 com.sun.messaging.jms.JMSException: [C4003]: Error occurred on connection creation [10.32.62.52:7676]. - cause: java.net.ConnectException: Connection refused: connect
05/09 19:16:14:564 Consumer was closed, reconnect.
05/09 19:16:14:747 Total 0 instances are started
05/09 19:16:14:748 Total 1 instances are added
05/09 19:16:15:786 com.sun.messaging.jms.JMSException: [C4003]: Error occurred on connection creation [10.32.62.52:7676]. - cause: java.net.ConnectException: Connection refused: connect
05/09 19:16:15:787 Consumer was closed, reconnect.
05/09 19:16:15:957 Total 0 instances are started
05/09 19:16:15:958 Total 1 instances are added
05/09 19:16:17:109 com.sun.messaging.jms.JMSException: [C4003]: Error occurred on connection creation [10.32.62.52:7676]. - cause: java.net.ConnectException: Connection refused: connect
05/09 19:16:17:110 Consumer was closed, reconnect.
05/09 19:16:17:259 Total 0 instances are started
05/09 19:16:17:260 Total 1 instances are added
05/09 19:16:18:289 com.sun.messaging.jms.JMSException: [C4003]: Error occurred on connection creation [10.32.62.52:7676]. - cause: java.net.ConnectException: Connection refused: connect
05/09 19:16:18:290 Consumer was closed, reconnect.
05/09 19:16:18:460 Total 0 instances are started
05/09 19:16:18:461 Total 1 instances are added
05/09 19:16:19:490 com.sun.messaging.jms.JMSException: [C4003]: Error occurred on connection creation [10.32.62.52:7676]. - cause: java.net.ConnectException: Connection refused: connect
05/09 19:16:19:491 Consumer was closed, reconnect.
05/09 19:16:19:661 Total 0 instances are started
05/09 19:16:19:663 Total 1 instances are added
05/09 19:16:20:715 com.sun.messaging.jms.JMSException: [C4003]: Error occurred on connection creation [10.32.62.52:7676]. - cause: java.net.ConnectException: Connection refused: connect
05/09 19:16:20:716 Consumer was closed, reconnect.
05/09 19:16:20:868 Total 0 instances are started
05/09 19:16:20:971 Total 1 instances are added
05/09 19:16:21:911 com.sun.messaging.jms.JMSException: [C4003]: Error occurred on connection creation [10.32.62.52:7676]. - cause: java.net.ConnectException: Connection refused: connect
05/09 19:16:21:912 Consumer was closed, reconnect.
05/09 19:16:22:090 Total 0 instances are started
05/09 19:16:22:091 Total 1 instances are added
05/09 19:16:23:132 com.sun.messaging.jms.JMSException: [C4003]: Error occurred on connection creation [10.32.62.52:7676]. - cause: java.net.ConnectException: Connection refused: connect
05/09 19:16:23:132 Consumer was closed, reconnect.
05/09 19:16:23:292 Total 0 instances are started
05/09 19:16:23:293 Total 1 instances are added
05/09 19:16:24:331 com.sun.messaging.jms.JMSException: [C4003]: Error occurred on connection creation [10.32.62.52:7676]. - cause: java.net.ConnectException: Connection refused: connect
05/09 19:16:24:332 Consumer was closed, reconnect.
05/09 19:16:24:499 Total 0 instances are started
05/09 19:16:24:501 Total 1 instances are added
05/09 19:16:25:607 com.sun.messaging.jms.JMSException: [C4003]: Error occurred on connection creation [10.32.62.52:7676]. - cause: java.net.ConnectException: Connection refused: connect
05/09 19:16:25:607 Consumer was closed, reconnect.
05/09 19:16:25:807 Total 0 instances are started
05/09 19:16:25:808 Total 1 instances are added
05/09 19:16:26:907 com.sun.messaging.jms.JMSException: [C4003]: Error occurred on connection creation [10.32.62.52:7676]. - cause: java.net.ConnectException: Connection refused: connect
05/09 19:16:26:907 Consumer was closed, reconnect.
05/09 19:16:27:015 Total 0 instances are started
05/09 19:16:27:016 Total 1 instances are added
05/09 19:16:28:048 com.sun.messaging.jms.JMSException: [C4003]: Error occurred on connection creation [10.32.62.52:7676]. - cause: java.net.ConnectException: Connection refused: connect
05/09 19:16:28:049 Consumer was closed, reconnect.
05/09 19:16:28:242 Total 0 instances are started
05/09 19:16:28:243 Total 1 instances are added
05/09 19:16:30:040 com.sun.messaging.jms.JMSException: [C4003]: Error occurred on connection creation [10.32.62.52:7676]. - cause: java.net.ConnectException: Connection refused: connect
05/09 19:16:30:041 Consumer was closed, reconnect.
05/09 19:16:30:145 Total 0 instances are started
05/09 19:16:30:145 Total 1 instances are added
05/09 19:16:31:192 com.sun.messaging.jms.JMSException: [C4003]: Error occurred on connection creation [10.32.62.52:7676]. - cause: java.net.ConnectException: Connection refused: connect
05/09 19:16:31:193 Consumer was closed, reconnect.
05/09 19:16:31:347 Total 0 instances are started
05/09 19:16:31:347 Total 1 instances are added
05/09 19:16:32:362 com.sun.messaging.jms.JMSException: [C4003]: Error occurred on connection creation [10.32.62.52:7676]. - cause: java.net.ConnectException: Connection refused: connect
05/09 19:16:32:363 Consumer was closed, reconnect.
05/09 19:16:32:466 Total 0 instances are started
05/09 19:16:32:467 Total 1 instances are added
05/09 19:16:33:569 com.sun.messaging.jms.JMSException: [C4003]: Error occurred on connection creation [10.32.62.52:7676]. - cause: java.net.ConnectException: Connection refused: connect
05/09 19:16:33:569 Consumer was closed, reconnect.
05/09 19:16:33:690 Total 0 instances are started
05/09 19:16:33:693 Total 1 instances are added
05/09 19:16:34:714 com.sun.messaging.jms.JMSException: [C4003]: Error occurred on connection creation [10.32.62.52:7676]. - cause: java.net.ConnectException: Connection refused: connect
05/09 19:16:34:715 Consumer was closed, reconnect.
05/09 19:16:34:910 Total 0 instances are started
05/09 19:16:35:033 Total 1 instances are added
05/09 19:18:50:832 sendNotify: 84922000514 - Quy khach hien dang la khach hang Than Thiet cua Vietnamobile tu  , da tich luy duoc  diem va con  diem. Chi tiet, lien he 789.
05/09 19:18:50:833 orderId = 125408241 | requestId = 0 | userId = system | channel = SMS | serviceAddress = 268 | keyword = TRA DIEM | isdn = 84922000514 | subscriberType = 1 | shipTo =  | actionType = scanningPoint | productId = 274 | commandId = 342 | request =  | response =  | status = 0 | cause = success | description = 
05/09 19:19:09:151 sendNotify: 84922000514 - Quy khach hien dang la khach hang Than Thiet cua Vietnamobile tu  , da tich luy duoc  diem va con  diem. Chi tiet, lien he 789.
05/09 19:19:09:152 orderId = 125408242 | requestId = 0 | userId = system | channel = SMS | serviceAddress = 268 | keyword = TRA DIEM | isdn = 84922000514 | subscriberType = 1 | shipTo =  | actionType = scanningPoint | productId = 274 | commandId = 342 | request =  | response =  | status = 0 | cause = success | description = 
05/09 19:22:13:677 CRM started
05/09 19:22:17:109 Testing connection ...
05/09 19:22:17:112 Created provisioning instance for CRM
05/09 19:22:17:116 Testing connection are success
05/09 19:22:17:116 Starting process session
05/09 19:22:17:221 Total 0 instances are started
05/09 19:22:17:224 Total 1 instances are added
05/09 19:24:48:825 CRM started
05/09 19:24:51:921 Testing connection ...
05/09 19:24:51:922 Created provisioning instance for CRM
05/09 19:24:51:924 Testing connection are success
05/09 19:24:51:924 Starting process session
05/09 19:24:52:030 Total 0 instances are started
05/09 19:24:52:031 Total 1 instances are added
05/09 19:26:05:108 sendNotify: 84922000514 - Quy khach hien dang la khach hang Than Thiet cua Vietnamobile tu  , da tich luy duoc  diem va con  diem. Chi tiet, lien he 789.
05/09 19:26:05:109 orderId = 125408245 | requestId = 0 | userId = system | channel = SMS | serviceAddress = 268 | keyword = TRA DIEM | isdn = 84922000514 | subscriberType = 1 | shipTo =  | actionType = scanningPoint | productId = 274 | commandId = 342 | request =  | response =  | status = 0 | cause = success | description = 
05/09 19:27:09:944 CRM started
05/09 19:27:13:253 Testing connection ...
05/09 19:27:13:254 Created provisioning instance for CRM
05/09 19:27:13:256 Testing connection are success
05/09 19:27:13:257 Starting process session
05/09 19:27:13:363 Total 0 instances are started
05/09 19:27:13:370 Total 1 instances are added
05/09 19:30:27:263 CRM started
05/09 19:30:30:528 Testing connection ...
05/09 19:30:30:530 Created provisioning instance for CRM
05/09 19:30:30:531 Testing connection are success
05/09 19:30:30:531 Starting process session
05/09 19:30:30:633 Total 0 instances are started
05/09 19:30:30:636 Total 1 instances are added
05/09 19:32:16:552 CRM started
05/09 19:32:19:711 Testing connection ...
05/09 19:32:19:713 Created provisioning instance for CRM
05/09 19:32:19:714 Testing connection are success
05/09 19:32:19:714 Starting process session
05/09 19:32:19:816 Total 0 instances are started
05/09 19:32:19:816 Total 1 instances are added
05/09 19:32:40:628 sendNotify: 84922000514 - Chuc mung Quy khach da tich luy duoc 80000 diem va tro thanh khach hang Than Thiet cua Vietnamobile. Dang ky tham gia Chuong trinh cham soc khach hang than thiet cua Vietnamobile de nhan duoc nhieu uu dai bat ngo. Chi tiet 789.
05/09 19:32:40:629 orderId = 125408249 | requestId = 0 | userId = system | channel = SMS | serviceAddress = 268 | keyword = TRA DIEM | isdn = 84922000514 | subscriberType = 1 | shipTo =  | actionType = scanningPoint | productId = 274 | commandId = 342 | request =  | response =  | status = 4 | cause = unknow-member | description = 
05/09 19:36:46:258 Close pool
05/09 19:36:46:359 Close queue connection pool.
05/09 19:36:46:365 End of process session
05/09 19:36:46:366 CRM stopped
05/09 19:36:48:291 CRM started
05/09 19:36:48:318 Close pool
05/09 19:36:48:319 Close pool
05/09 19:36:48:319 Testing connection ...
05/09 19:36:48:320 Created provisioning instance for CRM
05/09 19:36:48:320 Testing connection are success
05/09 19:36:48:321 Starting process session
05/09 19:36:48:421 Total 0 instances are started
05/09 19:36:48:422 Total 1 instances are added
05/09 19:44:00:168 SEND: ID=132002: com.crm.provisioning.impl.CommandImpl.register{84922000514, 274}
05/09 19:44:00:229 RECEIVE: ID=132002: success: costTime=29
05/09 19:44:00:236 sendNotify: 84922000514 - Chuc mung quy khach da gia nhap Cau lac bo CAM cua Vietnamobile.Hay tiep tuc su dung Vietnamobile de tich luy nhieu diem va nhan duoc nhieu uu dai cua chuong trinh. Chi tiet 789
05/09 19:44:00:236 orderId = 125408252 | requestId = 0 | userId = system | channel = SMS | serviceAddress = 268 | keyword = DK CAM | isdn = 84922000514 | subscriberType = 1 | shipTo =  | actionType = register | productId = 274 | commandId = 13119 | request = ID=132002: com.crm.provisioning.impl.CommandImpl.register{84922000514, 274} | response = ID=132002: success: costTime=29 | status = 0 | cause = success | description = success
05/09 19:45:40:061 orderId = 125408253 | requestId = 0 | userId = system | channel = SMS | serviceAddress = 268 | keyword = DOI DIEM 1000 | isdn = 84922000514 | subscriberType = 1 | shipTo =  | actionType = redeem | productId = 274 | commandId = 300 | request =  | response =  | status = 4 | cause = error | description = null
05/09 19:45:40:069 invalid-active-date
05/09 19:45:40:229 Total 0 instances are started
05/09 19:45:40:231 Total 1 instances are added
05/09 19:47:42:055 orderId = 125408254 | requestId = 0 | userId = system | channel = SMS | serviceAddress = 268 | keyword = DOI DIEM 1000 | isdn = 84922000514 | subscriberType = 1 | shipTo =  | actionType = redeem | productId = 274 | commandId = 300 | request =  | response =  | status = 4 | cause = error | description = null
05/09 19:47:42:062 invalid-active-date
05/09 19:47:42:237 Total 0 instances are started
05/09 19:47:42:242 Total 1 instances are added
05/09 19:49:38:041 orderId = 125408255 | requestId = 0 | userId = system | channel = SMS | serviceAddress = 268 | keyword = DOI DIEM 1000 | isdn = 84922000514 | subscriberType = 1 | shipTo =  | actionType = redeem | productId = 274 | commandId = 300 | request =  | response =  | status = 4 | cause = error | description = null
05/09 19:49:38:048 invalid-active-date
05/09 19:49:38:228 Total 0 instances are started
05/09 19:49:38:229 Total 1 instances are added
05/09 19:50:02:928 CRM started
05/09 19:50:05:710 Testing connection ...
05/09 19:50:05:711 Created provisioning instance for CRM
05/09 19:50:05:726 Testing connection are success
05/09 19:50:05:727 Starting process session
05/09 19:50:05:828 Total 0 instances are started
05/09 19:50:05:828 Total 1 instances are added
05/09 19:50:28:010 sendNotify: 84922000514 - Thue bao cua Quy khach chua du thoi gian dang ky dich vu 3 thang nen chua the su dung dich vu DOI DIEM cua chung toi. Xin chan thanh cam on.
05/09 19:50:28:011 orderId = 125408256 | requestId = 0 | userId = system | channel = SMS | serviceAddress = 268 | keyword = DOI DIEM 1000 | isdn = 84922000514 | subscriberType = 1 | shipTo =  | actionType = redeem | productId = 274 | commandId = 300 | request =  | response =  | status = 4 | cause = invalid-active-date | description = 
