18/09 10:14:08:573 CRM started
18/09 10:14:08:638 Testing connection ...
18/09 10:14:08:639 Created provisioning instance for CRM
18/09 10:14:08:640 Testing connection are success
18/09 10:14:08:641 Starting process session
18/09 10:14:08:744 Total 0 instances are started
18/09 10:14:08:745 Total 1 instances are added
18/09 10:29:46:879 Close pool
18/09 10:29:46:980 Close queue connection pool.
18/09 10:29:46:984 End of process session
18/09 10:29:46:984 CRM stopped
18/09 10:29:48:882 CRM started
18/09 10:29:48:904 Close pool
18/09 10:29:48:904 Close pool
18/09 10:29:48:905 Testing connection ...
18/09 10:29:48:905 Created provisioning instance for CRM
18/09 10:29:48:906 Testing connection are success
18/09 10:29:48:906 Starting process session
18/09 10:29:49:006 Total 0 instances are started
18/09 10:29:49:007 Total 1 instances are added
18/09 10:36:52:015 CRM started
18/09 10:36:52:136 Testing connection ...
18/09 10:36:52:137 Created provisioning instance for CRM
18/09 10:36:52:138 Testing connection are success
18/09 10:36:52:140 Starting process session
18/09 10:36:52:241 Total 0 instances are started
18/09 10:36:52:242 Total 1 instances are added
18/09 10:37:02:423 sendNotify: 84922000514 - Quy khach hien dang la khach hang Than Thiet cua Vietnamobile tu 11/09/2013, da tich luy duoc 3081000 diem va con 1027000 diem. Chi tiet, lien he 789.
18/09 10:37:02:424 orderId = 125409838 | requestId = 0 | userId = system | channel = SMS | serviceAddress = 268 | keyword = TRA DIEM | isdn = 84922000514 | subscriberType = 1 | shipTo =  | actionType = scanningPoint | productId = 274 | commandId = 342 | request =  | response =  | status = 0 | cause = success | description = 
18/09 10:37:02:456 sendNotify: 84922000514 - Quy khach hien dang la khach hang Than Thiet cua Vietnamobile tu 11/09/2013, da tich luy duoc 3081000 diem va con 1027000 diem. Chi tiet, lien he 789.
18/09 10:37:02:457 orderId = 125409839 | requestId = 0 | userId = system | channel = SMS | serviceAddress = 268 | keyword = TRA DIEM | isdn = 84922000514 | subscriberType = 1 | shipTo =  | actionType = scanningPoint | productId = 274 | commandId = 342 | request =  | response =  | status = 0 | cause = success | description = 
18/09 10:56:26:229 CRM started
18/09 10:56:26:280 Testing connection ...
18/09 10:56:26:281 Created provisioning instance for CRM
18/09 10:56:26:282 Testing connection are success
18/09 10:56:26:284 Starting process session
18/09 10:56:26:386 Total 0 instances are started
18/09 10:56:26:387 Total 1 instances are added
18/09 10:56:52:146 sendNotify: 84922000514 - Quy khach hien dang la khach hang Than Thiet cua Vietnamobile tu 11/09/2013, da tich luy duoc 3081000 diem va con 1027000 diem. Chi tiet, lien he 789.
18/09 10:56:52:147 orderId = 125409843 | requestId = 0 | userId = system | channel = SMS | serviceAddress = 268 | keyword = TRA DIEM | isdn = 84922000514 | subscriberType = 1 | shipTo =  | actionType = scanningPoint | productId = 274 | commandId = 342 | request =  | response =  | status = 0 | cause = success | description = 
18/09 10:57:30:483 orderId = 125409844 | requestId = 0 | userId = system | channel = SMS | serviceAddress = 268 | keyword = DOI DIEM 10000 | isdn = 84922000514 | subscriberType = 1 | shipTo =  | actionType = redeem | productId = 274 | commandId = 300 | request =  | response =  | status = 1 | cause = success | description = 
18/09 10:57:30:812 sendNotify: 84922000514 - Quy khach da doi thanh cong 10000 diem thanh tien su dung dich vu. So tien tuong ung 10000 diem se duoc cong  vao tai khoan TKKM2, su dung goi va nhan tin lien mang, data.
18/09 10:57:30:813 orderId = 125409844 | requestId = 0 | userId = system | channel = SMS | serviceAddress = 268 | keyword = DOI DIEM 10000 | isdn = 84922000514 | subscriberType = 1 | shipTo =  | actionType = redeem | productId = 274 | commandId = 384 | request =  | response =  | status = 0 | cause = success | description = 
18/09 10:58:41:832 orderId = 125409845 | requestId = 0 | userId = system | channel = SMS | serviceAddress = 268 | keyword = DOI DIEM 10000 | isdn = 84922000514 | subscriberType = 1 | shipTo =  | actionType = redeem | productId = 274 | commandId = 300 | request =  | response =  | status = 1 | cause = success | description = 
18/09 10:58:42:045 sendNotify: 84922000514 - Quy khach da doi thanh cong 10000 diem thanh tien su dung dich vu. So tien tuong ung 10000 diem se duoc cong  vao tai khoan TKKM2, su dung goi va nhan tin lien mang, data.
18/09 10:58:42:045 orderId = 125409845 | requestId = 0 | userId = system | channel = SMS | serviceAddress = 268 | keyword = DOI DIEM 10000 | isdn = 84922000514 | subscriberType = 1 | shipTo =  | actionType = redeem | productId = 274 | commandId = 384 | request =  | response =  | status = 0 | cause = success | description = 
18/09 11:05:47:449 CRM started
18/09 11:05:48:001 Testing connection ...
18/09 11:05:48:005 Created provisioning instance for CRM
18/09 11:05:48:010 Testing connection are success
18/09 11:05:48:012 Starting process session
18/09 11:05:48:124 Total 0 instances are started
18/09 11:05:48:125 Total 1 instances are added
18/09 11:06:44:175 orderId = 125409846 | requestId = 0 | userId = system | channel = SMS | serviceAddress = 268 | keyword = DOI DIEM 10000 | isdn = 84922000514 | subscriberType = 1 | shipTo =  | actionType = redeem | productId = 274 | commandId = 300 | request =  | response =  | status = 1 | cause = success | description = 
18/09 11:06:44:425 sendNotify: 84922000514 - Quy khach da doi thanh cong 10000 diem thanh tien su dung dich vu. So tien tuong ung 10000 diem se duoc cong  vao tai khoan TKKM2, su dung goi va nhan tin lien mang, data.
18/09 11:06:44:426 orderId = 125409846 | requestId = 0 | userId = system | channel = SMS | serviceAddress = 268 | keyword = DOI DIEM 10000 | isdn = 84922000514 | subscriberType = 1 | shipTo =  | actionType = redeem | productId = 274 | commandId = 384 | request =  | response =  | status = 0 | cause = success | description = 
18/09 12:43:52:767 CRM started
18/09 12:43:55:560 Testing connection ...
18/09 12:43:55:562 Created provisioning instance for CRM
18/09 12:43:55:675 Testing connection are success
18/09 12:43:55:676 Starting process session
18/09 12:43:55:849 Total 0 instances are started
18/09 12:43:55:850 Total 1 instances are added
18/09 12:53:50:835 CRM started
18/09 12:53:50:859 Testing connection ...
18/09 12:53:50:860 Created provisioning instance for CRM
18/09 12:53:50:860 Testing connection are success
18/09 12:53:50:861 Starting process session
18/09 12:53:50:962 Total 0 instances are started
18/09 12:53:50:963 Total 1 instances are added
18/09 12:58:36:270 CRM started
18/09 12:58:36:305 Testing connection ...
18/09 12:58:36:306 Created provisioning instance for CRM
18/09 12:58:36:307 Testing connection are success
18/09 12:58:36:308 Starting process session
18/09 12:58:36:409 Total 0 instances are started
18/09 12:58:36:409 Total 1 instances are added
18/09 13:57:52:223 orderId = 125409864 | requestId = 0 | userId = system | channel = SMS | serviceAddress = 268 | keyword = DOI DIEM 10000 | isdn = 84922000514 | subscriberType = 1 | shipTo =  | actionType = redeem | productId = 274 | commandId = 300 | request =  | response =  | status = 1 | cause = success | description = 
18/09 13:57:52:549 sendNotify: 84922000514 - Quy khach da doi thanh cong 10000 diem thanh tien su dung dich vu. So tien tuong ung 10000 diem se duoc cong  vao tai khoan TKKM2, su dung goi va nhan tin lien mang, data.
18/09 13:57:52:550 orderId = 125409864 | requestId = 0 | userId = system | channel = SMS | serviceAddress = 268 | keyword = DOI DIEM 10000 | isdn = 84922000514 | subscriberType = 1 | shipTo =  | actionType = redeem | productId = 274 | commandId = 384 | request =  | response =  | status = 0 | cause = success | description = 
18/09 13:59:11:097 orderId = 125409865 | requestId = 0 | userId = system | channel = SMS | serviceAddress = 268 | keyword = DOI DIEM 10000 | isdn = 84922000514 | subscriberType = 1 | shipTo =  | actionType = redeem | productId = 274 | commandId = 300 | request =  | response =  | status = 1 | cause = success | description = 
18/09 13:59:36:851 Close pool
18/09 13:59:36:952 Close queue connection pool.
18/09 13:59:36:956 End of process session
18/09 13:59:36:957 CRM stopped
18/09 14:02:48:838 CRM started
18/09 14:02:48:861 Close pool
18/09 14:02:48:862 Close pool
18/09 14:02:48:862 Testing connection ...
18/09 14:02:48:863 Created provisioning instance for CRM
18/09 14:02:48:863 Testing connection are success
18/09 14:02:48:863 Starting process session
18/09 14:02:48:964 Total 0 instances are started
18/09 14:02:48:965 Total 1 instances are added
18/09 14:02:49:116 java.sql.SQLException: ORA-00942: table or view does not exist

18/09 14:02:49:147 sendNotify: 84922000514 - He thong dang ban. Xin Quy khach vui long nhan tin lai sau!
18/09 14:02:49:148 orderId = 125409865 | requestId = 0 | userId = system | channel = SMS | serviceAddress = 268 | keyword = DOI DIEM 10000 | isdn = 84922000514 | subscriberType = 1 | shipTo =  | actionType = redeem | productId = 274 | commandId = 384 | request =  | response =  | status = 4 | cause = error | description = 
18/09 14:12:26:346 CRM started
18/09 14:12:26:382 Testing connection ...
18/09 14:12:26:382 Created provisioning instance for CRM
18/09 14:12:26:383 Testing connection are success
18/09 14:12:26:384 Starting process session
18/09 14:12:26:488 Total 0 instances are started
18/09 14:12:26:488 Total 1 instances are added
18/09 14:13:11:081 orderId = 125409866 | requestId = 0 | userId = system | channel = SMS | serviceAddress = 268 | keyword = DOI DIEM 10000 | isdn = 84922000514 | subscriberType = 1 | shipTo =  | actionType = redeem | productId = 274 | commandId = 300 | request =  | response =  | status = 4 | cause = error | description = null
18/09 14:13:11:095 ORA-00942: table or view does not exist

18/09 14:13:11:222 Total 0 instances are started
18/09 14:13:11:224 Total 1 instances are added
18/09 14:15:38:951 orderId = 125409867 | requestId = 0 | userId = system | channel = SMS | serviceAddress = 268 | keyword = DOI DIEM 10000 | isdn = 84922000514 | subscriberType = 1 | shipTo =  | actionType = redeem | productId = 274 | commandId = 300 | request =  | response =  | status = 1 | cause = success | description = 
18/09 14:15:51:568 Close pool
18/09 14:15:51:669 Close queue connection pool.
18/09 14:15:51:675 End of process session
18/09 14:15:51:676 CRM stopped
18/09 14:17:37:527 CRM started
18/09 14:17:37:549 Close pool
18/09 14:17:37:551 Close pool
18/09 14:17:37:551 Testing connection ...
18/09 14:17:37:552 Created provisioning instance for CRM
18/09 14:17:37:552 Testing connection are success
18/09 14:17:37:553 Starting process session
18/09 14:17:37:653 Total 0 instances are started
18/09 14:17:37:654 Total 1 instances are added
18/09 14:17:37:812 java.sql.SQLException: ORA-00942: table or view does not exist

18/09 14:17:37:840 sendNotify: 84922000514 - He thong dang ban. Xin Quy khach vui long nhan tin lai sau!
18/09 14:17:37:841 orderId = 125409867 | requestId = 0 | userId = system | channel = SMS | serviceAddress = 268 | keyword = DOI DIEM 10000 | isdn = 84922000514 | subscriberType = 1 | shipTo =  | actionType = redeem | productId = 274 | commandId = 384 | request =  | response =  | status = 4 | cause = error | description = 
18/09 14:53:10:795 CRM started
18/09 14:53:10:823 Testing connection ...
18/09 14:53:10:824 Created provisioning instance for CRM
18/09 14:53:10:825 Testing connection are success
18/09 14:53:10:825 Starting process session
18/09 14:53:10:926 Total 0 instances are started
18/09 14:53:10:927 Total 1 instances are added
18/09 14:53:35:299 orderId = 125409868 | requestId = 0 | userId = system | channel = SMS | serviceAddress = 268 | keyword = DOI DIEM 10000 | isdn = 84922000514 | subscriberType = 1 | shipTo =  | actionType = redeem | productId = 274 | commandId = 300 | request =  | response =  | status = 1 | cause = success | description = 
18/09 14:53:53:849 Close pool
18/09 14:53:53:950 Close queue connection pool.
18/09 14:53:53:956 End of process session
18/09 14:53:53:957 CRM stopped
18/09 14:54:42:899 CRM started
18/09 14:54:42:923 Close pool
18/09 14:54:42:923 Close pool
18/09 14:54:42:924 Testing connection ...
18/09 14:54:42:924 Created provisioning instance for CRM
18/09 14:54:42:925 Testing connection are success
18/09 14:54:42:925 Starting process session
18/09 14:54:43:026 Total 0 instances are started
18/09 14:54:43:027 Total 1 instances are added
18/09 14:54:43:086 java.sql.SQLException: ORA-00942: table or view does not exist

18/09 14:54:43:101 sendNotify: 84922000514 - He thong dang ban. Xin Quy khach vui long nhan tin lai sau!
18/09 14:54:43:104 orderId = 125409868 | requestId = 0 | userId = system | channel = SMS | serviceAddress = 268 | keyword = DOI DIEM 10000 | isdn = 84922000514 | subscriberType = 1 | shipTo =  | actionType = redeem | productId = 274 | commandId = 384 | request =  | response =  | status = 4 | cause = error | description = 
18/09 15:03:09:363 orderId = 125409869 | requestId = 0 | userId = system | channel = SMS | serviceAddress = 268 | keyword = DOI DIEM 10000 | isdn = 84922000514 | subscriberType = 1 | shipTo =  | actionType = redeem | productId = 274 | commandId = 300 | request =  | response =  | status = 1 | cause = success | description = 
18/09 15:03:27:040 Close pool
18/09 15:03:27:140 Close queue connection pool.
18/09 15:03:27:146 End of process session
18/09 15:03:27:148 CRM stopped
18/09 15:04:43:019 CRM started
18/09 15:04:43:043 Close pool
18/09 15:04:43:044 Close pool
18/09 15:04:43:044 Testing connection ...
18/09 15:04:43:045 Created provisioning instance for CRM
18/09 15:04:43:045 Testing connection are success
18/09 15:04:43:046 Starting process session
18/09 15:04:43:146 Total 0 instances are started
18/09 15:04:43:147 Total 1 instances are added
18/09 15:04:43:348 java.sql.SQLException: ORA-00942: table or view does not exist

18/09 15:04:43:366 sendNotify: 84922000514 - He thong dang ban. Xin Quy khach vui long nhan tin lai sau!
18/09 15:04:43:367 orderId = 125409869 | requestId = 0 | userId = system | channel = SMS | serviceAddress = 268 | keyword = DOI DIEM 10000 | isdn = 84922000514 | subscriberType = 1 | shipTo =  | actionType = redeem | productId = 274 | commandId = 384 | request =  | response =  | status = 4 | cause = error | description = 
18/09 15:09:44:489 orderId = 125409870 | requestId = 0 | userId = system | channel = SMS | serviceAddress = 268 | keyword = DOI DIEM 10000 | isdn = 84922000514 | subscriberType = 1 | shipTo =  | actionType = redeem | productId = 274 | commandId = 300 | request =  | response =  | status = 1 | cause = success | description = 
18/09 15:09:53:100 Close pool
18/09 15:09:53:201 Close queue connection pool.
18/09 15:09:53:207 End of process session
18/09 15:09:53:208 CRM stopped
18/09 15:10:49:124 CRM started
18/09 15:10:49:148 Close pool
18/09 15:10:49:149 Close pool
18/09 15:10:49:149 Testing connection ...
18/09 15:10:49:150 Created provisioning instance for CRM
18/09 15:10:49:150 Testing connection are success
18/09 15:10:49:151 Starting process session
18/09 15:10:49:252 Total 0 instances are started
18/09 15:10:49:253 Total 1 instances are added
18/09 15:10:49:405 java.sql.SQLException: ORA-00942: table or view does not exist

18/09 15:10:49:432 sendNotify: 84922000514 - He thong dang ban. Xin Quy khach vui long nhan tin lai sau!
18/09 15:10:49:433 orderId = 125409870 | requestId = 0 | userId = system | channel = SMS | serviceAddress = 268 | keyword = DOI DIEM 10000 | isdn = 84922000514 | subscriberType = 1 | shipTo =  | actionType = redeem | productId = 274 | commandId = 384 | request =  | response =  | status = 4 | cause = error | description = 
18/09 15:16:31:377 CRM started
18/09 15:16:31:459 Testing connection ...
18/09 15:16:31:460 Created provisioning instance for CRM
18/09 15:16:31:462 Testing connection are success
18/09 15:16:31:463 Starting process session
18/09 15:16:31:576 Total 0 instances are started
18/09 15:16:31:577 Total 1 instances are added
18/09 15:17:03:338 orderId = 125409872 | requestId = 0 | userId = system | channel = SMS | serviceAddress = 268 | keyword = DOI DIEM 10000 | isdn = 84922000514 | subscriberType = 1 | shipTo =  | actionType = redeem | productId = 274 | commandId = 300 | request =  | response =  | status = 4 | cause = error | description = null
18/09 15:17:03:352 ORA-00942: table or view does not exist

18/09 15:17:03:485 Total 0 instances are started
18/09 15:17:03:487 Total 1 instances are added
18/09 15:17:52:253 orderId = 125409874 | requestId = 0 | userId = system | channel = SMS | serviceAddress = 268 | keyword = DOI DIEM 10000 | isdn = 84922000514 | subscriberType = 1 | shipTo =  | actionType = redeem | productId = 274 | commandId = 300 | request =  | response =  | status = 1 | cause = success | description = 
18/09 15:18:07:895 Close pool
18/09 15:18:07:996 Close queue connection pool.
18/09 15:18:08:001 End of process session
18/09 15:18:08:002 CRM stopped
18/09 15:18:53:879 CRM started
18/09 15:18:53:902 Close pool
18/09 15:18:53:903 Close pool
18/09 15:18:53:904 Testing connection ...
18/09 15:18:53:905 Created provisioning instance for CRM
18/09 15:18:53:906 Testing connection are success
18/09 15:18:53:906 Starting process session
18/09 15:18:54:007 Total 0 instances are started
18/09 15:18:54:008 Total 1 instances are added
18/09 15:18:54:177 java.sql.SQLException: ORA-00942: table or view does not exist

18/09 15:18:54:196 sendNotify: 84922000514 - He thong dang ban. Xin Quy khach vui long nhan tin lai sau!
18/09 15:18:54:197 orderId = 125409874 | requestId = 0 | userId = system | channel = SMS | serviceAddress = 268 | keyword = DOI DIEM 10000 | isdn = 84922000514 | subscriberType = 1 | shipTo =  | actionType = redeem | productId = 274 | commandId = 384 | request =  | response =  | status = 4 | cause = error | description = 
18/09 15:41:09:397 orderId = 125409893 | requestId = 0 | userId = system | channel = SMS | serviceAddress = 268 | keyword = DOI DIEM 10000 | isdn = 84922000514 | subscriberType = 1 | shipTo =  | actionType = redeem | productId = 274 | commandId = 300 | request =  | response =  | status = 1 | cause = success | description = 
18/09 15:42:05:036 Close pool
18/09 15:42:05:137 Close queue connection pool.
18/09 15:42:05:142 End of process session
18/09 15:42:05:143 CRM stopped
18/09 15:43:11:029 CRM started
18/09 15:43:11:051 Close pool
18/09 15:43:11:052 Close pool
18/09 15:43:11:053 Testing connection ...
18/09 15:43:11:053 Created provisioning instance for CRM
18/09 15:43:11:054 Testing connection are success
18/09 15:43:11:054 Starting process session
18/09 15:43:11:154 Total 0 instances are started
18/09 15:43:11:155 Total 1 instances are added
18/09 15:43:11:314 java.sql.SQLException: ORA-00942: table or view does not exist

18/09 15:43:11:341 sendNotify: 84922000514 - He thong dang ban. Xin Quy khach vui long nhan tin lai sau!
18/09 15:43:11:342 orderId = 125409893 | requestId = 0 | userId = system | channel = SMS | serviceAddress = 268 | keyword = DOI DIEM 10000 | isdn = 84922000514 | subscriberType = 1 | shipTo =  | actionType = redeem | productId = 274 | commandId = 384 | request =  | response =  | status = 4 | cause = error | description = 
18/09 15:45:21:430 orderId = 125409900 | requestId = 0 | userId = system | channel = SMS | serviceAddress = 268 | keyword = DOI DIEM 10000 | isdn = 84922000514 | subscriberType = 1 | shipTo =  | actionType = redeem | productId = 274 | commandId = 300 | request =  | response =  | status = 1 | cause = success | description = 
18/09 15:45:30:069 Close pool
18/09 15:45:30:169 Close queue connection pool.
18/09 15:45:30:175 End of process session
18/09 15:45:30:176 CRM stopped
18/09 15:45:55:105 CRM started
18/09 15:45:55:129 Close pool
18/09 15:45:55:130 Close pool
18/09 15:45:55:130 Testing connection ...
18/09 15:45:55:131 Created provisioning instance for CRM
18/09 15:45:55:131 Testing connection are success
18/09 15:45:55:132 Starting process session
18/09 15:45:55:232 Total 0 instances are started
18/09 15:45:55:233 Total 1 instances are added
18/09 15:45:55:395 java.sql.SQLException: ORA-00942: table or view does not exist

18/09 15:45:55:416 sendNotify: 84922000514 - He thong dang ban. Xin Quy khach vui long nhan tin lai sau!
18/09 15:45:55:417 orderId = 125409900 | requestId = 0 | userId = system | channel = SMS | serviceAddress = 268 | keyword = DOI DIEM 10000 | isdn = 84922000514 | subscriberType = 1 | shipTo =  | actionType = redeem | productId = 274 | commandId = 384 | request =  | response =  | status = 4 | cause = error | description = 
18/09 16:27:30:147 CRM started
18/09 16:27:31:353 Testing connection ...
18/09 16:27:31:354 Created provisioning instance for CRM
18/09 16:27:31:356 Testing connection are success
18/09 16:27:31:356 Starting process session
18/09 16:27:31:467 Total 0 instances are started
18/09 16:27:31:468 Total 1 instances are added
18/09 16:35:58:629 CRM started
18/09 16:35:58:663 Testing connection ...
18/09 16:35:58:663 Created provisioning instance for CRM
18/09 16:35:58:665 Testing connection are success
18/09 16:35:58:666 Starting process session
18/09 16:35:58:776 Total 0 instances are started
18/09 16:35:58:777 Total 1 instances are added
18/09 16:41:11:250 SEND: ID=253001: com.crm.provisioning.impl.CommandImpl.unregister{84922000514, 274}
18/09 16:41:11:261 RECEIVE: ID=253001: success: costTime=10
18/09 16:41:11:265 sendNotify: 84922000514 - B?n ?ã h?y thành công d?ch v? LOYALTY
18/09 16:41:11:266 orderId = 0 | requestId = 0 | userId = system | channel = SMS | serviceAddress = 268 | keyword = HUY CAM | isdn = 84922000514 | subscriberType = 1 | shipTo =  | actionType = unregister | productId = 274 | commandId = 13121 | request = ID=253001: com.crm.provisioning.impl.CommandImpl.unregister{84922000514, 274} | response = ID=253001: success: costTime=10 | status = 0 | cause = success | description = success
18/09 16:41:44:173 SEND: ID=253002: com.crm.provisioning.impl.CommandImpl.register{84922000514, 274}
18/09 16:41:44:192 RECEIVE: ID=253002: success: costTime=18
18/09 16:41:44:197 sendNotify: 84922000514 - Chuc mung Quy khach da ra nhap Cau lac bo CAM cua Vietnamobile. Hay tiep tuc su dung Vietnamobile de tich luy nhieu diem va nhan duoc nhieu uu dai cua chuong trinh. Chi tiet 789
18/09 16:41:44:197 orderId = 125409945 | requestId = 0 | userId = system | channel = SMS | serviceAddress = 268 | keyword = DK CAM | isdn = 84922000514 | subscriberType = 1 | shipTo =  | actionType = register | productId = 274 | commandId = 13119 | request = ID=253002: com.crm.provisioning.impl.CommandImpl.register{84922000514, 274} | response = ID=253002: success: costTime=18 | status = 0 | cause = success | description = success
18/09 16:44:14:354 SEND: ID=253003: com.crm.provisioning.impl.CommandImpl.unregister{84922000512, 274}
18/09 16:44:14:372 RECEIVE: ID=253003: success: costTime=18
18/09 16:44:14:373 sendNotify: 84922000512 - B?n ?ã h?y thành công d?ch v? LOYALTY
18/09 16:44:14:373 orderId = 0 | requestId = 0 | userId = system | channel = SMS | serviceAddress = 268 | keyword = HUY CAM | isdn = 84922000512 | subscriberType = 1 | shipTo =  | actionType = unregister | productId = 274 | commandId = 13121 | request = ID=253003: com.crm.provisioning.impl.CommandImpl.unregister{84922000512, 274} | response = ID=253003: success: costTime=18 | status = 0 | cause = success | description = success
18/09 16:44:46:282 SEND: ID=253004: com.crm.provisioning.impl.CommandImpl.register{84922000512, 274}
18/09 16:44:46:305 RECEIVE: ID=253004: success: costTime=22
18/09 16:44:46:312 sendNotify: 84922000512 - Chuc mung Quy khach da ra nhap Cau lac bo CAM cua Vietnamobile. Hay tiep tuc su dung Vietnamobile de tich luy nhieu diem va nhan duoc nhieu uu dai cua chuong trinh. Chi tiet 789
18/09 16:44:46:312 orderId = 125409947 | requestId = 0 | userId = system | channel = SMS | serviceAddress = 268 | keyword = DK CAM | isdn = 84922000512 | subscriberType = 1 | shipTo =  | actionType = register | productId = 274 | commandId = 13119 | request = ID=253004: com.crm.provisioning.impl.CommandImpl.register{84922000512, 274} | response = ID=253004: success: costTime=22 | status = 0 | cause = success | description = success
18/09 16:45:43:321 SEND: ID=253005: com.crm.provisioning.impl.CommandImpl.unregister{84922000512, 274}
18/09 16:45:43:331 RECEIVE: ID=253005: success: costTime=9
18/09 16:45:43:332 sendNotify: 84922000512 - B?n ?ã h?y thành công d?ch v? LOYALTY
18/09 16:45:43:332 orderId = 0 | requestId = 0 | userId = system | channel = SMS | serviceAddress = 268 | keyword = HUY CAM | isdn = 84922000512 | subscriberType = 1 | shipTo =  | actionType = unregister | productId = 274 | commandId = 13121 | request = ID=253005: com.crm.provisioning.impl.CommandImpl.unregister{84922000512, 274} | response = ID=253005: success: costTime=9 | status = 0 | cause = success | description = success
18/09 16:46:30:346 SEND: ID=253006: com.crm.provisioning.impl.CommandImpl.register{84922000512, 274}
18/09 16:46:30:359 RECEIVE: ID=253006: success: costTime=12
18/09 16:46:30:364 sendNotify: 84922000512 - Chuc mung Quy khach da ra nhap Cau lac bo CAM cua Vietnamobile. Hay tiep tuc su dung Vietnamobile de tich luy nhieu diem va nhan duoc nhieu uu dai cua chuong trinh. Chi tiet 789
18/09 16:46:30:365 orderId = 125409951 | requestId = 0 | userId = system | channel = SMS | serviceAddress = 268 | keyword = DK CAM | isdn = 84922000512 | subscriberType = 1 | shipTo =  | actionType = register | productId = 274 | commandId = 13119 | request = ID=253006: com.crm.provisioning.impl.CommandImpl.register{84922000512, 274} | response = ID=253006: success: costTime=12 | status = 0 | cause = success | description = success
18/09 16:47:57:594 SEND: ID=253007: com.crm.provisioning.impl.CommandImpl.unregister{84922000512, 274}
18/09 16:47:57:613 RECEIVE: ID=253007: success: costTime=18
18/09 16:47:57:614 sendNotify: 84922000512 - B?n ?ã h?y thành công d?ch v? LOYALTY
18/09 16:47:57:614 orderId = 0 | requestId = 0 | userId = system | channel = SMS | serviceAddress = 268 | keyword = HUY CAM | isdn = 84922000512 | subscriberType = 1 | shipTo =  | actionType = unregister | productId = 274 | commandId = 13121 | request = ID=253007: com.crm.provisioning.impl.CommandImpl.unregister{84922000512, 274} | response = ID=253007: success: costTime=18 | status = 0 | cause = success | description = success
18/09 16:48:28:836 SEND: ID=253008: com.crm.provisioning.impl.CommandImpl.register{84922000512, 274}
18/09 16:48:28:876 RECEIVE: ID=253008: success: costTime=39
18/09 16:48:28:898 sendNotify: 84922000512 - Chuc mung Quy khach da ra nhap Cau lac bo CAM cua Vietnamobile. Hay tiep tuc su dung Vietnamobile de tich luy nhieu diem va nhan duoc nhieu uu dai cua chuong trinh. Chi tiet 789
18/09 16:48:28:899 orderId = 125409954 | requestId = 0 | userId = system | channel = SMS | serviceAddress = 268 | keyword = DK CAM | isdn = 84922000512 | subscriberType = 1 | shipTo =  | actionType = register | productId = 274 | commandId = 13119 | request = ID=253008: com.crm.provisioning.impl.CommandImpl.register{84922000512, 274} | response = ID=253008: success: costTime=39 | status = 0 | cause = success | description = success
18/09 16:52:00:555 SEND: ID=253009: com.crm.provisioning.impl.CommandImpl.unregister{84922000512, 274}
18/09 16:52:00:580 RECEIVE: ID=253009: success: costTime=24
18/09 16:52:00:581 sendNotify: 84922000512 - B?n ?ã h?y thành công d?ch v? LOYALTY
18/09 16:52:00:581 orderId = 0 | requestId = 0 | userId = system | channel = SMS | serviceAddress = 268 | keyword = HUY CAM | isdn = 84922000512 | subscriberType = 1 | shipTo =  | actionType = unregister | productId = 274 | commandId = 13121 | request = ID=253009: com.crm.provisioning.impl.CommandImpl.unregister{84922000512, 274} | response = ID=253009: success: costTime=24 | status = 0 | cause = success | description = success
18/09 17:06:10:554 CRM started
18/09 17:06:10:593 Testing connection ...
18/09 17:06:10:596 Created provisioning instance for CRM
18/09 17:06:10:605 Testing connection are success
18/09 17:06:10:607 Starting process session
18/09 17:06:10:718 Total 0 instances are started
18/09 17:06:10:719 Total 1 instances are added
18/09 17:12:23:339 SEND: ID=254001: com.crm.provisioning.impl.CommandImpl.register{84922000512, 274}
18/09 17:12:23:365 RECEIVE: ID=254001: success: costTime=25
18/09 17:12:23:372 sendNotify: 84922000512 - Chuc mung Quy khach da ra nhap Cau lac bo CAM cua Vietnamobile. Hay tiep tuc su dung Vietnamobile de tich luy nhieu diem va nhan duoc nhieu uu dai cua chuong trinh. Chi tiet 789
18/09 17:12:23:373 orderId = 125409974 | requestId = 0 | userId = system | channel = SMS | serviceAddress = 268 | keyword = DK CAM | isdn = 84922000512 | subscriberType = 1 | shipTo =  | actionType = register | productId = 274 | commandId = 13119 | request = ID=254001: com.crm.provisioning.impl.CommandImpl.register{84922000512, 274} | response = ID=254001: success: costTime=25 | status = 0 | cause = success | description = success
18/09 17:17:00:086 CRM started
18/09 17:17:00:116 Testing connection ...
18/09 17:17:00:117 Created provisioning instance for CRM
18/09 17:17:00:117 Testing connection are success
18/09 17:17:00:118 Starting process session
18/09 17:17:00:219 Total 0 instances are started
18/09 17:17:00:220 Total 1 instances are added
18/09 17:18:51:680 SEND: ID=255001: com.crm.provisioning.impl.CommandImpl.unregister{84922000512, 274}
18/09 17:18:51:701 RECEIVE: ID=255001: success: costTime=20
18/09 17:18:51:706 sendNotify: 84922000512 - B?n ?ã h?y thành công d?ch v? LOYALTY
18/09 17:18:51:706 orderId = 0 | requestId = 0 | userId = system | channel = SMS | serviceAddress = 268 | keyword = HUY CAM | isdn = 84922000512 | subscriberType = 1 | shipTo =  | actionType = unregister | productId = 274 | commandId = 13121 | request = ID=255001: com.crm.provisioning.impl.CommandImpl.unregister{84922000512, 274} | response = ID=255001: success: costTime=20 | status = 0 | cause = success | description = success
18/09 17:19:42:629 SEND: ID=255002: com.crm.provisioning.impl.CommandImpl.unregister{84922000514, 274}
18/09 17:19:42:637 RECEIVE: ID=255002: success: costTime=6
18/09 17:19:42:638 sendNotify: 84922000514 - B?n ?ã h?y thành công d?ch v? LOYALTY
18/09 17:19:42:638 orderId = 0 | requestId = 0 | userId = system | channel = SMS | serviceAddress = 268 | keyword = HUY CAM | isdn = 84922000514 | subscriberType = 1 | shipTo =  | actionType = unregister | productId = 274 | commandId = 13121 | request = ID=255002: com.crm.provisioning.impl.CommandImpl.unregister{84922000514, 274} | response = ID=255002: success: costTime=6 | status = 0 | cause = success | description = success
18/09 17:20:28:743 SEND: ID=255003: com.crm.provisioning.impl.CommandImpl.register{84922000514, 274}
18/09 17:20:28:763 RECEIVE: ID=255003: success: costTime=19
18/09 17:20:28:767 sendNotify: 84922000514 - Chuc mung Quy khach da ra nhap Cau lac bo CAM cua Vietnamobile. Hay tiep tuc su dung Vietnamobile de tich luy nhieu diem va nhan duoc nhieu uu dai cua chuong trinh. Chi tiet 789
18/09 17:20:28:768 orderId = 125409976 | requestId = 0 | userId = system | channel = SMS | serviceAddress = 268 | keyword = DK CAM | isdn = 84922000514 | subscriberType = 1 | shipTo =  | actionType = register | productId = 274 | commandId = 13119 | request = ID=255003: com.crm.provisioning.impl.CommandImpl.register{84922000514, 274} | response = ID=255003: success: costTime=19 | status = 0 | cause = success | description = success
18/09 17:21:08:672 SEND: ID=255004: com.crm.provisioning.impl.CommandImpl.unregister{84922000514, 274}
18/09 17:21:08:679 RECEIVE: ID=255004: success: costTime=7
18/09 17:21:08:680 sendNotify: 84922000514 - B?n ?ã h?y thành công d?ch v? LOYALTY
18/09 17:21:08:681 orderId = 0 | requestId = 0 | userId = system | channel = SMS | serviceAddress = 268 | keyword = HUY CAM | isdn = 84922000514 | subscriberType = 1 | shipTo =  | actionType = unregister | productId = 274 | commandId = 13121 | request = ID=255004: com.crm.provisioning.impl.CommandImpl.unregister{84922000514, 274} | response = ID=255004: success: costTime=7 | status = 0 | cause = success | description = success
18/09 17:23:10:353 CRM started
18/09 17:23:10:390 Testing connection ...
18/09 17:23:10:391 Created provisioning instance for CRM
18/09 17:23:10:393 Testing connection are success
18/09 17:23:10:394 Starting process session
18/09 17:23:10:501 Total 0 instances are started
18/09 17:23:10:502 Total 1 instances are added
18/09 17:24:22:979 SEND: ID=256016: com.crm.provisioning.impl.CommandImpl.register{84922000514, 274}
18/09 17:24:23:013 RECEIVE: ID=256016: success: costTime=31
18/09 17:24:23:027 sendNotify: 84922000514 - Chuc mung Quy khach da ra nhap Cau lac bo CAM cua Vietnamobile. Hay tiep tuc su dung Vietnamobile de tich luy nhieu diem va nhan duoc nhieu uu dai cua chuong trinh. Chi tiet 789
18/09 17:24:23:027 orderId = 125409977 | requestId = 0 | userId = system | channel = SMS | serviceAddress = 268 | keyword = DK CAM | isdn = 84922000514 | subscriberType = 1 | shipTo =  | actionType = register | productId = 274 | commandId = 13119 | request = ID=256016: com.crm.provisioning.impl.CommandImpl.register{84922000514, 274} | response = ID=256016: success: costTime=31 | status = 0 | cause = success | description = success
18/09 17:28:36:755 Close pool
18/09 17:28:36:857 Close queue connection pool.
18/09 17:28:36:863 End of process session
18/09 17:28:36:864 CRM stopped
18/09 17:28:38:761 CRM started
18/09 17:28:38:785 Close pool
18/09 17:28:38:785 Close pool
18/09 17:28:38:786 Testing connection ...
18/09 17:28:38:786 Created provisioning instance for CRM
18/09 17:28:38:786 Testing connection are success
18/09 17:28:38:787 Starting process session
18/09 17:28:38:888 Total 0 instances are started
18/09 17:28:38:889 Total 1 instances are added
18/09 17:36:06:137 SEND: ID=256019: com.crm.provisioning.impl.CommandImpl.unregister{84922000514, 274}
18/09 17:36:06:156 RECEIVE: ID=256019: success: costTime=19
18/09 17:36:06:157 sendNotify: 84922000514 - B?n ?ã h?y thành công d?ch v? LOYALTY
18/09 17:36:06:157 orderId = 0 | requestId = 0 | userId = system | channel = SMS | serviceAddress = 268 | keyword = HUY CAM | isdn = 84922000514 | subscriberType = 1 | shipTo =  | actionType = unregister | productId = 274 | commandId = 13121 | request = ID=256019: com.crm.provisioning.impl.CommandImpl.unregister{84922000514, 274} | response = ID=256019: success: costTime=19 | status = 0 | cause = success | description = success
18/09 17:41:46:689 CRM started
18/09 17:41:46:730 Testing connection ...
18/09 17:41:46:731 Created provisioning instance for CRM
18/09 17:41:46:733 Testing connection are success
18/09 17:41:46:734 Starting process session
18/09 17:41:46:841 Total 0 instances are started
18/09 17:41:46:842 Total 1 instances are added
18/09 17:47:36:314 SEND: ID=257001: com.crm.provisioning.impl.CommandImpl.register{84922000514, 274}
18/09 17:47:36:339 RECEIVE: ID=257001: success: costTime=24
18/09 17:47:36:349 sendNotify: 84922000514 - Chuc mung Quy khach da ra nhap Cau lac bo CAM cua Vietnamobile. Hay tiep tuc su dung Vietnamobile de tich luy nhieu diem va nhan duoc nhieu uu dai cua chuong trinh. Chi tiet 789
18/09 17:47:36:350 orderId = 125409979 | requestId = 0 | userId = system | channel = SMS | serviceAddress = 268 | keyword = DK CAM | isdn = 84922000514 | subscriberType = 1 | shipTo =  | actionType = register | productId = 274 | commandId = 13119 | request = ID=257001: com.crm.provisioning.impl.CommandImpl.register{84922000514, 274} | response = ID=257001: success: costTime=24 | status = 0 | cause = success | description = success
18/09 17:50:35:611 CRM started
18/09 17:50:35:647 Testing connection ...
18/09 17:50:35:648 Created provisioning instance for CRM
18/09 17:50:35:649 Testing connection are success
18/09 17:50:35:650 Starting process session
18/09 17:50:35:751 Total 0 instances are started
18/09 17:50:35:752 Total 1 instances are added
18/09 17:51:07:200 SEND: ID=258001: com.crm.provisioning.impl.CommandImpl.unregister{84922000514, 274}
18/09 17:51:07:227 RECEIVE: ID=258001: success: costTime=26
18/09 17:51:07:229 sendNotify: 84922000514 - B?n ?ã h?y thành công d?ch v? LOYALTY
18/09 17:51:07:230 orderId = 0 | requestId = 0 | userId = system | channel = SMS | serviceAddress = 268 | keyword = HUY CAM | isdn = 84922000514 | subscriberType = 1 | shipTo =  | actionType = unregister | productId = 274 | commandId = 13121 | request = ID=258001: com.crm.provisioning.impl.CommandImpl.unregister{84922000514, 274} | response = ID=258001: success: costTime=26 | status = 0 | cause = success | description = success
18/09 18:00:52:370 sendNotify: 84922000515 - S? ?i?m c?a b?n không t?n t?i. Chi ti?t liên h? 789.
18/09 18:00:52:371 orderId = 125409983 | requestId = 0 | userId = system | channel = SMS | serviceAddress = 268 | keyword = TRA DIEM | isdn = 84922000515 | subscriberType = 1 | shipTo =  | actionType = scanningPoint | productId = 274 | commandId = 342 | request =  | response =  | status = 4 | cause = unknow-balance | description = 
18/09 18:05:58:348 sendNotify: 84922000514 - Chuc mung Quy khach da tich luy duoc 90000 diem va tro thanh khach hang Than Thiet cua Vietnamobile. Dang ky tham gia Chuong trinh cham soc khach hang than thiet cua Vietnamobile de nhan duoc nhieu uu dai bat ngo. Chi tiet 789.
18/09 18:05:58:349 orderId = 125409984 | requestId = 0 | userId = system | channel = SMS | serviceAddress = 268 | keyword = TRA DIEM | isdn = 84922000514 | subscriberType = 1 | shipTo =  | actionType = scanningPoint | productId = 274 | commandId = 342 | request =  | response =  | status = 4 | cause = unknow-member | description = 
18/09 18:07:02:410 sendNotify: 84922000514 - Chuc mung Quy khach da tich luy duoc 90000 diem va tro thanh khach hang Than Thiet cua Vietnamobile. Dang ky tham gia Chuong trinh cham soc khach hang than thiet cua Vietnamobile de nhan duoc nhieu uu dai bat ngo. Chi tiet 789.
18/09 18:07:02:411 orderId = 125409985 | requestId = 0 | userId = system | channel = SMS | serviceAddress = 268 | keyword = TRA DIEM | isdn = 84922000514 | subscriberType = 1 | shipTo =  | actionType = scanningPoint | productId = 274 | commandId = 342 | request =  | response =  | status = 4 | cause = unknow-member | description = 
18/09 18:07:19:431 sendNotify: 84922000514 - Quy khach chua dang ky tham gia Cau lac bo CAM, vui long dang ky: DK CAM gui 268 de duoc tich luy va doi diem cua chuong trinh. Chi tiet 789
18/09 18:07:19:432 orderId = 125409986 | requestId = 0 | userId = system | channel = SMS | serviceAddress = 268 | keyword = TRA DIEM | isdn = 84922000514 | subscriberType = 1 | shipTo =  | actionType = scanningPoint | productId = 274 | commandId = 342 | request =  | response =  | status = 4 | cause = unknow-member | description = 
18/09 18:08:39:453 SEND: ID=258004: com.crm.provisioning.impl.CommandImpl.register{84922000515, 274}
18/09 18:08:39:477 RECEIVE: ID=258004: success: costTime=23
18/09 18:08:39:485 sendNotify: 84922000515 - Tin nhan cua ban sai cu phap. Vui long kiem tra lai.
18/09 18:08:39:486 orderId = 125409987 | requestId = 0 | userId = system | channel = SMS | serviceAddress = 268 | keyword = DK CAM | isdn = 84922000515 | subscriberType = 1 | shipTo =  | actionType = register | productId = 274 | commandId = 13119 | request = ID=258004: com.crm.provisioning.impl.CommandImpl.register{84922000515, 274} | response = ID=258004: success: costTime=23 | status = 4 | cause = invalid-syntax | description = success
18/09 18:10:08:501 SEND: ID=258005: com.crm.provisioning.impl.CommandImpl.unregister{84922000515, 274}
18/09 18:10:08:526 RECEIVE: ID=258005: success: costTime=24
18/09 18:10:08:527 sendNotify: 84922000515 - B?n ?ã h?y thành công d?ch v? LOYALTY
18/09 18:10:08:528 orderId = 0 | requestId = 0 | userId = system | channel = SMS | serviceAddress = 268 | keyword = HUY CAM | isdn = 84922000515 | subscriberType = 1 | shipTo =  | actionType = unregister | productId = 274 | commandId = 13121 | request = ID=258005: com.crm.provisioning.impl.CommandImpl.unregister{84922000515, 274} | response = ID=258005: success: costTime=24 | status = 0 | cause = success | description = success
18/09 18:10:33:539 SEND: ID=258007: com.crm.provisioning.impl.CommandImpl.register{84922000515, 274}
18/09 18:10:33:560 RECEIVE: ID=258007: success: costTime=20
18/09 18:10:33:566 sendNotify: 84922000515 - Tin nhan cua ban sai cu phap. Vui long kiem tra lai.
18/09 18:10:33:567 orderId = 125409989 | requestId = 0 | userId = system | channel = SMS | serviceAddress = 268 | keyword = DK CAM | isdn = 84922000515 | subscriberType = 1 | shipTo =  | actionType = register | productId = 274 | commandId = 13119 | request = ID=258007: com.crm.provisioning.impl.CommandImpl.register{84922000515, 274} | response = ID=258007: success: costTime=20 | status = 4 | cause = invalid-syntax | description = success
18/09 18:12:00:581 SEND: ID=258008: com.crm.provisioning.impl.CommandImpl.unregister{84922000515, 274}
18/09 18:12:00:596 RECEIVE: ID=258008: success: costTime=14
18/09 18:12:00:597 sendNotify: 84922000515 - B?n ?ã h?y thành công d?ch v? LOYALTY
18/09 18:12:00:597 orderId = 0 | requestId = 0 | userId = system | channel = SMS | serviceAddress = 268 | keyword = HUY CAM | isdn = 84922000515 | subscriberType = 1 | shipTo =  | actionType = unregister | productId = 274 | commandId = 13121 | request = ID=258008: com.crm.provisioning.impl.CommandImpl.unregister{84922000515, 274} | response = ID=258008: success: costTime=14 | status = 0 | cause = success | description = success
18/09 18:13:18:494 CRM started
18/09 18:13:18:535 Testing connection ...
18/09 18:13:18:536 Created provisioning instance for CRM
18/09 18:13:18:537 Testing connection are success
18/09 18:13:18:538 Starting process session
18/09 18:13:18:650 Total 0 instances are started
18/09 18:13:18:652 Total 1 instances are added
18/09 18:14:06:895 SEND: ID=259002: com.crm.provisioning.impl.CommandImpl.register{84922000515, 274}
18/09 18:14:06:920 RECEIVE: ID=259002: success: costTime=24
18/09 18:14:06:928 sendNotify: 84922000515 - Tin nhan cua ban sai cu phap. Vui long kiem tra lai.
18/09 18:14:06:928 orderId = 125409991 | requestId = 0 | userId = system | channel = SMS | serviceAddress = 268 | keyword = DK CAM | isdn = 84922000515 | subscriberType = 1 | shipTo =  | actionType = register | productId = 274 | commandId = 13119 | request = ID=259002: com.crm.provisioning.impl.CommandImpl.register{84922000515, 274} | response = ID=259002: success: costTime=24 | status = 4 | cause = invalid-syntax | description = success
18/09 18:16:59:059 SEND: ID=259005: com.crm.provisioning.impl.CommandImpl.register{84922000514, 274}
18/09 18:16:59:079 RECEIVE: ID=259005: success: costTime=19
18/09 18:16:59:086 sendNotify: 84922000514 - Tin nhan cua ban sai cu phap. Vui long kiem tra lai.
18/09 18:16:59:087 orderId = 125409993 | requestId = 0 | userId = system | channel = SMS | serviceAddress = 268 | keyword = DK CAM | isdn = 84922000514 | subscriberType = 1 | shipTo =  | actionType = register | productId = 274 | commandId = 13119 | request = ID=259005: com.crm.provisioning.impl.CommandImpl.register{84922000514, 274} | response = ID=259005: success: costTime=19 | status = 4 | cause = invalid-syntax | description = success
18/09 18:20:23:159 CRM started
18/09 18:20:23:205 Testing connection ...
18/09 18:20:23:206 Created provisioning instance for CRM
18/09 18:20:23:207 Testing connection are success
18/09 18:20:23:207 Starting process session
18/09 18:20:23:308 Total 0 instances are started
18/09 18:20:23:310 Total 1 instances are added
18/09 18:21:12:653 sendNotify: 84922000515 - Quy khach chua dang ky tham gia Cau lac bo CAM, vui long dang ky: DK CAM gui 268 de duoc tich luy va doi diem cua chuong trinh. Chi tiet 789
18/09 18:21:12:654 orderId = 125409996 | requestId = 0 | userId = system | channel = SMS | serviceAddress = 268 | keyword = TRA DIEM | isdn = 84922000515 | subscriberType = 1 | shipTo =  | actionType = scanningPoint | productId = 274 | commandId = 342 | request =  | response =  | status = 4 | cause = unknow-balance | description = 
18/09 18:23:01:467 SEND: ID=260009: com.crm.provisioning.impl.CommandImpl.unregister{84922000514, 274}
18/09 18:23:01:477 RECEIVE: ID=260009: success: costTime=9
18/09 18:23:01:478 sendNotify: 84922000514 - B?n ?ã h?y thành công d?ch v? LOYALTY
18/09 18:23:01:479 orderId = 0 | requestId = 0 | userId = system | channel = SMS | serviceAddress = 268 | keyword = HUY CAM | isdn = 84922000514 | subscriberType = 1 | shipTo =  | actionType = unregister | productId = 274 | commandId = 13121 | request = ID=260009: com.crm.provisioning.impl.CommandImpl.unregister{84922000514, 274} | response = ID=260009: success: costTime=9 | status = 0 | cause = success | description = success
18/09 18:23:38:512 sendNotify: 84922000514 - Quy khach chua dang ky tham gia Cau lac bo CAM, vui long dang ky: DK CAM gui 268 de duoc tich luy va doi diem cua chuong trinh. Chi tiet 789
18/09 18:23:38:513 orderId = 125409997 | requestId = 0 | userId = system | channel = SMS | serviceAddress = 268 | keyword = TRA DIEM | isdn = 84922000514 | subscriberType = 1 | shipTo =  | actionType = scanningPoint | productId = 274 | commandId = 342 | request =  | response =  | status = 4 | cause = unknow-member | description = 
18/09 18:25:03:534 SEND: ID=260010: com.crm.provisioning.impl.CommandImpl.unregister{84922000515, 274}
18/09 18:25:03:539 RECEIVE: ID=260010: success: costTime=4
18/09 18:25:03:541 sendNotify: 84922000515 - B?n ?ã h?y thành công d?ch v? LOYALTY
18/09 18:25:03:541 orderId = 0 | requestId = 0 | userId = system | channel = SMS | serviceAddress = 268 | keyword = HUY CAM | isdn = 84922000515 | subscriberType = 1 | shipTo =  | actionType = unregister | productId = 274 | commandId = 13121 | request = ID=260010: com.crm.provisioning.impl.CommandImpl.unregister{84922000515, 274} | response = ID=260010: success: costTime=4 | status = 0 | cause = success | description = success
18/09 18:26:53:373 CRM started
18/09 18:26:53:604 Testing connection ...
18/09 18:26:53:605 Created provisioning instance for CRM
18/09 18:26:53:676 Testing connection are success
18/09 18:26:53:680 Starting process session
18/09 18:26:53:782 Total 0 instances are started
18/09 18:26:53:785 Total 1 instances are added
18/09 18:27:44:880 sendNotify: 84922000515 - Ban chua co diem tich luy. Lien he 789.
18/09 18:27:44:881 orderId = 125409998 | requestId = 0 | userId = system | channel = SMS | serviceAddress = 268 | keyword = DOI DIEM 1000 | isdn = 84922000515 | subscriberType = 1 | shipTo =  | actionType = redeem | productId = 274 | commandId = 300 | request =  | response =  | status = 4 | cause = unknow-balance | description = 
18/09 18:28:46:022 sendNotify: 84922000515 - Quy khach chua dang ky tham gia Cau lac bo CAM, vui long dang ky: DK CAM gui 268 de duoc tich luy va doi diem cua chuong trinh. Chi tiet 789
18/09 18:28:46:023 orderId = 125409999 | requestId = 0 | userId = system | channel = SMS | serviceAddress = 268 | keyword = DOI DIEM 1000 | isdn = 84922000515 | subscriberType = 1 | shipTo =  | actionType = redeem | productId = 274 | commandId = 300 | request =  | response =  | status = 4 | cause = unknow-balance | description = 
18/09 18:29:28:062 sendNotify: 84922000514 - Ban chua gia nhap thanh vien cua LOYALTY CLUB nen chua the su dung dich vu nay. Chi tiet lien he 789.
18/09 18:29:28:062 orderId = 125410000 | requestId = 0 | userId = system | channel = SMS | serviceAddress = 268 | keyword = DOI DIEM 1000 | isdn = 84922000514 | subscriberType = 1 | shipTo =  | actionType = redeem | productId = 274 | commandId = 300 | request =  | response =  | status = 4 | cause = unknow-member | description = 
18/09 18:30:14:118 sendNotify: 84922000514 - Ban chua gia nhap thanh vien cua LOYALTY CLUB nen chua the su dung dich vu nay. Chi tiet lien he 789.
18/09 18:30:14:119 orderId = 125410001 | requestId = 0 | userId = system | channel = SMS | serviceAddress = 268 | keyword = DOI DIEM 1000 | isdn = 84922000514 | subscriberType = 1 | shipTo =  | actionType = redeem | productId = 274 | commandId = 300 | request =  | response =  | status = 4 | cause = unknow-member | description = 
18/09 18:30:29:038 sendNotify: 84922000514 - Quy khach chua dang ky tham gia Cau lac bo CAM, vui long dang ky: DK CAM gui 268 de duoc tich luy va doi diem cua chuong trinh. Chi tiet 789
18/09 18:30:29:039 orderId = 125410002 | requestId = 0 | userId = system | channel = SMS | serviceAddress = 268 | keyword = DOI DIEM 1000 | isdn = 84922000514 | subscriberType = 1 | shipTo =  | actionType = redeem | productId = 274 | commandId = 300 | request =  | response =  | status = 4 | cause = unknow-member | description = 
18/09 18:31:32:055 SEND: ID=261007: com.crm.provisioning.impl.CommandImpl.register{84922000515, 274}
18/09 18:31:32:076 RECEIVE: ID=261007: success: costTime=20
18/09 18:31:32:081 sendNotify: 84922000515 - Chuc mung Quy khach da ra nhap Cau lac bo CAM cua Vietnamobile. Hay tiep tuc su dung Vietnamobile de tich luy nhieu diem va nhan duoc nhieu uu dai cua chuong trinh. Chi tiet 789
18/09 18:31:32:082 orderId = 125410003 | requestId = 0 | userId = system | channel = SMS | serviceAddress = 268 | keyword = DK CAM | isdn = 84922000515 | subscriberType = 1 | shipTo =  | actionType = register | productId = 274 | commandId = 13119 | request = ID=261007: com.crm.provisioning.impl.CommandImpl.register{84922000515, 274} | response = ID=261007: success: costTime=20 | status = 0 | cause = success | description = success
18/09 18:31:54:103 sendNotify: 84922000515 - Quy khach chua dang ky tham gia Cau lac bo CAM, vui long dang ky: DK CAM gui 268 de duoc tich luy va doi diem cua chuong trinh. Chi tiet 789
18/09 18:31:54:104 orderId = 125410004 | requestId = 0 | userId = system | channel = SMS | serviceAddress = 268 | keyword = DOI DIEM 1000 | isdn = 84922000515 | subscriberType = 1 | shipTo =  | actionType = redeem | productId = 274 | commandId = 300 | request =  | response =  | status = 4 | cause = unknow-balance | description = 
18/09 18:37:41:160 SEND: ID=261009: com.crm.provisioning.impl.CommandImpl.unregister{84922000515, 274}
18/09 18:37:41:185 RECEIVE: ID=261009: success: costTime=24
18/09 18:37:41:186 sendNotify: 84922000515 - B?n ?ã h?y thành công d?ch v? LOYALTY
18/09 18:37:41:186 orderId = 0 | requestId = 0 | userId = system | channel = SMS | serviceAddress = 268 | keyword = HUY CAM | isdn = 84922000515 | subscriberType = 1 | shipTo =  | actionType = unregister | productId = 274 | commandId = 13121 | request = ID=261009: com.crm.provisioning.impl.CommandImpl.unregister{84922000515, 274} | response = ID=261009: success: costTime=24 | status = 0 | cause = success | description = success
18/09 18:39:15:258 sendNotify: 84922000515 - Quy khach chua dang ky tham gia Cau lac bo CAM, vui long dang ky: DK CAM gui 268 de duoc tich luy va doi diem cua chuong trinh. Chi tiet 789
18/09 18:39:15:259 orderId = 125410005 | requestId = 0 | userId = system | channel = SMS | serviceAddress = 268 | keyword = DOI DIEM 1000 | isdn = 84922000515 | subscriberType = 1 | shipTo =  | actionType = redeem | productId = 274 | commandId = 300 | request =  | response =  | status = 4 | cause = unknow-balance | description = 
18/09 18:39:52:218 sendNotify: 84922000515 - Quy khach chua dang ky tham gia Cau lac bo CAM, vui long dang ky: DK CAM gui 268 de duoc tich luy va doi diem cua chuong trinh. Chi tiet 789
18/09 18:39:52:219 orderId = 125410006 | requestId = 0 | userId = system | channel = SMS | serviceAddress = 268 | keyword = DOI DIEM 1000 | isdn = 84922000515 | subscriberType = 1 | shipTo =  | actionType = redeem | productId = 274 | commandId = 300 | request =  | response =  | status = 4 | cause = unknow-balance | description = 
18/09 18:49:59:356 CRM started
18/09 18:49:59:380 Testing connection ...
18/09 18:49:59:381 Created provisioning instance for CRM
18/09 18:49:59:382 Testing connection are success
18/09 18:49:59:382 Starting process session
18/09 18:49:59:482 Total 0 instances are started
18/09 18:49:59:483 Total 1 instances are added
18/09 18:50:25:666 sendNotify: 84922000515 - Quy khach chua dang ky tham gia Cau lac bo CAM, vui long dang ky: DK CAM gui 268 de duoc tich luy va doi diem cua chuong trinh. Chi tiet 789
18/09 18:50:25:667 orderId = 125410007 | requestId = 0 | userId = system | channel = SMS | serviceAddress = 268 | keyword = DOI DIEM 1000 | isdn = 84922000515 | subscriberType = 1 | shipTo =  | actionType = redeem | productId = 274 | commandId = 300 | request =  | response =  | status = 4 | cause = unknow-member | description = 
18/09 18:52:05:805 sendNotify: 84922000514 - Quy khach chua dang ky tham gia Cau lac bo CAM, vui long dang ky: DK CAM gui 268 de duoc tich luy va doi diem cua chuong trinh. Chi tiet 789
18/09 18:52:05:805 orderId = 125410008 | requestId = 0 | userId = system | channel = SMS | serviceAddress = 268 | keyword = DOI DIEM 1000 | isdn = 84922000514 | subscriberType = 1 | shipTo =  | actionType = redeem | productId = 274 | commandId = 300 | request =  | response =  | status = 4 | cause = unknow-member | description = 
18/09 18:52:40:817 SEND: ID=262004: com.crm.provisioning.impl.CommandImpl.register{84922000515, 274}
18/09 18:52:40:841 RECEIVE: ID=262004: success: costTime=23
18/09 18:52:40:848 sendNotify: 84922000515 - Chuc mung Quy khach da ra nhap Cau lac bo CAM cua Vietnamobile. Hay tiep tuc su dung Vietnamobile de tich luy nhieu diem va nhan duoc nhieu uu dai cua chuong trinh. Chi tiet 789
18/09 18:52:40:848 orderId = 125410009 | requestId = 0 | userId = system | channel = SMS | serviceAddress = 268 | keyword = DK CAM | isdn = 84922000515 | subscriberType = 1 | shipTo =  | actionType = register | productId = 274 | commandId = 13119 | request = ID=262004: com.crm.provisioning.impl.CommandImpl.register{84922000515, 274} | response = ID=262004: success: costTime=23 | status = 0 | cause = success | description = success
18/09 18:52:57:782 sendNotify: 84922000515 - Quy khach chua dang ky tham gia Cau lac bo CAM, vui long dang ky: DK CAM gui 268 de duoc tich luy va doi diem cua chuong trinh. Chi tiet 789
18/09 18:52:57:783 orderId = 125410010 | requestId = 0 | userId = system | channel = SMS | serviceAddress = 268 | keyword = DOI DIEM 1000 | isdn = 84922000515 | subscriberType = 1 | shipTo =  | actionType = redeem | productId = 274 | commandId = 300 | request =  | response =  | status = 4 | cause = unknow-member | description = 
18/09 18:54:10:910 sendNotify: 84922000515 - Quy khach chua dang ky tham gia Cau lac bo CAM, vui long dang ky: DK CAM gui 268 de duoc tich luy va doi diem cua chuong trinh. Chi tiet 789
18/09 18:54:10:910 orderId = 125410012 | requestId = 0 | userId = system | channel = SMS | serviceAddress = 268 | keyword = DOI DIEM 1000 | isdn = 84922000515 | subscriberType = 1 | shipTo =  | actionType = redeem | productId = 274 | commandId = 300 | request =  | response =  | status = 4 | cause = unknow-member | description = 
18/09 18:57:46:290 CRM started
18/09 18:57:46:323 Testing connection ...
18/09 18:57:46:324 Created provisioning instance for CRM
18/09 18:57:46:326 Testing connection are success
18/09 18:57:46:326 Starting process session
18/09 18:57:46:434 Total 0 instances are started
18/09 18:57:46:435 Total 1 instances are added
18/09 18:58:08:874 sendNotify: 84922000515 - Quy khach chua dang ky tham gia Cau lac bo CAM, vui long dang ky: DK CAM gui 268 de duoc tich luy va doi diem cua chuong trinh. Chi tiet 789
18/09 18:58:08:875 orderId = 125410013 | requestId = 0 | userId = system | channel = SMS | serviceAddress = 268 | keyword = DOI DIEM 1000 | isdn = 84922000515 | subscriberType = 1 | shipTo =  | actionType = redeem | productId = 274 | commandId = 300 | request =  | response =  | status = 4 | cause = unknow-balance | description = 
18/09 18:58:56:917 sendNotify: 84922000515 - Tai khoan cua Quy khach chua co diem. Hay tiep tuc su dung Vietnamobile de tich luy nhieu diem va nhan duoc nhieu uu dai cua chuong trinh. Chi tiet 789
18/09 18:58:56:917 orderId = 125410014 | requestId = 0 | userId = system | channel = SMS | serviceAddress = 268 | keyword = DOI DIEM 1000 | isdn = 84922000515 | subscriberType = 1 | shipTo =  | actionType = redeem | productId = 274 | commandId = 300 | request =  | response =  | status = 4 | cause = unknow-balance | description = 
