16/09 08:49:32:317 CRM started
16/09 08:49:42:640 Testing connection ...
16/09 08:49:42:640 Created provisioning instance for CRM
16/09 08:49:42:642 Testing connection are success
16/09 08:49:42:642 Starting process session
16/09 08:49:42:744 Total 0 instances are started
16/09 08:49:42:745 Total 1 instances are added
16/09 09:07:18:978 CRM started
16/09 09:07:22:064 Testing connection ...
16/09 09:07:22:068 Created provisioning instance for CRM
16/09 09:07:22:082 Testing connection are success
16/09 09:07:22:082 Starting process session
16/09 09:07:22:186 Total 0 instances are started
16/09 09:07:22:187 Total 1 instances are added
16/09 09:10:46:589 CRM started
16/09 09:10:49:940 Testing connection ...
16/09 09:10:49:941 Created provisioning instance for CRM
16/09 09:10:49:942 Testing connection are success
16/09 09:10:49:943 Starting process session
16/09 09:10:50:045 Total 0 instances are started
16/09 09:10:50:046 Total 1 instances are added
16/09 09:25:57:483 CRM started
16/09 09:26:28:386 Error occured: Connections could not be acquired from the underlying database!
16/09 09:28:08:397 Testing connection ...
16/09 09:28:08:399 Created provisioning instance for CRM
16/09 09:28:08:399 Testing connection are success
16/09 09:28:08:400 Starting process session
16/09 09:28:08:500 Total 0 instances are started
16/09 09:28:08:501 Total 1 instances are added
16/09 09:37:12:714 CRM started
16/09 09:37:15:400 Testing connection ...
16/09 09:37:15:404 Created provisioning instance for CRM
16/09 09:37:15:411 Testing connection are success
16/09 09:37:15:411 Starting process session
16/09 09:37:15:512 Total 0 instances are started
16/09 09:37:15:512 Total 1 instances are added
16/09 09:38:42:098 CRM started
16/09 09:38:45:253 Testing connection ...
16/09 09:38:45:257 Created provisioning instance for CRM
16/09 09:38:45:258 Testing connection are success
16/09 09:38:45:259 Starting process session
16/09 09:38:45:361 Total 0 instances are started
16/09 09:38:45:362 Total 1 instances are added
16/09 09:39:57:919 CRM started
16/09 09:40:01:306 Testing connection ...
16/09 09:40:01:307 Created provisioning instance for CRM
16/09 09:40:01:309 Testing connection are success
16/09 09:40:01:310 Starting process session
16/09 09:40:01:412 Total 0 instances are started
16/09 09:40:01:413 Total 1 instances are added
16/09 09:51:20:584 CRM started
16/09 09:51:25:062 Testing connection ...
16/09 09:51:25:063 Created provisioning instance for CRM
16/09 09:51:25:063 Testing connection are success
16/09 09:51:25:064 Starting process session
16/09 09:51:25:165 Total 0 instances are started
16/09 09:51:25:165 Total 1 instances are added
16/09 09:53:14:540 CRM started
16/09 09:53:18:180 Testing connection ...
16/09 09:53:18:180 Created provisioning instance for CRM
16/09 09:53:18:181 Testing connection are success
16/09 09:53:18:182 Starting process session
16/09 09:53:18:284 Total 0 instances are started
16/09 09:53:18:285 Total 1 instances are added
16/09 10:03:31:144 CRM started
16/09 10:03:34:314 Testing connection ...
16/09 10:03:34:315 Created provisioning instance for CRM
16/09 10:03:34:317 Testing connection are success
16/09 10:03:34:318 Starting process session
16/09 10:03:34:420 Total 0 instances are started
16/09 10:03:34:422 Total 1 instances are added
16/09 10:06:46:845 CRM started
16/09 10:06:50:140 Testing connection ...
16/09 10:06:50:143 Created provisioning instance for CRM
16/09 10:06:50:146 Testing connection are success
16/09 10:06:50:147 Starting process session
16/09 10:06:50:258 Total 0 instances are started
16/09 10:06:50:259 Total 1 instances are added
16/09 10:17:45:284 CRM started
16/09 10:17:48:449 Testing connection ...
16/09 10:17:48:458 Created provisioning instance for CRM
16/09 10:17:48:462 Testing connection are success
16/09 10:17:48:463 Starting process session
16/09 10:17:48:569 Total 0 instances are started
16/09 10:17:48:570 Total 1 instances are added
