14/09 09:47:35:960 OSA Callback started
14/09 09:47:46:680 Starting process session
14/09 09:47:46:820 Total 0 instances are started
14/09 09:47:46:821 Total 1 instances are added
14/09 09:47:56:989 Local queue size: 0
14/09 09:48:07:089 Local queue size: 0
14/09 09:48:07:838 com.sun.messaging.jms.JMSException: [C4003]: Error occurred on connection creation [10.32.62.73:7676]. - cause: java.net.ConnectException: Connection timed out: connect
14/09 09:48:07:839 Consumer was closed, reconnect.
14/09 09:48:17:092 Local queue size: 0
14/09 09:48:27:192 Local queue size: 0
14/09 09:48:37:193 Local queue size: 0
14/09 09:48:47:293 Local queue size: 0
14/09 09:48:57:294 Local queue size: 0
14/09 09:49:07:295 Local queue size: 0
14/09 09:49:17:296 Local queue size: 0
14/09 09:49:27:297 Local queue size: 0
14/09 09:49:37:299 Local queue size: 0
14/09 09:49:47:300 Local queue size: 0
14/09 09:49:57:301 Local queue size: 0
14/09 09:50:07:341 Local queue size: 0
14/09 09:50:17:347 Local queue size: 0
14/09 09:50:27:352 Local queue size: 0
14/09 09:50:37:353 Local queue size: 0
14/09 09:50:47:354 Local queue size: 0
14/09 09:50:57:355 Local queue size: 0
14/09 09:51:07:455 Local queue size: 0
14/09 09:51:17:462 Local queue size: 0
14/09 09:51:27:464 Local queue size: 0
14/09 09:51:37:466 Local queue size: 0
14/09 09:51:47:472 Local queue size: 0
14/09 09:51:57:572 Local queue size: 0
14/09 09:52:12:081 OSA Callback started
14/09 09:52:14:320 Starting process session
14/09 09:52:14:464 Total 0 instances are started
14/09 09:52:14:474 Total 1 instances are added
14/09 09:52:24:763 Local queue size: 0
14/09 09:52:34:775 Local queue size: 0
14/09 09:52:37:226 com.sun.messaging.jms.JMSException: [C4003]: Error occurred on connection creation [10.32.62.73:7676]. - cause: java.net.ConnectException: Connection timed out: connect
14/09 09:52:37:226 Consumer was closed, reconnect.
14/09 09:52:44:786 Local queue size: 0
14/09 09:52:54:790 Local queue size: 0
14/09 09:53:04:792 Local queue size: 0
14/09 09:53:14:793 Local queue size: 0
14/09 09:53:24:834 Local queue size: 0
14/09 09:53:34:838 Local queue size: 0
14/09 09:53:44:846 Local queue size: 0
14/09 09:53:54:849 Local queue size: 0
14/09 09:54:04:858 Local queue size: 0
14/09 09:54:14:860 Local queue size: 0
14/09 09:54:24:863 Local queue size: 0
14/09 09:54:34:963 Local queue size: 0
14/09 09:54:44:964 Local queue size: 0
14/09 09:54:55:064 Local queue size: 0
14/09 09:55:05:069 Local queue size: 0
14/09 09:55:15:089 Local queue size: 0
14/09 09:55:25:090 Local queue size: 0
14/09 09:55:35:093 Local queue size: 0
14/09 09:55:45:099 Local queue size: 0
14/09 09:55:55:100 Local queue size: 0
14/09 09:56:05:200 Local queue size: 0
14/09 09:56:15:201 Local queue size: 0
14/09 09:56:25:203 Local queue size: 0
14/09 09:56:35:303 Local queue size: 0
14/09 09:56:45:304 Local queue size: 0
14/09 09:56:55:404 Local queue size: 0
14/09 09:57:05:407 Local queue size: 0
14/09 09:57:15:410 Local queue size: 0
14/09 09:57:25:510 Local queue size: 0
14/09 09:57:35:544 Local queue size: 0
14/09 09:57:45:644 Local queue size: 0
14/09 09:57:55:645 Local queue size: 0
14/09 09:58:05:647 Local queue size: 0
14/09 09:58:15:651 Local queue size: 0
14/09 09:58:28:342 OSA Callback started
14/09 09:58:30:534 Starting process session
14/09 09:58:31:039 Total 0 instances are started
14/09 09:58:31:043 Total 1 instances are added
14/09 09:58:41:337 Local queue size: 0
14/09 09:58:51:354 Local queue size: 0
14/09 09:58:53:277 com.sun.messaging.jms.JMSException: [C4003]: Error occurred on connection creation [10.32.62.73:7676]. - cause: java.net.ConnectException: Connection timed out: connect
14/09 09:58:53:278 Consumer was closed, reconnect.
14/09 09:59:01:362 Local queue size: 0
14/09 09:59:11:365 Local queue size: 0
14/09 09:59:21:373 Local queue size: 0
14/09 09:59:31:437 Local queue size: 0
14/09 09:59:41:445 Local queue size: 0
14/09 09:59:51:545 Local queue size: 0
14/09 10:00:01:546 Local queue size: 0
14/09 10:00:11:553 Local queue size: 0
14/09 10:00:21:560 Local queue size: 0
14/09 10:00:31:561 Local queue size: 0
14/09 10:00:41:563 Local queue size: 0
14/09 10:00:51:568 Local queue size: 0
14/09 10:01:01:569 Local queue size: 0
14/09 10:01:11:570 Local queue size: 0
14/09 10:01:21:571 Local queue size: 0
14/09 10:01:31:575 Local queue size: 0
14/09 10:01:41:577 Local queue size: 0
14/09 10:01:51:589 Local queue size: 0
14/09 10:02:01:594 Local queue size: 0
14/09 10:02:11:595 Local queue size: 0
14/09 10:02:21:596 Local queue size: 0
14/09 10:02:31:597 Local queue size: 0
14/09 10:02:41:697 Local queue size: 0
14/09 10:02:51:699 Local queue size: 0
14/09 10:03:01:799 Local queue size: 0
14/09 10:03:11:801 Local queue size: 0
14/09 10:03:21:901 Local queue size: 0
14/09 10:03:31:906 Local queue size: 0
14/09 10:03:41:907 Local queue size: 0
14/09 10:03:51:988 Local queue size: 0
14/09 10:04:01:989 Local queue size: 0
14/09 10:04:11:990 Local queue size: 0
14/09 10:04:21:996 Local queue size: 0
14/09 10:04:32:096 Local queue size: 0
14/09 10:04:42:103 Local queue size: 0
14/09 10:04:52:104 Local queue size: 0
14/09 10:05:02:130 Local queue size: 0
14/09 10:05:12:131 Local queue size: 0
14/09 10:05:22:231 Local queue size: 0
14/09 10:05:32:232 Local queue size: 0
14/09 10:05:42:238 Local queue size: 0
14/09 10:05:52:338 Local queue size: 0
14/09 10:06:02:339 Local queue size: 0
14/09 10:06:12:439 Local queue size: 0
14/09 10:06:22:511 Local queue size: 0
14/09 10:06:32:513 Local queue size: 0
14/09 10:06:42:514 Local queue size: 0
14/09 10:06:52:515 Local queue size: 0
14/09 10:07:02:615 Local queue size: 0
14/09 10:07:12:616 Local queue size: 0
14/09 10:07:22:617 Local queue size: 0
14/09 10:07:32:618 Local queue size: 0
14/09 10:07:42:718 Local queue size: 0
14/09 10:07:52:719 Local queue size: 0
14/09 10:08:02:720 Local queue size: 0
14/09 10:08:12:820 Local queue size: 0
14/09 10:08:22:822 Local queue size: 0
14/09 10:08:32:831 Local queue size: 0
14/09 10:08:42:833 Local queue size: 0
14/09 10:08:52:933 Local queue size: 0
14/09 10:09:02:935 Local queue size: 0
14/09 10:09:12:938 Local queue size: 0
14/09 10:09:23:038 Local queue size: 0
14/09 10:09:33:040 Local queue size: 0
14/09 10:09:43:140 Local queue size: 0
14/09 10:09:53:141 Local queue size: 0
14/09 10:10:03:241 Local queue size: 0
14/09 10:10:13:246 Local queue size: 0
14/09 10:10:23:247 Local queue size: 0
14/09 10:10:33:253 Local queue size: 0
14/09 10:10:43:254 Local queue size: 0
14/09 10:10:53:335 Local queue size: 0
14/09 10:11:03:339 Local queue size: 0
14/09 10:11:13:439 Local queue size: 0
14/09 10:11:23:441 Local queue size: 0
14/09 10:11:33:442 Local queue size: 0
14/09 10:11:43:444 Local queue size: 0
14/09 10:11:53:445 Local queue size: 0
14/09 10:14:06:070 OSA Callback started
14/09 10:14:07:888 Starting process session
14/09 10:14:08:082 Total 0 instances are started
14/09 10:14:08:083 Total 1 instances are added
14/09 10:14:18:217 Local queue size: 0
14/09 10:14:28:218 Local queue size: 0
14/09 10:14:31:461 com.sun.messaging.jms.JMSException: [C4003]: Error occurred on connection creation [10.32.62.73:7676]. - cause: java.net.ConnectException: Connection timed out: connect
14/09 10:14:31:462 Consumer was closed, reconnect.
14/09 10:16:10:639 OSA Callback started
14/09 10:16:12:265 Starting process session
14/09 10:16:12:386 Total 0 instances are started
14/09 10:16:12:387 Total 1 instances are added
14/09 10:16:33:390 OSA Callback started
14/09 10:16:33:984 Starting process session
14/09 10:16:34:110 Total 0 instances are started
14/09 10:16:34:110 Total 1 instances are added
14/09 10:16:44:222 Local queue size: 0
14/09 10:16:54:257 Local queue size: 0
14/09 10:16:58:516 com.sun.messaging.jms.JMSException: [C4003]: Error occurred on connection creation [10.32.62.73:7676]. - cause: java.net.ConnectException: Connection timed out: connect
14/09 10:16:58:517 Consumer was closed, reconnect.
14/09 10:17:04:260 Local queue size: 0
14/09 10:17:14:262 Local queue size: 0
14/09 10:17:24:265 Local queue size: 0
14/09 10:17:34:266 Local queue size: 0
14/09 10:17:44:269 Local queue size: 0
14/09 10:17:54:369 Local queue size: 0
14/09 10:18:04:372 Local queue size: 0
14/09 10:18:14:373 Local queue size: 0
14/09 10:18:24:473 Local queue size: 0
14/09 10:18:48:876 OSA Callback started
14/09 10:18:49:980 Starting process session
14/09 10:18:50:092 Total 0 instances are started
14/09 10:18:50:093 Total 1 instances are added
14/09 10:19:00:318 Local queue size: 0
14/09 10:19:10:331 Local queue size: 0
14/09 10:19:14:308 com.sun.messaging.jms.JMSException: [C4003]: Error occurred on connection creation [10.32.62.73:7676]. - cause: java.net.ConnectException: Connection timed out: connect
14/09 10:19:14:308 Consumer was closed, reconnect.
14/09 10:19:20:431 Local queue size: 0
14/09 10:19:30:432 Local queue size: 0
14/09 10:19:40:433 Local queue size: 0
14/09 10:19:50:435 Local queue size: 0
14/09 10:20:01:409 OSA Callback started
14/09 10:20:02:749 Starting process session
14/09 10:20:02:895 Total 0 instances are started
14/09 10:20:02:896 Total 1 instances are added
14/09 10:20:13:084 Local queue size: 0
14/09 10:20:23:087 Local queue size: 0
14/09 10:20:33:089 Local queue size: 0
14/09 10:20:43:131 Local queue size: 0
14/09 10:20:53:146 Local queue size: 0
14/09 10:21:03:155 Local queue size: 0
14/09 10:21:13:169 Local queue size: 0
14/09 10:21:23:171 Local queue size: 0
14/09 10:21:33:173 Local queue size: 0
14/09 10:21:43:176 Local queue size: 0
14/09 10:21:53:272 Local queue size: 0
14/09 10:22:03:273 Local queue size: 0
14/09 10:22:13:281 Local queue size: 0
14/09 10:22:23:283 Local queue size: 0
14/09 10:22:33:371 Local queue size: 0
14/09 10:22:43:377 Local queue size: 0
14/09 10:22:53:477 Local queue size: 0
14/09 10:23:03:479 Local queue size: 0
14/09 10:23:17:940 OSA Callback started
14/09 10:23:20:026 Starting process session
14/09 10:23:20:162 Total 0 instances are started
14/09 10:23:20:162 Total 1 instances are added
14/09 10:23:31:681 Local queue size: 0
14/09 10:23:41:694 Local queue size: 0
14/09 10:23:51:696 Local queue size: 0
14/09 10:24:01:796 Local queue size: 0
14/09 10:24:11:798 Local queue size: 0
14/09 10:24:21:820 Local queue size: 0
14/09 10:24:31:824 Local queue size: 0
14/09 10:24:41:830 Local queue size: 0
14/09 10:24:51:835 Local queue size: 0
14/09 10:25:01:903 Local queue size: 0
14/09 10:25:11:909 Local queue size: 0
14/09 10:25:21:913 Local queue size: 0
14/09 10:25:32:001 Local queue size: 0
14/09 10:25:54:689 OSA Callback started
14/09 10:25:55:285 Starting process session
14/09 10:25:55:414 Total 0 instances are started
14/09 10:25:55:414 Total 1 instances are added
14/09 10:26:05:527 Local queue size: 0
14/09 10:26:15:547 Local queue size: 0
14/09 10:26:25:549 Local queue size: 0
14/09 10:26:35:550 Local queue size: 0
14/09 10:26:45:552 Local queue size: 0
14/09 10:26:55:553 Local queue size: 0
14/09 10:27:05:554 Local queue size: 0
14/09 10:27:15:559 Local queue size: 0
14/09 10:27:25:560 Local queue size: 0
14/09 10:27:45:179 OSA Callback started
14/09 10:27:45:775 Starting process session
14/09 10:27:45:904 Total 0 instances are started
14/09 10:27:45:904 Total 1 instances are added
14/09 10:27:56:050 Local queue size: 0
14/09 10:28:06:102 Local queue size: 0
14/09 10:28:16:106 Local queue size: 0
14/09 10:28:26:117 Local queue size: 0
14/09 10:28:36:121 Local queue size: 0
14/09 10:28:46:173 Local queue size: 0
14/09 10:28:56:180 Local queue size: 0
14/09 10:29:06:184 Local queue size: 0
14/09 10:29:16:245 Local queue size: 0
14/09 10:29:26:247 Local queue size: 0
14/09 10:29:36:250 Local queue size: 0
14/09 10:29:46:251 Local queue size: 0
14/09 10:29:56:310 Local queue size: 0
14/09 10:30:06:410 Local queue size: 0
14/09 10:30:16:411 Local queue size: 0
14/09 10:30:26:511 Local queue size: 0
14/09 10:30:36:604 Local queue size: 0
14/09 10:30:46:609 Local queue size: 0
14/09 10:30:56:611 Local queue size: 0
14/09 10:31:06:708 Local queue size: 0
14/09 10:31:16:711 Local queue size: 0
14/09 10:31:26:713 Local queue size: 0
14/09 10:31:36:813 Local queue size: 0
14/09 10:31:46:898 Local queue size: 0
14/09 10:31:56:899 Local queue size: 0
14/09 10:32:06:903 Local queue size: 0
14/09 10:32:16:906 Local queue size: 0
14/09 10:32:26:969 Local queue size: 0
14/09 10:32:36:970 Local queue size: 0
14/09 10:32:46:972 Local queue size: 0
14/09 10:32:56:973 Local queue size: 0
14/09 10:33:07:012 Local queue size: 0
14/09 10:33:17:013 Local queue size: 0
14/09 10:33:27:016 Local queue size: 0
14/09 10:33:37:116 Local queue size: 0
14/09 10:33:47:136 Local queue size: 0
14/09 10:33:57:150 Local queue size: 0
14/09 10:34:07:220 Local queue size: 0
14/09 10:34:17:225 Local queue size: 0
14/09 10:34:27:227 Local queue size: 0
14/09 10:34:37:228 Local queue size: 0
14/09 10:34:47:231 Local queue size: 0
14/09 10:34:57:235 Local queue size: 0
14/09 10:35:07:335 Local queue size: 0
14/09 10:35:17:341 Local queue size: 0
14/09 10:35:27:343 Local queue size: 0
14/09 10:35:37:348 Local queue size: 0
14/09 10:35:47:349 Local queue size: 0
14/09 10:35:57:449 Local queue size: 0
14/09 10:36:07:525 Local queue size: 0
14/09 10:36:17:527 Local queue size: 0
14/09 10:36:27:528 Local queue size: 0
14/09 10:36:37:535 Local queue size: 0
14/09 10:36:47:619 Local queue size: 0
14/09 10:36:57:621 Local queue size: 0
14/09 10:37:07:629 Local queue size: 0
14/09 10:37:17:633 Local queue size: 0
14/09 10:37:27:732 Local queue size: 0
14/09 10:37:37:743 Local queue size: 0
14/09 10:37:47:746 Local queue size: 0
14/09 10:37:57:846 Local queue size: 0
14/09 10:38:07:860 Local queue size: 0
14/09 10:38:17:861 Local queue size: 0
14/09 10:38:27:865 Local queue size: 0
14/09 10:38:37:866 Local queue size: 0
14/09 10:38:47:898 Local queue size: 0
14/09 10:38:57:900 Local queue size: 0
14/09 10:39:07:904 Local queue size: 0
14/09 10:39:17:905 Local queue size: 0
14/09 10:39:27:933 Local queue size: 0
14/09 10:39:37:934 Local queue size: 0
14/09 10:39:47:937 Local queue size: 0
14/09 10:39:57:945 Local queue size: 0
14/09 10:40:07:956 Local queue size: 0
14/09 10:40:17:961 Local queue size: 0
14/09 10:40:27:970 Local queue size: 0
14/09 10:40:38:012 Local queue size: 0
14/09 10:40:48:014 Local queue size: 0
14/09 10:40:58:019 Local queue size: 0
14/09 10:41:08:092 Local queue size: 0
14/09 10:41:18:098 Local queue size: 0
14/09 10:41:28:100 Local queue size: 0
14/09 10:41:38:103 Local queue size: 0
14/09 10:41:48:105 Local queue size: 0
14/09 10:41:58:198 Local queue size: 0
14/09 10:42:08:199 Local queue size: 0
14/09 10:42:18:208 Local queue size: 0
14/09 10:42:28:213 Local queue size: 0
14/09 10:42:38:276 Local queue size: 0
14/09 10:42:48:279 Local queue size: 0
14/09 10:42:58:286 Local queue size: 0
14/09 10:43:08:287 Local queue size: 0
14/09 10:43:18:335 Local queue size: 0
14/09 10:43:28:435 Local queue size: 0
14/09 10:43:38:442 Local queue size: 0
14/09 10:43:48:446 Local queue size: 0
14/09 10:43:58:538 Local queue size: 0
14/09 10:44:08:539 Local queue size: 0
14/09 10:44:18:544 Local queue size: 0
14/09 10:44:28:548 Local queue size: 0
14/09 10:44:38:572 Local queue size: 0
14/09 10:44:48:574 Local queue size: 0
14/09 10:44:58:674 Local queue size: 0
14/09 10:45:08:680 Local queue size: 0
14/09 10:45:18:754 Local queue size: 0
14/09 10:45:28:755 Local queue size: 0
14/09 10:45:38:759 Local queue size: 0
14/09 10:45:48:760 Local queue size: 0
14/09 10:45:58:768 Local queue size: 0
14/09 10:46:08:868 Local queue size: 0
14/09 10:46:18:872 Local queue size: 0
14/09 10:46:28:878 Local queue size: 0
14/09 10:46:38:882 Local queue size: 0
14/09 10:46:48:885 Local queue size: 0
14/09 10:46:58:988 Local queue size: 0
14/09 10:47:08:989 Local queue size: 0
14/09 10:47:19:054 Local queue size: 0
14/09 10:47:29:055 Local queue size: 0
14/09 10:47:39:059 Local queue size: 0
14/09 10:47:49:060 Local queue size: 0
14/09 10:47:59:117 Local queue size: 0
14/09 10:48:09:217 Local queue size: 0
14/09 10:48:19:218 Local queue size: 0
14/09 10:48:29:318 Local queue size: 0
14/09 10:48:39:397 Local queue size: 0
14/09 10:48:49:401 Local queue size: 0
14/09 10:48:59:406 Local queue size: 0
14/09 10:49:09:416 Local queue size: 0
14/09 10:49:19:509 Local queue size: 0
14/09 10:49:29:511 Local queue size: 0
14/09 10:49:39:512 Local queue size: 0
14/09 10:49:49:513 Local queue size: 0
14/09 10:49:59:540 Local queue size: 0
14/09 10:50:09:542 Local queue size: 0
14/09 10:50:19:547 Local queue size: 0
14/09 10:50:29:647 Local queue size: 0
14/09 10:50:39:729 Local queue size: 0
14/09 10:50:49:730 Local queue size: 0
14/09 10:50:59:731 Local queue size: 0
14/09 10:51:09:732 Local queue size: 0
14/09 10:51:19:811 Local queue size: 0
14/09 10:51:29:816 Local queue size: 0
14/09 10:51:39:916 Local queue size: 0
14/09 10:51:49:918 Local queue size: 0
14/09 10:51:59:920 Local queue size: 0
14/09 10:52:09:929 Local queue size: 0
14/09 10:52:19:930 Local queue size: 0
14/09 10:52:30:030 Local queue size: 0
14/09 10:52:40:031 Local queue size: 0
14/09 10:52:50:113 Local queue size: 0
14/09 10:53:00:115 Local queue size: 0
14/09 10:53:10:215 Local queue size: 0
14/09 10:53:20:281 Local queue size: 0
14/09 10:53:30:286 Local queue size: 0
14/09 10:53:40:288 Local queue size: 0
14/09 10:53:50:292 Local queue size: 0
14/09 10:54:00:334 Local queue size: 0
14/09 10:54:10:339 Local queue size: 0
14/09 10:54:20:439 Local queue size: 0
14/09 10:54:30:442 Local queue size: 0
14/09 10:54:40:455 Local queue size: 0
14/09 10:54:50:555 Local queue size: 0
14/09 10:55:00:561 Local queue size: 0
14/09 10:55:10:661 Local queue size: 0
14/09 10:55:20:713 Local queue size: 0
14/09 10:55:30:722 Local queue size: 0
14/09 10:55:40:726 Local queue size: 0
14/09 10:55:50:754 Local queue size: 0
14/09 10:56:00:768 Local queue size: 0
14/09 10:56:10:773 Local queue size: 0
14/09 10:56:20:775 Local queue size: 0
14/09 10:56:30:776 Local queue size: 0
14/09 10:56:40:839 Local queue size: 0
14/09 10:56:50:844 Local queue size: 0
14/09 10:57:00:849 Local queue size: 0
14/09 10:57:10:949 Local queue size: 0
14/09 10:57:20:970 Local queue size: 0
14/09 10:57:30:972 Local queue size: 0
14/09 10:57:40:977 Local queue size: 0
14/09 10:57:53:027 OSA Callback started
14/09 10:57:54:536 Starting process session
14/09 10:57:54:721 Total 0 instances are started
14/09 10:57:54:722 Total 1 instances are added
14/09 10:58:04:861 Local queue size: 0
14/09 10:58:14:900 Local queue size: 0
14/09 10:58:24:915 Local queue size: 0
14/09 10:58:34:916 Local queue size: 0
14/09 10:58:44:918 Local queue size: 0
14/09 10:58:54:952 Local queue size: 0
14/09 10:59:04:960 Local queue size: 0
14/09 10:59:15:060 Local queue size: 0
14/09 10:59:25:080 Local queue size: 0
14/09 10:59:35:143 Local queue size: 0
14/09 10:59:45:145 Local queue size: 0
14/09 10:59:55:152 Local queue size: 0
14/09 11:00:05:212 Local queue size: 0
14/09 11:00:15:220 Local queue size: 0
14/09 11:00:25:255 Local queue size: 0
14/09 11:00:35:264 Local queue size: 0
14/09 11:00:45:364 Local queue size: 0
14/09 11:00:55:369 Local queue size: 0
14/09 11:01:05:448 Local queue size: 0
14/09 11:01:15:548 Local queue size: 0
14/09 11:01:25:550 Local queue size: 0
14/09 11:01:35:553 Local queue size: 0
14/09 11:01:45:580 Local queue size: 0
14/09 11:01:55:584 Local queue size: 0
14/09 11:02:05:585 Local queue size: 0
14/09 11:02:15:590 Local queue size: 0
14/09 11:02:25:595 Local queue size: 0
14/09 11:02:35:667 Local queue size: 0
14/09 11:02:45:703 Local queue size: 0
14/09 11:02:55:705 Local queue size: 0
14/09 11:03:05:805 Local queue size: 0
14/09 11:03:15:806 Local queue size: 0
14/09 11:03:25:807 Local queue size: 0
14/09 11:03:35:814 Local queue size: 0
14/09 11:03:45:815 Local queue size: 0
14/09 11:03:55:823 Local queue size: 0
14/09 11:04:05:825 Local queue size: 0
14/09 11:04:15:826 Local queue size: 0
14/09 11:04:25:920 Local queue size: 0
14/09 11:04:35:954 Local queue size: 0
14/09 11:04:45:956 Local queue size: 0
14/09 11:04:55:959 Local queue size: 0
14/09 11:05:06:050 Local queue size: 0
14/09 11:05:16:051 Local queue size: 0
14/09 11:05:26:054 Local queue size: 0
14/09 11:05:36:056 Local queue size: 0
14/09 11:05:46:059 Local queue size: 0
14/09 11:05:56:060 Local queue size: 0
14/09 11:06:06:062 Local queue size: 0
14/09 11:06:16:149 Local queue size: 0
14/09 11:06:26:150 Local queue size: 0
14/09 11:06:36:250 Local queue size: 0
14/09 11:06:46:254 Local queue size: 0
14/09 11:06:56:264 Local queue size: 0
14/09 11:07:06:364 Local queue size: 0
14/09 11:07:16:365 Local queue size: 0
14/09 11:07:26:366 Local queue size: 0
14/09 11:07:36:419 Local queue size: 0
14/09 11:07:46:420 Local queue size: 0
14/09 11:07:56:425 Local queue size: 0
14/09 11:08:06:426 Local queue size: 0
14/09 11:08:16:473 Local queue size: 0
14/09 11:08:26:475 Local queue size: 0
14/09 11:08:36:480 Local queue size: 0
14/09 11:08:46:486 Local queue size: 0
14/09 11:08:56:507 Local queue size: 0
14/09 11:09:06:510 Local queue size: 0
14/09 11:09:16:516 Local queue size: 0
14/09 11:09:26:517 Local queue size: 0
14/09 11:09:36:550 Local queue size: 0
14/09 11:09:46:552 Local queue size: 0
14/09 11:09:56:560 Local queue size: 0
14/09 11:10:06:565 Local queue size: 0
14/09 11:10:16:568 Local queue size: 0
14/09 11:10:26:618 Local queue size: 0
14/09 11:10:36:622 Local queue size: 0
14/09 11:10:46:671 Local queue size: 0
14/09 11:10:56:674 Local queue size: 0
14/09 11:11:06:676 Local queue size: 0
14/09 11:11:16:680 Local queue size: 0
14/09 11:11:26:690 Local queue size: 0
14/09 11:11:36:695 Local queue size: 0
14/09 11:11:46:701 Local queue size: 0
14/09 11:11:56:703 Local queue size: 0
14/09 11:12:06:763 Local queue size: 0
14/09 11:12:16:769 Local queue size: 0
14/09 11:12:26:771 Local queue size: 0
14/09 11:12:36:871 Local queue size: 0
14/09 11:12:46:899 Local queue size: 0
14/09 11:12:56:903 Local queue size: 0
14/09 11:13:06:909 Local queue size: 0
14/09 11:13:16:913 Local queue size: 0
14/09 11:13:26:915 Local queue size: 0
14/09 11:13:37:000 Local queue size: 0
14/09 11:13:47:002 Local queue size: 0
14/09 11:13:57:031 Local queue size: 0
14/09 11:14:07:037 Local queue size: 0
14/09 11:14:17:134 Local queue size: 0
14/09 11:14:27:135 Local queue size: 0
14/09 11:14:37:136 Local queue size: 0
14/09 11:14:47:138 Local queue size: 0
14/09 11:14:57:218 Local queue size: 0
14/09 11:15:07:219 Local queue size: 0
14/09 11:15:17:224 Local queue size: 0
14/09 11:15:27:227 Local queue size: 0
14/09 11:15:37:269 Local queue size: 0
14/09 11:15:47:280 Local queue size: 0
14/09 11:15:57:284 Local queue size: 0
14/09 11:16:07:287 Local queue size: 0
14/09 11:16:17:288 Local queue size: 0
14/09 11:16:27:293 Local queue size: 0
14/09 11:16:37:297 Local queue size: 0
14/09 11:16:47:365 Local queue size: 0
14/09 11:16:57:368 Local queue size: 0
14/09 11:17:07:369 Local queue size: 0
14/09 11:17:17:373 Local queue size: 0
14/09 11:17:27:461 Local queue size: 0
14/09 11:17:37:469 Local queue size: 0
14/09 11:17:47:473 Local queue size: 0
14/09 11:17:57:477 Local queue size: 0
14/09 11:18:07:538 Local queue size: 0
14/09 11:18:17:539 Local queue size: 0
14/09 11:18:27:542 Local queue size: 0
14/09 11:18:37:546 Local queue size: 0
14/09 11:18:47:550 Local queue size: 0
14/09 11:18:57:648 Local queue size: 0
14/09 11:19:07:660 Local queue size: 0
14/09 11:19:17:663 Local queue size: 0
14/09 11:19:27:675 Local queue size: 0
14/09 11:19:37:684 Local queue size: 0
14/09 11:19:52:813 OSA Callback started
14/09 11:19:54:754 Starting process session
14/09 11:19:54:890 Total 0 instances are started
14/09 11:19:54:894 Total 1 instances are added
14/09 11:20:05:404 Local queue size: 0
14/09 11:20:15:466 Local queue size: 0
14/09 11:20:25:475 Local queue size: 0
14/09 11:20:35:479 Local queue size: 0
14/09 11:20:45:481 Local queue size: 0
14/09 11:20:55:482 Local queue size: 0
14/09 11:21:05:484 Local queue size: 0
14/09 11:21:15:486 Local queue size: 0
14/09 11:21:25:567 Local queue size: 0
14/09 11:21:35:572 Local queue size: 0
14/09 11:21:45:573 Local queue size: 0
14/09 11:21:55:673 Local queue size: 0
14/09 11:22:05:752 Local queue size: 0
14/09 11:22:15:755 Local queue size: 0
14/09 11:22:25:757 Local queue size: 0
14/09 11:22:35:857 Local queue size: 0
14/09 11:22:45:861 Local queue size: 0
14/09 11:22:55:862 Local queue size: 0
14/09 11:23:05:962 Local queue size: 0
14/09 11:23:15:963 Local queue size: 0
14/09 11:23:25:974 Local queue size: 0
14/09 11:23:35:975 Local queue size: 0
14/09 11:23:45:976 Local queue size: 0
14/09 11:23:56:076 Local queue size: 0
14/09 11:24:06:077 Local queue size: 0
14/09 11:24:16:078 Local queue size: 0
14/09 11:26:12:996 OSA Callback started
14/09 11:26:15:175 Starting process session
14/09 11:26:16:759 Total 0 instances are started
14/09 11:26:16:760 Total 1 instances are added
14/09 11:26:26:955 Local queue size: 0
14/09 11:26:36:956 Local queue size: 0
14/09 11:26:46:958 Local queue size: 0
14/09 11:26:56:963 Local queue size: 0
14/09 11:27:07:043 Local queue size: 0
14/09 11:27:17:067 Local queue size: 0
14/09 11:27:27:076 Local queue size: 0
14/09 11:27:37:090 Local queue size: 0
14/09 11:27:47:156 Local queue size: 0
14/09 11:27:57:157 Local queue size: 0
14/09 11:28:07:257 Local queue size: 0
14/09 11:28:17:293 Local queue size: 0
14/09 11:28:27:393 Local queue size: 0
14/09 11:28:37:394 Local queue size: 0
14/09 11:28:47:403 Local queue size: 0
14/09 11:28:57:411 Local queue size: 0
14/09 11:29:07:443 Local queue size: 0
14/09 11:29:17:451 Local queue size: 0
14/09 11:29:27:454 Local queue size: 0
14/09 11:29:37:517 Local queue size: 0
14/09 11:29:47:518 Local queue size: 0
14/09 11:29:57:533 Local queue size: 0
14/09 11:30:07:556 Local queue size: 0
14/09 11:30:20:081 OSA Callback started
14/09 11:30:21:127 Starting process session
14/09 11:30:21:254 Total 0 instances are started
14/09 11:30:21:255 Total 1 instances are added
14/09 11:30:31:410 Local queue size: 0
14/09 11:30:41:443 Local queue size: 0
14/09 11:30:51:505 Local queue size: 0
14/09 11:31:01:507 Local queue size: 0
14/09 11:31:11:508 Local queue size: 0
14/09 11:31:21:509 Local queue size: 0
14/09 11:31:31:511 Local queue size: 0
14/09 11:31:41:512 Local queue size: 0
14/09 11:31:51:533 Local queue size: 0
14/09 11:31:56:577 OSA Callback started
14/09 11:31:57:516 Starting process session
14/09 11:31:57:649 Total 0 instances are started
14/09 11:31:57:651 Total 1 instances are added
14/09 11:32:07:763 Local queue size: 0
14/09 11:32:17:764 Local queue size: 0
14/09 11:32:27:827 Local queue size: 0
14/09 11:32:40:850 OSA Callback started
14/09 11:32:43:207 Starting process session
14/09 11:32:44:635 Total 0 instances are started
14/09 11:32:44:636 Total 1 instances are added
14/09 11:32:54:807 Local queue size: 0
14/09 11:33:04:833 Local queue size: 0
14/09 11:33:14:840 Local queue size: 0
14/09 11:33:24:856 Local queue size: 0
14/09 11:33:34:956 Local queue size: 0
14/09 11:33:44:968 Local queue size: 0
14/09 11:33:54:969 Local queue size: 0
14/09 11:34:04:971 Local queue size: 0
14/09 11:34:15:071 Local queue size: 0
14/09 11:34:25:075 Local queue size: 0
14/09 11:34:35:076 Local queue size: 0
14/09 11:34:45:125 Local queue size: 0
14/09 11:34:55:136 Local queue size: 0
14/09 11:35:05:143 Local queue size: 0
14/09 11:35:15:158 Local queue size: 0
14/09 11:35:25:166 Local queue size: 0
14/09 11:35:35:178 Local queue size: 0
14/09 11:35:45:181 Local queue size: 0
14/09 11:35:55:182 Local queue size: 0
14/09 11:36:05:183 Local queue size: 0
14/09 11:36:15:283 Local queue size: 0
14/09 11:36:25:286 Local queue size: 0
14/09 11:36:35:289 Local queue size: 0
14/09 11:36:45:297 Local queue size: 0
14/09 11:36:55:298 Local queue size: 0
14/09 11:37:05:398 Local queue size: 0
14/09 11:37:15:400 Local queue size: 0
14/09 11:37:25:429 Local queue size: 0
14/09 11:37:35:436 Local queue size: 0
14/09 11:37:45:448 Local queue size: 0
14/09 11:37:55:451 Local queue size: 0
14/09 11:38:05:466 Local queue size: 0
14/09 11:38:15:468 Local queue size: 0
14/09 11:38:25:471 Local queue size: 0
14/09 11:38:35:477 Local queue size: 0
14/09 11:38:45:493 Local queue size: 0
14/09 11:38:55:496 Local queue size: 0
14/09 11:39:05:561 Local queue size: 0
14/09 11:39:15:563 Local queue size: 0
14/09 11:39:25:564 Local queue size: 0
14/09 11:39:35:566 Local queue size: 0
14/09 11:39:45:635 Local queue size: 0
14/09 11:39:55:643 Local queue size: 0
14/09 11:40:05:644 Local queue size: 0
14/09 11:40:15:657 Local queue size: 0
14/09 11:40:25:745 Local queue size: 0
14/09 11:40:35:745 Local queue size: 0
14/09 11:40:45:747 Local queue size: 0
14/09 11:40:55:807 Local queue size: 0
14/09 11:41:05:809 Local queue size: 0
14/09 11:41:15:816 Local queue size: 0
14/09 11:41:25:818 Local queue size: 0
14/09 11:41:35:909 Local queue size: 0
14/09 11:41:45:912 Local queue size: 0
14/09 11:41:55:914 Local queue size: 0
14/09 11:42:05:922 Local queue size: 0
14/09 11:42:15:969 Local queue size: 0
14/09 11:42:25:970 Local queue size: 0
14/09 11:42:35:971 Local queue size: 0
14/09 11:42:45:981 Local queue size: 0
14/09 11:42:55:984 Local queue size: 0
14/09 11:43:06:029 Local queue size: 0
14/09 11:43:16:035 Local queue size: 0
14/09 11:43:26:037 Local queue size: 0
14/09 11:43:36:042 Local queue size: 0
14/09 11:43:46:076 Local queue size: 0
14/09 11:43:56:082 Local queue size: 0
14/09 11:44:06:182 Local queue size: 0
14/09 11:44:16:185 Local queue size: 0
14/09 11:44:26:200 Local queue size: 0
14/09 11:44:36:204 Local queue size: 0
14/09 11:44:46:205 Local queue size: 0
14/09 11:44:56:210 Local queue size: 0
14/09 11:45:06:292 Local queue size: 0
14/09 11:45:16:294 Local queue size: 0
14/09 11:45:26:299 Local queue size: 0
14/09 11:45:36:332 Local queue size: 0
14/09 11:45:46:333 Local queue size: 0
14/09 11:45:56:334 Local queue size: 0
14/09 11:46:06:341 Local queue size: 0
14/09 11:46:16:421 Local queue size: 0
14/09 11:46:26:521 Local queue size: 0
14/09 11:46:36:524 Local queue size: 0
14/09 11:46:46:527 Local queue size: 0
14/09 11:46:56:563 Local queue size: 0
14/09 11:47:06:575 Local queue size: 0
14/09 11:47:16:675 Local queue size: 0
14/09 11:47:26:678 Local queue size: 0
14/09 11:47:36:711 Local queue size: 0
14/09 11:47:46:713 Local queue size: 0
14/09 11:47:56:714 Local queue size: 0
14/09 11:48:06:716 Local queue size: 0
14/09 11:48:16:748 Local queue size: 0
14/09 11:48:26:753 Local queue size: 0
14/09 11:48:36:768 Local queue size: 0
14/09 11:48:46:776 Local queue size: 0
14/09 11:48:56:845 Local queue size: 0
14/09 11:49:06:945 Local queue size: 0
14/09 11:49:16:958 Local queue size: 0
14/09 11:49:26:971 Local queue size: 0
14/09 11:49:37:063 Local queue size: 0
14/09 11:49:47:068 Local queue size: 0
14/09 11:49:57:080 Local queue size: 0
14/09 11:50:07:107 Local queue size: 0
14/09 11:50:17:149 Local queue size: 0
14/09 11:50:27:151 Local queue size: 0
14/09 11:50:37:157 Local queue size: 0
14/09 11:50:47:159 Local queue size: 0
14/09 11:51:11:889 OSA Callback started
14/09 11:51:15:737 Starting process session
14/09 11:51:15:843 Total 0 instances are started
14/09 11:51:15:843 Total 1 instances are added
14/09 11:51:25:958 Local queue size: 0
14/09 11:51:35:971 Local queue size: 0
14/09 11:51:45:976 Local queue size: 0
14/09 11:51:55:978 Local queue size: 0
14/09 11:52:05:980 Local queue size: 0
14/09 11:52:16:080 Local queue size: 0
14/09 11:52:26:086 Local queue size: 0
14/09 11:52:36:128 Local queue size: 0
14/09 11:52:46:135 Local queue size: 0
14/09 11:52:56:136 Local queue size: 0
14/09 11:53:06:146 Local queue size: 0
14/09 11:53:16:155 Local queue size: 0
14/09 11:53:26:158 Local queue size: 0
14/09 11:53:36:159 Local queue size: 0
14/09 11:53:46:167 Local queue size: 0
14/09 11:53:56:178 Local queue size: 0
14/09 11:54:06:180 Local queue size: 0
14/09 11:54:16:280 Local queue size: 0
14/09 11:54:26:281 Local queue size: 0
14/09 11:54:36:322 Local queue size: 0
14/09 11:54:46:323 Local queue size: 0
14/09 11:54:56:423 Local queue size: 0
14/09 11:55:06:424 Local queue size: 0
14/09 11:55:16:464 Local queue size: 0
14/09 11:55:26:470 Local queue size: 0
14/09 11:55:36:232 OSA Callback started
14/09 11:55:40:008 Starting process session
14/09 11:55:40:120 Total 0 instances are started
14/09 11:55:40:121 Total 1 instances are added
14/09 11:55:50:295 Local queue size: 0
14/09 11:56:00:300 Local queue size: 0
14/09 11:56:10:310 Local queue size: 0
14/09 11:56:20:311 Local queue size: 0
14/09 11:56:30:406 Local queue size: 0
14/09 11:56:40:410 Local queue size: 0
14/09 11:56:50:411 Local queue size: 0
14/09 11:57:00:511 Local queue size: 0
14/09 11:57:10:578 Local queue size: 0
14/09 11:57:20:582 Local queue size: 0
14/09 11:57:30:583 Local queue size: 0
14/09 11:57:40:586 Local queue size: 0
14/09 11:57:50:665 Local queue size: 0
14/09 11:58:00:666 Local queue size: 0
14/09 11:58:10:672 Local queue size: 0
14/09 11:58:20:677 Local queue size: 0
14/09 12:01:42:991 OSA Callback started
14/09 12:01:45:712 Starting process session
14/09 12:01:45:980 Total 0 instances are started
14/09 12:01:46:051 Total 1 instances are added
14/09 12:01:56:885 Local queue size: 0
14/09 12:02:06:924 Local queue size: 0
14/09 12:02:16:927 Local queue size: 0
14/09 12:02:26:983 Local queue size: 0
14/09 12:02:36:989 Local queue size: 0
14/09 12:02:46:991 Local queue size: 0
14/09 12:02:56:993 Local queue size: 0
14/09 12:03:07:083 Local queue size: 0
14/09 12:03:17:088 Local queue size: 0
14/09 12:03:27:100 Local queue size: 0
14/09 12:03:37:145 Local queue size: 0
14/09 12:03:47:147 Local queue size: 0
14/09 12:03:57:148 Local queue size: 0
14/09 12:04:07:150 Local queue size: 0
14/09 12:04:17:250 Local queue size: 0
14/09 12:04:27:258 Local queue size: 0
14/09 12:04:37:261 Local queue size: 0
14/09 12:04:47:361 Local queue size: 0
14/09 12:04:57:373 Local queue size: 0
14/09 12:05:07:374 Local queue size: 0
14/09 12:05:17:380 Local queue size: 0
14/09 12:05:27:390 Local queue size: 0
14/09 12:05:37:396 Local queue size: 0
14/09 12:05:47:398 Local queue size: 0
14/09 12:05:57:403 Local queue size: 0
14/09 12:06:07:405 Local queue size: 0
14/09 12:06:17:505 Local queue size: 0
14/09 12:06:27:511 Local queue size: 0
14/09 12:06:37:514 Local queue size: 0
14/09 12:06:47:516 Local queue size: 0
14/09 12:06:57:519 Local queue size: 0
14/09 12:07:07:523 Local queue size: 0
14/09 12:07:17:524 Local queue size: 0
14/09 12:07:27:624 Local queue size: 0
14/09 12:07:37:627 Local queue size: 0
14/09 12:07:47:628 Local queue size: 0
14/09 12:07:57:631 Local queue size: 0
14/09 12:08:07:691 Local queue size: 0
14/09 12:08:17:708 Local queue size: 0
14/09 12:08:27:710 Local queue size: 0
14/09 12:08:37:798 Local queue size: 0
14/09 12:08:47:801 Local queue size: 0
14/09 12:08:57:802 Local queue size: 0
14/09 12:09:07:808 Local queue size: 0
14/09 12:09:17:837 Local queue size: 0
14/09 12:09:27:851 Local queue size: 0
14/09 12:09:37:897 Local queue size: 0
14/09 12:09:47:898 Local queue size: 0
14/09 12:09:57:902 Local queue size: 0
14/09 12:10:07:915 Local queue size: 0
14/09 12:10:17:936 Local queue size: 0
14/09 12:10:27:940 Local queue size: 0
14/09 12:10:37:943 Local queue size: 0
14/09 12:10:47:944 Local queue size: 0
14/09 12:10:57:982 Local queue size: 0
14/09 12:11:07:986 Local queue size: 0
14/09 12:11:17:987 Local queue size: 0
14/09 12:11:27:991 Local queue size: 0
14/09 12:11:38:048 Local queue size: 0
14/09 12:11:48:049 Local queue size: 0
14/09 12:11:58:051 Local queue size: 0
14/09 12:12:08:052 Local queue size: 0
14/09 12:12:18:075 Local queue size: 0
14/09 12:12:28:078 Local queue size: 0
14/09 12:12:38:178 Local queue size: 0
14/09 12:12:48:183 Local queue size: 0
14/09 12:12:58:283 Local queue size: 0
14/09 12:13:08:337 Local queue size: 0
14/09 12:13:18:347 Local queue size: 0
14/09 12:13:28:348 Local queue size: 0
14/09 12:13:38:349 Local queue size: 0
14/09 12:13:48:385 Local queue size: 0
14/09 12:13:58:388 Local queue size: 0
14/09 12:14:08:390 Local queue size: 0
14/09 12:14:18:516 Local queue size: 0
14/09 12:14:28:524 Local queue size: 0
14/09 12:14:38:532 Local queue size: 0
14/09 12:14:48:534 Local queue size: 0
14/09 12:14:58:548 Local queue size: 0
14/09 12:15:08:549 Local queue size: 0
14/09 12:15:18:618 Local queue size: 0
14/09 12:15:28:621 Local queue size: 0
14/09 12:15:38:623 Local queue size: 0
14/09 12:15:48:662 Local queue size: 0
14/09 12:15:58:664 Local queue size: 0
14/09 12:16:08:665 Local queue size: 0
14/09 12:16:18:667 Local queue size: 0
14/09 12:16:28:691 Local queue size: 0
14/09 12:16:38:696 Local queue size: 0
14/09 12:16:48:700 Local queue size: 0
14/09 12:16:58:705 Local queue size: 0
14/09 12:17:08:795 Local queue size: 0
14/09 12:17:18:798 Local queue size: 0
14/09 12:17:28:800 Local queue size: 0
14/09 12:17:38:809 Local queue size: 0
14/09 12:17:48:853 Local queue size: 0
14/09 12:17:58:865 Local queue size: 0
14/09 12:18:08:870 Local queue size: 0
14/09 12:18:18:875 Local queue size: 0
14/09 12:18:28:878 Local queue size: 0
14/09 12:18:38:906 Local queue size: 0
14/09 12:18:48:909 Local queue size: 0
14/09 12:18:58:914 Local queue size: 0
14/09 12:19:08:916 Local queue size: 0
14/09 12:19:18:925 Local queue size: 0
14/09 12:19:28:942 Local queue size: 0
14/09 12:19:38:945 Local queue size: 0
14/09 12:19:48:946 Local queue size: 0
14/09 12:19:58:950 Local queue size: 0
14/09 12:20:09:025 Local queue size: 0
14/09 12:20:19:033 Local queue size: 0
14/09 12:20:29:035 Local queue size: 0
14/09 12:20:39:132 Local queue size: 0
14/09 12:20:49:141 Local queue size: 0
14/09 12:20:59:145 Local queue size: 0
14/09 12:21:09:245 Local queue size: 0
14/09 12:21:19:278 Local queue size: 0
14/09 12:21:29:284 Local queue size: 0
14/09 12:21:39:289 Local queue size: 0
14/09 12:21:49:294 Local queue size: 0
14/09 12:21:59:297 Local queue size: 0
14/09 12:22:09:300 Local queue size: 0
14/09 12:22:19:400 Local queue size: 0
14/09 12:22:29:401 Local queue size: 0
14/09 12:22:39:428 Local queue size: 0
14/09 12:22:49:429 Local queue size: 0
14/09 12:22:59:432 Local queue size: 0
14/09 12:23:09:438 Local queue size: 0
14/09 12:23:19:440 Local queue size: 0
14/09 12:23:29:441 Local queue size: 0
14/09 12:23:39:442 Local queue size: 0
14/09 12:23:49:443 Local queue size: 0
14/09 12:23:59:445 Local queue size: 0
14/09 12:24:09:446 Local queue size: 0
14/09 12:24:19:546 Local queue size: 0
14/09 12:24:29:550 Local queue size: 0
14/09 12:24:39:551 Local queue size: 0
14/09 12:24:49:552 Local queue size: 0
14/09 12:24:59:557 Local queue size: 0
14/09 12:25:09:657 Local queue size: 0
14/09 12:25:19:658 Local queue size: 0
14/09 12:25:29:707 Local queue size: 0
14/09 12:29:55:830 OSA Callback started
14/09 12:29:57:211 Starting process session
14/09 12:29:57:329 Total 0 instances are started
14/09 12:29:57:329 Total 1 instances are added
14/09 12:30:07:511 Local queue size: 0
14/09 12:30:17:514 Local queue size: 0
14/09 12:30:27:518 Local queue size: 0
14/09 12:30:37:533 Local queue size: 0
14/09 12:30:47:538 Local queue size: 0
14/09 12:30:57:633 Local queue size: 0
14/09 12:31:07:635 Local queue size: 0
14/09 12:31:17:636 Local queue size: 0
14/09 12:31:27:638 Local queue size: 0
14/09 12:31:37:690 Local queue size: 0
14/09 12:31:47:692 Local queue size: 0
14/09 12:31:57:699 Local queue size: 0
14/09 12:32:07:704 Local queue size: 0
14/09 12:32:17:769 Local queue size: 0
14/09 12:32:27:773 Local queue size: 0
14/09 12:32:37:777 Local queue size: 0
14/09 12:32:47:783 Local queue size: 0
14/09 12:32:57:785 Local queue size: 0
14/09 12:33:07:788 Local queue size: 0
14/09 12:33:17:790 Local queue size: 0
14/09 12:33:27:792 Local queue size: 0
14/09 12:33:37:794 Local queue size: 0
14/09 12:33:47:796 Local queue size: 0
14/09 12:33:57:797 Local queue size: 0
14/09 12:34:07:802 Local queue size: 0
14/09 12:34:17:803 Local queue size: 0
14/09 12:34:27:805 Local queue size: 0
14/09 12:34:37:903 Local queue size: 0
14/09 12:34:47:914 Local queue size: 0
14/09 12:34:57:920 Local queue size: 0
14/09 12:35:07:923 Local queue size: 0
14/09 12:35:17:925 Local queue size: 0
14/09 12:35:28:006 Local queue size: 0
14/09 12:35:38:008 Local queue size: 0
14/09 12:35:48:011 Local queue size: 0
14/09 12:35:58:012 Local queue size: 0
14/09 12:36:08:017 Local queue size: 0
14/09 12:36:18:020 Local queue size: 0
14/09 12:36:28:023 Local queue size: 0
14/09 12:36:38:087 Local queue size: 0
14/09 12:36:48:089 Local queue size: 0
14/09 12:36:58:095 Local queue size: 0
14/09 12:37:08:096 Local queue size: 0
14/09 12:37:18:109 Local queue size: 0
14/09 12:37:28:110 Local queue size: 0
14/09 12:37:38:115 Local queue size: 0
14/09 12:37:48:116 Local queue size: 0
14/09 12:37:58:203 Local queue size: 0
14/09 12:38:08:205 Local queue size: 0
14/09 12:38:18:209 Local queue size: 0
14/09 12:38:28:211 Local queue size: 0
14/09 12:38:38:219 Local queue size: 0
14/09 12:38:48:221 Local queue size: 0
14/09 12:38:58:222 Local queue size: 0
14/09 12:39:08:224 Local queue size: 0
14/09 12:39:18:234 Local queue size: 0
14/09 12:39:28:236 Local queue size: 0
14/09 12:39:38:238 Local queue size: 0
14/09 12:39:48:240 Local queue size: 0
14/09 12:39:58:288 Local queue size: 0
14/09 12:40:08:289 Local queue size: 0
14/09 12:40:18:294 Local queue size: 0
14/09 12:40:28:296 Local queue size: 0
14/09 12:40:38:300 Local queue size: 0
14/09 12:40:48:392 Local queue size: 0
14/09 12:40:58:395 Local queue size: 0
14/09 12:41:08:397 Local queue size: 0
14/09 12:41:18:399 Local queue size: 0
14/09 12:41:28:401 Local queue size: 0
14/09 12:41:38:406 Local queue size: 0
14/09 12:41:48:407 Local queue size: 0
14/09 12:41:58:409 Local queue size: 0
14/09 12:42:08:452 Local queue size: 0
14/09 12:42:18:454 Local queue size: 0
14/09 12:42:28:457 Local queue size: 0
14/09 12:42:38:503 Local queue size: 0
14/09 12:42:48:506 Local queue size: 0
14/09 12:42:58:512 Local queue size: 0
14/09 12:43:08:518 Local queue size: 0
14/09 12:43:18:595 Local queue size: 0
14/09 12:43:28:597 Local queue size: 0
14/09 12:43:38:599 Local queue size: 0
14/09 12:43:48:600 Local queue size: 0
14/09 12:43:58:658 Local queue size: 0
14/09 12:44:08:660 Local queue size: 0
14/09 12:44:18:666 Local queue size: 0
14/09 12:44:28:670 Local queue size: 0
14/09 12:44:38:673 Local queue size: 0
14/09 12:44:48:721 Local queue size: 0
14/09 12:44:58:725 Local queue size: 0
14/09 12:45:08:735 Local queue size: 0
14/09 12:45:18:736 Local queue size: 0
14/09 12:45:28:770 Local queue size: 0
14/09 12:45:38:776 Local queue size: 0
14/09 12:45:48:786 Local queue size: 0
14/09 12:45:58:797 Local queue size: 0
14/09 12:46:08:813 Local queue size: 0
14/09 12:46:18:820 Local queue size: 0
14/09 12:46:28:827 Local queue size: 0
14/09 12:46:38:832 Local queue size: 0
14/09 12:46:48:834 Local queue size: 0
14/09 12:46:58:844 Local queue size: 0
14/09 12:47:08:846 Local queue size: 0
14/09 12:47:18:848 Local queue size: 0
14/09 12:47:28:856 Local queue size: 0
14/09 12:47:38:857 Local queue size: 0
14/09 12:47:48:885 Local queue size: 0
14/09 12:47:58:905 Local queue size: 0
14/09 12:48:08:907 Local queue size: 0
14/09 12:48:18:909 Local queue size: 0
14/09 12:48:28:910 Local queue size: 0
14/09 12:48:38:912 Local queue size: 0
14/09 12:48:48:914 Local queue size: 0
14/09 12:48:58:973 Local queue size: 0
14/09 12:49:08:974 Local queue size: 0
14/09 12:49:18:976 Local queue size: 0
14/09 12:49:28:978 Local queue size: 0
14/09 12:49:39:031 Local queue size: 0
14/09 12:49:49:036 Local queue size: 0
14/09 12:49:59:037 Local queue size: 0
14/09 12:50:09:046 Local queue size: 0
14/09 12:50:19:134 Local queue size: 0
14/09 12:50:29:138 Local queue size: 0
14/09 12:50:39:144 Local queue size: 0
14/09 12:50:49:145 Local queue size: 0
14/09 12:50:59:242 Local queue size: 0
14/09 12:51:09:243 Local queue size: 0
14/09 12:51:19:246 Local queue size: 0
14/09 12:51:29:254 Local queue size: 0
14/09 12:51:39:280 Local queue size: 0
14/09 12:51:49:282 Local queue size: 0
14/09 12:51:59:286 Local queue size: 0
14/09 12:52:09:288 Local queue size: 0
14/09 12:52:19:312 Local queue size: 0
14/09 12:52:29:315 Local queue size: 0
14/09 12:52:39:318 Local queue size: 0
14/09 12:52:49:320 Local queue size: 0
14/09 12:52:59:329 Local queue size: 0
14/09 12:53:09:372 Local queue size: 0
14/09 12:53:19:374 Local queue size: 0
14/09 12:53:29:375 Local queue size: 0
14/09 12:53:39:382 Local queue size: 0
14/09 12:53:49:396 Local queue size: 0
14/09 12:53:59:399 Local queue size: 0
14/09 12:54:09:407 Local queue size: 0
14/09 12:54:19:421 Local queue size: 0
14/09 12:54:29:425 Local queue size: 0
14/09 12:54:39:426 Local queue size: 0
14/09 12:54:49:437 Local queue size: 0
14/09 12:54:59:444 Local queue size: 0
14/09 12:55:09:449 Local queue size: 0
14/09 12:55:19:451 Local queue size: 0
14/09 12:55:29:506 Local queue size: 0
14/09 12:55:39:513 Local queue size: 0
14/09 12:55:49:514 Local queue size: 0
14/09 12:55:59:518 Local queue size: 0
14/09 12:56:09:552 Local queue size: 0
14/09 12:56:19:558 Local queue size: 0
14/09 12:56:29:560 Local queue size: 0
14/09 12:56:39:564 Local queue size: 0
14/09 12:56:49:581 Local queue size: 0
14/09 12:56:59:585 Local queue size: 0
14/09 12:57:09:587 Local queue size: 0
14/09 12:57:19:588 Local queue size: 0
14/09 12:57:29:591 Local queue size: 0
14/09 12:57:39:634 Local queue size: 0
14/09 12:57:49:639 Local queue size: 0
14/09 12:57:59:645 Local queue size: 0
14/09 12:58:09:745 Local queue size: 0
14/09 12:58:19:810 Local queue size: 0
14/09 12:58:29:811 Local queue size: 0
14/09 12:58:39:813 Local queue size: 0
14/09 12:58:49:816 Local queue size: 0
14/09 12:58:59:855 Local queue size: 0
14/09 12:59:09:861 Local queue size: 0
14/09 12:59:19:863 Local queue size: 0
14/09 12:59:29:865 Local queue size: 0
14/09 12:59:39:869 Local queue size: 0
14/09 12:59:49:871 Local queue size: 0
14/09 12:59:59:879 Local queue size: 0
14/09 13:00:09:880 Local queue size: 0
14/09 13:00:19:882 Local queue size: 0
14/09 13:00:29:883 Local queue size: 0
14/09 13:00:39:888 Local queue size: 0
14/09 13:00:49:911 Local queue size: 0
14/09 13:00:59:914 Local queue size: 0
14/09 13:01:09:916 Local queue size: 0
14/09 13:01:19:918 Local queue size: 0
14/09 13:01:29:939 Local queue size: 0
14/09 13:01:39:940 Local queue size: 0
14/09 13:01:49:942 Local queue size: 0
14/09 13:01:59:949 Local queue size: 0
14/09 13:02:09:954 Local queue size: 0
14/09 13:02:20:052 Local queue size: 0
14/09 13:02:30:053 Local queue size: 0
14/09 13:02:40:065 Local queue size: 0
14/09 13:02:50:076 Local queue size: 0
14/09 13:03:00:150 Local queue size: 0
14/09 13:03:10:159 Local queue size: 0
14/09 13:03:20:169 Local queue size: 0
14/09 13:03:30:172 Local queue size: 0
14/09 13:03:40:266 Local queue size: 0
14/09 13:03:50:271 Local queue size: 0
14/09 13:04:00:307 Local queue size: 0
14/09 13:04:10:311 Local queue size: 0
14/09 13:04:20:313 Local queue size: 0
14/09 13:04:30:318 Local queue size: 0
14/09 13:04:40:320 Local queue size: 0
14/09 13:04:50:329 Local queue size: 0
14/09 13:05:00:331 Local queue size: 0
14/09 13:05:10:332 Local queue size: 0
14/09 13:05:20:334 Local queue size: 0
14/09 13:05:30:340 Local queue size: 0
14/09 13:05:40:343 Local queue size: 0
14/09 13:05:50:357 Local queue size: 0
14/09 13:06:00:359 Local queue size: 0
14/09 13:06:10:452 Local queue size: 0
14/09 13:06:20:456 Local queue size: 0
14/09 13:06:30:458 Local queue size: 0
14/09 13:06:40:461 Local queue size: 0
14/09 13:06:50:463 Local queue size: 0
14/09 13:07:00:484 Local queue size: 0
14/09 13:07:10:486 Local queue size: 0
14/09 13:07:20:491 Local queue size: 0
14/09 13:07:30:492 Local queue size: 0
14/09 13:07:40:494 Local queue size: 0
14/09 13:07:50:497 Local queue size: 0
14/09 13:08:00:499 Local queue size: 0
14/09 13:08:10:507 Local queue size: 0
14/09 13:08:20:553 Local queue size: 0
14/09 13:08:30:560 Local queue size: 0
14/09 13:08:40:563 Local queue size: 0
