23/08 15:24:45:892 OSA Callback started
23/08 15:24:52:711 Starting process session
23/08 15:24:52:901 Total 0 instances are started
23/08 15:24:52:903 Total 1 instances are added
23/08 15:24:52:906 Init queue connection pool 1377296692906
23/08 15:25:03:128 Local queue size: 0
23/08 15:25:13:138 Local queue size: 0
23/08 15:25:23:139 Local queue size: 0
23/08 15:25:33:141 Local queue size: 0
23/08 15:25:43:143 Local queue size: 0
23/08 15:25:53:144 Local queue size: 0
23/08 15:26:03:145 Local queue size: 0
23/08 15:26:13:146 Local queue size: 0
23/08 15:26:23:149 Local queue size: 0
23/08 15:26:33:155 Local queue size: 0
23/08 15:26:43:156 Local queue size: 0
23/08 15:26:53:256 Local queue size: 0
23/08 15:27:03:258 Local queue size: 0
23/08 15:27:13:259 Local queue size: 0
23/08 15:27:23:260 Local queue size: 0
23/08 15:27:33:283 Local queue size: 0
23/08 15:27:43:285 Local queue size: 0
23/08 15:27:53:287 Local queue size: 0
23/08 15:28:03:318 Local queue size: 0
23/08 15:28:13:336 Local queue size: 0
23/08 15:28:23:436 Local queue size: 0
23/08 15:28:33:438 Local queue size: 0
23/08 15:28:43:443 Local queue size: 0
23/08 15:28:53:445 Local queue size: 0
23/08 15:29:03:447 Local queue size: 0
23/08 15:29:13:448 Local queue size: 0
23/08 15:29:23:472 Local queue size: 0
23/08 15:29:33:473 Local queue size: 0
23/08 15:29:43:475 Local queue size: 0
23/08 15:29:53:477 Local queue size: 0
23/08 15:30:03:484 Local queue size: 0
23/08 15:30:13:487 Local queue size: 0
23/08 15:30:23:493 Local queue size: 0
23/08 15:30:33:499 Local queue size: 0
23/08 15:30:43:500 Local queue size: 0
23/08 15:30:53:504 Local queue size: 0
23/08 15:31:03:508 Local queue size: 0
23/08 15:31:13:514 Local queue size: 0
23/08 15:31:23:517 Local queue size: 0
23/08 15:31:33:521 Local queue size: 0
23/08 15:31:43:526 Local queue size: 0
23/08 15:31:53:528 Local queue size: 0
23/08 15:32:03:534 Local queue size: 0
23/08 15:32:13:536 Local queue size: 0
23/08 15:32:23:537 Local queue size: 0
23/08 15:32:33:539 Local queue size: 0
23/08 15:32:43:543 Local queue size: 0
23/08 15:32:53:544 Local queue size: 0
23/08 15:33:03:546 Local queue size: 0
23/08 15:33:13:552 Local queue size: 0
23/08 15:33:23:555 Local queue size: 0
23/08 15:33:33:556 Local queue size: 0
23/08 15:33:43:558 Local queue size: 0
23/08 15:33:53:560 Local queue size: 0
23/08 15:34:03:574 Local queue size: 0
23/08 15:34:13:581 Local queue size: 0
23/08 15:34:23:583 Local queue size: 0
23/08 15:34:33:587 Local queue size: 0
23/08 15:34:43:602 Local queue size: 0
23/08 15:34:53:621 Local queue size: 0
23/08 15:35:03:622 Local queue size: 0
23/08 15:35:13:627 Local queue size: 0
23/08 15:35:23:628 Local queue size: 0
23/08 15:35:33:639 Local queue size: 0
23/08 15:35:43:649 Local queue size: 0
23/08 15:35:53:650 Local queue size: 0
23/08 15:36:03:652 Local queue size: 0
23/08 15:36:13:703 Local queue size: 0
23/08 15:36:23:706 Local queue size: 0
23/08 15:36:33:711 Local queue size: 0
23/08 15:36:43:713 Local queue size: 0
23/08 15:36:53:716 Local queue size: 0
23/08 15:37:03:732 Local queue size: 0
23/08 15:37:13:734 Local queue size: 0
23/08 15:37:23:834 Local queue size: 0
23/08 15:37:33:836 Local queue size: 0
23/08 15:37:43:837 Local queue size: 0
23/08 15:37:53:842 Local queue size: 0
23/08 15:38:03:843 Local queue size: 0
23/08 15:38:13:844 Local queue size: 0
23/08 15:38:23:845 Local queue size: 0
23/08 15:38:33:846 Local queue size: 0
23/08 15:38:43:850 Local queue size: 0
23/08 15:38:53:870 Local queue size: 0
23/08 15:39:03:873 Local queue size: 0
23/08 15:39:13:896 Local queue size: 0
23/08 15:39:23:903 Local queue size: 0
23/08 15:39:33:909 Local queue size: 0
23/08 15:39:43:912 Local queue size: 0
23/08 15:39:53:920 Local queue size: 0
23/08 15:40:03:935 Local queue size: 0
23/08 15:40:13:972 Local queue size: 0
23/08 15:40:23:984 Local queue size: 0
23/08 15:40:33:988 Local queue size: 0
23/08 15:40:44:002 Local queue size: 0
23/08 15:40:54:005 Local queue size: 0
23/08 15:41:04:010 Local queue size: 0
23/08 15:41:14:031 Local queue size: 0
23/08 15:41:24:038 Local queue size: 0
23/08 15:41:34:062 Local queue size: 0
23/08 15:41:44:089 Local queue size: 0
23/08 15:41:54:091 Local queue size: 0
23/08 15:42:04:093 Local queue size: 0
23/08 15:42:14:102 Local queue size: 0
23/08 15:42:24:123 Local queue size: 0
23/08 15:42:34:136 Local queue size: 0
23/08 15:42:44:145 Local queue size: 0
23/08 15:42:54:157 Local queue size: 0
23/08 15:43:04:161 Local queue size: 0
23/08 15:43:14:162 Local queue size: 0
23/08 15:43:24:164 Local queue size: 0
23/08 15:43:34:169 Local queue size: 0
23/08 15:43:44:170 Local queue size: 0
23/08 15:43:54:172 Local queue size: 0
23/08 15:44:04:176 Local queue size: 0
23/08 15:44:14:183 Local queue size: 0
23/08 15:44:24:192 Local queue size: 0
23/08 15:52:56:323 OSA Callback started
23/08 15:52:58:040 Starting process session
23/08 15:52:58:200 Total 0 instances are started
23/08 15:52:58:203 Total 1 instances are added
23/08 15:53:08:382 Local queue size: 0
23/08 15:53:18:453 Local queue size: 0
23/08 15:53:28:504 Local queue size: 0
23/08 15:53:38:562 Local queue size: 0
23/08 15:53:48:592 Local queue size: 0
23/08 15:53:58:692 Local queue size: 0
23/08 15:54:08:699 Local queue size: 0
23/08 15:54:18:702 Local queue size: 0
23/08 15:54:28:782 Local queue size: 0
23/08 15:54:38:818 Local queue size: 0
23/08 15:54:48:819 Local queue size: 0
23/08 15:54:58:860 Local queue size: 0
23/08 15:55:08:869 Local queue size: 0
23/08 15:55:18:872 Local queue size: 0
23/08 15:55:28:916 Local queue size: 0
23/08 15:55:38:945 Local queue size: 0
23/08 15:55:48:999 Local queue size: 0
23/08 15:55:59:006 Local queue size: 0
23/08 15:56:09:035 Local queue size: 0
23/08 15:56:19:058 Local queue size: 0
23/08 15:56:29:125 Local queue size: 0
23/08 15:56:39:141 Local queue size: 0
23/08 15:56:49:142 Local queue size: 0
23/08 15:56:59:236 Local queue size: 0
23/08 15:57:09:242 Local queue size: 0
23/08 15:57:19:251 Local queue size: 0
23/08 15:57:29:279 Local queue size: 0
23/08 15:57:39:332 Local queue size: 0
23/08 15:57:49:337 Local queue size: 0
23/08 15:57:59:410 Local queue size: 0
23/08 15:58:09:482 Local queue size: 0
23/08 15:58:19:568 Local queue size: 0
23/08 15:58:29:607 Local queue size: 0
23/08 15:58:39:608 Local queue size: 0
23/08 15:58:49:636 Local queue size: 0
23/08 15:58:59:686 Local queue size: 0
23/08 15:59:09:692 Local queue size: 0
23/08 15:59:19:734 Local queue size: 0
23/08 15:59:29:820 Local queue size: 0
23/08 15:59:39:822 Local queue size: 0
23/08 15:59:49:912 Local queue size: 0
23/08 15:59:59:975 Local queue size: 0
23/08 16:00:09:988 Local queue size: 0
23/08 16:00:20:057 Local queue size: 0
23/08 16:00:30:126 Local queue size: 0
23/08 16:00:40:214 Local queue size: 0
23/08 16:00:50:236 Local queue size: 0
23/08 16:01:00:291 Local queue size: 0
23/08 16:01:41:775 OSA Callback started
23/08 16:01:42:906 Starting process session
23/08 16:01:43:021 Total 0 instances are started
23/08 16:01:43:022 Total 1 instances are added
23/08 16:01:53:263 Local queue size: 0
23/08 16:02:03:328 Local queue size: 0
23/08 16:02:13:382 Local queue size: 0
23/08 16:02:23:456 Local queue size: 0
23/08 16:02:33:474 Local queue size: 0
23/08 16:02:43:550 Local queue size: 0
23/08 16:02:53:565 Local queue size: 0
23/08 16:03:03:665 Local queue size: 0
23/08 16:03:13:732 Local queue size: 0
23/08 16:03:23:746 Local queue size: 0
23/08 16:03:33:795 Local queue size: 0
23/08 16:03:43:804 Local queue size: 0
23/08 16:03:53:865 Local queue size: 0
23/08 16:04:03:933 Local queue size: 0
23/08 16:04:13:949 Local queue size: 0
23/08 16:04:23:960 Local queue size: 0
23/08 16:04:33:973 Local queue size: 0
23/08 16:04:43:984 Local queue size: 0
23/08 16:04:53:996 Local queue size: 0
23/08 16:05:29:601 OSA Callback started
23/08 16:05:31:187 Starting process session
23/08 16:05:31:347 Total 0 instances are started
23/08 16:05:31:347 Total 1 instances are added
23/08 16:05:41:538 Local queue size: 0
23/08 16:05:51:571 Local queue size: 0
23/08 16:06:01:581 Local queue size: 0
23/08 16:06:11:656 Local queue size: 0
23/08 16:06:21:677 Local queue size: 0
23/08 16:06:31:683 Local queue size: 0
23/08 16:06:41:690 Local queue size: 0
23/08 16:06:51:742 Local queue size: 0
23/08 16:07:01:785 Local queue size: 0
23/08 16:07:11:787 Local queue size: 0
23/08 16:07:21:788 Local queue size: 0
23/08 16:07:31:868 Local queue size: 0
23/08 16:07:41:916 Local queue size: 0
23/08 16:07:51:950 Local queue size: 0
23/08 16:08:01:953 Local queue size: 0
23/08 16:08:11:963 Local queue size: 0
23/08 16:08:21:984 Local queue size: 0
23/08 16:08:31:986 Local queue size: 0
23/08 16:08:42:063 Local queue size: 0
23/08 16:08:52:068 Local queue size: 0
23/08 16:09:02:075 Local queue size: 0
23/08 16:09:12:139 Local queue size: 0
23/08 16:09:22:216 Local queue size: 0
23/08 16:09:32:229 Local queue size: 0
23/08 16:09:42:239 Local queue size: 0
23/08 16:09:52:242 Local queue size: 0
23/08 16:10:02:247 Local queue size: 0
23/08 16:10:12:253 Local queue size: 0
23/08 16:10:22:295 Local queue size: 0
23/08 16:10:32:316 Local queue size: 0
23/08 16:10:42:331 Local queue size: 0
23/08 16:10:52:332 Local queue size: 0
23/08 16:11:02:388 Local queue size: 0
23/08 16:11:12:415 Local queue size: 0
23/08 16:11:22:511 Local queue size: 0
23/08 16:11:32:514 Local queue size: 0
23/08 16:11:42:525 Local queue size: 0
23/08 16:11:52:527 Local queue size: 0
23/08 16:12:02:529 Local queue size: 0
23/08 16:12:12:530 Local queue size: 0
23/08 16:12:22:531 Local queue size: 0
23/08 16:12:32:537 Local queue size: 0
23/08 16:12:42:635 Local queue size: 0
23/08 16:12:52:735 Local queue size: 0
23/08 16:13:02:740 Local queue size: 0
23/08 16:13:12:742 Local queue size: 0
23/08 16:13:22:821 Local queue size: 0
23/08 16:13:32:826 Local queue size: 0
23/08 16:13:42:829 Local queue size: 0
23/08 16:13:52:843 Local queue size: 0
23/08 16:14:02:850 Local queue size: 0
23/08 16:14:12:855 Local queue size: 0
23/08 16:14:22:859 Local queue size: 0
23/08 16:14:32:861 Local queue size: 0
23/08 16:14:42:961 Local queue size: 0
23/08 16:14:52:964 Local queue size: 0
23/08 16:15:02:966 Local queue size: 0
23/08 16:15:12:993 Local queue size: 0
23/08 16:15:22:997 Local queue size: 0
23/08 16:15:33:097 Local queue size: 0
23/08 16:15:43:150 Local queue size: 0
23/08 16:15:53:173 Local queue size: 0
23/08 16:16:03:174 Local queue size: 0
23/08 16:16:13:176 Local queue size: 0
23/08 16:16:23:276 Local queue size: 0
23/08 16:16:33:282 Local queue size: 0
23/08 16:16:43:286 Local queue size: 0
23/08 16:16:53:296 Local queue size: 0
23/08 16:17:03:297 Local queue size: 0
23/08 16:17:13:298 Local queue size: 0
23/08 16:17:23:299 Local queue size: 0
23/08 16:17:33:399 Local queue size: 0
23/08 16:17:43:400 Local queue size: 0
23/08 16:17:53:410 Local queue size: 0
23/08 16:18:03:413 Local queue size: 0
23/08 16:18:13:418 Local queue size: 0
23/08 16:18:23:433 Local queue size: 0
23/08 16:18:33:436 Local queue size: 0
23/08 16:18:43:437 Local queue size: 0
23/08 16:18:53:507 Local queue size: 0
23/08 16:19:03:607 Local queue size: 0
23/08 16:19:13:608 Local queue size: 0
23/08 16:19:23:609 Local queue size: 0
23/08 16:19:33:660 Local queue size: 0
23/08 16:19:43:665 Local queue size: 0
23/08 16:19:53:670 Local queue size: 0
23/08 16:20:03:676 Local queue size: 0
23/08 16:20:13:677 Local queue size: 0
23/08 16:20:23:687 Local queue size: 0
23/08 16:20:33:688 Local queue size: 0
23/08 16:20:43:697 Local queue size: 0
23/08 16:20:53:698 Local queue size: 0
23/08 16:21:03:704 Local queue size: 0
23/08 16:21:13:705 Local queue size: 0
23/08 16:21:23:805 Local queue size: 0
23/08 16:21:33:807 Local queue size: 0
23/08 16:21:43:810 Local queue size: 0
23/08 16:21:53:816 Local queue size: 0
23/08 16:22:03:818 Local queue size: 0
23/08 16:22:13:823 Local queue size: 0
23/08 16:22:23:830 Local queue size: 0
23/08 16:22:33:930 Local queue size: 0
23/08 16:22:43:934 Local queue size: 0
23/08 16:22:53:935 Local queue size: 0
23/08 16:23:03:938 Local queue size: 0
23/08 16:23:13:945 Local queue size: 0
23/08 16:23:24:045 Local queue size: 0
23/08 16:23:34:047 Local queue size: 0
23/08 16:23:44:057 Local queue size: 0
23/08 16:23:54:136 Local queue size: 0
23/08 16:24:04:138 Local queue size: 0
23/08 16:24:14:238 Local queue size: 0
23/08 16:24:24:337 Local queue size: 0
23/08 16:24:34:344 Local queue size: 0
23/08 16:24:44:346 Local queue size: 0
23/08 16:24:54:350 Local queue size: 0
23/08 16:25:04:370 Local queue size: 0
23/08 16:25:14:372 Local queue size: 0
23/08 16:25:24:374 Local queue size: 0
23/08 16:25:34:376 Local queue size: 0
23/08 16:25:44:469 Local queue size: 0
23/08 16:25:54:470 Local queue size: 0
23/08 16:26:04:570 Local queue size: 0
23/08 16:26:14:575 Local queue size: 0
23/08 16:26:24:607 Local queue size: 0
23/08 16:26:34:633 Local queue size: 0
23/08 16:26:44:656 Local queue size: 0
23/08 16:26:54:659 Local queue size: 0
23/08 16:27:04:686 Local queue size: 0
23/08 16:27:14:694 Local queue size: 0
23/08 16:27:24:705 Local queue size: 0
23/08 16:27:34:707 Local queue size: 0
23/08 16:27:44:711 Local queue size: 0
23/08 16:27:54:715 Local queue size: 0
23/08 16:28:04:716 Local queue size: 0
23/08 16:28:14:719 Local queue size: 0
23/08 16:28:24:720 Local queue size: 0
23/08 16:28:34:723 Local queue size: 0
23/08 16:28:44:725 Local queue size: 0
23/08 16:28:54:726 Local queue size: 0
23/08 16:29:04:728 Local queue size: 0
23/08 16:29:14:729 Local queue size: 0
23/08 16:29:24:746 Local queue size: 0
23/08 16:29:34:762 Local queue size: 0
23/08 16:29:44:763 Local queue size: 0
23/08 16:29:54:779 Local queue size: 0
23/08 16:30:04:798 Local queue size: 0
23/08 16:30:14:804 Local queue size: 0
23/08 16:30:24:805 Local queue size: 0
23/08 16:30:34:810 Local queue size: 0
23/08 16:30:44:884 Local queue size: 0
23/08 16:30:54:886 Local queue size: 0
23/08 16:31:04:898 Local queue size: 0
23/08 16:31:14:926 Local queue size: 0
23/08 16:31:24:928 Local queue size: 0
23/08 16:31:34:939 Local queue size: 0
23/08 16:31:44:948 Local queue size: 0
23/08 16:31:54:963 Local queue size: 0
23/08 16:32:04:964 Local queue size: 0
23/08 16:32:14:970 Local queue size: 0
23/08 16:32:24:986 Local queue size: 0
23/08 16:32:34:987 Local queue size: 0
23/08 16:32:45:018 Local queue size: 0
23/08 16:32:55:027 Local queue size: 0
23/08 16:33:05:028 Local queue size: 0
23/08 16:33:15:033 Local queue size: 0
23/08 16:33:25:038 Local queue size: 0
23/08 16:33:35:039 Local queue size: 0
23/08 16:33:45:052 Local queue size: 0
23/08 16:33:55:054 Local queue size: 0
23/08 16:34:05:055 Local queue size: 0
23/08 16:34:15:126 Local queue size: 0
23/08 16:34:25:134 Local queue size: 0
23/08 16:34:35:137 Local queue size: 0
23/08 16:34:45:144 Local queue size: 0
23/08 16:34:55:205 Local queue size: 0
23/08 16:35:05:214 Local queue size: 0
23/08 16:35:15:233 Local queue size: 0
23/08 16:35:25:235 Local queue size: 0
23/08 16:35:35:297 Local queue size: 0
23/08 16:35:45:298 Local queue size: 0
23/08 16:35:55:299 Local queue size: 0
23/08 16:36:05:300 Local queue size: 0
23/08 16:36:15:400 Local queue size: 0
23/08 16:36:25:439 Local queue size: 0
23/08 16:36:35:461 Local queue size: 0
23/08 16:36:45:465 Local queue size: 0
23/08 16:36:55:469 Local queue size: 0
23/08 16:37:05:473 Local queue size: 0
23/08 16:37:15:500 Local queue size: 0
23/08 16:37:25:512 Local queue size: 0
23/08 16:37:35:519 Local queue size: 0
23/08 16:37:45:520 Local queue size: 0
23/08 16:37:55:521 Local queue size: 0
23/08 16:38:05:591 Local queue size: 0
23/08 16:38:15:592 Local queue size: 0
23/08 16:38:25:594 Local queue size: 0
23/08 16:38:35:601 Local queue size: 0
23/08 16:38:45:609 Local queue size: 0
23/08 16:39:07:613 OSA Callback started
23/08 16:39:09:466 Starting process session
23/08 16:39:09:648 Total 0 instances are started
23/08 16:39:09:655 Total 1 instances are added
23/08 16:39:20:048 Local queue size: 0
23/08 16:39:30:057 Local queue size: 0
23/08 16:39:40:086 Local queue size: 0
23/08 16:39:50:088 Local queue size: 0
23/08 16:40:00:101 Local queue size: 0
23/08 16:40:10:110 Local queue size: 0
23/08 16:40:20:136 Local queue size: 0
23/08 16:40:30:153 Local queue size: 0
23/08 16:40:40:155 Local queue size: 0
23/08 16:40:50:233 Local queue size: 0
23/08 16:41:00:239 Local queue size: 0
23/08 16:41:10:241 Local queue size: 0
23/08 16:41:31:657 OSA Callback started
23/08 16:41:33:636 Starting process session
23/08 16:41:33:840 Total 0 instances are started
23/08 16:41:33:840 Total 1 instances are added
23/08 16:41:44:018 Local queue size: 0
23/08 16:41:54:037 Local queue size: 0
23/08 16:42:04:083 Local queue size: 0
23/08 16:42:14:084 Local queue size: 0
23/08 16:42:24:090 Local queue size: 0
23/08 16:42:34:093 Local queue size: 0
23/08 16:42:44:095 Local queue size: 0
23/08 16:42:54:195 Local queue size: 0
23/08 16:43:04:203 Local queue size: 0
23/08 16:43:14:212 Local queue size: 0
23/08 16:43:24:275 Local queue size: 0
23/08 16:43:34:308 Local queue size: 0
23/08 16:43:44:365 Local queue size: 0
23/08 16:43:54:382 Local queue size: 0
23/08 16:44:04:390 Local queue size: 0
23/08 16:44:14:400 Local queue size: 0
23/08 16:44:24:411 Local queue size: 0
23/08 16:44:34:415 Local queue size: 0
23/08 16:44:44:451 Local queue size: 0
23/08 16:44:54:466 Local queue size: 0
23/08 16:45:22:640 OSA Callback started
23/08 16:45:25:117 Starting process session
23/08 16:45:25:318 Total 0 instances are started
23/08 16:45:25:324 Total 1 instances are added
23/08 16:45:35:777 Local queue size: 0
23/08 16:45:45:779 Local queue size: 0
23/08 16:45:55:783 Local queue size: 0
23/08 16:46:05:817 Local queue size: 0
23/08 16:46:15:851 Local queue size: 0
23/08 16:46:25:879 Local queue size: 0
23/08 16:46:35:904 Local queue size: 0
23/08 16:46:45:938 Local queue size: 0
23/08 16:46:55:953 Local queue size: 0
23/08 16:47:05:994 Local queue size: 0
23/08 16:47:16:016 Local queue size: 0
23/08 16:47:26:027 Local queue size: 0
23/08 16:47:36:035 Local queue size: 0
23/08 16:47:46:049 Local queue size: 0
23/08 16:47:56:056 Local queue size: 0
23/08 16:48:06:065 Local queue size: 0
23/08 16:48:16:094 Local queue size: 0
23/08 16:48:26:095 Local queue size: 0
23/08 16:48:36:100 Local queue size: 0
23/08 16:48:46:112 Local queue size: 0
23/08 16:48:59:887 OSA Callback started
23/08 16:49:02:115 Starting process session
23/08 16:49:03:074 Total 0 instances are started
23/08 16:49:03:511 Total 1 instances are added
23/08 16:49:13:778 Local queue size: 0
23/08 16:49:23:787 Local queue size: 0
23/08 16:49:33:790 Local queue size: 0
23/08 16:49:43:882 Local queue size: 0
23/08 16:49:53:883 Local queue size: 0
23/08 16:50:03:885 Local queue size: 0
23/08 16:50:13:889 Local queue size: 0
23/08 16:50:23:891 Local queue size: 0
23/08 16:50:33:893 Local queue size: 0
23/08 16:50:43:921 Local queue size: 0
23/08 16:50:53:932 Local queue size: 0
23/08 16:51:03:941 Local queue size: 0
23/08 16:51:13:942 Local queue size: 0
23/08 16:51:23:947 Local queue size: 0
23/08 16:51:33:957 Local queue size: 0
23/08 16:51:43:958 Local queue size: 0
23/08 16:51:53:967 Local queue size: 0
23/08 16:52:03:980 Local queue size: 0
23/08 16:52:13:981 Local queue size: 0
23/08 16:52:23:993 Local queue size: 0
23/08 16:52:34:093 Local queue size: 0
23/08 16:52:44:095 Local queue size: 0
23/08 16:52:54:096 Local queue size: 0
23/08 16:53:04:100 Local queue size: 0
23/08 16:53:14:101 Local queue size: 0
23/08 16:53:24:105 Local queue size: 0
23/08 16:53:34:116 Local queue size: 0
23/08 16:53:44:132 Local queue size: 0
23/08 16:53:54:145 Local queue size: 0
23/08 16:54:04:146 Local queue size: 0
23/08 16:54:14:147 Local queue size: 0
23/08 16:54:24:181 Local queue size: 0
23/08 16:54:34:197 Local queue size: 0
23/08 16:54:44:219 Local queue size: 0
23/08 16:54:54:223 Local queue size: 0
23/08 16:55:04:239 Local queue size: 0
23/08 16:55:14:242 Local queue size: 0
23/08 16:55:24:244 Local queue size: 0
23/08 16:55:34:247 Local queue size: 0
23/08 16:55:44:254 Local queue size: 0
23/08 16:55:54:257 Local queue size: 0
23/08 16:56:04:261 Local queue size: 0
23/08 16:56:14:285 Local queue size: 0
23/08 16:56:24:288 Local queue size: 0
23/08 16:56:34:290 Local queue size: 0
23/08 16:56:44:298 Local queue size: 0
23/08 16:56:54:300 Local queue size: 0
23/08 16:57:04:302 Local queue size: 0
23/08 16:57:14:341 Local queue size: 0
23/08 16:57:24:349 Local queue size: 0
23/08 16:57:34:351 Local queue size: 0
23/08 16:57:44:378 Local queue size: 0
23/08 16:57:54:404 Local queue size: 0
23/08 16:58:04:421 Local queue size: 0
23/08 16:58:14:426 Local queue size: 0
23/08 16:58:24:521 Local queue size: 0
23/08 16:58:34:543 Local queue size: 0
23/08 16:58:44:563 Local queue size: 0
23/08 16:58:54:625 Local queue size: 0
23/08 16:59:04:638 Local queue size: 0
23/08 16:59:14:679 Local queue size: 0
23/08 16:59:24:689 Local queue size: 0
23/08 16:59:34:734 Local queue size: 0
23/08 16:59:44:745 Local queue size: 0
23/08 16:59:54:835 Local queue size: 0
23/08 17:00:04:846 Local queue size: 0
23/08 17:00:14:857 Local queue size: 0
23/08 17:00:24:862 Local queue size: 0
23/08 17:00:34:870 Local queue size: 0
23/08 17:00:44:877 Local queue size: 0
23/08 17:00:54:894 Local queue size: 0
23/08 17:01:04:957 Local queue size: 0
23/08 17:01:14:976 Local queue size: 0
23/08 17:01:25:006 Local queue size: 0
23/08 17:01:35:016 Local queue size: 0
23/08 17:01:45:068 Local queue size: 0
23/08 17:01:55:078 Local queue size: 0
23/08 17:02:05:096 Local queue size: 0
23/08 17:02:15:103 Local queue size: 0
23/08 17:02:25:192 Local queue size: 0
23/08 17:02:35:197 Local queue size: 0
23/08 17:02:45:228 Local queue size: 0
23/08 17:02:55:240 Local queue size: 0
23/08 17:03:05:260 Local queue size: 0
23/08 17:03:15:281 Local queue size: 0
23/08 17:03:25:287 Local queue size: 0
23/08 17:03:35:292 Local queue size: 0
23/08 17:03:45:294 Local queue size: 0
23/08 17:03:55:309 Local queue size: 0
23/08 17:04:05:328 Local queue size: 0
23/08 17:04:15:400 Local queue size: 0
23/08 17:04:25:412 Local queue size: 0
23/08 17:04:35:426 Local queue size: 0
23/08 17:04:45:429 Local queue size: 0
23/08 17:04:55:515 Local queue size: 0
23/08 17:05:05:543 Local queue size: 0
23/08 17:05:15:559 Local queue size: 0
23/08 17:05:25:596 Local queue size: 0
23/08 17:05:35:640 Local queue size: 0
23/08 17:05:45:663 Local queue size: 0
23/08 17:05:55:664 Local queue size: 0
23/08 17:06:05:666 Local queue size: 0
23/08 17:06:15:691 Local queue size: 0
23/08 17:06:25:703 Local queue size: 0
23/08 17:06:35:705 Local queue size: 0
23/08 17:06:45:707 Local queue size: 0
23/08 17:06:55:794 Local queue size: 0
23/08 17:07:05:800 Local queue size: 0
23/08 17:07:15:801 Local queue size: 0
23/08 17:07:25:806 Local queue size: 0
23/08 17:07:35:812 Local queue size: 0
23/08 17:07:45:879 Local queue size: 0
23/08 17:07:55:884 Local queue size: 0
23/08 17:08:05:947 Local queue size: 0
23/08 17:08:15:948 Local queue size: 0
23/08 17:08:25:959 Local queue size: 0
23/08 17:08:35:980 Local queue size: 0
23/08 17:08:45:999 Local queue size: 0
23/08 17:08:56:059 Local queue size: 0
23/08 17:09:06:080 Local queue size: 0
23/08 17:09:16:088 Local queue size: 0
23/08 17:09:26:097 Local queue size: 0
23/08 17:09:36:186 Local queue size: 0
23/08 17:09:46:188 Local queue size: 0
23/08 17:09:56:197 Local queue size: 0
23/08 17:10:06:198 Local queue size: 0
23/08 17:10:16:276 Local queue size: 0
23/08 17:10:26:294 Local queue size: 0
23/08 17:10:36:295 Local queue size: 0
23/08 17:10:46:296 Local queue size: 0
23/08 17:10:56:395 Local queue size: 0
23/08 17:11:06:398 Local queue size: 0
23/08 17:11:16:401 Local queue size: 0
23/08 17:11:26:409 Local queue size: 0
23/08 17:11:36:483 Local queue size: 0
23/08 17:11:46:488 Local queue size: 0
23/08 17:11:56:496 Local queue size: 0
23/08 17:12:06:503 Local queue size: 0
23/08 17:12:16:538 Local queue size: 0
23/08 17:12:26:540 Local queue size: 0
23/08 17:12:36:640 Local queue size: 0
23/08 17:12:46:642 Local queue size: 0
23/08 17:12:56:679 Local queue size: 0
23/08 17:13:06:696 Local queue size: 0
23/08 17:13:16:703 Local queue size: 0
23/08 17:13:26:710 Local queue size: 0
23/08 17:13:36:720 Local queue size: 0
23/08 17:13:46:721 Local queue size: 0
23/08 17:13:56:728 Local queue size: 0
23/08 17:14:06:732 Local queue size: 0
23/08 17:14:16:788 Local queue size: 0
23/08 17:14:26:799 Local queue size: 0
23/08 17:14:36:805 Local queue size: 0
23/08 17:14:46:806 Local queue size: 0
23/08 17:14:56:819 Local queue size: 0
23/08 17:15:06:821 Local queue size: 0
23/08 17:15:16:837 Local queue size: 0
23/08 17:15:26:839 Local queue size: 0
23/08 17:15:36:902 Local queue size: 0
23/08 17:15:46:909 Local queue size: 0
23/08 17:15:56:935 Local queue size: 0
23/08 17:16:06:936 Local queue size: 0
23/08 17:16:16:942 Local queue size: 0
23/08 17:16:27:024 Local queue size: 0
23/08 17:16:37:033 Local queue size: 0
23/08 17:16:47:034 Local queue size: 0
23/08 17:16:57:040 Local queue size: 0
23/08 17:17:07:042 Local queue size: 0
23/08 17:17:17:131 Local queue size: 0
23/08 17:17:27:133 Local queue size: 0
23/08 17:17:37:135 Local queue size: 0
23/08 17:17:47:138 Local queue size: 0
23/08 17:17:57:152 Local queue size: 0
23/08 17:18:07:194 Local queue size: 0
23/08 17:18:17:196 Local queue size: 0
23/08 17:18:27:203 Local queue size: 0
23/08 17:18:37:205 Local queue size: 0
23/08 17:18:47:212 Local queue size: 0
23/08 17:18:57:310 Local queue size: 0
23/08 17:19:07:316 Local queue size: 0
23/08 17:19:17:320 Local queue size: 0
23/08 17:19:27:324 Local queue size: 0
23/08 17:19:37:329 Local queue size: 0
23/08 17:19:47:332 Local queue size: 0
23/08 17:19:57:333 Local queue size: 0
23/08 17:20:07:335 Local queue size: 0
23/08 17:20:17:343 Local queue size: 0
23/08 17:20:27:353 Local queue size: 0
23/08 17:20:37:354 Local queue size: 0
23/08 17:20:47:359 Local queue size: 0
23/08 17:20:57:361 Local queue size: 0
23/08 17:21:07:461 Local queue size: 0
23/08 17:21:17:490 Local queue size: 0
23/08 17:21:27:506 Local queue size: 0
23/08 17:21:37:513 Local queue size: 0
23/08 17:21:47:525 Local queue size: 0
23/08 17:21:57:526 Local queue size: 0
23/08 17:22:07:571 Local queue size: 0
23/08 17:22:17:572 Local queue size: 0
23/08 17:22:27:574 Local queue size: 0
23/08 17:22:37:576 Local queue size: 0
23/08 17:22:47:578 Local queue size: 0
23/08 17:22:57:651 Local queue size: 0
23/08 17:23:07:655 Local queue size: 0
23/08 17:23:17:659 Local queue size: 0
23/08 17:23:27:660 Local queue size: 0
23/08 17:23:37:662 Local queue size: 0
23/08 17:23:47:682 Local queue size: 0
23/08 17:23:57:694 Local queue size: 0
23/08 17:24:07:699 Local queue size: 0
23/08 17:24:17:709 Local queue size: 0
23/08 17:24:27:715 Local queue size: 0
23/08 17:24:37:758 Local queue size: 0
23/08 17:24:47:766 Local queue size: 0
23/08 17:24:57:767 Local queue size: 0
23/08 17:25:07:774 Local queue size: 0
23/08 17:25:17:846 Local queue size: 0
23/08 17:25:27:870 Local queue size: 0
23/08 17:25:37:875 Local queue size: 0
23/08 17:25:47:884 Local queue size: 0
23/08 17:25:57:892 Local queue size: 0
23/08 17:26:07:928 Local queue size: 0
23/08 17:26:17:937 Local queue size: 0
23/08 17:26:27:945 Local queue size: 0
23/08 17:26:37:946 Local queue size: 0
23/08 17:26:48:012 Local queue size: 0
23/08 17:26:58:018 Local queue size: 0
23/08 17:27:08:020 Local queue size: 0
23/08 17:27:18:024 Local queue size: 0
23/08 17:27:28:113 Local queue size: 0
23/08 17:27:38:125 Local queue size: 0
23/08 17:27:48:126 Local queue size: 0
23/08 17:27:58:132 Local queue size: 0
23/08 17:28:08:232 Local queue size: 0
23/08 17:28:18:233 Local queue size: 0
23/08 17:28:28:237 Local queue size: 0
23/08 17:28:38:244 Local queue size: 0
23/08 17:28:48:250 Local queue size: 0
23/08 17:28:58:251 Local queue size: 0
23/08 17:29:08:253 Local queue size: 0
23/08 17:29:18:258 Local queue size: 0
23/08 17:29:28:260 Local queue size: 0
23/08 17:29:38:262 Local queue size: 0
23/08 17:29:48:280 Local queue size: 0
23/08 17:29:58:305 Local queue size: 0
23/08 17:30:08:306 Local queue size: 0
23/08 17:30:18:312 Local queue size: 0
23/08 17:30:28:313 Local queue size: 0
23/08 17:30:38:315 Local queue size: 0
23/08 17:30:48:317 Local queue size: 0
23/08 17:30:58:322 Local queue size: 0
23/08 17:31:08:336 Local queue size: 0
23/08 17:31:18:337 Local queue size: 0
23/08 17:31:28:339 Local queue size: 0
23/08 17:31:38:340 Local queue size: 0
23/08 17:31:48:342 Local queue size: 0
23/08 17:31:58:346 Local queue size: 0
23/08 17:32:08:347 Local queue size: 0
23/08 17:32:18:349 Local queue size: 0
23/08 17:32:28:350 Local queue size: 0
23/08 17:32:38:356 Local queue size: 0
23/08 17:32:48:363 Local queue size: 0
23/08 17:32:58:366 Local queue size: 0
23/08 17:33:08:387 Local queue size: 0
23/08 17:33:18:397 Local queue size: 0
23/08 17:33:28:402 Local queue size: 0
23/08 17:33:38:416 Local queue size: 0
23/08 17:33:48:501 Local queue size: 0
23/08 17:33:58:510 Local queue size: 0
23/08 17:34:08:530 Local queue size: 0
23/08 17:34:18:537 Local queue size: 0
23/08 17:34:28:549 Local queue size: 0
23/08 17:34:38:555 Local queue size: 0
23/08 17:34:48:564 Local queue size: 0
23/08 17:34:58:568 Local queue size: 0
23/08 17:35:08:576 Local queue size: 0
23/08 17:35:18:580 Local queue size: 0
23/08 17:35:28:606 Local queue size: 0
23/08 17:35:38:644 Local queue size: 0
23/08 17:35:48:646 Local queue size: 0
23/08 17:35:58:648 Local queue size: 0
23/08 17:36:08:650 Local queue size: 0
23/08 17:36:18:652 Local queue size: 0
23/08 17:36:28:656 Local queue size: 0
23/08 17:36:38:658 Local queue size: 0
23/08 17:36:48:661 Local queue size: 0
23/08 17:36:58:668 Local queue size: 0
23/08 17:37:08:669 Local queue size: 0
23/08 17:37:18:671 Local queue size: 0
23/08 17:37:28:771 Local queue size: 0
23/08 17:37:38:780 Local queue size: 0
23/08 17:37:48:783 Local queue size: 0
23/08 17:37:58:784 Local queue size: 0
23/08 17:38:08:786 Local queue size: 0
23/08 17:38:18:793 Local queue size: 0
23/08 17:38:28:803 Local queue size: 0
23/08 17:38:38:804 Local queue size: 0
23/08 17:38:48:808 Local queue size: 0
23/08 17:38:58:815 Local queue size: 0
23/08 17:39:08:868 Local queue size: 0
23/08 17:39:18:873 Local queue size: 0
23/08 17:39:28:874 Local queue size: 0
23/08 17:39:38:886 Local queue size: 0
23/08 17:39:48:888 Local queue size: 0
23/08 17:39:58:973 Local queue size: 0
23/08 17:40:08:999 Local queue size: 0
23/08 17:40:19:008 Local queue size: 0
23/08 17:40:29:020 Local queue size: 0
23/08 17:40:39:023 Local queue size: 0
23/08 17:40:49:116 Local queue size: 0
23/08 17:40:59:132 Local queue size: 0
23/08 17:41:09:141 Local queue size: 0
23/08 17:41:19:149 Local queue size: 0
23/08 17:41:29:150 Local queue size: 0
23/08 17:41:39:196 Local queue size: 0
23/08 17:41:49:197 Local queue size: 0
23/08 17:41:59:201 Local queue size: 0
23/08 17:42:09:226 Local queue size: 0
23/08 17:42:19:230 Local queue size: 0
23/08 17:42:29:242 Local queue size: 0
23/08 17:42:39:243 Local queue size: 0
23/08 17:42:49:245 Local queue size: 0
23/08 17:42:59:246 Local queue size: 0
23/08 17:43:09:254 Local queue size: 0
23/08 17:43:19:257 Local queue size: 0
23/08 17:43:29:261 Local queue size: 0
23/08 17:43:39:322 Local queue size: 0
23/08 17:43:49:326 Local queue size: 0
23/08 17:43:59:328 Local queue size: 0
23/08 17:44:09:329 Local queue size: 0
23/08 17:44:19:330 Local queue size: 0
23/08 17:44:29:335 Local queue size: 0
23/08 17:44:39:410 Local queue size: 0
23/08 17:44:49:413 Local queue size: 0
23/08 17:44:59:420 Local queue size: 0
23/08 17:45:09:423 Local queue size: 0
23/08 17:45:19:431 Local queue size: 0
23/08 17:45:29:472 Local queue size: 0
23/08 17:45:39:476 Local queue size: 0
23/08 17:45:49:489 Local queue size: 0
23/08 17:45:59:491 Local queue size: 0
23/08 17:46:09:508 Local queue size: 0
23/08 17:46:19:513 Local queue size: 0
23/08 17:46:29:517 Local queue size: 0
23/08 17:46:39:528 Local queue size: 0
23/08 17:46:49:534 Local queue size: 0
23/08 17:46:59:546 Local queue size: 0
23/08 17:47:09:553 Local queue size: 0
23/08 17:47:19:559 Local queue size: 0
23/08 17:47:29:566 Local queue size: 0
23/08 17:47:39:568 Local queue size: 0
23/08 17:47:49:581 Local queue size: 0
23/08 17:47:59:594 Local queue size: 0
23/08 17:48:09:617 Local queue size: 0
23/08 17:48:19:625 Local queue size: 0
23/08 17:48:29:626 Local queue size: 0
23/08 17:48:39:634 Local queue size: 0
23/08 17:48:49:656 Local queue size: 0
