10/09 08:34:48:047 OSA Callback started
10/09 08:34:49:186 Starting process session
10/09 08:34:49:298 Total 0 instances are started
10/09 08:34:49:298 Total 1 instances are added
10/09 08:34:59:473 Local queue size: 0
10/09 08:35:09:476 Local queue size: 0
10/09 08:35:13:159 com.sun.messaging.jms.JMSException: [C4003]: Error occurred on connection creation [10.32.62.63:7676]. - cause: java.net.ConnectException: Connection timed out: connect
10/09 08:35:13:161 Consumer was closed, reconnect.
10/09 08:35:19:501 Local queue size: 0
10/09 08:35:29:531 Local queue size: 0
10/09 08:35:39:547 Local queue size: 0
10/09 08:35:49:629 Local queue size: 0
10/09 08:35:59:637 Local queue size: 0
10/09 08:36:09:649 Local queue size: 0
10/09 08:36:19:658 Local queue size: 0
10/09 08:36:29:659 Local queue size: 0
10/09 08:36:39:669 Local queue size: 0
10/09 08:36:49:671 Local queue size: 0
10/09 08:36:59:673 Local queue size: 0
10/09 08:37:09:678 Local queue size: 0
10/09 08:37:19:683 Local queue size: 0
10/09 08:37:29:691 Local queue size: 0
10/09 08:37:39:696 Local queue size: 0
10/09 08:37:49:712 Local queue size: 0
10/09 08:37:59:716 Local queue size: 0
10/09 08:38:09:748 Local queue size: 0
10/09 08:38:19:756 Local queue size: 0
10/09 08:38:29:844 Local queue size: 0
10/09 08:38:39:846 Local queue size: 0
10/09 08:38:49:854 Local queue size: 0
10/09 08:39:10:684 OSA Callback started
10/09 08:39:11:642 Starting process session
10/09 08:39:11:766 Total 0 instances are started
10/09 08:39:11:766 Total 1 instances are added
10/09 08:39:21:905 Local queue size: 0
10/09 08:39:31:925 Local queue size: 0
10/09 08:39:41:927 Local queue size: 0
10/09 08:39:52:007 Local queue size: 0
10/09 08:40:02:027 Local queue size: 0
10/09 08:40:12:034 Local queue size: 0
10/09 08:40:22:041 Local queue size: 0
10/09 08:40:32:102 Local queue size: 0
10/09 08:40:42:109 Local queue size: 0
10/09 08:40:52:119 Local queue size: 0
10/09 08:41:02:136 Local queue size: 0
10/09 08:41:12:343 OSA Callback started
10/09 08:41:14:160 Starting process session
10/09 08:41:14:305 Total 0 instances are started
10/09 08:41:14:311 Total 1 instances are added
10/09 08:41:24:620 Local queue size: 0
10/09 08:41:34:651 Local queue size: 0
10/09 08:41:44:682 Local queue size: 0
10/09 08:41:54:726 Local queue size: 0
10/09 08:42:04:770 Local queue size: 0
10/09 08:42:14:773 Local queue size: 0
10/09 08:42:24:775 Local queue size: 0
10/09 08:42:34:776 Local queue size: 0
10/09 08:42:44:824 Local queue size: 0
10/09 08:42:54:841 Local queue size: 0
10/09 08:43:04:849 Local queue size: 0
10/09 08:43:14:852 Local queue size: 0
10/09 08:43:24:899 Local queue size: 0
10/09 08:43:34:901 Local queue size: 0
10/09 08:43:44:905 Local queue size: 0
10/09 08:43:54:917 Local queue size: 0
10/09 08:44:04:951 Local queue size: 0
10/09 08:44:14:961 Local queue size: 0
10/09 08:44:24:967 Local queue size: 0
10/09 08:44:34:969 Local queue size: 0
10/09 08:44:44:972 Local queue size: 0
10/09 08:44:55:059 Local queue size: 0
10/09 08:45:05:095 Local queue size: 0
10/09 08:45:15:097 Local queue size: 0
10/09 08:45:25:099 Local queue size: 0
10/09 08:45:35:192 Local queue size: 0
10/09 08:45:45:196 Local queue size: 0
10/09 08:45:55:207 Local queue size: 0
10/09 08:46:05:215 Local queue size: 0
10/09 08:46:15:281 Local queue size: 0
10/09 08:46:25:291 Local queue size: 0
10/09 08:46:35:331 Local queue size: 0
10/09 08:46:49:704 OSA Callback started
10/09 08:46:50:942 Starting process session
10/09 08:46:51:076 Total 0 instances are started
10/09 08:46:51:076 Total 1 instances are added
10/09 08:47:01:305 Local queue size: 0
10/09 08:47:11:381 Local queue size: 0
10/09 08:47:21:406 Local queue size: 0
10/09 08:47:31:492 Local queue size: 0
10/09 08:47:41:494 Local queue size: 0
10/09 08:47:51:502 Local queue size: 0
10/09 08:48:01:505 Local queue size: 0
10/09 08:48:11:511 Local queue size: 0
10/09 08:48:21:512 Local queue size: 0
10/09 08:48:31:535 Local queue size: 0
10/09 08:48:41:556 Local queue size: 0
10/09 08:48:51:563 Local queue size: 0
10/09 08:49:01:566 Local queue size: 0
10/09 08:49:11:580 Local queue size: 0
10/09 08:49:21:585 Local queue size: 0
10/09 08:49:31:586 Local queue size: 0
10/09 08:49:41:595 Local queue size: 0
10/09 08:49:51:617 Local queue size: 0
10/09 08:50:01:637 Local queue size: 0
10/09 08:55:21:639 OSA Callback started
10/09 08:55:23:522 Starting process session
10/09 08:55:23:750 Total 0 instances are started
10/09 08:55:23:753 Total 1 instances are added
10/09 08:55:34:308 Local queue size: 0
10/09 08:55:44:325 Local queue size: 0
10/09 08:55:54:327 Local queue size: 0
10/09 08:56:04:336 Local queue size: 0
10/09 08:56:14:339 Local queue size: 0
10/09 08:56:24:344 Local queue size: 0
10/09 08:56:34:345 Local queue size: 0
10/09 08:56:44:347 Local queue size: 0
10/09 08:56:54:373 Local queue size: 0
10/09 08:57:04:422 Local queue size: 0
10/09 08:57:14:424 Local queue size: 0
10/09 08:57:24:425 Local queue size: 0
10/09 08:57:34:427 Local queue size: 0
10/09 08:57:44:477 Local queue size: 0
10/09 08:57:54:478 Local queue size: 0
10/09 08:58:04:479 Local queue size: 0
10/09 08:58:14:482 Local queue size: 0
10/09 08:58:24:484 Local queue size: 0
10/09 08:58:34:485 Local queue size: 0
10/09 08:58:44:491 Local queue size: 0
10/09 08:58:54:493 Local queue size: 0
10/09 08:59:04:495 Local queue size: 0
10/09 08:59:14:499 Local queue size: 0
10/09 08:59:24:502 Local queue size: 0
10/09 08:59:34:508 Local queue size: 0
10/09 08:59:44:509 Local queue size: 0
10/09 08:59:54:511 Local queue size: 0
10/09 09:00:04:513 Local queue size: 0
10/09 09:00:14:516 Local queue size: 0
10/09 09:00:24:518 Local queue size: 0
10/09 09:00:34:519 Local queue size: 0
10/09 09:00:44:523 Local queue size: 0
10/09 09:00:54:526 Local queue size: 0
10/09 09:01:04:529 Local queue size: 0
10/09 09:01:14:535 Local queue size: 0
10/09 09:01:24:537 Local queue size: 0
10/09 09:01:34:594 Local queue size: 0
10/09 09:01:44:600 Local queue size: 0
10/09 09:01:54:603 Local queue size: 0
10/09 09:02:04:683 Local queue size: 0
10/09 09:02:14:689 Local queue size: 0
10/09 09:02:24:690 Local queue size: 0
10/09 09:02:34:692 Local queue size: 0
10/09 09:02:44:696 Local queue size: 0
10/09 09:02:54:796 Local queue size: 0
10/09 09:03:04:803 Local queue size: 0
10/09 09:03:24:445 OSA Callback started
10/09 09:03:26:323 Starting process session
10/09 09:03:26:651 Total 0 instances are started
10/09 09:03:26:655 Total 1 instances are added
10/09 09:03:36:884 Local queue size: 0
10/09 09:03:46:892 Local queue size: 0
10/09 09:03:56:895 Local queue size: 0
10/09 09:04:06:929 Local queue size: 0
10/09 09:04:16:931 Local queue size: 0
10/09 09:04:26:933 Local queue size: 0
10/09 09:04:36:938 Local queue size: 0
10/09 09:04:46:942 Local queue size: 0
10/09 09:04:57:011 Local queue size: 0
10/09 09:05:07:035 Local queue size: 0
10/09 09:05:17:042 Local queue size: 0
10/09 09:05:27:049 Local queue size: 0
10/09 09:05:37:053 Local queue size: 0
10/09 09:05:47:055 Local queue size: 0
10/09 09:05:57:058 Local queue size: 0
10/09 09:06:07:064 Local queue size: 0
10/09 09:06:17:065 Local queue size: 0
10/09 09:06:27:070 Local queue size: 0
10/09 09:06:37:072 Local queue size: 0
10/09 09:06:47:073 Local queue size: 0
10/09 09:06:57:118 Local queue size: 0
10/09 09:07:07:125 Local queue size: 0
10/09 09:07:17:134 Local queue size: 0
10/09 09:07:27:143 Local queue size: 0
10/09 09:07:37:166 Local queue size: 0
10/09 09:07:47:187 Local queue size: 0
10/09 09:07:57:194 Local queue size: 0
10/09 09:08:07:197 Local queue size: 0
10/09 09:08:17:206 Local queue size: 0
10/09 09:08:27:291 Local queue size: 0
10/09 09:08:37:301 Local queue size: 0
10/09 09:08:47:307 Local queue size: 0
10/09 09:08:57:329 Local queue size: 0
10/09 09:09:07:358 Local queue size: 0
10/09 09:09:17:364 Local queue size: 0
10/09 09:09:27:368 Local queue size: 0
10/09 09:09:37:379 Local queue size: 0
10/09 09:09:47:427 Local queue size: 0
10/09 09:09:57:430 Local queue size: 0
10/09 09:10:07:435 Local queue size: 0
10/09 09:10:17:437 Local queue size: 0
10/09 09:10:27:441 Local queue size: 0
10/09 09:10:56:947 OSA Callback started
10/09 09:10:57:980 Starting process session
10/09 09:10:58:092 Total 0 instances are started
10/09 09:10:58:092 Total 1 instances are added
10/09 09:11:08:244 Local queue size: 0
10/09 09:11:18:246 Local queue size: 0
10/09 09:11:28:283 Local queue size: 0
10/09 09:11:38:329 Local queue size: 0
10/09 09:11:48:345 Local queue size: 0
10/09 09:11:58:398 Local queue size: 0
10/09 09:12:08:419 Local queue size: 0
10/09 09:12:18:420 Local queue size: 0
10/09 09:12:28:422 Local queue size: 0
10/09 09:12:38:426 Local queue size: 0
10/09 09:12:48:437 Local queue size: 0
10/09 09:12:58:448 Local queue size: 0
10/09 09:13:08:471 Local queue size: 0
10/09 09:13:18:487 Local queue size: 0
10/09 09:13:28:523 Local queue size: 0
10/09 09:13:38:521 OSA Callback started
10/09 09:13:41:754 Starting process session
10/09 09:13:42:350 Total 0 instances are started
10/09 09:13:42:350 Total 1 instances are added
10/09 09:13:52:519 Local queue size: 0
10/09 09:14:13:912 OSA Callback started
10/09 09:14:16:273 Starting process session
10/09 09:14:17:792 Total 0 instances are started
10/09 09:14:17:797 Total 1 instances are added
10/09 09:14:28:006 Local queue size: 0
10/09 09:14:38:028 Local queue size: 0
10/09 09:14:48:053 Local queue size: 0
10/09 09:14:58:055 Local queue size: 0
10/09 09:15:08:057 Local queue size: 0
10/09 09:15:18:066 Local queue size: 0
10/09 09:15:28:067 Local queue size: 0
10/09 09:15:38:094 Local queue size: 0
10/09 09:15:59:093 OSA Callback started
10/09 09:15:59:751 Starting process session
10/09 09:15:59:864 Total 0 instances are started
10/09 09:15:59:864 Total 1 instances are added
10/09 09:16:10:060 Local queue size: 0
10/09 09:16:20:145 Local queue size: 0
10/09 09:16:30:157 Local queue size: 0
10/09 09:16:40:158 Local queue size: 0
10/09 09:16:50:166 Local queue size: 0
10/09 09:17:00:168 Local queue size: 0
10/09 09:17:10:170 Local queue size: 0
10/09 09:17:20:172 Local queue size: 0
10/09 09:17:30:173 Local queue size: 0
10/09 09:17:40:175 Local queue size: 0
10/09 09:17:50:177 Local queue size: 0
10/09 09:18:00:179 Local queue size: 0
10/09 09:18:10:182 Local queue size: 0
10/09 09:18:20:186 Local queue size: 0
10/09 09:18:30:188 Local queue size: 0
10/09 09:18:40:196 Local queue size: 0
10/09 09:18:50:198 Local queue size: 0
10/09 09:19:00:202 Local queue size: 0
10/09 09:19:10:206 Local queue size: 0
10/09 09:19:20:218 Local queue size: 0
10/09 09:19:30:230 Local queue size: 0
10/09 09:19:40:237 Local queue size: 0
10/09 09:19:50:238 Local queue size: 0
10/09 09:20:00:245 Local queue size: 0
10/09 09:20:10:246 Local queue size: 0
10/09 09:20:20:264 Local queue size: 0
10/09 09:20:30:275 Local queue size: 0
10/09 09:20:40:288 Local queue size: 0
10/09 09:20:50:294 Local queue size: 0
10/09 09:21:00:333 Local queue size: 0
10/09 09:21:10:344 Local queue size: 0
10/09 09:21:20:365 Local queue size: 0
10/09 09:21:30:371 Local queue size: 0
10/09 09:21:40:417 Local queue size: 0
10/09 09:21:50:500 Local queue size: 0
10/09 09:22:00:511 Local queue size: 0
10/09 09:22:10:512 Local queue size: 0
10/09 09:22:20:522 Local queue size: 0
10/09 09:22:30:533 Local queue size: 0
10/09 09:22:40:534 Local queue size: 0
10/09 09:22:50:535 Local queue size: 0
10/09 09:23:00:538 Local queue size: 0
10/09 09:23:10:542 Local queue size: 0
10/09 09:23:20:551 Local queue size: 0
10/09 09:23:30:556 Local queue size: 0
10/09 09:23:40:557 Local queue size: 0
10/09 09:23:50:559 Local queue size: 0
10/09 09:24:00:561 Local queue size: 0
10/09 09:24:10:661 Local queue size: 0
10/09 09:24:20:664 Local queue size: 0
10/09 09:24:30:665 Local queue size: 0
10/09 09:24:40:667 Local queue size: 0
10/09 09:24:50:668 Local queue size: 0
10/09 09:25:00:670 Local queue size: 0
10/09 09:25:10:677 Local queue size: 0
10/09 09:25:20:678 Local queue size: 0
10/09 09:25:30:689 Local queue size: 0
10/09 09:25:40:710 Local queue size: 0
10/09 09:25:50:719 Local queue size: 0
10/09 09:26:00:720 Local queue size: 0
10/09 09:26:10:807 Local queue size: 0
10/09 09:26:20:816 Local queue size: 0
10/09 09:26:30:822 Local queue size: 0
10/09 09:26:40:829 Local queue size: 0
10/09 09:26:50:886 Local queue size: 0
10/09 09:27:00:889 Local queue size: 0
10/09 09:27:10:890 Local queue size: 0
10/09 09:27:20:893 Local queue size: 0
10/09 09:27:30:986 Local queue size: 0
10/09 09:27:40:987 Local queue size: 0
10/09 09:27:53:904 OSA Callback started
10/09 09:27:57:481 Starting process session
10/09 09:27:57:636 Total 0 instances are started
10/09 09:27:57:637 Total 1 instances are added
10/09 09:28:07:785 Local queue size: 0
10/09 09:28:17:813 Local queue size: 0
10/09 09:28:27:817 Local queue size: 0
10/09 09:28:37:819 Local queue size: 0
10/09 09:28:47:826 Local queue size: 0
10/09 09:28:57:872 Local queue size: 0
10/09 09:29:07:968 Local queue size: 0
10/09 09:29:18:004 Local queue size: 0
10/09 09:29:28:005 Local queue size: 0
10/09 09:29:38:075 Local queue size: 0
10/09 09:29:48:089 Local queue size: 0
10/09 09:29:58:096 Local queue size: 0
10/09 09:30:08:100 Local queue size: 0
10/09 09:30:27:964 OSA Callback started
10/09 09:30:29:475 Starting process session
10/09 09:30:29:796 Total 0 instances are started
10/09 09:30:29:796 Total 1 instances are added
10/09 09:30:41:227 Local queue size: 0
10/09 09:30:51:230 Local queue size: 0
10/09 09:31:01:238 Local queue size: 0
10/09 09:31:11:242 Local queue size: 0
10/09 09:31:21:246 Local queue size: 0
10/09 09:31:31:333 Local queue size: 0
10/09 09:31:41:335 Local queue size: 0
10/09 09:31:51:336 Local queue size: 0
10/09 09:32:01:338 Local queue size: 0
10/09 09:32:11:341 Local queue size: 0
10/09 09:32:21:350 Local queue size: 0
10/09 09:32:31:357 Local queue size: 0
10/09 09:32:41:358 Local queue size: 0
10/09 09:32:51:360 Local queue size: 0
10/09 09:33:01:362 Local queue size: 0
10/09 09:33:11:366 Local queue size: 0
10/09 09:37:28:304 OSA Callback started
10/09 09:37:29:724 Starting process session
10/09 09:37:29:900 Total 0 instances are started
10/09 09:37:29:900 Total 1 instances are added
10/09 09:37:40:103 Local queue size: 0
10/09 09:37:50:131 Local queue size: 0
10/09 09:38:00:133 Local queue size: 0
10/09 09:38:10:135 Local queue size: 0
10/09 09:38:20:148 Local queue size: 0
10/09 09:38:30:155 Local queue size: 0
10/09 09:38:40:159 Local queue size: 0
10/09 09:38:50:161 Local queue size: 0
10/09 09:39:00:246 Local queue size: 0
10/09 09:39:10:249 Local queue size: 0
10/09 09:39:20:250 Local queue size: 0
10/09 09:39:30:252 Local queue size: 0
10/09 09:39:40:255 Local queue size: 0
10/09 09:39:50:257 Local queue size: 0
10/09 09:40:00:261 Local queue size: 0
10/09 09:40:10:263 Local queue size: 0
10/09 09:40:20:290 Local queue size: 0
10/09 09:40:30:304 Local queue size: 0
10/09 09:40:40:311 Local queue size: 0
10/09 09:40:50:317 Local queue size: 0
10/09 09:41:00:323 Local queue size: 0
10/09 09:41:10:324 Local queue size: 0
10/09 09:41:20:326 Local queue size: 0
10/09 09:41:30:347 Local queue size: 0
10/09 09:41:40:348 Local queue size: 0
10/09 09:45:02:968 OSA Callback started
10/09 09:45:04:713 Starting process session
10/09 09:45:04:927 Total 0 instances are started
10/09 09:45:04:931 Total 1 instances are added
10/09 09:45:15:136 Local queue size: 0
10/09 09:45:25:143 Local queue size: 0
10/09 09:45:35:236 Local queue size: 0
10/09 09:45:45:244 Local queue size: 0
10/09 09:45:55:247 Local queue size: 0
10/09 09:46:05:248 Local queue size: 0
10/09 09:46:15:250 Local queue size: 0
10/09 09:46:25:251 Local queue size: 0
10/09 09:46:35:254 Local queue size: 0
10/09 09:46:45:256 Local queue size: 0
10/09 09:46:55:257 Local queue size: 0
10/09 09:47:05:264 Local queue size: 0
10/09 09:47:15:265 Local queue size: 0
10/09 09:47:25:267 Local queue size: 0
10/09 09:47:35:268 Local queue size: 0
10/09 09:47:45:271 Local queue size: 0
10/09 09:47:55:273 Local queue size: 0
10/09 09:48:05:274 Local queue size: 0
10/09 09:48:15:276 Local queue size: 0
10/09 09:48:25:331 Local queue size: 0
10/09 09:48:35:343 Local queue size: 0
10/09 09:48:45:346 Local queue size: 0
10/09 09:48:55:350 Local queue size: 0
10/09 09:49:05:352 Local queue size: 0
10/09 09:49:15:356 Local queue size: 0
10/09 09:49:25:358 Local queue size: 0
10/09 09:49:35:362 Local queue size: 0
10/09 09:49:45:366 Local queue size: 0
10/09 09:49:55:373 Local queue size: 0
10/09 09:50:05:453 Local queue size: 0
10/09 09:50:15:456 Local queue size: 0
10/09 09:50:25:467 Local queue size: 0
10/09 09:50:35:514 Local queue size: 0
10/09 09:50:45:515 Local queue size: 0
10/09 09:50:55:553 Local queue size: 0
10/09 09:51:05:558 Local queue size: 0
10/09 09:51:15:565 Local queue size: 0
10/09 09:51:25:640 Local queue size: 0
10/09 09:51:35:649 Local queue size: 0
10/09 09:51:45:678 Local queue size: 0
10/09 09:51:55:682 Local queue size: 0
10/09 09:52:05:684 Local queue size: 0
10/09 09:52:15:689 Local queue size: 0
10/09 09:52:25:720 Local queue size: 0
10/09 09:52:35:733 Local queue size: 0
10/09 09:52:45:737 Local queue size: 0
10/09 09:52:55:761 Local queue size: 0
10/09 09:53:05:782 Local queue size: 0
10/09 09:53:15:788 Local queue size: 0
10/09 09:53:25:794 Local queue size: 0
10/09 09:53:35:816 Local queue size: 0
10/09 09:53:45:845 Local queue size: 0
10/09 09:53:55:851 Local queue size: 0
10/09 09:54:05:932 Local queue size: 0
10/09 09:54:15:934 Local queue size: 0
10/09 09:54:25:950 Local queue size: 0
10/09 09:54:35:969 Local queue size: 0
10/09 09:54:46:055 Local queue size: 0
10/09 09:54:56:060 Local queue size: 0
10/09 09:55:06:066 Local queue size: 0
10/09 09:55:16:099 Local queue size: 0
10/09 09:55:26:106 Local queue size: 0
10/09 09:55:36:183 Local queue size: 0
10/09 09:55:46:188 Local queue size: 0
10/09 09:55:56:195 Local queue size: 0
10/09 09:56:06:200 Local queue size: 0
10/09 09:56:16:203 Local queue size: 0
10/09 09:56:26:205 Local queue size: 0
10/09 09:56:36:296 Local queue size: 0
10/09 09:56:46:312 Local queue size: 0
10/09 09:56:56:323 Local queue size: 0
10/09 09:57:06:351 Local queue size: 0
10/09 09:57:16:425 Local queue size: 0
10/09 09:57:26:430 Local queue size: 0
10/09 09:57:36:432 Local queue size: 0
10/09 09:57:46:440 Local queue size: 0
10/09 09:57:56:507 Local queue size: 0
10/09 09:58:06:535 Local queue size: 0
10/09 09:58:16:544 Local queue size: 0
10/09 09:58:26:559 Local queue size: 0
10/09 09:58:36:573 Local queue size: 0
10/09 09:58:46:605 Local queue size: 0
10/09 09:58:56:618 Local queue size: 0
10/09 09:59:06:628 Local queue size: 0
10/09 09:59:16:653 Local queue size: 0
10/09 09:59:26:689 Local queue size: 0
10/09 09:59:36:787 Local queue size: 0
10/09 09:59:46:796 Local queue size: 0
10/09 09:59:56:812 Local queue size: 0
10/09 10:00:06:818 Local queue size: 0
10/09 10:00:16:838 Local queue size: 0
10/09 10:00:26:934 Local queue size: 0
10/09 10:00:36:941 Local queue size: 0
10/09 10:00:46:947 Local queue size: 0
10/09 10:00:56:950 Local queue size: 0
10/09 10:01:06:955 Local queue size: 0
10/09 10:01:43:750 OSA Callback started
10/09 10:01:46:044 Starting process session
10/09 10:01:46:287 Total 0 instances are started
10/09 10:01:46:289 Total 1 instances are added
10/09 10:01:56:592 Local queue size: 0
10/09 10:02:06:628 Local queue size: 0
10/09 10:02:16:630 Local queue size: 0
10/09 10:02:26:643 Local queue size: 0
10/09 10:02:36:645 Local queue size: 0
10/09 10:02:46:654 Local queue size: 0
10/09 10:02:56:655 Local queue size: 0
10/09 10:03:06:665 Local queue size: 0
10/09 10:03:16:733 Local queue size: 0
10/09 10:03:26:735 Local queue size: 0
10/09 10:03:36:754 Local queue size: 0
10/09 10:03:46:759 Local queue size: 0
10/09 10:03:56:763 Local queue size: 0
10/09 10:04:06:770 Local queue size: 0
10/09 10:04:16:775 Local queue size: 0
10/09 10:04:26:794 Local queue size: 0
10/09 10:04:36:796 Local queue size: 0
10/09 10:04:46:797 Local queue size: 0
10/09 10:04:56:799 Local queue size: 0
10/09 10:05:06:884 Local queue size: 0
10/09 10:05:16:889 Local queue size: 0
10/09 10:05:36:399 OSA Callback started
10/09 10:05:39:883 Starting process session
10/09 10:05:40:043 Total 0 instances are started
10/09 10:05:40:044 Total 1 instances are added
10/09 10:05:50:195 Local queue size: 0
10/09 10:06:00:197 Local queue size: 0
10/09 10:06:10:201 Local queue size: 0
10/09 10:06:20:214 Local queue size: 0
10/09 10:06:30:246 Local queue size: 0
10/09 10:06:40:279 Local queue size: 0
10/09 10:06:50:282 Local queue size: 0
10/09 10:07:00:306 Local queue size: 0
10/09 10:07:10:316 Local queue size: 0
10/09 10:07:20:320 Local queue size: 0
10/09 10:07:30:324 Local queue size: 0
10/09 10:07:40:329 Local queue size: 0
10/09 10:07:50:336 Local queue size: 0
10/09 10:08:00:343 Local queue size: 0
10/09 10:08:10:350 Local queue size: 0
10/09 10:08:20:360 Local queue size: 0
10/09 10:08:30:372 Local queue size: 0
10/09 10:08:40:376 Local queue size: 0
10/09 10:08:50:392 Local queue size: 0
10/09 10:09:00:394 Local queue size: 0
10/09 10:09:10:409 Local queue size: 0
10/09 10:09:20:427 Local queue size: 0
10/09 10:09:30:480 Local queue size: 0
10/09 10:09:40:498 Local queue size: 0
10/09 10:09:50:507 Local queue size: 0
10/09 10:10:00:527 Local queue size: 0
10/09 10:10:10:618 Local queue size: 0
10/09 10:10:20:629 Local queue size: 0
10/09 10:10:30:639 Local queue size: 0
10/09 10:10:40:675 Local queue size: 0
10/09 10:10:50:702 Local queue size: 0
10/09 10:11:00:736 Local queue size: 0
10/09 10:11:10:742 Local queue size: 0
10/09 10:11:20:753 Local queue size: 0
10/09 10:11:30:765 Local queue size: 0
10/09 10:11:40:791 Local queue size: 0
10/09 10:11:50:797 Local queue size: 0
10/09 10:12:00:801 Local queue size: 0
10/09 10:12:10:831 Local queue size: 0
10/09 10:12:20:838 Local queue size: 0
10/09 10:12:30:848 Local queue size: 0
10/09 10:12:40:864 Local queue size: 0
10/09 10:12:50:871 Local queue size: 0
10/09 10:13:00:928 Local queue size: 0
10/09 10:13:10:933 Local queue size: 0
10/09 10:13:20:946 Local queue size: 0
10/09 10:13:30:963 Local queue size: 0
10/09 10:13:41:006 Local queue size: 0
10/09 10:13:51:015 Local queue size: 0
10/09 10:14:01:026 Local queue size: 0
10/09 10:14:11:028 Local queue size: 0
10/09 10:14:21:033 Local queue size: 0
10/09 10:14:31:051 Local queue size: 0
10/09 10:14:41:053 Local queue size: 0
10/09 10:14:51:072 Local queue size: 0
10/09 10:15:01:074 Local queue size: 0
10/09 10:15:11:084 Local queue size: 0
10/09 10:15:21:179 Local queue size: 0
10/09 10:15:31:187 Local queue size: 0
10/09 10:15:41:198 Local queue size: 0
10/09 10:15:51:203 Local queue size: 0
10/09 10:17:07:819 OSA Callback started
10/09 10:17:11:257 Starting process session
10/09 10:17:11:362 Total 0 instances are started
10/09 10:17:11:362 Total 1 instances are added
10/09 10:17:21:567 Local queue size: 0
10/09 10:17:31:569 Local queue size: 0
10/09 10:17:41:573 Local queue size: 0
10/09 10:17:51:633 Local queue size: 0
10/09 10:18:01:657 Local queue size: 0
10/09 10:18:11:674 Local queue size: 0
10/09 10:18:21:676 Local queue size: 0
10/09 10:18:31:683 Local queue size: 0
10/09 10:18:41:688 Local queue size: 0
10/09 10:18:51:691 Local queue size: 0
10/09 10:19:01:694 Local queue size: 0
10/09 10:19:11:701 Local queue size: 0
10/09 10:19:21:711 Local queue size: 0
10/09 10:19:31:789 Local queue size: 0
10/09 10:19:41:795 Local queue size: 0
10/09 10:19:51:798 Local queue size: 0
10/09 10:20:01:815 Local queue size: 0
10/09 10:20:11:829 Local queue size: 0
10/09 10:20:21:839 Local queue size: 0
10/09 10:20:31:850 Local queue size: 0
10/09 10:20:41:853 Local queue size: 0
10/09 10:20:51:861 Local queue size: 0
10/09 10:21:01:862 Local queue size: 0
10/09 10:21:11:864 Local queue size: 0
10/09 10:21:21:871 Local queue size: 0
10/09 10:21:31:879 Local queue size: 0
10/09 10:21:41:880 Local queue size: 0
10/09 10:21:51:894 Local queue size: 0
10/09 10:22:01:900 Local queue size: 0
10/09 10:22:11:939 Local queue size: 0
10/09 10:22:21:944 Local queue size: 0
10/09 10:22:31:971 Local queue size: 0
10/09 10:22:41:980 Local queue size: 0
10/09 10:22:51:981 Local queue size: 0
10/09 10:23:01:988 Local queue size: 0
10/09 10:23:11:990 Local queue size: 0
10/09 10:23:22:020 Local queue size: 0
10/09 10:23:32:064 Local queue size: 0
10/09 10:23:42:084 Local queue size: 0
10/09 10:23:52:088 Local queue size: 0
10/09 10:24:02:101 Local queue size: 0
10/09 10:24:12:105 Local queue size: 0
10/09 10:24:22:107 Local queue size: 0
10/09 10:24:32:116 Local queue size: 0
10/09 10:24:42:126 Local queue size: 0
10/09 10:24:52:153 Local queue size: 0
10/09 10:25:02:177 Local queue size: 0
10/09 10:25:12:184 Local queue size: 0
10/09 10:25:22:252 Local queue size: 0
10/09 10:25:32:254 Local queue size: 0
10/09 10:25:42:263 Local queue size: 0
10/09 10:25:52:271 Local queue size: 0
10/09 10:26:02:278 Local queue size: 0
10/09 10:26:12:280 Local queue size: 0
10/09 10:26:22:292 Local queue size: 0
10/09 10:26:32:296 Local queue size: 0
10/09 10:26:42:298 Local queue size: 0
10/09 10:26:52:333 Local queue size: 0
10/09 10:27:02:340 Local queue size: 0
10/09 10:27:12:351 Local queue size: 0
10/09 10:27:22:364 Local queue size: 0
10/09 10:27:32:411 Local queue size: 0
10/09 10:27:42:434 Local queue size: 0
10/09 10:27:52:443 Local queue size: 0
10/09 10:28:02:457 Local queue size: 0
10/09 10:28:12:465 Local queue size: 0
10/09 10:28:22:517 Local queue size: 0
10/09 10:28:32:523 Local queue size: 0
10/09 10:28:42:548 Local queue size: 0
10/09 10:28:52:550 Local queue size: 0
10/09 10:29:02:566 Local queue size: 0
10/09 10:29:12:623 Local queue size: 0
10/09 10:29:22:633 Local queue size: 0
10/09 10:29:32:648 Local queue size: 0
10/09 10:29:42:670 Local queue size: 0
10/09 10:29:52:765 Local queue size: 0
10/09 10:30:02:777 Local queue size: 0
10/09 10:30:12:797 Local queue size: 0
10/09 10:30:22:807 Local queue size: 0
10/09 10:30:32:813 Local queue size: 0
10/09 10:30:42:815 Local queue size: 0
10/09 10:30:52:829 Local queue size: 0
10/09 10:31:02:843 Local queue size: 0
10/09 10:31:12:845 Local queue size: 0
10/09 10:31:22:895 Local queue size: 0
10/09 10:31:32:903 Local queue size: 0
10/09 10:31:42:943 Local queue size: 0
10/09 10:31:52:956 Local queue size: 0
10/09 10:32:02:975 Local queue size: 0
10/09 10:32:13:036 Local queue size: 0
10/09 10:32:23:040 Local queue size: 0
10/09 10:32:33:061 Local queue size: 0
10/09 10:32:43:071 Local queue size: 0
10/09 10:32:53:086 Local queue size: 0
10/09 10:33:03:164 Local queue size: 0
10/09 10:33:13:174 Local queue size: 0
10/09 10:33:23:194 Local queue size: 0
10/09 10:33:33:196 Local queue size: 0
10/09 10:33:43:211 Local queue size: 0
10/09 10:33:53:231 Local queue size: 0
10/09 10:34:03:246 Local queue size: 0
10/09 10:34:13:248 Local queue size: 0
10/09 10:34:23:260 Local queue size: 0
10/09 10:34:33:331 Local queue size: 0
10/09 10:34:43:335 Local queue size: 0
10/09 10:34:53:354 Local queue size: 0
10/09 10:35:03:355 Local queue size: 0
10/09 10:35:13:360 Local queue size: 0
10/09 10:35:23:373 Local queue size: 0
10/09 10:35:33:446 Local queue size: 0
10/09 10:35:43:461 Local queue size: 0
10/09 10:35:53:463 Local queue size: 0
10/09 10:36:03:539 Local queue size: 0
10/09 10:36:13:555 Local queue size: 0
10/09 10:36:23:569 Local queue size: 0
10/09 10:36:33:576 Local queue size: 0
10/09 10:36:43:655 Local queue size: 0
10/09 10:36:53:664 Local queue size: 0
10/09 10:37:03:665 Local queue size: 0
10/09 10:37:13:694 Local queue size: 0
10/09 10:37:23:774 Local queue size: 0
10/09 10:37:33:779 Local queue size: 0
10/09 10:37:43:828 Local queue size: 0
10/09 10:37:53:833 Local queue size: 0
10/09 10:38:03:841 Local queue size: 0
10/09 10:38:13:845 Local queue size: 0
10/09 10:38:23:871 Local queue size: 0
10/09 10:38:33:965 Local queue size: 0
10/09 10:38:43:985 Local queue size: 0
10/09 10:38:53:996 Local queue size: 0
10/09 10:39:04:006 Local queue size: 0
10/09 10:39:14:017 Local queue size: 0
10/09 10:39:24:027 Local queue size: 0
10/09 10:39:34:029 Local queue size: 0
10/09 10:39:44:042 Local queue size: 0
10/09 10:39:54:051 Local queue size: 0
10/09 10:40:04:075 Local queue size: 0
10/09 10:40:14:094 Local queue size: 0
10/09 10:40:24:110 Local queue size: 0
10/09 10:40:34:111 Local queue size: 0
10/09 10:40:44:113 Local queue size: 0
10/09 10:40:54:114 Local queue size: 0
10/09 10:41:04:116 Local queue size: 0
10/09 10:41:14:127 Local queue size: 0
10/09 10:41:24:128 Local queue size: 0
10/09 10:41:34:136 Local queue size: 0
10/09 10:41:44:140 Local queue size: 0
10/09 10:41:54:142 Local queue size: 0
10/09 10:42:04:145 Local queue size: 0
10/09 10:42:14:147 Local queue size: 0
10/09 10:42:24:149 Local queue size: 0
10/09 10:42:34:155 Local queue size: 0
10/09 10:42:44:168 Local queue size: 0
10/09 10:42:54:215 Local queue size: 0
10/09 10:43:04:243 Local queue size: 0
10/09 10:43:14:244 Local queue size: 0
10/09 10:43:24:264 Local queue size: 0
10/09 10:43:34:279 Local queue size: 0
10/09 10:43:44:284 Local queue size: 0
10/09 10:43:54:318 Local queue size: 0
10/09 10:44:04:335 Local queue size: 0
10/09 10:44:14:359 Local queue size: 0
10/09 10:44:24:369 Local queue size: 0
10/09 10:44:34:420 Local queue size: 0
10/09 10:44:44:434 Local queue size: 0
10/09 10:44:54:448 Local queue size: 0
10/09 10:45:04:453 Local queue size: 0
10/09 10:45:14:464 Local queue size: 0
10/09 10:45:24:564 Local queue size: 0
10/09 10:45:34:573 Local queue size: 0
10/09 10:45:44:586 Local queue size: 0
10/09 10:45:54:589 Local queue size: 0
10/09 10:46:04:623 Local queue size: 0
10/09 10:46:14:641 Local queue size: 0
10/09 10:46:24:650 Local queue size: 0
10/09 10:46:34:663 Local queue size: 0
10/09 10:46:44:669 Local queue size: 0
10/09 10:46:54:734 Local queue size: 0
10/09 10:47:04:742 Local queue size: 0
10/09 10:47:14:751 Local queue size: 0
10/09 10:47:24:762 Local queue size: 0
10/09 10:47:34:764 Local queue size: 0
10/09 10:47:44:819 Local queue size: 0
10/09 10:47:54:824 Local queue size: 0
10/09 10:48:04:830 Local queue size: 0
10/09 10:48:14:863 Local queue size: 0
10/09 10:48:24:934 Local queue size: 0
10/09 10:48:34:954 Local queue size: 0
10/09 10:48:45:000 Local queue size: 0
10/09 10:48:55:015 Local queue size: 0
10/09 10:49:05:021 Local queue size: 0
10/09 10:49:15:050 Local queue size: 0
10/09 10:49:25:063 Local queue size: 0
10/09 10:49:35:087 Local queue size: 0
10/09 10:49:45:174 Local queue size: 0
10/09 10:49:55:192 Local queue size: 0
10/09 10:50:05:254 Local queue size: 0
10/09 10:50:15:268 Local queue size: 0
10/09 10:50:25:291 Local queue size: 0
10/09 10:50:35:365 Local queue size: 0
10/09 10:50:45:378 Local queue size: 0
10/09 10:50:55:384 Local queue size: 0
10/09 10:51:05:385 Local queue size: 0
10/09 10:51:15:460 Local queue size: 0
10/09 10:51:25:472 Local queue size: 0
10/09 10:51:35:474 Local queue size: 0
10/09 10:51:45:482 Local queue size: 0
10/09 10:51:55:483 Local queue size: 0
10/09 10:52:05:562 Local queue size: 0
10/09 10:52:15:585 Local queue size: 0
10/09 10:52:25:589 Local queue size: 0
10/09 10:52:35:599 Local queue size: 0
10/09 10:52:45:699 Local queue size: 0
10/09 10:52:55:750 Local queue size: 0
10/09 10:53:05:762 Local queue size: 0
10/09 10:53:15:773 Local queue size: 0
10/09 10:53:25:776 Local queue size: 0
10/09 10:53:35:787 Local queue size: 0
10/09 10:53:45:823 Local queue size: 0
10/09 10:53:55:826 Local queue size: 0
10/09 10:54:05:832 Local queue size: 0
10/09 10:57:09:069 OSA Callback started
10/09 10:57:11:046 Starting process session
10/09 10:57:11:253 Total 0 instances are started
10/09 10:57:11:255 Total 1 instances are added
10/09 10:57:21:545 Local queue size: 0
10/09 10:57:31:623 Local queue size: 0
10/09 10:57:41:651 Local queue size: 0
10/09 10:57:51:658 Local queue size: 0
10/09 10:58:01:665 Local queue size: 0
10/09 10:58:11:702 Local queue size: 0
10/09 10:58:21:737 Local queue size: 0
10/09 10:58:31:756 Local queue size: 0
10/09 10:58:41:757 Local queue size: 0
10/09 10:58:51:772 Local queue size: 0
10/09 10:59:01:778 Local queue size: 0
10/09 10:59:11:815 Local queue size: 0
10/09 10:59:21:818 Local queue size: 0
10/09 10:59:31:826 Local queue size: 0
10/09 10:59:41:840 Local queue size: 0
10/09 10:59:51:853 Local queue size: 0
10/09 11:00:01:858 Local queue size: 0
10/09 11:00:11:867 Local queue size: 0
10/09 11:00:21:870 Local queue size: 0
10/09 11:00:31:874 Local queue size: 0
10/09 11:00:41:876 Local queue size: 0
10/09 11:00:51:879 Local queue size: 0
10/09 11:01:01:881 Local queue size: 0
10/09 11:01:11:894 Local queue size: 0
10/09 11:01:21:908 Local queue size: 0
10/09 11:01:31:949 Local queue size: 0
10/09 11:01:41:950 Local queue size: 0
10/09 11:01:51:952 Local queue size: 0
10/09 11:02:01:955 Local queue size: 0
10/09 11:02:11:958 Local queue size: 0
10/09 11:02:21:962 Local queue size: 0
10/09 11:02:31:964 Local queue size: 0
10/09 11:02:42:061 Local queue size: 0
10/09 11:02:52:090 Local queue size: 0
10/09 11:03:02:097 Local queue size: 0
10/09 11:03:12:101 Local queue size: 0
10/09 11:03:22:187 Local queue size: 0
10/09 11:03:32:195 Local queue size: 0
10/09 11:03:42:219 Local queue size: 0
10/09 11:03:52:298 Local queue size: 0
10/09 11:04:02:301 Local queue size: 0
10/09 11:04:12:302 Local queue size: 0
10/09 11:04:22:308 Local queue size: 0
10/09 11:04:32:310 Local queue size: 0
10/09 11:04:42:311 Local queue size: 0
10/09 11:04:52:313 Local queue size: 0
10/09 11:05:02:323 Local queue size: 0
10/09 11:05:12:327 Local queue size: 0
10/09 11:05:22:333 Local queue size: 0
10/09 11:05:32:335 Local queue size: 0
10/09 11:05:42:337 Local queue size: 0
10/09 11:05:52:339 Local queue size: 0
10/09 11:06:02:345 Local queue size: 0
10/09 11:06:12:359 Local queue size: 0
10/09 11:06:22:376 Local queue size: 0
10/09 11:06:32:395 Local queue size: 0
10/09 11:06:42:397 Local queue size: 0
10/09 11:06:52:426 Local queue size: 0
10/09 11:07:02:432 Local queue size: 0
10/09 11:07:12:440 Local queue size: 0
10/09 11:07:22:455 Local queue size: 0
10/09 11:07:32:482 Local queue size: 0
10/09 11:07:42:488 Local queue size: 0
10/09 11:07:52:493 Local queue size: 0
10/09 11:08:02:501 Local queue size: 0
10/09 11:08:12:578 Local queue size: 0
10/09 11:08:22:586 Local queue size: 0
10/09 11:08:32:600 Local queue size: 0
10/09 11:08:42:642 Local queue size: 0
10/09 11:08:52:658 Local queue size: 0
10/09 11:09:02:669 Local queue size: 0
10/09 11:09:12:673 Local queue size: 0
10/09 11:09:22:675 Local queue size: 0
10/09 11:09:32:695 Local queue size: 0
10/09 11:09:42:754 Local queue size: 0
10/09 11:09:52:767 Local queue size: 0
10/09 11:10:02:867 Local queue size: 0
10/09 11:10:12:871 Local queue size: 0
10/09 11:10:22:883 Local queue size: 0
10/09 11:10:32:960 Local queue size: 0
10/09 11:10:42:968 Local queue size: 0
10/09 11:10:52:997 Local queue size: 0
10/09 11:11:03:005 Local queue size: 0
10/09 11:11:13:021 Local queue size: 0
10/09 11:11:23:025 Local queue size: 0
10/09 11:11:33:033 Local queue size: 0
10/09 11:11:43:045 Local queue size: 0
10/09 11:11:53:051 Local queue size: 0
10/09 11:12:03:052 Local queue size: 0
10/09 11:12:13:055 Local queue size: 0
10/09 11:12:23:059 Local queue size: 0
10/09 11:12:33:064 Local queue size: 0
10/09 11:12:43:081 Local queue size: 0
10/09 11:12:53:100 Local queue size: 0
10/09 11:13:03:129 Local queue size: 0
10/09 11:13:13:142 Local queue size: 0
10/09 11:13:23:150 Local queue size: 0
10/09 11:13:33:175 Local queue size: 0
10/09 11:13:43:179 Local queue size: 0
10/09 11:13:53:181 Local queue size: 0
10/09 11:14:03:182 Local queue size: 0
10/09 11:14:13:185 Local queue size: 0
10/09 11:14:23:186 Local queue size: 0
10/09 11:14:33:190 Local queue size: 0
10/09 11:14:43:191 Local queue size: 0
10/09 11:14:53:195 Local queue size: 0
10/09 11:15:03:206 Local queue size: 0
10/09 11:15:13:207 Local queue size: 0
10/09 11:15:23:211 Local queue size: 0
10/09 11:15:33:305 Local queue size: 0
10/09 11:15:43:307 Local queue size: 0
10/09 11:15:53:319 Local queue size: 0
10/09 11:16:03:391 Local queue size: 0
10/09 11:16:13:393 Local queue size: 0
10/09 11:16:23:405 Local queue size: 0
10/09 11:16:33:412 Local queue size: 0
10/09 11:16:43:414 Local queue size: 0
10/09 11:16:53:484 Local queue size: 0
10/09 11:17:03:491 Local queue size: 0
10/09 11:17:13:500 Local queue size: 0
10/09 11:17:23:502 Local queue size: 0
10/09 11:17:33:503 Local queue size: 0
10/09 11:17:43:505 Local queue size: 0
10/09 11:17:53:577 Local queue size: 0
10/09 11:18:03:579 Local queue size: 0
10/09 11:18:13:580 Local queue size: 0
10/09 11:18:23:582 Local queue size: 0
10/09 11:18:33:655 Local queue size: 0
10/09 11:18:43:665 Local queue size: 0
10/09 11:18:53:669 Local queue size: 0
10/09 11:19:03:671 Local queue size: 0
10/09 11:19:13:724 Local queue size: 0
10/09 11:19:23:726 Local queue size: 0
10/09 11:19:33:728 Local queue size: 0
10/09 11:19:43:730 Local queue size: 0
10/09 11:19:53:789 Local queue size: 0
10/09 11:20:03:798 Local queue size: 0
10/09 11:20:13:802 Local queue size: 0
10/09 11:20:23:811 Local queue size: 0
10/09 11:20:33:828 Local queue size: 0
10/09 11:20:43:831 Local queue size: 0
10/09 11:20:53:836 Local queue size: 0
10/09 11:21:03:868 Local queue size: 0
10/09 11:21:13:879 Local queue size: 0
10/09 11:21:23:883 Local queue size: 0
10/09 11:21:33:971 Local queue size: 0
10/09 11:21:43:986 Local queue size: 0
10/09 11:21:53:988 Local queue size: 0
10/09 11:22:03:993 Local queue size: 0
10/09 11:22:14:014 Local queue size: 0
10/09 11:22:24:045 Local queue size: 0
10/09 11:22:34:046 Local queue size: 0
10/09 11:22:44:048 Local queue size: 0
10/09 11:22:54:051 Local queue size: 0
10/09 11:23:04:053 Local queue size: 0
10/09 11:23:14:060 Local queue size: 0
10/09 11:23:24:072 Local queue size: 0
10/09 11:23:34:135 Local queue size: 0
10/09 11:23:44:153 Local queue size: 0
10/09 11:23:54:159 Local queue size: 0
10/09 11:24:04:172 Local queue size: 0
10/09 11:24:14:177 Local queue size: 0
10/09 11:24:24:179 Local queue size: 0
10/09 11:24:34:182 Local queue size: 0
10/09 11:24:44:184 Local queue size: 0
10/09 11:24:54:278 Local queue size: 0
10/09 11:25:04:281 Local queue size: 0
10/09 11:25:14:297 Local queue size: 0
10/09 11:25:24:307 Local queue size: 0
10/09 11:25:34:336 Local queue size: 0
10/09 11:25:44:337 Local queue size: 0
10/09 11:25:54:340 Local queue size: 0
10/09 11:26:04:341 Local queue size: 0
10/09 11:26:14:412 Local queue size: 0
10/09 11:26:24:418 Local queue size: 0
10/09 11:26:34:425 Local queue size: 0
10/09 11:26:44:433 Local queue size: 0
10/09 11:26:54:514 Local queue size: 0
10/09 11:27:04:516 Local queue size: 0
10/09 11:27:14:525 Local queue size: 0
10/09 11:27:24:533 Local queue size: 0
10/09 11:27:34:558 Local queue size: 0
10/09 11:27:44:566 Local queue size: 0
10/09 11:27:54:576 Local queue size: 0
10/09 11:28:04:583 Local queue size: 0
10/09 11:28:14:585 Local queue size: 0
10/09 11:28:24:676 Local queue size: 0
10/09 11:28:34:695 Local queue size: 0
10/09 11:28:44:787 Local queue size: 0
10/09 11:28:54:788 Local queue size: 0
10/09 11:29:04:794 Local queue size: 0
10/09 11:29:14:797 Local queue size: 0
10/09 11:29:24:864 Local queue size: 0
10/09 11:29:34:865 Local queue size: 0
10/09 11:29:44:873 Local queue size: 0
10/09 11:29:54:895 Local queue size: 0
10/09 11:30:04:942 Local queue size: 0
10/09 11:30:14:947 Local queue size: 0
10/09 11:30:24:951 Local queue size: 0
10/09 11:30:34:957 Local queue size: 0
10/09 11:30:44:966 Local queue size: 0
10/09 11:30:55:006 Local queue size: 0
10/09 11:31:05:010 Local queue size: 0
10/09 11:31:15:011 Local queue size: 0
10/09 11:31:25:012 Local queue size: 0
10/09 11:31:35:042 Local queue size: 0
10/09 11:31:45:045 Local queue size: 0
10/09 11:31:55:046 Local queue size: 0
10/09 11:32:05:055 Local queue size: 0
10/09 11:32:15:117 Local queue size: 0
10/09 11:32:25:119 Local queue size: 0
10/09 11:32:35:122 Local queue size: 0
10/09 11:32:45:124 Local queue size: 0
10/09 11:32:55:182 Local queue size: 0
10/09 11:33:05:189 Local queue size: 0
10/09 11:33:15:192 Local queue size: 0
10/09 11:33:25:197 Local queue size: 0
10/09 11:33:35:203 Local queue size: 0
10/09 11:33:45:205 Local queue size: 0
10/09 11:33:55:208 Local queue size: 0
10/09 11:34:05:218 Local queue size: 0
10/09 11:34:15:230 Local queue size: 0
10/09 11:34:25:252 Local queue size: 0
10/09 11:34:35:264 Local queue size: 0
10/09 11:34:45:270 Local queue size: 0
10/09 11:34:55:286 Local queue size: 0
10/09 11:35:05:293 Local queue size: 0
10/09 11:35:15:334 Local queue size: 0
10/09 11:35:25:353 Local queue size: 0
10/09 11:35:35:428 Local queue size: 0
10/09 11:35:45:430 Local queue size: 0
10/09 11:35:55:431 Local queue size: 0
10/09 11:36:05:446 Local queue size: 0
10/09 11:36:15:485 Local queue size: 0
10/09 11:36:25:502 Local queue size: 0
10/09 11:36:35:551 Local queue size: 0
10/09 11:36:45:561 Local queue size: 0
10/09 11:36:55:564 Local queue size: 0
10/09 11:37:05:569 Local queue size: 0
10/09 11:37:15:573 Local queue size: 0
10/09 11:37:25:581 Local queue size: 0
10/09 11:37:35:585 Local queue size: 0
10/09 11:37:45:595 Local queue size: 0
10/09 11:37:55:599 Local queue size: 0
10/09 11:38:05:604 Local queue size: 0
10/09 11:38:15:605 Local queue size: 0
10/09 11:38:25:607 Local queue size: 0
10/09 11:38:35:608 Local queue size: 0
10/09 11:38:45:610 Local queue size: 0
10/09 11:38:55:615 Local queue size: 0
10/09 11:39:05:616 Local queue size: 0
10/09 11:39:15:627 Local queue size: 0
10/09 11:39:25:628 Local queue size: 0
10/09 11:39:35:644 Local queue size: 0
10/09 11:39:45:649 Local queue size: 0
10/09 11:39:55:654 Local queue size: 0
10/09 11:40:05:656 Local queue size: 0
10/09 11:40:15:657 Local queue size: 0
10/09 11:40:25:661 Local queue size: 0
10/09 11:40:35:674 Local queue size: 0
10/09 11:40:45:675 Local queue size: 0
10/09 11:40:55:681 Local queue size: 0
10/09 11:41:05:776 Local queue size: 0
10/09 11:41:15:782 Local queue size: 0
10/09 11:41:25:792 Local queue size: 0
10/09 11:41:35:805 Local queue size: 0
10/09 11:41:45:808 Local queue size: 0
10/09 11:41:55:860 Local queue size: 0
10/09 11:42:05:867 Local queue size: 0
10/09 11:42:15:884 Local queue size: 0
10/09 11:42:25:895 Local queue size: 0
10/09 11:42:35:898 Local queue size: 0
10/09 11:42:45:923 Local queue size: 0
10/09 11:42:56:023 Local queue size: 0
10/09 11:43:06:030 Local queue size: 0
10/09 11:43:16:031 Local queue size: 0
10/09 11:43:26:039 Local queue size: 0
10/09 11:43:36:115 Local queue size: 0
10/09 11:43:46:123 Local queue size: 0
10/09 11:43:56:125 Local queue size: 0
10/09 11:44:06:126 Local queue size: 0
10/09 11:44:16:133 Local queue size: 0
10/09 11:44:26:217 Local queue size: 0
10/09 11:44:36:228 Local queue size: 0
10/09 11:44:46:234 Local queue size: 0
10/09 11:44:56:246 Local queue size: 0
10/09 11:45:06:248 Local queue size: 0
10/09 11:45:16:250 Local queue size: 0
10/09 11:45:26:332 Local queue size: 0
10/09 11:45:36:341 Local queue size: 0
10/09 11:45:46:349 Local queue size: 0
10/09 11:45:56:351 Local queue size: 0
10/09 11:46:06:370 Local queue size: 0
10/09 11:46:16:380 Local queue size: 0
10/09 11:46:26:389 Local queue size: 0
10/09 11:46:36:398 Local queue size: 0
10/09 11:46:46:401 Local queue size: 0
10/09 11:46:56:408 Local queue size: 0
10/09 11:47:06:477 Local queue size: 0
10/09 11:47:16:482 Local queue size: 0
10/09 11:47:26:485 Local queue size: 0
10/09 11:47:36:579 Local queue size: 0
10/09 11:47:46:593 Local queue size: 0
10/09 11:47:56:600 Local queue size: 0
10/09 11:48:06:616 Local queue size: 0
10/09 11:48:16:687 Local queue size: 0
10/09 11:48:26:688 Local queue size: 0
10/09 11:48:36:701 Local queue size: 0
10/09 11:48:46:708 Local queue size: 0
10/09 11:48:56:728 Local queue size: 0
10/09 11:49:06:734 Local queue size: 0
10/09 11:49:16:744 Local queue size: 0
10/09 11:49:26:747 Local queue size: 0
10/09 11:49:36:748 Local queue size: 0
10/09 11:49:46:750 Local queue size: 0
10/09 11:49:56:838 Local queue size: 0
10/09 11:50:06:843 Local queue size: 0
10/09 11:50:16:844 Local queue size: 0
10/09 11:50:26:854 Local queue size: 0
10/09 11:50:36:856 Local queue size: 0
10/09 11:50:46:911 Local queue size: 0
10/09 11:50:56:918 Local queue size: 0
10/09 11:51:06:924 Local queue size: 0
10/09 11:51:16:930 Local queue size: 0
10/09 11:51:26:933 Local queue size: 0
10/09 11:51:36:935 Local queue size: 0
10/09 11:51:46:936 Local queue size: 0
10/09 11:51:56:937 Local queue size: 0
10/09 11:52:06:939 Local queue size: 0
10/09 11:52:16:944 Local queue size: 0
10/09 11:52:26:949 Local queue size: 0
10/09 11:52:36:954 Local queue size: 0
10/09 11:52:46:956 Local queue size: 0
10/09 11:52:56:958 Local queue size: 0
10/09 11:53:06:962 Local queue size: 0
10/09 11:53:16:964 Local queue size: 0
10/09 11:53:26:966 Local queue size: 0
10/09 11:53:36:976 Local queue size: 0
10/09 11:53:47:075 Local queue size: 0
10/09 11:53:57:084 Local queue size: 0
10/09 11:54:07:086 Local queue size: 0
10/09 11:54:17:089 Local queue size: 0
10/09 11:54:27:091 Local queue size: 0
10/09 11:54:37:092 Local queue size: 0
10/09 11:54:47:096 Local queue size: 0
10/09 11:54:57:100 Local queue size: 0
10/09 11:55:07:112 Local queue size: 0
10/09 11:55:17:120 Local queue size: 0
10/09 11:55:27:130 Local queue size: 0
10/09 11:55:37:138 Local queue size: 0
10/09 11:55:47:140 Local queue size: 0
10/09 11:55:57:181 Local queue size: 0
10/09 11:56:07:184 Local queue size: 0
10/09 11:56:17:188 Local queue size: 0
10/09 11:56:27:196 Local queue size: 0
10/09 11:56:37:204 Local queue size: 0
10/09 11:56:47:266 Local queue size: 0
10/09 11:56:57:280 Local queue size: 0
10/09 11:57:07:286 Local queue size: 0
10/09 11:57:17:308 Local queue size: 0
10/09 11:57:27:367 Local queue size: 0
10/09 11:57:37:373 Local queue size: 0
10/09 11:57:47:374 Local queue size: 0
10/09 11:57:57:395 Local queue size: 0
10/09 11:58:07:398 Local queue size: 0
10/09 11:58:17:490 Local queue size: 0
10/09 11:58:27:497 Local queue size: 0
10/09 11:58:37:498 Local queue size: 0
10/09 11:58:47:516 Local queue size: 0
10/09 11:58:57:543 Local queue size: 0
10/09 11:59:07:545 Local queue size: 0
10/09 11:59:17:547 Local queue size: 0
10/09 11:59:27:553 Local queue size: 0
10/09 11:59:37:556 Local queue size: 0
10/09 11:59:47:654 Local queue size: 0
10/09 11:59:57:656 Local queue size: 0
10/09 12:00:07:657 Local queue size: 0
10/09 12:00:17:691 Local queue size: 0
10/09 12:00:27:694 Local queue size: 0
10/09 12:00:37:709 Local queue size: 0
10/09 12:00:47:711 Local queue size: 0
10/09 12:00:57:720 Local queue size: 0
10/09 12:01:07:736 Local queue size: 0
10/09 12:01:17:748 Local queue size: 0
10/09 12:01:27:777 Local queue size: 0
10/09 12:01:37:789 Local queue size: 0
10/09 12:01:47:802 Local queue size: 0
10/09 12:01:57:902 Local queue size: 0
10/09 12:02:07:903 Local queue size: 0
10/09 12:02:17:905 Local queue size: 0
10/09 12:02:27:913 Local queue size: 0
10/09 12:02:37:980 Local queue size: 0
10/09 12:02:47:986 Local queue size: 0
10/09 12:02:57:997 Local queue size: 0
10/09 12:03:08:004 Local queue size: 0
10/09 12:03:18:011 Local queue size: 0
10/09 12:03:28:100 Local queue size: 0
10/09 12:03:38:103 Local queue size: 0
10/09 12:03:48:125 Local queue size: 0
10/09 12:03:58:142 Local queue size: 0
10/09 12:04:08:163 Local queue size: 0
10/09 12:04:18:212 Local queue size: 0
10/09 12:04:28:222 Local queue size: 0
10/09 12:04:38:224 Local queue size: 0
10/09 12:04:48:229 Local queue size: 0
10/09 12:04:58:248 Local queue size: 0
10/09 12:05:08:295 Local queue size: 0
10/09 12:05:18:304 Local queue size: 0
10/09 12:05:28:306 Local queue size: 0
10/09 12:05:38:308 Local queue size: 0
10/09 12:05:48:309 Local queue size: 0
10/09 12:05:58:354 Local queue size: 0
10/09 12:06:08:364 Local queue size: 0
10/09 12:06:18:373 Local queue size: 0
10/09 12:06:28:433 Local queue size: 0
10/09 12:06:38:446 Local queue size: 0
10/09 12:06:48:461 Local queue size: 0
10/09 12:06:58:464 Local queue size: 0
10/09 12:07:08:480 Local queue size: 0
10/09 12:07:18:497 Local queue size: 0
10/09 12:07:28:503 Local queue size: 0
10/09 12:07:38:507 Local queue size: 0
10/09 12:07:48:529 Local queue size: 0
10/09 12:07:58:554 Local queue size: 0
10/09 12:08:08:578 Local queue size: 0
10/09 12:08:18:608 Local queue size: 0
10/09 12:08:28:617 Local queue size: 0
10/09 12:08:38:620 Local queue size: 0
10/09 12:08:48:679 Local queue size: 0
10/09 12:09:21:366 OSA Callback started
10/09 12:09:22:249 Starting process session
10/09 12:09:22:374 Total 0 instances are started
10/09 12:09:22:375 Total 1 instances are added
10/09 12:09:32:544 Local queue size: 0
10/09 12:09:42:546 Local queue size: 0
10/09 12:09:52:561 Local queue size: 0
10/09 12:10:02:626 Local queue size: 0
10/09 12:10:12:628 Local queue size: 0
10/09 12:10:22:633 Local queue size: 0
10/09 12:10:32:635 Local queue size: 0
10/09 12:10:42:641 Local queue size: 0
10/09 12:10:52:643 Local queue size: 0
10/09 12:11:02:660 Local queue size: 0
10/09 12:11:12:729 Local queue size: 0
10/09 12:11:22:731 Local queue size: 0
10/09 12:11:32:733 Local queue size: 0
10/09 12:11:42:736 Local queue size: 0
10/09 12:11:52:738 Local queue size: 0
10/09 12:12:02:749 Local queue size: 0
10/09 12:12:12:754 Local queue size: 0
10/09 12:12:22:755 Local queue size: 0
10/09 12:12:32:757 Local queue size: 0
10/09 12:12:42:760 Local queue size: 0
10/09 12:12:52:764 Local queue size: 0
10/09 12:13:02:767 Local queue size: 0
10/09 12:13:12:769 Local queue size: 0
10/09 12:13:22:779 Local queue size: 0
10/09 12:13:32:781 Local queue size: 0
10/09 12:13:42:790 Local queue size: 0
10/09 12:13:52:792 Local queue size: 0
10/09 12:14:02:796 Local queue size: 0
10/09 12:14:12:805 Local queue size: 0
10/09 12:14:22:807 Local queue size: 0
10/09 12:14:32:809 Local queue size: 0
10/09 12:14:42:812 Local queue size: 0
10/09 12:14:52:819 Local queue size: 0
10/09 12:15:02:831 Local queue size: 0
10/09 12:15:12:835 Local queue size: 0
10/09 12:15:22:849 Local queue size: 0
10/09 12:15:32:850 Local queue size: 0
10/09 12:15:42:855 Local queue size: 0
10/09 12:15:52:857 Local queue size: 0
10/09 12:16:02:865 Local queue size: 0
10/09 12:16:12:895 Local queue size: 0
10/09 12:16:22:897 Local queue size: 0
10/09 12:16:32:900 Local queue size: 0
10/09 12:16:42:946 Local queue size: 0
10/09 12:16:52:948 Local queue size: 0
10/09 12:17:02:951 Local queue size: 0
10/09 12:17:12:961 Local queue size: 0
10/09 12:17:22:963 Local queue size: 0
10/09 12:17:33:005 Local queue size: 0
10/09 12:17:43:007 Local queue size: 0
10/09 12:17:53:008 Local queue size: 0
10/09 12:18:03:012 Local queue size: 0
10/09 12:18:13:020 Local queue size: 0
10/09 12:18:23:045 Local queue size: 0
10/09 12:18:33:083 Local queue size: 0
10/09 12:18:43:093 Local queue size: 0
10/09 12:18:53:099 Local queue size: 0
10/09 12:19:03:111 Local queue size: 0
10/09 12:19:13:165 Local queue size: 0
10/09 12:19:23:175 Local queue size: 0
10/09 12:19:33:177 Local queue size: 0
10/09 12:19:43:179 Local queue size: 0
10/09 12:19:53:181 Local queue size: 0
10/09 12:20:03:190 Local queue size: 0
10/09 12:20:13:199 Local queue size: 0
10/09 12:20:23:209 Local queue size: 0
10/09 12:20:33:215 Local queue size: 0
10/09 12:20:43:224 Local queue size: 0
10/09 12:20:53:285 Local queue size: 0
10/09 12:21:03:301 Local queue size: 0
10/09 12:21:13:307 Local queue size: 0
10/09 12:21:23:310 Local queue size: 0
10/09 12:21:33:324 Local queue size: 0
10/09 12:21:43:373 Local queue size: 0
10/09 12:21:53:380 Local queue size: 0
10/09 12:22:03:387 Local queue size: 0
10/09 12:22:13:389 Local queue size: 0
10/09 12:22:23:406 Local queue size: 0
10/09 12:22:33:416 Local queue size: 0
10/09 12:22:43:422 Local queue size: 0
10/09 12:22:53:426 Local queue size: 0
10/09 12:23:03:428 Local queue size: 0
10/09 12:23:13:430 Local queue size: 0
10/09 12:23:23:433 Local queue size: 0
10/09 12:23:33:436 Local queue size: 0
10/09 12:23:43:439 Local queue size: 0
10/09 12:23:53:443 Local queue size: 0
10/09 12:24:03:448 Local queue size: 0
10/09 12:24:13:450 Local queue size: 0
10/09 12:24:23:452 Local queue size: 0
10/09 12:24:33:593 Local queue size: 0
10/09 12:24:43:606 Local queue size: 0
10/09 12:24:53:621 Local queue size: 0
10/09 12:25:03:625 Local queue size: 0
10/09 12:25:13:626 Local queue size: 0
10/09 12:25:23:634 Local queue size: 0
10/09 12:25:33:641 Local queue size: 0
10/09 12:25:43:647 Local queue size: 0
10/09 12:25:53:651 Local queue size: 0
10/09 12:26:03:652 Local queue size: 0
10/09 12:26:13:654 Local queue size: 0
10/09 12:26:23:655 Local queue size: 0
10/09 12:26:33:660 Local queue size: 0
10/09 12:26:43:670 Local queue size: 0
10/09 12:26:53:672 Local queue size: 0
10/09 12:27:03:678 Local queue size: 0
10/09 12:27:13:687 Local queue size: 0
10/09 12:27:23:689 Local queue size: 0
10/09 12:27:33:764 Local queue size: 0
10/09 12:27:43:768 Local queue size: 0
10/09 12:27:53:770 Local queue size: 0
10/09 12:28:03:771 Local queue size: 0
10/09 12:28:13:833 Local queue size: 0
10/09 12:28:23:843 Local queue size: 0
10/09 12:28:33:854 Local queue size: 0
10/09 12:28:43:857 Local queue size: 0
10/09 12:28:53:871 Local queue size: 0
10/09 12:29:03:891 Local queue size: 0
10/09 12:29:13:894 Local queue size: 0
10/09 12:29:23:905 Local queue size: 0
10/09 12:29:33:924 Local queue size: 0
10/09 12:29:43:936 Local queue size: 0
10/09 12:29:53:951 Local queue size: 0
10/09 12:30:03:953 Local queue size: 0
10/09 12:30:13:972 Local queue size: 0
10/09 12:30:23:976 Local queue size: 0
10/09 12:30:33:980 Local queue size: 0
10/09 12:30:44:052 Local queue size: 0
10/09 12:30:54:055 Local queue size: 0
10/09 12:31:04:074 Local queue size: 0
10/09 12:31:14:112 Local queue size: 0
10/09 12:31:24:117 Local queue size: 0
10/09 12:31:34:184 Local queue size: 0
10/09 12:31:44:197 Local queue size: 0
10/09 12:31:54:199 Local queue size: 0
10/09 12:32:04:202 Local queue size: 0
10/09 12:32:14:207 Local queue size: 0
10/09 12:32:24:292 Local queue size: 0
10/09 12:32:34:307 Local queue size: 0
10/09 12:32:44:314 Local queue size: 0
10/09 12:32:54:319 Local queue size: 0
10/09 12:33:04:323 Local queue size: 0
10/09 12:33:14:378 Local queue size: 0
10/09 12:33:24:402 Local queue size: 0
10/09 12:33:34:419 Local queue size: 0
10/09 12:33:44:426 Local queue size: 0
10/09 12:33:54:427 Local queue size: 0
10/09 12:34:04:460 Local queue size: 0
10/09 12:34:14:465 Local queue size: 0
10/09 12:34:24:478 Local queue size: 0
10/09 12:34:34:483 Local queue size: 0
10/09 12:34:44:492 Local queue size: 0
10/09 12:34:54:504 Local queue size: 0
10/09 12:35:04:524 Local queue size: 0
10/09 12:35:14:535 Local queue size: 0
10/09 12:35:24:540 Local queue size: 0
10/09 12:35:34:545 Local queue size: 0
10/09 12:35:44:548 Local queue size: 0
10/09 12:35:54:551 Local queue size: 0
10/09 12:36:04:553 Local queue size: 0
10/09 12:36:14:556 Local queue size: 0
10/09 12:36:24:564 Local queue size: 0
10/09 12:36:34:566 Local queue size: 0
10/09 12:36:44:589 Local queue size: 0
10/09 12:36:54:598 Local queue size: 0
10/09 12:37:04:618 Local queue size: 0
10/09 12:37:14:626 Local queue size: 0
10/09 12:37:24:644 Local queue size: 0
10/09 12:37:34:649 Local queue size: 0
10/09 12:37:44:651 Local queue size: 0
10/09 12:37:54:653 Local queue size: 0
10/09 12:38:04:655 Local queue size: 0
10/09 12:38:14:663 Local queue size: 0
10/09 12:38:24:718 Local queue size: 0
10/09 12:38:34:726 Local queue size: 0
10/09 12:38:44:751 Local queue size: 0
10/09 12:38:54:758 Local queue size: 0
10/09 12:39:04:768 Local queue size: 0
10/09 12:39:14:811 Local queue size: 0
10/09 12:39:24:853 Local queue size: 0
10/09 12:39:34:854 Local queue size: 0
10/09 12:39:44:868 Local queue size: 0
10/09 12:39:54:870 Local queue size: 0
10/09 12:40:04:899 Local queue size: 0
10/09 12:40:14:906 Local queue size: 0
10/09 12:40:24:916 Local queue size: 0
10/09 12:40:34:917 Local queue size: 0
10/09 12:40:45:016 Local queue size: 0
10/09 12:40:55:017 Local queue size: 0
10/09 12:41:05:027 Local queue size: 0
10/09 12:41:15:032 Local queue size: 0
10/09 12:41:25:036 Local queue size: 0
10/09 14:34:43:875 OSA Callback started
10/09 14:34:46:240 Starting process session
10/09 14:34:46:600 Total 0 instances are started
10/09 14:34:46:604 Total 1 instances are added
10/09 14:34:56:796 Local queue size: 0
10/09 14:35:06:896 Local queue size: 0
10/09 14:35:16:928 Local queue size: 0
10/09 14:35:26:942 Local queue size: 0
10/09 14:35:36:952 Local queue size: 0
10/09 14:35:46:976 Local queue size: 0
10/09 14:35:56:986 Local queue size: 0
10/09 14:36:06:993 Local queue size: 0
10/09 14:36:16:994 Local queue size: 0
10/09 14:36:27:048 Local queue size: 0
10/09 14:36:37:056 Local queue size: 0
10/09 14:36:47:058 Local queue size: 0
10/09 14:36:57:059 Local queue size: 0
10/09 14:37:07:085 Local queue size: 0
10/09 14:37:17:087 Local queue size: 0
10/09 14:37:27:090 Local queue size: 0
10/09 14:37:37:097 Local queue size: 0
10/09 14:37:47:104 Local queue size: 0
10/09 14:37:57:186 Local queue size: 0
10/09 14:38:07:198 Local queue size: 0
10/09 14:38:17:201 Local queue size: 0
10/09 14:38:27:203 Local queue size: 0
10/09 14:38:37:236 Local queue size: 0
10/09 14:38:47:238 Local queue size: 0
10/09 14:38:57:239 Local queue size: 0
10/09 14:39:07:243 Local queue size: 0
10/09 14:39:17:315 Local queue size: 0
10/09 14:39:27:319 Local queue size: 0
10/09 14:39:37:324 Local queue size: 0
10/09 14:39:47:338 Local queue size: 0
10/09 14:39:57:346 Local queue size: 0
10/09 14:40:07:391 Local queue size: 0
10/09 14:40:17:393 Local queue size: 0
10/09 14:40:27:394 Local queue size: 0
10/09 14:40:37:398 Local queue size: 0
10/09 14:40:47:466 Local queue size: 0
10/09 14:40:57:472 Local queue size: 0
10/09 14:41:07:479 Local queue size: 0
10/09 14:41:17:519 Local queue size: 0
10/09 14:41:27:527 Local queue size: 0
10/09 14:41:37:532 Local queue size: 0
10/09 14:41:47:534 Local queue size: 0
10/09 14:41:57:574 Local queue size: 0
10/09 14:42:07:575 Local queue size: 0
10/09 14:42:17:580 Local queue size: 0
10/09 14:42:27:589 Local queue size: 0
10/09 14:42:37:593 Local queue size: 0
10/09 14:42:47:675 Local queue size: 0
10/09 14:42:57:676 Local queue size: 0
10/09 14:43:07:697 Local queue size: 0
10/09 14:43:17:700 Local queue size: 0
10/09 14:43:27:784 Local queue size: 0
10/09 14:43:37:793 Local queue size: 0
10/09 14:43:47:795 Local queue size: 0
10/09 14:43:57:799 Local queue size: 0
10/09 14:44:07:800 Local queue size: 0
10/09 14:44:17:833 Local queue size: 0
10/09 14:44:27:844 Local queue size: 0
10/09 14:44:37:846 Local queue size: 0
10/09 14:44:47:848 Local queue size: 0
10/09 14:44:57:929 Local queue size: 0
10/09 14:45:07:940 Local queue size: 0
10/09 14:45:17:941 Local queue size: 0
10/09 14:45:27:944 Local queue size: 0
10/09 14:45:37:974 Local queue size: 0
10/09 14:45:47:976 Local queue size: 0
10/09 14:45:57:989 Local queue size: 0
10/09 14:46:07:991 Local queue size: 0
10/09 14:46:17:994 Local queue size: 0
10/09 14:46:27:995 Local queue size: 0
10/09 14:46:38:003 Local queue size: 0
10/09 14:46:48:004 Local queue size: 0
10/09 14:46:58:013 Local queue size: 0
10/09 14:47:08:090 Local queue size: 0
10/09 14:47:18:099 Local queue size: 0
10/09 14:47:28:102 Local queue size: 0
10/09 14:47:38:200 Local queue size: 0
10/09 14:47:48:209 Local queue size: 0
10/09 14:47:58:214 Local queue size: 0
10/09 14:48:08:223 Local queue size: 0
10/09 14:48:18:224 Local queue size: 0
10/09 14:48:28:282 Local queue size: 0
10/09 14:48:38:284 Local queue size: 0
10/09 14:48:48:287 Local queue size: 0
10/09 14:48:58:311 Local queue size: 0
10/09 14:49:08:314 Local queue size: 0
10/09 14:49:18:368 Local queue size: 0
10/09 14:49:28:380 Local queue size: 0
10/09 14:49:38:386 Local queue size: 0
10/09 14:49:48:402 Local queue size: 0
10/09 14:49:58:451 Local queue size: 0
10/09 14:50:08:457 Local queue size: 0
10/09 14:50:18:463 Local queue size: 0
10/09 14:50:28:465 Local queue size: 0
10/09 14:50:38:468 Local queue size: 0
10/09 14:50:48:552 Local queue size: 0
10/09 14:50:58:559 Local queue size: 0
10/09 14:51:08:569 Local queue size: 0
10/09 14:51:18:577 Local queue size: 0
10/09 14:51:28:588 Local queue size: 0
10/09 14:51:38:593 Local queue size: 0
10/09 14:51:48:613 Local queue size: 0
10/09 14:51:58:623 Local queue size: 0
10/09 14:52:08:635 Local queue size: 0
10/09 14:52:18:722 Local queue size: 0
10/09 14:52:28:755 Local queue size: 0
10/09 14:52:38:757 Local queue size: 0
10/09 14:52:48:758 Local queue size: 0
10/09 14:52:58:786 Local queue size: 0
10/09 14:53:08:789 Local queue size: 0
10/09 14:53:18:792 Local queue size: 0
10/09 14:53:28:811 Local queue size: 0
10/09 14:53:38:835 Local queue size: 0
10/09 14:53:48:855 Local queue size: 0
10/09 14:53:58:868 Local queue size: 0
10/09 14:54:08:874 Local queue size: 0
10/09 14:54:18:886 Local queue size: 0
10/09 14:54:28:902 Local queue size: 0
10/09 14:54:38:909 Local queue size: 0
10/09 14:54:48:919 Local queue size: 0
10/09 14:54:58:926 Local queue size: 0
10/09 14:55:08:948 Local queue size: 0
10/09 14:55:19:041 Local queue size: 0
10/09 14:55:29:045 Local queue size: 0
10/09 14:55:39:048 Local queue size: 0
10/09 14:55:49:049 Local queue size: 0
10/09 14:55:59:053 Local queue size: 0
10/09 14:56:09:096 Local queue size: 0
10/09 14:56:19:104 Local queue size: 0
10/09 14:56:29:109 Local queue size: 0
10/09 14:56:39:121 Local queue size: 0
10/09 14:56:49:141 Local queue size: 0
10/09 14:56:59:148 Local queue size: 0
10/09 14:57:09:158 Local queue size: 0
10/09 14:57:19:161 Local queue size: 0
10/09 14:57:29:170 Local queue size: 0
10/09 14:57:39:193 Local queue size: 0
10/09 14:57:49:197 Local queue size: 0
10/09 14:57:59:200 Local queue size: 0
10/09 14:58:09:222 Local queue size: 0
10/09 14:58:19:224 Local queue size: 0
10/09 14:58:29:226 Local queue size: 0
10/09 14:58:39:231 Local queue size: 0
10/09 14:58:49:236 Local queue size: 0
10/09 14:58:59:241 Local queue size: 0
10/09 14:59:09:252 Local queue size: 0
10/09 14:59:19:256 Local queue size: 0
10/09 14:59:29:260 Local queue size: 0
10/09 14:59:39:262 Local queue size: 0
10/09 14:59:49:273 Local queue size: 0
10/09 14:59:59:284 Local queue size: 0
10/09 15:00:09:285 Local queue size: 0
10/09 15:00:19:289 Local queue size: 0
10/09 15:00:29:297 Local queue size: 0
10/09 15:00:39:299 Local queue size: 0
10/09 15:00:49:311 Local queue size: 0
10/09 15:00:59:313 Local queue size: 0
10/09 15:01:09:326 Local queue size: 0
10/09 15:01:19:330 Local queue size: 0
10/09 15:01:29:345 Local queue size: 0
10/09 15:01:39:406 Local queue size: 0
10/09 15:01:49:408 Local queue size: 0
10/09 15:01:59:423 Local queue size: 0
10/09 15:02:09:430 Local queue size: 0
10/09 15:02:19:435 Local queue size: 0
10/09 15:02:29:439 Local queue size: 0
10/09 15:02:39:449 Local queue size: 0
10/09 15:02:49:459 Local queue size: 0
10/09 15:02:59:461 Local queue size: 0
10/09 15:03:09:463 Local queue size: 0
10/09 15:03:19:471 Local queue size: 0
10/09 15:03:29:480 Local queue size: 0
10/09 15:03:39:548 Local queue size: 0
10/09 15:03:49:556 Local queue size: 0
10/09 15:03:59:562 Local queue size: 0
10/09 15:04:09:569 Local queue size: 0
10/09 15:04:19:570 Local queue size: 0
10/09 15:04:29:573 Local queue size: 0
10/09 15:04:39:629 Local queue size: 0
10/09 15:04:49:635 Local queue size: 0
10/09 15:04:59:638 Local queue size: 0
10/09 15:05:09:661 Local queue size: 0
10/09 15:05:19:663 Local queue size: 0
10/09 15:05:29:664 Local queue size: 0
10/09 15:05:39:685 Local queue size: 0
10/09 15:05:49:693 Local queue size: 0
10/09 15:05:59:694 Local queue size: 0
10/09 15:06:09:703 Local queue size: 0
10/09 15:06:19:706 Local queue size: 0
10/09 15:06:29:737 Local queue size: 0
10/09 15:06:39:753 Local queue size: 0
10/09 15:06:49:758 Local queue size: 0
10/09 15:06:59:763 Local queue size: 0
10/09 15:07:09:768 Local queue size: 0
10/09 15:07:19:786 Local queue size: 0
10/09 15:07:29:865 Local queue size: 0
10/09 15:07:39:867 Local queue size: 0
10/09 15:07:49:868 Local queue size: 0
10/09 15:07:59:886 Local queue size: 0
10/09 15:08:09:888 Local queue size: 0
10/09 15:08:19:889 Local queue size: 0
10/09 15:08:29:975 Local queue size: 0
10/09 15:08:39:983 Local queue size: 0
10/09 15:08:49:992 Local queue size: 0
10/09 15:08:59:997 Local queue size: 0
10/09 15:09:09:999 Local queue size: 0
10/09 15:09:20:086 Local queue size: 0
10/09 15:09:30:120 Local queue size: 0
10/09 15:09:40:134 Local queue size: 0
10/09 15:09:50:140 Local queue size: 0
10/09 15:10:00:150 Local queue size: 0
10/09 15:10:10:151 Local queue size: 0
10/09 15:10:20:164 Local queue size: 0
10/09 15:10:30:259 Local queue size: 0
10/09 15:10:40:265 Local queue size: 0
10/09 15:10:50:273 Local queue size: 0
10/09 15:11:00:283 Local queue size: 0
10/09 15:11:10:285 Local queue size: 0
10/09 15:11:20:291 Local queue size: 0
10/09 15:11:30:323 Local queue size: 0
10/09 15:11:40:331 Local queue size: 0
10/09 15:11:50:333 Local queue size: 0
10/09 15:12:00:345 Local queue size: 0
10/09 15:12:10:346 Local queue size: 0
10/09 15:12:20:389 Local queue size: 0
10/09 15:12:30:391 Local queue size: 0
10/09 15:12:40:399 Local queue size: 0
10/09 15:12:50:402 Local queue size: 0
10/09 15:13:00:416 Local queue size: 0
10/09 15:13:10:460 Local queue size: 0
10/09 15:13:20:468 Local queue size: 0
10/09 15:13:30:476 Local queue size: 0
10/09 15:13:40:485 Local queue size: 0
10/09 15:13:50:487 Local queue size: 0
10/09 15:14:00:489 Local queue size: 0
10/09 15:14:10:521 Local queue size: 0
10/09 15:14:20:528 Local queue size: 0
10/09 15:14:30:531 Local queue size: 0
10/09 15:14:40:534 Local queue size: 0
10/09 15:14:50:544 Local queue size: 0
10/09 15:15:00:557 Local queue size: 0
10/09 15:15:10:631 Local queue size: 0
10/09 15:15:20:633 Local queue size: 0
10/09 15:15:30:636 Local queue size: 0
10/09 15:15:40:637 Local queue size: 0
10/09 15:15:50:646 Local queue size: 0
10/09 15:16:00:649 Local queue size: 0
10/09 15:16:10:694 Local queue size: 0
10/09 15:16:20:703 Local queue size: 0
10/09 15:16:30:708 Local queue size: 0
10/09 15:16:40:717 Local queue size: 0
10/09 15:16:50:721 Local queue size: 0
10/09 15:17:00:802 Local queue size: 0
10/09 15:17:10:826 Local queue size: 0
10/09 15:17:20:830 Local queue size: 0
10/09 15:17:30:839 Local queue size: 0
10/09 15:17:40:850 Local queue size: 0
10/09 15:17:50:854 Local queue size: 0
10/09 15:18:00:855 Local queue size: 0
10/09 15:18:10:875 Local queue size: 0
10/09 15:18:20:884 Local queue size: 0
10/09 15:18:30:888 Local queue size: 0
10/09 15:18:40:892 Local queue size: 0
10/09 15:18:50:932 Local queue size: 0
10/09 15:19:00:933 Local queue size: 0
10/09 15:19:10:942 Local queue size: 0
10/09 15:19:20:954 Local queue size: 0
10/09 15:19:30:957 Local queue size: 0
10/09 15:19:41:809 OSA Callback started
10/09 15:19:42:725 Starting process session
10/09 15:19:42:833 Total 0 instances are started
10/09 15:19:42:834 Total 1 instances are added
10/09 15:19:52:968 Local queue size: 0
10/09 15:20:02:971 Local queue size: 0
10/09 15:20:12:975 Local queue size: 0
10/09 15:20:22:979 Local queue size: 0
10/09 15:20:32:985 Local queue size: 0
10/09 15:20:43:072 Local queue size: 0
10/09 15:20:53:074 Local queue size: 0
10/09 15:21:03:084 Local queue size: 0
10/09 15:21:13:125 Local queue size: 0
10/09 15:21:23:127 Local queue size: 0
10/09 15:21:33:131 Local queue size: 0
10/09 15:21:43:132 Local queue size: 0
10/09 15:21:53:143 Local queue size: 0
10/09 15:22:03:153 Local queue size: 0
10/09 15:22:13:160 Local queue size: 0
10/09 15:22:23:163 Local queue size: 0
10/09 15:22:33:219 Local queue size: 0
10/09 15:22:43:221 Local queue size: 0
10/09 15:22:53:236 Local queue size: 0
10/09 15:23:03:238 Local queue size: 0
10/09 15:23:13:323 Local queue size: 0
10/09 15:23:23:332 Local queue size: 0
10/09 15:23:33:353 Local queue size: 0
10/09 15:23:43:362 Local queue size: 0
10/09 15:23:53:395 Local queue size: 0
10/09 15:24:03:420 Local queue size: 0
10/09 15:24:13:423 Local queue size: 0
10/09 15:24:23:425 Local queue size: 0
10/09 15:24:33:433 Local queue size: 0
10/09 15:24:43:528 Local queue size: 0
10/09 15:24:53:532 Local queue size: 0
10/09 15:25:03:543 Local queue size: 0
10/09 15:25:13:545 Local queue size: 0
10/09 15:25:28:497 OSA Callback started
10/09 15:25:32:220 Starting process session
10/09 15:25:32:322 Total 0 instances are started
10/09 15:25:32:323 Total 1 instances are added
10/09 15:25:42:511 Local queue size: 0
10/09 15:25:52:525 Local queue size: 0
10/09 15:26:02:531 Local queue size: 0
10/09 15:26:12:536 Local queue size: 0
10/09 15:26:22:539 Local queue size: 0
10/09 15:26:32:541 Local queue size: 0
10/09 15:26:42:556 Local queue size: 0
10/09 15:26:52:559 Local queue size: 0
10/09 15:27:02:604 Local queue size: 0
10/09 15:27:12:608 Local queue size: 0
10/09 15:27:22:612 Local queue size: 0
10/09 15:27:32:622 Local queue size: 0
10/09 15:27:42:640 Local queue size: 0
10/09 15:27:52:642 Local queue size: 0
10/09 15:28:02:664 Local queue size: 0
10/09 15:28:12:666 Local queue size: 0
10/09 15:28:22:669 Local queue size: 0
10/09 15:28:32:748 Local queue size: 0
10/09 15:28:42:755 Local queue size: 0
10/09 15:28:52:757 Local queue size: 0
10/09 15:29:02:760 Local queue size: 0
10/09 15:29:12:766 Local queue size: 0
10/09 15:29:22:774 Local queue size: 0
10/09 15:29:32:785 Local queue size: 0
10/09 15:29:42:787 Local queue size: 0
10/09 15:29:52:864 Local queue size: 0
10/09 15:30:02:876 Local queue size: 0
10/09 15:30:12:885 Local queue size: 0
10/09 15:30:22:896 Local queue size: 0
10/09 15:30:32:907 Local queue size: 0
10/09 15:30:42:917 Local queue size: 0
10/09 15:30:52:923 Local queue size: 0
10/09 15:31:02:932 Local queue size: 0
10/09 15:31:12:998 Local queue size: 0
10/09 15:31:23:010 Local queue size: 0
10/09 15:31:33:015 Local queue size: 0
10/09 15:31:43:016 Local queue size: 0
10/09 15:31:53:034 Local queue size: 0
10/09 15:32:03:073 Local queue size: 0
10/09 15:32:13:075 Local queue size: 0
10/09 15:32:23:107 Local queue size: 0
10/09 15:32:33:122 Local queue size: 0
10/09 15:32:43:123 Local queue size: 0
10/09 15:32:53:142 Local queue size: 0
10/09 15:33:03:195 Local queue size: 0
10/09 15:33:13:203 Local queue size: 0
10/09 15:33:23:213 Local queue size: 0
10/09 15:33:33:227 Local queue size: 0
10/09 15:33:43:238 Local queue size: 0
10/09 15:33:53:244 Local queue size: 0
10/09 15:34:03:252 Local queue size: 0
10/09 15:34:13:263 Local queue size: 0
10/09 15:34:23:301 Local queue size: 0
10/09 15:34:33:316 Local queue size: 0
10/09 15:34:43:336 Local queue size: 0
10/09 15:34:53:350 Local queue size: 0
10/09 15:35:03:358 Local queue size: 0
10/09 15:35:13:387 Local queue size: 0
10/09 15:35:23:393 Local queue size: 0
10/09 15:35:33:408 Local queue size: 0
10/09 15:35:43:425 Local queue size: 0
10/09 15:35:53:434 Local queue size: 0
10/09 15:36:03:473 Local queue size: 0
10/09 15:36:13:485 Local queue size: 0
10/09 15:36:23:493 Local queue size: 0
10/09 15:36:33:497 Local queue size: 0
10/09 15:36:43:499 Local queue size: 0
10/09 15:36:53:502 Local queue size: 0
10/09 15:37:03:512 Local queue size: 0
10/09 15:37:13:520 Local queue size: 0
10/09 15:37:23:525 Local queue size: 0
10/09 15:37:33:531 Local queue size: 0
10/09 15:37:43:535 Local queue size: 0
10/09 15:38:08:457 OSA Callback started
10/09 15:38:10:896 Starting process session
10/09 15:38:11:396 Total 0 instances are started
10/09 15:38:11:398 Total 1 instances are added
10/09 15:38:21:623 Local queue size: 0
10/09 15:38:31:636 Local queue size: 0
10/09 15:38:41:654 Local queue size: 0
10/09 15:38:51:657 Local queue size: 0
10/09 15:39:01:682 Local queue size: 0
10/09 15:39:11:692 Local queue size: 0
10/09 15:39:21:705 Local queue size: 0
10/09 15:39:31:722 Local queue size: 0
10/09 15:39:41:727 Local queue size: 0
10/09 15:39:51:808 Local queue size: 0
10/09 15:40:01:818 Local queue size: 0
10/09 15:40:11:828 Local queue size: 0
10/09 15:40:21:837 Local queue size: 0
10/09 15:40:31:843 Local queue size: 0
10/09 15:40:41:855 Local queue size: 0
10/09 15:40:51:876 Local queue size: 0
10/09 15:41:01:883 Local queue size: 0
10/09 15:41:11:889 Local queue size: 0
10/09 15:41:21:908 Local queue size: 0
10/09 15:41:31:926 Local queue size: 0
10/09 15:41:41:940 Local queue size: 0
10/09 15:41:51:946 Local queue size: 0
10/09 15:42:06:671 OSA Callback started
10/09 15:42:08:974 Starting process session
10/09 15:42:09:439 Total 0 instances are started
10/09 15:42:09:442 Total 1 instances are added
10/09 15:42:19:569 Local queue size: 0
10/09 15:42:29:639 Local queue size: 0
10/09 15:42:39:648 Local queue size: 0
10/09 15:42:49:658 Local queue size: 0
10/09 15:42:59:722 Local queue size: 0
10/09 15:43:09:727 Local queue size: 0
10/09 15:43:19:729 Local queue size: 0
10/09 15:43:29:732 Local queue size: 0
10/09 15:43:39:740 Local queue size: 0
10/09 15:43:49:749 Local queue size: 0
10/09 15:43:59:752 Local queue size: 0
10/09 15:44:09:761 Local queue size: 0
10/09 15:44:19:763 Local queue size: 0
10/09 15:44:29:793 Local queue size: 0
10/09 15:44:39:800 Local queue size: 0
10/09 15:44:49:841 Local queue size: 0
10/09 15:44:59:845 Local queue size: 0
10/09 15:45:09:848 Local queue size: 0
10/09 15:45:19:856 Local queue size: 0
10/09 15:45:29:861 Local queue size: 0
10/09 15:45:39:862 Local queue size: 0
10/09 16:59:04:793 OSA Callback started
10/09 16:59:10:772 Starting process session
10/09 16:59:10:907 Total 0 instances are started
10/09 16:59:10:910 Total 1 instances are added
10/09 16:59:21:215 Local queue size: 0
10/09 16:59:31:283 Local queue size: 0
10/09 16:59:41:298 Local queue size: 0
10/09 17:00:00:003 OSA Callback started
10/09 17:00:00:722 Starting process session
10/09 17:00:00:829 Total 0 instances are started
10/09 17:00:00:830 Total 1 instances are added
10/09 17:00:11:001 Local queue size: 0
10/09 17:00:21:012 Local queue size: 0
10/09 17:00:31:039 Local queue size: 0
10/09 17:00:41:046 Local queue size: 0
10/09 17:00:51:065 Local queue size: 0
10/09 17:01:01:156 Local queue size: 0
10/09 17:01:11:166 Local queue size: 0
10/09 17:01:21:171 Local queue size: 0
10/09 17:01:31:174 Local queue size: 0
10/09 17:01:41:266 Local queue size: 0
10/09 17:01:51:271 Local queue size: 0
10/09 17:02:01:272 Local queue size: 0
10/09 17:02:11:362 Local queue size: 0
10/09 17:02:21:380 Local queue size: 0
10/09 17:02:31:387 Local queue size: 0
10/09 17:02:41:395 Local queue size: 0
10/09 17:02:51:431 Local queue size: 0
10/09 17:03:01:459 Local queue size: 0
10/09 17:03:11:465 Local queue size: 0
10/09 17:03:21:478 Local queue size: 0
10/09 17:03:33:316 OSA Callback started
10/09 17:03:35:165 Starting process session
10/09 17:03:35:279 Total 0 instances are started
10/09 17:03:35:280 Total 1 instances are added
10/09 17:03:45:394 Local queue size: 0
10/09 17:03:55:402 Local queue size: 0
10/09 17:04:05:411 Local queue size: 0
10/09 17:04:15:418 Local queue size: 0
10/09 17:04:25:421 Local queue size: 0
10/09 17:04:35:433 Local queue size: 0
10/09 17:04:45:435 Local queue size: 0
10/09 17:04:55:448 Local queue size: 0
10/09 17:05:05:460 Local queue size: 0
10/09 17:05:15:546 Local queue size: 0
10/09 17:05:25:556 Local queue size: 0
10/09 17:05:35:561 Local queue size: 0
10/09 17:05:45:624 Local queue size: 0
10/09 17:05:55:627 Local queue size: 0
10/09 17:06:05:634 Local queue size: 0
10/09 17:06:13:618 OSA Callback started
10/09 17:06:16:569 Starting process session
10/09 17:06:16:690 Total 0 instances are started
10/09 17:06:16:693 Total 1 instances are added
10/09 17:06:26:849 Local queue size: 0
10/09 17:06:36:851 Local queue size: 0
10/09 17:06:46:856 Local queue size: 0
10/09 17:06:56:946 Local queue size: 0
10/09 17:07:06:964 Local queue size: 0
10/09 17:07:16:970 Local queue size: 0
10/09 17:07:26:992 Local queue size: 0
10/09 17:07:37:000 Local queue size: 0
10/09 17:07:47:017 Local queue size: 0
10/09 17:07:57:023 Local queue size: 0
10/09 17:08:07:107 Local queue size: 0
10/09 17:08:17:118 Local queue size: 0
10/09 17:08:27:124 Local queue size: 0
10/09 17:08:35:850 OSA Callback started
10/09 17:08:37:406 Starting process session
10/09 17:08:37:531 Total 0 instances are started
10/09 17:08:37:532 Total 1 instances are added
10/09 17:08:47:790 Local queue size: 0
10/09 17:08:57:799 Local queue size: 0
10/09 17:09:07:829 Local queue size: 0
10/09 17:09:17:836 Local queue size: 0
10/09 17:09:27:839 Local queue size: 0
10/09 17:09:37:856 Local queue size: 0
10/09 17:09:47:859 Local queue size: 0
10/09 17:09:57:870 Local queue size: 0
10/09 17:10:07:927 Local queue size: 0
10/09 17:10:17:929 Local queue size: 0
10/09 17:10:27:932 Local queue size: 0
10/09 17:10:37:937 Local queue size: 0
10/09 17:10:47:988 Local queue size: 0
10/09 17:10:57:998 Local queue size: 0
10/09 17:11:08:000 Local queue size: 0
10/09 17:11:18:005 Local queue size: 0
10/09 17:11:28:012 Local queue size: 0
10/09 17:11:38:025 Local queue size: 0
10/09 17:11:48:027 Local queue size: 0
10/09 17:11:58:028 Local queue size: 0
