09/09 08:43:16:929 OSA Callback started
09/09 08:43:29:246 Starting process session
09/09 08:43:29:349 Total 0 instances are started
09/09 08:43:29:350 Total 1 instances are added
09/09 08:43:39:993 Local queue size: 0
09/09 08:43:49:998 Local queue size: 0
09/09 08:44:00:013 Local queue size: 0
09/09 08:44:10:043 Local queue size: 0
09/09 08:44:20:044 Local queue size: 0
09/09 08:44:30:050 Local queue size: 0
09/09 08:44:40:092 Local queue size: 0
09/09 08:44:50:095 Local queue size: 0
09/09 08:45:00:097 Local queue size: 0
09/09 08:45:10:100 Local queue size: 0
09/09 08:45:20:162 Local queue size: 0
09/09 08:45:30:185 Local queue size: 0
09/09 08:45:40:220 Local queue size: 0
09/09 08:45:50:236 Local queue size: 0
09/09 08:46:00:277 Local queue size: 0
09/09 08:46:10:321 Local queue size: 0
09/09 08:46:20:364 Local queue size: 0
09/09 08:46:30:368 Local queue size: 0
09/09 08:46:40:378 Local queue size: 0
09/09 08:46:50:382 Local queue size: 0
09/09 08:47:00:449 Local queue size: 0
09/09 08:47:10:463 Local queue size: 0
09/09 08:47:20:483 Local queue size: 0
09/09 08:47:30:489 Local queue size: 0
09/09 08:47:40:561 Local queue size: 0
09/09 08:47:50:565 Local queue size: 0
09/09 08:48:00:567 Local queue size: 0
09/09 08:48:10:581 Local queue size: 0
09/09 08:48:20:584 Local queue size: 0
09/09 08:48:30:672 Local queue size: 0
09/09 08:48:40:679 Local queue size: 0
09/09 08:48:50:681 Local queue size: 0
09/09 08:49:00:694 Local queue size: 0
09/09 08:49:10:696 Local queue size: 0
09/09 08:49:20:732 Local queue size: 0
09/09 08:49:30:749 Local queue size: 0
09/09 08:49:54:177 OSA Callback started
09/09 08:49:57:834 Starting process session
09/09 08:49:57:936 Total 0 instances are started
09/09 08:49:57:936 Total 1 instances are added
09/09 08:50:08:125 Local queue size: 0
09/09 08:50:18:151 Local queue size: 0
09/09 08:50:28:154 Local queue size: 0
09/09 08:50:38:177 Local queue size: 0
09/09 08:50:48:187 Local queue size: 0
09/09 08:50:58:190 Local queue size: 0
09/09 08:51:08:193 Local queue size: 0
09/09 08:51:18:195 Local queue size: 0
09/09 08:51:28:203 Local queue size: 0
09/09 08:51:38:277 Local queue size: 0
09/09 08:51:48:336 Local queue size: 0
09/09 08:51:58:340 Local queue size: 0
09/09 08:52:08:342 Local queue size: 0
09/09 08:52:18:351 Local queue size: 0
09/09 08:52:28:363 Local queue size: 0
09/09 08:52:38:395 Local queue size: 0
09/09 08:52:48:430 Local queue size: 0
09/09 08:52:58:481 Local queue size: 0
09/09 08:53:08:527 Local queue size: 0
09/09 08:53:18:540 Local queue size: 0
09/09 08:53:28:551 Local queue size: 0
09/09 08:54:05:927 OSA Callback started
09/09 08:54:08:698 Starting process session
09/09 08:54:09:294 Total 0 instances are started
09/09 08:54:09:302 Total 1 instances are added
09/09 08:54:19:701 Local queue size: 0
09/09 08:54:29:705 Local queue size: 0
09/09 08:54:39:711 Local queue size: 0
09/09 08:54:49:718 Local queue size: 0
09/09 08:54:59:720 Local queue size: 0
09/09 08:55:09:730 Local queue size: 0
09/09 08:55:19:826 Local queue size: 0
09/09 08:55:29:830 Local queue size: 0
09/09 08:55:39:836 Local queue size: 0
09/09 08:55:49:843 Local queue size: 0
09/09 08:55:59:903 Local queue size: 0
09/09 08:56:09:924 Local queue size: 0
09/09 08:56:19:936 Local queue size: 0
09/09 08:56:29:956 Local queue size: 0
09/09 08:56:39:958 Local queue size: 0
09/09 08:56:49:968 Local queue size: 0
09/09 08:56:59:979 Local queue size: 0
09/09 08:57:09:980 Local queue size: 0
09/09 08:57:20:030 Local queue size: 0
09/09 08:57:30:050 Local queue size: 0
09/09 08:57:40:052 Local queue size: 0
09/09 08:57:50:054 Local queue size: 0
09/09 08:58:00:055 Local queue size: 0
09/09 08:58:10:072 Local queue size: 0
09/09 08:58:20:074 Local queue size: 0
09/09 08:58:30:094 Local queue size: 0
09/09 08:58:40:097 Local queue size: 0
09/09 08:58:50:137 Local queue size: 0
09/09 08:59:00:147 Local queue size: 0
09/09 08:59:10:247 Local queue size: 0
09/09 08:59:46:119 OSA Callback started
09/09 08:59:49:745 Starting process session
09/09 08:59:49:871 Total 0 instances are started
09/09 08:59:49:873 Total 1 instances are added
09/09 09:00:00:028 Local queue size: 0
09/09 09:00:10:047 Local queue size: 0
09/09 09:00:20:060 Local queue size: 0
09/09 09:00:30:069 Local queue size: 0
09/09 09:00:40:077 Local queue size: 0
09/09 09:00:50:086 Local queue size: 0
09/09 09:01:00:093 Local queue size: 0
09/09 09:01:10:098 Local queue size: 0
09/09 09:01:20:100 Local queue size: 0
09/09 09:01:30:112 Local queue size: 0
09/09 09:01:40:125 Local queue size: 0
09/09 09:01:50:128 Local queue size: 0
09/09 09:02:00:142 Local queue size: 0
09/09 09:02:10:175 Local queue size: 0
09/09 09:02:20:181 Local queue size: 0
09/09 09:02:30:185 Local queue size: 0
09/09 09:02:40:214 Local queue size: 0
09/09 09:02:50:217 Local queue size: 0
09/09 09:03:00:223 Local queue size: 0
09/09 09:03:10:234 Local queue size: 0
09/09 09:03:20:263 Local queue size: 0
09/09 09:03:30:266 Local queue size: 0
09/09 09:03:40:273 Local queue size: 0
09/09 09:03:50:280 Local queue size: 0
09/09 09:04:00:342 Local queue size: 0
09/09 09:04:10:346 Local queue size: 0
09/09 09:04:20:357 Local queue size: 0
09/09 09:04:30:444 Local queue size: 0
09/09 09:04:40:461 Local queue size: 0
09/09 09:04:50:473 Local queue size: 0
09/09 09:05:00:477 Local queue size: 0
09/09 09:05:10:543 Local queue size: 0
09/09 09:05:20:552 Local queue size: 0
09/09 09:05:30:562 Local queue size: 0
09/09 09:05:40:563 Local queue size: 0
09/09 09:05:50:599 Local queue size: 0
09/09 09:06:00:606 Local queue size: 0
09/09 09:06:10:644 Local queue size: 0
09/09 09:06:20:657 Local queue size: 0
09/09 09:06:30:663 Local queue size: 0
09/09 09:06:40:667 Local queue size: 0
09/09 09:06:50:750 Local queue size: 0
09/09 09:07:00:758 Local queue size: 0
09/09 09:07:10:761 Local queue size: 0
09/09 09:07:20:782 Local queue size: 0
09/09 09:07:44:464 OSA Callback started
09/09 09:07:46:747 Starting process session
09/09 09:07:47:211 Total 0 instances are started
09/09 09:07:47:212 Total 1 instances are added
09/09 09:07:57:481 Local queue size: 0
09/09 09:08:07:559 Local queue size: 0
09/09 09:08:17:567 Local queue size: 0
09/09 09:08:27:571 Local queue size: 0
09/09 09:08:37:584 Local queue size: 0
09/09 09:08:47:585 Local queue size: 0
09/09 09:08:57:587 Local queue size: 0
09/09 09:14:29:686 OSA Callback started
09/09 09:14:31:858 Starting process session
09/09 09:14:33:265 Total 0 instances are started
09/09 09:14:33:266 Total 1 instances are added
09/09 09:14:43:458 Local queue size: 0
09/09 09:14:53:484 Local queue size: 0
09/09 09:15:03:486 Local queue size: 0
09/09 09:15:13:507 Local queue size: 0
09/09 09:15:23:535 Local queue size: 0
09/09 09:15:33:558 Local queue size: 0
09/09 09:15:43:561 Local queue size: 0
09/09 09:15:53:563 Local queue size: 0
09/09 09:16:03:564 Local queue size: 0
09/09 09:16:13:565 Local queue size: 0
09/09 09:16:23:566 Local queue size: 0
09/09 09:16:33:570 Local queue size: 0
09/09 09:16:43:670 Local queue size: 0
09/09 09:16:53:672 Local queue size: 0
09/09 09:17:03:674 Local queue size: 0
09/09 09:17:13:675 Local queue size: 0
09/09 09:17:23:683 Local queue size: 0
09/09 09:17:33:687 Local queue size: 0
09/09 09:17:43:698 Local queue size: 0
09/09 09:17:53:714 Local queue size: 0
09/09 09:18:03:716 Local queue size: 0
09/09 09:18:13:789 Local queue size: 0
09/09 09:18:23:792 Local queue size: 0
09/09 09:18:33:796 Local queue size: 0
09/09 09:18:43:803 Local queue size: 0
09/09 09:18:53:881 Local queue size: 0
09/09 09:19:03:882 Local queue size: 0
09/09 09:19:13:891 Local queue size: 0
09/09 09:19:23:894 Local queue size: 0
09/09 09:19:33:931 Local queue size: 0
09/09 09:19:43:950 Local queue size: 0
09/09 09:19:53:957 Local queue size: 0
09/09 09:20:03:960 Local queue size: 0
09/09 09:20:14:060 Local queue size: 0
09/09 09:20:24:069 Local queue size: 0
09/09 09:20:34:073 Local queue size: 0
09/09 09:20:44:173 Local queue size: 0
09/09 09:20:54:243 Local queue size: 0
09/09 09:21:04:248 Local queue size: 0
09/09 09:21:14:255 Local queue size: 0
09/09 09:21:24:261 Local queue size: 0
09/09 09:21:34:275 Local queue size: 0
09/09 09:21:44:277 Local queue size: 0
09/09 09:21:54:278 Local queue size: 0
09/09 09:22:04:303 Local queue size: 0
09/09 09:22:14:307 Local queue size: 0
09/09 09:22:24:310 Local queue size: 0
09/09 09:22:34:316 Local queue size: 0
09/09 09:22:44:374 Local queue size: 0
09/09 09:22:54:380 Local queue size: 0
09/09 09:23:04:384 Local queue size: 0
09/09 09:23:14:400 Local queue size: 0
09/09 09:23:24:447 Local queue size: 0
09/09 09:23:34:452 Local queue size: 0
09/09 09:23:44:460 Local queue size: 0
09/09 09:23:54:471 Local queue size: 0
09/09 09:24:04:489 Local queue size: 0
09/09 09:24:14:496 Local queue size: 0
09/09 09:24:24:500 Local queue size: 0
09/09 09:24:34:506 Local queue size: 0
09/09 09:24:44:508 Local queue size: 0
09/09 09:24:54:542 Local queue size: 0
09/09 09:25:04:544 Local queue size: 0
09/09 09:25:14:545 Local queue size: 0
09/09 09:25:24:551 Local queue size: 0
09/09 09:25:34:579 Local queue size: 0
09/09 09:25:44:584 Local queue size: 0
09/09 09:25:54:587 Local queue size: 0
09/09 09:26:04:594 Local queue size: 0
09/09 09:26:14:616 Local queue size: 0
09/09 09:26:24:618 Local queue size: 0
09/09 09:26:34:620 Local queue size: 0
09/09 09:26:44:624 Local queue size: 0
09/09 09:26:54:650 Local queue size: 0
09/09 09:27:04:659 Local queue size: 0
09/09 09:27:14:663 Local queue size: 0
09/09 09:27:24:758 Local queue size: 0
09/09 09:27:34:775 Local queue size: 0
09/09 09:27:44:779 Local queue size: 0
09/09 09:27:54:784 Local queue size: 0
09/09 09:28:04:786 Local queue size: 0
09/09 09:28:14:788 Local queue size: 0
09/09 09:28:24:791 Local queue size: 0
09/09 09:28:34:792 Local queue size: 0
09/09 09:28:44:795 Local queue size: 0
09/09 09:28:54:796 Local queue size: 0
09/09 09:29:04:797 Local queue size: 0
09/09 09:29:14:897 Local queue size: 0
09/09 09:29:24:907 Local queue size: 0
09/09 09:29:34:997 Local queue size: 0
09/09 09:29:45:026 Local queue size: 0
09/09 09:29:55:040 Local queue size: 0
09/09 09:30:05:053 Local queue size: 0
09/09 09:30:15:070 Local queue size: 0
09/09 09:30:25:123 Local queue size: 0
09/09 09:30:35:127 Local queue size: 0
09/09 09:30:45:133 Local queue size: 0
09/09 09:30:55:155 Local queue size: 0
09/09 09:31:05:190 Local queue size: 0
09/09 09:31:15:198 Local queue size: 0
09/09 09:31:25:224 Local queue size: 0
09/09 09:31:35:336 Local queue size: 0
09/09 09:31:45:350 Local queue size: 0
09/09 09:31:55:369 Local queue size: 0
09/09 09:32:05:370 Local queue size: 0
09/09 09:32:15:387 Local queue size: 0
09/09 09:32:25:402 Local queue size: 0
09/09 09:32:35:412 Local queue size: 0
09/09 09:32:45:413 Local queue size: 0
09/09 09:32:55:418 Local queue size: 0
09/09 09:33:05:487 Local queue size: 0
09/09 09:33:15:498 Local queue size: 0
09/09 09:33:25:595 Local queue size: 0
09/09 09:33:35:695 Local queue size: 0
09/09 09:33:45:701 Local queue size: 0
09/09 09:33:55:730 Local queue size: 0
09/09 09:34:05:813 Local queue size: 0
09/09 09:34:15:823 Local queue size: 0
09/09 09:34:25:825 Local queue size: 0
09/09 09:34:35:832 Local queue size: 0
09/09 09:34:45:833 Local queue size: 0
09/09 09:34:55:927 Local queue size: 0
09/09 09:35:05:939 Local queue size: 0
09/09 09:35:15:951 Local queue size: 0
09/09 09:35:25:966 Local queue size: 0
09/09 09:35:36:008 Local queue size: 0
09/09 09:35:46:012 Local queue size: 0
09/09 09:35:56:020 Local queue size: 0
09/09 09:36:06:023 Local queue size: 0
09/09 09:36:16:070 Local queue size: 0
09/09 09:36:26:072 Local queue size: 0
09/09 09:36:36:077 Local queue size: 0
09/09 09:36:46:088 Local queue size: 0
09/09 09:36:56:105 Local queue size: 0
09/09 09:37:06:106 Local queue size: 0
09/09 09:37:16:111 Local queue size: 0
09/09 09:37:26:122 Local queue size: 0
09/09 09:37:36:138 Local queue size: 0
09/09 09:37:46:146 Local queue size: 0
09/09 09:37:56:147 Local queue size: 0
09/09 09:38:06:154 Local queue size: 0
09/09 09:38:16:253 Local queue size: 0
09/09 09:38:26:255 Local queue size: 0
09/09 09:38:36:258 Local queue size: 0
09/09 09:38:46:270 Local queue size: 0
09/09 09:38:56:301 Local queue size: 0
09/09 09:39:06:302 Local queue size: 0
09/09 09:39:16:305 Local queue size: 0
09/09 09:39:26:306 Local queue size: 0
09/09 09:39:36:307 Local queue size: 0
09/09 09:39:46:310 Local queue size: 0
09/09 09:39:56:311 Local queue size: 0
09/09 09:40:06:404 Local queue size: 0
09/09 09:40:16:418 Local queue size: 0
09/09 09:40:26:447 Local queue size: 0
09/09 09:40:36:459 Local queue size: 0
09/09 09:40:46:518 Local queue size: 0
09/09 09:40:56:526 Local queue size: 0
09/09 09:41:06:531 Local queue size: 0
09/09 09:41:16:539 Local queue size: 0
09/09 09:41:26:611 Local queue size: 0
09/09 09:41:36:614 Local queue size: 0
09/09 09:41:46:624 Local queue size: 0
09/09 09:41:56:626 Local queue size: 0
09/09 09:42:06:660 Local queue size: 0
09/09 09:42:16:661 Local queue size: 0
09/09 09:42:26:663 Local queue size: 0
09/09 09:42:36:666 Local queue size: 0
09/09 09:42:46:711 Local queue size: 0
09/09 09:42:56:722 Local queue size: 0
09/09 09:43:06:729 Local queue size: 0
09/09 09:43:16:749 Local queue size: 0
09/09 09:43:26:757 Local queue size: 0
09/09 09:43:36:815 Local queue size: 0
09/09 09:43:46:849 Local queue size: 0
09/09 09:43:56:856 Local queue size: 0
09/09 09:44:06:862 Local queue size: 0
09/09 09:44:16:907 Local queue size: 0
09/09 09:44:26:915 Local queue size: 0
09/09 09:44:36:937 Local queue size: 0
09/09 09:44:46:940 Local queue size: 0
09/09 09:44:57:008 Local queue size: 0
09/09 09:45:07:024 Local queue size: 0
09/09 09:45:17:027 Local queue size: 0
09/09 09:45:27:034 Local queue size: 0
09/09 09:45:37:040 Local queue size: 0
09/09 09:45:47:110 Local queue size: 0
09/09 09:45:57:122 Local queue size: 0
09/09 09:46:07:173 Local queue size: 0
09/09 09:46:17:181 Local queue size: 0
09/09 09:46:27:188 Local queue size: 0
09/09 09:46:37:216 Local queue size: 0
09/09 09:46:47:218 Local queue size: 0
09/09 09:46:57:219 Local queue size: 0
09/09 09:47:07:222 Local queue size: 0
09/09 09:47:17:241 Local queue size: 0
09/09 09:47:27:242 Local queue size: 0
09/09 09:47:37:281 Local queue size: 0
09/09 09:47:47:300 Local queue size: 0
09/09 09:47:57:308 Local queue size: 0
09/09 09:48:07:310 Local queue size: 0
09/09 09:48:17:328 Local queue size: 0
09/09 09:48:27:333 Local queue size: 0
09/09 09:48:37:343 Local queue size: 0
09/09 09:48:47:352 Local queue size: 0
09/09 09:48:57:371 Local queue size: 0
09/09 09:49:07:373 Local queue size: 0
09/09 09:49:17:377 Local queue size: 0
09/09 09:49:27:385 Local queue size: 0
09/09 09:49:37:428 Local queue size: 0
09/09 09:49:47:432 Local queue size: 0
09/09 09:49:57:441 Local queue size: 0
09/09 09:50:07:446 Local queue size: 0
09/09 09:50:17:480 Local queue size: 0
09/09 09:50:27:501 Local queue size: 0
09/09 09:50:37:517 Local queue size: 0
09/09 09:50:47:518 Local queue size: 0
09/09 09:50:57:609 Local queue size: 0
09/09 09:51:07:610 Local queue size: 0
09/09 09:51:17:612 Local queue size: 0
09/09 09:51:27:613 Local queue size: 0
09/09 09:51:37:713 Local queue size: 0
09/09 09:51:47:769 Local queue size: 0
09/09 09:51:57:770 Local queue size: 0
09/09 09:52:07:778 Local queue size: 0
09/09 09:52:17:792 Local queue size: 0
09/09 09:52:27:801 Local queue size: 0
09/09 09:52:37:804 Local queue size: 0
09/09 09:52:47:812 Local queue size: 0
09/09 09:52:57:835 Local queue size: 0
09/09 09:53:07:836 Local queue size: 0
09/09 09:53:17:845 Local queue size: 0
09/09 09:53:27:847 Local queue size: 0
09/09 09:53:37:947 Local queue size: 0
09/09 09:53:47:950 Local queue size: 0
09/09 09:53:57:960 Local queue size: 0
09/09 09:54:07:963 Local queue size: 0
09/09 09:54:17:969 Local queue size: 0
09/09 09:54:27:970 Local queue size: 0
09/09 09:54:37:972 Local queue size: 0
09/09 09:54:47:973 Local queue size: 0
09/09 09:54:58:028 Local queue size: 0
09/09 09:55:08:029 Local queue size: 0
09/09 09:55:18:030 Local queue size: 0
09/09 09:55:28:032 Local queue size: 0
09/09 09:55:38:046 Local queue size: 0
09/09 09:55:48:049 Local queue size: 0
09/09 09:55:58:053 Local queue size: 0
09/09 09:56:08:058 Local queue size: 0
09/09 09:56:18:123 Local queue size: 0
09/09 09:56:28:125 Local queue size: 0
09/09 09:56:38:131 Local queue size: 0
09/09 09:56:48:133 Local queue size: 0
09/09 09:56:58:134 Local queue size: 0
09/09 09:57:08:165 Local queue size: 0
09/09 09:57:18:166 Local queue size: 0
09/09 09:57:28:168 Local queue size: 0
09/09 09:57:38:172 Local queue size: 0
09/09 09:57:48:193 Local queue size: 0
09/09 09:57:58:196 Local queue size: 0
09/09 09:58:08:198 Local queue size: 0
09/09 09:58:18:210 Local queue size: 0
09/09 09:58:28:301 Local queue size: 0
09/09 09:58:38:401 Local queue size: 0
09/09 09:58:48:411 Local queue size: 0
09/09 09:58:58:511 Local queue size: 0
09/09 09:59:08:515 Local queue size: 0
09/09 09:59:18:516 Local queue size: 0
09/09 09:59:28:526 Local queue size: 0
09/09 09:59:38:532 Local queue size: 0
09/09 09:59:48:575 Local queue size: 0
09/09 09:59:58:588 Local queue size: 0
09/09 10:00:08:589 Local queue size: 0
09/09 10:00:18:603 Local queue size: 0
09/09 10:00:28:619 Local queue size: 0
09/09 10:00:38:627 Local queue size: 0
09/09 10:00:48:629 Local queue size: 0
09/09 10:00:58:652 Local queue size: 0
09/09 10:01:08:691 Local queue size: 0
09/09 10:01:18:696 Local queue size: 0
09/09 10:01:28:711 Local queue size: 0
09/09 10:01:38:720 Local queue size: 0
09/09 10:01:48:725 Local queue size: 0
09/09 10:01:58:767 Local queue size: 0
09/09 10:02:08:770 Local queue size: 0
09/09 10:02:18:774 Local queue size: 0
09/09 10:02:28:874 Local queue size: 0
09/09 10:02:38:902 Local queue size: 0
09/09 10:02:48:904 Local queue size: 0
09/09 10:02:58:906 Local queue size: 0
09/09 10:03:08:910 Local queue size: 0
09/09 10:03:19:001 Local queue size: 0
09/09 10:03:29:013 Local queue size: 0
09/09 10:03:39:014 Local queue size: 0
09/09 10:03:49:024 Local queue size: 0
09/09 10:03:59:030 Local queue size: 0
09/09 10:04:09:032 Local queue size: 0
09/09 10:04:19:037 Local queue size: 0
09/09 10:04:29:047 Local queue size: 0
09/09 10:04:39:123 Local queue size: 0
09/09 10:04:49:129 Local queue size: 0
09/09 10:04:59:141 Local queue size: 0
09/09 10:05:09:219 Local queue size: 0
09/09 10:05:19:227 Local queue size: 0
09/09 10:05:29:249 Local queue size: 0
09/09 10:05:39:251 Local queue size: 0
09/09 10:05:49:308 Local queue size: 0
09/09 10:05:59:336 Local queue size: 0
09/09 10:06:09:340 Local queue size: 0
09/09 10:06:19:354 Local queue size: 0
09/09 10:06:29:447 Local queue size: 0
09/09 10:06:39:449 Local queue size: 0
09/09 10:06:49:453 Local queue size: 0
09/09 10:06:59:459 Local queue size: 0
09/09 10:07:09:460 Local queue size: 0
09/09 10:07:19:548 Local queue size: 0
09/09 10:07:29:552 Local queue size: 0
09/09 10:07:39:652 Local queue size: 0
09/09 10:07:49:661 Local queue size: 0
09/09 10:07:59:667 Local queue size: 0
09/09 10:08:09:670 Local queue size: 0
09/09 10:08:19:696 Local queue size: 0
09/09 10:08:29:699 Local queue size: 0
09/09 10:08:39:775 Local queue size: 0
09/09 10:08:49:778 Local queue size: 0
09/09 10:08:59:782 Local queue size: 0
09/09 10:09:09:789 Local queue size: 0
09/09 10:09:19:792 Local queue size: 0
09/09 10:09:29:800 Local queue size: 0
09/09 10:09:39:803 Local queue size: 0
09/09 10:09:49:806 Local queue size: 0
09/09 10:09:59:906 Local queue size: 0
09/09 10:10:09:934 Local queue size: 0
09/09 10:10:20:034 Local queue size: 0
09/09 10:10:30:035 Local queue size: 0
09/09 10:10:40:036 Local queue size: 0
09/09 10:10:50:114 Local queue size: 0
09/09 10:11:00:116 Local queue size: 0
09/09 10:11:10:121 Local queue size: 0
09/09 10:11:20:124 Local queue size: 0
09/09 10:11:30:130 Local queue size: 0
09/09 10:11:40:134 Local queue size: 0
09/09 10:11:50:137 Local queue size: 0
09/09 10:12:00:153 Local queue size: 0
09/09 10:12:10:220 Local queue size: 0
09/09 10:12:20:230 Local queue size: 0
09/09 10:12:30:235 Local queue size: 0
09/09 10:12:40:240 Local queue size: 0
09/09 10:12:50:244 Local queue size: 0
09/09 10:13:00:273 Local queue size: 0
09/09 10:13:10:276 Local queue size: 0
09/09 10:13:20:277 Local queue size: 0
09/09 10:13:30:279 Local queue size: 0
09/09 10:13:40:312 Local queue size: 0
09/09 10:13:50:318 Local queue size: 0
09/09 10:14:00:324 Local queue size: 0
09/09 10:14:10:332 Local queue size: 0
09/09 10:14:20:336 Local queue size: 0
09/09 10:14:30:337 Local queue size: 0
09/09 10:14:40:344 Local queue size: 0
09/09 10:14:50:352 Local queue size: 0
09/09 10:15:00:429 Local queue size: 0
09/09 10:15:10:440 Local queue size: 0
09/09 10:15:20:450 Local queue size: 0
09/09 10:15:30:457 Local queue size: 0
09/09 10:15:40:459 Local queue size: 0
09/09 10:15:50:539 Local queue size: 0
09/09 10:16:00:563 Local queue size: 0
09/09 10:16:10:565 Local queue size: 0
09/09 10:16:20:570 Local queue size: 0
09/09 10:16:30:590 Local queue size: 0
09/09 10:16:40:592 Local queue size: 0
09/09 10:16:50:603 Local queue size: 0
09/09 10:17:00:608 Local queue size: 0
09/09 10:17:10:634 Local queue size: 0
09/09 10:17:20:636 Local queue size: 0
09/09 10:17:30:640 Local queue size: 0
09/09 10:17:40:712 Local queue size: 0
09/09 10:17:50:718 Local queue size: 0
09/09 10:18:00:722 Local queue size: 0
09/09 10:18:10:799 Local queue size: 0
09/09 10:18:20:816 Local queue size: 0
09/09 10:18:30:849 Local queue size: 0
09/09 10:18:40:853 Local queue size: 0
09/09 10:18:50:860 Local queue size: 0
09/09 10:19:00:873 Local queue size: 0
09/09 10:19:10:887 Local queue size: 0
09/09 10:19:20:901 Local queue size: 0
09/09 10:19:30:907 Local queue size: 0
09/09 10:19:40:997 Local queue size: 0
09/09 10:19:51:001 Local queue size: 0
09/09 10:20:01:014 Local queue size: 0
09/09 10:20:11:027 Local queue size: 0
09/09 10:20:21:050 Local queue size: 0
09/09 10:20:31:051 Local queue size: 0
09/09 10:20:41:053 Local queue size: 0
09/09 10:20:51:059 Local queue size: 0
09/09 10:21:01:104 Local queue size: 0
09/09 10:21:11:111 Local queue size: 0
09/09 10:21:21:134 Local queue size: 0
09/09 10:21:31:135 Local queue size: 0
09/09 10:21:41:143 Local queue size: 0
09/09 10:21:51:152 Local queue size: 0
09/09 10:22:01:153 Local queue size: 0
09/09 10:22:11:160 Local queue size: 0
09/09 10:22:21:175 Local queue size: 0
09/09 10:22:31:181 Local queue size: 0
09/09 10:22:41:190 Local queue size: 0
09/09 10:22:51:192 Local queue size: 0
09/09 10:23:01:194 Local queue size: 0
09/09 10:23:11:294 Local queue size: 0
09/09 10:23:21:301 Local queue size: 0
09/09 10:23:31:306 Local queue size: 0
09/09 10:23:41:400 Local queue size: 0
09/09 10:23:51:402 Local queue size: 0
09/09 10:24:01:408 Local queue size: 0
09/09 10:24:11:412 Local queue size: 0
09/09 15:00:32:840 OSA Callback started
09/09 15:00:33:777 Starting process session
09/09 15:00:33:901 Total 0 instances are started
09/09 15:00:33:901 Total 1 instances are added
09/09 15:00:44:061 Local queue size: 0
09/09 15:00:54:160 Local queue size: 0
09/09 15:01:04:161 Local queue size: 0
09/09 15:01:14:165 Local queue size: 0
09/09 15:01:24:195 Local queue size: 0
09/09 15:01:34:210 Local queue size: 0
09/09 15:01:44:215 Local queue size: 0
09/09 15:01:54:217 Local queue size: 0
09/09 15:02:04:278 Local queue size: 0
09/09 15:02:14:286 Local queue size: 0
09/09 15:02:24:289 Local queue size: 0
09/09 15:02:34:304 Local queue size: 0
09/09 15:02:44:341 Local queue size: 0
09/09 15:02:54:347 Local queue size: 0
09/09 15:03:04:369 Local queue size: 0
09/09 15:03:14:381 Local queue size: 0
09/09 15:03:24:393 Local queue size: 0
09/09 15:03:34:395 Local queue size: 0
09/09 15:03:44:396 Local queue size: 0
09/09 15:03:54:398 Local queue size: 0
09/09 15:04:04:434 Local queue size: 0
09/09 15:04:14:436 Local queue size: 0
09/09 15:04:24:439 Local queue size: 0
09/09 15:04:34:442 Local queue size: 0
09/09 15:04:44:497 Local queue size: 0
09/09 15:04:54:498 Local queue size: 0
09/09 15:05:04:501 Local queue size: 0
09/09 15:05:14:587 Local queue size: 0
09/09 15:05:24:594 Local queue size: 0
09/09 15:05:34:596 Local queue size: 0
09/09 15:05:44:610 Local queue size: 0
09/09 15:05:54:642 Local queue size: 0
09/09 15:06:04:651 Local queue size: 0
09/09 15:06:14:653 Local queue size: 0
09/09 15:06:24:670 Local queue size: 0
09/09 15:06:34:684 Local queue size: 0
09/09 15:06:44:687 Local queue size: 0
09/09 15:06:54:698 Local queue size: 0
09/09 15:07:04:710 Local queue size: 0
09/09 15:07:14:749 Local queue size: 0
09/09 15:07:24:757 Local queue size: 0
09/09 15:07:34:777 Local queue size: 0
09/09 15:07:44:828 Local queue size: 0
09/09 15:07:54:835 Local queue size: 0
09/09 15:08:04:842 Local queue size: 0
09/09 15:08:14:859 Local queue size: 0
09/09 15:08:24:902 Local queue size: 0
09/09 15:08:34:929 Local queue size: 0
09/09 15:08:44:944 Local queue size: 0
09/09 15:08:54:995 Local queue size: 0
09/09 15:09:05:010 Local queue size: 0
09/09 15:09:15:012 Local queue size: 0
09/09 15:09:25:018 Local queue size: 0
09/09 15:09:35:028 Local queue size: 0
09/09 15:09:45:052 Local queue size: 0
09/09 15:09:55:057 Local queue size: 0
09/09 15:10:05:064 Local queue size: 0
09/09 15:10:15:077 Local queue size: 0
09/09 15:10:25:098 Local queue size: 0
09/09 15:10:35:101 Local queue size: 0
09/09 15:10:45:105 Local queue size: 0
09/09 15:10:55:106 Local queue size: 0
09/09 15:11:05:173 Local queue size: 0
09/09 15:11:15:178 Local queue size: 0
09/09 15:11:25:180 Local queue size: 0
09/09 15:11:35:181 Local queue size: 0
09/09 15:11:45:192 Local queue size: 0
09/09 15:11:55:286 Local queue size: 0
09/09 15:12:05:290 Local queue size: 0
09/09 15:12:15:293 Local queue size: 0
09/09 15:12:25:296 Local queue size: 0
09/09 15:12:35:373 Local queue size: 0
09/09 15:12:45:377 Local queue size: 0
09/09 15:13:00:430 OSA Callback started
09/09 15:13:02:010 Starting process session
09/09 15:13:02:166 Total 0 instances are started
09/09 15:13:02:166 Total 1 instances are added
09/09 15:13:12:331 Local queue size: 0
09/09 15:13:22:333 Local queue size: 0
09/09 15:13:32:334 Local queue size: 0
09/09 15:13:42:360 Local queue size: 0
09/09 15:13:52:447 Local queue size: 0
09/09 15:14:02:449 Local queue size: 0
09/09 15:14:12:451 Local queue size: 0
09/09 15:14:22:457 Local queue size: 0
09/09 15:14:32:463 Local queue size: 0
09/09 15:14:42:466 Local queue size: 0
09/09 15:14:52:471 Local queue size: 0
09/09 15:15:02:472 Local queue size: 0
09/09 15:15:12:473 Local queue size: 0
09/09 15:15:22:474 Local queue size: 0
09/09 15:15:32:482 Local queue size: 0
09/09 15:15:42:500 Local queue size: 0
09/09 15:15:52:501 Local queue size: 0
09/09 15:16:02:507 Local queue size: 0
09/09 15:16:12:511 Local queue size: 0
09/09 15:16:22:516 Local queue size: 0
09/09 15:16:32:616 Local queue size: 0
09/09 15:16:42:618 Local queue size: 0
09/09 15:16:52:620 Local queue size: 0
09/09 15:17:02:621 Local queue size: 0
09/09 15:17:12:623 Local queue size: 0
09/09 15:17:22:624 Local queue size: 0
09/09 15:17:32:626 Local queue size: 0
09/09 15:17:42:668 Local queue size: 0
09/09 15:17:52:673 Local queue size: 0
09/09 15:18:02:681 Local queue size: 0
09/09 15:18:12:781 Local queue size: 0
09/09 15:18:22:788 Local queue size: 0
09/09 15:18:32:824 Local queue size: 0
09/09 15:18:42:856 Local queue size: 0
09/09 15:18:52:882 Local queue size: 0
09/09 15:19:02:886 Local queue size: 0
09/09 15:19:12:971 Local queue size: 0
09/09 15:19:22:984 Local queue size: 0
09/09 15:19:32:994 Local queue size: 0
09/09 15:19:43:070 Local queue size: 0
09/09 15:19:53:084 Local queue size: 0
09/09 15:20:03:092 Local queue size: 0
09/09 15:20:13:101 Local queue size: 0
09/09 15:20:23:103 Local queue size: 0
09/09 15:20:33:129 Local queue size: 0
09/09 15:20:43:132 Local queue size: 0
09/09 15:20:53:232 Local queue size: 0
09/09 15:21:03:233 Local queue size: 0
09/09 15:21:13:333 Local queue size: 0
09/09 15:21:23:334 Local queue size: 0
09/09 15:21:33:336 Local queue size: 0
09/09 15:21:43:337 Local queue size: 0
09/09 15:21:53:339 Local queue size: 0
09/09 15:22:03:342 Local queue size: 0
09/09 15:22:13:343 Local queue size: 0
09/09 15:22:23:443 Local queue size: 0
09/09 15:22:33:445 Local queue size: 0
09/09 15:22:43:448 Local queue size: 0
09/09 15:22:53:451 Local queue size: 0
09/09 15:23:03:452 Local queue size: 0
09/09 15:23:13:453 Local queue size: 0
09/09 15:23:23:455 Local queue size: 0
09/09 15:23:33:459 Local queue size: 0
09/09 15:23:43:462 Local queue size: 0
09/09 15:23:53:464 Local queue size: 0
09/09 15:24:03:564 Local queue size: 0
09/09 15:24:13:565 Local queue size: 0
09/09 15:24:23:570 Local queue size: 0
09/09 15:24:33:572 Local queue size: 0
09/09 15:24:43:574 Local queue size: 0
09/09 15:24:53:576 Local queue size: 0
09/09 15:25:03:579 Local queue size: 0
09/09 15:25:13:587 Local queue size: 0
09/09 15:25:23:682 Local queue size: 0
09/09 15:25:33:690 Local queue size: 0
09/09 15:25:43:695 Local queue size: 0
09/09 15:25:53:780 Local queue size: 0
09/09 15:26:03:784 Local queue size: 0
09/09 15:26:13:787 Local queue size: 0
09/09 15:26:23:795 Local queue size: 0
09/09 15:26:33:811 Local queue size: 0
09/09 15:26:43:855 Local queue size: 0
09/09 15:26:53:857 Local queue size: 0
09/09 15:27:03:859 Local queue size: 0
09/09 15:27:13:959 Local queue size: 0
09/09 15:27:23:999 Local queue size: 0
09/09 15:27:34:005 Local queue size: 0
09/09 15:27:44:012 Local queue size: 0
09/09 15:27:54:013 Local queue size: 0
09/09 15:28:04:014 Local queue size: 0
09/09 15:28:14:034 Local queue size: 0
09/09 15:28:24:041 Local queue size: 0
09/09 15:28:34:050 Local queue size: 0
09/09 15:28:44:058 Local queue size: 0
09/09 15:29:47:331 OSA Callback started
09/09 15:29:49:690 Starting process session
09/09 15:29:50:327 Total 0 instances are started
09/09 15:29:50:331 Total 1 instances are added
09/09 15:30:00:522 Local queue size: 0
09/09 15:30:10:540 Local queue size: 0
09/09 15:30:20:550 Local queue size: 0
09/09 15:30:30:645 Local queue size: 0
09/09 15:30:40:647 Local queue size: 0
09/09 15:30:50:648 Local queue size: 0
09/09 15:31:00:662 Local queue size: 0
09/09 15:31:10:670 Local queue size: 0
09/09 15:31:20:700 Local queue size: 0
09/09 15:31:30:723 Local queue size: 0
09/09 15:31:40:735 Local queue size: 0
09/09 15:31:50:738 Local queue size: 0
09/09 15:32:00:740 Local queue size: 0
09/09 15:32:10:742 Local queue size: 0
09/09 15:32:20:751 Local queue size: 0
09/09 15:32:30:753 Local queue size: 0
09/09 15:32:40:758 Local queue size: 0
09/09 15:32:50:760 Local queue size: 0
09/09 15:33:00:764 Local queue size: 0
09/09 15:33:10:767 Local queue size: 0
09/09 15:33:20:768 Local queue size: 0
09/09 15:33:30:851 Local queue size: 0
09/09 15:33:40:869 Local queue size: 0
09/09 15:33:50:878 Local queue size: 0
09/09 15:34:00:894 Local queue size: 0
09/09 15:34:10:897 Local queue size: 0
09/09 15:34:20:913 Local queue size: 0
09/09 15:34:30:922 Local queue size: 0
09/09 15:34:40:933 Local queue size: 0
09/09 15:34:50:936 Local queue size: 0
09/09 15:35:00:938 Local queue size: 0
09/09 15:35:10:942 Local queue size: 0
09/09 15:35:20:985 Local queue size: 0
09/09 15:35:30:987 Local queue size: 0
09/09 15:35:40:993 Local queue size: 0
09/09 15:35:51:045 Local queue size: 0
09/09 15:36:01:073 Local queue size: 0
09/09 15:36:11:161 Local queue size: 0
09/09 15:36:21:169 Local queue size: 0
09/09 15:36:31:180 Local queue size: 0
09/09 15:36:41:190 Local queue size: 0
09/09 15:36:51:241 Local queue size: 0
09/09 15:37:01:252 Local queue size: 0
09/09 15:37:11:253 Local queue size: 0
09/09 15:37:21:258 Local queue size: 0
09/09 15:37:31:264 Local queue size: 0
09/09 15:37:41:305 Local queue size: 0
09/09 15:37:51:315 Local queue size: 0
09/09 15:38:01:323 Local queue size: 0
09/09 15:38:11:330 Local queue size: 0
09/09 15:38:21:358 Local queue size: 0
09/09 15:38:31:362 Local queue size: 0
09/09 15:38:41:372 Local queue size: 0
09/09 15:38:51:379 Local queue size: 0
09/09 15:39:01:387 Local queue size: 0
09/09 15:39:11:474 Local queue size: 0
09/09 15:39:21:476 Local queue size: 0
09/09 15:39:31:478 Local queue size: 0
09/09 15:39:41:480 Local queue size: 0
09/09 15:39:51:484 Local queue size: 0
09/09 15:40:01:558 Local queue size: 0
09/09 15:40:11:562 Local queue size: 0
09/09 15:40:21:568 Local queue size: 0
09/09 15:40:31:575 Local queue size: 0
09/09 15:40:41:577 Local queue size: 0
09/09 15:40:51:675 Local queue size: 0
09/09 15:41:01:688 Local queue size: 0
09/09 15:41:11:690 Local queue size: 0
09/09 15:41:21:694 Local queue size: 0
09/09 15:41:31:696 Local queue size: 0
09/09 15:41:41:701 Local queue size: 0
09/09 15:41:51:721 Local queue size: 0
09/09 15:42:01:723 Local queue size: 0
09/09 15:42:11:734 Local queue size: 0
09/09 15:42:21:794 Local queue size: 0
09/09 15:42:31:805 Local queue size: 0
09/09 15:42:41:818 Local queue size: 0
09/09 15:42:51:824 Local queue size: 0
09/09 15:43:01:830 Local queue size: 0
09/09 15:43:11:891 Local queue size: 0
09/09 15:43:21:917 Local queue size: 0
09/09 15:43:31:920 Local queue size: 0
09/09 15:43:41:922 Local queue size: 0
09/09 15:43:51:937 Local queue size: 0
09/09 15:44:01:943 Local queue size: 0
09/09 15:44:11:946 Local queue size: 0
09/09 15:44:21:952 Local queue size: 0
09/09 15:44:31:959 Local queue size: 0
09/09 15:44:41:961 Local queue size: 0
09/09 15:44:54:329 OSA Callback started
09/09 15:44:57:924 Starting process session
09/09 15:44:58:028 Total 0 instances are started
09/09 15:44:58:028 Total 1 instances are added
09/09 15:45:08:170 Local queue size: 0
09/09 15:45:18:176 Local queue size: 0
09/09 15:45:28:205 Local queue size: 0
09/09 15:45:38:210 Local queue size: 0
09/09 15:45:48:234 Local queue size: 0
09/09 15:45:58:242 Local queue size: 0
09/09 15:46:08:246 Local queue size: 0
09/09 15:46:18:252 Local queue size: 0
09/09 15:46:28:266 Local queue size: 0
09/09 15:46:38:329 Local queue size: 0
09/09 15:46:48:340 Local queue size: 0
09/09 15:46:58:350 Local queue size: 0
09/09 15:47:08:351 Local queue size: 0
09/09 15:47:18:355 Local queue size: 0
09/09 15:47:28:358 Local queue size: 0
09/09 15:47:38:362 Local queue size: 0
09/09 15:47:48:382 Local queue size: 0
09/09 15:47:58:386 Local queue size: 0
09/09 15:48:08:389 Local queue size: 0
09/09 15:48:18:406 Local queue size: 0
09/09 15:48:28:410 Local queue size: 0
09/09 15:48:38:412 Local queue size: 0
09/09 15:48:48:413 Local queue size: 0
09/09 15:48:58:423 Local queue size: 0
09/09 15:49:08:430 Local queue size: 0
09/09 15:49:18:442 Local queue size: 0
09/09 15:49:28:449 Local queue size: 0
09/09 15:49:38:460 Local queue size: 0
09/09 15:49:48:462 Local queue size: 0
09/09 15:49:58:469 Local queue size: 0
09/09 15:50:08:497 Local queue size: 0
09/09 15:50:18:498 Local queue size: 0
09/09 15:50:28:503 Local queue size: 0
09/09 15:50:38:505 Local queue size: 0
09/09 15:50:48:507 Local queue size: 0
09/09 15:50:58:509 Local queue size: 0
09/09 15:51:08:519 Local queue size: 0
09/09 15:51:18:566 Local queue size: 0
09/09 15:51:28:579 Local queue size: 0
09/09 15:51:38:596 Local queue size: 0
09/09 15:51:48:614 Local queue size: 0
09/09 15:51:58:616 Local queue size: 0
09/09 15:52:08:633 Local queue size: 0
09/09 15:52:18:653 Local queue size: 0
09/09 15:52:28:655 Local queue size: 0
09/09 15:52:38:674 Local queue size: 0
09/09 15:52:48:686 Local queue size: 0
09/09 15:52:58:711 Local queue size: 0
09/09 15:53:08:716 Local queue size: 0
09/09 15:53:18:719 Local queue size: 0
09/09 15:53:28:726 Local queue size: 0
09/09 15:53:38:760 Local queue size: 0
09/09 15:53:48:762 Local queue size: 0
09/09 15:53:58:770 Local queue size: 0
09/09 15:54:08:780 Local queue size: 0
09/09 15:54:18:782 Local queue size: 0
09/09 15:54:28:846 Local queue size: 0
09/09 15:54:38:856 Local queue size: 0
09/09 15:54:48:858 Local queue size: 0
09/09 15:54:58:867 Local queue size: 0
09/09 15:55:08:950 Local queue size: 0
09/09 15:55:18:956 Local queue size: 0
09/09 15:55:28:961 Local queue size: 0
09/09 15:55:38:965 Local queue size: 0
09/09 15:55:48:984 Local queue size: 0
09/09 15:55:59:059 Local queue size: 0
09/09 15:56:09:064 Local queue size: 0
09/09 15:56:19:077 Local queue size: 0
09/09 15:56:29:085 Local queue size: 0
09/09 15:56:39:093 Local queue size: 0
09/09 15:56:49:182 Local queue size: 0
09/09 15:56:59:192 Local queue size: 0
09/09 15:57:09:196 Local queue size: 0
09/09 15:57:19:200 Local queue size: 0
09/09 15:57:29:268 Local queue size: 0
09/09 15:57:39:275 Local queue size: 0
09/09 15:57:49:298 Local queue size: 0
09/09 15:57:59:398 Local queue size: 0
09/09 15:58:09:400 Local queue size: 0
09/09 15:58:19:407 Local queue size: 0
09/09 15:58:29:415 Local queue size: 0
09/09 15:58:39:504 Local queue size: 0
09/09 15:58:49:512 Local queue size: 0
09/09 15:58:59:513 Local queue size: 0
09/09 15:59:09:526 Local queue size: 0
09/09 15:59:19:536 Local queue size: 0
09/09 15:59:29:571 Local queue size: 0
09/09 15:59:39:610 Local queue size: 0
09/09 15:59:49:631 Local queue size: 0
09/09 15:59:59:644 Local queue size: 0
09/09 16:00:09:650 Local queue size: 0
09/09 16:00:19:681 Local queue size: 0
09/09 16:00:29:689 Local queue size: 0
09/09 16:00:39:694 Local queue size: 0
09/09 16:00:49:704 Local queue size: 0
09/09 16:00:59:726 Local queue size: 0
09/09 16:01:09:733 Local queue size: 0
09/09 16:01:19:745 Local queue size: 0
09/09 16:01:29:757 Local queue size: 0
09/09 16:01:39:767 Local queue size: 0
09/09 16:01:49:790 Local queue size: 0
09/09 16:01:59:798 Local queue size: 0
09/09 16:02:09:800 Local queue size: 0
09/09 16:02:19:812 Local queue size: 0
09/09 16:02:29:813 Local queue size: 0
09/09 16:02:39:821 Local queue size: 0
09/09 16:02:49:822 Local queue size: 0
09/09 16:02:59:824 Local queue size: 0
09/09 16:03:09:830 Local queue size: 0
09/09 16:03:19:838 Local queue size: 0
09/09 16:03:29:909 Local queue size: 0
09/09 16:03:39:919 Local queue size: 0
09/09 16:03:49:933 Local queue size: 0
09/09 16:03:59:958 Local queue size: 0
09/09 16:04:09:963 Local queue size: 0
09/09 16:04:19:977 Local queue size: 0
09/09 16:04:29:980 Local queue size: 0
09/09 16:04:40:024 Local queue size: 0
09/09 16:04:50:025 Local queue size: 0
09/09 16:05:00:029 Local queue size: 0
09/09 16:05:10:034 Local queue size: 0
09/09 16:05:20:058 Local queue size: 0
09/09 16:05:30:093 Local queue size: 0
09/09 16:05:40:114 Local queue size: 0
09/09 16:05:50:130 Local queue size: 0
09/09 16:06:00:132 Local queue size: 0
09/09 16:06:10:134 Local queue size: 0
09/09 16:06:20:155 Local queue size: 0
09/09 16:06:30:160 Local queue size: 0
09/09 16:06:40:171 Local queue size: 0
09/09 16:06:50:190 Local queue size: 0
09/09 16:07:00:204 Local queue size: 0
09/09 16:07:10:213 Local queue size: 0
09/09 16:07:20:224 Local queue size: 0
09/09 16:07:30:268 Local queue size: 0
09/09 16:07:40:271 Local queue size: 0
09/09 16:07:50:370 Local queue size: 0
09/09 16:08:00:384 Local queue size: 0
09/09 16:08:10:403 Local queue size: 0
09/09 16:08:20:423 Local queue size: 0
09/09 16:08:30:450 Local queue size: 0
09/09 16:08:40:511 Local queue size: 0
09/09 16:08:50:522 Local queue size: 0
09/09 16:09:00:533 Local queue size: 0
09/09 16:09:10:535 Local queue size: 0
09/09 16:09:20:565 Local queue size: 0
09/09 16:09:30:566 Local queue size: 0
09/09 16:09:40:568 Local queue size: 0
09/09 16:09:50:570 Local queue size: 0
09/09 16:10:00:652 Local queue size: 0
09/09 16:10:10:661 Local queue size: 0
09/09 16:10:20:667 Local queue size: 0
09/09 16:10:30:685 Local queue size: 0
09/09 16:10:40:711 Local queue size: 0
09/09 16:10:50:769 Local queue size: 0
09/09 16:11:00:771 Local queue size: 0
09/09 16:11:10:773 Local queue size: 0
09/09 16:11:20:805 Local queue size: 0
09/09 16:11:30:829 Local queue size: 0
09/09 16:11:40:833 Local queue size: 0
09/09 16:11:50:834 Local queue size: 0
09/09 16:12:00:845 Local queue size: 0
09/09 16:12:10:855 Local queue size: 0
09/09 16:12:20:859 Local queue size: 0
09/09 16:12:30:863 Local queue size: 0
09/09 16:12:40:865 Local queue size: 0
09/09 16:12:50:883 Local queue size: 0
09/09 16:13:00:961 Local queue size: 0
09/09 16:13:10:964 Local queue size: 0
09/09 16:13:20:973 Local queue size: 0
09/09 16:13:30:981 Local queue size: 0
09/09 16:13:40:992 Local queue size: 0
09/09 16:13:51:010 Local queue size: 0
09/09 16:14:01:026 Local queue size: 0
09/09 16:14:11:046 Local queue size: 0
09/09 16:14:21:057 Local queue size: 0
09/09 16:14:31:122 Local queue size: 0
09/09 16:14:41:125 Local queue size: 0
09/09 16:14:51:133 Local queue size: 0
09/09 16:15:01:136 Local queue size: 0
09/09 16:15:11:142 Local queue size: 0
09/09 16:15:21:145 Local queue size: 0
09/09 16:15:31:150 Local queue size: 0
09/09 16:15:41:152 Local queue size: 0
09/09 16:15:51:155 Local queue size: 0
09/09 16:16:01:157 Local queue size: 0
09/09 16:16:11:158 Local queue size: 0
09/09 16:16:21:175 Local queue size: 0
09/09 16:16:31:181 Local queue size: 0
09/09 16:16:41:183 Local queue size: 0
09/09 16:16:51:190 Local queue size: 0
09/09 16:17:01:191 Local queue size: 0
09/09 16:17:11:197 Local queue size: 0
09/09 16:17:21:198 Local queue size: 0
09/09 16:17:31:200 Local queue size: 0
09/09 16:17:41:215 Local queue size: 0
09/09 16:17:51:220 Local queue size: 0
09/09 16:18:01:230 Local queue size: 0
09/09 16:18:11:232 Local queue size: 0
09/09 16:18:21:249 Local queue size: 0
09/09 16:18:31:260 Local queue size: 0
09/09 16:18:41:271 Local queue size: 0
09/09 16:18:51:280 Local queue size: 0
09/09 16:19:01:283 Local queue size: 0
09/09 16:19:11:285 Local queue size: 0
09/09 16:19:21:291 Local queue size: 0
09/09 16:19:31:344 Local queue size: 0
09/09 16:19:41:348 Local queue size: 0
09/09 16:19:51:366 Local queue size: 0
09/09 16:20:01:380 Local queue size: 0
09/09 16:20:11:457 Local queue size: 0
09/09 16:20:21:475 Local queue size: 0
09/09 16:20:31:499 Local queue size: 0
09/09 16:20:41:520 Local queue size: 0
09/09 16:20:51:543 Local queue size: 0
09/09 16:21:01:546 Local queue size: 0
09/09 16:21:11:572 Local queue size: 0
09/09 16:21:21:579 Local queue size: 0
09/09 16:21:31:592 Local queue size: 0
09/09 16:21:41:608 Local queue size: 0
09/09 16:21:51:610 Local queue size: 0
09/09 16:22:01:611 Local queue size: 0
09/09 16:22:11:622 Local queue size: 0
09/09 16:22:21:636 Local queue size: 0
09/09 16:22:31:652 Local queue size: 0
09/09 16:22:41:655 Local queue size: 0
09/09 16:22:51:680 Local queue size: 0
09/09 16:23:01:688 Local queue size: 0
09/09 16:23:11:691 Local queue size: 0
09/09 16:23:21:695 Local queue size: 0
09/09 16:23:31:701 Local queue size: 0
09/09 16:23:41:766 Local queue size: 0
09/09 16:23:51:780 Local queue size: 0
09/09 16:24:01:797 Local queue size: 0
09/09 16:24:11:801 Local queue size: 0
09/09 16:24:21:865 Local queue size: 0
09/09 16:24:31:869 Local queue size: 0
09/09 16:24:41:872 Local queue size: 0
09/09 16:24:51:877 Local queue size: 0
09/09 16:25:01:897 Local queue size: 0
09/09 16:25:11:936 Local queue size: 0
09/09 16:25:21:946 Local queue size: 0
09/09 16:25:31:954 Local queue size: 0
09/09 16:25:41:959 Local queue size: 0
09/09 16:25:51:971 Local queue size: 0
09/09 16:26:02:001 Local queue size: 0
09/09 16:26:12:012 Local queue size: 0
09/09 16:26:22:018 Local queue size: 0
09/09 16:26:32:020 Local queue size: 0
09/09 16:26:42:029 Local queue size: 0
09/09 16:26:52:081 Local queue size: 0
09/09 16:27:02:099 Local queue size: 0
09/09 16:27:12:107 Local queue size: 0
09/09 16:27:22:123 Local queue size: 0
09/09 16:27:32:159 Local queue size: 0
09/09 16:27:42:176 Local queue size: 0
09/09 16:27:52:187 Local queue size: 0
09/09 16:28:02:209 Local queue size: 0
09/09 16:28:28:352 OSA Callback started
09/09 16:28:30:126 Starting process session
09/09 16:28:30:304 Total 0 instances are started
09/09 16:28:30:305 Total 1 instances are added
09/09 16:28:40:459 Local queue size: 0
09/09 16:28:50:470 Local queue size: 0
09/09 16:29:00:472 Local queue size: 0
09/09 16:29:10:501 Local queue size: 0
09/09 16:29:20:601 Local queue size: 0
09/09 16:29:30:620 Local queue size: 0
09/09 16:29:40:630 Local queue size: 0
09/09 16:29:50:634 Local queue size: 0
09/09 16:30:00:637 Local queue size: 0
09/09 16:30:10:701 Local queue size: 0
09/09 16:30:20:713 Local queue size: 0
09/09 16:30:30:730 Local queue size: 0
09/09 16:30:40:747 Local queue size: 0
09/09 16:30:50:748 Local queue size: 0
09/09 16:31:00:794 Local queue size: 0
09/09 16:31:10:804 Local queue size: 0
09/09 16:31:20:811 Local queue size: 0
09/09 16:31:30:818 Local queue size: 0
09/09 16:31:40:831 Local queue size: 0
09/09 16:31:50:833 Local queue size: 0
09/09 16:32:00:929 Local queue size: 0
09/09 16:32:10:947 Local queue size: 0
09/09 16:32:20:949 Local queue size: 0
09/09 16:32:30:960 Local queue size: 0
09/09 16:32:41:021 Local queue size: 0
09/09 16:32:51:036 Local queue size: 0
09/09 16:33:01:039 Local queue size: 0
09/09 16:33:11:057 Local queue size: 0
09/09 16:33:21:074 Local queue size: 0
09/09 16:33:31:078 Local queue size: 0
09/09 16:33:41:084 Local queue size: 0
09/09 16:33:51:138 Local queue size: 0
09/09 16:34:01:146 Local queue size: 0
09/09 16:34:11:148 Local queue size: 0
09/09 16:34:21:149 Local queue size: 0
09/09 16:34:31:247 Local queue size: 0
09/09 16:34:41:263 Local queue size: 0
09/09 16:34:51:276 Local queue size: 0
09/09 16:35:01:279 Local queue size: 0
09/09 16:35:11:282 Local queue size: 0
09/09 16:35:21:284 Local queue size: 0
09/09 16:35:31:289 Local queue size: 0
09/09 16:35:41:291 Local queue size: 0
09/09 16:35:51:293 Local queue size: 0
09/09 16:36:01:295 Local queue size: 0
09/09 16:36:11:301 Local queue size: 0
09/09 16:36:21:319 Local queue size: 0
09/09 16:36:31:322 Local queue size: 0
09/09 16:36:41:324 Local queue size: 0
09/09 16:36:51:331 Local queue size: 0
09/09 16:37:01:342 Local queue size: 0
09/09 16:37:11:345 Local queue size: 0
09/09 16:37:21:373 Local queue size: 0
09/09 16:37:31:390 Local queue size: 0
09/09 16:37:41:415 Local queue size: 0
09/09 16:37:51:424 Local queue size: 0
09/09 16:38:01:426 Local queue size: 0
09/09 16:38:11:438 Local queue size: 0
09/09 16:38:21:446 Local queue size: 0
09/09 16:38:31:454 Local queue size: 0
09/09 16:38:41:459 Local queue size: 0
09/09 16:38:51:488 Local queue size: 0
09/09 16:39:01:495 Local queue size: 0
09/09 16:39:11:497 Local queue size: 0
09/09 16:39:27:049 OSA Callback started
09/09 16:39:30:762 Starting process session
09/09 16:39:30:866 Total 0 instances are started
09/09 16:39:30:866 Total 1 instances are added
09/09 16:39:41:058 Local queue size: 0
09/09 16:39:51:085 Local queue size: 0
09/09 16:40:01:101 Local queue size: 0
09/09 16:40:11:122 Local queue size: 0
09/09 16:40:21:141 Local queue size: 0
09/09 16:40:31:176 Local queue size: 0
09/09 16:40:41:192 Local queue size: 0
09/09 16:40:51:279 Local queue size: 0
09/09 16:41:01:280 Local queue size: 0
09/09 16:41:11:292 Local queue size: 0
09/09 16:41:21:306 Local queue size: 0
09/09 16:41:31:339 Local queue size: 0
09/09 16:41:41:342 Local queue size: 0
09/09 16:41:51:348 Local queue size: 0
09/09 16:42:01:354 Local queue size: 0
09/09 16:42:11:437 Local queue size: 0
09/09 16:42:21:443 Local queue size: 0
09/09 16:42:31:444 Local queue size: 0
09/09 16:42:41:446 Local queue size: 0
09/09 16:42:51:449 Local queue size: 0
09/09 16:43:01:450 Local queue size: 0
09/09 16:43:11:452 Local queue size: 0
09/09 16:43:21:453 Local queue size: 0
09/09 16:43:31:455 Local queue size: 0
09/09 16:43:41:457 Local queue size: 0
09/09 16:43:51:463 Local queue size: 0
09/09 16:44:01:465 Local queue size: 0
09/09 16:44:11:466 Local queue size: 0
09/09 16:44:21:469 Local queue size: 0
09/09 16:44:31:470 Local queue size: 0
09/09 16:44:41:483 Local queue size: 0
09/09 16:44:51:489 Local queue size: 0
09/09 16:45:01:497 Local queue size: 0
09/09 16:45:11:499 Local queue size: 0
09/09 16:45:21:509 Local queue size: 0
09/09 16:45:31:513 Local queue size: 0
09/09 16:45:41:533 Local queue size: 0
09/09 16:45:51:604 Local queue size: 0
09/09 16:46:01:605 Local queue size: 0
09/09 16:46:11:606 Local queue size: 0
09/09 16:46:21:610 Local queue size: 0
09/09 16:46:31:619 Local queue size: 0
09/09 16:46:41:621 Local queue size: 0
09/09 16:46:51:628 Local queue size: 0
09/09 16:47:01:635 Local queue size: 0
09/09 16:47:11:728 Local queue size: 0
09/09 16:47:21:738 Local queue size: 0
09/09 16:47:31:753 Local queue size: 0
09/09 16:47:41:766 Local queue size: 0
09/09 16:47:51:781 Local queue size: 0
09/09 16:48:01:879 Local queue size: 0
09/09 16:48:11:887 Local queue size: 0
09/09 16:48:21:900 Local queue size: 0
09/09 16:48:31:918 Local queue size: 0
09/09 16:48:41:920 Local queue size: 0
09/09 16:48:51:926 Local queue size: 0
09/09 16:49:01:942 Local queue size: 0
09/09 16:49:11:947 Local queue size: 0
09/09 16:49:21:949 Local queue size: 0
09/09 16:49:31:951 Local queue size: 0
09/09 16:49:41:956 Local queue size: 0
09/09 16:49:51:999 Local queue size: 0
09/09 16:50:02:008 Local queue size: 0
09/09 16:50:12:023 Local queue size: 0
09/09 16:50:22:024 Local queue size: 0
09/09 16:50:32:032 Local queue size: 0
09/09 16:50:42:042 Local queue size: 0
09/09 16:51:03:197 OSA Callback started
09/09 16:51:06:710 Starting process session
09/09 16:51:06:824 Total 0 instances are started
09/09 16:51:06:824 Total 1 instances are added
09/09 16:51:16:986 Local queue size: 0
09/09 16:51:26:991 Local queue size: 0
09/09 16:51:37:009 Local queue size: 0
09/09 16:51:47:082 Local queue size: 0
09/09 16:51:57:138 Local queue size: 0
09/09 16:52:07:196 Local queue size: 0
09/09 16:52:19:396 OSA Callback started
09/09 16:52:21:584 Starting process session
09/09 16:52:22:267 Total 0 instances are started
09/09 16:52:22:279 Total 1 instances are added
09/09 16:52:32:473 Local queue size: 0
09/09 16:52:42:573 Local queue size: 0
09/09 16:52:52:574 Local queue size: 0
09/09 16:53:02:627 Local queue size: 0
09/09 16:53:12:628 Local queue size: 0
09/09 16:53:22:721 Local queue size: 0
09/09 16:53:32:736 Local queue size: 0
09/09 16:53:42:748 Local queue size: 0
09/09 16:53:52:753 Local queue size: 0
09/09 16:54:02:836 Local queue size: 0
09/09 16:54:12:861 Local queue size: 0
09/09 16:54:22:873 Local queue size: 0
09/09 16:54:32:885 Local queue size: 0
09/09 16:54:42:889 Local queue size: 0
09/09 16:54:52:913 Local queue size: 0
09/09 16:55:02:923 Local queue size: 0
09/09 16:55:12:935 Local queue size: 0
09/09 16:55:22:949 Local queue size: 0
09/09 16:55:32:973 Local queue size: 0
09/09 16:55:42:995 Local queue size: 0
09/09 16:55:53:068 Local queue size: 0
09/09 16:56:03:084 Local queue size: 0
09/09 16:56:13:098 Local queue size: 0
09/09 16:56:23:108 Local queue size: 0
09/09 16:56:33:120 Local queue size: 0
09/09 16:56:43:125 Local queue size: 0
09/09 16:56:53:127 Local queue size: 0
09/09 16:57:03:180 Local queue size: 0
09/09 16:57:13:192 Local queue size: 0
09/09 16:57:23:201 Local queue size: 0
09/09 16:57:33:215 Local queue size: 0
09/09 16:57:43:230 Local queue size: 0
09/09 16:57:53:232 Local queue size: 0
09/09 16:58:03:234 Local queue size: 0
09/09 16:58:13:240 Local queue size: 0
09/09 16:58:23:245 Local queue size: 0
09/09 16:58:33:253 Local queue size: 0
09/09 16:58:43:261 Local queue size: 0
09/09 16:58:53:286 Local queue size: 0
09/09 16:59:03:316 Local queue size: 0
09/09 16:59:13:318 Local queue size: 0
09/09 16:59:23:370 Local queue size: 0
09/09 16:59:33:375 Local queue size: 0
09/09 16:59:43:394 Local queue size: 0
09/09 16:59:53:407 Local queue size: 0
09/09 17:00:03:500 Local queue size: 0
09/09 17:00:13:513 Local queue size: 0
09/09 17:00:23:515 Local queue size: 0
09/09 17:00:33:518 Local queue size: 0
09/09 17:00:43:533 Local queue size: 0
09/09 17:00:53:542 Local queue size: 0
09/09 17:01:03:588 Local queue size: 0
09/09 17:01:13:595 Local queue size: 0
09/09 17:01:23:609 Local queue size: 0
09/09 17:01:33:631 Local queue size: 0
09/09 17:01:43:638 Local queue size: 0
09/09 17:01:53:640 Local queue size: 0
09/09 17:02:03:653 Local queue size: 0
09/09 17:02:13:656 Local queue size: 0
09/09 17:02:23:662 Local queue size: 0
09/09 17:02:33:663 Local queue size: 0
09/09 17:02:43:670 Local queue size: 0
09/09 17:02:53:674 Local queue size: 0
09/09 17:03:03:692 Local queue size: 0
09/09 17:03:13:694 Local queue size: 0
09/09 17:03:23:698 Local queue size: 0
09/09 17:03:33:700 Local queue size: 0
09/09 17:03:43:718 Local queue size: 0
09/09 17:03:53:743 Local queue size: 0
09/09 17:04:03:761 Local queue size: 0
09/09 17:04:13:763 Local queue size: 0
09/09 17:04:48:617 OSA Callback started
09/09 17:04:49:821 Starting process session
09/09 17:04:49:932 Total 0 instances are started
09/09 17:04:49:932 Total 1 instances are added
09/09 17:05:00:061 Local queue size: 0
09/09 17:05:10:071 Local queue size: 0
09/09 17:05:20:088 Local queue size: 0
09/09 17:05:30:134 Local queue size: 0
09/09 17:05:40:141 Local queue size: 0
09/09 17:05:50:142 Local queue size: 0
09/09 17:06:00:209 Local queue size: 0
09/09 17:06:10:217 Local queue size: 0
09/09 17:06:20:219 Local queue size: 0
09/09 17:06:30:228 Local queue size: 0
09/09 17:06:40:328 Local queue size: 0
09/09 17:06:50:337 Local queue size: 0
09/09 17:07:00:348 Local queue size: 0
09/09 17:07:10:350 Local queue size: 0
09/09 17:07:20:387 Local queue size: 0
09/09 17:07:30:393 Local queue size: 0
09/09 17:07:40:399 Local queue size: 0
09/09 17:07:50:425 Local queue size: 0
09/09 17:08:00:427 Local queue size: 0
09/09 17:08:10:435 Local queue size: 0
09/09 17:08:20:442 Local queue size: 0
09/09 17:08:30:444 Local queue size: 0
09/09 17:08:40:466 Local queue size: 0
09/09 17:08:50:468 Local queue size: 0
09/09 17:09:00:470 Local queue size: 0
09/09 17:09:10:472 Local queue size: 0
09/09 17:09:20:537 Local queue size: 0
09/09 17:09:30:538 Local queue size: 0
09/09 17:09:40:540 Local queue size: 0
09/09 17:09:50:547 Local queue size: 0
09/09 17:10:00:555 Local queue size: 0
09/09 17:10:10:564 Local queue size: 0
09/09 17:10:20:566 Local queue size: 0
09/09 17:10:30:569 Local queue size: 0
09/09 17:10:40:573 Local queue size: 0
09/09 17:10:50:575 Local queue size: 0
09/09 17:11:00:600 Local queue size: 0
09/09 17:11:10:611 Local queue size: 0
09/09 17:11:20:614 Local queue size: 0
09/09 17:11:30:621 Local queue size: 0
09/09 17:11:40:623 Local queue size: 0
09/09 17:11:50:723 Local queue size: 0
09/09 17:12:00:726 Local queue size: 0
09/09 17:12:10:727 Local queue size: 0
09/09 17:12:20:734 Local queue size: 0
09/09 17:12:30:748 Local queue size: 0
09/09 17:12:40:763 Local queue size: 0
09/09 17:12:50:771 Local queue size: 0
09/09 17:13:00:785 Local queue size: 0
09/09 17:13:10:798 Local queue size: 0
09/09 17:13:20:799 Local queue size: 0
09/09 17:13:30:803 Local queue size: 0
09/09 17:13:40:809 Local queue size: 0
09/09 17:13:50:811 Local queue size: 0
09/09 17:14:00:852 Local queue size: 0
09/09 17:14:10:859 Local queue size: 0
09/09 17:14:20:864 Local queue size: 0
09/09 17:14:30:869 Local queue size: 0
09/09 17:14:40:871 Local queue size: 0
09/09 17:14:50:896 Local queue size: 0
09/09 17:15:16:771 OSA Callback started
09/09 17:15:18:925 Starting process session
09/09 17:15:19:091 Total 0 instances are started
09/09 17:15:19:097 Total 1 instances are added
09/09 17:15:29:632 Local queue size: 0
09/09 17:15:39:681 Local queue size: 0
09/09 17:15:49:736 Local queue size: 0
09/09 17:15:59:815 Local queue size: 0
09/09 17:16:09:817 Local queue size: 0
09/09 17:16:19:818 Local queue size: 0
09/09 17:16:29:825 Local queue size: 0
09/09 17:16:39:865 Local queue size: 0
09/09 17:16:49:878 Local queue size: 0
09/09 17:16:59:882 Local queue size: 0
09/09 17:17:09:899 Local queue size: 0
09/09 17:17:19:972 Local queue size: 0
09/09 17:17:29:981 Local queue size: 0
09/09 17:19:25:821 OSA Callback started
09/09 17:19:27:183 Starting process session
09/09 17:19:27:310 Total 0 instances are started
09/09 17:19:27:315 Total 1 instances are added
09/09 17:19:37:443 Local queue size: 0
09/09 17:19:47:480 Local queue size: 0
09/09 17:19:57:490 Local queue size: 0
09/09 17:20:07:502 Local queue size: 0
09/09 17:20:17:579 Local queue size: 0
09/09 17:20:27:581 Local queue size: 0
09/09 17:20:37:589 Local queue size: 0
09/09 17:20:47:593 Local queue size: 0
09/09 17:20:57:642 Local queue size: 0
09/09 17:21:07:659 Local queue size: 0
09/09 17:21:17:702 Local queue size: 0
09/09 17:21:27:752 Local queue size: 0
09/09 17:21:37:773 Local queue size: 0
09/09 17:21:47:850 Local queue size: 0
09/09 17:21:57:856 Local queue size: 0
09/09 17:22:07:857 Local queue size: 0
09/09 17:22:17:880 Local queue size: 0
09/09 17:22:27:882 Local queue size: 0
09/09 17:22:37:956 Local queue size: 0
09/09 17:22:47:958 Local queue size: 0
09/09 17:22:57:959 Local queue size: 0
09/09 17:23:07:961 Local queue size: 0
09/09 17:23:17:963 Local queue size: 0
09/09 17:23:28:036 Local queue size: 0
09/09 17:23:38:048 Local queue size: 0
09/09 17:23:48:051 Local queue size: 0
09/09 17:23:58:095 Local queue size: 0
09/09 17:24:08:098 Local queue size: 0
09/09 17:24:18:180 Local queue size: 0
09/09 17:24:28:189 Local queue size: 0
09/09 17:24:38:191 Local queue size: 0
09/09 17:25:12:584 OSA Callback started
09/09 17:25:14:811 Starting process session
09/09 17:25:15:385 Total 0 instances are started
09/09 17:25:15:386 Total 1 instances are added
09/09 17:25:25:582 Local queue size: 0
09/09 17:25:35:591 Local queue size: 0
09/09 17:25:45:623 Local queue size: 0
09/09 17:25:55:627 Local queue size: 0
09/09 17:26:05:629 Local queue size: 0
09/09 17:26:15:685 Local queue size: 0
09/09 17:26:25:688 Local queue size: 0
09/09 17:26:35:710 Local queue size: 0
09/09 17:26:45:712 Local queue size: 0
09/09 17:26:55:767 Local queue size: 0
09/09 17:27:05:805 Local queue size: 0
09/09 17:27:15:843 Local queue size: 0
09/09 17:27:25:861 Local queue size: 0
09/09 17:27:35:869 Local queue size: 0
09/09 17:27:45:880 Local queue size: 0
09/09 17:27:55:881 Local queue size: 0
09/09 17:28:05:886 Local queue size: 0
09/09 17:28:15:887 Local queue size: 0
09/09 17:28:25:889 Local queue size: 0
09/09 17:28:41:294 OSA Callback started
09/09 17:28:43:393 Starting process session
09/09 17:28:43:754 Total 0 instances are started
09/09 17:28:43:763 Total 1 instances are added
09/09 17:28:53:985 Local queue size: 0
09/09 17:29:03:996 Local queue size: 0
09/09 17:29:14:005 Local queue size: 0
09/09 17:29:24:030 Local queue size: 0
09/09 17:29:34:040 Local queue size: 0
09/09 17:29:44:046 Local queue size: 0
09/09 17:29:54:050 Local queue size: 0
09/09 17:31:10:062 OSA Callback started
09/09 17:31:10:698 Starting process session
09/09 17:31:10:826 Total 0 instances are started
09/09 17:31:10:826 Total 1 instances are added
09/09 17:31:21:011 Local queue size: 0
09/09 17:31:31:044 Local queue size: 0
09/09 17:31:41:099 Local queue size: 0
09/09 17:31:51:101 Local queue size: 0
09/09 17:32:01:119 Local queue size: 0
09/09 17:32:11:203 Local queue size: 0
09/09 17:32:21:209 Local queue size: 0
09/09 17:32:31:213 Local queue size: 0
09/09 17:32:41:216 Local queue size: 0
09/09 17:32:51:243 Local queue size: 0
09/09 17:33:01:306 Local queue size: 0
09/09 17:33:11:307 Local queue size: 0
09/09 17:33:21:319 Local queue size: 0
09/09 17:33:31:345 Local queue size: 0
09/09 17:33:41:352 Local queue size: 0
09/09 17:33:51:357 Local queue size: 0
09/09 17:34:01:359 Local queue size: 0
09/09 17:34:11:380 Local queue size: 0
09/09 17:34:21:381 Local queue size: 0
09/09 17:34:31:450 Local queue size: 0
09/09 17:34:41:464 Local queue size: 0
09/09 17:34:51:465 Local queue size: 0
09/09 17:35:01:468 Local queue size: 0
09/09 17:35:11:474 Local queue size: 0
09/09 17:35:21:476 Local queue size: 0
09/09 17:35:31:478 Local queue size: 0
09/09 17:35:41:489 Local queue size: 0
09/09 17:35:51:493 Local queue size: 0
09/09 17:36:01:498 Local queue size: 0
09/09 17:36:11:501 Local queue size: 0
09/09 17:36:21:502 Local queue size: 0
09/09 17:36:31:521 Local queue size: 0
09/09 17:36:41:589 Local queue size: 0
09/09 17:36:51:595 Local queue size: 0
09/09 17:37:01:604 Local queue size: 0
09/09 17:37:11:608 Local queue size: 0
09/09 17:37:21:685 Local queue size: 0
09/09 17:37:31:693 Local queue size: 0
09/09 17:37:41:699 Local queue size: 0
09/09 17:37:51:792 Local queue size: 0
09/09 17:38:01:803 Local queue size: 0
09/09 17:38:11:807 Local queue size: 0
09/09 17:38:21:815 Local queue size: 0
09/09 17:38:31:831 Local queue size: 0
09/09 17:38:41:853 Local queue size: 0
09/09 17:38:51:855 Local queue size: 0
09/09 17:39:01:861 Local queue size: 0
09/09 17:39:11:877 Local queue size: 0
09/09 17:39:21:943 Local queue size: 0
09/09 17:39:31:965 Local queue size: 0
09/09 17:39:41:973 Local queue size: 0
09/09 17:39:51:974 Local queue size: 0
09/09 17:40:01:985 Local queue size: 0
09/09 17:40:12:060 Local queue size: 0
09/09 17:40:22:070 Local queue size: 0
09/09 17:40:32:073 Local queue size: 0
09/09 17:40:42:079 Local queue size: 0
09/09 17:40:52:108 Local queue size: 0
09/09 17:41:02:167 Local queue size: 0
09/09 17:41:12:178 Local queue size: 0
09/09 17:41:22:192 Local queue size: 0
09/09 17:41:32:212 Local queue size: 0
09/09 17:41:42:233 Local queue size: 0
09/09 17:41:52:241 Local queue size: 0
09/09 17:42:02:270 Local queue size: 0
09/09 17:42:12:283 Local queue size: 0
09/09 17:42:22:296 Local queue size: 0
09/09 17:42:32:318 Local queue size: 0
09/09 17:42:42:320 Local queue size: 0
09/09 17:42:52:326 Local queue size: 0
09/09 17:43:02:333 Local queue size: 0
09/09 17:43:12:340 Local queue size: 0
09/09 17:43:22:424 Local queue size: 0
09/09 17:43:32:428 Local queue size: 0
09/09 17:43:42:432 Local queue size: 0
09/09 17:43:52:478 Local queue size: 0
09/09 17:44:02:487 Local queue size: 0
09/09 17:44:12:507 Local queue size: 0
09/09 17:44:22:519 Local queue size: 0
09/09 17:44:32:547 Local queue size: 0
09/09 17:44:42:552 Local queue size: 0
09/09 17:44:52:555 Local queue size: 0
09/09 17:45:02:573 Local queue size: 0
09/09 17:45:12:583 Local queue size: 0
09/09 17:45:22:661 Local queue size: 0
09/09 17:45:32:675 Local queue size: 0
09/09 17:45:42:678 Local queue size: 0
09/09 17:45:52:687 Local queue size: 0
09/09 17:46:02:703 Local queue size: 0
09/09 17:46:12:796 Local queue size: 0
09/09 17:46:22:822 Local queue size: 0
09/09 17:46:32:836 Local queue size: 0
09/09 17:46:42:842 Local queue size: 0
09/09 17:46:52:858 Local queue size: 0
09/09 17:47:02:936 Local queue size: 0
09/09 17:47:12:937 Local queue size: 0
09/09 17:47:22:971 Local queue size: 0
09/09 17:47:32:976 Local queue size: 0
09/09 17:47:42:998 Local queue size: 0
09/09 17:47:53:070 Local queue size: 0
09/09 17:48:03:088 Local queue size: 0
09/09 17:48:38:211 OSA Callback started
09/09 17:48:40:519 Starting process session
09/09 17:48:40:865 Total 0 instances are started
09/09 17:48:40:865 Total 1 instances are added
09/09 17:48:51:148 Local queue size: 0
09/09 17:49:01:215 Local queue size: 0
09/09 17:49:11:250 Local queue size: 0
09/09 17:49:21:269 Local queue size: 0
09/09 17:49:31:309 Local queue size: 0
09/09 17:49:41:311 Local queue size: 0
09/09 17:49:51:318 Local queue size: 0
09/09 17:50:01:326 Local queue size: 0
09/09 17:50:11:402 Local queue size: 0
09/09 17:50:21:403 Local queue size: 0
09/09 17:50:31:407 Local queue size: 0
09/09 17:50:41:409 Local queue size: 0
09/09 17:50:51:457 Local queue size: 0
09/09 17:51:01:466 Local queue size: 0
09/09 17:51:11:476 Local queue size: 0
09/09 17:51:21:480 Local queue size: 0
09/09 17:52:50:666 OSA Callback started
09/09 17:52:51:394 Starting process session
09/09 17:52:51:517 Total 0 instances are started
09/09 17:52:51:517 Total 1 instances are added
09/09 17:53:01:656 Local queue size: 0
09/09 17:53:11:681 Local queue size: 0
09/09 17:53:21:721 Local queue size: 0
09/09 17:53:31:726 Local queue size: 0
09/09 17:53:41:728 Local queue size: 0
09/09 17:53:51:731 Local queue size: 0
09/09 17:54:01:763 Local queue size: 0
09/09 17:54:11:771 Local queue size: 0
09/09 17:54:21:791 Local queue size: 0
09/09 17:54:31:794 Local queue size: 0
09/09 17:54:41:842 Local queue size: 0
09/09 17:54:51:867 Local queue size: 0
09/09 17:55:01:878 Local queue size: 0
09/09 17:55:11:909 Local queue size: 0
09/09 17:55:21:942 Local queue size: 0
09/09 17:55:31:961 Local queue size: 0
09/09 17:55:42:007 Local queue size: 0
09/09 17:55:52:037 Local queue size: 0
09/09 17:56:02:043 Local queue size: 0
09/09 17:56:12:049 Local queue size: 0
09/09 17:56:22:099 Local queue size: 0
09/09 17:56:32:103 Local queue size: 0
09/09 17:56:42:118 Local queue size: 0
09/09 17:56:52:126 Local queue size: 0
09/09 17:57:02:129 Local queue size: 0
09/09 17:57:12:149 Local queue size: 0
09/09 17:57:22:150 Local queue size: 0
09/09 17:57:32:183 Local queue size: 0
09/09 17:57:42:199 Local queue size: 0
09/09 17:57:52:233 Local queue size: 0
09/09 17:58:02:241 Local queue size: 0
09/09 17:58:12:243 Local queue size: 0
09/09 17:58:22:245 Local queue size: 0
09/09 17:58:32:251 Local queue size: 0
09/09 17:58:42:309 Local queue size: 0
09/09 17:58:52:310 Local queue size: 0
09/09 17:59:02:327 Local queue size: 0
09/09 17:59:12:392 Local queue size: 0
09/09 17:59:22:412 Local queue size: 0
09/09 17:59:32:420 Local queue size: 0
09/09 17:59:42:446 Local queue size: 0
09/09 17:59:52:476 Local queue size: 0
09/09 18:00:02:490 Local queue size: 0
09/09 18:00:12:494 Local queue size: 0
09/09 18:00:22:498 Local queue size: 0
09/09 18:00:32:530 Local queue size: 0
09/09 18:00:42:532 Local queue size: 0
09/09 18:00:52:539 Local queue size: 0
09/09 18:01:02:541 Local queue size: 0
09/09 18:01:12:543 Local queue size: 0
09/09 18:01:22:544 Local queue size: 0
09/09 18:01:32:552 Local queue size: 0
09/09 18:01:42:554 Local queue size: 0
09/09 18:01:52:603 Local queue size: 0
09/09 18:02:02:605 Local queue size: 0
09/09 18:02:12:623 Local queue size: 0
09/09 18:02:22:626 Local queue size: 0
09/09 18:02:32:657 Local queue size: 0
09/09 18:02:42:681 Local queue size: 0
09/09 18:02:52:683 Local queue size: 0
09/09 18:03:02:687 Local queue size: 0
09/09 18:03:12:696 Local queue size: 0
09/09 18:03:22:731 Local queue size: 0
09/09 18:03:32:734 Local queue size: 0
09/09 18:03:42:741 Local queue size: 0
09/09 18:03:52:759 Local queue size: 0
09/09 18:04:02:856 Local queue size: 0
09/09 18:04:12:858 Local queue size: 0
09/09 18:04:22:866 Local queue size: 0
09/09 18:04:32:876 Local queue size: 0
09/09 18:04:42:885 Local queue size: 0
09/09 18:04:52:949 Local queue size: 0
09/09 18:05:02:956 Local queue size: 0
09/09 18:05:12:963 Local queue size: 0
09/09 18:05:22:993 Local queue size: 0
09/09 18:05:32:996 Local queue size: 0
09/09 18:05:42:999 Local queue size: 0
09/09 18:05:53:023 Local queue size: 0
09/09 18:06:10:251 OSA Callback started
09/09 18:06:11:264 Starting process session
09/09 18:06:11:377 Total 0 instances are started
09/09 18:06:11:378 Total 1 instances are added
09/09 18:06:21:525 Local queue size: 0
09/09 18:06:31:530 Local queue size: 0
09/09 18:06:41:537 Local queue size: 0
09/09 18:06:51:578 Local queue size: 0
09/09 18:07:01:579 Local queue size: 0
09/09 18:07:56:582 OSA Callback started
09/09 18:08:00:200 Starting process session
09/09 18:08:00:339 Total 0 instances are started
09/09 18:08:00:340 Total 1 instances are added
09/09 18:08:10:477 Local queue size: 0
09/09 18:08:20:493 Local queue size: 0
09/09 18:08:30:508 Local queue size: 0
09/09 18:08:40:524 Local queue size: 0
09/09 18:08:50:568 Local queue size: 0
09/09 18:09:00:585 Local queue size: 0
09/09 18:09:10:598 Local queue size: 0
09/09 18:09:20:769 OSA Callback started
09/09 18:09:21:586 Starting process session
09/09 18:09:21:699 Total 0 instances are started
09/09 18:09:21:699 Total 1 instances are added
09/09 18:09:31:874 Local queue size: 0
09/09 18:10:08:380 OSA Callback started
09/09 18:10:11:753 Starting process session
09/09 18:10:12:000 Total 0 instances are started
09/09 18:10:12:001 Total 1 instances are added
09/09 18:10:22:213 Local queue size: 0
09/09 18:10:39:447 OSA Callback started
09/09 18:10:40:265 Starting process session
09/09 18:10:40:381 Total 0 instances are started
09/09 18:10:40:382 Total 1 instances are added
09/09 18:10:54:411 OSA Callback started
09/09 18:10:55:352 Starting process session
09/09 18:10:55:472 Total 0 instances are started
09/09 18:10:55:472 Total 1 instances are added
09/09 18:11:05:631 Local queue size: 0
09/09 18:11:15:633 Local queue size: 0
09/09 18:11:25:637 Local queue size: 0
09/09 18:11:35:671 Local queue size: 0
09/09 18:11:45:675 Local queue size: 0
09/09 18:11:55:684 Local queue size: 0
09/09 18:12:05:705 Local queue size: 0
09/09 18:12:15:780 Local queue size: 0
09/09 18:12:25:841 Local queue size: 0
09/09 18:12:35:877 Local queue size: 0
09/09 18:12:45:889 Local queue size: 0
09/09 18:12:55:921 Local queue size: 0
09/09 18:13:05:969 Local queue size: 0
09/09 18:13:15:988 Local queue size: 0
09/09 18:13:25:990 Local queue size: 0
09/09 18:13:35:995 Local queue size: 0
09/09 18:13:45:997 Local queue size: 0
09/09 18:13:55:998 Local queue size: 0
09/09 18:14:06:002 Local queue size: 0
09/09 18:14:16:007 Local queue size: 0
09/09 18:14:26:009 Local queue size: 0
09/09 18:14:36:013 Local queue size: 0
09/09 18:14:46:025 Local queue size: 0
09/09 18:14:56:027 Local queue size: 0
09/09 18:15:06:028 Local queue size: 0
09/09 18:15:16:032 Local queue size: 0
09/09 18:16:33:555 OSA Callback started
09/09 18:16:37:042 Starting process session
09/09 18:16:37:299 Total 0 instances are started
09/09 18:16:37:299 Total 1 instances are added
09/09 18:16:47:505 Local queue size: 0
09/09 18:16:57:552 Local queue size: 0
09/09 18:17:07:652 Local queue size: 0
09/09 18:17:17:659 Local queue size: 0
09/09 18:17:27:679 Local queue size: 0
09/09 18:17:37:690 Local queue size: 0
09/09 18:17:47:790 Local queue size: 0
09/09 18:17:57:798 Local queue size: 0
09/09 18:18:07:890 Local queue size: 0
09/09 18:18:17:893 Local queue size: 0
09/09 18:18:27:894 Local queue size: 0
09/09 18:18:37:901 Local queue size: 0
09/09 18:18:47:962 Local queue size: 0
09/09 18:18:57:989 Local queue size: 0
09/09 18:19:08:013 Local queue size: 0
09/09 18:19:18:083 Local queue size: 0
09/09 18:19:28:087 Local queue size: 0
09/09 18:20:05:152 OSA Callback started
09/09 18:20:07:562 Starting process session
09/09 18:20:07:860 Total 0 instances are started
09/09 18:20:07:863 Total 1 instances are added
09/09 18:20:18:076 Local queue size: 0
09/09 18:20:28:098 Local queue size: 0
09/09 18:20:38:102 Local queue size: 0
09/09 18:20:48:104 Local queue size: 0
09/09 18:20:58:105 Local queue size: 0
09/09 18:21:08:107 Local queue size: 0
09/09 18:21:18:110 Local queue size: 0
09/09 18:21:28:140 Local queue size: 0
09/09 18:21:38:156 Local queue size: 0
09/09 18:21:48:158 Local queue size: 0
09/09 18:21:58:173 Local queue size: 0
09/09 18:22:08:174 Local queue size: 0
09/09 18:22:18:182 Local queue size: 0
09/09 18:22:28:194 Local queue size: 0
09/09 18:22:38:202 Local queue size: 0
09/09 18:22:48:204 Local queue size: 0
09/09 18:22:58:211 Local queue size: 0
09/09 18:23:08:222 Local queue size: 0
09/09 18:23:18:227 Local queue size: 0
