05/09 08:46:50:553 OSA Callback started
05/09 08:46:52:701 Starting process session
05/09 08:46:54:581 Total 0 instances are started
05/09 08:46:54:616 Total 1 instances are added
05/09 08:47:04:746 Local queue size: 0
05/09 08:47:14:800 Local queue size: 0
05/09 08:47:24:828 Local queue size: 0
05/09 08:47:34:858 Local queue size: 0
05/09 08:47:44:919 Local queue size: 0
05/09 08:47:54:925 Local queue size: 0
05/09 08:48:04:932 Local queue size: 0
05/09 08:48:14:961 Local queue size: 0
05/09 08:48:24:965 Local queue size: 0
05/09 08:48:34:969 Local queue size: 0
05/09 08:48:44:972 Local queue size: 0
05/09 08:48:55:052 Local queue size: 0
05/09 08:49:05:069 Local queue size: 0
05/09 08:49:15:071 Local queue size: 0
05/09 08:49:25:080 Local queue size: 0
05/09 08:49:35:082 Local queue size: 0
05/09 08:49:45:083 Local queue size: 0
05/09 08:49:55:159 Local queue size: 0
05/09 08:50:05:184 Local queue size: 0
05/09 08:50:15:188 Local queue size: 0
05/09 08:50:25:197 Local queue size: 0
05/09 08:50:35:283 Local queue size: 0
05/09 08:50:45:351 Local queue size: 0
05/09 08:50:55:371 Local queue size: 0
05/09 08:51:05:398 Local queue size: 0
05/09 08:51:15:471 Local queue size: 0
05/09 08:51:25:492 Local queue size: 0
05/09 08:51:35:517 Local queue size: 0
05/09 08:51:45:529 Local queue size: 0
05/09 08:51:55:596 Local queue size: 0
05/09 08:52:05:597 Local queue size: 0
05/09 08:52:15:605 Local queue size: 0
05/09 08:52:25:612 Local queue size: 0
05/09 08:52:35:613 Local queue size: 0
05/09 08:52:45:620 Local queue size: 0
05/09 08:52:55:632 Local queue size: 0
05/09 08:53:05:642 Local queue size: 0
05/09 08:53:15:721 Local queue size: 0
05/09 08:53:24:457 OSA Callback started
05/09 08:53:28:237 Starting process session
05/09 08:53:28:341 Total 0 instances are started
05/09 08:53:28:342 Total 1 instances are added
05/09 08:53:38:535 Local queue size: 0
05/09 08:53:48:554 Local queue size: 0
05/09 08:53:58:563 Local queue size: 0
05/09 08:54:08:571 Local queue size: 0
05/09 08:54:18:575 Local queue size: 0
05/09 08:54:28:578 Local queue size: 0
05/09 08:54:38:605 Local queue size: 0
05/09 08:54:48:608 Local queue size: 0
05/09 08:54:58:609 Local queue size: 0
05/09 08:55:08:611 Local queue size: 0
05/09 08:55:18:612 Local queue size: 0
05/09 08:55:28:629 Local queue size: 0
05/09 08:55:38:632 Local queue size: 0
05/09 08:55:48:732 Local queue size: 0
05/09 08:55:58:738 Local queue size: 0
05/09 08:56:08:739 Local queue size: 0
05/09 08:56:18:744 Local queue size: 0
05/09 08:56:28:745 Local queue size: 0
05/09 08:56:38:746 Local queue size: 0
05/09 08:56:48:748 Local queue size: 0
05/09 08:56:58:785 Local queue size: 0
05/09 08:57:08:795 Local queue size: 0
05/09 08:57:18:807 Local queue size: 0
05/09 08:57:28:812 Local queue size: 0
05/09 08:57:38:891 Local queue size: 0
05/09 08:57:48:902 Local queue size: 0
05/09 08:57:58:910 Local queue size: 0
05/09 08:58:08:920 Local queue size: 0
05/09 08:58:18:956 Local queue size: 0
05/09 08:58:22:305 OSA Callback started
05/09 08:58:25:904 Starting process session
05/09 08:58:26:005 Total 0 instances are started
05/09 08:58:26:005 Total 1 instances are added
05/09 08:58:36:167 Local queue size: 0
05/09 08:58:46:215 Local queue size: 0
05/09 08:58:56:221 Local queue size: 0
05/09 08:59:06:242 Local queue size: 0
05/09 08:59:16:258 Local queue size: 0
05/09 08:59:26:352 Local queue size: 0
05/09 08:59:36:353 Local queue size: 0
05/09 08:59:46:354 Local queue size: 0
05/09 08:59:56:358 Local queue size: 0
05/09 09:00:06:361 Local queue size: 0
05/09 09:00:16:365 Local queue size: 0
05/09 09:00:26:367 Local queue size: 0
05/09 09:00:36:378 Local queue size: 0
05/09 09:00:46:452 Local queue size: 0
05/09 09:00:56:464 Local queue size: 0
05/09 09:01:06:472 Local queue size: 0
05/09 09:01:16:480 Local queue size: 0
05/09 09:01:26:545 Local queue size: 0
05/09 09:01:36:556 Local queue size: 0
05/09 09:01:46:559 Local queue size: 0
05/09 09:01:56:561 Local queue size: 0
05/09 09:02:06:620 Local queue size: 0
05/09 09:02:16:628 Local queue size: 0
05/09 09:02:22:372 OSA Callback started
05/09 09:02:25:936 Starting process session
05/09 09:02:26:037 Total 0 instances are started
05/09 09:02:26:038 Total 1 instances are added
05/09 09:02:36:159 Local queue size: 0
05/09 09:02:46:185 Local queue size: 0
05/09 09:02:56:187 Local queue size: 0
05/09 09:03:06:251 Local queue size: 0
05/09 09:03:16:272 Local queue size: 0
05/09 09:03:26:300 Local queue size: 0
05/09 09:03:42:977 OSA Callback started
05/09 09:03:46:662 Starting process session
05/09 09:03:46:792 Total 0 instances are started
05/09 09:03:46:793 Total 1 instances are added
05/09 09:04:14:828 OSA Callback started
05/09 09:04:15:753 Starting process session
05/09 09:04:15:884 Total 0 instances are started
05/09 09:04:15:885 Total 1 instances are added
05/09 09:04:26:062 Local queue size: 0
05/09 09:04:36:126 Local queue size: 0
05/09 09:04:46:136 Local queue size: 0
05/09 09:04:56:163 Local queue size: 0
05/09 09:05:06:167 Local queue size: 0
05/09 09:05:16:170 Local queue size: 0
05/09 09:05:26:256 Local queue size: 0
05/09 09:05:36:260 Local queue size: 0
05/09 09:05:46:269 Local queue size: 0
05/09 09:05:56:277 Local queue size: 0
05/09 09:06:06:319 Local queue size: 0
05/09 09:06:16:322 Local queue size: 0
05/09 09:06:26:325 Local queue size: 0
05/09 09:06:36:343 Local queue size: 0
05/09 09:06:46:379 Local queue size: 0
05/09 09:06:56:384 Local queue size: 0
05/09 09:07:06:389 Local queue size: 0
05/09 09:07:16:461 Local queue size: 0
05/09 09:07:26:466 Local queue size: 0
05/09 09:07:36:468 Local queue size: 0
05/09 09:07:46:488 Local queue size: 0
05/09 09:07:56:491 Local queue size: 0
05/09 09:08:06:508 Local queue size: 0
05/09 09:08:16:510 Local queue size: 0
05/09 09:08:26:511 Local queue size: 0
05/09 09:08:36:516 Local queue size: 0
05/09 09:08:46:518 Local queue size: 0
05/09 09:08:56:519 Local queue size: 0
05/09 09:09:06:616 Local queue size: 0
05/09 09:09:16:622 Local queue size: 0
05/09 09:09:26:628 Local queue size: 0
05/09 09:09:36:630 Local queue size: 0
05/09 09:09:46:701 Local queue size: 0
05/09 09:09:56:712 Local queue size: 0
05/09 09:10:06:721 Local queue size: 0
05/09 09:10:16:735 Local queue size: 0
05/09 09:10:24:125 OSA Callback started
05/09 09:10:27:822 Starting process session
05/09 09:10:27:924 Total 0 instances are started
05/09 09:10:27:925 Total 1 instances are added
05/09 09:10:38:101 Local queue size: 0
05/09 09:10:48:126 Local queue size: 0
05/09 09:10:58:143 Local queue size: 0
05/09 09:11:08:238 Local queue size: 0
05/09 09:11:18:253 Local queue size: 0
05/09 09:11:28:292 Local queue size: 0
05/09 09:11:38:301 Local queue size: 0
05/09 09:11:48:338 Local queue size: 0
05/09 09:11:58:340 Local queue size: 0
05/09 09:12:05:700 OSA Callback started
05/09 09:12:08:283 Starting process session
05/09 09:12:09:663 Total 0 instances are started
05/09 09:12:09:663 Total 1 instances are added
05/09 09:12:19:863 Local queue size: 0
05/09 09:12:29:886 Local queue size: 0
05/09 09:12:39:892 Local queue size: 0
05/09 09:12:49:903 Local queue size: 0
05/09 09:12:59:905 Local queue size: 0
05/09 09:13:09:907 Local queue size: 0
05/09 09:13:19:910 Local queue size: 0
05/09 09:13:29:935 Local queue size: 0
05/09 09:13:39:983 Local queue size: 0
05/09 09:13:49:987 Local queue size: 0
05/09 09:13:59:997 Local queue size: 0
05/09 09:14:10:004 Local queue size: 0
05/09 09:14:21:690 OSA Callback started
05/09 09:14:23:606 Starting process session
05/09 09:14:23:718 Total 0 instances are started
05/09 09:14:23:720 Total 1 instances are added
05/09 09:14:34:036 Local queue size: 0
05/09 09:14:44:042 Local queue size: 0
05/09 09:14:54:049 Local queue size: 0
05/09 09:15:04:057 Local queue size: 0
05/09 09:15:14:059 Local queue size: 0
05/09 09:15:24:063 Local queue size: 0
05/09 09:15:34:074 Local queue size: 0
05/09 09:15:44:089 Local queue size: 0
05/09 09:15:54:091 Local queue size: 0
05/09 09:16:04:093 Local queue size: 0
05/09 09:16:14:095 Local queue size: 0
05/09 09:16:24:951 OSA Callback started
05/09 09:16:28:594 Starting process session
05/09 09:16:28:702 Total 0 instances are started
05/09 09:16:28:702 Total 1 instances are added
05/09 09:16:38:812 Local queue size: 0
05/09 09:16:48:833 Local queue size: 0
05/09 09:16:58:863 Local queue size: 0
05/09 09:17:08:876 Local queue size: 0
05/09 09:17:18:880 Local queue size: 0
05/09 09:17:28:892 Local queue size: 0
05/09 09:17:38:894 Local queue size: 0
05/09 09:17:48:974 Local queue size: 0
05/09 09:17:58:975 Local queue size: 0
05/09 09:18:08:997 Local queue size: 0
05/09 09:18:18:998 Local queue size: 0
05/09 09:18:29:026 Local queue size: 0
05/09 09:19:02:013 OSA Callback started
05/09 09:19:02:726 Starting process session
05/09 09:19:02:852 Total 0 instances are started
05/09 09:19:02:853 Total 1 instances are added
05/09 09:19:12:961 Local queue size: 0
05/09 09:19:22:971 Local queue size: 0
05/09 09:19:32:973 Local queue size: 0
05/09 09:19:43:025 Local queue size: 0
05/09 09:19:53:054 Local queue size: 0
05/09 09:20:03:055 Local queue size: 0
05/09 09:20:13:057 Local queue size: 0
05/09 09:20:23:063 Local queue size: 0
05/09 09:20:33:065 Local queue size: 0
05/09 09:20:43:067 Local queue size: 0
05/09 09:20:53:072 Local queue size: 0
05/09 09:21:03:074 Local queue size: 0
05/09 09:21:13:075 Local queue size: 0
05/09 09:21:23:079 Local queue size: 0
05/09 09:21:33:085 Local queue size: 0
05/09 09:21:43:098 Local queue size: 0
05/09 09:21:53:104 Local queue size: 0
05/09 09:22:03:105 Local queue size: 0
05/09 09:22:13:110 Local queue size: 0
05/09 09:22:23:114 Local queue size: 0
05/09 09:22:33:117 Local queue size: 0
05/09 09:22:43:118 Local queue size: 0
05/09 09:22:53:120 Local queue size: 0
05/09 09:23:03:122 Local queue size: 0
05/09 09:23:13:123 Local queue size: 0
05/09 09:23:23:132 Local queue size: 0
05/09 09:23:33:139 Local queue size: 0
05/09 09:23:43:177 Local queue size: 0
05/09 09:23:53:178 Local queue size: 0
05/09 09:24:03:181 Local queue size: 0
05/09 09:24:13:190 Local queue size: 0
05/09 09:24:23:238 Local queue size: 0
05/09 09:24:33:255 Local queue size: 0
05/09 09:24:43:266 Local queue size: 0
05/09 09:24:53:360 Local queue size: 0
05/09 09:25:03:362 Local queue size: 0
05/09 09:25:13:364 Local queue size: 0
05/09 09:25:23:462 Local queue size: 0
05/09 09:25:33:474 Local queue size: 0
05/09 09:25:43:481 Local queue size: 0
05/09 09:25:53:489 Local queue size: 0
05/09 09:26:03:571 Local queue size: 0
05/09 09:26:13:579 Local queue size: 0
05/09 09:26:23:581 Local queue size: 0
05/09 09:26:33:590 Local queue size: 0
05/09 09:26:43:683 Local queue size: 0
05/09 09:26:53:719 Local queue size: 0
05/09 09:27:03:720 Local queue size: 0
05/09 09:27:13:729 Local queue size: 0
05/09 09:27:23:763 Local queue size: 0
05/09 09:27:33:774 Local queue size: 0
05/09 09:27:43:810 Local queue size: 0
05/09 09:27:53:814 Local queue size: 0
05/09 09:28:03:824 Local queue size: 0
05/09 09:28:13:837 Local queue size: 0
05/09 09:28:23:861 Local queue size: 0
05/09 09:28:33:863 Local queue size: 0
05/09 09:28:43:869 Local queue size: 0
05/09 09:28:53:881 Local queue size: 0
05/09 09:29:03:882 Local queue size: 0
05/09 09:29:13:884 Local queue size: 0
05/09 09:29:26:717 OSA Callback started
05/09 09:29:28:229 Starting process session
05/09 09:29:28:395 Total 0 instances are started
05/09 09:29:28:397 Total 1 instances are added
05/09 09:29:38:543 Local queue size: 0
05/09 09:29:48:564 Local queue size: 0
05/09 09:29:58:569 Local queue size: 0
05/09 09:30:08:580 Local queue size: 0
05/09 09:30:18:672 Local queue size: 0
05/09 09:30:28:675 Local queue size: 0
05/09 09:30:38:686 Local queue size: 0
05/09 09:30:48:687 Local queue size: 0
05/09 09:30:58:688 Local queue size: 0
05/09 09:31:08:689 Local queue size: 0
05/09 09:31:18:693 Local queue size: 0
05/09 09:31:28:697 Local queue size: 0
05/09 09:31:38:746 Local queue size: 0
05/09 09:31:48:753 Local queue size: 0
05/09 09:31:58:765 Local queue size: 0
05/09 09:32:08:774 Local queue size: 0
05/09 09:32:18:815 Local queue size: 0
05/09 09:32:28:841 Local queue size: 0
05/09 09:32:38:855 Local queue size: 0
05/09 09:32:48:857 Local queue size: 0
05/09 09:32:58:888 Local queue size: 0
05/09 09:33:08:889 Local queue size: 0
05/09 09:33:18:893 Local queue size: 0
05/09 09:33:28:897 Local queue size: 0
05/09 09:33:38:965 Local queue size: 0
05/09 09:33:48:967 Local queue size: 0
05/09 09:33:58:977 Local queue size: 0
05/09 09:34:08:981 Local queue size: 0
05/09 09:34:18:988 Local queue size: 0
05/09 09:34:28:998 Local queue size: 0
05/09 09:34:39:001 Local queue size: 0
05/09 09:34:49:003 Local queue size: 0
05/09 09:34:59:014 Local queue size: 0
05/09 09:35:09:098 Local queue size: 0
05/09 09:35:19:109 Local queue size: 0
05/09 09:35:29:111 Local queue size: 0
05/09 09:35:38:192 OSA Callback started
05/09 09:35:38:922 Starting process session
05/09 09:35:39:036 Total 0 instances are started
05/09 09:35:39:037 Total 1 instances are added
05/09 09:35:49:191 Local queue size: 0
05/09 09:35:59:280 Local queue size: 0
05/09 09:36:09:321 Local queue size: 0
05/09 09:36:19:324 Local queue size: 0
05/09 09:36:29:327 Local queue size: 0
05/09 09:36:39:374 Local queue size: 0
05/09 09:36:49:465 Local queue size: 0
05/09 09:36:59:471 Local queue size: 0
05/09 09:37:09:479 Local queue size: 0
05/09 09:37:19:481 Local queue size: 0
05/09 09:37:29:487 Local queue size: 0
05/09 09:37:39:489 Local queue size: 0
05/09 09:37:49:494 Local queue size: 0
05/09 09:37:59:501 Local queue size: 0
05/09 09:38:09:525 Local queue size: 0
05/09 09:38:19:528 Local queue size: 0
05/09 09:38:29:530 Local queue size: 0
05/09 09:38:39:547 Local queue size: 0
05/09 09:38:49:591 Local queue size: 0
05/09 09:38:59:601 Local queue size: 0
05/09 09:39:09:610 Local queue size: 0
05/09 09:39:19:629 Local queue size: 0
05/09 09:39:29:642 Local queue size: 0
05/09 09:39:39:644 Local queue size: 0
05/09 09:39:49:645 Local queue size: 0
05/09 09:39:59:665 Local queue size: 0
05/09 09:40:46:989 OSA Callback started
05/09 09:40:50:725 Starting process session
05/09 09:40:50:827 Total 0 instances are started
05/09 09:40:50:828 Total 1 instances are added
05/09 09:41:00:962 Local queue size: 0
05/09 09:41:10:970 Local queue size: 0
05/09 09:41:20:971 Local queue size: 0
05/09 09:41:31:025 Local queue size: 0
05/09 09:41:41:029 Local queue size: 0
05/09 09:41:51:042 Local queue size: 0
05/09 09:42:01:046 Local queue size: 0
05/09 09:42:11:058 Local queue size: 0
05/09 09:42:21:064 Local queue size: 0
05/09 09:42:31:071 Local queue size: 0
05/09 09:42:41:077 Local queue size: 0
05/09 09:42:51:140 Local queue size: 0
05/09 09:43:01:143 Local queue size: 0
05/09 09:43:11:160 Local queue size: 0
05/09 09:44:06:681 OSA Callback started
05/09 09:44:10:226 Starting process session
05/09 09:44:10:350 Total 0 instances are started
05/09 09:44:10:350 Total 1 instances are added
05/09 09:44:20:487 Local queue size: 0
05/09 09:44:30:512 Local queue size: 0
05/09 09:44:40:521 Local queue size: 0
05/09 09:44:50:569 Local queue size: 0
05/09 09:45:00:578 Local queue size: 0
05/09 09:45:10:614 Local queue size: 0
05/09 09:45:20:619 Local queue size: 0
05/09 09:45:30:666 Local queue size: 0
05/09 09:45:40:716 Local queue size: 0
05/09 09:45:50:718 Local queue size: 0
05/09 09:46:00:721 Local queue size: 0
05/09 09:55:51:511 OSA Callback started
05/09 09:55:53:351 Starting process session
05/09 09:55:53:827 Total 0 instances are started
05/09 09:55:53:828 Total 1 instances are added
05/09 09:56:04:473 Local queue size: 0
05/09 09:56:14:475 Local queue size: 0
05/09 09:56:24:478 Local queue size: 0
05/09 09:56:34:479 Local queue size: 0
05/09 09:56:44:579 Local queue size: 0
05/09 09:56:54:581 Local queue size: 0
05/09 09:57:04:583 Local queue size: 0
05/09 09:57:14:591 Local queue size: 0
05/09 09:57:24:595 Local queue size: 0
05/09 09:57:34:601 Local queue size: 0
05/09 09:57:44:605 Local queue size: 0
05/09 09:57:54:606 Local queue size: 0
05/09 09:58:04:608 Local queue size: 0
05/09 09:58:14:609 Local queue size: 0
05/09 09:58:24:611 Local queue size: 0
05/09 09:58:34:616 Local queue size: 0
05/09 09:58:44:617 Local queue size: 0
05/09 09:58:54:644 Local queue size: 0
05/09 09:59:04:649 Local queue size: 0
05/09 09:59:14:651 Local queue size: 0
05/09 09:59:24:706 Local queue size: 0
05/09 09:59:34:711 Local queue size: 0
05/09 09:59:44:716 Local queue size: 0
05/09 09:59:54:736 Local queue size: 0
05/09 10:00:04:764 Local queue size: 0
05/09 10:00:14:765 Local queue size: 0
05/09 10:00:24:773 Local queue size: 0
05/09 10:00:34:834 Local queue size: 0
05/09 10:00:44:836 Local queue size: 0
05/09 10:00:54:840 Local queue size: 0
05/09 10:01:04:844 Local queue size: 0
05/09 10:01:14:846 Local queue size: 0
05/09 10:01:24:848 Local queue size: 0
05/09 10:01:34:853 Local queue size: 0
05/09 10:01:44:909 Local queue size: 0
05/09 10:01:54:918 Local queue size: 0
05/09 10:02:04:932 Local queue size: 0
05/09 10:02:14:979 Local queue size: 0
05/09 10:02:24:985 Local queue size: 0
05/09 10:02:34:986 Local queue size: 0
05/09 10:02:44:991 Local queue size: 0
05/09 10:02:55:011 Local queue size: 0
05/09 10:03:05:013 Local queue size: 0
05/09 10:03:15:015 Local queue size: 0
05/09 10:03:25:044 Local queue size: 0
05/09 10:03:35:057 Local queue size: 0
05/09 10:03:45:061 Local queue size: 0
05/09 10:03:55:106 Local queue size: 0
05/09 10:04:05:143 Local queue size: 0
05/09 10:04:15:157 Local queue size: 0
05/09 10:04:25:170 Local queue size: 0
05/09 10:04:35:174 Local queue size: 0
05/09 10:04:45:251 Local queue size: 0
05/09 10:04:55:261 Local queue size: 0
05/09 10:05:05:267 Local queue size: 0
05/09 10:05:15:272 Local queue size: 0
05/09 10:05:25:330 Local queue size: 0
05/09 10:05:35:341 Local queue size: 0
05/09 10:05:45:346 Local queue size: 0
05/09 10:05:55:351 Local queue size: 0
05/09 10:06:05:383 Local queue size: 0
05/09 10:06:15:385 Local queue size: 0
05/09 10:06:25:387 Local queue size: 0
05/09 10:06:35:392 Local queue size: 0
05/09 10:06:45:399 Local queue size: 0
05/09 10:06:55:400 Local queue size: 0
05/09 10:07:05:403 Local queue size: 0
05/09 10:07:15:405 Local queue size: 0
05/09 10:07:25:441 Local queue size: 0
05/09 10:07:35:495 Local queue size: 0
05/09 10:07:45:497 Local queue size: 0
05/09 10:07:55:499 Local queue size: 0
05/09 10:08:05:500 Local queue size: 0
05/09 10:08:15:510 Local queue size: 0
05/09 10:08:25:537 Local queue size: 0
05/09 10:08:35:575 Local queue size: 0
05/09 10:08:45:589 Local queue size: 0
05/09 10:08:55:604 Local queue size: 0
05/09 10:09:05:621 Local queue size: 0
05/09 10:09:15:635 Local queue size: 0
05/09 10:09:25:640 Local queue size: 0
05/09 10:09:35:658 Local queue size: 0
05/09 10:09:45:664 Local queue size: 0
05/09 10:09:55:665 Local queue size: 0
05/09 10:10:05:678 Local queue size: 0
05/09 10:10:20:901 OSA Callback started
05/09 10:10:23:490 Starting process session
05/09 10:10:23:600 Total 0 instances are started
05/09 10:10:23:604 Total 1 instances are added
05/09 10:10:33:773 Local queue size: 0
05/09 10:10:43:824 Local queue size: 0
05/09 10:10:53:854 Local queue size: 0
05/09 10:11:03:874 Local queue size: 0
05/09 10:11:13:896 Local queue size: 0
05/09 10:11:23:898 Local queue size: 0
05/09 10:11:33:902 Local queue size: 0
05/09 10:11:43:908 Local queue size: 0
05/09 10:11:53:981 Local queue size: 0
05/09 10:12:03:985 Local queue size: 0
05/09 10:12:13:988 Local queue size: 0
05/09 10:12:24:071 Local queue size: 0
05/09 10:12:34:090 Local queue size: 0
05/09 10:12:44:092 Local queue size: 0
05/09 10:12:54:096 Local queue size: 0
05/09 10:13:04:112 Local queue size: 0
05/09 10:13:14:120 Local queue size: 0
05/09 10:13:24:126 Local queue size: 0
05/09 10:13:34:133 Local queue size: 0
05/09 10:13:44:193 Local queue size: 0
05/09 10:13:54:208 Local queue size: 0
05/09 10:14:04:240 Local queue size: 0
05/09 10:14:14:306 Local queue size: 0
05/09 10:14:24:313 Local queue size: 0
05/09 10:14:34:316 Local queue size: 0
05/09 10:14:44:322 Local queue size: 0
05/09 10:14:54:332 Local queue size: 0
05/09 10:15:04:337 Local queue size: 0
05/09 10:15:14:340 Local queue size: 0
05/09 10:15:24:348 Local queue size: 0
05/09 10:15:34:427 Local queue size: 0
05/09 10:15:44:433 Local queue size: 0
05/09 10:15:54:442 Local queue size: 0
05/09 10:16:04:449 Local queue size: 0
05/09 10:16:14:466 Local queue size: 0
05/09 10:16:24:475 Local queue size: 0
05/09 10:16:34:520 Local queue size: 0
05/09 10:16:44:522 Local queue size: 0
05/09 10:16:54:541 Local queue size: 0
05/09 10:17:04:545 Local queue size: 0
05/09 10:17:14:554 Local queue size: 0
05/09 10:17:24:560 Local queue size: 0
05/09 10:17:34:619 Local queue size: 0
05/09 10:17:44:629 Local queue size: 0
05/09 10:17:54:647 Local queue size: 0
05/09 10:18:04:651 Local queue size: 0
05/09 10:18:14:667 Local queue size: 0
05/09 10:18:24:706 Local queue size: 0
05/09 10:18:34:735 Local queue size: 0
05/09 10:19:00:360 OSA Callback started
05/09 10:19:02:265 Starting process session
05/09 10:19:02:453 Total 0 instances are started
05/09 10:19:02:456 Total 1 instances are added
05/09 10:19:12:669 Local queue size: 0
05/09 10:19:22:690 Local queue size: 0
05/09 10:19:32:736 Local queue size: 0
05/09 10:19:42:744 Local queue size: 0
05/09 10:19:52:809 Local queue size: 0
05/09 10:20:02:848 Local queue size: 0
05/09 10:20:12:858 Local queue size: 0
05/09 10:24:03:217 OSA Callback started
05/09 10:24:06:008 Starting process session
05/09 10:24:06:115 Total 0 instances are started
05/09 10:24:06:116 Total 1 instances are added
05/09 10:24:16:264 Local queue size: 0
05/09 10:24:26:266 Local queue size: 0
05/09 10:24:36:272 Local queue size: 0
05/09 10:24:46:276 Local queue size: 0
05/09 10:24:56:296 Local queue size: 0
05/09 10:25:06:301 Local queue size: 0
05/09 10:25:16:303 Local queue size: 0
05/09 10:25:26:305 Local queue size: 0
05/09 10:25:36:306 Local queue size: 0
05/09 10:25:46:312 Local queue size: 0
05/09 10:25:56:313 Local queue size: 0
05/09 10:26:06:315 Local queue size: 0
05/09 10:26:16:317 Local queue size: 0
05/09 10:26:26:318 Local queue size: 0
05/09 10:26:36:333 Local queue size: 0
05/09 10:26:46:340 Local queue size: 0
05/09 10:26:56:342 Local queue size: 0
05/09 10:27:06:344 Local queue size: 0
05/09 10:27:16:352 Local queue size: 0
05/09 10:27:26:353 Local queue size: 0
05/09 10:27:36:453 Local queue size: 0
05/09 10:27:46:462 Local queue size: 0
05/09 10:27:56:468 Local queue size: 0
05/09 10:28:06:527 Local queue size: 0
05/09 10:28:16:528 Local queue size: 0
05/09 10:28:26:530 Local queue size: 0
05/09 10:28:36:532 Local queue size: 0
05/09 10:28:46:535 Local queue size: 0
05/09 10:28:56:537 Local queue size: 0
05/09 10:29:06:637 Local queue size: 0
05/09 10:29:16:691 Local queue size: 0
05/09 10:29:26:692 Local queue size: 0
05/09 10:29:36:694 Local queue size: 0
05/09 10:29:46:696 Local queue size: 0
05/09 10:29:56:700 Local queue size: 0
05/09 10:30:06:702 Local queue size: 0
05/09 10:30:16:714 Local queue size: 0
05/09 10:30:26:777 Local queue size: 0
05/09 10:30:36:780 Local queue size: 0
05/09 10:30:46:782 Local queue size: 0
05/09 10:30:56:784 Local queue size: 0
05/09 10:31:06:879 Local queue size: 0
05/09 10:31:16:901 Local queue size: 0
05/09 10:31:26:902 Local queue size: 0
05/09 10:31:36:928 Local queue size: 0
05/09 10:31:46:929 Local queue size: 0
05/09 10:31:56:932 Local queue size: 0
05/09 10:32:06:938 Local queue size: 0
05/09 10:32:16:960 Local queue size: 0
05/09 10:32:26:962 Local queue size: 0
05/09 10:32:37:062 Local queue size: 0
05/09 10:32:47:064 Local queue size: 0
05/09 10:32:57:106 Local queue size: 0
05/09 10:33:07:128 Local queue size: 0
05/09 10:33:17:130 Local queue size: 0
05/09 10:33:27:133 Local queue size: 0
05/09 10:33:37:134 Local queue size: 0
05/09 10:33:47:135 Local queue size: 0
05/09 10:33:57:140 Local queue size: 0
05/09 10:34:07:141 Local queue size: 0
05/09 10:34:17:194 Local queue size: 0
05/09 10:34:27:196 Local queue size: 0
05/09 10:34:37:197 Local queue size: 0
05/09 10:34:47:203 Local queue size: 0
05/09 10:34:57:210 Local queue size: 0
05/09 10:35:07:252 Local queue size: 0
05/09 10:35:17:262 Local queue size: 0
05/09 10:35:27:264 Local queue size: 0
05/09 10:35:37:273 Local queue size: 0
05/09 10:35:47:287 Local queue size: 0
05/09 10:35:57:295 Local queue size: 0
05/09 10:36:07:296 Local queue size: 0
05/09 10:36:17:307 Local queue size: 0
05/09 10:36:27:406 Local queue size: 0
05/09 10:36:37:408 Local queue size: 0
05/09 10:36:47:482 Local queue size: 0
05/09 10:36:57:492 Local queue size: 0
05/09 10:37:07:493 Local queue size: 0
05/09 10:37:17:499 Local queue size: 0
05/09 10:37:27:505 Local queue size: 0
05/09 10:37:37:510 Local queue size: 0
05/09 10:37:47:511 Local queue size: 0
05/09 10:37:57:526 Local queue size: 0
05/09 10:38:07:626 Local queue size: 0
05/09 10:38:17:628 Local queue size: 0
05/09 10:38:27:728 Local queue size: 0
05/09 10:38:37:731 Local queue size: 0
05/09 10:38:47:733 Local queue size: 0
05/09 10:38:57:833 Local queue size: 0
05/09 10:39:07:857 Local queue size: 0
05/09 10:39:17:862 Local queue size: 0
05/09 10:39:27:956 Local queue size: 0
05/09 10:39:37:963 Local queue size: 0
05/09 10:39:47:966 Local queue size: 0
05/09 10:39:57:967 Local queue size: 0
05/09 10:40:08:033 Local queue size: 0
05/09 10:40:18:035 Local queue size: 0
05/09 10:40:28:135 Local queue size: 0
05/09 10:40:38:136 Local queue size: 0
05/09 10:40:48:143 Local queue size: 0
05/09 10:40:58:146 Local queue size: 0
05/09 10:41:08:154 Local queue size: 0
05/09 10:41:18:254 Local queue size: 0
05/09 10:41:28:315 Local queue size: 0
05/09 10:41:38:321 Local queue size: 0
05/09 10:41:48:330 Local queue size: 0
05/09 10:41:58:340 Local queue size: 0
05/09 10:42:08:347 Local queue size: 0
05/09 10:42:18:385 Local queue size: 0
05/09 10:42:28:386 Local queue size: 0
05/09 10:42:38:387 Local queue size: 0
05/09 10:42:48:487 Local queue size: 0
05/09 10:42:58:494 Local queue size: 0
05/09 10:43:08:495 Local queue size: 0
05/09 10:43:18:585 Local queue size: 0
05/09 10:43:28:592 Local queue size: 0
05/09 10:43:38:692 Local queue size: 0
05/09 10:43:48:701 Local queue size: 0
05/09 10:43:58:739 Local queue size: 0
05/09 10:44:08:742 Local queue size: 0
05/09 10:44:18:842 Local queue size: 0
05/09 10:44:28:849 Local queue size: 0
05/09 10:44:38:933 Local queue size: 0
05/09 10:44:48:935 Local queue size: 0
05/09 10:44:58:937 Local queue size: 0
05/09 10:45:08:938 Local queue size: 0
05/09 10:45:18:964 Local queue size: 0
05/09 10:45:28:968 Local queue size: 0
05/09 10:45:38:985 Local queue size: 0
05/09 10:45:48:986 Local queue size: 0
05/09 10:45:59:040 Local queue size: 0
05/09 10:46:09:050 Local queue size: 0
05/09 10:46:19:051 Local queue size: 0
05/09 10:46:29:064 Local queue size: 0
05/09 10:46:39:115 Local queue size: 0
05/09 10:46:49:117 Local queue size: 0
05/09 10:46:59:127 Local queue size: 0
05/09 10:47:09:130 Local queue size: 0
05/09 10:47:19:140 Local queue size: 0
05/09 10:47:29:242 Local queue size: 0
05/09 10:47:39:244 Local queue size: 0
05/09 10:47:49:250 Local queue size: 0
05/09 10:47:59:262 Local queue size: 0
05/09 10:48:09:263 Local queue size: 0
05/09 10:48:19:271 Local queue size: 0
05/09 10:48:29:277 Local queue size: 0
05/09 10:48:39:279 Local queue size: 0
05/09 10:48:49:292 Local queue size: 0
05/09 10:48:59:294 Local queue size: 0
05/09 10:49:09:295 Local queue size: 0
05/09 10:49:19:394 Local queue size: 0
05/09 10:49:29:400 Local queue size: 0
05/09 10:49:39:401 Local queue size: 0
05/09 10:49:49:497 Local queue size: 0
05/09 10:49:59:499 Local queue size: 0
05/09 10:50:09:507 Local queue size: 0
05/09 10:50:19:522 Local queue size: 0
05/09 10:50:29:561 Local queue size: 0
05/09 10:50:39:563 Local queue size: 0
05/09 10:50:49:571 Local queue size: 0
05/09 10:50:59:671 Local queue size: 0
05/09 10:51:09:677 Local queue size: 0
05/09 10:51:19:750 Local queue size: 0
05/09 10:51:29:756 Local queue size: 0
05/09 10:51:39:758 Local queue size: 0
05/09 10:51:49:777 Local queue size: 0
05/09 10:51:59:779 Local queue size: 0
05/09 10:52:09:869 Local queue size: 0
05/09 10:52:19:874 Local queue size: 0
05/09 10:52:29:875 Local queue size: 0
05/09 10:52:39:879 Local queue size: 0
05/09 10:52:49:888 Local queue size: 0
05/09 10:52:59:988 Local queue size: 0
05/09 10:53:09:989 Local queue size: 0
05/09 10:53:19:990 Local queue size: 0
05/09 10:53:29:991 Local queue size: 0
05/09 10:53:40:002 Local queue size: 0
05/09 10:53:50:007 Local queue size: 0
05/09 10:54:00:009 Local queue size: 0
05/09 10:54:10:033 Local queue size: 0
05/09 10:54:20:036 Local queue size: 0
05/09 10:54:30:043 Local queue size: 0
05/09 10:54:40:049 Local queue size: 0
05/09 10:54:50:050 Local queue size: 0
05/09 10:55:00:062 Local queue size: 0
05/09 10:55:10:068 Local queue size: 0
05/09 10:55:20:069 Local queue size: 0
05/09 10:55:30:125 Local queue size: 0
05/09 10:55:40:137 Local queue size: 0
05/09 10:55:50:146 Local queue size: 0
05/09 10:56:00:150 Local queue size: 0
05/09 10:56:10:229 Local queue size: 0
05/09 10:56:20:250 Local queue size: 0
05/09 10:56:30:262 Local queue size: 0
05/09 10:56:40:288 Local queue size: 0
05/09 10:56:50:320 Local queue size: 0
05/09 10:57:00:337 Local queue size: 0
05/09 10:57:10:339 Local queue size: 0
05/09 10:57:20:340 Local queue size: 0
05/09 10:57:30:347 Local queue size: 0
05/09 10:57:40:384 Local queue size: 0
05/09 10:57:50:393 Local queue size: 0
05/09 10:58:00:401 Local queue size: 0
05/09 10:58:10:403 Local queue size: 0
05/09 10:58:20:410 Local queue size: 0
05/09 10:58:30:412 Local queue size: 0
05/09 10:58:40:418 Local queue size: 0
05/09 10:58:50:424 Local queue size: 0
05/09 10:59:00:459 Local queue size: 0
05/09 10:59:10:460 Local queue size: 0
05/09 10:59:20:462 Local queue size: 0
05/09 10:59:30:466 Local queue size: 0
05/09 10:59:40:493 Local queue size: 0
05/09 10:59:50:499 Local queue size: 0
05/09 11:00:00:500 Local queue size: 0
05/09 11:00:10:565 Local queue size: 0
05/09 11:00:20:566 Local queue size: 0
05/09 11:00:30:582 Local queue size: 0
05/09 11:00:40:590 Local queue size: 0
05/09 11:00:50:593 Local queue size: 0
05/09 11:01:00:693 Local queue size: 0
05/09 11:01:10:696 Local queue size: 0
05/09 11:01:20:705 Local queue size: 0
05/09 11:01:30:736 Local queue size: 0
05/09 11:01:40:812 Local queue size: 0
05/09 11:01:50:813 Local queue size: 0
05/09 11:02:00:816 Local queue size: 0
05/09 11:02:10:823 Local queue size: 0
05/09 11:02:20:898 Local queue size: 0
05/09 11:02:30:899 Local queue size: 0
05/09 11:02:40:907 Local queue size: 0
05/09 11:02:50:908 Local queue size: 0
05/09 11:03:00:909 Local queue size: 0
05/09 11:03:10:910 Local queue size: 0
05/09 11:03:20:911 Local queue size: 0
05/09 11:03:30:914 Local queue size: 0
05/09 11:03:40:916 Local queue size: 0
05/09 11:03:50:917 Local queue size: 0
05/09 11:04:01:017 Local queue size: 0
05/09 11:04:11:023 Local queue size: 0
05/09 11:04:21:039 Local queue size: 0
05/09 11:04:31:046 Local queue size: 0
05/09 11:04:41:049 Local queue size: 0
05/09 11:04:51:050 Local queue size: 0
05/09 11:05:01:053 Local queue size: 0
05/09 11:05:11:153 Local queue size: 0
05/09 11:05:21:154 Local queue size: 0
05/09 11:05:31:211 Local queue size: 0
05/09 11:05:41:213 Local queue size: 0
05/09 11:05:51:313 Local queue size: 0
05/09 11:06:01:314 Local queue size: 0
05/09 11:06:11:315 Local queue size: 0
05/09 11:06:21:340 Local queue size: 0
05/09 11:06:31:341 Local queue size: 0
05/09 11:06:41:441 Local queue size: 0
05/09 11:06:51:442 Local queue size: 0
05/09 11:07:01:542 Local queue size: 0
05/09 11:07:11:569 Local queue size: 0
05/09 11:07:21:570 Local queue size: 0
05/09 11:07:31:573 Local queue size: 0
05/09 11:07:41:574 Local queue size: 0
05/09 11:07:51:575 Local queue size: 0
05/09 11:08:01:658 Local queue size: 0
05/09 11:08:11:673 Local queue size: 0
05/09 11:08:21:677 Local queue size: 0
05/09 11:20:31:867 OSA Callback started
05/09 11:20:34:789 Starting process session
05/09 11:20:34:923 Total 0 instances are started
05/09 11:20:34:925 Total 1 instances are added
05/09 11:20:45:214 Local queue size: 0
05/09 11:20:55:221 Local queue size: 0
05/09 11:21:05:250 Local queue size: 0
05/09 11:21:15:316 Local queue size: 0
05/09 11:21:25:340 Local queue size: 0
05/09 11:21:35:354 Local queue size: 0
05/09 11:21:45:357 Local queue size: 0
05/09 11:21:55:362 Local queue size: 0
05/09 11:22:05:372 Local queue size: 0
05/09 11:22:15:381 Local queue size: 0
05/09 11:22:25:389 Local queue size: 0
05/09 11:22:35:396 Local queue size: 0
05/09 11:22:45:400 Local queue size: 0
05/09 11:22:55:402 Local queue size: 0
05/09 11:23:05:404 Local queue size: 0
05/09 11:23:15:448 Local queue size: 0
05/09 11:23:25:451 Local queue size: 0
05/09 11:23:35:454 Local queue size: 0
05/09 11:23:45:457 Local queue size: 0
05/09 11:23:55:479 Local queue size: 0
05/09 11:24:05:485 Local queue size: 0
05/09 11:24:15:505 Local queue size: 0
05/09 11:24:25:506 Local queue size: 0
05/09 11:24:35:510 Local queue size: 0
05/09 11:24:45:511 Local queue size: 0
05/09 11:24:55:520 Local queue size: 0
05/09 11:25:05:522 Local queue size: 0
05/09 11:25:15:587 Local queue size: 0
05/09 11:25:25:596 Local queue size: 0
05/09 11:25:35:603 Local queue size: 0
05/09 11:25:45:619 Local queue size: 0
05/09 11:25:55:620 Local queue size: 0
05/09 11:26:05:644 Local queue size: 0
05/09 11:26:15:652 Local queue size: 0
05/09 11:26:25:659 Local queue size: 0
05/09 11:26:35:661 Local queue size: 0
05/09 11:26:45:759 Local queue size: 0
05/09 11:26:55:774 Local queue size: 0
05/09 11:27:05:860 Local queue size: 0
05/09 11:27:15:866 Local queue size: 0
05/09 11:27:25:869 Local queue size: 0
05/09 11:27:35:871 Local queue size: 0
05/09 11:27:45:971 Local queue size: 0
05/09 11:27:55:977 Local queue size: 0
05/09 11:28:05:983 Local queue size: 0
05/09 11:28:15:987 Local queue size: 0
05/09 11:36:25:750 OSA Callback started
05/09 11:36:29:332 Starting process session
05/09 11:36:29:435 Total 0 instances are started
05/09 11:36:29:436 Total 1 instances are added
05/09 11:36:39:590 Local queue size: 0
05/09 11:36:49:630 Local queue size: 0
05/09 11:36:59:631 Local queue size: 0
05/09 11:37:09:633 Local queue size: 0
05/09 11:37:19:639 Local queue size: 0
05/09 11:37:29:642 Local queue size: 0
05/09 11:37:39:647 Local queue size: 0
05/09 11:37:49:648 Local queue size: 0
05/09 11:37:59:650 Local queue size: 0
05/09 11:38:09:651 Local queue size: 0
05/09 11:38:19:735 Local queue size: 0
05/09 11:38:29:738 Local queue size: 0
05/09 11:38:39:740 Local queue size: 0
05/09 11:38:49:746 Local queue size: 0
05/09 11:38:59:818 Local queue size: 0
05/09 11:39:09:820 Local queue size: 0
05/09 11:39:19:823 Local queue size: 0
05/09 11:39:29:826 Local queue size: 0
05/09 11:39:39:836 Local queue size: 0
05/09 11:39:49:838 Local queue size: 0
05/09 11:39:59:904 Local queue size: 0
05/09 11:40:09:923 Local queue size: 0
05/09 11:40:19:928 Local queue size: 0
05/09 11:40:29:941 Local queue size: 0
05/09 11:40:39:946 Local queue size: 0
05/09 11:40:49:951 Local queue size: 0
05/09 11:40:59:953 Local queue size: 0
05/09 11:41:09:974 Local queue size: 0
05/09 11:41:19:990 Local queue size: 0
05/09 11:41:30:003 Local queue size: 0
05/09 11:41:40:005 Local queue size: 0
05/09 11:41:50:012 Local queue size: 0
05/09 11:42:00:057 Local queue size: 0
05/09 11:42:10:068 Local queue size: 0
05/09 11:42:20:070 Local queue size: 0
05/09 11:42:30:073 Local queue size: 0
05/09 11:42:40:103 Local queue size: 0
05/09 11:42:50:111 Local queue size: 0
05/09 11:43:00:125 Local queue size: 0
05/09 11:43:10:130 Local queue size: 0
05/09 11:43:20:132 Local queue size: 0
05/09 11:43:30:137 Local queue size: 0
05/09 11:43:40:171 Local queue size: 0
05/09 11:43:50:176 Local queue size: 0
05/09 11:44:00:178 Local queue size: 0
05/09 11:44:10:184 Local queue size: 0
05/09 11:44:20:250 Local queue size: 0
05/09 11:44:30:252 Local queue size: 0
05/09 11:44:40:254 Local queue size: 0
05/09 11:44:50:255 Local queue size: 0
05/09 11:45:00:267 Local queue size: 0
05/09 11:45:10:271 Local queue size: 0
05/09 11:45:20:276 Local queue size: 0
05/09 11:45:30:284 Local queue size: 0
05/09 11:45:40:393 Local queue size: 0
05/09 11:45:50:402 Local queue size: 0
05/09 11:46:00:418 Local queue size: 0
05/09 11:46:10:422 Local queue size: 0
05/09 11:46:20:490 Local queue size: 0
05/09 11:46:30:497 Local queue size: 0
05/09 11:46:40:504 Local queue size: 0
05/09 11:46:50:508 Local queue size: 0
05/09 11:47:00:589 Local queue size: 0
05/09 11:47:10:591 Local queue size: 0
05/09 11:47:20:601 Local queue size: 0
05/09 11:47:30:605 Local queue size: 0
05/09 11:47:40:611 Local queue size: 0
05/09 11:47:50:625 Local queue size: 0
05/09 11:48:00:627 Local queue size: 0
05/09 11:48:10:629 Local queue size: 0
05/09 11:48:20:657 Local queue size: 0
05/09 11:48:30:664 Local queue size: 0
05/09 11:48:40:669 Local queue size: 0
05/09 11:48:50:671 Local queue size: 0
05/09 11:49:00:724 Local queue size: 0
05/09 11:49:10:731 Local queue size: 0
05/09 11:49:20:818 Local queue size: 0
05/09 11:49:30:819 Local queue size: 0
05/09 11:49:40:821 Local queue size: 0
05/09 11:49:50:827 Local queue size: 0
05/09 11:50:00:862 Local queue size: 0
05/09 11:50:10:866 Local queue size: 0
05/09 11:50:20:873 Local queue size: 0
05/09 11:50:30:875 Local queue size: 0
05/09 11:50:40:884 Local queue size: 0
05/09 11:50:50:922 Local queue size: 0
05/09 11:51:00:925 Local queue size: 0
05/09 11:51:10:927 Local queue size: 0
05/09 11:51:20:929 Local queue size: 0
05/09 11:51:30:966 Local queue size: 0
05/09 11:51:40:968 Local queue size: 0
05/09 11:51:50:973 Local queue size: 0
05/09 11:52:00:988 Local queue size: 0
05/09 11:52:11:054 Local queue size: 0
05/09 11:52:21:064 Local queue size: 0
05/09 11:52:31:072 Local queue size: 0
05/09 11:52:41:085 Local queue size: 0
05/09 11:52:51:107 Local queue size: 0
05/09 11:53:01:112 Local queue size: 0
05/09 11:53:11:114 Local queue size: 0
05/09 11:53:21:115 Local queue size: 0
05/09 11:53:31:122 Local queue size: 0
05/09 11:53:41:125 Local queue size: 0
05/09 11:53:51:128 Local queue size: 0
05/09 11:54:01:131 Local queue size: 0
05/09 11:54:11:191 Local queue size: 0
05/09 11:54:21:193 Local queue size: 0
05/09 11:54:31:195 Local queue size: 0
05/09 11:54:41:207 Local queue size: 0
05/09 11:54:51:248 Local queue size: 0
05/09 11:55:01:249 Local queue size: 0
05/09 11:55:11:253 Local queue size: 0
05/09 11:55:21:265 Local queue size: 0
05/09 11:55:31:268 Local queue size: 0
05/09 11:55:41:270 Local queue size: 0
05/09 11:55:51:281 Local queue size: 0
05/09 11:56:01:339 Local queue size: 0
05/09 11:56:11:340 Local queue size: 0
05/09 11:56:21:342 Local queue size: 0
05/09 11:56:31:343 Local queue size: 0
05/09 11:56:41:398 Local queue size: 0
05/09 11:56:51:405 Local queue size: 0
05/09 11:57:01:412 Local queue size: 0
05/09 11:57:11:524 Local queue size: 0
05/09 11:57:21:526 Local queue size: 0
05/09 11:57:31:535 Local queue size: 0
05/09 11:57:41:544 Local queue size: 0
05/09 11:57:51:560 Local queue size: 0
05/09 11:58:01:561 Local queue size: 0
05/09 11:58:11:568 Local queue size: 0
05/09 11:58:21:570 Local queue size: 0
05/09 11:58:31:634 Local queue size: 0
05/09 11:58:41:636 Local queue size: 0
05/09 11:58:51:641 Local queue size: 0
05/09 11:59:01:649 Local queue size: 0
05/09 11:59:11:656 Local queue size: 0
05/09 11:59:21:658 Local queue size: 0
05/09 11:59:31:662 Local queue size: 0
05/09 11:59:41:668 Local queue size: 0
05/09 11:59:51:716 Local queue size: 0
05/09 12:00:01:728 Local queue size: 0
05/09 12:00:11:736 Local queue size: 0
05/09 12:00:21:740 Local queue size: 0
05/09 12:00:31:822 Local queue size: 0
05/09 12:00:41:829 Local queue size: 0
05/09 12:00:51:830 Local queue size: 0
05/09 12:01:01:834 Local queue size: 0
05/09 12:01:11:844 Local queue size: 0
05/09 12:01:21:846 Local queue size: 0
05/09 12:01:31:851 Local queue size: 0
05/09 12:01:41:867 Local queue size: 0
05/09 12:01:51:872 Local queue size: 0
05/09 12:02:01:875 Local queue size: 0
05/09 12:02:11:934 Local queue size: 0
05/09 12:02:21:938 Local queue size: 0
05/09 12:02:31:940 Local queue size: 0
05/09 12:02:41:941 Local queue size: 0
05/09 12:02:52:019 Local queue size: 0
05/09 12:03:02:037 Local queue size: 0
05/09 12:03:12:056 Local queue size: 0
05/09 12:03:22:069 Local queue size: 0
05/09 12:03:32:086 Local queue size: 0
05/09 12:03:42:102 Local queue size: 0
05/09 12:03:52:127 Local queue size: 0
05/09 12:04:02:193 Local queue size: 0
05/09 12:04:12:201 Local queue size: 0
05/09 12:04:22:216 Local queue size: 0
05/09 12:04:32:238 Local queue size: 0
05/09 12:04:42:239 Local queue size: 0
05/09 12:04:52:290 Local queue size: 0
05/09 12:05:02:305 Local queue size: 0
05/09 12:05:12:310 Local queue size: 0
05/09 12:05:22:349 Local queue size: 0
05/09 12:05:32:367 Local queue size: 0
05/09 12:05:42:433 Local queue size: 0
05/09 12:05:52:434 Local queue size: 0
05/09 12:06:02:437 Local queue size: 0
05/09 12:06:12:447 Local queue size: 0
05/09 12:06:22:466 Local queue size: 0
05/09 12:06:32:514 Local queue size: 0
05/09 12:06:42:516 Local queue size: 0
05/09 12:06:52:540 Local queue size: 0
05/09 12:07:02:551 Local queue size: 0
05/09 12:07:12:557 Local queue size: 0
05/09 12:07:22:571 Local queue size: 0
05/09 12:07:32:587 Local queue size: 0
05/09 12:07:42:612 Local queue size: 0
05/09 12:07:52:620 Local queue size: 0
05/09 12:08:02:696 Local queue size: 0
05/09 12:08:12:701 Local queue size: 0
05/09 12:08:22:706 Local queue size: 0
05/09 12:08:32:711 Local queue size: 0
05/09 12:08:42:716 Local queue size: 0
05/09 12:08:52:722 Local queue size: 0
05/09 12:09:02:735 Local queue size: 0
05/09 12:09:12:741 Local queue size: 0
05/09 12:09:22:744 Local queue size: 0
05/09 12:09:32:749 Local queue size: 0
05/09 12:09:42:824 Local queue size: 0
05/09 12:09:52:838 Local queue size: 0
05/09 12:10:02:874 Local queue size: 0
05/09 12:10:12:883 Local queue size: 0
05/09 12:10:22:886 Local queue size: 0
05/09 12:10:32:927 Local queue size: 0
05/09 12:10:42:940 Local queue size: 0
05/09 12:10:52:942 Local queue size: 0
05/09 12:11:02:957 Local queue size: 0
05/09 12:11:13:048 Local queue size: 0
05/09 12:11:23:049 Local queue size: 0
05/09 12:11:33:051 Local queue size: 0
05/09 12:11:43:052 Local queue size: 0
05/09 12:11:53:069 Local queue size: 0
05/09 12:12:03:073 Local queue size: 0
05/09 12:12:13:133 Local queue size: 0
05/09 12:12:23:142 Local queue size: 0
05/09 12:12:33:151 Local queue size: 0
05/09 12:12:43:160 Local queue size: 0
05/09 12:12:53:165 Local queue size: 0
05/09 12:13:03:181 Local queue size: 0
05/09 12:13:13:207 Local queue size: 0
05/09 12:13:23:216 Local queue size: 0
05/09 12:13:33:219 Local queue size: 0
05/09 12:13:43:220 Local queue size: 0
05/09 12:13:53:229 Local queue size: 0
05/09 15:28:21:809 OSA Callback started
05/09 15:28:24:593 Starting process session
05/09 15:28:24:701 Total 0 instances are started
05/09 15:28:24:704 Total 1 instances are added
05/09 15:28:34:915 Local queue size: 0
05/09 15:28:44:966 Local queue size: 0
05/09 15:28:54:971 Local queue size: 0
05/09 15:29:04:972 Local queue size: 0
05/09 15:29:14:975 Local queue size: 0
05/09 15:29:24:977 Local queue size: 0
05/09 15:29:34:980 Local queue size: 0
05/09 15:29:44:983 Local queue size: 0
05/09 15:29:54:990 Local queue size: 0
05/09 15:30:04:992 Local queue size: 0
05/09 15:30:15:000 Local queue size: 0
05/09 15:30:25:100 Local queue size: 0
05/09 15:30:35:101 Local queue size: 0
05/09 15:30:45:104 Local queue size: 0
05/09 15:30:55:105 Local queue size: 0
05/09 15:31:05:106 Local queue size: 0
05/09 15:31:15:113 Local queue size: 0
05/09 15:31:25:115 Local queue size: 0
05/09 15:31:35:119 Local queue size: 0
05/09 15:31:45:121 Local queue size: 0
05/09 15:31:55:221 Local queue size: 0
05/09 15:32:05:224 Local queue size: 0
05/09 15:32:15:225 Local queue size: 0
05/09 15:32:25:227 Local queue size: 0
05/09 15:32:35:228 Local queue size: 0
05/09 15:32:45:229 Local queue size: 0
05/09 15:32:55:230 Local queue size: 0
05/09 15:33:05:330 Local queue size: 0
05/09 15:33:15:334 Local queue size: 0
05/09 15:33:25:335 Local queue size: 0
05/09 15:33:35:435 Local queue size: 0
05/09 15:33:45:443 Local queue size: 0
05/09 15:33:55:446 Local queue size: 0
05/09 15:34:05:449 Local queue size: 0
05/09 15:34:15:450 Local queue size: 0
05/09 15:34:25:456 Local queue size: 0
05/09 15:34:35:468 Local queue size: 0
05/09 15:34:45:471 Local queue size: 0
05/09 15:34:55:472 Local queue size: 0
05/09 15:35:05:475 Local queue size: 0
05/09 15:35:15:477 Local queue size: 0
05/09 15:35:25:482 Local queue size: 0
05/09 15:35:35:484 Local queue size: 0
05/09 15:35:45:490 Local queue size: 0
05/09 15:35:55:492 Local queue size: 0
05/09 15:36:05:499 Local queue size: 0
05/09 15:36:15:511 Local queue size: 0
05/09 15:36:25:519 Local queue size: 0
05/09 15:36:35:521 Local queue size: 0
05/09 15:36:45:527 Local queue size: 0
05/09 15:36:55:532 Local queue size: 0
05/09 15:37:05:534 Local queue size: 0
05/09 15:37:15:538 Local queue size: 0
05/09 15:37:25:544 Local queue size: 0
05/09 15:37:35:550 Local queue size: 0
05/09 15:37:45:552 Local queue size: 0
05/09 15:37:55:560 Local queue size: 0
05/09 15:38:05:567 Local queue size: 0
05/09 15:38:15:569 Local queue size: 0
05/09 15:38:25:572 Local queue size: 0
05/09 15:38:35:573 Local queue size: 0
05/09 15:38:45:575 Local queue size: 0
05/09 15:38:55:581 Local queue size: 0
05/09 15:39:05:586 Local queue size: 0
05/09 15:39:15:589 Local queue size: 0
05/09 15:39:25:590 Local queue size: 0
05/09 15:39:35:595 Local queue size: 0
05/09 15:39:45:690 Local queue size: 0
05/09 15:39:55:695 Local queue size: 0
05/09 15:40:05:722 Local queue size: 0
05/09 15:40:15:727 Local queue size: 0
05/09 15:40:25:733 Local queue size: 0
05/09 15:40:35:735 Local queue size: 0
05/09 15:40:45:739 Local queue size: 0
05/09 15:40:55:759 Local queue size: 0
05/09 15:41:05:767 Local queue size: 0
05/09 15:41:15:774 Local queue size: 0
05/09 15:41:25:778 Local queue size: 0
05/09 15:41:35:781 Local queue size: 0
05/09 15:41:45:791 Local queue size: 0
05/09 15:41:55:795 Local queue size: 0
05/09 15:42:05:796 Local queue size: 0
05/09 15:42:15:799 Local queue size: 0
05/09 15:42:25:802 Local queue size: 0
05/09 15:42:35:902 Local queue size: 0
05/09 15:42:45:907 Local queue size: 0
05/09 15:42:55:909 Local queue size: 0
05/09 15:43:05:912 Local queue size: 0
05/09 15:43:15:913 Local queue size: 0
05/09 15:43:25:938 Local queue size: 0
05/09 15:43:36:014 Local queue size: 0
05/09 15:43:46:021 Local queue size: 0
05/09 15:43:56:026 Local queue size: 0
05/09 15:44:06:029 Local queue size: 0
05/09 15:44:16:046 Local queue size: 0
05/09 15:44:26:063 Local queue size: 0
05/09 15:44:36:077 Local queue size: 0
05/09 15:44:46:079 Local queue size: 0
05/09 15:44:56:082 Local queue size: 0
05/09 15:45:06:088 Local queue size: 0
05/09 15:45:16:095 Local queue size: 0
05/09 15:45:26:099 Local queue size: 0
05/09 15:45:36:103 Local queue size: 0
05/09 15:45:46:110 Local queue size: 0
05/09 15:45:56:128 Local queue size: 0
05/09 15:46:06:130 Local queue size: 0
05/09 15:46:16:137 Local queue size: 0
05/09 15:46:26:138 Local queue size: 0
05/09 15:46:36:155 Local queue size: 0
05/09 15:46:46:173 Local queue size: 0
05/09 15:46:56:182 Local queue size: 0
05/09 15:47:06:200 Local queue size: 0
05/09 15:47:16:276 Local queue size: 0
05/09 15:47:26:286 Local queue size: 0
05/09 15:47:36:294 Local queue size: 0
05/09 15:47:46:296 Local queue size: 0
05/09 15:47:56:303 Local queue size: 0
05/09 15:48:06:306 Local queue size: 0
05/09 15:48:16:315 Local queue size: 0
05/09 15:48:26:328 Local queue size: 0
05/09 15:48:36:340 Local queue size: 0
05/09 15:48:46:357 Local queue size: 0
05/09 15:48:56:360 Local queue size: 0
05/09 15:49:06:362 Local queue size: 0
05/09 15:49:16:367 Local queue size: 0
05/09 15:49:26:373 Local queue size: 0
05/09 15:49:36:413 Local queue size: 0
05/09 15:49:46:416 Local queue size: 0
05/09 15:49:56:418 Local queue size: 0
05/09 15:50:06:421 Local queue size: 0
05/09 15:50:16:424 Local queue size: 0
05/09 15:50:26:441 Local queue size: 0
05/09 15:50:36:445 Local queue size: 0
05/09 15:50:46:455 Local queue size: 0
05/09 15:50:56:469 Local queue size: 0
05/09 15:51:06:524 Local queue size: 0
05/09 15:51:16:528 Local queue size: 0
05/09 15:51:26:529 Local queue size: 0
05/09 15:51:36:533 Local queue size: 0
05/09 15:51:46:538 Local queue size: 0
05/09 15:51:56:540 Local queue size: 0
05/09 15:52:06:554 Local queue size: 0
05/09 15:52:16:555 Local queue size: 0
05/09 15:52:26:568 Local queue size: 0
05/09 15:52:36:569 Local queue size: 0
05/09 15:52:46:573 Local queue size: 0
05/09 15:52:56:577 Local queue size: 0
05/09 15:53:09:413 OSA Callback started
05/09 15:53:11:140 Starting process session
05/09 15:53:11:256 Total 0 instances are started
05/09 15:53:11:256 Total 1 instances are added
05/09 15:53:21:609 Local queue size: 0
05/09 15:53:31:640 Local queue size: 0
05/09 15:53:41:671 Local queue size: 0
05/09 15:53:51:676 Local queue size: 0
05/09 15:54:01:694 Local queue size: 0
05/09 15:54:11:701 Local queue size: 0
05/09 15:54:21:702 Local queue size: 0
05/09 15:54:31:716 Local queue size: 0
05/09 15:54:41:724 Local queue size: 0
05/09 15:54:51:728 Local queue size: 0
05/09 15:55:01:734 Local queue size: 0
05/09 15:55:11:749 Local queue size: 0
05/09 15:55:21:755 Local queue size: 0
05/09 15:55:31:760 Local queue size: 0
05/09 15:55:41:765 Local queue size: 0
05/09 15:55:51:768 Local queue size: 0
05/09 15:56:01:796 Local queue size: 0
05/09 15:56:11:800 Local queue size: 0
05/09 15:56:21:810 Local queue size: 0
05/09 15:56:31:818 Local queue size: 0
05/09 15:56:41:829 Local queue size: 0
05/09 15:56:51:858 Local queue size: 0
05/09 15:57:13:887 OSA Callback started
05/09 15:57:17:946 Starting process session
05/09 15:57:18:047 Total 0 instances are started
05/09 15:57:18:048 Total 1 instances are added
05/09 15:57:28:215 Local queue size: 0
05/09 15:57:38:217 Local queue size: 0
05/09 15:57:48:222 Local queue size: 0
05/09 15:57:58:227 Local queue size: 0
05/09 15:58:08:296 Local queue size: 0
05/09 15:58:18:331 Local queue size: 0
05/09 15:58:28:337 Local queue size: 0
05/09 15:58:38:419 Local queue size: 0
05/09 15:58:48:434 Local queue size: 0
05/09 15:58:58:436 Local queue size: 0
05/09 16:29:35:735 OSA Callback started
05/09 16:29:39:249 Starting process session
05/09 16:29:39:352 Total 0 instances are started
05/09 16:29:39:364 Total 1 instances are added
05/09 16:29:49:498 Local queue size: 0
05/09 16:29:59:534 Local queue size: 0
05/09 16:30:09:536 Local queue size: 0
05/09 16:30:19:546 Local queue size: 0
05/09 16:30:29:547 Local queue size: 0
05/09 16:30:39:621 Local queue size: 0
05/09 16:30:49:623 Local queue size: 0
05/09 16:30:59:634 Local queue size: 0
05/09 16:31:09:638 Local queue size: 0
05/09 16:31:19:661 Local queue size: 0
05/09 16:31:29:676 Local queue size: 0
05/09 16:31:39:693 Local queue size: 0
05/09 16:31:49:697 Local queue size: 0
05/09 16:31:59:714 Local queue size: 0
05/09 16:32:09:715 Local queue size: 0
05/09 16:32:19:723 Local queue size: 0
05/09 16:32:29:812 Local queue size: 0
05/09 16:32:39:816 Local queue size: 0
05/09 16:32:49:832 Local queue size: 0
05/09 16:32:59:833 Local queue size: 0
05/09 16:33:09:846 Local queue size: 0
05/09 16:33:19:849 Local queue size: 0
05/09 16:33:29:862 Local queue size: 0
05/09 16:33:39:863 Local queue size: 0
05/09 16:33:49:868 Local queue size: 0
05/09 16:33:59:872 Local queue size: 0
05/09 16:34:25:326 OSA Callback started
05/09 16:34:27:794 Starting process session
05/09 16:34:28:027 Total 0 instances are started
05/09 16:34:28:028 Total 1 instances are added
05/09 16:34:38:382 Local queue size: 0
05/09 16:34:48:423 Local queue size: 0
05/09 16:34:58:521 Local queue size: 0
05/09 16:35:08:524 Local queue size: 0
05/09 16:35:18:528 Local queue size: 0
05/09 16:35:28:530 Local queue size: 0
05/09 16:35:38:538 Local queue size: 0
05/09 16:35:48:573 Local queue size: 0
05/09 16:35:58:575 Local queue size: 0
05/09 16:36:08:578 Local queue size: 0
05/09 16:36:18:613 Local queue size: 0
05/09 16:36:28:615 Local queue size: 0
05/09 16:36:38:664 Local queue size: 0
05/09 16:36:48:681 Local queue size: 0
05/09 16:37:09:782 OSA Callback started
05/09 16:37:13:993 Starting process session
05/09 16:37:14:094 Total 0 instances are started
05/09 16:37:14:094 Total 1 instances are added
05/09 16:37:24:269 Local queue size: 0
05/09 16:37:34:286 Local queue size: 0
05/09 16:37:44:331 Local queue size: 0
05/09 16:37:54:371 Local queue size: 0
05/09 16:38:04:389 Local queue size: 0
05/09 16:38:14:402 Local queue size: 0
05/09 16:38:24:418 Local queue size: 0
05/09 16:38:34:446 Local queue size: 0
05/09 16:38:44:478 Local queue size: 0
05/09 16:38:54:509 Local queue size: 0
05/09 16:39:04:513 Local queue size: 0
05/09 16:39:14:519 Local queue size: 0
05/09 16:39:24:564 Local queue size: 0
05/09 16:39:34:606 Local queue size: 0
05/09 16:39:44:611 Local queue size: 0
05/09 16:39:54:527 OSA Callback started
05/09 16:39:55:907 Starting process session
05/09 16:39:56:037 Total 0 instances are started
05/09 16:39:56:039 Total 1 instances are added
05/09 16:40:06:223 Local queue size: 0
05/09 16:40:16:280 Local queue size: 0
05/09 16:40:26:284 Local queue size: 0
05/09 16:40:36:290 Local queue size: 0
05/09 16:40:46:337 Local queue size: 0
05/09 16:40:56:363 Local queue size: 0
05/09 16:41:06:366 Local queue size: 0
05/09 16:41:16:368 Local queue size: 0
05/09 16:41:26:370 Local queue size: 0
05/09 16:41:36:372 Local queue size: 0
05/09 16:41:46:385 Local queue size: 0
05/09 16:42:15:698 OSA Callback started
05/09 16:42:19:843 Starting process session
05/09 16:42:19:945 Total 0 instances are started
05/09 16:42:19:945 Total 1 instances are added
05/09 16:42:30:051 Local queue size: 0
05/09 16:42:40:075 Local queue size: 0
05/09 16:42:50:133 Local queue size: 0
05/09 16:43:00:150 Local queue size: 0
05/09 16:43:10:171 Local queue size: 0
05/09 16:43:20:178 Local queue size: 0
05/09 16:55:40:778 OSA Callback started
05/09 16:55:43:779 Starting process session
05/09 16:55:43:975 Total 0 instances are started
05/09 16:55:43:976 Total 1 instances are added
05/09 16:55:54:196 Local queue size: 0
05/09 16:56:04:212 Local queue size: 0
05/09 16:56:14:234 Local queue size: 0
05/09 16:56:24:245 Local queue size: 0
05/09 16:56:34:262 Local queue size: 0
05/09 16:56:44:273 Local queue size: 0
05/09 16:56:54:278 Local queue size: 0
05/09 16:57:04:280 Local queue size: 0
05/09 16:57:14:282 Local queue size: 0
05/09 16:57:24:285 Local queue size: 0
05/09 16:57:34:287 Local queue size: 0
05/09 16:57:44:289 Local queue size: 0
05/09 16:57:54:290 Local queue size: 0
05/09 16:58:04:305 Local queue size: 0
05/09 16:58:14:312 Local queue size: 0
05/09 16:58:24:326 Local queue size: 0
05/09 16:58:34:352 Local queue size: 0
05/09 16:58:44:362 Local queue size: 0
05/09 16:58:54:377 Local queue size: 0
05/09 16:59:04:379 Local queue size: 0
05/09 16:59:14:395 Local queue size: 0
05/09 16:59:24:405 Local queue size: 0
05/09 16:59:34:429 Local queue size: 0
05/09 16:59:44:458 Local queue size: 0
05/09 16:59:54:461 Local queue size: 0
05/09 17:00:04:463 Local queue size: 0
05/09 17:00:14:464 Local queue size: 0
05/09 17:00:24:501 Local queue size: 0
05/09 17:00:34:517 Local queue size: 0
05/09 17:00:44:524 Local queue size: 0
05/09 17:00:54:533 Local queue size: 0
05/09 17:01:04:534 Local queue size: 0
05/09 17:01:14:536 Local queue size: 0
05/09 17:02:28:578 OSA Callback started
05/09 17:02:33:352 Starting process session
05/09 17:02:33:453 Total 0 instances are started
05/09 17:02:33:454 Total 1 instances are added
05/09 17:02:43:620 Local queue size: 0
05/09 17:02:53:631 Local queue size: 0
05/09 17:03:03:708 Local queue size: 0
05/09 17:03:13:726 Local queue size: 0
05/09 17:03:23:790 Local queue size: 0
05/09 17:03:33:799 Local queue size: 0
05/09 17:03:43:899 Local queue size: 0
05/09 17:03:53:979 Local queue size: 0
05/09 17:04:04:004 Local queue size: 0
05/09 17:04:14:019 Local queue size: 0
05/09 17:04:24:029 Local queue size: 0
05/09 17:04:34:085 Local queue size: 0
05/09 17:04:44:135 Local queue size: 0
05/09 17:04:54:139 Local queue size: 0
05/09 17:05:04:169 Local queue size: 0
05/09 17:05:14:266 Local queue size: 0
05/09 17:05:24:270 Local queue size: 0
05/09 17:05:34:276 Local queue size: 0
05/09 17:05:44:286 Local queue size: 0
05/09 17:05:54:334 Local queue size: 0
05/09 17:06:04:348 Local queue size: 0
05/09 17:06:14:377 Local queue size: 0
05/09 17:06:24:378 Local queue size: 0
05/09 17:17:54:197 OSA Callback started
05/09 17:17:59:765 Starting process session
05/09 17:17:59:867 Total 0 instances are started
05/09 17:17:59:867 Total 1 instances are added
05/09 17:18:10:007 Local queue size: 0
05/09 17:18:20:031 Local queue size: 0
05/09 17:18:30:067 Local queue size: 0
05/09 17:18:40:092 Local queue size: 0
05/09 17:18:50:144 Local queue size: 0
05/09 17:19:00:148 Local queue size: 0
05/09 17:19:10:224 Local queue size: 0
05/09 17:19:20:240 Local queue size: 0
05/09 17:19:30:248 Local queue size: 0
05/09 17:19:40:261 Local queue size: 0
05/09 17:19:50:288 Local queue size: 0
05/09 17:20:00:335 Local queue size: 0
05/09 17:20:10:354 Local queue size: 0
05/09 17:20:20:360 Local queue size: 0
05/09 17:20:30:409 Local queue size: 0
05/09 17:21:04:861 OSA Callback started
05/09 17:21:09:032 Starting process session
05/09 17:21:09:140 Total 0 instances are started
05/09 17:21:09:141 Total 1 instances are added
05/09 17:21:19:340 Local queue size: 0
05/09 17:21:29:352 Local queue size: 0
05/09 17:21:39:417 Local queue size: 0
05/09 17:21:49:434 Local queue size: 0
05/09 17:21:59:455 Local queue size: 0
05/09 17:22:09:505 Local queue size: 0
05/09 17:22:19:528 Local queue size: 0
05/09 17:22:29:531 Local queue size: 0
05/09 17:22:39:557 Local queue size: 0
05/09 17:22:49:609 Local queue size: 0
05/09 17:22:59:623 Local queue size: 0
05/09 17:23:09:637 Local queue size: 0
05/09 17:23:19:737 Local queue size: 0
05/09 17:23:29:748 Local queue size: 0
05/09 17:23:39:750 Local queue size: 0
05/09 17:23:49:755 Local queue size: 0
05/09 17:23:59:761 Local queue size: 0
05/09 17:24:09:785 Local queue size: 0
05/09 17:24:19:786 Local queue size: 0
05/09 17:24:29:806 Local queue size: 0
05/09 17:24:39:851 Local queue size: 0
05/09 17:24:51:747 OSA Callback started
05/09 17:24:53:939 Starting process session
05/09 17:24:54:064 Total 0 instances are started
05/09 17:24:54:065 Total 1 instances are added
05/09 17:25:04:203 Local queue size: 0
05/09 17:25:14:250 Local queue size: 0
05/09 17:25:24:255 Local queue size: 0
05/09 17:25:34:261 Local queue size: 0
05/09 17:25:44:263 Local queue size: 0
05/09 17:25:54:356 Local queue size: 0
05/09 17:26:04:361 Local queue size: 0
05/09 17:26:14:363 Local queue size: 0
05/09 17:26:24:405 Local queue size: 0
05/09 17:26:34:417 Local queue size: 0
05/09 17:26:44:419 Local queue size: 0
05/09 17:26:54:425 Local queue size: 0
05/09 17:27:04:503 Local queue size: 0
05/09 17:27:14:519 Local queue size: 0
05/09 17:27:24:528 Local queue size: 0
05/09 17:27:34:529 Local queue size: 0
05/09 17:27:44:636 Local queue size: 0
05/09 17:27:54:649 Local queue size: 0
05/09 17:28:04:656 Local queue size: 0
05/09 17:28:14:674 Local queue size: 0
05/09 17:28:24:684 Local queue size: 0
05/09 17:28:34:771 Local queue size: 0
05/09 17:28:44:777 Local queue size: 0
05/09 17:28:54:787 Local queue size: 0
05/09 17:29:04:788 Local queue size: 0
05/09 17:29:14:888 Local queue size: 0
05/09 17:29:24:894 Local queue size: 0
05/09 17:29:34:902 Local queue size: 0
05/09 17:29:44:910 Local queue size: 0
05/09 17:29:54:983 Local queue size: 0
05/09 17:30:04:989 Local queue size: 0
05/09 17:30:14:992 Local queue size: 0
05/09 17:30:24:995 Local queue size: 0
05/09 17:30:35:050 Local queue size: 0
05/09 17:30:45:054 Local queue size: 0
05/09 17:30:55:056 Local queue size: 0
05/09 17:31:05:073 Local queue size: 0
05/09 17:31:15:128 Local queue size: 0
05/09 17:31:25:148 Local queue size: 0
05/09 17:31:35:158 Local queue size: 0
05/09 17:31:45:164 Local queue size: 0
05/09 17:31:55:180 Local queue size: 0
05/09 17:32:05:186 Local queue size: 0
05/09 17:32:15:188 Local queue size: 0
05/09 17:32:25:277 Local queue size: 0
05/09 17:32:35:279 Local queue size: 0
05/09 17:32:45:281 Local queue size: 0
05/09 17:32:55:295 Local queue size: 0
05/09 17:33:05:333 Local queue size: 0
05/09 17:33:15:352 Local queue size: 0
05/09 17:33:25:366 Local queue size: 0
05/09 17:33:35:370 Local queue size: 0
05/09 17:33:45:388 Local queue size: 0
05/09 17:33:55:395 Local queue size: 0
05/09 17:34:05:397 Local queue size: 0
05/09 17:34:15:398 Local queue size: 0
05/09 17:34:25:413 Local queue size: 0
05/09 17:34:35:443 Local queue size: 0
05/09 17:34:45:468 Local queue size: 0
05/09 17:34:55:470 Local queue size: 0
05/09 17:35:05:477 Local queue size: 0
05/09 17:35:15:576 Local queue size: 0
05/09 17:35:25:584 Local queue size: 0
05/09 17:35:35:599 Local queue size: 0
05/09 17:35:45:607 Local queue size: 0
05/09 17:35:55:640 Local queue size: 0
05/09 17:36:05:653 Local queue size: 0
05/09 17:36:15:665 Local queue size: 0
05/09 17:36:25:670 Local queue size: 0
05/09 17:36:35:731 Local queue size: 0
05/09 17:36:45:742 Local queue size: 0
05/09 17:36:55:747 Local queue size: 0
05/09 17:37:05:749 Local queue size: 0
05/09 17:37:15:765 Local queue size: 0
05/09 17:37:25:774 Local queue size: 0
05/09 17:37:35:846 Local queue size: 0
05/09 17:37:45:848 Local queue size: 0
05/09 17:37:55:864 Local queue size: 0
05/09 17:38:05:867 Local queue size: 0
05/09 17:38:15:871 Local queue size: 0
05/09 17:38:25:876 Local queue size: 0
05/09 17:38:35:895 Local queue size: 0
05/09 17:38:45:900 Local queue size: 0
05/09 17:38:55:905 Local queue size: 0
05/09 17:39:05:911 Local queue size: 0
05/09 17:39:15:917 Local queue size: 0
05/09 17:39:25:919 Local queue size: 0
05/09 17:39:35:940 Local queue size: 0
05/09 17:39:45:942 Local queue size: 0
05/09 17:39:55:944 Local queue size: 0
05/09 17:40:05:945 Local queue size: 0
05/09 17:40:16:037 Local queue size: 0
05/09 17:40:26:040 Local queue size: 0
05/09 17:40:36:051 Local queue size: 0
05/09 17:40:46:056 Local queue size: 0
05/09 17:40:56:085 Local queue size: 0
05/09 17:41:06:088 Local queue size: 0
05/09 17:41:16:096 Local queue size: 0
05/09 17:41:26:105 Local queue size: 0
05/09 17:41:36:106 Local queue size: 0
05/09 17:41:46:108 Local queue size: 0
05/09 17:41:56:115 Local queue size: 0
05/09 17:42:06:164 Local queue size: 0
05/09 17:42:16:175 Local queue size: 0
05/09 17:42:26:191 Local queue size: 0
05/09 17:42:36:197 Local queue size: 0
05/09 17:42:46:291 Local queue size: 0
05/09 17:42:56:303 Local queue size: 0
05/09 17:43:06:306 Local queue size: 0
05/09 17:43:16:312 Local queue size: 0
05/09 17:43:26:409 Local queue size: 0
05/09 17:43:36:423 Local queue size: 0
05/09 17:43:46:425 Local queue size: 0
05/09 17:43:56:514 Local queue size: 0
05/09 17:44:06:524 Local queue size: 0
05/09 17:44:16:526 Local queue size: 0
05/09 17:44:26:539 Local queue size: 0
05/09 17:44:36:635 Local queue size: 0
05/09 17:44:46:642 Local queue size: 0
05/09 17:44:56:644 Local queue size: 0
05/09 17:45:06:646 Local queue size: 0
05/09 17:45:16:699 Local queue size: 0
05/09 17:45:26:715 Local queue size: 0
05/09 17:45:36:727 Local queue size: 0
05/09 17:45:46:730 Local queue size: 0
05/09 17:45:56:735 Local queue size: 0
05/09 17:46:06:820 Local queue size: 0
05/09 17:46:16:821 Local queue size: 0
05/09 17:46:26:824 Local queue size: 0
05/09 17:46:36:826 Local queue size: 0
05/09 17:46:46:833 Local queue size: 0
05/09 17:46:56:835 Local queue size: 0
05/09 17:47:06:836 Local queue size: 0
05/09 17:47:16:865 Local queue size: 0
05/09 17:47:26:925 Local queue size: 0
05/09 17:47:36:949 Local queue size: 0
05/09 17:47:46:958 Local queue size: 0
05/09 17:47:57:022 Local queue size: 0
05/09 17:48:07:033 Local queue size: 0
05/09 17:48:17:038 Local queue size: 0
05/09 17:48:27:045 Local queue size: 0
05/09 17:48:37:101 Local queue size: 0
05/09 17:48:47:109 Local queue size: 0
05/09 17:48:57:135 Local queue size: 0
05/09 17:49:07:136 Local queue size: 0
05/09 17:49:17:139 Local queue size: 0
05/09 17:49:27:148 Local queue size: 0
05/09 17:49:37:153 Local queue size: 0
05/09 17:49:47:154 Local queue size: 0
05/09 17:49:57:249 Local queue size: 0
05/09 17:50:07:258 Local queue size: 0
05/09 17:50:17:260 Local queue size: 0
05/09 17:50:27:286 Local queue size: 0
05/09 17:50:37:369 Local queue size: 0
05/09 17:50:47:397 Local queue size: 0
05/09 17:50:57:399 Local queue size: 0
05/09 17:51:07:408 Local queue size: 0
05/09 17:51:17:494 Local queue size: 0
05/09 17:51:27:520 Local queue size: 0
05/09 17:51:37:540 Local queue size: 0
05/09 17:51:54:757 OSA Callback started
05/09 17:51:58:268 Starting process session
05/09 17:51:58:526 Total 0 instances are started
05/09 17:51:58:526 Total 1 instances are added
05/09 17:52:08:688 Local queue size: 0
05/09 17:52:18:692 Local queue size: 0
05/09 17:52:28:694 Local queue size: 0
05/09 17:52:38:765 Local queue size: 0
05/09 17:52:48:775 Local queue size: 0
05/09 17:52:58:779 Local queue size: 0
05/09 17:53:08:791 Local queue size: 0
05/09 17:53:25:710 OSA Callback started
05/09 17:53:29:376 Starting process session
05/09 17:53:29:480 Total 0 instances are started
05/09 17:53:29:480 Total 1 instances are added
05/09 17:53:39:673 Local queue size: 0
05/09 17:53:49:685 Local queue size: 0
05/09 17:53:59:726 Local queue size: 0
05/09 17:54:09:732 Local queue size: 0
05/09 17:54:19:733 Local queue size: 0
05/09 17:54:29:831 Local queue size: 0
05/09 17:54:39:835 Local queue size: 0
05/09 17:54:49:843 Local queue size: 0
05/09 17:54:59:904 Local queue size: 0
05/09 17:55:09:923 Local queue size: 0
05/09 17:55:19:938 Local queue size: 0
05/09 17:55:29:939 Local queue size: 0
05/09 17:55:39:963 Local queue size: 0
05/09 17:55:49:973 Local queue size: 0
05/09 17:55:59:975 Local queue size: 0
05/09 17:56:10:024 Local queue size: 0
05/09 17:56:20:044 Local queue size: 0
05/09 17:56:41:609 OSA Callback started
05/09 17:56:45:349 Starting process session
05/09 17:56:45:450 Total 0 instances are started
05/09 17:56:45:450 Total 1 instances are added
05/09 17:56:55:608 Local queue size: 0
05/09 17:57:05:619 Local queue size: 0
05/09 17:57:15:647 Local queue size: 0
05/09 17:57:25:663 Local queue size: 0
05/09 17:57:35:693 Local queue size: 0
05/09 17:57:45:695 Local queue size: 0
05/09 17:57:55:697 Local queue size: 0
05/09 17:58:05:701 Local queue size: 0
05/09 17:58:15:732 Local queue size: 0
05/09 17:58:25:738 Local queue size: 0
05/09 17:58:35:742 Local queue size: 0
05/09 17:58:45:752 Local queue size: 0
05/09 17:58:55:819 Local queue size: 0
05/09 17:59:05:824 Local queue size: 0
05/09 17:59:17:034 OSA Callback started
05/09 17:59:20:769 Starting process session
05/09 17:59:20:871 Total 0 instances are started
05/09 17:59:20:872 Total 1 instances are added
05/09 17:59:30:983 Local queue size: 0
05/09 17:59:41:007 Local queue size: 0
05/09 17:59:51:029 Local queue size: 0
05/09 18:00:01:060 Local queue size: 0
05/09 18:00:11:081 Local queue size: 0
05/09 18:00:21:100 Local queue size: 0
05/09 18:00:31:117 Local queue size: 0
05/09 18:00:41:145 Local queue size: 0
05/09 18:00:51:148 Local queue size: 0
05/09 18:01:01:150 Local queue size: 0
05/09 18:01:11:152 Local queue size: 0
05/09 18:01:21:209 Local queue size: 0
05/09 18:01:31:212 Local queue size: 0
05/09 18:01:41:224 Local queue size: 0
05/09 18:01:51:249 Local queue size: 0
05/09 18:02:01:263 Local queue size: 0
05/09 18:02:11:267 Local queue size: 0
05/09 18:02:21:269 Local queue size: 0
05/09 18:02:31:327 Local queue size: 0
05/09 18:02:41:361 Local queue size: 0
05/09 18:02:51:362 Local queue size: 0
05/09 18:03:01:369 Local queue size: 0
05/09 18:03:11:457 Local queue size: 0
05/09 18:03:21:459 Local queue size: 0
05/09 18:03:31:470 Local queue size: 0
05/09 18:03:41:494 Local queue size: 0
05/09 18:03:51:548 Local queue size: 0
05/09 18:04:01:549 Local queue size: 0
05/09 18:04:11:560 Local queue size: 0
05/09 18:04:21:564 Local queue size: 0
05/09 18:04:31:622 Local queue size: 0
05/09 18:04:41:624 Local queue size: 0
05/09 18:04:51:643 Local queue size: 0
05/09 18:05:01:645 Local queue size: 0
05/09 18:05:11:653 Local queue size: 0
05/09 18:05:21:661 Local queue size: 0
05/09 18:05:31:666 Local queue size: 0
05/09 18:05:41:757 Local queue size: 0
05/09 18:05:51:767 Local queue size: 0
05/09 18:06:01:774 Local queue size: 0
05/09 18:06:11:782 Local queue size: 0
05/09 18:06:21:790 Local queue size: 0
05/09 18:06:31:792 Local queue size: 0
05/09 18:06:41:796 Local queue size: 0
05/09 18:06:51:813 Local queue size: 0
05/09 18:07:01:852 Local queue size: 0
05/09 18:07:11:863 Local queue size: 0
05/09 18:07:21:869 Local queue size: 0
05/09 18:07:31:877 Local queue size: 0
05/09 18:07:41:902 Local queue size: 0
05/09 18:07:51:918 Local queue size: 0
05/09 18:08:01:924 Local queue size: 0
05/09 18:08:11:951 Local queue size: 0
05/09 18:08:21:960 Local queue size: 0
05/09 18:08:31:970 Local queue size: 0
05/09 18:08:41:974 Local queue size: 0
05/09 18:08:51:982 Local queue size: 0
05/09 18:09:01:994 Local queue size: 0
05/09 18:09:12:006 Local queue size: 0
05/09 18:09:22:009 Local queue size: 0
05/09 18:09:32:010 Local queue size: 0
05/09 18:09:42:021 Local queue size: 0
05/09 18:09:52:025 Local queue size: 0
05/09 18:10:02:040 Local queue size: 0
05/09 18:10:12:047 Local queue size: 0
05/09 18:10:22:090 Local queue size: 0
05/09 18:10:32:106 Local queue size: 0
05/09 18:10:42:124 Local queue size: 0
05/09 18:10:52:126 Local queue size: 0
05/09 18:11:02:134 Local queue size: 0
05/09 18:11:12:144 Local queue size: 0
05/09 18:11:22:151 Local queue size: 0
05/09 18:11:32:178 Local queue size: 0
05/09 18:11:42:229 Local queue size: 0
05/09 18:11:52:230 Local queue size: 0
05/09 18:12:02:243 Local queue size: 0
05/09 18:12:12:258 Local queue size: 0
05/09 18:12:22:281 Local queue size: 0
05/09 18:12:32:308 Local queue size: 0
05/09 18:12:42:381 Local queue size: 0
05/09 18:12:52:384 Local queue size: 0
05/09 18:13:02:387 Local queue size: 0
05/09 18:13:12:418 Local queue size: 0
05/09 18:13:22:419 Local queue size: 0
05/09 18:13:32:482 Local queue size: 0
05/09 18:13:42:484 Local queue size: 0
05/09 18:13:52:486 Local queue size: 0
05/09 18:14:02:489 Local queue size: 0
05/09 18:14:12:578 Local queue size: 0
05/09 18:14:22:580 Local queue size: 0
05/09 18:14:32:583 Local queue size: 0
05/09 18:14:42:589 Local queue size: 0
05/09 18:14:52:668 Local queue size: 0
05/09 18:15:02:694 Local queue size: 0
05/09 18:15:12:712 Local queue size: 0
05/09 18:15:22:726 Local queue size: 0
05/09 18:15:27:073 OSA Callback started
05/09 18:15:30:715 Starting process session
05/09 18:15:30:845 Total 0 instances are started
05/09 18:15:30:845 Total 1 instances are added
05/09 18:15:41:003 Local queue size: 0
05/09 18:15:51:048 Local queue size: 0
05/09 18:16:01:055 Local queue size: 0
05/09 18:16:11:089 Local queue size: 0
05/09 18:16:21:107 Local queue size: 0
05/09 18:16:31:124 Local queue size: 0
05/09 18:16:41:128 Local queue size: 0
05/09 18:16:51:152 Local queue size: 0
05/09 18:17:01:226 Local queue size: 0
05/09 18:17:11:238 Local queue size: 0
05/09 18:17:21:242 Local queue size: 0
05/09 18:17:31:250 Local queue size: 0
05/09 18:17:41:253 Local queue size: 0
05/09 18:17:51:275 Local queue size: 0
05/09 18:18:01:312 Local queue size: 0
05/09 18:18:11:316 Local queue size: 0
05/09 18:18:21:396 Local queue size: 0
05/09 18:18:31:406 Local queue size: 0
05/09 18:18:41:408 Local queue size: 0
05/09 18:18:51:410 Local queue size: 0
05/09 18:19:01:419 Local queue size: 0
05/09 18:19:11:476 Local queue size: 0
05/09 18:19:21:479 Local queue size: 0
05/09 18:19:31:482 Local queue size: 0
05/09 18:19:41:497 Local queue size: 0
05/09 18:19:51:591 Local queue size: 0
05/09 18:20:01:595 Local queue size: 0
05/09 18:20:11:607 Local queue size: 0
05/09 18:20:21:614 Local queue size: 0
05/09 18:20:31:640 Local queue size: 0
05/09 18:21:00:159 OSA Callback started
05/09 18:21:03:611 Starting process session
05/09 18:21:03:750 Total 0 instances are started
05/09 18:21:03:750 Total 1 instances are added
05/09 18:21:13:959 Local queue size: 0
05/09 18:21:23:993 Local queue size: 0
05/09 18:21:34:000 Local queue size: 0
05/09 18:21:44:032 Local queue size: 0
05/09 18:21:54:034 Local queue size: 0
05/09 18:22:04:041 Local queue size: 0
05/09 18:22:14:042 Local queue size: 0
05/09 18:22:24:058 Local queue size: 0
05/09 18:22:34:083 Local queue size: 0
05/09 18:22:44:164 Local queue size: 0
05/09 18:23:01:124 OSA Callback started
05/09 18:23:04:798 Starting process session
05/09 18:23:04:941 Total 0 instances are started
05/09 18:23:04:941 Total 1 instances are added
05/09 18:23:15:064 Local queue size: 0
05/09 18:23:25:080 Local queue size: 0
05/09 18:23:35:124 Local queue size: 0
05/09 18:23:45:147 Local queue size: 0
05/09 18:23:55:152 Local queue size: 0
05/09 18:24:05:157 Local queue size: 0
05/09 18:24:15:160 Local queue size: 0
05/09 18:24:25:165 Local queue size: 0
05/09 18:24:35:241 Local queue size: 0
05/09 18:24:45:244 Local queue size: 0
05/09 18:24:55:251 Local queue size: 0
05/09 18:25:05:263 Local queue size: 0
05/09 18:25:15:264 Local queue size: 0
05/09 18:25:25:268 Local queue size: 0
05/09 18:25:35:269 Local queue size: 0
05/09 18:25:45:273 Local queue size: 0
05/09 18:25:55:284 Local queue size: 0
05/09 18:26:05:381 Local queue size: 0
05/09 18:26:15:390 Local queue size: 0
05/09 18:26:25:409 Local queue size: 0
05/09 18:26:35:434 Local queue size: 0
05/09 18:26:45:476 Local queue size: 0
05/09 18:26:55:479 Local queue size: 0
05/09 18:27:05:486 Local queue size: 0
05/09 18:27:15:493 Local queue size: 0
05/09 18:27:25:577 Local queue size: 0
05/09 18:27:35:585 Local queue size: 0
05/09 18:27:45:592 Local queue size: 0
05/09 18:27:55:607 Local queue size: 0
05/09 18:28:09:329 OSA Callback started
05/09 18:28:12:985 Starting process session
05/09 18:28:13:105 Total 0 instances are started
05/09 18:28:13:106 Total 1 instances are added
05/09 18:28:30:629 OSA Callback started
05/09 18:28:34:438 Starting process session
05/09 18:28:34:544 Total 0 instances are started
05/09 18:28:34:544 Total 1 instances are added
05/09 18:28:44:668 Local queue size: 0
05/09 18:28:54:720 Local queue size: 0
05/09 18:29:04:732 Local queue size: 0
05/09 18:29:14:735 Local queue size: 0
05/09 18:29:24:742 Local queue size: 0
05/09 18:29:34:749 Local queue size: 0
05/09 18:29:44:753 Local queue size: 0
05/09 18:29:54:756 Local queue size: 0
05/09 18:31:15:165 OSA Callback started
05/09 18:31:19:123 Starting process session
05/09 18:31:19:225 Total 0 instances are started
05/09 18:31:19:225 Total 1 instances are added
05/09 18:31:29:388 Local queue size: 0
05/09 18:31:39:390 Local queue size: 0
05/09 18:31:49:420 Local queue size: 0
05/09 18:31:59:443 Local queue size: 0
05/09 18:32:09:452 Local queue size: 0
05/09 18:32:19:460 Local queue size: 0
05/09 18:32:29:465 Local queue size: 0
05/09 18:32:39:524 Local queue size: 0
05/09 18:32:58:502 OSA Callback started
05/09 18:33:00:796 Starting process session
05/09 18:33:01:537 Total 0 instances are started
05/09 18:33:01:541 Total 1 instances are added
05/09 18:33:11:701 Local queue size: 0
05/09 18:33:21:726 Local queue size: 0
05/09 18:33:31:729 Local queue size: 0
05/09 18:33:41:829 Local queue size: 0
05/09 18:33:51:835 Local queue size: 0
05/09 18:34:01:935 Local queue size: 0
05/09 18:34:11:963 Local queue size: 0
05/09 18:34:21:967 Local queue size: 0
05/09 18:34:31:969 Local queue size: 0
05/09 18:34:41:974 Local queue size: 0
05/09 18:34:51:976 Local queue size: 0
05/09 18:35:01:981 Local queue size: 0
05/09 18:35:25:515 OSA Callback started
05/09 18:35:29:307 Starting process session
05/09 18:35:29:409 Total 0 instances are started
05/09 18:35:29:410 Total 1 instances are added
05/09 18:35:39:567 Local queue size: 0
05/09 18:35:49:599 Local queue size: 0
05/09 18:35:59:626 Local queue size: 0
05/09 18:36:09:635 Local queue size: 0
05/09 18:36:19:666 Local queue size: 0
05/09 18:36:29:684 Local queue size: 0
05/09 18:36:39:692 Local queue size: 0
05/09 18:36:49:699 Local queue size: 0
05/09 18:36:59:705 Local queue size: 0
05/09 18:37:09:707 Local queue size: 0
05/09 18:37:19:761 Local queue size: 0
05/09 18:37:29:782 Local queue size: 0
05/09 18:37:39:787 Local queue size: 0
05/09 18:37:49:798 Local queue size: 0
05/09 18:37:59:807 Local queue size: 0
05/09 18:38:09:812 Local queue size: 0
05/09 18:38:19:831 Local queue size: 0
05/09 18:38:29:852 Local queue size: 0
05/09 18:38:39:940 Local queue size: 0
05/09 18:38:49:967 Local queue size: 0
05/09 18:38:59:990 Local queue size: 0
05/09 18:39:09:994 Local queue size: 0
05/09 18:39:20:016 Local queue size: 0
05/09 18:39:30:022 Local queue size: 0
05/09 18:39:40:031 Local queue size: 0
05/09 18:39:50:047 Local queue size: 0
05/09 18:40:00:110 Local queue size: 0
05/09 18:40:10:116 Local queue size: 0
05/09 18:40:20:125 Local queue size: 0
05/09 18:40:30:137 Local queue size: 0
05/09 18:40:40:207 Local queue size: 0
05/09 18:40:50:218 Local queue size: 0
05/09 18:41:00:219 Local queue size: 0
05/09 18:42:15:433 OSA Callback started
05/09 18:42:18:328 Starting process session
05/09 18:42:18:471 Total 0 instances are started
05/09 18:42:18:474 Total 1 instances are added
05/09 18:42:29:184 Local queue size: 0
05/09 18:42:39:186 Local queue size: 0
05/09 18:42:49:214 Local queue size: 0
05/09 18:42:59:269 Local queue size: 0
05/09 18:43:09:277 Local queue size: 0
05/09 18:43:19:285 Local queue size: 0
05/09 18:43:29:289 Local queue size: 0
05/09 18:43:39:291 Local queue size: 0
05/09 18:43:49:293 Local queue size: 0
05/09 18:43:59:301 Local queue size: 0
05/09 18:44:09:328 Local queue size: 0
05/09 18:44:19:365 Local queue size: 0
05/09 18:44:29:371 Local queue size: 0
05/09 18:44:39:379 Local queue size: 0
05/09 18:44:49:380 Local queue size: 0
05/09 18:44:59:453 Local queue size: 0
05/09 18:45:09:457 Local queue size: 0
05/09 18:45:19:460 Local queue size: 0
05/09 18:45:29:476 Local queue size: 0
05/09 18:45:39:508 Local queue size: 0
05/09 18:45:49:510 Local queue size: 0
05/09 18:45:59:511 Local queue size: 0
05/09 18:46:09:513 Local queue size: 0
05/09 18:46:19:533 Local queue size: 0
05/09 18:46:29:535 Local queue size: 0
05/09 18:46:39:554 Local queue size: 0
05/09 18:46:49:571 Local queue size: 0
05/09 18:46:59:666 Local queue size: 0
05/09 18:47:09:697 Local queue size: 0
05/09 18:47:19:700 Local queue size: 0
05/09 18:47:29:707 Local queue size: 0
05/09 18:47:39:735 Local queue size: 0
05/09 18:47:49:770 Local queue size: 0
05/09 18:47:59:773 Local queue size: 0
05/09 18:48:09:871 Local queue size: 0
05/09 18:48:19:872 Local queue size: 0
05/09 18:48:29:881 Local queue size: 0
05/09 18:48:39:884 Local queue size: 0
05/09 18:48:49:888 Local queue size: 0
05/09 18:48:59:891 Local queue size: 0
05/09 18:49:19:137 OSA Callback started
05/09 18:49:19:829 Starting process session
05/09 18:49:19:940 Total 0 instances are started
05/09 18:49:19:941 Total 1 instances are added
05/09 18:49:30:120 Local queue size: 0
05/09 18:49:40:178 Local queue size: 0
05/09 18:49:50:180 Local queue size: 0
05/09 18:50:00:184 Local queue size: 0
05/09 18:50:10:192 Local queue size: 0
05/09 18:50:20:196 Local queue size: 0
05/09 18:50:30:212 Local queue size: 0
05/09 18:50:40:230 Local queue size: 0
05/09 18:50:50:310 Local queue size: 0
05/09 18:51:00:317 Local queue size: 0
05/09 18:51:10:319 Local queue size: 0
05/09 18:51:20:330 Local queue size: 0
05/09 18:51:30:336 Local queue size: 0
05/09 18:51:40:349 Local queue size: 0
05/09 18:51:50:350 Local queue size: 0
05/09 18:52:00:406 Local queue size: 0
05/09 18:52:10:409 Local queue size: 0
05/09 18:52:20:434 Local queue size: 0
05/09 18:52:30:456 Local queue size: 0
05/09 18:52:40:457 Local queue size: 0
05/09 18:52:50:481 Local queue size: 0
05/09 18:53:00:505 Local queue size: 0
05/09 18:53:10:517 Local queue size: 0
05/09 18:53:20:520 Local queue size: 0
05/09 18:53:30:619 Local queue size: 0
05/09 18:53:40:623 Local queue size: 0
05/09 18:53:50:631 Local queue size: 0
05/09 18:54:00:636 Local queue size: 0
05/09 18:54:10:644 Local queue size: 0
05/09 18:54:20:650 Local queue size: 0
05/09 18:54:30:652 Local queue size: 0
05/09 18:54:40:660 Local queue size: 0
05/09 18:54:50:760 Local queue size: 0
05/09 18:55:00:769 Local queue size: 0
05/09 18:55:10:771 Local queue size: 0
05/09 18:55:20:774 Local queue size: 0
05/09 18:55:30:862 Local queue size: 0
05/09 18:55:40:867 Local queue size: 0
05/09 18:55:50:881 Local queue size: 0
05/09 18:56:10:644 OSA Callback started
05/09 18:56:12:315 Starting process session
05/09 18:56:12:428 Total 0 instances are started
05/09 18:56:12:430 Total 1 instances are added
05/09 18:56:22:771 Local queue size: 0
05/09 18:56:32:803 Local queue size: 0
05/09 18:56:42:814 Local queue size: 0
05/09 18:56:58:444 OSA Callback started
05/09 18:56:59:672 Starting process session
05/09 18:56:59:783 Total 0 instances are started
05/09 18:56:59:784 Total 1 instances are added
05/09 18:57:09:913 Local queue size: 0
05/09 18:57:19:917 Local queue size: 0
05/09 18:57:29:937 Local queue size: 0
05/09 18:57:39:944 Local queue size: 0
05/09 18:57:49:985 Local queue size: 0
05/09 18:57:59:987 Local queue size: 0
05/09 18:58:09:996 Local queue size: 0
05/09 18:58:20:014 Local queue size: 0
05/09 18:58:30:021 Local queue size: 0
05/09 18:58:40:033 Local queue size: 0
05/09 18:58:50:039 Local queue size: 0
05/09 18:59:00:106 Local queue size: 0
05/09 18:59:10:111 Local queue size: 0
05/09 18:59:20:114 Local queue size: 0
05/09 18:59:30:116 Local queue size: 0
05/09 18:59:40:170 Local queue size: 0
05/09 18:59:50:177 Local queue size: 0
05/09 19:00:00:192 Local queue size: 0
05/09 19:00:10:209 Local queue size: 0
05/09 19:00:20:236 Local queue size: 0
05/09 19:00:30:244 Local queue size: 0
05/09 19:01:23:046 OSA Callback started
05/09 19:01:25:404 Starting process session
05/09 19:01:27:105 Total 0 instances are started
05/09 19:01:27:105 Total 1 instances are added
05/09 19:01:37:227 Local queue size: 0
05/09 19:01:47:239 Local queue size: 0
05/09 19:01:57:262 Local queue size: 0
05/09 19:02:07:266 Local queue size: 0
05/09 19:02:17:319 Local queue size: 0
05/09 19:02:27:336 Local queue size: 0
05/09 19:02:37:337 Local queue size: 0
05/09 19:02:47:341 Local queue size: 0
05/09 19:02:57:354 Local queue size: 0
05/09 19:03:15:125 OSA Callback started
05/09 19:03:18:855 Starting process session
05/09 19:03:18:966 Total 0 instances are started
05/09 19:03:18:966 Total 1 instances are added
05/09 19:03:29:127 Local queue size: 0
05/09 19:03:39:139 Local queue size: 0
05/09 19:03:49:192 Local queue size: 0
05/09 19:03:59:194 Local queue size: 0
05/09 19:04:09:235 Local queue size: 0
05/09 19:04:19:288 Local queue size: 0
05/09 19:04:29:296 Local queue size: 0
05/09 19:04:39:303 Local queue size: 0
05/09 19:04:49:397 Local queue size: 0
05/09 19:04:59:402 Local queue size: 0
05/09 19:05:09:429 Local queue size: 0
05/09 19:05:19:516 Local queue size: 0
05/09 19:05:29:523 Local queue size: 0
05/09 19:05:39:540 Local queue size: 0
05/09 19:05:49:545 Local queue size: 0
05/09 19:05:59:547 Local queue size: 0
05/09 19:06:09:611 Local queue size: 0
05/09 19:06:19:623 Local queue size: 0
05/09 19:06:29:633 Local queue size: 0
05/09 19:06:39:639 Local queue size: 0
05/09 19:06:49:659 Local queue size: 0
05/09 19:06:59:662 Local queue size: 0
05/09 19:07:09:675 Local queue size: 0
05/09 19:07:19:737 Local queue size: 0
05/09 19:07:29:774 Local queue size: 0
05/09 19:07:39:781 Local queue size: 0
05/09 19:07:49:793 Local queue size: 0
05/09 19:07:59:886 Local queue size: 0
05/09 19:08:09:903 Local queue size: 0
05/09 19:08:19:905 Local queue size: 0
05/09 19:08:29:918 Local queue size: 0
05/09 19:08:39:962 Local queue size: 0
05/09 19:15:32:738 OSA Callback started
05/09 19:15:35:214 Starting process session
05/09 19:15:36:650 Total 0 instances are started
05/09 19:15:36:650 Total 1 instances are added
05/09 19:15:37:995 com.sun.messaging.jms.JMSException: [C4003]: Error occurred on connection creation [10.32.62.52:7676]. - cause: java.net.ConnectException: Connection refused: connect
05/09 19:15:37:996 Consumer was closed, reconnect.
05/09 19:15:46:829 Local queue size: 0
05/09 19:15:56:851 Local queue size: 0
05/09 19:16:06:868 Local queue size: 0
05/09 19:16:16:936 Local queue size: 0
05/09 19:16:26:964 Local queue size: 0
05/09 19:16:37:010 Local queue size: 0
05/09 19:16:47:046 Local queue size: 0
05/09 19:16:57:082 Local queue size: 0
05/09 19:17:07:085 Local queue size: 0
05/09 19:17:17:090 Local queue size: 0
05/09 19:17:27:126 Local queue size: 0
05/09 19:17:37:134 Local queue size: 0
05/09 19:17:47:138 Local queue size: 0
05/09 19:17:57:153 Local queue size: 0
05/09 19:18:07:193 Local queue size: 0
05/09 19:18:17:195 Local queue size: 0
05/09 19:18:27:204 Local queue size: 0
05/09 19:18:37:217 Local queue size: 0
05/09 19:18:47:299 Local queue size: 0
05/09 19:18:57:307 Local queue size: 0
05/09 19:19:07:319 Local queue size: 0
05/09 19:19:17:333 Local queue size: 0
05/09 19:19:27:422 Local queue size: 0
05/09 19:19:37:444 Local queue size: 0
05/09 19:19:47:446 Local queue size: 0
05/09 19:19:57:448 Local queue size: 0
05/09 19:20:07:456 Local queue size: 0
05/09 19:20:17:533 Local queue size: 0
05/09 19:20:27:548 Local queue size: 0
05/09 19:20:37:570 Local queue size: 0
05/09 19:20:47:573 Local queue size: 0
05/09 19:20:57:649 Local queue size: 0
05/09 19:21:07:657 Local queue size: 0
05/09 19:21:17:660 Local queue size: 0
05/09 19:21:27:674 Local queue size: 0
05/09 19:21:37:762 Local queue size: 0
05/09 19:21:47:778 Local queue size: 0
05/09 19:21:57:804 Local queue size: 0
05/09 19:22:07:900 Local queue size: 0
05/09 19:22:12:572 OSA Callback started
05/09 19:22:16:395 Starting process session
05/09 19:22:16:496 Total 0 instances are started
05/09 19:22:16:501 Total 1 instances are added
05/09 19:22:26:669 Local queue size: 0
05/09 19:22:36:688 Local queue size: 0
05/09 19:22:46:727 Local queue size: 0
05/09 19:22:56:742 Local queue size: 0
05/09 19:23:06:776 Local queue size: 0
05/09 19:23:16:791 Local queue size: 0
05/09 19:23:26:797 Local queue size: 0
05/09 19:23:36:874 Local queue size: 0
05/09 19:23:46:879 Local queue size: 0
05/09 19:23:56:881 Local queue size: 0
05/09 19:24:06:882 Local queue size: 0
05/09 19:24:16:923 Local queue size: 0
05/09 19:24:26:944 Local queue size: 0
05/09 19:24:36:950 Local queue size: 0
05/09 19:24:47:716 OSA Callback started
05/09 19:24:51:210 Starting process session
05/09 19:24:51:346 Total 0 instances are started
05/09 19:24:51:347 Total 1 instances are added
05/09 19:25:01:545 Local queue size: 0
05/09 19:25:11:568 Local queue size: 0
05/09 19:25:21:589 Local queue size: 0
05/09 19:25:31:595 Local queue size: 0
05/09 19:25:41:597 Local queue size: 0
05/09 19:25:51:605 Local queue size: 0
05/09 19:26:01:703 Local queue size: 0
05/09 19:26:11:728 Local queue size: 0
05/09 19:26:21:740 Local queue size: 0
05/09 19:26:31:770 Local queue size: 0
05/09 19:26:41:772 Local queue size: 0
05/09 19:26:51:800 Local queue size: 0
05/09 19:27:01:818 Local queue size: 0
05/09 19:27:08:885 OSA Callback started
05/09 19:27:10:767 Starting process session
05/09 19:27:10:996 Total 0 instances are started
05/09 19:27:11:011 Total 1 instances are added
05/09 19:27:21:398 Local queue size: 0
05/09 19:27:31:433 Local queue size: 0
05/09 19:27:41:483 Local queue size: 0
05/09 19:27:51:534 Local queue size: 0
05/09 19:28:01:572 Local queue size: 0
05/09 19:28:11:580 Local queue size: 0
05/09 19:28:21:593 Local queue size: 0
05/09 19:28:31:595 Local queue size: 0
05/09 19:28:41:645 Local queue size: 0
05/09 19:28:51:646 Local queue size: 0
05/09 19:29:01:651 Local queue size: 0
05/09 19:29:11:676 Local queue size: 0
05/09 19:29:21:677 Local queue size: 0
05/09 19:29:31:689 Local queue size: 0
05/09 19:29:41:691 Local queue size: 0
05/09 19:29:51:776 Local queue size: 0
05/09 19:30:01:777 Local queue size: 0
05/09 19:30:11:787 Local queue size: 0
05/09 19:30:21:793 Local queue size: 0
05/09 19:30:26:191 OSA Callback started
05/09 19:30:27:804 Starting process session
05/09 19:30:28:013 Total 0 instances are started
05/09 19:30:28:015 Total 1 instances are added
05/09 19:30:38:224 Local queue size: 0
05/09 19:30:48:231 Local queue size: 0
05/09 19:30:58:263 Local queue size: 0
05/09 19:31:08:266 Local queue size: 0
05/09 19:31:18:270 Local queue size: 0
05/09 19:31:28:273 Local queue size: 0
05/09 19:31:38:361 Local queue size: 0
05/09 19:31:48:364 Local queue size: 0
05/09 19:31:58:367 Local queue size: 0
05/09 19:32:15:563 OSA Callback started
05/09 19:32:18:414 Starting process session
05/09 19:32:18:633 Total 0 instances are started
05/09 19:32:18:638 Total 1 instances are added
05/09 19:32:28:938 Local queue size: 0
05/09 19:32:39:038 Local queue size: 0
05/09 19:32:49:086 Local queue size: 0
05/09 19:32:59:088 Local queue size: 0
05/09 19:33:09:091 Local queue size: 0
05/09 19:33:19:100 Local queue size: 0
05/09 19:33:29:102 Local queue size: 0
05/09 19:33:39:109 Local queue size: 0
05/09 19:33:49:168 Local queue size: 0
05/09 19:33:59:170 Local queue size: 0
05/09 19:34:09:171 Local queue size: 0
05/09 19:34:19:174 Local queue size: 0
05/09 19:34:29:240 Local queue size: 0
05/09 19:34:39:244 Local queue size: 0
05/09 19:34:49:246 Local queue size: 0
05/09 19:34:59:254 Local queue size: 0
05/09 19:35:09:295 Local queue size: 0
05/09 19:35:19:301 Local queue size: 0
05/09 19:35:29:309 Local queue size: 0
05/09 19:35:39:316 Local queue size: 0
05/09 19:35:49:369 Local queue size: 0
05/09 19:35:59:372 Local queue size: 0
05/09 19:36:09:375 Local queue size: 0
05/09 19:36:19:455 Local queue size: 0
05/09 19:36:29:462 Local queue size: 0
05/09 19:36:39:465 Local queue size: 0
05/09 19:36:49:472 Local queue size: 0
05/09 19:36:59:561 Local queue size: 0
05/09 19:37:09:565 Local queue size: 0
05/09 19:37:19:566 Local queue size: 0
05/09 19:37:29:579 Local queue size: 0
05/09 19:37:39:585 Local queue size: 0
05/09 19:37:49:685 Local queue size: 0
05/09 19:37:59:688 Local queue size: 0
05/09 19:38:09:715 Local queue size: 0
05/09 19:38:19:716 Local queue size: 0
05/09 19:38:29:718 Local queue size: 0
05/09 19:38:39:764 Local queue size: 0
05/09 19:38:49:767 Local queue size: 0
05/09 19:38:59:781 Local queue size: 0
05/09 19:39:09:786 Local queue size: 0
05/09 19:39:19:836 Local queue size: 0
05/09 19:39:29:837 Local queue size: 0
05/09 19:39:39:841 Local queue size: 0
05/09 19:39:49:842 Local queue size: 0
05/09 19:39:59:908 Local queue size: 0
05/09 19:40:09:915 Local queue size: 0
05/09 19:40:19:918 Local queue size: 0
05/09 19:40:29:984 Local queue size: 0
05/09 19:40:39:985 Local queue size: 0
05/09 19:40:49:987 Local queue size: 0
05/09 19:40:59:993 Local queue size: 0
05/09 19:41:10:089 Local queue size: 0
05/09 19:41:20:100 Local queue size: 0
05/09 19:41:30:124 Local queue size: 0
05/09 19:41:40:179 Local queue size: 0
05/09 19:41:50:265 Local queue size: 0
05/09 19:42:00:269 Local queue size: 0
05/09 19:42:10:279 Local queue size: 0
05/09 19:42:20:287 Local queue size: 0
05/09 19:42:30:293 Local queue size: 0
05/09 19:42:40:300 Local queue size: 0
05/09 19:42:50:306 Local queue size: 0
05/09 19:43:00:311 Local queue size: 0
05/09 19:43:10:317 Local queue size: 0
05/09 19:43:20:320 Local queue size: 0
05/09 19:43:30:321 Local queue size: 0
05/09 19:43:40:328 Local queue size: 0
05/09 19:43:50:381 Local queue size: 0
05/09 19:44:00:424 Local queue size: 0
05/09 19:44:10:436 Local queue size: 0
05/09 19:44:20:512 Local queue size: 0
05/09 19:44:30:515 Local queue size: 0
05/09 19:44:40:521 Local queue size: 0
05/09 19:44:50:525 Local queue size: 0
05/09 19:45:00:539 Local queue size: 0
05/09 19:45:10:540 Local queue size: 0
05/09 19:45:20:613 Local queue size: 0
05/09 19:45:30:621 Local queue size: 0
05/09 19:45:40:626 Local queue size: 0
05/09 19:45:50:634 Local queue size: 0
05/09 19:46:00:635 Local queue size: 0
05/09 19:46:10:639 Local queue size: 0
05/09 19:46:20:645 Local queue size: 0
05/09 19:46:30:650 Local queue size: 0
05/09 19:46:40:652 Local queue size: 0
05/09 19:46:50:666 Local queue size: 0
05/09 19:47:00:676 Local queue size: 0
05/09 19:47:10:678 Local queue size: 0
05/09 19:47:20:680 Local queue size: 0
05/09 19:47:30:681 Local queue size: 0
05/09 19:47:40:730 Local queue size: 0
05/09 19:47:50:743 Local queue size: 0
05/09 19:48:00:757 Local queue size: 0
05/09 19:48:10:771 Local queue size: 0
05/09 19:48:20:772 Local queue size: 0
05/09 19:48:30:783 Local queue size: 0
05/09 19:48:40:798 Local queue size: 0
05/09 19:48:50:800 Local queue size: 0
05/09 19:49:00:802 Local queue size: 0
05/09 19:49:10:806 Local queue size: 0
05/09 19:49:20:809 Local queue size: 0
05/09 19:49:30:890 Local queue size: 0
05/09 19:49:40:903 Local queue size: 0
05/09 19:49:50:912 Local queue size: 0
05/09 19:50:01:821 OSA Callback started
05/09 19:50:03:634 Starting process session
05/09 19:50:03:764 Total 0 instances are started
05/09 19:50:03:765 Total 1 instances are added
05/09 19:50:13:978 Local queue size: 0
05/09 19:50:23:986 Local queue size: 0
05/09 19:50:33:993 Local queue size: 0
05/09 19:50:44:001 Local queue size: 0
05/09 19:50:54:005 Local queue size: 0
