06/09 08:43:52:822 OSA Callback started
06/09 08:43:55:282 Starting process session
06/09 08:43:55:838 Total 0 instances are started
06/09 08:43:55:844 Total 1 instances are added
06/09 08:44:06:142 Local queue size: 0
06/09 08:44:16:175 Local queue size: 0
06/09 08:44:26:177 Local queue size: 0
06/09 08:44:36:183 Local queue size: 0
06/09 08:44:46:204 Local queue size: 0
06/09 08:44:56:289 Local queue size: 0
06/09 08:45:06:292 Local queue size: 0
06/09 08:45:16:329 Local queue size: 0
06/09 08:45:26:377 Local queue size: 0
06/09 08:45:36:381 Local queue size: 0
06/09 08:45:46:392 Local queue size: 0
06/09 08:45:56:408 Local queue size: 0
06/09 08:46:06:419 Local queue size: 0
06/09 08:46:16:426 Local queue size: 0
06/09 08:46:26:428 Local queue size: 0
06/09 09:00:10:289 OSA Callback started
06/09 09:00:19:706 Starting process session
06/09 09:00:19:829 Total 0 instances are started
06/09 09:00:19:830 Total 1 instances are added
06/09 09:00:30:065 Local queue size: 0
06/09 09:00:40:158 Local queue size: 0
06/09 09:00:50:176 Local queue size: 0
06/09 09:01:00:218 Local queue size: 0
06/09 09:01:10:240 Local queue size: 0
06/09 09:01:20:269 Local queue size: 0
06/09 09:01:44:279 OSA Callback started
06/09 09:01:47:888 Starting process session
06/09 09:01:47:993 Total 0 instances are started
06/09 09:01:47:994 Total 1 instances are added
06/09 09:01:58:158 Local queue size: 0
06/09 09:02:08:162 Local queue size: 0
06/09 09:02:18:165 Local queue size: 0
06/09 09:02:28:175 Local queue size: 0
06/09 09:02:38:187 Local queue size: 0
06/09 09:02:48:194 Local queue size: 0
06/09 09:02:58:204 Local queue size: 0
06/09 09:03:08:240 Local queue size: 0
06/09 09:03:18:244 Local queue size: 0
06/09 09:03:28:245 Local queue size: 0
06/09 09:03:38:250 Local queue size: 0
06/09 09:03:55:197 OSA Callback started
06/09 09:03:59:013 Starting process session
06/09 09:03:59:114 Total 0 instances are started
06/09 09:03:59:115 Total 1 instances are added
06/09 09:04:09:350 Local queue size: 0
06/09 09:04:19:385 Local queue size: 0
06/09 09:04:29:388 Local queue size: 0
06/09 09:04:39:436 Local queue size: 0
06/09 09:04:49:458 Local queue size: 0
06/09 09:05:09:535 OSA Callback started
06/09 09:05:13:162 Starting process session
06/09 09:05:13:264 Total 0 instances are started
06/09 09:05:13:265 Total 1 instances are added
06/09 09:05:23:518 Local queue size: 0
06/09 09:05:33:545 Local queue size: 0
06/09 09:05:43:573 Local queue size: 0
06/09 09:05:53:574 Local queue size: 0
06/09 09:06:03:598 Local queue size: 0
06/09 09:06:13:636 Local queue size: 0
06/09 09:06:23:657 Local queue size: 0
06/09 09:06:33:683 Local queue size: 0
06/09 09:06:43:690 Local queue size: 0
06/09 09:06:53:719 Local queue size: 0
06/09 09:07:03:759 Local queue size: 0
06/09 09:07:13:760 Local queue size: 0
06/09 09:07:23:795 Local queue size: 0
06/09 09:07:33:807 Local queue size: 0
06/09 09:07:43:820 Local queue size: 0
06/09 09:07:53:821 Local queue size: 0
06/09 09:08:03:830 Local queue size: 0
06/09 09:08:13:836 Local queue size: 0
06/09 09:08:23:840 Local queue size: 0
06/09 09:08:33:905 Local queue size: 0
06/09 09:08:43:972 Local queue size: 0
06/09 09:08:54:018 Local queue size: 0
06/09 09:09:04:054 Local queue size: 0
06/09 09:09:14:087 Local queue size: 0
06/09 09:09:24:091 Local queue size: 0
06/09 09:09:34:139 Local queue size: 0
06/09 09:09:44:142 Local queue size: 0
06/09 09:09:54:228 Local queue size: 0
06/09 09:10:04:240 Local queue size: 0
06/09 09:10:14:249 Local queue size: 0
06/09 09:10:24:250 Local queue size: 0
06/09 09:10:34:253 Local queue size: 0
06/09 09:10:44:347 Local queue size: 0
06/09 09:10:54:389 Local queue size: 0
06/09 09:11:04:401 Local queue size: 0
06/09 09:11:14:406 Local queue size: 0
06/09 09:11:24:455 Local queue size: 0
06/09 09:11:34:459 Local queue size: 0
06/09 09:11:44:467 Local queue size: 0
06/09 09:11:54:540 Local queue size: 0
06/09 09:12:04:565 Local queue size: 0
06/09 09:12:14:575 Local queue size: 0
06/09 09:12:24:585 Local queue size: 0
06/09 09:12:34:589 Local queue size: 0
06/09 09:12:44:595 Local queue size: 0
06/09 09:12:54:605 Local queue size: 0
06/09 09:13:04:606 Local queue size: 0
06/09 09:13:14:673 Local queue size: 0
06/09 09:13:24:694 Local queue size: 0
06/09 09:13:34:734 Local queue size: 0
06/09 09:13:44:747 Local queue size: 0
06/09 09:13:54:825 Local queue size: 0
06/09 09:14:04:838 Local queue size: 0
06/09 09:14:14:844 Local queue size: 0
06/09 09:14:24:857 Local queue size: 0
06/09 09:14:34:863 Local queue size: 0
06/09 09:14:44:876 Local queue size: 0
06/09 09:14:54:878 Local queue size: 0
06/09 09:15:17:141 OSA Callback started
06/09 09:15:19:672 Starting process session
06/09 09:15:19:789 Total 0 instances are started
06/09 09:15:19:798 Total 1 instances are added
06/09 09:15:30:303 Local queue size: 0
06/09 09:15:40:327 Local queue size: 0
06/09 09:15:50:357 Local queue size: 0
06/09 09:16:00:377 Local queue size: 0
06/09 09:16:10:384 Local queue size: 0
06/09 09:16:20:407 Local queue size: 0
06/09 09:16:30:429 Local queue size: 0
06/09 09:16:40:460 Local queue size: 0
06/09 09:16:50:464 Local queue size: 0
06/09 09:17:00:466 Local queue size: 0
06/09 09:17:10:533 Local queue size: 0
06/09 09:26:04:472 OSA Callback started
06/09 09:26:08:522 Starting process session
06/09 09:26:08:628 Total 0 instances are started
06/09 09:26:08:629 Total 1 instances are added
06/09 09:26:18:796 Local queue size: 0
06/09 09:26:28:832 Local queue size: 0
06/09 09:26:38:839 Local queue size: 0
06/09 09:26:48:841 Local queue size: 0
06/09 09:26:58:845 Local queue size: 0
06/09 09:27:08:894 Local queue size: 0
06/09 09:27:18:919 Local queue size: 0
06/09 09:27:28:937 Local queue size: 0
06/09 09:27:38:945 Local queue size: 0
06/09 09:27:49:035 Local queue size: 0
06/09 09:27:59:047 Local queue size: 0
06/09 09:28:09:054 Local queue size: 0
06/09 09:28:19:117 Local queue size: 0
06/09 09:28:29:123 Local queue size: 0
06/09 09:28:39:135 Local queue size: 0
06/09 09:28:49:217 Local queue size: 0
06/09 09:28:59:230 Local queue size: 0
06/09 09:29:09:237 Local queue size: 0
06/09 09:29:19:269 Local queue size: 0
06/09 09:29:29:295 Local queue size: 0
06/09 09:29:39:299 Local queue size: 0
06/09 09:29:46:662 OSA Callback started
06/09 09:29:49:771 Starting process session
06/09 09:29:49:922 Total 0 instances are started
06/09 09:29:49:923 Total 1 instances are added
06/09 09:30:00:264 Local queue size: 0
06/09 09:30:10:275 Local queue size: 0
06/09 09:30:20:281 Local queue size: 0
06/09 09:30:30:288 Local queue size: 0
06/09 09:30:40:290 Local queue size: 0
06/09 09:30:50:343 Local queue size: 0
06/09 09:31:00:360 Local queue size: 0
06/09 09:31:10:361 Local queue size: 0
06/09 09:31:20:364 Local queue size: 0
06/09 09:31:30:382 Local queue size: 0
06/09 09:31:40:386 Local queue size: 0
06/09 09:31:50:388 Local queue size: 0
06/09 09:32:00:398 Local queue size: 0
06/09 09:32:10:454 Local queue size: 0
06/09 09:32:20:455 Local queue size: 0
06/09 09:32:30:457 Local queue size: 0
06/09 09:32:40:471 Local queue size: 0
06/09 09:32:50:498 Local queue size: 0
06/09 09:33:05:357 OSA Callback started
06/09 09:33:08:174 Starting process session
06/09 09:33:08:494 Total 0 instances are started
06/09 09:33:08:494 Total 1 instances are added
06/09 09:33:18:695 Local queue size: 0
06/09 09:33:28:703 Local queue size: 0
06/09 09:33:38:739 Local queue size: 0
06/09 09:33:48:756 Local queue size: 0
06/09 09:34:13:859 OSA Callback started
06/09 09:34:17:294 Starting process session
06/09 09:34:17:399 Total 0 instances are started
06/09 09:34:17:400 Total 1 instances are added
06/09 09:34:27:565 Local queue size: 0
06/09 09:34:37:591 Local queue size: 0
06/09 09:34:47:635 Local queue size: 0
06/09 09:34:57:683 Local queue size: 0
06/09 09:35:07:731 Local queue size: 0
06/09 09:35:17:734 Local queue size: 0
06/09 09:35:27:746 Local queue size: 0
06/09 09:35:37:819 Local queue size: 0
06/09 09:35:47:826 Local queue size: 0
06/09 09:35:57:830 Local queue size: 0
06/09 09:36:07:854 Local queue size: 0
06/09 09:36:17:867 Local queue size: 0
06/09 09:36:24:481 OSA Callback started
06/09 09:36:28:129 Starting process session
06/09 09:36:28:231 Total 0 instances are started
06/09 09:36:28:232 Total 1 instances are added
06/09 09:36:38:394 Local queue size: 0
06/09 09:36:48:403 Local queue size: 0
06/09 09:37:02:343 OSA Callback started
06/09 09:37:04:990 Starting process session
06/09 09:37:05:105 Total 0 instances are started
06/09 09:37:05:109 Total 1 instances are added
06/09 09:37:15:454 Local queue size: 0
06/09 09:37:25:497 Local queue size: 0
06/09 09:37:35:504 Local queue size: 0
06/09 09:37:45:505 Local queue size: 0
06/09 09:37:55:509 Local queue size: 0
06/09 09:38:05:558 Local queue size: 0
06/09 09:38:15:561 Local queue size: 0
06/09 09:38:25:566 Local queue size: 0
06/09 09:38:35:568 Local queue size: 0
06/09 09:38:45:574 Local queue size: 0
06/09 09:38:55:576 Local queue size: 0
06/09 09:39:05:586 Local queue size: 0
06/09 09:39:15:587 Local queue size: 0
06/09 09:39:25:648 Local queue size: 0
06/09 09:39:35:650 Local queue size: 0
06/09 09:39:45:654 Local queue size: 0
06/09 09:39:55:663 Local queue size: 0
06/09 09:40:05:665 Local queue size: 0
06/09 09:40:15:667 Local queue size: 0
06/09 09:40:25:673 Local queue size: 0
06/09 09:40:35:675 Local queue size: 0
06/09 09:40:45:678 Local queue size: 0
06/09 09:40:55:680 Local queue size: 0
06/09 09:41:05:681 Local queue size: 0
06/09 09:41:15:683 Local queue size: 0
06/09 09:41:25:747 Local queue size: 0
06/09 09:41:35:756 Local queue size: 0
06/09 09:41:45:763 Local queue size: 0
06/09 09:41:55:862 Local queue size: 0
06/09 09:42:05:873 Local queue size: 0
06/09 10:00:22:886 OSA Callback started
06/09 10:00:25:837 Starting process session
06/09 10:00:26:028 Total 0 instances are started
06/09 10:00:26:029 Total 1 instances are added
06/09 10:00:36:767 Local queue size: 0
06/09 10:00:46:775 Local queue size: 0
06/09 10:00:56:803 Local queue size: 0
06/09 10:01:06:831 Local queue size: 0
06/09 10:01:16:837 Local queue size: 0
06/09 10:01:26:839 Local queue size: 0
06/09 10:01:36:841 Local queue size: 0
06/09 10:01:46:868 Local queue size: 0
06/09 10:01:56:878 Local queue size: 0
06/09 10:02:06:894 Local queue size: 0
06/09 10:02:16:899 Local queue size: 0
06/09 10:02:26:963 Local queue size: 0
06/09 10:02:36:964 Local queue size: 0
06/09 10:02:46:966 Local queue size: 0
06/09 10:02:56:980 Local queue size: 0
06/09 10:03:07:078 Local queue size: 0
06/09 10:03:17:080 Local queue size: 0
06/09 10:03:27:086 Local queue size: 0
06/09 10:03:37:090 Local queue size: 0
06/09 10:03:47:173 Local queue size: 0
06/09 10:03:57:177 Local queue size: 0
06/09 10:04:07:205 Local queue size: 0
06/09 10:04:17:213 Local queue size: 0
06/09 10:04:27:239 Local queue size: 0
06/09 10:04:37:243 Local queue size: 0
06/09 10:04:47:245 Local queue size: 0
06/09 10:04:57:249 Local queue size: 0
06/09 10:05:07:291 Local queue size: 0
06/09 10:05:17:307 Local queue size: 0
06/09 10:05:27:308 Local queue size: 0
06/09 10:05:37:309 Local queue size: 0
06/09 10:06:25:784 OSA Callback started
06/09 10:06:29:951 Starting process session
06/09 10:06:30:053 Total 0 instances are started
06/09 10:06:30:053 Total 1 instances are added
06/09 10:06:40:229 Local queue size: 0
06/09 10:06:50:240 Local queue size: 0
06/09 10:07:00:255 Local queue size: 0
06/09 10:07:10:257 Local queue size: 0
06/09 10:07:20:260 Local queue size: 0
06/09 10:07:30:307 Local queue size: 0
06/09 10:07:40:353 Local queue size: 0
06/09 10:07:50:355 Local queue size: 0
06/09 10:08:00:357 Local queue size: 0
06/09 10:08:10:365 Local queue size: 0
06/09 10:09:17:348 OSA Callback started
06/09 10:09:21:370 Starting process session
06/09 10:09:21:473 Total 0 instances are started
06/09 10:09:21:473 Total 1 instances are added
06/09 10:09:31:580 Local queue size: 0
06/09 10:09:41:618 Local queue size: 0
06/09 10:09:51:630 Local queue size: 0
06/09 10:10:01:675 Local queue size: 0
06/09 10:10:11:701 Local queue size: 0
06/09 10:10:21:705 Local queue size: 0
06/09 10:10:31:706 Local queue size: 0
06/09 10:10:41:724 Local queue size: 0
06/09 10:10:51:801 Local queue size: 0
06/09 10:11:01:811 Local queue size: 0
06/09 10:11:11:813 Local queue size: 0
06/09 10:11:21:814 Local queue size: 0
06/09 10:11:31:864 Local queue size: 0
06/09 10:11:41:865 Local queue size: 0
06/09 10:11:51:888 Local queue size: 0
06/09 10:12:01:906 Local queue size: 0
06/09 10:12:11:934 Local queue size: 0
06/09 10:12:21:944 Local queue size: 0
06/09 10:12:31:945 Local queue size: 0
06/09 10:12:41:992 Local queue size: 0
06/09 10:12:51:994 Local queue size: 0
06/09 10:13:01:997 Local queue size: 0
06/09 10:13:11:999 Local queue size: 0
06/09 10:13:22:095 Local queue size: 0
06/09 10:13:32:104 Local queue size: 0
06/09 10:13:42:115 Local queue size: 0
06/09 10:13:52:124 Local queue size: 0
06/09 10:14:02:128 Local queue size: 0
06/09 10:14:12:131 Local queue size: 0
06/09 10:14:22:133 Local queue size: 0
06/09 10:14:32:139 Local queue size: 0
06/09 10:14:42:184 Local queue size: 0
06/09 10:14:52:197 Local queue size: 0
06/09 10:15:02:221 Local queue size: 0
06/09 10:15:12:236 Local queue size: 0
06/09 10:15:38:287 OSA Callback started
06/09 10:15:41:942 Starting process session
06/09 10:15:42:044 Total 0 instances are started
06/09 10:15:42:045 Total 1 instances are added
06/09 10:15:52:160 Local queue size: 0
06/09 10:16:02:163 Local queue size: 0
06/09 10:16:12:171 Local queue size: 0
06/09 10:16:22:213 Local queue size: 0
06/09 10:16:32:251 Local queue size: 0
06/09 10:16:42:256 Local queue size: 0
06/09 10:16:52:274 Local queue size: 0
06/09 10:17:02:278 Local queue size: 0
06/09 10:17:12:302 Local queue size: 0
06/09 10:17:22:307 Local queue size: 0
06/09 10:17:32:319 Local queue size: 0
06/09 10:17:42:321 Local queue size: 0
06/09 10:17:52:325 Local queue size: 0
06/09 10:18:02:330 Local queue size: 0
06/09 10:18:12:338 Local queue size: 0
06/09 10:18:22:405 Local queue size: 0
06/09 10:18:32:410 Local queue size: 0
06/09 10:18:42:466 Local queue size: 0
06/09 10:18:52:477 Local queue size: 0
06/09 10:19:02:492 Local queue size: 0
06/09 10:19:12:494 Local queue size: 0
06/09 10:19:22:496 Local queue size: 0
06/09 10:19:32:500 Local queue size: 0
06/09 10:19:42:587 Local queue size: 0
06/09 10:19:52:597 Local queue size: 0
06/09 10:20:02:598 Local queue size: 0
06/09 10:20:12:645 Local queue size: 0
06/09 10:20:22:650 Local queue size: 0
06/09 10:20:32:658 Local queue size: 0
06/09 10:20:42:741 Local queue size: 0
06/09 10:20:52:752 Local queue size: 0
06/09 10:21:02:764 Local queue size: 0
06/09 10:21:12:837 Local queue size: 0
06/09 10:21:22:858 Local queue size: 0
06/09 10:21:32:859 Local queue size: 0
06/09 10:21:42:873 Local queue size: 0
06/09 10:21:52:891 Local queue size: 0
06/09 10:22:02:902 Local queue size: 0
06/09 10:22:12:976 Local queue size: 0
06/09 10:22:22:998 Local queue size: 0
06/09 10:22:33:004 Local queue size: 0
06/09 10:22:43:024 Local queue size: 0
06/09 10:22:53:026 Local queue size: 0
06/09 10:23:03:063 Local queue size: 0
06/09 10:23:13:136 Local queue size: 0
06/09 10:23:23:150 Local queue size: 0
06/09 10:23:33:236 Local queue size: 0
06/09 10:23:43:238 Local queue size: 0
06/09 10:23:53:251 Local queue size: 0
06/09 10:24:03:349 Local queue size: 0
06/09 10:24:13:353 Local queue size: 0
06/09 10:24:23:388 Local queue size: 0
06/09 10:24:33:390 Local queue size: 0
06/09 10:24:43:406 Local queue size: 0
06/09 10:44:18:293 OSA Callback started
06/09 10:44:22:370 Starting process session
06/09 10:44:22:474 Total 0 instances are started
06/09 10:44:22:475 Total 1 instances are added
06/09 10:44:32:594 Local queue size: 0
06/09 10:44:42:642 Local queue size: 0
06/09 10:44:52:657 Local queue size: 0
06/09 10:45:02:691 Local queue size: 0
06/09 10:45:12:702 Local queue size: 0
06/09 10:45:22:770 Local queue size: 0
06/09 10:45:32:775 Local queue size: 0
06/09 10:56:29:301 OSA Callback started
06/09 10:56:33:680 Starting process session
06/09 10:56:33:781 Total 0 instances are started
06/09 10:56:33:781 Total 1 instances are added
06/09 10:56:43:949 Local queue size: 0
06/09 10:56:53:959 Local queue size: 0
06/09 10:57:04:053 Local queue size: 0
06/09 10:57:14:061 Local queue size: 0
06/09 10:57:24:121 Local queue size: 0
06/09 10:57:34:132 Local queue size: 0
06/09 10:57:44:149 Local queue size: 0
06/09 10:57:54:152 Local queue size: 0
06/09 10:58:04:158 Local queue size: 0
06/09 10:58:14:169 Local queue size: 0
06/09 10:58:24:265 Local queue size: 0
06/09 10:58:34:268 Local queue size: 0
06/09 10:58:44:298 Local queue size: 0
06/09 10:58:54:308 Local queue size: 0
06/09 10:59:04:399 Local queue size: 0
06/09 10:59:14:407 Local queue size: 0
06/09 10:59:24:408 Local queue size: 0
06/09 10:59:34:421 Local queue size: 0
06/09 10:59:44:424 Local queue size: 0
06/09 10:59:54:434 Local queue size: 0
06/09 11:00:04:436 Local queue size: 0
06/09 11:00:14:446 Local queue size: 0
06/09 11:00:24:463 Local queue size: 0
06/09 11:00:34:472 Local queue size: 0
06/09 11:00:44:500 Local queue size: 0
06/09 11:00:54:522 Local queue size: 0
06/09 11:01:04:569 Local queue size: 0
06/09 11:01:19:506 OSA Callback started
06/09 11:01:20:720 Starting process session
06/09 11:01:20:828 Total 0 instances are started
06/09 11:01:20:829 Total 1 instances are added
06/09 11:01:31:046 Local queue size: 0
06/09 11:01:41:124 Local queue size: 0
06/09 11:01:51:130 Local queue size: 0
06/09 11:02:01:136 Local queue size: 0
06/09 11:02:11:139 Local queue size: 0
06/09 11:02:21:140 Local queue size: 0
06/09 11:02:31:161 Local queue size: 0
06/09 11:02:41:171 Local queue size: 0
06/09 11:02:51:180 Local queue size: 0
06/09 11:03:01:182 Local queue size: 0
06/09 11:03:11:194 Local queue size: 0
06/09 11:03:21:203 Local queue size: 0
06/09 11:03:31:296 Local queue size: 0
06/09 11:03:41:299 Local queue size: 0
06/09 11:03:51:302 Local queue size: 0
06/09 11:04:01:305 Local queue size: 0
06/09 11:04:11:331 Local queue size: 0
06/09 11:04:21:336 Local queue size: 0
06/09 11:04:31:339 Local queue size: 0
06/09 11:04:41:346 Local queue size: 0
06/09 11:04:51:388 Local queue size: 0
06/09 11:05:01:394 Local queue size: 0
06/09 11:05:11:399 Local queue size: 0
06/09 11:05:21:402 Local queue size: 0
06/09 11:05:31:406 Local queue size: 0
06/09 11:05:41:433 Local queue size: 0
06/09 11:12:22:195 OSA Callback started
06/09 11:12:26:490 Starting process session
06/09 11:12:26:592 Total 0 instances are started
06/09 11:12:26:593 Total 1 instances are added
06/09 11:12:36:780 Local queue size: 0
06/09 11:12:46:793 Local queue size: 0
06/09 11:12:56:812 Local queue size: 0
06/09 11:13:06:859 Local queue size: 0
06/09 11:13:16:897 Local queue size: 0
06/09 11:13:26:909 Local queue size: 0
06/09 11:13:36:929 Local queue size: 0
06/09 11:13:46:938 Local queue size: 0
06/09 11:13:56:949 Local queue size: 0
06/09 11:14:06:951 Local queue size: 0
06/09 11:14:16:961 Local queue size: 0
06/09 11:14:26:985 Local queue size: 0
06/09 11:14:36:988 Local queue size: 0
06/09 11:14:46:992 Local queue size: 0
06/09 11:14:56:999 Local queue size: 0
06/09 11:15:07:002 Local queue size: 0
06/09 11:15:17:019 Local queue size: 0
06/09 11:15:27:021 Local queue size: 0
06/09 11:15:37:026 Local queue size: 0
06/09 11:15:47:039 Local queue size: 0
06/09 11:15:57:101 Local queue size: 0
06/09 11:16:07:140 Local queue size: 0
06/09 11:16:17:173 Local queue size: 0
06/09 11:16:27:188 Local queue size: 0
06/09 11:16:37:262 Local queue size: 0
06/09 11:16:47:265 Local queue size: 0
06/09 11:16:54:229 OSA Callback started
06/09 11:16:57:935 Starting process session
06/09 11:16:58:038 Total 0 instances are started
06/09 11:16:58:038 Total 1 instances are added
06/09 11:17:08:219 Local queue size: 0
06/09 11:17:18:230 Local queue size: 0
06/09 11:17:28:240 Local queue size: 0
06/09 11:17:38:243 Local queue size: 0
06/09 11:17:48:248 Local queue size: 0
06/09 11:17:58:331 Local queue size: 0
06/09 11:18:08:359 Local queue size: 0
06/09 11:18:18:383 Local queue size: 0
06/09 11:18:28:411 Local queue size: 0
06/09 11:18:38:430 Local queue size: 0
06/09 11:18:48:433 Local queue size: 0
06/09 11:18:58:485 Local queue size: 0
06/09 11:19:08:488 Local queue size: 0
06/09 11:19:18:497 Local queue size: 0
06/09 11:19:28:505 Local queue size: 0
06/09 11:19:38:562 Local queue size: 0
06/09 11:19:48:575 Local queue size: 0
06/09 11:19:58:583 Local queue size: 0
06/09 11:20:08:656 Local queue size: 0
06/09 11:20:18:658 Local queue size: 0
06/09 11:20:28:669 Local queue size: 0
06/09 11:20:38:675 Local queue size: 0
06/09 11:20:48:688 Local queue size: 0
06/09 11:20:58:759 Local queue size: 0
06/09 11:21:08:769 Local queue size: 0
06/09 11:21:18:771 Local queue size: 0
06/09 11:21:28:775 Local queue size: 0
06/09 11:21:38:824 Local queue size: 0
06/09 11:21:48:845 Local queue size: 0
06/09 11:21:58:847 Local queue size: 0
06/09 11:22:08:849 Local queue size: 0
06/09 11:22:18:859 Local queue size: 0
06/09 11:22:28:860 Local queue size: 0
06/09 11:22:38:870 Local queue size: 0
06/09 11:22:48:876 Local queue size: 0
06/09 11:22:58:879 Local queue size: 0
06/09 11:23:08:882 Local queue size: 0
06/09 11:23:18:896 Local queue size: 0
06/09 11:23:28:929 Local queue size: 0
06/09 11:23:38:930 Local queue size: 0
06/09 11:23:48:934 Local queue size: 0
06/09 11:23:58:936 Local queue size: 0
06/09 11:24:08:940 Local queue size: 0
06/09 11:24:18:942 Local queue size: 0
06/09 11:24:28:950 Local queue size: 0
06/09 11:24:38:955 Local queue size: 0
06/09 11:24:49:055 Local queue size: 0
06/09 11:24:59:057 Local queue size: 0
06/09 11:25:09:060 Local queue size: 0
06/09 11:25:19:061 Local queue size: 0
06/09 11:25:29:118 Local queue size: 0
06/09 11:25:39:124 Local queue size: 0
06/09 11:25:49:126 Local queue size: 0
06/09 11:25:59:138 Local queue size: 0
06/09 11:26:09:167 Local queue size: 0
06/09 11:26:19:184 Local queue size: 0
06/09 11:26:29:188 Local queue size: 0
06/09 11:26:39:190 Local queue size: 0
06/09 11:26:49:227 Local queue size: 0
06/09 11:26:59:229 Local queue size: 0
06/09 11:27:09:235 Local queue size: 0
06/09 11:27:19:237 Local queue size: 0
06/09 11:27:29:282 Local queue size: 0
06/09 11:27:39:291 Local queue size: 0
06/09 11:27:49:305 Local queue size: 0
06/09 11:27:59:306 Local queue size: 0
06/09 11:28:09:361 Local queue size: 0
06/09 11:28:19:362 Local queue size: 0
06/09 11:28:29:364 Local queue size: 0
06/09 11:28:39:378 Local queue size: 0
06/09 11:28:49:381 Local queue size: 0
06/09 11:28:59:439 Local queue size: 0
06/09 11:29:09:451 Local queue size: 0
06/09 11:29:19:454 Local queue size: 0
06/09 11:29:29:524 Local queue size: 0
06/09 11:29:39:534 Local queue size: 0
06/09 11:29:49:542 Local queue size: 0
06/09 11:29:59:547 Local queue size: 0
06/09 11:30:09:632 Local queue size: 0
06/09 11:30:19:651 Local queue size: 0
06/09 11:30:29:660 Local queue size: 0
06/09 11:30:47:636 OSA Callback started
06/09 11:30:49:754 Starting process session
06/09 11:30:49:958 Total 0 instances are started
06/09 11:30:49:962 Total 1 instances are added
06/09 11:31:00:351 Local queue size: 0
06/09 11:31:10:377 Local queue size: 0
06/09 11:31:20:381 Local queue size: 0
06/09 11:31:30:383 Local queue size: 0
06/09 11:31:40:385 Local queue size: 0
06/09 11:31:50:386 Local queue size: 0
06/09 11:32:00:390 Local queue size: 0
06/09 11:32:10:393 Local queue size: 0
06/09 11:32:20:396 Local queue size: 0
06/09 11:32:30:400 Local queue size: 0
06/09 11:32:40:402 Local queue size: 0
06/09 11:32:50:411 Local queue size: 0
06/09 11:33:00:424 Local queue size: 0
06/09 11:33:10:434 Local queue size: 0
06/09 11:33:20:436 Local queue size: 0
06/09 11:33:30:437 Local queue size: 0
06/09 11:33:40:477 Local queue size: 0
06/09 11:33:50:478 Local queue size: 0
06/09 11:34:00:479 Local queue size: 0
06/09 11:34:10:480 Local queue size: 0
06/09 11:34:20:536 Local queue size: 0
06/09 11:34:30:570 Local queue size: 0
06/09 11:34:40:602 Local queue size: 0
06/09 11:34:50:669 Local queue size: 0
06/09 11:35:00:687 Local queue size: 0
06/09 11:35:10:689 Local queue size: 0
06/09 11:35:20:700 Local queue size: 0
06/09 11:35:30:766 Local queue size: 0
06/09 11:35:40:775 Local queue size: 0
06/09 11:35:50:776 Local queue size: 0
06/09 11:36:00:781 Local queue size: 0
06/09 11:36:10:789 Local queue size: 0
06/09 11:36:20:828 Local queue size: 0
06/09 11:36:30:831 Local queue size: 0
06/09 11:36:40:832 Local queue size: 0
06/09 11:36:50:835 Local queue size: 0
06/09 11:37:00:837 Local queue size: 0
06/09 11:37:10:840 Local queue size: 0
06/09 11:37:20:853 Local queue size: 0
06/09 11:37:30:861 Local queue size: 0
06/09 11:37:40:863 Local queue size: 0
06/09 11:37:50:883 Local queue size: 0
06/09 11:38:00:886 Local queue size: 0
06/09 11:38:10:894 Local queue size: 0
06/09 11:38:20:898 Local queue size: 0
06/09 11:38:30:900 Local queue size: 0
06/09 11:38:40:904 Local queue size: 0
06/09 11:38:50:910 Local queue size: 0
06/09 11:39:00:919 Local queue size: 0
06/09 11:39:10:926 Local queue size: 0
06/09 11:39:21:024 Local queue size: 0
06/09 11:39:46:588 OSA Callback started
06/09 11:39:49:417 Starting process session
06/09 11:39:49:551 Total 0 instances are started
06/09 11:39:49:552 Total 1 instances are added
06/09 11:39:59:924 Local queue size: 0
06/09 11:40:09:938 Local queue size: 0
06/09 11:40:19:968 Local queue size: 0
06/09 11:40:29:971 Local queue size: 0
06/09 11:40:39:975 Local queue size: 0
06/09 11:40:49:976 Local queue size: 0
06/09 11:41:00:023 Local queue size: 0
06/09 11:41:10:025 Local queue size: 0
06/09 11:41:20:036 Local queue size: 0
06/09 11:41:30:051 Local queue size: 0
06/09 11:41:40:112 Local queue size: 0
06/09 11:41:50:140 Local queue size: 0
06/09 11:42:00:176 Local queue size: 0
06/09 11:42:10:179 Local queue size: 0
06/09 11:42:43:141 OSA Callback started
06/09 11:42:44:535 Starting process session
06/09 11:42:44:673 Total 0 instances are started
06/09 11:42:44:676 Total 1 instances are added
06/09 11:42:54:794 Local queue size: 0
06/09 11:43:04:799 Local queue size: 0
06/09 11:43:14:806 Local queue size: 0
06/09 11:43:24:858 Local queue size: 0
06/09 11:43:34:865 Local queue size: 0
06/09 11:43:44:867 Local queue size: 0
06/09 11:43:54:960 Local queue size: 0
06/09 11:44:57:973 OSA Callback started
06/09 11:45:00:927 Starting process session
06/09 11:45:01:829 Total 0 instances are started
06/09 11:45:01:829 Total 1 instances are added
06/09 11:45:11:973 Local queue size: 0
06/09 11:45:22:008 Local queue size: 0
06/09 11:45:32:020 Local queue size: 0
06/09 11:45:42:022 Local queue size: 0
06/09 11:45:52:026 Local queue size: 0
06/09 11:46:02:034 Local queue size: 0
06/09 11:46:12:046 Local queue size: 0
06/09 11:46:22:057 Local queue size: 0
06/09 11:46:32:068 Local queue size: 0
06/09 11:46:42:070 Local queue size: 0
06/09 11:46:52:103 Local queue size: 0
06/09 11:47:02:127 Local queue size: 0
06/09 11:47:12:129 Local queue size: 0
06/09 11:47:22:133 Local queue size: 0
06/09 11:47:32:138 Local queue size: 0
06/09 11:47:42:143 Local queue size: 0
06/09 11:47:52:148 Local queue size: 0
06/09 11:48:02:158 Local queue size: 0
06/09 11:48:12:234 Local queue size: 0
06/09 11:48:22:238 Local queue size: 0
06/09 11:48:32:240 Local queue size: 0
06/09 11:48:42:299 Local queue size: 0
06/09 11:48:52:302 Local queue size: 0
06/09 11:49:02:315 Local queue size: 0
06/09 11:49:12:317 Local queue size: 0
06/09 11:49:22:332 Local queue size: 0
06/09 11:49:32:334 Local queue size: 0
06/09 11:49:42:336 Local queue size: 0
06/09 11:49:52:380 Local queue size: 0
06/09 11:50:02:395 Local queue size: 0
06/09 11:50:12:410 Local queue size: 0
06/09 11:50:22:413 Local queue size: 0
06/09 11:50:32:472 Local queue size: 0
06/09 11:50:42:473 Local queue size: 0
06/09 11:50:52:475 Local queue size: 0
06/09 11:51:02:476 Local queue size: 0
06/09 11:51:12:500 Local queue size: 0
06/09 11:51:22:505 Local queue size: 0
06/09 11:51:32:518 Local queue size: 0
06/09 11:51:42:520 Local queue size: 0
06/09 11:51:52:533 Local queue size: 0
06/09 11:52:02:536 Local queue size: 0
06/09 11:52:12:546 Local queue size: 0
06/09 11:52:22:549 Local queue size: 0
06/09 11:52:32:551 Local queue size: 0
06/09 11:52:42:552 Local queue size: 0
06/09 11:52:52:599 Local queue size: 0
06/09 11:53:02:619 Local queue size: 0
06/09 11:53:12:622 Local queue size: 0
06/09 11:53:22:633 Local queue size: 0
06/09 11:53:32:683 Local queue size: 0
06/09 11:53:42:686 Local queue size: 0
06/09 11:53:52:689 Local queue size: 0
06/09 14:04:54:670 OSA Callback started
06/09 14:04:56:269 Starting process session
06/09 14:04:56:394 Total 0 instances are started
06/09 14:04:56:396 Total 1 instances are added
06/09 14:05:06:594 Local queue size: 0
06/09 14:05:16:597 Local queue size: 0
06/09 14:05:26:602 Local queue size: 0
06/09 14:05:36:658 Local queue size: 0
06/09 14:05:46:660 Local queue size: 0
06/09 14:05:56:760 Local queue size: 0
06/09 14:06:06:762 Local queue size: 0
06/09 14:06:16:765 Local queue size: 0
06/09 14:06:26:770 Local queue size: 0
06/09 14:06:36:776 Local queue size: 0
06/09 14:06:46:777 Local queue size: 0
06/09 14:06:56:779 Local queue size: 0
06/09 14:07:06:780 Local queue size: 0
06/09 14:07:16:782 Local queue size: 0
06/09 14:07:26:784 Local queue size: 0
06/09 14:07:36:787 Local queue size: 0
06/09 14:07:46:813 Local queue size: 0
06/09 14:07:56:818 Local queue size: 0
06/09 14:08:06:824 Local queue size: 0
06/09 14:08:16:827 Local queue size: 0
06/09 14:08:26:828 Local queue size: 0
06/09 14:08:36:832 Local queue size: 0
06/09 14:08:46:833 Local queue size: 0
06/09 14:08:56:835 Local queue size: 0
06/09 14:09:06:836 Local queue size: 0
06/09 14:09:16:838 Local queue size: 0
06/09 14:09:26:839 Local queue size: 0
06/09 14:09:36:841 Local queue size: 0
06/09 14:09:46:848 Local queue size: 0
06/09 14:09:56:849 Local queue size: 0
06/09 14:10:06:852 Local queue size: 0
06/09 14:10:16:855 Local queue size: 0
06/09 14:10:26:860 Local queue size: 0
06/09 14:10:36:862 Local queue size: 0
06/09 14:10:46:868 Local queue size: 0
06/09 14:10:56:872 Local queue size: 0
06/09 14:11:06:873 Local queue size: 0
06/09 14:11:16:973 Local queue size: 0
06/09 14:11:27:073 Local queue size: 0
06/09 14:11:37:078 Local queue size: 0
06/09 14:11:47:079 Local queue size: 0
06/09 14:11:57:172 Local queue size: 0
06/09 14:12:07:179 Local queue size: 0
06/09 14:12:17:180 Local queue size: 0
06/09 14:12:27:190 Local queue size: 0
06/09 14:12:37:237 Local queue size: 0
06/09 14:12:47:239 Local queue size: 0
06/09 14:12:57:248 Local queue size: 0
06/09 14:13:07:250 Local queue size: 0
06/09 14:13:17:261 Local queue size: 0
06/09 14:13:27:267 Local queue size: 0
06/09 14:13:37:269 Local queue size: 0
06/09 14:13:47:325 Local queue size: 0
06/09 14:13:57:330 Local queue size: 0
06/09 14:14:07:332 Local queue size: 0
06/09 14:14:17:339 Local queue size: 0
06/09 14:14:27:398 Local queue size: 0
06/09 14:14:37:409 Local queue size: 0
06/09 14:14:47:417 Local queue size: 0
06/09 14:14:57:418 Local queue size: 0
06/09 14:15:07:515 Local queue size: 0
06/09 14:15:17:527 Local queue size: 0
06/09 14:15:27:537 Local queue size: 0
06/09 14:15:37:540 Local queue size: 0
06/09 14:15:47:608 Local queue size: 0
06/09 14:15:57:618 Local queue size: 0
06/09 14:16:07:630 Local queue size: 0
06/09 14:16:17:638 Local queue size: 0
06/09 14:16:39:189 OSA Callback started
06/09 14:16:42:644 Starting process session
06/09 14:16:42:769 Total 0 instances are started
06/09 14:16:42:769 Total 1 instances are added
06/09 14:16:52:896 Local queue size: 0
06/09 14:17:02:906 Local queue size: 0
06/09 14:17:12:941 Local queue size: 0
06/09 14:17:22:997 Local queue size: 0
06/09 14:17:32:999 Local queue size: 0
06/09 14:17:43:002 Local queue size: 0
06/09 14:17:53:004 Local queue size: 0
06/09 14:18:03:010 Local queue size: 0
06/09 14:18:13:015 Local queue size: 0
06/09 14:18:23:016 Local queue size: 0
06/09 14:18:33:018 Local queue size: 0
06/09 14:18:43:020 Local queue size: 0
06/09 14:18:53:022 Local queue size: 0
06/09 14:19:03:023 Local queue size: 0
06/09 14:19:13:025 Local queue size: 0
06/09 14:21:04:242 OSA Callback started
06/09 14:21:07:839 Starting process session
06/09 14:21:07:976 Total 0 instances are started
06/09 14:21:07:977 Total 1 instances are added
06/09 14:21:18:104 Local queue size: 0
06/09 14:21:28:116 Local queue size: 0
06/09 14:21:38:127 Local queue size: 0
06/09 14:21:48:152 Local queue size: 0
06/09 14:21:58:166 Local queue size: 0
06/09 14:22:10:360 OSA Callback started
06/09 14:22:11:019 Starting process session
06/09 14:22:11:126 Total 0 instances are started
06/09 14:22:11:127 Total 1 instances are added
06/09 14:22:21:325 Local queue size: 0
06/09 14:22:31:328 Local queue size: 0
06/09 14:22:41:342 Local queue size: 0
06/09 14:22:51:343 Local queue size: 0
06/09 14:23:01:354 Local queue size: 0
06/09 14:23:11:363 Local queue size: 0
06/09 14:23:21:390 Local queue size: 0
06/09 14:23:31:404 Local queue size: 0
06/09 14:23:41:406 Local queue size: 0
06/09 14:23:51:506 Local queue size: 0
06/09 14:24:01:507 Local queue size: 0
06/09 14:24:11:519 Local queue size: 0
06/09 14:24:21:522 Local queue size: 0
06/09 14:24:31:604 Local queue size: 0
06/09 14:24:41:611 Local queue size: 0
06/09 14:24:51:636 Local queue size: 0
06/09 14:25:01:710 Local queue size: 0
06/09 14:25:11:712 Local queue size: 0
06/09 14:25:21:734 Local queue size: 0
06/09 14:25:31:743 Local queue size: 0
06/09 14:25:41:747 Local queue size: 0
06/09 14:25:51:750 Local queue size: 0
06/09 14:26:01:751 Local queue size: 0
06/09 14:26:11:753 Local queue size: 0
06/09 14:26:21:754 Local queue size: 0
06/09 14:26:31:767 Local queue size: 0
06/09 14:26:41:774 Local queue size: 0
06/09 14:26:51:796 Local queue size: 0
06/09 14:27:01:870 Local queue size: 0
06/09 14:27:11:871 Local queue size: 0
06/09 14:27:21:873 Local queue size: 0
06/09 14:27:31:908 Local queue size: 0
06/09 14:27:41:946 Local queue size: 0
06/09 14:27:51:948 Local queue size: 0
06/09 14:28:01:957 Local queue size: 0
06/09 14:28:11:962 Local queue size: 0
06/09 14:28:22:005 Local queue size: 0
06/09 14:28:32:011 Local queue size: 0
06/09 14:28:42:110 Local queue size: 0
06/09 14:28:52:113 Local queue size: 0
06/09 14:29:02:116 Local queue size: 0
06/09 14:29:12:154 Local queue size: 0
06/09 14:29:22:165 Local queue size: 0
06/09 14:29:32:175 Local queue size: 0
06/09 14:29:42:180 Local queue size: 0
06/09 14:29:52:208 Local queue size: 0
06/09 14:30:02:213 Local queue size: 0
06/09 14:30:12:228 Local queue size: 0
06/09 14:30:22:231 Local queue size: 0
06/09 14:30:32:241 Local queue size: 0
06/09 14:30:42:243 Local queue size: 0
06/09 14:30:52:254 Local queue size: 0
06/09 14:31:02:264 Local queue size: 0
06/09 14:31:12:268 Local queue size: 0
06/09 14:31:22:330 Local queue size: 0
06/09 14:31:32:332 Local queue size: 0
06/09 14:31:42:340 Local queue size: 0
06/09 14:31:52:344 Local queue size: 0
06/09 14:32:02:358 Local queue size: 0
06/09 14:32:12:392 Local queue size: 0
06/09 14:32:22:394 Local queue size: 0
06/09 14:32:32:403 Local queue size: 0
06/09 14:32:42:413 Local queue size: 0
06/09 14:32:52:415 Local queue size: 0
06/09 14:33:02:428 Local queue size: 0
06/09 14:33:12:430 Local queue size: 0
06/09 14:33:22:432 Local queue size: 0
06/09 14:33:32:433 Local queue size: 0
06/09 14:33:42:496 Local queue size: 0
06/09 14:33:52:518 Local queue size: 0
06/09 14:34:02:527 Local queue size: 0
06/09 14:34:12:532 Local queue size: 0
06/09 14:34:22:540 Local queue size: 0
06/09 14:34:32:586 Local queue size: 0
06/09 14:34:42:588 Local queue size: 0
06/09 14:34:52:592 Local queue size: 0
06/09 14:35:02:637 Local queue size: 0
06/09 14:35:12:641 Local queue size: 0
06/09 14:35:22:647 Local queue size: 0
06/09 14:35:32:649 Local queue size: 0
06/09 14:35:42:653 Local queue size: 0
06/09 14:35:52:662 Local queue size: 0
06/09 14:36:02:674 Local queue size: 0
06/09 14:36:12:676 Local queue size: 0
06/09 14:36:22:689 Local queue size: 0
06/09 14:36:32:720 Local queue size: 0
06/09 14:36:42:731 Local queue size: 0
06/09 14:36:52:748 Local queue size: 0
06/09 14:37:02:749 Local queue size: 0
06/09 14:37:12:846 Local queue size: 0
06/09 14:37:22:847 Local queue size: 0
06/09 14:37:32:856 Local queue size: 0
06/09 14:37:42:864 Local queue size: 0
06/09 14:37:52:871 Local queue size: 0
06/09 14:38:02:914 Local queue size: 0
06/09 14:38:12:930 Local queue size: 0
06/09 14:38:22:933 Local queue size: 0
06/09 14:38:32:934 Local queue size: 0
06/09 14:38:42:940 Local queue size: 0
06/09 14:38:52:950 Local queue size: 0
06/09 14:39:02:952 Local queue size: 0
06/09 14:39:12:954 Local queue size: 0
06/09 14:39:22:966 Local queue size: 0
06/09 14:39:33:060 Local queue size: 0
06/09 14:39:43:065 Local queue size: 0
06/09 14:39:53:069 Local queue size: 0
06/09 14:40:03:078 Local queue size: 0
06/09 14:40:13:150 Local queue size: 0
06/09 14:40:23:154 Local queue size: 0
06/09 14:40:33:161 Local queue size: 0
06/09 14:40:43:163 Local queue size: 0
06/09 14:40:53:225 Local queue size: 0
06/09 14:41:03:230 Local queue size: 0
06/09 14:41:13:235 Local queue size: 0
06/09 14:41:23:272 Local queue size: 0
06/09 14:41:33:287 Local queue size: 0
06/09 14:41:43:288 Local queue size: 0
06/09 14:41:53:291 Local queue size: 0
06/09 14:42:03:293 Local queue size: 0
06/09 14:42:13:365 Local queue size: 0
06/09 14:42:23:390 Local queue size: 0
06/09 14:42:33:397 Local queue size: 0
06/09 14:42:43:399 Local queue size: 0
06/09 14:42:53:403 Local queue size: 0
06/09 14:43:03:423 Local queue size: 0
06/09 14:43:13:424 Local queue size: 0
06/09 14:43:23:433 Local queue size: 0
06/09 14:43:33:443 Local queue size: 0
06/09 14:43:43:445 Local queue size: 0
06/09 14:43:53:510 Local queue size: 0
06/09 14:44:03:524 Local queue size: 0
06/09 14:44:13:528 Local queue size: 0
06/09 14:44:23:537 Local queue size: 0
06/09 14:44:33:539 Local queue size: 0
06/09 14:44:43:541 Local queue size: 0
06/09 14:44:53:551 Local queue size: 0
06/09 14:45:03:557 Local queue size: 0
06/09 14:45:13:558 Local queue size: 0
06/09 14:45:23:597 Local queue size: 0
06/09 14:45:33:604 Local queue size: 0
06/09 14:45:43:612 Local queue size: 0
06/09 14:45:53:629 Local queue size: 0
06/09 14:46:03:651 Local queue size: 0
06/09 14:46:13:677 Local queue size: 0
06/09 14:46:23:691 Local queue size: 0
06/09 14:46:33:697 Local queue size: 0
06/09 14:46:43:710 Local queue size: 0
06/09 14:46:53:740 Local queue size: 0
06/09 14:47:03:744 Local queue size: 0
06/09 14:47:13:763 Local queue size: 0
06/09 14:47:23:840 Local queue size: 0
06/09 14:47:33:848 Local queue size: 0
06/09 14:47:43:871 Local queue size: 0
06/09 14:47:53:876 Local queue size: 0
06/09 14:48:03:880 Local queue size: 0
06/09 14:48:13:886 Local queue size: 0
06/09 14:48:23:887 Local queue size: 0
06/09 14:48:33:891 Local queue size: 0
06/09 14:48:43:896 Local queue size: 0
06/09 14:48:53:898 Local queue size: 0
06/09 14:49:03:899 Local queue size: 0
06/09 14:49:13:903 Local queue size: 0
06/09 14:49:23:905 Local queue size: 0
06/09 14:49:33:907 Local queue size: 0
06/09 14:49:43:910 Local queue size: 0
06/09 14:49:53:914 Local queue size: 0
06/09 14:50:03:916 Local queue size: 0
06/09 14:50:13:917 Local queue size: 0
06/09 14:50:23:934 Local queue size: 0
06/09 14:50:33:968 Local queue size: 0
06/09 14:50:43:974 Local queue size: 0
06/09 14:50:53:980 Local queue size: 0
06/09 14:51:03:996 Local queue size: 0
06/09 14:51:14:009 Local queue size: 0
06/09 14:51:24:020 Local queue size: 0
06/09 14:51:34:022 Local queue size: 0
06/09 14:51:44:025 Local queue size: 0
06/09 14:51:54:026 Local queue size: 0
06/09 14:52:04:105 Local queue size: 0
06/09 14:52:14:112 Local queue size: 0
06/09 14:52:24:115 Local queue size: 0
06/09 14:52:34:122 Local queue size: 0
06/09 14:52:44:134 Local queue size: 0
06/09 14:52:54:180 Local queue size: 0
06/09 14:53:04:184 Local queue size: 0
06/09 14:53:14:214 Local queue size: 0
06/09 14:53:24:219 Local queue size: 0
06/09 14:53:34:298 Local queue size: 0
06/09 14:53:44:311 Local queue size: 0
06/09 14:53:54:319 Local queue size: 0
06/09 14:54:04:331 Local queue size: 0
06/09 14:54:14:362 Local queue size: 0
06/09 14:54:24:375 Local queue size: 0
06/09 14:54:34:397 Local queue size: 0
06/09 14:54:44:409 Local queue size: 0
06/09 14:54:54:428 Local queue size: 0
06/09 14:55:04:490 Local queue size: 0
06/09 14:55:14:500 Local queue size: 0
06/09 14:55:24:503 Local queue size: 0
06/09 14:55:34:507 Local queue size: 0
06/09 14:55:44:538 Local queue size: 0
06/09 14:55:54:545 Local queue size: 0
06/09 14:56:04:550 Local queue size: 0
06/09 14:56:14:558 Local queue size: 0
06/09 14:56:24:560 Local queue size: 0
06/09 14:56:34:660 Local queue size: 0
06/09 14:56:44:663 Local queue size: 0
06/09 14:56:54:664 Local queue size: 0
06/09 14:57:04:671 Local queue size: 0
06/09 14:57:14:672 Local queue size: 0
06/09 14:57:24:700 Local queue size: 0
06/09 14:57:34:702 Local queue size: 0
06/09 14:57:44:720 Local queue size: 0
06/09 14:57:54:731 Local queue size: 0
06/09 14:58:04:733 Local queue size: 0
06/09 14:58:14:793 Local queue size: 0
06/09 14:58:24:804 Local queue size: 0
06/09 14:58:34:809 Local queue size: 0
06/09 14:58:44:826 Local queue size: 0
06/09 14:58:54:841 Local queue size: 0
06/09 14:59:04:850 Local queue size: 0
06/09 14:59:14:885 Local queue size: 0
06/09 14:59:24:895 Local queue size: 0
06/09 14:59:34:897 Local queue size: 0
06/09 14:59:44:934 Local queue size: 0
06/09 14:59:54:939 Local queue size: 0
06/09 15:00:04:949 Local queue size: 0
06/09 15:00:14:974 Local queue size: 0
06/09 15:00:24:996 Local queue size: 0
06/09 15:00:35:002 Local queue size: 0
06/09 15:00:45:013 Local queue size: 0
06/09 15:00:55:022 Local queue size: 0
06/09 15:01:05:119 Local queue size: 0
06/09 15:01:15:120 Local queue size: 0
06/09 15:01:25:130 Local queue size: 0
06/09 15:01:35:159 Local queue size: 0
06/09 15:01:45:166 Local queue size: 0
06/09 15:01:55:231 Local queue size: 0
06/09 15:02:05:239 Local queue size: 0
06/09 15:02:15:252 Local queue size: 0
06/09 15:02:25:253 Local queue size: 0
06/09 15:02:35:260 Local queue size: 0
06/09 15:02:45:311 Local queue size: 0
06/09 15:02:55:314 Local queue size: 0
06/09 15:03:05:319 Local queue size: 0
06/09 15:03:15:419 Local queue size: 0
06/09 15:03:25:427 Local queue size: 0
06/09 15:03:35:485 Local queue size: 0
06/09 15:03:45:487 Local queue size: 0
06/09 15:03:55:506 Local queue size: 0
06/09 15:04:05:508 Local queue size: 0
06/09 15:04:15:607 Local queue size: 0
06/09 15:04:25:647 Local queue size: 0
06/09 15:04:35:649 Local queue size: 0
06/09 15:04:45:659 Local queue size: 0
06/09 15:04:55:661 Local queue size: 0
06/09 15:05:05:670 Local queue size: 0
06/09 15:05:15:682 Local queue size: 0
06/09 15:05:25:686 Local queue size: 0
06/09 15:05:35:698 Local queue size: 0
06/09 15:05:45:714 Local queue size: 0
06/09 15:05:55:727 Local queue size: 0
06/09 15:06:05:734 Local queue size: 0
06/09 15:06:15:741 Local queue size: 0
06/09 15:06:25:743 Local queue size: 0
06/09 15:06:35:748 Local queue size: 0
06/09 15:06:45:755 Local queue size: 0
06/09 15:06:55:769 Local queue size: 0
06/09 15:07:05:777 Local queue size: 0
06/09 15:07:15:878 Local queue size: 0
06/09 15:07:25:898 Local queue size: 0
06/09 15:07:35:907 Local queue size: 0
06/09 15:07:45:927 Local queue size: 0
06/09 15:07:55:940 Local queue size: 0
06/09 15:08:06:034 Local queue size: 0
06/09 15:08:16:042 Local queue size: 0
06/09 15:08:26:044 Local queue size: 0
06/09 15:08:36:063 Local queue size: 0
06/09 15:08:46:094 Local queue size: 0
06/09 15:08:56:130 Local queue size: 0
06/09 15:09:06:144 Local queue size: 0
06/09 15:09:16:165 Local queue size: 0
06/09 15:09:26:193 Local queue size: 0
06/09 15:09:36:266 Local queue size: 0
06/09 15:09:46:275 Local queue size: 0
06/09 15:09:56:299 Local queue size: 0
06/09 15:10:06:327 Local queue size: 0
06/09 15:10:16:329 Local queue size: 0
06/09 15:10:26:429 Local queue size: 0
06/09 15:10:36:437 Local queue size: 0
06/09 15:10:46:456 Local queue size: 0
06/09 15:10:56:489 Local queue size: 0
06/09 15:11:06:533 Local queue size: 0
06/09 15:11:16:548 Local queue size: 0
06/09 15:11:26:588 Local queue size: 0
06/09 15:11:36:621 Local queue size: 0
06/09 15:11:46:636 Local queue size: 0
06/09 15:11:56:733 Local queue size: 0
06/09 15:12:06:735 Local queue size: 0
06/09 15:12:16:756 Local queue size: 0
06/09 15:12:26:765 Local queue size: 0
06/09 15:12:36:851 Local queue size: 0
06/09 15:12:46:861 Local queue size: 0
06/09 15:12:56:862 Local queue size: 0
06/09 15:13:06:864 Local queue size: 0
06/09 15:13:16:881 Local queue size: 0
06/09 15:13:26:914 Local queue size: 0
06/09 15:13:36:917 Local queue size: 0
06/09 15:13:46:919 Local queue size: 0
06/09 15:13:56:925 Local queue size: 0
06/09 15:14:06:965 Local queue size: 0
06/09 15:14:16:971 Local queue size: 0
06/09 15:14:26:973 Local queue size: 0
06/09 15:14:36:981 Local queue size: 0
06/09 15:14:46:992 Local queue size: 0
06/09 15:14:57:027 Local queue size: 0
06/09 15:15:07:042 Local queue size: 0
06/09 15:15:17:052 Local queue size: 0
06/09 15:15:27:062 Local queue size: 0
06/09 15:15:37:073 Local queue size: 0
06/09 15:15:47:160 Local queue size: 0
06/09 15:15:57:167 Local queue size: 0
06/09 15:16:42:914 OSA Callback started
06/09 15:16:46:421 Starting process session
06/09 15:16:46:573 Total 0 instances are started
06/09 15:16:46:573 Total 1 instances are added
06/09 15:16:56:744 Local queue size: 0
06/09 15:17:06:784 Local queue size: 0
06/09 15:17:16:828 Local queue size: 0
06/09 15:17:26:830 Local queue size: 0
06/09 15:17:36:860 Local queue size: 0
06/09 15:17:46:868 Local queue size: 0
06/09 15:17:56:870 Local queue size: 0
06/09 15:18:06:877 Local queue size: 0
06/09 15:18:16:879 Local queue size: 0
06/09 15:18:26:908 Local queue size: 0
06/09 15:18:36:910 Local queue size: 0
06/09 15:18:46:911 Local queue size: 0
06/09 15:18:56:918 Local queue size: 0
06/09 15:19:06:920 Local queue size: 0
06/09 15:19:16:967 Local queue size: 0
06/09 15:19:26:969 Local queue size: 0
06/09 15:19:36:978 Local queue size: 0
06/09 15:19:46:982 Local queue size: 0
06/09 15:19:57:036 Local queue size: 0
06/09 15:20:07:064 Local queue size: 0
06/09 15:20:17:087 Local queue size: 0
06/09 15:20:27:101 Local queue size: 0
06/09 15:20:37:103 Local queue size: 0
06/09 15:20:47:174 Local queue size: 0
06/09 15:20:57:187 Local queue size: 0
06/09 15:21:07:188 Local queue size: 0
06/09 15:21:17:194 Local queue size: 0
06/09 15:21:27:196 Local queue size: 0
06/09 15:21:37:229 Local queue size: 0
06/09 15:21:47:239 Local queue size: 0
06/09 15:21:57:244 Local queue size: 0
06/09 15:22:07:249 Local queue size: 0
06/09 15:22:17:250 Local queue size: 0
06/09 15:22:27:341 Local queue size: 0
06/09 15:22:37:343 Local queue size: 0
06/09 15:22:47:350 Local queue size: 0
06/09 15:22:57:378 Local queue size: 0
06/09 15:23:07:480 Local queue size: 0
06/09 15:23:17:488 Local queue size: 0
06/09 15:23:54:012 OSA Callback started
06/09 15:23:57:607 Starting process session
06/09 15:23:57:713 Total 0 instances are started
06/09 15:23:57:713 Total 1 instances are added
06/09 15:24:07:861 Local queue size: 0
06/09 15:24:17:866 Local queue size: 0
06/09 15:24:27:872 Local queue size: 0
06/09 15:24:37:883 Local queue size: 0
06/09 15:24:47:923 Local queue size: 0
06/09 15:24:57:940 Local queue size: 0
06/09 15:25:08:031 Local queue size: 0
06/09 15:25:18:039 Local queue size: 0
06/09 15:25:28:042 Local queue size: 0
06/09 15:25:38:058 Local queue size: 0
06/09 15:25:48:146 Local queue size: 0
06/09 15:25:58:159 Local queue size: 0
06/09 15:26:08:168 Local queue size: 0
06/09 15:26:18:172 Local queue size: 0
06/09 15:26:28:260 Local queue size: 0
06/09 15:26:38:271 Local queue size: 0
06/09 15:26:48:285 Local queue size: 0
06/09 15:26:58:302 Local queue size: 0
06/09 15:27:08:319 Local queue size: 0
06/09 15:27:18:323 Local queue size: 0
06/09 15:27:28:324 Local queue size: 0
06/09 15:27:38:326 Local queue size: 0
06/09 15:27:48:327 Local queue size: 0
06/09 15:27:58:330 Local queue size: 0
06/09 15:28:08:331 Local queue size: 0
06/09 15:28:18:332 Local queue size: 0
06/09 15:28:28:358 Local queue size: 0
06/09 15:28:38:365 Local queue size: 0
06/09 15:28:48:368 Local queue size: 0
06/09 15:28:58:381 Local queue size: 0
06/09 15:29:08:383 Local queue size: 0
06/09 15:29:18:385 Local queue size: 0
06/09 15:29:28:389 Local queue size: 0
06/09 15:29:38:395 Local queue size: 0
06/09 15:29:48:401 Local queue size: 0
06/09 15:29:58:404 Local queue size: 0
06/09 15:30:08:429 Local queue size: 0
06/09 15:30:18:510 Local queue size: 0
06/09 15:30:28:521 Local queue size: 0
06/09 15:30:38:523 Local queue size: 0
06/09 15:30:48:524 Local queue size: 0
06/09 15:30:58:527 Local queue size: 0
06/09 15:31:08:559 Local queue size: 0
06/09 15:31:18:565 Local queue size: 0
06/09 15:31:28:567 Local queue size: 0
06/09 15:31:38:569 Local queue size: 0
06/09 15:31:48:668 Local queue size: 0
06/09 15:31:58:681 Local queue size: 0
06/09 15:32:08:684 Local queue size: 0
06/09 15:32:18:691 Local queue size: 0
06/09 15:32:28:712 Local queue size: 0
06/09 15:32:38:805 Local queue size: 0
06/09 15:32:48:807 Local queue size: 0
06/09 15:32:58:813 Local queue size: 0
06/09 15:33:08:821 Local queue size: 0
06/09 15:33:18:838 Local queue size: 0
06/09 15:33:28:844 Local queue size: 0
06/09 15:33:38:846 Local queue size: 0
06/09 15:33:48:853 Local queue size: 0
06/09 15:33:58:855 Local queue size: 0
06/09 15:34:14:465 OSA Callback started
06/09 15:34:17:966 Starting process session
06/09 15:34:18:072 Total 0 instances are started
06/09 15:34:18:072 Total 1 instances are added
06/09 15:34:28:239 Local queue size: 0
06/09 15:34:38:242 Local queue size: 0
06/09 15:34:48:277 Local queue size: 0
06/09 15:34:58:278 Local queue size: 0
06/09 15:35:08:301 Local queue size: 0
06/09 15:35:18:323 Local queue size: 0
06/09 15:35:28:350 Local queue size: 0
06/09 15:35:38:364 Local queue size: 0
06/09 15:35:48:373 Local queue size: 0
06/09 15:35:58:384 Local queue size: 0
06/09 15:36:08:409 Local queue size: 0
06/09 15:36:18:415 Local queue size: 0
06/09 15:36:28:472 Local queue size: 0
06/09 15:36:38:482 Local queue size: 0
06/09 15:36:48:490 Local queue size: 0
06/09 15:36:58:514 Local queue size: 0
06/09 15:37:08:516 Local queue size: 0
06/09 15:37:18:605 Local queue size: 0
06/09 15:37:28:620 Local queue size: 0
06/09 15:37:38:621 Local queue size: 0
06/09 15:37:48:627 Local queue size: 0
06/09 15:37:58:662 Local queue size: 0
06/09 15:38:08:701 Local queue size: 0
06/09 15:38:18:780 Local queue size: 0
06/09 15:38:28:842 Local queue size: 0
06/09 15:38:38:852 Local queue size: 0
06/09 15:38:48:875 Local queue size: 0
06/09 15:38:58:878 Local queue size: 0
06/09 15:39:08:888 Local queue size: 0
06/09 15:39:18:923 Local queue size: 0
06/09 15:39:28:925 Local queue size: 0
06/09 15:39:38:938 Local queue size: 0
06/09 15:39:48:940 Local queue size: 0
06/09 15:39:58:952 Local queue size: 0
06/09 15:40:08:958 Local queue size: 0
06/09 15:40:18:960 Local queue size: 0
06/09 15:40:28:973 Local queue size: 0
06/09 15:40:39:050 Local queue size: 0
06/09 15:42:27:092 OSA Callback started
06/09 15:42:29:442 Starting process session
06/09 15:42:30:595 Total 0 instances are started
06/09 15:42:30:595 Total 1 instances are added
06/09 15:42:40:860 Local queue size: 0
06/09 15:42:50:896 Local queue size: 0
06/09 15:43:00:899 Local queue size: 0
06/09 15:43:10:911 Local queue size: 0
06/09 15:43:20:941 Local queue size: 0
06/09 15:43:30:945 Local queue size: 0
06/09 15:43:40:955 Local queue size: 0
06/09 15:43:51:055 Local queue size: 0
06/09 15:44:01:056 Local queue size: 0
06/09 15:44:11:065 Local queue size: 0
06/09 15:44:21:067 Local queue size: 0
06/09 15:44:31:070 Local queue size: 0
06/09 15:44:41:072 Local queue size: 0
06/09 15:44:51:112 Local queue size: 0
06/09 15:45:01:114 Local queue size: 0
06/09 15:45:11:136 Local queue size: 0
06/09 15:45:32:104 OSA Callback started
06/09 15:45:35:668 Starting process session
06/09 15:45:35:790 Total 0 instances are started
06/09 15:45:35:790 Total 1 instances are added
06/09 15:45:45:991 Local queue size: 0
06/09 15:45:56:004 Local queue size: 0
06/09 15:46:06:096 Local queue size: 0
06/09 15:46:16:154 Local queue size: 0
06/09 15:46:26:160 Local queue size: 0
06/09 15:46:36:164 Local queue size: 0
06/09 15:46:46:199 Local queue size: 0
06/09 15:46:56:205 Local queue size: 0
06/09 15:47:06:217 Local queue size: 0
06/09 15:47:16:275 Local queue size: 0
06/09 15:47:26:304 Local queue size: 0
06/09 15:47:36:330 Local queue size: 0
06/09 15:47:46:337 Local queue size: 0
06/09 15:47:56:340 Local queue size: 0
06/09 15:48:06:343 Local queue size: 0
06/09 15:48:16:344 Local queue size: 0
06/09 15:48:26:345 Local queue size: 0
06/09 15:48:36:347 Local queue size: 0
06/09 15:48:46:353 Local queue size: 0
06/09 15:48:56:382 Local queue size: 0
06/09 15:49:06:388 Local queue size: 0
06/09 15:49:16:401 Local queue size: 0
06/09 15:49:26:406 Local queue size: 0
06/09 15:49:36:458 Local queue size: 0
06/09 15:49:46:480 Local queue size: 0
06/09 15:49:56:494 Local queue size: 0
06/09 15:50:06:513 Local queue size: 0
06/09 15:50:16:535 Local queue size: 0
06/09 15:50:26:543 Local queue size: 0
06/09 15:50:36:558 Local queue size: 0
06/09 15:50:46:574 Local queue size: 0
06/09 15:50:56:580 Local queue size: 0
06/09 15:51:06:640 Local queue size: 0
06/09 15:51:16:645 Local queue size: 0
06/09 15:51:26:646 Local queue size: 0
06/09 15:51:36:648 Local queue size: 0
06/09 15:51:46:683 Local queue size: 0
06/09 15:51:56:705 Local queue size: 0
06/09 15:52:06:709 Local queue size: 0
06/09 15:52:16:762 Local queue size: 0
06/09 15:52:26:777 Local queue size: 0
06/09 15:52:36:790 Local queue size: 0
06/09 15:52:46:796 Local queue size: 0
06/09 15:52:56:802 Local queue size: 0
06/09 15:53:06:804 Local queue size: 0
06/09 15:53:16:810 Local queue size: 0
06/09 15:53:26:811 Local queue size: 0
06/09 15:53:36:816 Local queue size: 0
06/09 15:53:46:822 Local queue size: 0
06/09 15:53:56:823 Local queue size: 0
06/09 15:54:06:825 Local queue size: 0
06/09 15:54:16:828 Local queue size: 0
06/09 15:54:26:830 Local queue size: 0
06/09 15:54:36:833 Local queue size: 0
06/09 15:54:46:836 Local queue size: 0
06/09 15:54:56:838 Local queue size: 0
06/09 15:55:06:847 Local queue size: 0
06/09 15:55:16:858 Local queue size: 0
06/09 15:55:26:861 Local queue size: 0
06/09 15:55:36:869 Local queue size: 0
06/09 15:55:46:870 Local queue size: 0
06/09 15:55:56:872 Local queue size: 0
06/09 15:56:06:956 Local queue size: 0
06/09 15:56:16:965 Local queue size: 0
06/09 15:56:26:975 Local queue size: 0
06/09 15:56:36:993 Local queue size: 0
06/09 15:56:46:995 Local queue size: 0
06/09 15:56:57:052 Local queue size: 0
06/09 15:57:07:060 Local queue size: 0
06/09 15:57:17:062 Local queue size: 0
06/09 15:57:27:063 Local queue size: 0
06/09 15:57:37:113 Local queue size: 0
06/09 15:57:47:129 Local queue size: 0
06/09 15:57:57:161 Local queue size: 0
06/09 15:58:07:164 Local queue size: 0
06/09 15:58:17:206 Local queue size: 0
06/09 15:58:27:209 Local queue size: 0
06/09 15:58:37:215 Local queue size: 0
06/09 15:58:47:237 Local queue size: 0
06/09 15:58:57:328 Local queue size: 0
06/09 15:59:07:341 Local queue size: 0
06/09 15:59:17:344 Local queue size: 0
06/09 15:59:27:353 Local queue size: 0
06/09 15:59:37:356 Local queue size: 0
06/09 15:59:47:357 Local queue size: 0
06/09 15:59:57:361 Local queue size: 0
06/09 16:00:07:380 Local queue size: 0
06/09 16:00:17:384 Local queue size: 0
06/09 16:00:27:391 Local queue size: 0
06/09 16:00:37:399 Local queue size: 0
06/09 16:00:47:403 Local queue size: 0
06/09 16:00:57:407 Local queue size: 0
06/09 16:01:07:409 Local queue size: 0
06/09 16:01:17:410 Local queue size: 0
06/09 16:01:27:412 Local queue size: 0
06/09 16:01:37:417 Local queue size: 0
06/09 16:01:47:486 Local queue size: 0
06/09 16:01:57:494 Local queue size: 0
06/09 16:02:07:508 Local queue size: 0
06/09 16:02:17:515 Local queue size: 0
06/09 16:02:27:518 Local queue size: 0
06/09 16:02:37:521 Local queue size: 0
06/09 16:02:47:619 Local queue size: 0
06/09 16:02:57:633 Local queue size: 0
06/09 16:03:07:644 Local queue size: 0
06/09 16:03:17:647 Local queue size: 0
06/09 16:03:27:654 Local queue size: 0
06/09 16:03:37:726 Local queue size: 0
06/09 16:03:47:734 Local queue size: 0
06/09 16:03:57:736 Local queue size: 0
06/09 16:04:07:750 Local queue size: 0
06/09 16:04:17:761 Local queue size: 0
06/09 16:04:27:797 Local queue size: 0
06/09 16:04:37:799 Local queue size: 0
06/09 16:04:47:800 Local queue size: 0
06/09 16:04:57:802 Local queue size: 0
06/09 16:05:07:821 Local queue size: 0
06/09 16:05:17:879 Local queue size: 0
06/09 16:05:27:881 Local queue size: 0
06/09 16:05:37:887 Local queue size: 0
06/09 16:05:47:893 Local queue size: 0
06/09 16:05:57:901 Local queue size: 0
06/09 16:06:07:955 Local queue size: 0
06/09 16:06:17:958 Local queue size: 0
06/09 16:06:27:977 Local queue size: 0
06/09 16:06:37:983 Local queue size: 0
06/09 16:06:47:990 Local queue size: 0
06/09 16:06:58:003 Local queue size: 0
06/09 16:07:08:022 Local queue size: 0
06/09 16:07:18:034 Local queue size: 0
06/09 16:07:28:044 Local queue size: 0
06/09 16:07:38:057 Local queue size: 0
06/09 16:07:48:059 Local queue size: 0
06/09 16:07:58:061 Local queue size: 0
06/09 16:08:08:067 Local queue size: 0
06/09 16:08:18:068 Local queue size: 0
06/09 16:08:28:072 Local queue size: 0
06/09 16:08:38:078 Local queue size: 0
06/09 16:08:48:082 Local queue size: 0
06/09 16:08:58:115 Local queue size: 0
06/09 16:09:08:116 Local queue size: 0
06/09 16:09:18:119 Local queue size: 0
06/09 16:09:28:125 Local queue size: 0
06/09 16:09:38:142 Local queue size: 0
06/09 16:09:48:209 Local queue size: 0
06/09 16:09:58:219 Local queue size: 0
06/09 16:10:08:221 Local queue size: 0
06/09 16:10:18:229 Local queue size: 0
06/09 16:10:28:241 Local queue size: 0
06/09 16:10:38:311 Local queue size: 0
06/09 16:10:48:331 Local queue size: 0
06/09 16:10:58:346 Local queue size: 0
06/09 16:11:08:354 Local queue size: 0
06/09 16:11:18:407 Local queue size: 0
06/09 16:11:28:459 Local queue size: 0
06/09 16:11:38:464 Local queue size: 0
06/09 16:11:48:465 Local queue size: 0
06/09 16:11:58:467 Local queue size: 0
06/09 16:12:08:501 Local queue size: 0
06/09 16:12:18:512 Local queue size: 0
06/09 16:12:28:515 Local queue size: 0
06/09 16:12:38:525 Local queue size: 0
06/09 16:12:48:533 Local queue size: 0
06/09 16:12:58:534 Local queue size: 0
06/09 16:13:08:541 Local queue size: 0
06/09 16:13:18:547 Local queue size: 0
06/09 16:13:28:550 Local queue size: 0
06/09 16:13:38:559 Local queue size: 0
06/09 16:13:48:561 Local queue size: 0
06/09 16:13:58:563 Local queue size: 0
06/09 16:14:08:571 Local queue size: 0
06/09 16:14:18:573 Local queue size: 0
06/09 16:14:28:575 Local queue size: 0
06/09 16:14:38:576 Local queue size: 0
06/09 16:14:48:578 Local queue size: 0
06/09 16:14:58:579 Local queue size: 0
06/09 16:15:08:581 Local queue size: 0
06/09 16:15:18:586 Local queue size: 0
06/09 16:15:28:588 Local queue size: 0
06/09 16:15:38:592 Local queue size: 0
06/09 16:15:48:593 Local queue size: 0
06/09 16:15:58:595 Local queue size: 0
06/09 16:16:08:602 Local queue size: 0
06/09 16:16:18:613 Local queue size: 0
06/09 16:16:28:618 Local queue size: 0
06/09 16:16:38:629 Local queue size: 0
06/09 16:16:48:645 Local queue size: 0
06/09 16:16:58:730 Local queue size: 0
06/09 16:17:08:735 Local queue size: 0
06/09 16:17:18:740 Local queue size: 0
06/09 16:17:28:743 Local queue size: 0
06/09 16:17:38:760 Local queue size: 0
06/09 16:17:48:774 Local queue size: 0
06/09 16:17:58:782 Local queue size: 0
06/09 16:18:08:783 Local queue size: 0
06/09 16:18:18:797 Local queue size: 0
06/09 16:18:28:803 Local queue size: 0
06/09 16:18:38:866 Local queue size: 0
06/09 16:18:48:867 Local queue size: 0
06/09 16:18:58:869 Local queue size: 0
06/09 16:19:08:872 Local queue size: 0
06/09 16:19:18:881 Local queue size: 0
06/09 16:19:28:931 Local queue size: 0
06/09 16:19:38:988 Local queue size: 0
06/09 16:19:49:000 Local queue size: 0
06/09 16:19:59:006 Local queue size: 0
06/09 16:20:09:008 Local queue size: 0
06/09 16:20:19:019 Local queue size: 0
06/09 16:20:29:029 Local queue size: 0
06/09 16:20:39:059 Local queue size: 0
06/09 16:20:49:062 Local queue size: 0
06/09 16:20:59:073 Local queue size: 0
06/09 16:21:09:080 Local queue size: 0
06/09 16:21:19:093 Local queue size: 0
06/09 16:21:29:099 Local queue size: 0
06/09 16:21:39:100 Local queue size: 0
06/09 16:21:49:109 Local queue size: 0
06/09 16:21:59:110 Local queue size: 0
06/09 16:22:09:118 Local queue size: 0
06/09 16:22:19:130 Local queue size: 0
06/09 16:22:29:132 Local queue size: 0
06/09 16:22:39:134 Local queue size: 0
06/09 16:22:49:148 Local queue size: 0
06/09 16:22:59:152 Local queue size: 0
06/09 16:23:09:159 Local queue size: 0
06/09 16:23:19:206 Local queue size: 0
06/09 16:23:29:209 Local queue size: 0
06/09 16:23:39:217 Local queue size: 0
06/09 16:23:49:219 Local queue size: 0
06/09 16:23:59:232 Local queue size: 0
06/09 16:24:09:291 Local queue size: 0
06/09 16:24:19:300 Local queue size: 0
06/09 16:24:29:308 Local queue size: 0
06/09 16:24:39:312 Local queue size: 0
06/09 16:24:49:314 Local queue size: 0
06/09 16:24:59:321 Local queue size: 0
06/09 16:25:09:328 Local queue size: 0
06/09 16:25:19:332 Local queue size: 0
06/09 16:25:29:333 Local queue size: 0
06/09 16:25:39:355 Local queue size: 0
06/09 16:25:49:392 Local queue size: 0
06/09 16:25:59:401 Local queue size: 0
06/09 16:26:09:409 Local queue size: 0
06/09 16:26:19:410 Local queue size: 0
06/09 16:26:29:412 Local queue size: 0
06/09 16:26:39:419 Local queue size: 0
06/09 16:26:49:426 Local queue size: 0
06/09 16:26:59:427 Local queue size: 0
06/09 16:27:09:435 Local queue size: 0
06/09 16:27:19:451 Local queue size: 0
06/09 16:27:29:455 Local queue size: 0
06/09 16:27:39:468 Local queue size: 0
06/09 16:27:49:500 Local queue size: 0
06/09 16:27:59:507 Local queue size: 0
06/09 16:28:09:552 Local queue size: 0
06/09 16:28:19:555 Local queue size: 0
06/09 16:28:29:564 Local queue size: 0
06/09 16:28:39:578 Local queue size: 0
06/09 16:28:49:583 Local queue size: 0
06/09 16:28:59:595 Local queue size: 0
06/09 16:29:09:602 Local queue size: 0
06/09 16:29:19:611 Local queue size: 0
06/09 16:29:29:613 Local queue size: 0
06/09 16:29:39:707 Local queue size: 0
06/09 16:29:49:711 Local queue size: 0
06/09 16:29:59:714 Local queue size: 0
06/09 16:32:20:471 OSA Callback started
06/09 16:32:24:238 Starting process session
06/09 16:32:24:339 Total 0 instances are started
06/09 16:32:24:340 Total 1 instances are added
06/09 16:32:34:505 Local queue size: 0
06/09 16:32:44:530 Local queue size: 0
06/09 16:32:54:554 Local queue size: 0
06/09 16:33:04:572 Local queue size: 0
06/09 16:33:14:575 Local queue size: 0
06/09 16:33:24:635 Local queue size: 0
06/09 16:33:34:655 Local queue size: 0
06/09 16:33:44:672 Local queue size: 0
06/09 16:33:54:673 Local queue size: 0
06/09 16:34:04:678 Local queue size: 0
06/09 16:34:14:685 Local queue size: 0
06/09 16:34:24:726 Local queue size: 0
06/09 16:34:34:731 Local queue size: 0
06/09 16:34:44:738 Local queue size: 0
06/09 16:34:54:761 Local queue size: 0
06/09 16:35:04:762 Local queue size: 0
06/09 16:40:34:889 OSA Callback started
06/09 16:40:38:448 Starting process session
06/09 16:40:38:555 Total 0 instances are started
06/09 16:40:38:555 Total 1 instances are added
06/09 16:40:48:677 Local queue size: 0
06/09 16:40:58:685 Local queue size: 0
06/09 16:41:08:725 Local queue size: 0
06/09 16:41:18:726 Local queue size: 0
06/09 16:41:28:793 Local queue size: 0
06/09 16:41:38:798 Local queue size: 0
06/09 16:41:48:838 Local queue size: 0
06/09 16:41:58:876 Local queue size: 0
06/09 16:42:08:878 Local queue size: 0
06/09 16:42:18:886 Local queue size: 0
06/09 16:42:36:125 OSA Callback started
06/09 16:42:36:911 Starting process session
06/09 16:42:37:016 Total 0 instances are started
06/09 16:42:37:017 Total 1 instances are added
06/09 16:42:47:154 Local queue size: 0
06/09 16:42:57:161 Local queue size: 0
06/09 16:43:07:230 Local queue size: 0
06/09 16:43:17:236 Local queue size: 0
06/09 16:43:27:261 Local queue size: 0
06/09 16:43:37:272 Local queue size: 0
06/09 16:43:47:273 Local queue size: 0
06/09 16:43:57:275 Local queue size: 0
06/09 16:44:07:365 Local queue size: 0
06/09 16:44:17:373 Local queue size: 0
06/09 16:44:27:381 Local queue size: 0
06/09 16:44:37:384 Local queue size: 0
06/09 16:44:47:403 Local queue size: 0
06/09 16:44:57:495 Local queue size: 0
06/09 16:45:07:504 Local queue size: 0
06/09 16:45:17:516 Local queue size: 0
06/09 16:45:27:530 Local queue size: 0
06/09 16:45:37:564 Local queue size: 0
06/09 16:45:47:577 Local queue size: 0
06/09 16:45:57:590 Local queue size: 0
06/09 16:46:07:591 Local queue size: 0
06/09 16:46:17:592 Local queue size: 0
06/09 16:46:27:682 Local queue size: 0
06/09 16:46:37:690 Local queue size: 0
06/09 16:46:47:691 Local queue size: 0
06/09 16:46:57:700 Local queue size: 0
06/09 16:47:07:753 Local queue size: 0
06/09 16:47:17:755 Local queue size: 0
06/09 16:47:27:757 Local queue size: 0
06/09 16:47:37:768 Local queue size: 0
06/09 16:47:47:851 Local queue size: 0
06/09 16:47:57:861 Local queue size: 0
06/09 16:48:07:889 Local queue size: 0
06/09 16:48:17:912 Local queue size: 0
06/09 16:48:27:918 Local queue size: 0
06/09 16:48:37:974 Local queue size: 0
06/09 16:48:47:979 Local queue size: 0
06/09 16:48:57:987 Local queue size: 0
06/09 16:49:08:022 Local queue size: 0
06/09 16:49:18:025 Local queue size: 0
06/09 16:49:28:034 Local queue size: 0
06/09 16:49:38:061 Local queue size: 0
06/09 16:49:48:086 Local queue size: 0
06/09 16:49:58:120 Local queue size: 0
06/09 16:50:08:129 Local queue size: 0
06/09 16:50:18:130 Local queue size: 0
06/09 16:50:28:143 Local queue size: 0
06/09 16:50:38:162 Local queue size: 0
06/09 16:50:48:180 Local queue size: 0
06/09 16:50:58:194 Local queue size: 0
06/09 16:51:08:196 Local queue size: 0
06/09 16:51:18:202 Local queue size: 0
06/09 16:51:28:232 Local queue size: 0
06/09 16:51:38:234 Local queue size: 0
06/09 16:51:48:273 Local queue size: 0
06/09 16:51:58:279 Local queue size: 0
06/09 16:52:08:281 Local queue size: 0
06/09 16:52:18:285 Local queue size: 0
06/09 16:52:28:287 Local queue size: 0
06/09 16:52:38:289 Local queue size: 0
06/09 16:52:48:294 Local queue size: 0
06/09 16:52:58:303 Local queue size: 0
06/09 16:53:08:304 Local queue size: 0
06/09 16:53:18:369 Local queue size: 0
06/09 16:53:28:380 Local queue size: 0
06/09 16:53:38:382 Local queue size: 0
06/09 16:53:48:383 Local queue size: 0
06/09 16:53:58:476 Local queue size: 0
06/09 16:54:08:497 Local queue size: 0
06/09 16:54:18:511 Local queue size: 0
06/09 16:54:28:523 Local queue size: 0
06/09 16:54:38:529 Local queue size: 0
06/09 16:54:48:563 Local queue size: 0
06/09 16:54:58:587 Local queue size: 0
06/09 16:55:08:591 Local queue size: 0
06/09 16:55:18:632 Local queue size: 0
06/09 16:55:28:633 Local queue size: 0
06/09 16:55:38:649 Local queue size: 0
06/09 16:55:48:734 Local queue size: 0
06/09 16:55:58:792 Local queue size: 0
06/09 16:56:08:807 Local queue size: 0
06/09 16:56:18:808 Local queue size: 0
06/09 16:56:28:812 Local queue size: 0
06/09 16:56:38:826 Local queue size: 0
06/09 16:56:48:924 Local queue size: 0
06/09 16:56:58:929 Local queue size: 0
06/09 16:57:08:938 Local queue size: 0
06/09 16:57:22:856 OSA Callback started
06/09 16:57:26:421 Starting process session
06/09 16:57:26:528 Total 0 instances are started
06/09 16:57:26:528 Total 1 instances are added
06/09 16:57:36:688 Local queue size: 0
06/09 16:57:46:720 Local queue size: 0
06/09 16:57:56:729 Local queue size: 0
06/09 16:58:06:815 Local queue size: 0
06/09 16:58:16:820 Local queue size: 0
06/09 16:58:26:830 Local queue size: 0
06/09 16:58:36:838 Local queue size: 0
06/09 16:58:46:842 Local queue size: 0
06/09 16:58:56:844 Local queue size: 0
06/09 16:59:06:861 Local queue size: 0
06/09 16:59:16:862 Local queue size: 0
06/09 16:59:26:865 Local queue size: 0
06/09 16:59:36:867 Local queue size: 0
06/09 16:59:46:881 Local queue size: 0
06/09 16:59:56:899 Local queue size: 0
06/09 17:00:06:903 Local queue size: 0
06/09 17:00:16:913 Local queue size: 0
06/09 17:00:26:915 Local queue size: 0
06/09 17:00:36:920 Local queue size: 0
06/09 17:00:46:936 Local queue size: 0
06/09 17:00:56:938 Local queue size: 0
06/09 17:01:06:946 Local queue size: 0
06/09 17:01:16:949 Local queue size: 0
06/09 17:01:26:956 Local queue size: 0
06/09 17:01:36:957 Local queue size: 0
06/09 17:01:46:959 Local queue size: 0
06/09 17:01:56:965 Local queue size: 0
06/09 17:02:06:967 Local queue size: 0
06/09 17:02:16:987 Local queue size: 0
06/09 17:02:27:010 Local queue size: 0
06/09 17:02:37:019 Local queue size: 0
06/09 17:02:47:030 Local queue size: 0
06/09 17:02:57:033 Local queue size: 0
06/09 17:03:07:044 Local queue size: 0
06/09 17:03:17:068 Local queue size: 0
06/09 17:03:27:080 Local queue size: 0
06/09 17:03:37:109 Local queue size: 0
06/09 17:03:47:167 Local queue size: 0
06/09 17:03:57:202 Local queue size: 0
06/09 17:04:35:757 OSA Callback started
06/09 17:04:39:240 Starting process session
06/09 17:04:39:341 Total 0 instances are started
06/09 17:04:39:341 Total 1 instances are added
06/09 17:04:49:463 Local queue size: 0
06/09 17:04:59:485 Local queue size: 0
06/09 17:05:09:495 Local queue size: 0
06/09 17:05:19:509 Local queue size: 0
06/09 17:05:29:545 Local queue size: 0
06/09 17:05:39:583 Local queue size: 0
06/09 17:05:49:587 Local queue size: 0
06/09 17:05:59:588 Local queue size: 0
06/09 17:06:09:592 Local queue size: 0
06/09 17:06:19:597 Local queue size: 0
06/09 17:06:29:599 Local queue size: 0
06/09 17:06:39:612 Local queue size: 0
06/09 17:06:49:618 Local queue size: 0
06/09 17:06:59:648 Local queue size: 0
06/09 17:07:09:649 Local queue size: 0
06/09 17:07:19:663 Local queue size: 0
06/09 17:07:29:702 Local queue size: 0
06/09 17:07:39:722 Local queue size: 0
06/09 17:07:49:724 Local queue size: 0
06/09 17:07:59:752 Local queue size: 0
06/09 17:08:09:756 Local queue size: 0
06/09 17:08:19:814 Local queue size: 0
06/09 17:08:29:818 Local queue size: 0
06/09 17:08:39:829 Local queue size: 0
06/09 17:08:49:842 Local queue size: 0
06/09 17:08:59:867 Local queue size: 0
06/09 17:09:09:869 Local queue size: 0
06/09 17:09:19:912 Local queue size: 0
06/09 17:09:29:918 Local queue size: 0
06/09 17:09:39:932 Local queue size: 0
06/09 17:09:49:937 Local queue size: 0
06/09 17:09:59:957 Local queue size: 0
06/09 17:10:10:011 Local queue size: 0
06/09 17:10:20:026 Local queue size: 0
06/09 17:10:30:031 Local queue size: 0
06/09 17:10:40:072 Local queue size: 0
06/09 17:10:50:081 Local queue size: 0
06/09 17:11:00:142 Local queue size: 0
06/09 17:11:10:179 Local queue size: 0
06/09 17:11:20:181 Local queue size: 0
06/09 17:11:30:184 Local queue size: 0
06/09 17:11:40:186 Local queue size: 0
06/09 17:11:50:284 Local queue size: 0
06/09 17:12:00:292 Local queue size: 0
06/09 17:12:10:294 Local queue size: 0
06/09 17:12:20:302 Local queue size: 0
06/09 17:12:30:306 Local queue size: 0
06/09 17:12:40:320 Local queue size: 0
06/09 17:12:50:323 Local queue size: 0
06/09 17:13:00:324 Local queue size: 0
06/09 17:13:10:326 Local queue size: 0
06/09 17:13:20:346 Local queue size: 0
06/09 17:13:30:358 Local queue size: 0
06/09 17:13:40:368 Local queue size: 0
06/09 17:13:50:370 Local queue size: 0
06/09 17:14:00:382 Local queue size: 0
06/09 17:14:10:383 Local queue size: 0
06/09 17:14:20:447 Local queue size: 0
06/09 17:14:30:449 Local queue size: 0
06/09 17:14:40:452 Local queue size: 0
06/09 17:14:50:463 Local queue size: 0
06/09 17:15:00:477 Local queue size: 0
06/09 17:15:10:513 Local queue size: 0
06/09 17:15:20:527 Local queue size: 0
06/09 17:15:30:533 Local queue size: 0
06/09 17:15:50:936 OSA Callback started
06/09 17:15:52:336 Starting process session
06/09 17:15:52:460 Total 0 instances are started
06/09 17:15:52:461 Total 1 instances are added
06/09 17:16:02:700 Local queue size: 0
06/09 17:16:12:701 Local queue size: 0
06/09 17:16:22:732 Local queue size: 0
06/09 17:16:32:763 Local queue size: 0
06/09 17:16:42:829 Local queue size: 0
06/09 17:17:05:655 OSA Callback started
06/09 17:17:07:777 Starting process session
06/09 17:17:08:485 Total 0 instances are started
06/09 17:17:08:485 Total 1 instances are added
06/09 17:17:18:648 Local queue size: 0
06/09 17:17:28:650 Local queue size: 0
06/09 17:17:38:691 Local queue size: 0
06/09 17:17:48:699 Local queue size: 0
06/09 17:17:58:761 Local queue size: 0
06/09 17:18:08:764 Local queue size: 0
06/09 17:18:18:766 Local queue size: 0
06/09 17:18:28:773 Local queue size: 0
06/09 17:18:38:779 Local queue size: 0
06/09 17:18:48:780 Local queue size: 0
06/09 17:18:58:783 Local queue size: 0
06/09 17:19:08:784 Local queue size: 0
06/09 17:19:18:787 Local queue size: 0
06/09 17:19:28:790 Local queue size: 0
06/09 17:19:38:791 Local queue size: 0
06/09 17:19:48:793 Local queue size: 0
06/09 17:19:58:795 Local queue size: 0
06/09 17:20:08:801 Local queue size: 0
06/09 17:20:18:819 Local queue size: 0
06/09 17:20:28:838 Local queue size: 0
06/09 17:20:38:839 Local queue size: 0
06/09 17:20:48:842 Local queue size: 0
06/09 17:20:58:849 Local queue size: 0
06/09 17:21:08:851 Local queue size: 0
06/09 17:21:18:855 Local queue size: 0
06/09 17:21:28:858 Local queue size: 0
06/09 17:21:38:860 Local queue size: 0
06/09 17:21:48:930 Local queue size: 0
06/09 17:21:58:931 Local queue size: 0
06/09 17:22:08:934 Local queue size: 0
06/09 17:22:18:937 Local queue size: 0
06/09 17:22:28:957 Local queue size: 0
06/09 17:22:38:996 Local queue size: 0
06/09 17:22:48:999 Local queue size: 0
06/09 17:22:59:000 Local queue size: 0
06/09 17:23:09:100 Local queue size: 0
06/09 17:23:19:103 Local queue size: 0
06/09 17:23:29:107 Local queue size: 0
06/09 17:23:39:113 Local queue size: 0
06/09 17:23:49:115 Local queue size: 0
06/09 17:23:59:193 Local queue size: 0
06/09 17:24:09:195 Local queue size: 0
06/09 17:24:19:196 Local queue size: 0
06/09 17:24:29:201 Local queue size: 0
06/09 17:24:39:204 Local queue size: 0
06/09 17:24:49:258 Local queue size: 0
06/09 17:24:59:266 Local queue size: 0
06/09 17:25:09:271 Local queue size: 0
06/09 17:25:19:285 Local queue size: 0
06/09 17:25:29:308 Local queue size: 0
06/09 17:25:39:346 Local queue size: 0
06/09 17:25:49:358 Local queue size: 0
06/09 17:25:59:369 Local queue size: 0
06/09 17:26:09:377 Local queue size: 0
06/09 17:26:19:404 Local queue size: 0
06/09 17:26:29:407 Local queue size: 0
06/09 17:26:39:419 Local queue size: 0
06/09 17:26:49:421 Local queue size: 0
06/09 17:26:59:422 Local queue size: 0
06/09 17:27:09:495 Local queue size: 0
06/09 17:27:19:496 Local queue size: 0
06/09 17:27:29:502 Local queue size: 0
06/09 17:27:39:510 Local queue size: 0
06/09 17:27:49:610 Local queue size: 0
06/09 17:27:59:676 Local queue size: 0
06/09 17:28:09:776 Local queue size: 0
06/09 17:28:19:778 Local queue size: 0
06/09 17:28:29:786 Local queue size: 0
06/09 17:28:39:789 Local queue size: 0
06/09 17:28:49:795 Local queue size: 0
06/09 17:28:59:802 Local queue size: 0
06/09 17:29:09:807 Local queue size: 0
06/09 17:29:19:907 Local queue size: 0
06/09 17:29:29:970 Local queue size: 0
06/09 17:29:39:971 Local queue size: 0
06/09 17:29:50:071 Local queue size: 0
06/09 17:30:00:078 Local queue size: 0
06/09 17:30:14:677 OSA Callback started
06/09 17:30:18:106 Starting process session
06/09 17:30:18:293 Total 0 instances are started
06/09 17:30:18:295 Total 1 instances are added
06/09 17:30:28:472 Local queue size: 0
06/09 17:30:38:538 Local queue size: 0
06/09 17:30:48:545 Local queue size: 0
06/09 17:30:58:559 Local queue size: 0
06/09 17:31:08:564 Local queue size: 0
06/09 17:31:18:572 Local queue size: 0
06/09 17:31:28:579 Local queue size: 0
06/09 17:31:38:590 Local queue size: 0
06/09 17:31:48:609 Local queue size: 0
06/09 17:31:58:640 Local queue size: 0
06/09 17:32:08:665 Local queue size: 0
06/09 17:32:18:671 Local queue size: 0
06/09 17:32:28:677 Local queue size: 0
06/09 17:32:38:679 Local queue size: 0
06/09 17:32:48:682 Local queue size: 0
06/09 17:32:58:711 Local queue size: 0
06/09 17:33:02:908 OSA Callback started
06/09 17:33:04:877 Starting process session
06/09 17:33:05:125 Total 0 instances are started
06/09 17:33:05:126 Total 1 instances are added
06/09 17:33:15:395 Local queue size: 0
06/09 17:33:25:418 Local queue size: 0
06/09 17:33:35:469 Local queue size: 0
06/09 17:33:45:497 Local queue size: 0
06/09 17:33:58:280 OSA Callback started
06/09 17:33:59:796 Starting process session
06/09 17:33:59:907 Total 0 instances are started
06/09 17:33:59:907 Total 1 instances are added
06/09 17:34:10:109 Local queue size: 0
06/09 17:34:20:120 Local queue size: 0
06/09 17:34:30:140 Local queue size: 0
06/09 17:34:40:142 Local queue size: 0
06/09 17:34:50:144 Local queue size: 0
06/09 17:35:00:151 Local queue size: 0
06/09 17:35:10:155 Local queue size: 0
06/09 17:35:20:157 Local queue size: 0
06/09 17:35:30:159 Local queue size: 0
06/09 17:35:40:161 Local queue size: 0
06/09 17:35:50:167 Local queue size: 0
06/09 17:36:00:174 Local queue size: 0
06/09 17:36:10:179 Local queue size: 0
06/09 17:36:20:180 Local queue size: 0
06/09 17:36:30:182 Local queue size: 0
06/09 17:36:40:184 Local queue size: 0
06/09 17:36:50:272 Local queue size: 0
06/09 17:37:00:277 Local queue size: 0
06/09 17:37:10:279 Local queue size: 0
06/09 17:37:20:281 Local queue size: 0
06/09 17:37:30:288 Local queue size: 0
06/09 17:37:40:290 Local queue size: 0
06/09 17:37:50:293 Local queue size: 0
06/09 17:38:00:298 Local queue size: 0
06/09 17:38:22:339 OSA Callback started
06/09 17:38:24:460 Starting process session
06/09 17:38:24:686 Total 0 instances are started
06/09 17:38:24:688 Total 1 instances are added
06/09 17:38:35:153 Local queue size: 0
06/09 17:38:45:167 Local queue size: 0
06/09 17:38:55:170 Local queue size: 0
06/09 17:39:05:193 Local queue size: 0
06/09 17:39:15:283 Local queue size: 0
06/09 17:39:25:293 Local queue size: 0
06/09 17:39:35:300 Local queue size: 0
06/09 17:39:45:400 Local queue size: 0
06/09 17:39:55:402 Local queue size: 0
06/09 17:40:05:502 Local queue size: 0
06/09 17:40:15:504 Local queue size: 0
06/09 17:40:25:506 Local queue size: 0
06/09 17:40:35:535 Local queue size: 0
06/09 17:40:45:541 Local queue size: 0
06/09 17:40:55:549 Local queue size: 0
06/09 17:41:05:554 Local queue size: 0
06/09 17:41:15:587 Local queue size: 0
06/09 17:41:25:619 Local queue size: 0
06/09 17:41:35:622 Local queue size: 0
06/09 17:41:45:623 Local queue size: 0
06/09 17:41:55:666 Local queue size: 0
06/09 17:42:05:678 Local queue size: 0
06/09 17:42:15:683 Local queue size: 0
06/09 17:42:25:686 Local queue size: 0
06/09 17:42:35:705 Local queue size: 0
06/09 17:42:45:718 Local queue size: 0
06/09 17:42:55:720 Local queue size: 0
06/09 17:43:05:724 Local queue size: 0
06/09 17:43:15:779 Local queue size: 0
06/09 17:43:25:781 Local queue size: 0
06/09 17:43:35:786 Local queue size: 0
06/09 17:43:45:793 Local queue size: 0
06/09 17:43:55:875 Local queue size: 0
06/09 17:44:05:904 Local queue size: 0
06/09 17:44:15:911 Local queue size: 0
06/09 17:44:25:917 Local queue size: 0
06/09 17:44:35:919 Local queue size: 0
06/09 17:44:45:925 Local queue size: 0
06/09 17:44:56:015 Local queue size: 0
06/09 17:45:06:019 Local queue size: 0
06/09 17:45:16:021 Local queue size: 0
06/09 17:45:26:119 Local queue size: 0
06/09 17:45:36:140 Local queue size: 0
06/09 17:45:46:148 Local queue size: 0
06/09 17:45:56:149 Local queue size: 0
06/09 17:46:06:183 Local queue size: 0
06/09 17:46:16:187 Local queue size: 0
06/09 17:46:26:188 Local queue size: 0
06/09 17:46:36:190 Local queue size: 0
06/09 17:46:46:247 Local queue size: 0
06/09 17:46:56:267 Local queue size: 0
06/09 17:47:06:272 Local queue size: 0
06/09 17:47:16:282 Local queue size: 0
06/09 17:47:26:285 Local queue size: 0
06/09 17:47:36:385 Local queue size: 0
06/09 17:47:46:389 Local queue size: 0
06/09 17:47:56:390 Local queue size: 0
06/09 17:48:06:398 Local queue size: 0
06/09 17:48:16:444 Local queue size: 0
06/09 17:48:26:450 Local queue size: 0
06/09 17:48:36:452 Local queue size: 0
06/09 17:48:46:477 Local queue size: 0
06/09 17:48:56:483 Local queue size: 0
06/09 17:49:06:490 Local queue size: 0
06/09 17:49:16:495 Local queue size: 0
06/09 17:49:26:502 Local queue size: 0
06/09 17:49:36:580 Local queue size: 0
06/09 17:49:46:588 Local queue size: 0
06/09 17:49:56:600 Local queue size: 0
06/09 17:50:06:602 Local queue size: 0
06/09 17:50:16:607 Local queue size: 0
06/09 17:50:26:616 Local queue size: 0
06/09 17:50:36:622 Local queue size: 0
06/09 17:50:46:626 Local queue size: 0
06/09 17:50:56:676 Local queue size: 0
06/09 17:51:06:678 Local queue size: 0
06/09 17:51:16:683 Local queue size: 0
06/09 17:51:26:693 Local queue size: 0
06/09 17:51:36:696 Local queue size: 0
06/09 17:51:46:706 Local queue size: 0
06/09 17:51:56:712 Local queue size: 0
06/09 17:52:06:732 Local queue size: 0
06/09 17:52:16:744 Local queue size: 0
06/09 17:52:26:751 Local queue size: 0
06/09 17:52:36:761 Local queue size: 0
06/09 17:52:46:766 Local queue size: 0
06/09 17:52:56:773 Local queue size: 0
06/09 17:53:06:784 Local queue size: 0
06/09 17:53:16:800 Local queue size: 0
06/09 17:53:26:817 Local queue size: 0
06/09 17:53:36:829 Local queue size: 0
06/09 17:53:46:846 Local queue size: 0
06/09 17:53:56:864 Local queue size: 0
06/09 17:54:06:951 Local queue size: 0
06/09 17:54:16:956 Local queue size: 0
06/09 17:54:26:995 Local queue size: 0
06/09 17:54:37:002 Local queue size: 0
06/09 17:54:47:009 Local queue size: 0
06/09 17:54:57:011 Local queue size: 0
06/09 17:55:07:022 Local queue size: 0
06/09 17:55:17:030 Local queue size: 0
06/09 17:55:27:043 Local queue size: 0
06/09 17:55:37:056 Local queue size: 0
06/09 17:55:47:059 Local queue size: 0
06/09 17:55:57:061 Local queue size: 0
06/09 17:56:07:062 Local queue size: 0
06/09 17:56:17:103 Local queue size: 0
06/09 17:56:27:112 Local queue size: 0
06/09 17:56:37:126 Local queue size: 0
06/09 17:56:47:160 Local queue size: 0
06/09 17:56:57:256 Local queue size: 0
06/09 17:57:07:272 Local queue size: 0
06/09 17:57:17:345 Local queue size: 0
06/09 17:57:27:347 Local queue size: 0
06/09 17:57:37:351 Local queue size: 0
06/09 17:57:47:352 Local queue size: 0
06/09 17:57:57:365 Local queue size: 0
06/09 17:58:20:200 OSA Callback started
06/09 17:58:21:707 Starting process session
06/09 17:58:21:907 Total 0 instances are started
06/09 17:58:21:909 Total 1 instances are added
06/09 17:58:32:120 Local queue size: 0
06/09 17:58:42:130 Local queue size: 0
06/09 17:58:52:215 Local queue size: 0
06/09 17:59:02:225 Local queue size: 0
06/09 17:59:12:232 Local queue size: 0
06/09 17:59:22:254 Local queue size: 0
06/09 17:59:32:259 Local queue size: 0
06/09 17:59:42:261 Local queue size: 0
06/09 17:59:52:262 Local queue size: 0
06/09 18:00:02:359 Local queue size: 0
06/09 18:00:12:360 Local queue size: 0
06/09 18:00:22:362 Local queue size: 0
06/09 18:00:32:379 Local queue size: 0
06/09 18:00:42:412 Local queue size: 0
06/09 18:00:52:422 Local queue size: 0
06/09 18:01:02:425 Local queue size: 0
06/09 18:01:12:427 Local queue size: 0
06/09 18:01:22:458 Local queue size: 0
06/09 18:01:32:460 Local queue size: 0
06/09 18:01:42:462 Local queue size: 0
06/09 18:01:52:464 Local queue size: 0
06/09 18:04:35:455 OSA Callback started
06/09 18:04:38:224 Starting process session
06/09 18:04:38:474 Total 0 instances are started
06/09 18:04:38:475 Total 1 instances are added
06/09 18:04:48:749 Local queue size: 0
06/09 18:04:58:756 Local queue size: 0
06/09 18:05:08:758 Local queue size: 0
06/09 18:05:18:780 Local queue size: 0
06/09 18:05:28:782 Local queue size: 0
06/09 18:05:38:786 Local queue size: 0
06/09 18:05:48:822 Local queue size: 0
06/09 18:05:58:823 Local queue size: 0
06/09 18:06:08:840 Local queue size: 0
06/09 18:06:18:849 Local queue size: 0
06/09 18:06:28:854 Local queue size: 0
06/09 18:06:38:877 Local queue size: 0
06/09 18:06:48:882 Local queue size: 0
06/09 18:06:58:884 Local queue size: 0
06/09 18:07:08:886 Local queue size: 0
06/09 18:07:18:888 Local queue size: 0
06/09 18:07:28:889 Local queue size: 0
06/09 18:07:38:892 Local queue size: 0
06/09 18:07:48:893 Local queue size: 0
06/09 18:07:58:895 Local queue size: 0
06/09 18:08:08:900 Local queue size: 0
06/09 18:08:18:961 Local queue size: 0
06/09 18:08:28:978 Local queue size: 0
06/09 18:08:38:980 Local queue size: 0
06/09 18:08:49:017 Local queue size: 0
06/09 18:08:59:027 Local queue size: 0
06/09 18:09:09:044 Local queue size: 0
06/09 18:09:19:050 Local queue size: 0
06/09 18:09:29:051 Local queue size: 0
06/09 18:09:39:055 Local queue size: 0
06/09 18:09:49:095 Local queue size: 0
06/09 18:10:06:755 OSA Callback started
06/09 18:10:10:352 Starting process session
06/09 18:10:10:455 Total 0 instances are started
06/09 18:10:10:456 Total 1 instances are added
06/09 18:10:20:562 Local queue size: 0
06/09 18:10:30:569 Local queue size: 0
06/09 18:10:40:572 Local queue size: 0
06/09 18:10:50:602 Local queue size: 0
06/09 18:11:00:696 Local queue size: 0
06/09 18:11:10:699 Local queue size: 0
06/09 18:11:20:701 Local queue size: 0
06/09 18:11:30:704 Local queue size: 0
06/09 18:11:40:770 Local queue size: 0
06/09 18:11:50:775 Local queue size: 0
06/09 18:12:00:798 Local queue size: 0
06/09 18:12:10:803 Local queue size: 0
06/09 18:12:20:875 Local queue size: 0
06/09 18:12:30:881 Local queue size: 0
06/09 18:12:40:893 Local queue size: 0
06/09 18:12:50:899 Local queue size: 0
06/09 18:13:00:970 Local queue size: 0
06/09 18:13:10:982 Local queue size: 0
06/09 18:13:20:991 Local queue size: 0
06/09 18:13:30:992 Local queue size: 0
06/09 18:13:41:048 Local queue size: 0
06/09 18:13:51:057 Local queue size: 0
06/09 18:14:01:070 Local queue size: 0
06/09 18:14:11:076 Local queue size: 0
06/09 18:14:21:084 Local queue size: 0
06/09 18:14:31:091 Local queue size: 0
06/09 18:14:41:095 Local queue size: 0
06/09 18:14:51:097 Local queue size: 0
06/09 18:15:01:150 Local queue size: 0
06/09 18:15:11:158 Local queue size: 0
