30/08 08:35:36:963 OSA Callback started
30/08 08:35:39:857 Starting process session
30/08 08:35:39:968 Total 0 instances are started
30/08 08:35:39:970 Total 1 instances are added
30/08 08:35:50:200 Local queue size: 0
30/08 08:36:00:207 Local queue size: 0
30/08 08:36:10:212 Local queue size: 0
30/08 08:36:20:218 Local queue size: 0
30/08 08:36:30:229 Local queue size: 0
30/08 08:36:40:272 Local queue size: 0
30/08 08:36:50:278 Local queue size: 0
30/08 08:37:00:335 Local queue size: 0
30/08 08:37:10:344 Local queue size: 0
30/08 08:37:20:404 Local queue size: 0
30/08 08:37:30:410 Local queue size: 0
30/08 08:37:40:412 Local queue size: 0
30/08 08:37:50:429 Local queue size: 0
30/08 08:38:00:430 Local queue size: 0
30/08 08:38:10:441 Local queue size: 0
30/08 08:38:20:442 Local queue size: 0
30/08 08:38:30:444 Local queue size: 0
30/08 08:38:40:451 Local queue size: 0
30/08 08:38:50:464 Local queue size: 0
30/08 08:39:00:469 Local queue size: 0
30/08 08:39:10:471 Local queue size: 0
30/08 08:39:20:496 Local queue size: 0
30/08 08:39:30:502 Local queue size: 0
30/08 08:39:40:511 Local queue size: 0
30/08 08:39:50:526 Local queue size: 0
30/08 08:40:00:622 Local queue size: 0
30/08 08:40:10:635 Local queue size: 0
30/08 08:40:20:648 Local queue size: 0
30/08 08:40:30:656 Local queue size: 0
30/08 08:40:40:692 Local queue size: 0
30/08 08:40:50:701 Local queue size: 0
30/08 08:41:00:709 Local queue size: 0
30/08 08:41:10:713 Local queue size: 0
30/08 08:41:20:777 Local queue size: 0
30/08 08:41:30:778 Local queue size: 0
30/08 08:41:40:783 Local queue size: 0
30/08 08:41:50:795 Local queue size: 0
30/08 08:42:00:811 Local queue size: 0
30/08 08:42:10:833 Local queue size: 0
30/08 08:42:20:880 Local queue size: 0
30/08 08:42:30:902 Local queue size: 0
30/08 08:42:40:918 Local queue size: 0
30/08 08:42:50:928 Local queue size: 0
30/08 08:43:01:020 Local queue size: 0
30/08 08:43:11:028 Local queue size: 0
30/08 08:43:21:043 Local queue size: 0
30/08 08:43:31:047 Local queue size: 0
30/08 08:43:41:049 Local queue size: 0
30/08 08:43:51:054 Local queue size: 0
30/08 08:44:01:077 Local queue size: 0
30/08 08:44:11:083 Local queue size: 0
30/08 08:44:21:085 Local queue size: 0
30/08 08:44:31:097 Local queue size: 0
30/08 08:44:41:107 Local queue size: 0
30/08 08:44:51:114 Local queue size: 0
30/08 08:45:01:116 Local queue size: 0
30/08 08:45:11:125 Local queue size: 0
30/08 08:45:21:126 Local queue size: 0
30/08 08:45:31:136 Local queue size: 0
30/08 08:45:41:212 Local queue size: 0
30/08 08:45:51:244 Local queue size: 0
30/08 08:46:01:263 Local queue size: 0
30/08 08:46:11:275 Local queue size: 0
30/08 08:46:21:277 Local queue size: 0
30/08 08:46:40:278 OSA Callback started
30/08 08:46:43:848 Starting process session
30/08 08:46:43:950 Total 0 instances are started
30/08 08:46:43:953 Total 1 instances are added
30/08 08:46:54:132 Local queue size: 0
30/08 08:47:04:133 Local queue size: 0
30/08 08:47:14:168 Local queue size: 0
30/08 08:47:24:179 Local queue size: 0
30/08 08:47:34:183 Local queue size: 0
30/08 08:47:44:195 Local queue size: 0
30/08 08:47:54:200 Local queue size: 0
30/08 08:48:04:217 Local queue size: 0
30/08 08:49:51:028 OSA Callback started
30/08 08:49:53:759 Starting process session
30/08 08:49:54:784 Total 0 instances are started
30/08 08:49:54:784 Total 1 instances are added
30/08 08:50:04:995 Local queue size: 0
30/08 08:50:14:997 Local queue size: 0
30/08 08:50:25:005 Local queue size: 0
30/08 08:50:35:015 Local queue size: 0
30/08 08:50:45:017 Local queue size: 0
30/08 08:53:16:198 OSA Callback started
30/08 08:53:19:816 Starting process session
30/08 08:53:19:940 Total 0 instances are started
30/08 08:53:19:954 Total 1 instances are added
30/08 08:53:30:096 Local queue size: 0
30/08 08:53:40:156 Local queue size: 0
30/08 08:53:50:188 Local queue size: 0
30/08 08:54:00:195 Local queue size: 0
30/08 08:54:10:235 Local queue size: 0
30/08 08:54:20:236 Local queue size: 0
30/08 08:54:30:238 Local queue size: 0
30/08 08:54:40:247 Local queue size: 0
30/08 08:54:50:278 Local queue size: 0
30/08 08:55:00:279 Local queue size: 0
30/08 08:55:10:315 Local queue size: 0
30/08 08:55:20:322 Local queue size: 0
30/08 08:55:30:410 Local queue size: 0
30/08 08:55:42:788 OSA Callback started
30/08 08:55:46:393 Starting process session
30/08 08:55:46:508 Total 0 instances are started
30/08 08:55:46:508 Total 1 instances are added
30/08 08:55:56:674 Local queue size: 0
30/08 08:56:06:774 Local queue size: 0
30/08 08:56:16:776 Local queue size: 0
30/08 08:56:26:876 Local queue size: 0
30/08 08:56:36:881 Local queue size: 0
30/08 08:56:51:236 OSA Callback started
30/08 08:56:52:056 Starting process session
30/08 08:56:52:168 Total 0 instances are started
30/08 08:56:52:169 Total 1 instances are added
30/08 08:57:02:293 Local queue size: 0
30/08 08:57:12:303 Local queue size: 0
30/08 08:57:22:308 Local queue size: 0
30/08 08:57:32:311 Local queue size: 0
30/08 08:57:42:323 Local queue size: 0
30/08 08:58:53:701 OSA Callback started
30/08 08:58:55:577 Starting process session
30/08 08:58:56:281 Total 0 instances are started
30/08 08:58:56:285 Total 1 instances are added
30/08 08:59:06:798 Local queue size: 0
30/08 08:59:16:800 Local queue size: 0
30/08 08:59:26:814 Local queue size: 0
30/08 08:59:36:855 Local queue size: 0
30/08 08:59:46:875 Local queue size: 0
30/08 08:59:56:883 Local queue size: 0
30/08 09:00:06:941 Local queue size: 0
30/08 09:00:16:981 Local queue size: 0
30/08 09:00:27:017 Local queue size: 0
30/08 09:00:37:027 Local queue size: 0
30/08 09:00:47:120 Local queue size: 0
30/08 09:00:57:122 Local queue size: 0
30/08 09:01:07:140 Local queue size: 0
30/08 09:01:17:142 Local queue size: 0
30/08 09:01:27:228 Local queue size: 0
30/08 09:01:37:246 Local queue size: 0
30/08 09:01:47:264 Local queue size: 0
30/08 09:01:57:275 Local queue size: 0
30/08 09:02:07:289 Local queue size: 0
30/08 09:02:49:484 OSA Callback started
30/08 09:02:52:681 Starting process session
30/08 09:02:53:097 Total 0 instances are started
30/08 09:02:53:097 Total 1 instances are added
30/08 09:03:03:244 Local queue size: 0
30/08 09:03:13:247 Local queue size: 0
30/08 09:03:23:276 Local queue size: 0
30/08 09:03:35:158 OSA Callback started
30/08 09:03:38:627 Starting process session
30/08 09:03:38:739 Total 0 instances are started
30/08 09:03:38:740 Total 1 instances are added
30/08 09:03:48:851 Local queue size: 0
30/08 09:03:58:861 Local queue size: 0
30/08 09:04:08:886 Local queue size: 0
30/08 09:04:18:891 Local queue size: 0
30/08 09:04:28:894 Local queue size: 0
30/08 09:04:38:896 Local queue size: 0
30/08 09:04:48:934 Local queue size: 0
30/08 09:04:58:936 Local queue size: 0
30/08 09:05:08:937 Local queue size: 0
30/08 09:05:18:939 Local queue size: 0
30/08 09:05:28:982 Local queue size: 0
30/08 09:05:38:984 Local queue size: 0
30/08 09:05:48:987 Local queue size: 0
30/08 09:05:58:988 Local queue size: 0
30/08 09:06:09:027 Local queue size: 0
30/08 09:06:19:028 Local queue size: 0
30/08 09:06:29:031 Local queue size: 0
30/08 09:06:39:033 Local queue size: 0
30/08 09:06:49:118 Local queue size: 0
30/08 09:06:59:120 Local queue size: 0
30/08 09:07:09:122 Local queue size: 0
30/08 09:07:19:137 Local queue size: 0
30/08 09:08:14:992 OSA Callback started
30/08 09:08:18:720 Starting process session
30/08 09:08:18:832 Total 0 instances are started
30/08 09:08:18:832 Total 1 instances are added
30/08 09:08:29:014 Local queue size: 0
30/08 09:08:39:023 Local queue size: 0
30/08 09:08:49:028 Local queue size: 0
30/08 09:08:59:032 Local queue size: 0
30/08 09:09:09:097 Local queue size: 0
30/08 09:09:19:115 Local queue size: 0
30/08 09:09:29:116 Local queue size: 0
30/08 09:09:43:410 OSA Callback started
30/08 09:09:46:761 Starting process session
30/08 09:09:46:902 Total 0 instances are started
30/08 09:09:46:902 Total 1 instances are added
30/08 09:09:57:178 Local queue size: 0
30/08 09:10:07:192 Local queue size: 0
30/08 09:10:17:216 Local queue size: 0
30/08 09:10:27:219 Local queue size: 0
30/08 09:10:37:234 Local queue size: 0
30/08 09:10:47:276 Local queue size: 0
30/08 09:10:57:278 Local queue size: 0
30/08 09:11:07:304 Local queue size: 0
30/08 09:11:17:312 Local queue size: 0
30/08 09:11:27:314 Local queue size: 0
30/08 09:11:37:315 Local queue size: 0
30/08 09:11:47:325 Local queue size: 0
30/08 09:11:57:327 Local queue size: 0
30/08 09:12:07:328 Local queue size: 0
30/08 09:12:17:344 Local queue size: 0
30/08 09:12:27:352 Local queue size: 0
30/08 09:12:37:358 Local queue size: 0
30/08 09:12:47:360 Local queue size: 0
30/08 09:12:57:379 Local queue size: 0
30/08 09:13:07:426 Local queue size: 0
30/08 09:13:21:906 OSA Callback started
30/08 09:13:22:702 Starting process session
30/08 09:13:22:829 Total 0 instances are started
30/08 09:13:22:830 Total 1 instances are added
30/08 09:13:32:968 Local queue size: 0
30/08 09:13:43:019 Local queue size: 0
30/08 09:13:53:028 Local queue size: 0
30/08 09:14:03:065 Local queue size: 0
30/08 09:14:13:077 Local queue size: 0
30/08 09:14:23:175 Local queue size: 0
30/08 09:14:33:179 Local queue size: 0
30/08 09:14:47:447 OSA Callback started
30/08 09:14:50:716 Starting process session
30/08 09:14:51:121 Total 0 instances are started
30/08 09:14:51:124 Total 1 instances are added
30/08 09:15:01:246 Local queue size: 0
30/08 09:15:11:315 Local queue size: 0
30/08 09:15:21:341 Local queue size: 0
30/08 09:15:31:343 Local queue size: 0
30/08 09:15:41:348 Local queue size: 0
30/08 09:15:51:351 Local queue size: 0
30/08 09:16:01:376 Local queue size: 0
30/08 09:16:11:393 Local queue size: 0
30/08 09:16:21:402 Local queue size: 0
30/08 09:16:31:413 Local queue size: 0
30/08 09:16:41:420 Local queue size: 0
30/08 09:16:51:421 Local queue size: 0
30/08 09:17:01:425 Local queue size: 0
30/08 09:17:11:446 Local queue size: 0
30/08 09:17:21:450 Local queue size: 0
30/08 09:17:31:479 Local queue size: 0
30/08 09:17:46:531 OSA Callback started
30/08 09:17:50:149 Starting process session
30/08 09:17:50:250 Total 0 instances are started
30/08 09:17:50:251 Total 1 instances are added
30/08 09:18:00:388 Local queue size: 0
30/08 09:18:10:452 Local queue size: 0
30/08 09:18:20:465 Local queue size: 0
30/08 09:18:30:471 Local queue size: 0
30/08 09:18:40:473 Local queue size: 0
30/08 09:18:50:478 Local queue size: 0
30/08 09:19:00:480 Local queue size: 0
30/08 09:19:10:485 Local queue size: 0
30/08 09:19:20:487 Local queue size: 0
30/08 09:19:30:489 Local queue size: 0
30/08 09:19:40:490 Local queue size: 0
30/08 09:19:50:510 Local queue size: 0
30/08 09:20:00:511 Local queue size: 0
30/08 09:20:10:517 Local queue size: 0
30/08 09:20:20:547 Local queue size: 0
30/08 09:20:30:553 Local queue size: 0
30/08 09:20:40:558 Local queue size: 0
30/08 09:20:50:561 Local queue size: 0
30/08 09:21:00:604 Local queue size: 0
30/08 09:21:10:625 Local queue size: 0
30/08 09:21:20:639 Local queue size: 0
30/08 09:21:30:644 Local queue size: 0
30/08 09:21:40:660 Local queue size: 0
30/08 09:21:50:739 Local queue size: 0
30/08 09:21:57:162 OSA Callback started
30/08 09:22:00:856 Starting process session
30/08 09:22:00:957 Total 0 instances are started
30/08 09:22:00:958 Total 1 instances are added
30/08 09:22:11:065 Local queue size: 0
30/08 09:22:21:072 Local queue size: 0
30/08 09:22:40:246 OSA Callback started
30/08 09:22:42:276 Starting process session
30/08 09:22:43:374 Total 0 instances are started
30/08 09:22:43:375 Total 1 instances are added
30/08 09:22:54:157 Local queue size: 0
30/08 09:23:04:159 Local queue size: 0
30/08 09:23:14:164 Local queue size: 0
30/08 09:23:24:186 Local queue size: 0
30/08 09:23:34:277 Local queue size: 0
30/08 09:23:44:284 Local queue size: 0
30/08 09:23:54:286 Local queue size: 0
30/08 09:24:04:329 Local queue size: 0
30/08 09:24:14:350 Local queue size: 0
30/08 09:24:24:354 Local queue size: 0
30/08 09:24:34:356 Local queue size: 0
30/08 09:24:44:358 Local queue size: 0
30/08 09:24:54:380 Local queue size: 0
30/08 09:25:04:468 Local queue size: 0
30/08 09:25:14:484 Local queue size: 0
30/08 09:25:24:497 Local queue size: 0
30/08 09:25:34:498 Local queue size: 0
30/08 09:25:44:500 Local queue size: 0
30/08 09:25:54:502 Local queue size: 0
30/08 09:26:04:535 Local queue size: 0
30/08 09:26:14:616 Local queue size: 0
30/08 09:26:24:638 Local queue size: 0
30/08 09:26:34:650 Local queue size: 0
30/08 09:26:44:683 Local queue size: 0
30/08 09:26:54:686 Local queue size: 0
30/08 09:27:04:692 Local queue size: 0
30/08 09:27:14:703 Local queue size: 0
30/08 09:27:48:863 OSA Callback started
30/08 09:27:52:371 Starting process session
30/08 09:27:52:473 Total 0 instances are started
30/08 09:27:52:476 Total 1 instances are added
30/08 09:28:02:676 Local queue size: 0
30/08 09:28:12:707 Local queue size: 0
30/08 09:28:22:711 Local queue size: 0
30/08 09:28:32:716 Local queue size: 0
30/08 09:28:42:717 Local queue size: 0
30/08 09:28:52:721 Local queue size: 0
30/08 09:29:02:722 Local queue size: 0
30/08 09:29:12:725 Local queue size: 0
30/08 09:29:22:734 Local queue size: 0
30/08 09:29:32:814 Local queue size: 0
30/08 09:29:42:816 Local queue size: 0
30/08 09:29:52:817 Local queue size: 0
30/08 09:30:02:822 Local queue size: 0
30/08 09:30:12:888 Local queue size: 0
30/08 09:30:22:891 Local queue size: 0
30/08 09:30:40:770 OSA Callback started
30/08 09:30:44:476 Starting process session
30/08 09:30:44:578 Total 0 instances are started
30/08 09:30:44:578 Total 1 instances are added
30/08 09:30:54:759 Local queue size: 0
30/08 09:31:04:768 Local queue size: 0
30/08 09:31:14:775 Local queue size: 0
30/08 09:31:24:847 Local queue size: 0
30/08 09:31:34:857 Local queue size: 0
30/08 09:31:44:861 Local queue size: 0
30/08 09:31:54:866 Local queue size: 0
30/08 09:32:04:875 Local queue size: 0
30/08 09:32:14:877 Local queue size: 0
30/08 09:32:24:880 Local queue size: 0
30/08 09:32:34:892 Local queue size: 0
30/08 09:32:44:922 Local queue size: 0
30/08 09:32:54:991 Local queue size: 0
30/08 09:33:05:014 Local queue size: 0
30/08 09:33:15:036 Local queue size: 0
30/08 09:33:25:050 Local queue size: 0
30/08 09:33:35:141 Local queue size: 0
30/08 09:33:45:144 Local queue size: 0
30/08 09:33:55:146 Local queue size: 0
30/08 09:34:05:157 Local queue size: 0
30/08 09:34:21:075 OSA Callback started
30/08 09:34:23:718 Starting process session
30/08 09:34:24:841 Total 0 instances are started
30/08 09:34:24:841 Total 1 instances are added
30/08 09:34:34:949 Local queue size: 0
30/08 09:34:44:959 Local queue size: 0
30/08 09:34:54:961 Local queue size: 0
30/08 09:35:03:899 OSA Callback started
30/08 09:35:09:674 Starting process session
30/08 09:35:09:775 Total 0 instances are started
30/08 09:35:09:776 Total 1 instances are added
30/08 09:35:19:940 Local queue size: 0
30/08 09:35:29:947 Local queue size: 0
30/08 09:35:39:950 Local queue size: 0
30/08 09:35:49:958 Local queue size: 0
30/08 09:35:59:966 Local queue size: 0
30/08 09:36:10:037 Local queue size: 0
30/08 09:36:20:046 Local queue size: 0
30/08 09:36:30:066 Local queue size: 0
30/08 09:36:40:160 Local queue size: 0
30/08 09:36:50:170 Local queue size: 0
30/08 09:37:00:172 Local queue size: 0
30/08 09:37:10:221 Local queue size: 0
30/08 09:37:20:245 Local queue size: 0
30/08 09:37:30:251 Local queue size: 0
30/08 09:37:40:253 Local queue size: 0
30/08 09:37:50:254 Local queue size: 0
30/08 09:38:00:298 Local queue size: 0
30/08 09:38:10:315 Local queue size: 0
30/08 09:38:20:322 Local queue size: 0
30/08 09:38:30:420 Local queue size: 0
30/08 09:38:40:422 Local queue size: 0
30/08 09:38:50:434 Local queue size: 0
30/08 09:39:00:439 Local queue size: 0
30/08 09:39:10:445 Local queue size: 0
30/08 09:39:20:475 Local queue size: 0
30/08 09:39:30:494 Local queue size: 0
30/08 09:39:40:548 Local queue size: 0
30/08 09:39:50:561 Local queue size: 0
30/08 09:40:00:585 Local queue size: 0
30/08 09:40:10:600 Local queue size: 0
30/08 09:40:20:624 Local queue size: 0
30/08 09:40:30:634 Local queue size: 0
30/08 09:40:40:637 Local queue size: 0
30/08 09:40:50:646 Local queue size: 0
30/08 09:41:00:679 Local queue size: 0
30/08 09:41:10:695 Local queue size: 0
30/08 09:41:20:714 Local queue size: 0
30/08 09:41:30:721 Local queue size: 0
30/08 09:41:40:792 Local queue size: 0
30/08 09:41:50:796 Local queue size: 0
30/08 09:42:00:805 Local queue size: 0
30/08 09:42:10:806 Local queue size: 0
30/08 09:42:20:833 Local queue size: 0
30/08 09:42:30:882 Local queue size: 0
30/08 09:42:40:883 Local queue size: 0
30/08 09:42:50:895 Local queue size: 0
30/08 09:43:00:896 Local queue size: 0
30/08 09:43:10:962 Local queue size: 0
30/08 09:43:21:007 Local queue size: 0
30/08 09:43:31:028 Local queue size: 0
30/08 09:44:17:014 OSA Callback started
30/08 09:44:21:186 Starting process session
30/08 09:44:21:295 Total 0 instances are started
30/08 09:44:21:295 Total 1 instances are added
30/08 09:44:31:456 Local queue size: 0
30/08 09:44:41:473 Local queue size: 0
30/08 09:44:51:492 Local queue size: 0
30/08 09:45:01:499 Local queue size: 0
30/08 09:45:11:505 Local queue size: 0
30/08 09:45:21:605 Local queue size: 0
30/08 09:46:43:707 OSA Callback started
30/08 09:46:47:900 Starting process session
30/08 09:46:48:001 Total 0 instances are started
30/08 09:46:48:001 Total 1 instances are added
30/08 09:46:58:128 Local queue size: 0
30/08 09:47:08:203 Local queue size: 0
30/08 09:47:18:213 Local queue size: 0
30/08 09:47:28:219 Local queue size: 0
30/08 09:47:38:229 Local queue size: 0
30/08 09:48:03:633 OSA Callback started
30/08 09:48:07:662 Starting process session
30/08 09:48:07:764 Total 0 instances are started
30/08 09:48:07:764 Total 1 instances are added
30/08 09:48:17:934 Local queue size: 0
30/08 09:48:28:015 Local queue size: 0
30/08 09:48:38:025 Local queue size: 0
30/08 09:48:48:053 Local queue size: 0
30/08 09:48:58:135 Local queue size: 0
30/08 09:49:08:235 Local queue size: 0
30/08 09:49:18:252 Local queue size: 0
30/08 09:49:28:266 Local queue size: 0
30/08 09:49:38:344 Local queue size: 0
30/08 09:49:48:362 Local queue size: 0
30/08 09:49:58:365 Local queue size: 0
30/08 09:50:08:372 Local queue size: 0
30/08 09:50:18:388 Local queue size: 0
30/08 09:50:33:729 OSA Callback started
30/08 09:50:37:963 Starting process session
30/08 09:50:38:080 Total 0 instances are started
30/08 09:50:38:081 Total 1 instances are added
30/08 09:50:48:199 Local queue size: 0
30/08 09:50:58:250 Local queue size: 0
30/08 09:51:08:258 Local queue size: 0
30/08 09:51:18:264 Local queue size: 0
30/08 09:51:28:276 Local queue size: 0
30/08 09:51:38:298 Local queue size: 0
30/08 09:51:48:311 Local queue size: 0
30/08 09:51:58:319 Local queue size: 0
30/08 09:52:08:328 Local queue size: 0
30/08 09:52:18:337 Local queue size: 0
30/08 09:52:28:347 Local queue size: 0
30/08 09:52:38:363 Local queue size: 0
30/08 09:52:48:370 Local queue size: 0
30/08 09:52:58:386 Local queue size: 0
30/08 09:53:08:433 Local queue size: 0
30/08 09:53:18:437 Local queue size: 0
30/08 09:53:28:447 Local queue size: 0
30/08 09:53:38:459 Local queue size: 0
30/08 09:53:48:469 Local queue size: 0
30/08 09:53:58:490 Local queue size: 0
30/08 09:54:08:491 Local queue size: 0
30/08 09:54:18:512 Local queue size: 0
30/08 09:54:28:519 Local queue size: 0
30/08 09:54:38:521 Local queue size: 0
30/08 09:54:48:527 Local queue size: 0
30/08 09:54:58:530 Local queue size: 0
30/08 09:55:08:538 Local queue size: 0
30/08 09:55:18:548 Local queue size: 0
30/08 09:55:28:552 Local queue size: 0
30/08 09:55:38:584 Local queue size: 0
30/08 09:55:48:588 Local queue size: 0
30/08 09:55:58:672 Local queue size: 0
30/08 09:56:08:685 Local queue size: 0
30/08 09:56:18:687 Local queue size: 0
30/08 09:56:28:692 Local queue size: 0
30/08 09:56:38:740 Local queue size: 0
30/08 09:56:48:753 Local queue size: 0
30/08 09:56:58:760 Local queue size: 0
30/08 09:57:08:850 Local queue size: 0
30/08 09:57:18:856 Local queue size: 0
30/08 09:57:28:861 Local queue size: 0
30/08 09:57:38:867 Local queue size: 0
30/08 09:57:48:868 Local queue size: 0
30/08 09:57:58:883 Local queue size: 0
30/08 09:58:08:884 Local queue size: 0
30/08 09:58:18:889 Local queue size: 0
30/08 09:58:28:892 Local queue size: 0
30/08 09:58:46:044 OSA Callback started
30/08 09:58:49:661 Starting process session
30/08 09:58:49:811 Total 0 instances are started
30/08 09:58:49:812 Total 1 instances are added
30/08 09:58:59:984 Local queue size: 0
30/08 09:59:09:985 Local queue size: 0
30/08 09:59:19:989 Local queue size: 0
30/08 09:59:30:040 Local queue size: 0
30/08 09:59:40:061 Local queue size: 0
30/08 09:59:50:076 Local queue size: 0
30/08 10:00:00:141 Local queue size: 0
30/08 10:00:10:145 Local queue size: 0
30/08 10:00:20:175 Local queue size: 0
30/08 10:00:30:188 Local queue size: 0
30/08 10:00:40:279 Local queue size: 0
30/08 10:00:50:298 Local queue size: 0
30/08 10:01:00:320 Local queue size: 0
30/08 10:01:10:397 Local queue size: 0
30/08 10:01:20:401 Local queue size: 0
30/08 10:01:30:406 Local queue size: 0
30/08 10:01:40:407 Local queue size: 0
30/08 10:01:50:423 Local queue size: 0
30/08 10:02:00:431 Local queue size: 0
30/08 10:02:07:646 OSA Callback started
30/08 10:02:10:183 Starting process session
30/08 10:02:10:819 Total 0 instances are started
30/08 10:02:10:820 Total 1 instances are added
30/08 10:02:21:201 Local queue size: 0
30/08 10:02:31:234 Local queue size: 0
30/08 10:02:41:256 Local queue size: 0
30/08 10:02:51:291 Local queue size: 0
30/08 10:03:01:312 Local queue size: 0
30/08 10:03:11:326 Local queue size: 0
30/08 10:03:21:335 Local queue size: 0
30/08 10:03:31:341 Local queue size: 0
30/08 10:03:41:384 Local queue size: 0
30/08 10:03:51:386 Local queue size: 0
30/08 10:04:01:387 Local queue size: 0
30/08 10:04:11:389 Local queue size: 0
30/08 10:04:21:392 Local queue size: 0
30/08 10:04:31:394 Local queue size: 0
30/08 10:04:41:403 Local queue size: 0
30/08 10:04:51:408 Local queue size: 0
30/08 10:05:01:415 Local queue size: 0
30/08 10:05:11:417 Local queue size: 0
30/08 10:05:21:419 Local queue size: 0
30/08 10:05:31:427 Local queue size: 0
30/08 10:05:41:456 Local queue size: 0
30/08 10:05:51:459 Local queue size: 0
30/08 10:06:01:527 Local queue size: 0
30/08 10:06:11:544 Local queue size: 0
30/08 10:06:21:549 Local queue size: 0
30/08 10:06:31:551 Local queue size: 0
30/08 10:06:41:553 Local queue size: 0
30/08 10:06:51:555 Local queue size: 0
30/08 10:07:01:557 Local queue size: 0
30/08 10:07:11:558 Local queue size: 0
30/08 10:07:21:561 Local queue size: 0
30/08 10:07:31:562 Local queue size: 0
30/08 10:07:41:564 Local queue size: 0
30/08 10:07:51:566 Local queue size: 0
30/08 10:08:01:568 Local queue size: 0
30/08 10:08:11:570 Local queue size: 0
30/08 10:08:21:571 Local queue size: 0
30/08 10:08:31:573 Local queue size: 0
30/08 10:08:41:575 Local queue size: 0
30/08 10:08:47:945 OSA Callback started
30/08 10:09:17:678 Error occured: Connections could not be acquired from the underlying database!
30/08 10:10:37:264 OSA Callback started
30/08 10:10:37:907 Starting process session
30/08 10:10:38:017 Total 0 instances are started
30/08 10:10:38:018 Total 1 instances are added
30/08 10:10:48:150 Local queue size: 0
30/08 10:10:58:154 Local queue size: 0
30/08 10:11:08:230 Local queue size: 0
30/08 10:11:18:238 Local queue size: 0
30/08 10:11:28:252 Local queue size: 0
30/08 10:11:38:297 Local queue size: 0
30/08 10:11:48:312 Local queue size: 0
30/08 10:11:58:325 Local queue size: 0
30/08 10:12:08:341 Local queue size: 0
30/08 10:12:18:357 Local queue size: 0
30/08 10:12:28:382 Local queue size: 0
30/08 10:12:38:392 Local queue size: 0
30/08 10:12:48:445 Local queue size: 0
30/08 10:12:58:464 Local queue size: 0
30/08 10:13:08:531 Local queue size: 0
30/08 10:13:18:626 Local queue size: 0
30/08 10:13:28:654 Local queue size: 0
30/08 10:13:38:667 Local queue size: 0
30/08 10:13:48:684 Local queue size: 0
30/08 10:13:58:757 Local queue size: 0
30/08 10:14:08:767 Local queue size: 0
30/08 10:14:18:815 Local queue size: 0
30/08 10:14:28:863 Local queue size: 0
30/08 10:14:38:889 Local queue size: 0
30/08 10:14:48:950 Local queue size: 0
30/08 10:14:59:015 Local queue size: 0
30/08 10:15:09:046 Local queue size: 0
30/08 10:15:19:059 Local queue size: 0
30/08 10:15:29:090 Local queue size: 0
30/08 10:15:39:104 Local queue size: 0
30/08 10:15:55:483 OSA Callback started
30/08 10:15:56:635 Starting process session
30/08 10:15:56:777 Total 0 instances are started
30/08 10:15:56:778 Total 1 instances are added
30/08 10:16:06:901 Local queue size: 0
30/08 10:16:16:918 Local queue size: 0
30/08 10:16:26:952 Local queue size: 0
30/08 10:16:36:971 Local queue size: 0
30/08 10:16:46:973 Local queue size: 0
30/08 10:16:57:013 Local queue size: 0
30/08 10:17:14:550 OSA Callback started
30/08 10:17:18:151 Starting process session
30/08 10:17:18:270 Total 0 instances are started
30/08 10:17:18:271 Total 1 instances are added
30/08 10:17:28:410 Local queue size: 0
30/08 10:17:38:442 Local queue size: 0
30/08 10:17:48:454 Local queue size: 0
30/08 10:17:58:483 Local queue size: 0
30/08 10:18:08:487 Local queue size: 0
30/08 10:18:18:570 Local queue size: 0
30/08 10:18:28:599 Local queue size: 0
30/08 10:18:38:613 Local queue size: 0
30/08 10:18:48:634 Local queue size: 0
30/08 10:18:58:727 Local queue size: 0
30/08 10:19:08:735 Local queue size: 0
30/08 10:19:18:737 Local queue size: 0
30/08 10:19:28:763 Local queue size: 0
30/08 10:19:38:766 Local queue size: 0
30/08 10:19:48:813 Local queue size: 0
30/08 10:19:58:824 Local queue size: 0
30/08 10:20:08:838 Local queue size: 0
30/08 10:20:18:845 Local queue size: 0
30/08 10:20:28:847 Local queue size: 0
30/08 10:20:38:874 Local queue size: 0
30/08 10:20:48:886 Local queue size: 0
30/08 10:20:58:888 Local queue size: 0
30/08 10:21:08:898 Local queue size: 0
30/08 10:21:18:900 Local queue size: 0
30/08 10:21:28:903 Local queue size: 0
30/08 10:21:38:905 Local queue size: 0
30/08 10:21:48:907 Local queue size: 0
30/08 10:21:58:913 Local queue size: 0
30/08 10:22:08:944 Local queue size: 0
30/08 10:22:18:955 Local queue size: 0
30/08 10:22:28:957 Local queue size: 0
30/08 10:22:38:963 Local queue size: 0
30/08 10:22:48:972 Local queue size: 0
30/08 10:22:58:987 Local queue size: 0
30/08 10:23:09:060 Local queue size: 0
30/08 10:23:19:068 Local queue size: 0
30/08 10:23:29:080 Local queue size: 0
30/08 10:23:39:105 Local queue size: 0
30/08 10:23:49:154 Local queue size: 0
30/08 10:23:59:171 Local queue size: 0
30/08 10:24:09:173 Local queue size: 0
30/08 10:24:19:225 Local queue size: 0
30/08 10:24:29:315 Local queue size: 0
30/08 10:24:39:323 Local queue size: 0
30/08 10:24:49:337 Local queue size: 0
30/08 10:24:59:344 Local queue size: 0
30/08 10:25:09:353 Local queue size: 0
30/08 10:25:19:429 Local queue size: 0
30/08 10:25:29:437 Local queue size: 0
30/08 10:25:39:451 Local queue size: 0
30/08 10:25:49:455 Local queue size: 0
30/08 10:25:59:475 Local queue size: 0
30/08 10:26:09:574 Local queue size: 0
30/08 10:26:19:576 Local queue size: 0
30/08 10:26:29:613 Local queue size: 0
30/08 10:26:39:617 Local queue size: 0
30/08 10:26:49:622 Local queue size: 0
30/08 10:26:59:686 Local queue size: 0
30/08 10:27:09:689 Local queue size: 0
30/08 10:27:19:698 Local queue size: 0
30/08 10:27:29:726 Local queue size: 0
30/08 10:27:39:765 Local queue size: 0
30/08 10:27:49:767 Local queue size: 0
30/08 10:28:12:874 OSA Callback started
30/08 10:28:15:517 Starting process session
30/08 10:28:15:697 Total 0 instances are started
30/08 10:28:15:702 Total 1 instances are added
30/08 10:28:25:988 Local queue size: 0
30/08 10:28:36:049 Local queue size: 0
30/08 10:28:46:068 Local queue size: 0
30/08 10:28:56:085 Local queue size: 0
30/08 10:29:06:088 Local queue size: 0
30/08 10:29:16:092 Local queue size: 0
30/08 10:29:26:093 Local queue size: 0
30/08 10:29:37:697 OSA Callback started
30/08 10:29:41:304 Starting process session
30/08 10:29:41:407 Total 0 instances are started
30/08 10:29:41:407 Total 1 instances are added
30/08 10:29:51:619 Local queue size: 0
30/08 10:30:01:630 Local queue size: 0
30/08 10:30:11:664 Local queue size: 0
30/08 10:30:21:708 Local queue size: 0
30/08 10:30:31:732 Local queue size: 0
30/08 10:30:41:749 Local queue size: 0
30/08 10:30:51:757 Local queue size: 0
30/08 10:31:01:788 Local queue size: 0
30/08 10:31:11:800 Local queue size: 0
30/08 10:31:21:811 Local queue size: 0
30/08 10:31:31:824 Local queue size: 0
30/08 10:31:41:837 Local queue size: 0
30/08 10:31:51:865 Local queue size: 0
30/08 10:32:01:881 Local queue size: 0
30/08 10:32:11:956 Local queue size: 0
30/08 10:32:21:960 Local queue size: 0
30/08 10:32:31:971 Local queue size: 0
30/08 10:32:41:978 Local queue size: 0
30/08 10:32:52:029 Local queue size: 0
30/08 10:33:02:033 Local queue size: 0
30/08 10:33:12:052 Local queue size: 0
30/08 10:33:22:060 Local queue size: 0
30/08 10:33:32:069 Local queue size: 0
30/08 10:33:42:073 Local queue size: 0
30/08 10:33:52:081 Local queue size: 0
30/08 10:34:02:146 Local queue size: 0
30/08 10:34:12:155 Local queue size: 0
30/08 10:34:22:160 Local queue size: 0
30/08 10:34:32:163 Local queue size: 0
30/08 10:34:42:167 Local queue size: 0
30/08 10:34:52:176 Local queue size: 0
30/08 10:35:02:184 Local queue size: 0
30/08 10:35:12:187 Local queue size: 0
30/08 10:35:22:214 Local queue size: 0
30/08 10:35:32:219 Local queue size: 0
30/08 10:35:42:222 Local queue size: 0
30/08 10:35:52:263 Local queue size: 0
30/08 10:36:02:267 Local queue size: 0
30/08 10:36:12:280 Local queue size: 0
30/08 10:36:22:380 Local queue size: 0
30/08 10:36:32:398 Local queue size: 0
30/08 10:36:42:410 Local queue size: 0
30/08 10:36:52:412 Local queue size: 0
30/08 10:37:02:505 Local queue size: 0
30/08 10:37:12:506 Local queue size: 0
30/08 10:37:22:509 Local queue size: 0
30/08 10:37:32:522 Local queue size: 0
30/08 10:37:42:562 Local queue size: 0
30/08 10:38:10:080 OSA Callback started
30/08 10:38:13:537 Starting process session
30/08 10:38:13:653 Total 0 instances are started
30/08 10:38:13:654 Total 1 instances are added
30/08 10:38:23:906 Local queue size: 0
30/08 10:38:33:945 Local queue size: 0
30/08 10:38:43:994 Local queue size: 0
30/08 10:38:54:025 Local queue size: 0
30/08 10:39:04:040 Local queue size: 0
30/08 10:39:14:050 Local queue size: 0
30/08 10:39:24:060 Local queue size: 0
30/08 10:39:34:064 Local queue size: 0
30/08 10:39:44:087 Local queue size: 0
30/08 10:39:54:118 Local queue size: 0
30/08 10:40:04:153 Local queue size: 0
30/08 10:40:14:155 Local queue size: 0
30/08 10:40:24:170 Local queue size: 0
30/08 10:40:34:217 Local queue size: 0
30/08 10:41:09:299 OSA Callback started
30/08 10:41:11:344 Starting process session
30/08 10:41:11:497 Total 0 instances are started
30/08 10:41:11:497 Total 1 instances are added
30/08 10:41:22:345 Local queue size: 0
30/08 10:41:32:440 Local queue size: 0
30/08 10:41:42:483 Local queue size: 0
30/08 10:41:52:566 Local queue size: 0
30/08 10:42:02:575 Local queue size: 0
30/08 10:42:12:590 Local queue size: 0
30/08 10:42:22:595 Local queue size: 0
30/08 10:42:32:627 Local queue size: 0
30/08 10:42:42:637 Local queue size: 0
30/08 10:42:52:661 Local queue size: 0
30/08 10:43:02:662 Local queue size: 0
30/08 10:43:12:675 Local queue size: 0
30/08 10:43:18:865 javax.jms.JMSException: [C4056]: Received goodbye message from broker.
30/08 10:43:22:765 Local queue size: 0
30/08 10:43:32:847 Local queue size: 0
30/08 10:43:42:903 Local queue size: 0
30/08 10:43:52:915 Local queue size: 0
30/08 10:44:02:927 Local queue size: 0
30/08 10:44:12:928 Local queue size: 0
30/08 10:44:22:929 Local queue size: 0
30/08 10:45:01:336 OSA Callback started
30/08 10:45:04:814 Starting process session
30/08 10:45:04:921 Total 0 instances are started
30/08 10:45:04:924 Total 1 instances are added
30/08 10:45:15:148 Local queue size: 0
30/08 10:45:25:178 Local queue size: 0
30/08 10:45:35:237 Local queue size: 0
30/08 10:45:45:244 Local queue size: 0
30/08 10:45:55:249 Local queue size: 0
30/08 10:46:05:257 Local queue size: 0
30/08 10:46:15:327 Local queue size: 0
30/08 10:46:25:341 Local queue size: 0
30/08 10:46:35:354 Local queue size: 0
30/08 10:46:45:371 Local queue size: 0
30/08 10:46:55:397 Local queue size: 0
30/08 10:47:05:403 Local queue size: 0
30/08 10:47:15:405 Local queue size: 0
30/08 10:47:25:408 Local queue size: 0
30/08 10:47:35:460 Local queue size: 0
30/08 10:47:45:465 Local queue size: 0
30/08 10:47:55:477 Local queue size: 0
30/08 10:48:05:493 Local queue size: 0
30/08 10:48:15:585 Local queue size: 0
30/08 10:48:25:595 Local queue size: 0
30/08 10:48:35:602 Local queue size: 0
30/08 10:48:45:619 Local queue size: 0
30/08 10:48:55:685 Local queue size: 0
30/08 10:49:05:690 Local queue size: 0
30/08 10:49:15:692 Local queue size: 0
30/08 10:49:25:693 Local queue size: 0
30/08 10:49:35:695 Local queue size: 0
30/08 10:49:45:784 Local queue size: 0
30/08 10:49:55:790 Local queue size: 0
30/08 10:50:05:799 Local queue size: 0
30/08 10:50:15:815 Local queue size: 0
30/08 10:50:25:817 Local queue size: 0
30/08 10:50:35:826 Local queue size: 0
30/08 10:50:45:831 Local queue size: 0
30/08 10:50:55:835 Local queue size: 0
30/08 10:51:05:837 Local queue size: 0
30/08 10:51:15:841 Local queue size: 0
30/08 10:51:25:846 Local queue size: 0
30/08 10:51:35:929 Local queue size: 0
30/08 10:51:45:934 Local queue size: 0
30/08 10:51:55:943 Local queue size: 0
30/08 10:52:05:952 Local queue size: 0
30/08 10:52:16:034 Local queue size: 0
30/08 10:52:26:041 Local queue size: 0
30/08 10:52:36:056 Local queue size: 0
30/08 10:52:46:059 Local queue size: 0
30/08 10:52:56:083 Local queue size: 0
30/08 10:53:06:093 Local queue size: 0
30/08 10:53:16:095 Local queue size: 0
30/08 10:53:26:097 Local queue size: 0
30/08 10:53:36:104 Local queue size: 0
30/08 10:53:51:994 OSA Callback started
30/08 10:53:54:754 Starting process session
30/08 10:53:54:867 Total 0 instances are started
30/08 10:53:54:868 Total 1 instances are added
30/08 10:54:05:048 Local queue size: 0
30/08 10:54:15:140 Local queue size: 0
30/08 10:54:25:147 Local queue size: 0
30/08 10:54:35:150 Local queue size: 0
30/08 10:54:45:156 Local queue size: 0
30/08 10:54:55:158 Local queue size: 0
30/08 10:55:05:161 Local queue size: 0
30/08 10:55:15:163 Local queue size: 0
30/08 10:55:25:259 Local queue size: 0
30/08 10:55:35:261 Local queue size: 0
30/08 10:55:46:908 OSA Callback started
30/08 10:55:50:526 Starting process session
30/08 10:55:50:639 Total 0 instances are started
30/08 10:55:50:651 Total 1 instances are added
30/08 10:56:00:776 Local queue size: 0
30/08 10:56:10:835 Local queue size: 0
30/08 10:56:20:867 Local queue size: 0
30/08 10:56:30:884 Local queue size: 0
30/08 10:56:40:895 Local queue size: 0
30/08 10:56:50:961 Local queue size: 0
30/08 10:57:00:984 Local queue size: 0
30/08 10:57:11:001 Local queue size: 0
30/08 10:57:21:092 Local queue size: 0
30/08 10:57:31:108 Local queue size: 0
30/08 10:57:41:115 Local queue size: 0
30/08 10:57:51:136 Local queue size: 0
30/08 10:58:01:146 Local queue size: 0
30/08 10:58:11:164 Local queue size: 0
30/08 10:58:21:192 Local queue size: 0
30/08 10:58:31:197 Local queue size: 0
30/08 10:58:41:201 Local queue size: 0
30/08 10:58:51:217 Local queue size: 0
30/08 10:59:01:226 Local queue size: 0
30/08 10:59:11:229 Local queue size: 0
30/08 10:59:21:230 Local queue size: 0
30/08 10:59:31:284 Local queue size: 0
30/08 10:59:41:305 Local queue size: 0
30/08 10:59:51:322 Local queue size: 0
30/08 11:00:01:324 Local queue size: 0
30/08 11:00:11:348 Local queue size: 0
30/08 11:00:21:359 Local queue size: 0
30/08 11:00:31:361 Local queue size: 0
30/08 11:00:41:368 Local queue size: 0
30/08 11:00:51:369 Local queue size: 0
30/08 11:01:01:374 Local queue size: 0
30/08 11:01:11:376 Local queue size: 0
30/08 11:01:21:416 Local queue size: 0
30/08 11:01:31:454 Local queue size: 0
30/08 11:01:41:491 Local queue size: 0
30/08 11:01:51:510 Local queue size: 0
30/08 11:02:01:517 Local queue size: 0
30/08 11:02:11:521 Local queue size: 0
30/08 11:02:21:537 Local queue size: 0
30/08 11:02:31:548 Local queue size: 0
30/08 11:02:41:553 Local queue size: 0
30/08 11:02:51:561 Local queue size: 0
30/08 11:03:01:614 Local queue size: 0
30/08 11:03:11:639 Local queue size: 0
30/08 11:03:21:643 Local queue size: 0
30/08 11:03:31:655 Local queue size: 0
30/08 11:03:41:658 Local queue size: 0
30/08 11:03:51:667 Local queue size: 0
30/08 11:04:01:668 Local queue size: 0
30/08 11:04:11:684 Local queue size: 0
30/08 11:04:21:685 Local queue size: 0
30/08 11:04:31:754 Local queue size: 0
30/08 11:04:41:790 Local queue size: 0
30/08 11:04:51:806 Local queue size: 0
30/08 11:05:01:821 Local queue size: 0
30/08 11:05:11:830 Local queue size: 0
30/08 11:05:21:836 Local queue size: 0
30/08 11:05:31:837 Local queue size: 0
30/08 11:05:41:854 Local queue size: 0
30/08 11:05:51:897 Local queue size: 0
30/08 11:06:01:900 Local queue size: 0
30/08 11:06:11:902 Local queue size: 0
30/08 11:06:21:971 Local queue size: 0
30/08 11:06:31:993 Local queue size: 0
30/08 11:06:41:994 Local queue size: 0
30/08 11:06:52:011 Local queue size: 0
30/08 11:07:02:016 Local queue size: 0
30/08 11:07:12:044 Local queue size: 0
30/08 11:07:22:049 Local queue size: 0
30/08 11:07:32:050 Local queue size: 0
30/08 11:07:42:052 Local queue size: 0
30/08 11:07:52:081 Local queue size: 0
30/08 11:08:02:102 Local queue size: 0
30/08 11:08:12:129 Local queue size: 0
30/08 11:08:22:136 Local queue size: 0
30/08 11:08:32:157 Local queue size: 0
30/08 11:08:42:166 Local queue size: 0
30/08 11:08:52:199 Local queue size: 0
30/08 11:09:02:200 Local queue size: 0
30/08 11:09:12:282 Local queue size: 0
30/08 11:09:22:296 Local queue size: 0
30/08 11:09:32:300 Local queue size: 0
30/08 11:09:42:304 Local queue size: 0
30/08 11:09:52:386 Local queue size: 0
30/08 11:10:02:394 Local queue size: 0
30/08 11:10:12:416 Local queue size: 0
30/08 11:10:22:425 Local queue size: 0
30/08 11:10:32:445 Local queue size: 0
30/08 11:10:42:446 Local queue size: 0
30/08 11:10:52:449 Local queue size: 0
30/08 11:11:10:431 OSA Callback started
30/08 11:11:13:934 Starting process session
30/08 11:11:14:035 Total 0 instances are started
30/08 11:11:14:036 Total 1 instances are added
30/08 11:11:24:182 Local queue size: 0
30/08 11:11:34:188 Local queue size: 0
30/08 11:11:44:263 Local queue size: 0
30/08 11:11:54:269 Local queue size: 0
30/08 11:12:04:271 Local queue size: 0
30/08 11:12:14:283 Local queue size: 0
30/08 11:12:36:771 OSA Callback started
30/08 11:12:40:243 Starting process session
30/08 11:12:40:360 Total 0 instances are started
30/08 11:12:40:361 Total 1 instances are added
30/08 11:12:50:541 Local queue size: 0
30/08 11:13:00:609 Local queue size: 0
30/08 11:13:10:615 Local queue size: 0
30/08 11:13:36:739 OSA Callback started
30/08 11:13:39:312 Starting process session
30/08 11:13:39:746 Total 0 instances are started
30/08 11:13:39:748 Total 1 instances are added
30/08 11:13:50:001 Local queue size: 0
30/08 11:14:00:089 Local queue size: 0
30/08 11:14:10:095 Local queue size: 0
30/08 11:14:20:097 Local queue size: 0
30/08 11:14:30:098 Local queue size: 0
30/08 11:14:40:100 Local queue size: 0
30/08 11:14:50:101 Local queue size: 0
30/08 11:15:00:103 Local queue size: 0
30/08 11:15:10:104 Local queue size: 0
30/08 11:15:20:110 Local queue size: 0
30/08 11:15:30:112 Local queue size: 0
30/08 11:15:40:186 Local queue size: 0
30/08 11:15:50:197 Local queue size: 0
30/08 11:16:00:198 Local queue size: 0
30/08 11:16:10:201 Local queue size: 0
30/08 11:16:20:202 Local queue size: 0
30/08 11:16:30:204 Local queue size: 0
30/08 11:16:40:206 Local queue size: 0
30/08 11:16:50:210 Local queue size: 0
30/08 11:17:00:213 Local queue size: 0
30/08 11:17:10:218 Local queue size: 0
30/08 11:17:25:024 OSA Callback started
30/08 11:17:28:637 Starting process session
30/08 11:17:28:783 Total 0 instances are started
30/08 11:17:28:784 Total 1 instances are added
30/08 11:17:38:950 Local queue size: 0
30/08 11:17:48:965 Local queue size: 0
30/08 11:17:59:008 Local queue size: 0
30/08 11:18:09:021 Local queue size: 0
30/08 11:18:19:024 Local queue size: 0
30/08 11:18:29:028 Local queue size: 0
30/08 11:18:39:034 Local queue size: 0
30/08 11:18:49:101 Local queue size: 0
30/08 11:18:59:125 Local queue size: 0
30/08 11:19:09:154 Local queue size: 0
30/08 11:21:21:136 OSA Callback started
30/08 11:21:23:734 Starting process session
30/08 11:21:24:917 Total 0 instances are started
30/08 11:21:24:918 Total 1 instances are added
30/08 11:21:35:042 Local queue size: 0
30/08 11:21:45:056 Local queue size: 0
30/08 11:21:55:071 Local queue size: 0
30/08 11:22:05:083 Local queue size: 0
30/08 11:22:15:168 Local queue size: 0
30/08 11:22:25:220 Local queue size: 0
30/08 11:22:35:241 Local queue size: 0
30/08 11:22:59:180 OSA Callback started
30/08 11:23:01:552 Starting process session
30/08 11:23:01:799 Total 0 instances are started
30/08 11:23:01:800 Total 1 instances are added
30/08 11:23:11:935 Local queue size: 0
30/08 11:23:21:970 Local queue size: 0
30/08 11:23:31:986 Local queue size: 0
30/08 11:23:42:002 Local queue size: 0
30/08 11:23:52:009 Local queue size: 0
30/08 11:24:02:035 Local queue size: 0
30/08 11:24:12:055 Local queue size: 0
30/08 11:24:22:057 Local queue size: 0
30/08 11:24:32:065 Local queue size: 0
30/08 11:24:42:154 Local queue size: 0
30/08 11:24:52:166 Local queue size: 0
30/08 11:25:02:168 Local queue size: 0
30/08 11:25:12:180 Local queue size: 0
30/08 11:25:22:257 Local queue size: 0
30/08 11:25:32:261 Local queue size: 0
30/08 11:25:42:268 Local queue size: 0
30/08 11:25:52:276 Local queue size: 0
30/08 11:26:02:278 Local queue size: 0
30/08 11:26:12:319 Local queue size: 0
30/08 11:26:22:324 Local queue size: 0
30/08 11:26:32:328 Local queue size: 0
30/08 11:26:42:331 Local queue size: 0
30/08 11:26:52:366 Local queue size: 0
30/08 11:27:02:396 Local queue size: 0
30/08 11:27:12:398 Local queue size: 0
30/08 11:27:22:399 Local queue size: 0
30/08 11:27:32:408 Local queue size: 0
30/08 11:27:42:503 Local queue size: 0
30/08 11:27:52:516 Local queue size: 0
30/08 11:28:02:522 Local queue size: 0
30/08 11:28:12:526 Local queue size: 0
30/08 11:28:22:536 Local queue size: 0
30/08 11:28:32:537 Local queue size: 0
30/08 11:28:42:540 Local queue size: 0
30/08 11:28:52:542 Local queue size: 0
30/08 11:29:02:543 Local queue size: 0
30/08 11:29:12:545 Local queue size: 0
30/08 11:29:22:546 Local queue size: 0
30/08 11:29:32:557 Local queue size: 0
30/08 11:29:42:564 Local queue size: 0
30/08 11:30:03:918 OSA Callback started
30/08 11:30:06:201 Starting process session
30/08 11:30:06:526 Total 0 instances are started
30/08 11:30:06:527 Total 1 instances are added
30/08 11:30:16:666 Local queue size: 0
30/08 11:30:26:668 Local queue size: 0
30/08 11:30:36:768 Local queue size: 0
30/08 11:30:46:849 Local queue size: 0
30/08 11:30:56:850 Local queue size: 0
30/08 11:31:06:859 Local queue size: 0
30/08 11:31:26:614 OSA Callback started
30/08 11:31:28:743 Starting process session
30/08 11:31:29:472 Total 0 instances are started
30/08 11:31:29:474 Total 1 instances are added
30/08 11:31:39:789 Local queue size: 0
30/08 11:31:49:791 Local queue size: 0
30/08 11:31:59:802 Local queue size: 0
30/08 11:32:09:858 Local queue size: 0
30/08 11:32:19:865 Local queue size: 0
30/08 11:32:29:867 Local queue size: 0
30/08 11:32:39:877 Local queue size: 0
30/08 11:32:49:896 Local queue size: 0
30/08 11:32:59:898 Local queue size: 0
30/08 11:33:09:899 Local queue size: 0
30/08 11:33:19:901 Local queue size: 0
30/08 11:33:29:913 Local queue size: 0
30/08 11:33:39:928 Local queue size: 0
30/08 11:33:49:957 Local queue size: 0
30/08 11:33:59:968 Local queue size: 0
30/08 11:34:09:973 Local queue size: 0
30/08 11:34:20:002 Local queue size: 0
30/08 11:34:30:004 Local queue size: 0
30/08 11:34:40:012 Local queue size: 0
30/08 11:34:50:020 Local queue size: 0
30/08 11:35:00:088 Local queue size: 0
30/08 11:35:10:090 Local queue size: 0
30/08 11:35:20:094 Local queue size: 0
30/08 11:35:30:145 Local queue size: 0
30/08 11:35:40:162 Local queue size: 0
30/08 11:35:50:170 Local queue size: 0
30/08 11:36:00:187 Local queue size: 0
30/08 11:36:10:190 Local queue size: 0
30/08 11:36:20:197 Local queue size: 0
30/08 11:36:30:268 Local queue size: 0
30/08 11:36:40:279 Local queue size: 0
30/08 11:36:50:290 Local queue size: 0
30/08 11:37:00:301 Local queue size: 0
30/08 11:37:10:333 Local queue size: 0
30/08 11:37:20:342 Local queue size: 0
30/08 11:37:33:452 OSA Callback started
30/08 11:37:35:825 Starting process session
30/08 11:37:36:068 Total 0 instances are started
30/08 11:37:36:070 Total 1 instances are added
30/08 11:37:46:382 Local queue size: 0
30/08 11:37:56:476 Local queue size: 0
30/08 11:38:06:503 Local queue size: 0
30/08 11:38:16:510 Local queue size: 0
30/08 11:38:26:519 Local queue size: 0
30/08 11:38:36:521 Local queue size: 0
30/08 11:38:46:524 Local queue size: 0
30/08 11:38:56:526 Local queue size: 0
30/08 11:39:06:528 Local queue size: 0
30/08 11:39:16:530 Local queue size: 0
30/08 11:39:26:532 Local queue size: 0
30/08 11:39:36:533 Local queue size: 0
30/08 11:39:55:651 OSA Callback started
30/08 11:39:57:756 Starting process session
30/08 11:39:58:090 Total 0 instances are started
30/08 11:39:58:092 Total 1 instances are added
30/08 11:40:08:378 Local queue size: 0
30/08 11:40:18:433 Local queue size: 0
30/08 11:40:28:498 Local queue size: 0
30/08 11:40:38:502 Local queue size: 0
30/08 11:40:48:503 Local queue size: 0
30/08 11:40:58:722 OSA Callback started
30/08 11:41:01:177 Starting process session
30/08 11:41:01:506 Total 0 instances are started
30/08 11:41:01:507 Total 1 instances are added
30/08 11:41:11:847 Local queue size: 0
30/08 11:41:21:848 Local queue size: 0
30/08 11:41:31:884 Local queue size: 0
30/08 11:41:48:722 OSA Callback started
30/08 11:41:49:558 Starting process session
30/08 11:41:49:674 Total 0 instances are started
30/08 11:41:49:674 Total 1 instances are added
30/08 11:41:59:820 Local queue size: 0
30/08 11:42:09:865 Local queue size: 0
30/08 11:42:19:875 Local queue size: 0
30/08 11:42:29:923 Local queue size: 0
30/08 11:42:39:938 Local queue size: 0
30/08 11:42:49:944 Local queue size: 0
30/08 11:42:59:953 Local queue size: 0
30/08 11:43:09:955 Local queue size: 0
30/08 11:43:19:957 Local queue size: 0
30/08 11:43:29:960 Local queue size: 0
30/08 11:43:39:962 Local queue size: 0
30/08 11:43:49:971 Local queue size: 0
30/08 11:44:37:635 OSA Callback started
30/08 11:44:46:917 OSA Callback started
30/08 11:44:50:412 Starting process session
30/08 11:44:50:514 Total 0 instances are started
30/08 11:44:50:515 Total 1 instances are added
30/08 11:45:00:631 Local queue size: 0
30/08 11:45:10:713 Local queue size: 0
30/08 11:45:20:717 Local queue size: 0
30/08 11:45:30:721 Local queue size: 0
30/08 11:45:40:724 Local queue size: 0
30/08 11:45:50:767 Local queue size: 0
30/08 11:46:00:768 Local queue size: 0
30/08 11:46:10:778 Local queue size: 0
30/08 11:46:20:780 Local queue size: 0
30/08 11:46:30:813 Local queue size: 0
30/08 11:46:40:815 Local queue size: 0
30/08 11:46:50:816 Local queue size: 0
30/08 11:47:02:922 OSA Callback started
30/08 11:47:03:583 Starting process session
30/08 11:47:03:702 Total 0 instances are started
30/08 11:47:03:703 Total 1 instances are added
30/08 11:47:13:811 Local queue size: 0
30/08 11:47:23:863 Local queue size: 0
30/08 11:47:33:921 Local queue size: 0
30/08 11:47:43:938 Local queue size: 0
30/08 11:47:53:941 Local queue size: 0
30/08 11:48:03:942 Local queue size: 0
30/08 11:48:13:944 Local queue size: 0
30/08 11:48:23:961 Local queue size: 0
30/08 11:48:33:979 Local queue size: 0
30/08 11:48:43:995 Local queue size: 0
30/08 11:48:53:996 Local queue size: 0
30/08 11:49:04:005 Local queue size: 0
30/08 11:49:14:013 Local queue size: 0
30/08 11:49:24:025 Local queue size: 0
30/08 11:49:34:030 Local queue size: 0
30/08 11:49:44:032 Local queue size: 0
30/08 11:49:54:042 Local queue size: 0
30/08 11:50:04:043 Local queue size: 0
30/08 11:50:19:750 OSA Callback started
30/08 11:50:22:202 Starting process session
30/08 11:50:22:485 Total 0 instances are started
30/08 11:50:22:486 Total 1 instances are added
30/08 11:50:32:820 Local queue size: 0
30/08 11:50:42:842 Local queue size: 0
30/08 11:50:52:845 Local queue size: 0
30/08 11:51:02:854 Local queue size: 0
30/08 11:51:12:866 Local queue size: 0
30/08 11:51:22:869 Local queue size: 0
30/08 11:51:32:894 Local queue size: 0
30/08 11:51:42:899 Local queue size: 0
30/08 11:51:52:921 Local queue size: 0
30/08 11:52:02:935 Local queue size: 0
30/08 11:52:12:957 Local queue size: 0
30/08 11:52:23:087 Local queue size: 0
30/08 11:52:33:094 Local queue size: 0
30/08 11:52:43:130 Local queue size: 0
30/08 12:12:30:539 Local queue size: 0
30/08 12:12:40:639 Local queue size: 0
30/08 12:12:50:640 Local queue size: 0
30/08 12:13:00:655 Local queue size: 0
30/08 12:13:10:659 Local queue size: 0
30/08 12:13:20:759 Local queue size: 0
30/08 12:13:30:804 Local queue size: 0
30/08 12:13:40:805 Local queue size: 0
30/08 12:13:50:905 Local queue size: 0
30/08 12:14:00:906 Local queue size: 0
30/08 12:14:10:909 Local queue size: 0
30/08 12:14:20:912 Local queue size: 0
30/08 12:14:30:918 Local queue size: 0
30/08 12:14:40:988 Local queue size: 0
30/08 12:14:50:994 Local queue size: 0
30/08 12:15:01:002 Local queue size: 0
30/08 12:15:11:018 Local queue size: 0
30/08 12:15:21:036 Local queue size: 0
30/08 12:15:31:044 Local queue size: 0
30/08 12:15:41:064 Local queue size: 0
30/08 12:15:51:066 Local queue size: 0
30/08 12:16:01:072 Local queue size: 0
30/08 12:16:11:088 Local queue size: 0
30/08 12:16:21:108 Local queue size: 0
30/08 12:16:31:120 Local queue size: 0
30/08 12:16:41:161 Local queue size: 0
30/08 12:16:51:165 Local queue size: 0
30/08 12:17:01:209 Local queue size: 0
30/08 12:17:11:257 Local queue size: 0
30/08 12:17:21:271 Local queue size: 0
30/08 12:17:31:286 Local queue size: 0
30/08 12:17:41:305 Local queue size: 0
30/08 12:17:51:349 Local queue size: 0
30/08 12:18:01:421 Local queue size: 0
30/08 12:18:11:463 Local queue size: 0
30/08 12:18:21:485 Local queue size: 0
30/08 12:18:31:486 Local queue size: 0
30/08 12:18:41:494 Local queue size: 0
30/08 12:18:51:519 Local queue size: 0
30/08 12:19:01:529 Local queue size: 0
30/08 12:19:11:590 Local queue size: 0
30/08 12:19:21:601 Local queue size: 0
30/08 12:19:31:618 Local queue size: 0
30/08 12:19:41:628 Local queue size: 0
30/08 12:19:51:631 Local queue size: 0
30/08 12:20:01:658 Local queue size: 0
30/08 12:20:11:663 Local queue size: 0
30/08 12:20:21:670 Local queue size: 0
30/08 12:20:31:684 Local queue size: 0
30/08 12:20:41:695 Local queue size: 0
30/08 12:20:51:696 Local queue size: 0
30/08 12:21:01:700 Local queue size: 0
30/08 12:21:11:719 Local queue size: 0
30/08 12:21:21:723 Local queue size: 0
30/08 12:21:31:730 Local queue size: 0
30/08 12:21:41:732 Local queue size: 0
30/08 12:21:51:751 Local queue size: 0
30/08 12:22:01:756 Local queue size: 0
30/08 12:22:11:758 Local queue size: 0
30/08 12:22:21:778 Local queue size: 0
30/08 12:22:31:850 Local queue size: 0
30/08 12:22:41:866 Local queue size: 0
30/08 12:22:51:879 Local queue size: 0
30/08 12:23:01:935 Local queue size: 0
30/08 12:23:11:950 Local queue size: 0
30/08 12:23:21:958 Local queue size: 0
30/08 12:23:31:961 Local queue size: 0
30/08 12:23:41:977 Local queue size: 0
30/08 12:23:52:077 Local queue size: 0
30/08 12:24:02:091 Local queue size: 0
30/08 12:24:12:101 Local queue size: 0
30/08 12:24:22:127 Local queue size: 0
30/08 12:24:32:135 Local queue size: 0
30/08 12:24:42:143 Local queue size: 0
30/08 12:24:52:183 Local queue size: 0
30/08 12:25:02:191 Local queue size: 0
30/08 12:25:12:202 Local queue size: 0
30/08 12:25:22:211 Local queue size: 0
30/08 12:25:32:230 Local queue size: 0
30/08 12:25:42:237 Local queue size: 0
30/08 12:25:52:238 Local queue size: 0
30/08 12:26:02:242 Local queue size: 0
30/08 12:26:12:262 Local queue size: 0
30/08 12:26:22:271 Local queue size: 0
30/08 12:26:32:359 Local queue size: 0
30/08 12:26:42:418 Local queue size: 0
30/08 12:26:52:420 Local queue size: 0
30/08 12:27:02:443 Local queue size: 0
30/08 12:27:12:462 Local queue size: 0
30/08 12:27:22:557 Local queue size: 0
30/08 12:27:32:575 Local queue size: 0
30/08 12:27:42:582 Local queue size: 0
30/08 12:27:52:587 Local queue size: 0
30/08 12:28:02:602 Local queue size: 0
30/08 12:28:12:652 Local queue size: 0
30/08 12:28:22:663 Local queue size: 0
30/08 12:28:32:701 Local queue size: 0
30/08 12:28:42:720 Local queue size: 0
30/08 12:28:52:765 Local queue size: 0
30/08 12:29:02:783 Local queue size: 0
30/08 12:29:12:810 Local queue size: 0
30/08 12:29:22:903 Local queue size: 0
30/08 12:29:32:972 Local queue size: 0
30/08 12:29:43:035 Local queue size: 0
30/08 12:29:53:073 Local queue size: 0
30/08 12:30:03:106 Local queue size: 0
30/08 12:30:13:192 Local queue size: 0
30/08 12:30:23:243 Local queue size: 0
30/08 12:30:33:299 Local queue size: 0
30/08 12:30:43:372 Local queue size: 0
30/08 12:30:53:457 Local queue size: 0
30/08 12:31:03:493 Local queue size: 0
30/08 12:31:13:558 Local queue size: 0
30/08 12:31:23:611 Local queue size: 0
30/08 12:31:33:634 Local queue size: 0
30/08 12:31:43:692 Local queue size: 0
30/08 12:31:53:751 Local queue size: 0
30/08 12:32:03:766 Local queue size: 0
30/08 12:32:13:797 Local queue size: 0
30/08 12:32:23:896 Local queue size: 0
30/08 12:32:33:944 Local queue size: 0
30/08 12:32:43:993 Local queue size: 0
30/08 12:32:54:070 Local queue size: 0
30/08 12:33:04:079 Local queue size: 0
30/08 12:33:14:102 Local queue size: 0
30/08 12:33:37:481 OSA Callback started
30/08 12:33:40:285 Starting process session
30/08 12:33:40:412 Total 0 instances are started
30/08 12:33:40:415 Total 1 instances are added
30/08 12:33:50:931 Local queue size: 0
30/08 12:34:00:960 Local queue size: 0
30/08 12:34:10:999 Local queue size: 0
30/08 12:34:21:028 Local queue size: 0
30/08 12:34:31:052 Local queue size: 0
30/08 12:34:41:061 Local queue size: 0
30/08 12:34:51:081 Local queue size: 0
30/08 12:35:01:122 Local queue size: 0
30/08 12:35:11:195 Local queue size: 0
30/08 12:35:21:253 Local queue size: 0
30/08 12:35:31:274 Local queue size: 0
30/08 12:35:41:302 Local queue size: 0
30/08 12:35:51:318 Local queue size: 0
30/08 12:36:01:371 Local queue size: 0
30/08 12:36:11:431 Local queue size: 0
30/08 12:36:21:525 Local queue size: 0
30/08 12:36:31:561 Local queue size: 0
30/08 12:36:41:603 Local queue size: 0
30/08 12:36:51:674 Local queue size: 0
30/08 12:37:01:690 Local queue size: 0
30/08 12:37:11:713 Local queue size: 0
30/08 12:37:21:788 Local queue size: 0
30/08 12:37:31:803 Local queue size: 0
30/08 12:37:41:856 Local queue size: 0
30/08 12:37:51:894 Local queue size: 0
30/08 12:38:01:955 Local queue size: 0
30/08 12:38:12:020 Local queue size: 0
30/08 12:38:22:060 Local queue size: 0
30/08 12:38:32:100 Local queue size: 0
30/08 12:38:42:131 Local queue size: 0
30/08 12:38:52:196 Local queue size: 0
30/08 12:39:02:270 Local queue size: 0
30/08 12:39:12:368 Local queue size: 0
30/08 12:39:22:387 Local queue size: 0
30/08 12:39:32:455 Local queue size: 0
30/08 12:39:42:466 Local queue size: 0
30/08 12:39:52:516 Local queue size: 0
30/08 12:40:02:603 Local queue size: 0
30/08 12:40:16:275 OSA Callback started
30/08 12:40:20:615 Starting process session
30/08 12:40:20:716 Total 0 instances are started
30/08 12:40:20:716 Total 1 instances are added
30/08 12:40:30:890 Local queue size: 0
30/08 12:40:40:901 Local queue size: 0
30/08 12:40:50:994 Local queue size: 0
30/08 12:41:01:007 Local queue size: 0
30/08 12:41:11:049 Local queue size: 0
30/08 12:41:21:094 Local queue size: 0
30/08 12:41:31:097 Local queue size: 0
30/08 12:41:41:145 Local queue size: 0
30/08 12:41:51:219 Local queue size: 0
30/08 12:42:01:258 Local queue size: 0
30/08 12:42:11:311 Local queue size: 0
30/08 12:42:21:328 Local queue size: 0
30/08 12:42:31:372 Local queue size: 0
30/08 12:42:41:380 Local queue size: 0
30/08 12:42:51:435 Local queue size: 0
30/08 12:43:01:453 Local queue size: 0
30/08 12:43:11:483 Local queue size: 0
30/08 12:43:21:550 Local queue size: 0
30/08 12:43:31:591 Local queue size: 0
30/08 12:43:41:620 Local queue size: 0
30/08 12:43:51:644 Local queue size: 0
30/08 12:44:01:694 Local queue size: 0
30/08 12:44:11:720 Local queue size: 0
30/08 12:44:21:752 Local queue size: 0
30/08 12:44:31:823 Local queue size: 0
30/08 12:44:41:844 Local queue size: 0
30/08 12:44:51:862 Local queue size: 0
30/08 12:45:01:875 Local queue size: 0
30/08 12:45:11:925 Local queue size: 0
30/08 12:45:22:014 Local queue size: 0
30/08 12:46:10:708 OSA Callback started
30/08 12:46:11:454 Starting process session
30/08 12:46:11:569 Total 0 instances are started
30/08 12:46:11:570 Total 1 instances are added
30/08 12:46:21:677 Local queue size: 0
30/08 12:46:31:757 Local queue size: 0
30/08 12:46:41:815 Local queue size: 0
30/08 12:46:51:833 Local queue size: 0
30/08 12:47:01:919 Local queue size: 0
30/08 12:47:11:949 Local queue size: 0
30/08 12:47:21:971 Local queue size: 0
30/08 12:47:32:016 Local queue size: 0
30/08 12:47:42:074 Local queue size: 0
30/08 12:47:52:161 Local queue size: 0
30/08 12:48:02:207 Local queue size: 0
30/08 13:22:30:483 OSA Callback started
30/08 13:22:32:349 Starting process session
30/08 13:22:32:460 Total 0 instances are started
30/08 13:22:32:460 Total 1 instances are added
30/08 13:22:42:691 Local queue size: 0
30/08 13:22:52:692 Local queue size: 0
30/08 13:23:02:711 Local queue size: 0
30/08 13:23:12:811 Local queue size: 0
30/08 13:23:22:821 Local queue size: 0
30/08 13:23:32:903 Local queue size: 0
30/08 13:23:42:909 Local queue size: 0
30/08 13:23:52:935 Local queue size: 0
30/08 13:24:02:944 Local queue size: 0
30/08 13:24:13:028 Local queue size: 0
30/08 13:24:23:031 Local queue size: 0
30/08 13:24:33:032 Local queue size: 0
30/08 13:24:43:074 Local queue size: 0
30/08 13:24:53:084 Local queue size: 0
30/08 13:25:03:091 Local queue size: 0
30/08 13:25:13:125 Local queue size: 0
30/08 13:26:20:252 OSA Callback started
30/08 13:26:23:777 Starting process session
30/08 13:26:23:907 Total 0 instances are started
30/08 13:26:23:907 Total 1 instances are added
30/08 13:26:34:072 Local queue size: 0
30/08 13:26:44:083 Local queue size: 0
30/08 13:26:54:091 Local queue size: 0
30/08 13:27:04:098 Local queue size: 0
30/08 13:27:14:144 Local queue size: 0
30/08 13:27:24:145 Local queue size: 0
30/08 13:27:34:147 Local queue size: 0
30/08 13:27:44:220 Local queue size: 0
30/08 13:27:54:231 Local queue size: 0
30/08 13:28:04:235 Local queue size: 0
30/08 13:28:14:237 Local queue size: 0
30/08 13:28:24:239 Local queue size: 0
30/08 13:28:34:248 Local queue size: 0
30/08 13:28:44:251 Local queue size: 0
30/08 13:28:54:252 Local queue size: 0
30/08 13:29:04:258 Local queue size: 0
30/08 13:29:28:674 OSA Callback started
30/08 13:29:30:927 Starting process session
30/08 13:29:31:215 Total 0 instances are started
30/08 13:29:31:216 Total 1 instances are added
30/08 13:29:42:604 Local queue size: 0
30/08 13:29:52:631 Local queue size: 0
30/08 13:30:02:651 Local queue size: 0
30/08 13:30:12:681 Local queue size: 0
30/08 13:30:22:689 Local queue size: 0
30/08 13:30:32:708 Local queue size: 0
30/08 13:30:42:712 Local queue size: 0
30/08 13:30:52:713 Local queue size: 0
30/08 13:31:02:719 Local queue size: 0
30/08 13:31:12:721 Local queue size: 0
30/08 13:31:22:727 Local queue size: 0
30/08 13:31:32:728 Local queue size: 0
30/08 13:31:42:732 Local queue size: 0
30/08 13:31:52:791 Local queue size: 0
30/08 13:32:02:797 Local queue size: 0
30/08 13:32:12:804 Local queue size: 0
30/08 13:32:22:805 Local queue size: 0
30/08 13:32:32:882 Local queue size: 0
30/08 13:32:42:889 Local queue size: 0
30/08 13:32:52:891 Local queue size: 0
30/08 13:33:02:895 Local queue size: 0
30/08 13:33:12:927 Local queue size: 0
30/08 13:33:22:930 Local queue size: 0
30/08 13:33:32:933 Local queue size: 0
30/08 13:33:42:935 Local queue size: 0
30/08 13:33:52:942 Local queue size: 0
30/08 13:34:03:035 Local queue size: 0
30/08 13:34:13:058 Local queue size: 0
30/08 13:34:23:059 Local queue size: 0
30/08 13:34:33:061 Local queue size: 0
30/08 13:34:43:111 Local queue size: 0
30/08 13:34:53:113 Local queue size: 0
30/08 13:35:03:116 Local queue size: 0
30/08 13:35:13:123 Local queue size: 0
30/08 13:35:23:126 Local queue size: 0
30/08 13:35:33:202 Local queue size: 0
30/08 13:35:43:212 Local queue size: 0
30/08 13:35:53:220 Local queue size: 0
30/08 13:36:03:234 Local queue size: 0
30/08 13:36:13:240 Local queue size: 0
30/08 13:36:23:256 Local queue size: 0
30/08 13:36:33:260 Local queue size: 0
30/08 13:36:43:261 Local queue size: 0
30/08 13:36:53:299 Local queue size: 0
30/08 13:37:03:300 Local queue size: 0
30/08 13:37:13:310 Local queue size: 0
30/08 13:37:23:311 Local queue size: 0
30/08 13:37:33:365 Local queue size: 0
30/08 13:37:43:371 Local queue size: 0
30/08 13:37:53:384 Local queue size: 0
30/08 13:38:03:400 Local queue size: 0
30/08 13:38:13:462 Local queue size: 0
30/08 13:38:23:467 Local queue size: 0
30/08 13:38:33:469 Local queue size: 0
30/08 13:38:43:479 Local queue size: 0
30/08 13:38:53:574 Local queue size: 0
30/08 13:39:03:582 Local queue size: 0
30/08 13:39:13:584 Local queue size: 0
30/08 13:39:23:595 Local queue size: 0
30/08 13:39:33:604 Local queue size: 0
30/08 13:39:43:689 Local queue size: 0
30/08 13:39:53:691 Local queue size: 0
30/08 13:40:03:700 Local queue size: 0
30/08 13:40:13:708 Local queue size: 0
30/08 13:40:23:710 Local queue size: 0
30/08 13:40:33:775 Local queue size: 0
30/08 13:40:43:792 Local queue size: 0
30/08 13:40:53:803 Local queue size: 0
30/08 13:41:03:817 Local queue size: 0
30/08 13:41:13:871 Local queue size: 0
30/08 13:41:23:880 Local queue size: 0
30/08 13:41:33:882 Local queue size: 0
30/08 13:41:43:889 Local queue size: 0
30/08 13:41:53:899 Local queue size: 0
30/08 13:42:03:930 Local queue size: 0
30/08 13:42:13:937 Local queue size: 0
30/08 13:42:23:949 Local queue size: 0
30/08 13:42:34:033 Local queue size: 0
30/08 13:42:44:035 Local queue size: 0
30/08 13:42:54:042 Local queue size: 0
30/08 13:43:04:053 Local queue size: 0
30/08 13:43:14:055 Local queue size: 0
30/08 13:43:24:067 Local queue size: 0
30/08 13:43:34:073 Local queue size: 0
30/08 13:43:44:081 Local queue size: 0
30/08 13:43:54:083 Local queue size: 0
30/08 13:44:04:169 Local queue size: 0
30/08 13:44:14:180 Local queue size: 0
30/08 13:44:24:183 Local queue size: 0
30/08 13:44:34:187 Local queue size: 0
30/08 13:44:44:222 Local queue size: 0
30/08 13:44:54:224 Local queue size: 0
30/08 13:45:04:226 Local queue size: 0
30/08 13:45:14:230 Local queue size: 0
30/08 13:45:24:242 Local queue size: 0
30/08 13:45:34:327 Local queue size: 0
30/08 13:45:44:337 Local queue size: 0
30/08 13:45:54:340 Local queue size: 0
30/08 13:46:04:345 Local queue size: 0
30/08 13:46:14:430 Local queue size: 0
30/08 13:46:24:431 Local queue size: 0
30/08 13:46:34:451 Local queue size: 0
30/08 13:46:44:463 Local queue size: 0
30/08 13:46:54:474 Local queue size: 0
30/08 13:47:04:568 Local queue size: 0
30/08 13:47:14:578 Local queue size: 0
30/08 13:47:24:582 Local queue size: 0
30/08 13:47:34:591 Local queue size: 0
30/08 13:47:44:661 Local queue size: 0
30/08 13:47:54:667 Local queue size: 0
30/08 13:48:04:673 Local queue size: 0
30/08 13:48:14:675 Local queue size: 0
30/08 13:48:24:752 Local queue size: 0
30/08 13:48:34:768 Local queue size: 0
30/08 13:48:44:769 Local queue size: 0
30/08 13:48:54:776 Local queue size: 0
30/08 13:49:04:852 Local queue size: 0
30/08 13:49:14:857 Local queue size: 0
30/08 13:49:24:863 Local queue size: 0
30/08 13:49:34:877 Local queue size: 0
30/08 13:49:44:886 Local queue size: 0
30/08 13:49:54:965 Local queue size: 0
30/08 13:50:04:976 Local queue size: 0
30/08 13:50:14:990 Local queue size: 0
30/08 13:50:25:000 Local queue size: 0
30/08 13:50:35:004 Local queue size: 0
30/08 13:50:45:005 Local queue size: 0
30/08 13:50:55:007 Local queue size: 0
30/08 13:51:05:017 Local queue size: 0
30/08 13:51:15:019 Local queue size: 0
30/08 13:51:25:025 Local queue size: 0
30/08 13:51:35:026 Local queue size: 0
30/08 13:51:45:039 Local queue size: 0
30/08 13:51:55:044 Local queue size: 0
30/08 13:52:05:046 Local queue size: 0
30/08 13:52:15:047 Local queue size: 0
30/08 13:52:25:062 Local queue size: 0
30/08 13:52:35:064 Local queue size: 0
30/08 13:52:45:065 Local queue size: 0
30/08 13:52:55:069 Local queue size: 0
30/08 13:53:05:070 Local queue size: 0
30/08 13:53:15:072 Local queue size: 0
30/08 13:53:25:074 Local queue size: 0
30/08 13:53:35:079 Local queue size: 0
30/08 13:53:45:083 Local queue size: 0
30/08 13:53:55:085 Local queue size: 0
30/08 13:54:05:093 Local queue size: 0
30/08 13:54:15:099 Local queue size: 0
30/08 13:54:25:120 Local queue size: 0
30/08 13:54:35:161 Local queue size: 0
30/08 13:54:45:173 Local queue size: 0
30/08 13:54:55:187 Local queue size: 0
30/08 13:55:05:188 Local queue size: 0
30/08 13:55:15:196 Local queue size: 0
30/08 13:55:25:226 Local queue size: 0
30/08 13:55:35:228 Local queue size: 0
30/08 13:55:45:230 Local queue size: 0
30/08 13:55:55:233 Local queue size: 0
30/08 13:56:05:291 Local queue size: 0
30/08 13:56:15:305 Local queue size: 0
30/08 13:56:25:316 Local queue size: 0
30/08 13:56:35:320 Local queue size: 0
30/08 13:56:45:334 Local queue size: 0
30/08 13:56:55:423 Local queue size: 0
30/08 13:57:05:425 Local queue size: 0
30/08 13:57:15:438 Local queue size: 0
30/08 13:57:25:456 Local queue size: 0
30/08 13:57:35:535 Local queue size: 0
30/08 13:57:45:538 Local queue size: 0
30/08 13:57:55:555 Local queue size: 0
30/08 13:58:05:586 Local queue size: 0
30/08 13:58:15:588 Local queue size: 0
30/08 13:58:25:640 Local queue size: 0
30/08 13:58:35:642 Local queue size: 0
30/08 13:58:45:654 Local queue size: 0
30/08 13:58:55:666 Local queue size: 0
30/08 13:59:05:681 Local queue size: 0
30/08 13:59:15:686 Local queue size: 0
30/08 13:59:25:687 Local queue size: 0
30/08 13:59:35:695 Local queue size: 0
30/08 13:59:45:708 Local queue size: 0
30/08 13:59:55:714 Local queue size: 0
30/08 14:00:05:722 Local queue size: 0
30/08 14:00:15:724 Local queue size: 0
30/08 14:00:25:727 Local queue size: 0
30/08 14:00:35:728 Local queue size: 0
30/08 14:00:45:732 Local queue size: 0
30/08 14:00:55:832 Local queue size: 0
30/08 14:01:05:844 Local queue size: 0
30/08 14:01:15:846 Local queue size: 0
30/08 14:01:25:851 Local queue size: 0
30/08 14:01:35:862 Local queue size: 0
30/08 14:01:45:872 Local queue size: 0
30/08 14:01:55:879 Local queue size: 0
30/08 14:02:05:887 Local queue size: 0
30/08 14:02:15:892 Local queue size: 0
30/08 14:02:25:893 Local queue size: 0
30/08 14:02:35:895 Local queue size: 0
30/08 14:02:45:926 Local queue size: 0
30/08 14:02:55:932 Local queue size: 0
30/08 14:03:05:935 Local queue size: 0
30/08 14:03:15:936 Local queue size: 0
30/08 14:03:26:012 Local queue size: 0
30/08 14:03:36:013 Local queue size: 0
30/08 14:03:46:015 Local queue size: 0
30/08 14:03:56:025 Local queue size: 0
30/08 14:04:06:029 Local queue size: 0
30/08 14:04:16:088 Local queue size: 0
30/08 14:04:26:090 Local queue size: 0
30/08 14:04:36:092 Local queue size: 0
30/08 14:04:46:097 Local queue size: 0
30/08 14:04:56:111 Local queue size: 0
30/08 14:07:30:489 OSA Callback started
30/08 14:07:33:561 Starting process session
30/08 14:07:34:118 Total 0 instances are started
30/08 14:07:34:120 Total 1 instances are added
30/08 14:07:44:319 Local queue size: 0
30/08 14:07:54:368 Local queue size: 0
30/08 14:08:04:370 Local queue size: 0
30/08 14:08:14:391 Local queue size: 0
30/08 14:08:24:424 Local queue size: 0
30/08 14:08:34:442 Local queue size: 0
30/08 14:08:44:448 Local queue size: 0
30/08 14:08:54:461 Local queue size: 0
30/08 14:09:04:483 Local queue size: 0
30/08 14:09:14:486 Local queue size: 0
30/08 14:09:24:523 Local queue size: 0
30/08 14:09:34:526 Local queue size: 0
30/08 14:09:44:528 Local queue size: 0
30/08 14:09:54:534 Local queue size: 0
30/08 14:10:04:562 Local queue size: 0
30/08 14:10:14:567 Local queue size: 0
30/08 14:10:24:629 Local queue size: 0
30/08 14:10:34:630 Local queue size: 0
30/08 14:10:44:638 Local queue size: 0
30/08 14:10:54:645 Local queue size: 0
30/08 14:11:04:659 Local queue size: 0
30/08 14:11:14:661 Local queue size: 0
30/08 14:11:24:680 Local queue size: 0
30/08 14:11:34:682 Local queue size: 0
30/08 14:11:44:687 Local queue size: 0
30/08 14:11:54:705 Local queue size: 0
30/08 14:12:04:709 Local queue size: 0
30/08 14:12:14:719 Local queue size: 0
30/08 14:12:24:722 Local queue size: 0
30/08 14:12:40:060 OSA Callback started
30/08 14:12:43:742 Starting process session
30/08 14:12:43:879 Total 0 instances are started
30/08 14:12:43:879 Total 1 instances are added
30/08 14:12:54:004 Local queue size: 0
30/08 14:13:04:091 Local queue size: 0
30/08 14:13:14:128 Local queue size: 0
30/08 14:13:24:180 Local queue size: 0
30/08 14:13:34:189 Local queue size: 0
30/08 14:13:44:191 Local queue size: 0
30/08 14:13:54:221 Local queue size: 0
30/08 14:14:04:230 Local queue size: 0
30/08 14:14:14:240 Local queue size: 0
30/08 14:14:24:241 Local queue size: 0
30/08 14:14:34:263 Local queue size: 0
30/08 14:14:44:275 Local queue size: 0
30/08 14:14:54:281 Local queue size: 0
30/08 14:15:04:290 Local queue size: 0
30/08 14:15:14:291 Local queue size: 0
30/08 14:15:24:293 Local queue size: 0
30/08 14:15:34:393 Local queue size: 0
30/08 14:15:44:955 OSA Callback started
30/08 14:15:48:607 Starting process session
30/08 14:15:48:772 Total 0 instances are started
30/08 14:15:48:773 Total 1 instances are added
30/08 14:15:58:956 Local queue size: 0
30/08 14:16:09:000 Local queue size: 0
30/08 14:16:19:068 Local queue size: 0
30/08 14:16:29:094 Local queue size: 0
30/08 14:16:39:181 Local queue size: 0
30/08 14:16:49:189 Local queue size: 0
30/08 14:16:59:194 Local queue size: 0
30/08 14:17:09:197 Local queue size: 0
30/08 14:17:19:200 Local queue size: 0
30/08 14:17:29:205 Local queue size: 0
30/08 14:17:39:216 Local queue size: 0
30/08 14:17:49:291 Local queue size: 0
30/08 14:17:59:298 Local queue size: 0
30/08 14:18:09:313 Local queue size: 0
30/08 14:18:19:320 Local queue size: 0
30/08 14:18:29:328 Local queue size: 0
30/08 14:18:39:340 Local queue size: 0
30/08 14:18:49:344 Local queue size: 0
30/08 14:18:59:383 Local queue size: 0
30/08 14:19:09:390 Local queue size: 0
30/08 14:19:19:427 Local queue size: 0
30/08 14:19:29:435 Local queue size: 0
30/08 14:19:39:454 Local queue size: 0
30/08 14:19:49:455 Local queue size: 0
30/08 14:19:59:465 Local queue size: 0
30/08 14:20:09:466 Local queue size: 0
30/08 14:20:19:470 Local queue size: 0
30/08 14:20:29:477 Local queue size: 0
30/08 14:20:39:479 Local queue size: 0
30/08 14:20:49:564 Local queue size: 0
30/08 14:20:59:569 Local queue size: 0
30/08 14:21:09:581 Local queue size: 0
30/08 14:21:19:601 Local queue size: 0
30/08 14:21:29:668 Local queue size: 0
30/08 14:21:39:674 Local queue size: 0
30/08 14:21:49:679 Local queue size: 0
30/08 14:21:59:681 Local queue size: 0
30/08 14:22:09:762 Local queue size: 0
30/08 14:22:19:779 Local queue size: 0
30/08 14:22:43:128 OSA Callback started
30/08 14:22:46:664 Starting process session
30/08 14:22:46:797 Total 0 instances are started
30/08 14:22:46:797 Total 1 instances are added
30/08 14:22:56:996 Local queue size: 0
30/08 14:23:07:012 Local queue size: 0
30/08 14:23:17:030 Local queue size: 0
30/08 14:23:27:071 Local queue size: 0
30/08 14:23:37:081 Local queue size: 0
30/08 14:23:47:093 Local queue size: 0
30/08 14:23:57:100 Local queue size: 0
30/08 14:24:07:128 Local queue size: 0
30/08 14:25:16:721 OSA Callback started
30/08 14:25:20:175 Starting process session
30/08 14:25:20:283 Total 0 instances are started
30/08 14:25:20:284 Total 1 instances are added
30/08 14:25:30:523 Local queue size: 0
30/08 14:25:40:532 Local queue size: 0
30/08 14:25:50:573 Local queue size: 0
30/08 14:26:00:647 Local queue size: 0
30/08 14:26:10:654 Local queue size: 0
30/08 14:26:20:658 Local queue size: 0
30/08 14:26:30:664 Local queue size: 0
30/08 14:26:40:692 Local queue size: 0
30/08 14:26:50:701 Local queue size: 0
30/08 14:27:00:707 Local queue size: 0
30/08 14:27:10:711 Local queue size: 0
30/08 14:27:20:725 Local queue size: 0
30/08 14:27:30:781 Local queue size: 0
30/08 14:27:40:784 Local queue size: 0
30/08 14:27:50:789 Local queue size: 0
30/08 14:28:04:580 OSA Callback started
30/08 14:28:05:373 Starting process session
30/08 14:28:05:480 Total 0 instances are started
30/08 14:28:05:484 Total 1 instances are added
30/08 14:28:15:604 Local queue size: 0
30/08 14:28:25:611 Local queue size: 0
30/08 14:28:35:628 Local queue size: 0
30/08 14:28:45:677 Local queue size: 0
30/08 14:28:55:683 Local queue size: 0
30/08 14:29:05:686 Local queue size: 0
30/08 14:29:15:693 Local queue size: 0
30/08 14:29:25:763 Local queue size: 0
30/08 14:30:40:129 OSA Callback started
30/08 14:31:09:892 Error occured: Connections could not be acquired from the underlying database!
30/08 14:31:41:539 OSA Callback started
30/08 14:31:43:384 Starting process session
30/08 14:31:43:998 Total 0 instances are started
30/08 14:31:43:999 Total 1 instances are added
30/08 14:31:55:214 Local queue size: 0
30/08 14:32:05:242 Local queue size: 0
30/08 14:32:15:253 Local queue size: 0
30/08 14:32:25:261 Local queue size: 0
30/08 14:32:35:270 Local queue size: 0
30/08 14:32:48:656 OSA Callback started
30/08 14:32:52:662 Starting process session
30/08 14:32:52:764 Total 0 instances are started
30/08 14:32:52:764 Total 1 instances are added
30/08 14:33:02:906 Local queue size: 0
30/08 14:33:12:912 Local queue size: 0
30/08 14:33:22:925 Local queue size: 0
30/08 14:33:32:986 Local queue size: 0
30/08 14:33:42:988 Local queue size: 0
30/08 14:33:52:999 Local queue size: 0
30/08 14:34:03:005 Local queue size: 0
30/08 14:34:13:008 Local queue size: 0
30/08 14:34:32:859 OSA Callback started
30/08 14:34:36:543 Starting process session
30/08 14:34:36:649 Total 0 instances are started
30/08 14:34:36:650 Total 1 instances are added
30/08 14:34:46:829 Local queue size: 0
30/08 14:34:56:865 Local queue size: 0
30/08 14:35:06:892 Local queue size: 0
30/08 14:35:16:976 Local queue size: 0
30/08 14:35:26:980 Local queue size: 0
30/08 14:35:36:992 Local queue size: 0
30/08 14:35:47:013 Local queue size: 0
30/08 14:35:57:031 Local queue size: 0
30/08 14:36:07:060 Local queue size: 0
30/08 14:36:17:064 Local queue size: 0
30/08 14:36:27:100 Local queue size: 0
30/08 14:36:37:189 Local queue size: 0
30/08 14:36:47:199 Local queue size: 0
30/08 14:36:57:282 Local queue size: 0
30/08 14:37:07:289 Local queue size: 0
30/08 14:50:27:641 OSA Callback started
30/08 14:50:30:929 Starting process session
30/08 14:50:31:100 Total 0 instances are started
30/08 14:50:31:100 Total 1 instances are added
30/08 14:50:41:230 Local queue size: 0
30/08 14:50:51:237 Local queue size: 0
30/08 14:51:01:238 Local queue size: 0
30/08 14:51:11:250 Local queue size: 0
30/08 14:51:21:329 Local queue size: 0
30/08 14:51:31:351 Local queue size: 0
30/08 14:51:41:355 Local queue size: 0
30/08 14:51:51:361 Local queue size: 0
30/08 14:52:01:363 Local queue size: 0
30/08 14:52:11:364 Local queue size: 0
30/08 14:52:21:366 Local queue size: 0
30/08 14:52:31:369 Local queue size: 0
30/08 16:02:28:009 OSA Callback started
30/08 16:02:31:372 Starting process session
30/08 16:02:31:562 Total 0 instances are started
30/08 16:02:31:562 Total 1 instances are added
30/08 16:02:41:680 Local queue size: 0
30/08 16:02:51:690 Local queue size: 0
30/08 16:03:01:718 Local queue size: 0
30/08 16:03:11:733 Local queue size: 0
30/08 16:03:21:744 Local queue size: 0
30/08 16:03:31:746 Local queue size: 0
30/08 16:03:41:751 Local queue size: 0
30/08 16:03:51:783 Local queue size: 0
30/08 16:04:01:787 Local queue size: 0
30/08 16:04:11:788 Local queue size: 0
30/08 16:04:21:790 Local queue size: 0
30/08 16:04:31:791 Local queue size: 0
30/08 16:04:41:800 Local queue size: 0
30/08 16:04:51:802 Local queue size: 0
30/08 16:05:01:804 Local queue size: 0
30/08 16:05:17:640 OSA Callback started
30/08 16:05:20:468 Starting process session
30/08 16:05:20:579 Total 0 instances are started
30/08 16:05:20:582 Total 1 instances are added
30/08 16:05:30:792 Local queue size: 0
30/08 16:05:40:816 Local queue size: 0
30/08 16:05:50:825 Local queue size: 0
30/08 16:06:00:826 Local queue size: 0
30/08 16:11:35:307 OSA Callback started
30/08 16:11:37:607 Starting process session
30/08 16:11:38:304 Total 0 instances are started
30/08 16:11:38:310 Total 1 instances are added
30/08 16:11:48:472 Local queue size: 0
30/08 16:11:58:526 Local queue size: 0
30/08 16:12:08:528 Local queue size: 0
30/08 16:12:18:533 Local queue size: 0
30/08 16:12:28:535 Local queue size: 0
30/08 16:12:38:548 Local queue size: 0
30/08 16:12:48:590 Local queue size: 0
30/08 16:12:58:599 Local queue size: 0
30/08 16:13:08:601 Local queue size: 0
30/08 16:13:18:645 Local queue size: 0
30/08 16:13:28:738 Local queue size: 0
30/08 16:13:38:743 Local queue size: 0
30/08 16:13:48:746 Local queue size: 0
30/08 16:13:58:787 Local queue size: 0
30/08 16:14:08:795 Local queue size: 0
30/08 16:14:18:800 Local queue size: 0
30/08 16:14:28:805 Local queue size: 0
30/08 16:14:38:857 Local queue size: 0
30/08 16:14:48:859 Local queue size: 0
30/08 16:15:02:841 OSA Callback started
30/08 16:15:06:146 Starting process session
30/08 16:15:06:250 Total 0 instances are started
30/08 16:15:06:250 Total 1 instances are added
30/08 16:15:16:361 Local queue size: 0
30/08 16:15:26:431 Local queue size: 0
30/08 16:15:36:466 Local queue size: 0
30/08 16:15:46:471 Local queue size: 0
30/08 16:15:56:551 Local queue size: 0
30/08 16:16:06:559 Local queue size: 0
30/08 16:16:16:564 Local queue size: 0
30/08 16:16:26:583 Local queue size: 0
30/08 16:16:36:592 Local queue size: 0
30/08 16:16:46:608 Local queue size: 0
30/08 16:16:56:612 Local queue size: 0
30/08 16:17:06:614 Local queue size: 0
30/08 16:17:16:617 Local queue size: 0
30/08 16:17:26:627 Local queue size: 0
30/08 16:17:36:640 Local queue size: 0
30/08 16:17:46:643 Local queue size: 0
30/08 16:17:56:704 Local queue size: 0
30/08 16:18:06:708 Local queue size: 0
30/08 16:18:15:650 OSA Callback started
30/08 16:18:19:918 Starting process session
30/08 16:18:20:019 Total 0 instances are started
30/08 16:18:20:019 Total 1 instances are added
30/08 16:18:30:197 Local queue size: 0
30/08 16:18:40:206 Local queue size: 0
30/08 16:18:50:267 Local queue size: 0
30/08 16:19:00:287 Local queue size: 0
30/08 16:19:10:386 Local queue size: 0
30/08 16:19:20:392 Local queue size: 0
30/08 16:19:30:395 Local queue size: 0
30/08 16:19:40:396 Local queue size: 0
30/08 16:19:50:437 Local queue size: 0
30/08 16:20:00:441 Local queue size: 0
30/08 16:20:10:454 Local queue size: 0
30/08 16:20:20:537 Local queue size: 0
30/08 16:20:30:546 Local queue size: 0
30/08 16:20:40:596 Local queue size: 0
30/08 16:20:50:606 Local queue size: 0
30/08 16:21:00:700 Local queue size: 0
30/08 16:21:10:702 Local queue size: 0
30/08 16:21:28:445 OSA Callback started
30/08 16:21:29:157 Starting process session
30/08 16:21:29:265 Total 0 instances are started
30/08 16:21:29:266 Total 1 instances are added
30/08 16:21:39:389 Local queue size: 0
30/08 16:21:49:420 Local queue size: 0
30/08 16:21:59:447 Local queue size: 0
30/08 16:22:09:484 Local queue size: 0
30/08 16:22:19:557 Local queue size: 0
30/08 16:22:29:576 Local queue size: 0
30/08 16:22:39:584 Local queue size: 0
30/08 16:22:49:586 Local queue size: 0
30/08 16:22:59:686 Local queue size: 0
30/08 16:23:09:692 Local queue size: 0
30/08 16:23:19:695 Local queue size: 0
30/08 16:23:29:732 Local queue size: 0
30/08 16:23:39:743 Local queue size: 0
30/08 16:23:49:767 Local queue size: 0
30/08 16:23:59:772 Local queue size: 0
30/08 16:24:09:778 Local queue size: 0
30/08 16:24:19:781 Local queue size: 0
30/08 16:24:29:783 Local queue size: 0
30/08 16:24:39:791 Local queue size: 0
30/08 16:24:49:793 Local queue size: 0
30/08 16:24:59:803 Local queue size: 0
30/08 16:25:09:812 Local queue size: 0
30/08 16:25:19:814 Local queue size: 0
30/08 16:25:29:836 Local queue size: 0
30/08 16:25:39:842 Local queue size: 0
30/08 16:25:49:846 Local queue size: 0
30/08 16:25:59:848 Local queue size: 0
30/08 16:26:09:863 Local queue size: 0
30/08 16:26:19:882 Local queue size: 0
30/08 16:26:29:884 Local queue size: 0
30/08 16:26:39:900 Local queue size: 0
30/08 16:26:49:920 Local queue size: 0
30/08 16:26:59:924 Local queue size: 0
30/08 16:27:10:014 Local queue size: 0
30/08 16:27:20:023 Local queue size: 0
30/08 16:27:30:028 Local queue size: 0
30/08 16:27:40:033 Local queue size: 0
30/08 16:27:50:116 Local queue size: 0
30/08 16:28:00:125 Local queue size: 0
30/08 16:28:10:151 Local queue size: 0
30/08 16:28:20:170 Local queue size: 0
30/08 16:28:30:177 Local queue size: 0
30/08 16:28:40:190 Local queue size: 0
30/08 16:28:50:244 Local queue size: 0
30/08 16:29:00:259 Local queue size: 0
30/08 16:29:10:284 Local queue size: 0
30/08 16:29:20:306 Local queue size: 0
30/08 16:29:30:324 Local queue size: 0
30/08 16:29:40:336 Local queue size: 0
30/08 16:29:50:341 Local queue size: 0
30/08 16:30:00:357 Local queue size: 0
30/08 16:30:10:370 Local queue size: 0
30/08 16:30:20:381 Local queue size: 0
30/08 16:30:30:383 Local queue size: 0
30/08 16:30:40:389 Local queue size: 0
30/08 16:30:50:395 Local queue size: 0
30/08 16:31:00:396 Local queue size: 0
30/08 16:31:10:412 Local queue size: 0
30/08 16:31:20:423 Local queue size: 0
30/08 16:31:30:453 Local queue size: 0
30/08 16:31:40:466 Local queue size: 0
30/08 16:31:50:489 Local queue size: 0
30/08 16:32:00:491 Local queue size: 0
30/08 16:32:10:494 Local queue size: 0
30/08 16:32:20:501 Local queue size: 0
30/08 16:32:30:505 Local queue size: 0
30/08 16:32:40:508 Local queue size: 0
30/08 16:32:50:515 Local queue size: 0
30/08 16:33:00:522 Local queue size: 0
30/08 16:33:10:532 Local queue size: 0
30/08 16:33:20:597 Local queue size: 0
30/08 16:33:30:606 Local queue size: 0
30/08 16:33:40:621 Local queue size: 0
30/08 16:33:50:625 Local queue size: 0
30/08 16:34:00:646 Local queue size: 0
30/08 16:34:10:654 Local queue size: 0
30/08 16:34:20:656 Local queue size: 0
30/08 16:34:30:678 Local queue size: 0
30/08 16:34:40:680 Local queue size: 0
30/08 16:34:50:702 Local queue size: 0
30/08 16:35:00:706 Local queue size: 0
30/08 16:35:10:766 Local queue size: 0
30/08 16:35:20:772 Local queue size: 0
30/08 16:35:30:774 Local queue size: 0
30/08 16:35:40:777 Local queue size: 0
30/08 16:35:50:852 Local queue size: 0
30/08 16:36:00:858 Local queue size: 0
30/08 16:36:10:868 Local queue size: 0
30/08 16:36:20:870 Local queue size: 0
30/08 16:36:30:877 Local queue size: 0
30/08 16:36:40:879 Local queue size: 0
30/08 16:36:50:887 Local queue size: 0
30/08 16:37:00:888 Local queue size: 0
30/08 16:37:10:956 Local queue size: 0
30/08 16:37:20:964 Local queue size: 0
30/08 16:37:30:966 Local queue size: 0
30/08 16:37:40:971 Local queue size: 0
30/08 16:37:51:008 Local queue size: 0
30/08 16:38:01:012 Local queue size: 0
30/08 16:38:11:029 Local queue size: 0
30/08 16:38:21:034 Local queue size: 0
30/08 16:38:31:088 Local queue size: 0
30/08 16:38:41:090 Local queue size: 0
30/08 16:38:51:092 Local queue size: 0
30/08 16:39:01:110 Local queue size: 0
30/08 16:39:11:186 Local queue size: 0
30/08 16:39:21:193 Local queue size: 0
30/08 16:39:37:124 OSA Callback started
30/08 16:39:37:862 Starting process session
30/08 16:39:37:982 Total 0 instances are started
30/08 16:39:37:984 Total 1 instances are added
30/08 16:39:48:191 Local queue size: 0
30/08 16:39:58:192 Local queue size: 0
30/08 16:40:08:252 Local queue size: 0
30/08 16:40:18:300 Local queue size: 0
30/08 16:40:28:307 Local queue size: 0
30/08 16:40:38:330 Local queue size: 0
30/08 16:40:48:334 Local queue size: 0
30/08 16:40:58:354 Local queue size: 0
30/08 16:41:08:363 Local queue size: 0
30/08 16:41:18:372 Local queue size: 0
30/08 16:41:28:374 Local queue size: 0
30/08 16:41:38:380 Local queue size: 0
30/08 16:41:48:413 Local queue size: 0
30/08 16:41:58:423 Local queue size: 0
30/08 16:42:08:430 Local queue size: 0
30/08 16:42:33:555 OSA Callback started
30/08 16:42:34:840 Starting process session
30/08 16:42:34:981 Total 0 instances are started
30/08 16:42:34:981 Total 1 instances are added
30/08 16:42:45:099 Local queue size: 0
30/08 16:42:55:197 Local queue size: 0
30/08 16:43:05:212 Local queue size: 0
30/08 16:43:15:214 Local queue size: 0
30/08 16:43:25:220 Local queue size: 0
30/08 16:43:32:361 OSA Callback started
30/08 16:43:34:804 Starting process session
30/08 16:43:36:146 Total 0 instances are started
30/08 16:43:36:148 Total 1 instances are added
30/08 16:43:46:309 Local queue size: 0
30/08 16:43:56:312 Local queue size: 0
30/08 16:44:06:324 Local queue size: 0
30/08 16:44:16:334 Local queue size: 0
30/08 16:44:26:366 Local queue size: 0
30/08 16:44:36:368 Local queue size: 0
30/08 16:44:46:370 Local queue size: 0
30/08 16:46:06:425 OSA Callback started
30/08 16:46:08:209 Starting process session
30/08 16:46:08:424 Total 0 instances are started
30/08 16:46:08:425 Total 1 instances are added
30/08 16:46:18:608 Local queue size: 0
30/08 16:46:28:692 Local queue size: 0
30/08 16:46:38:694 Local queue size: 0
30/08 16:46:48:721 Local queue size: 0
30/08 16:46:58:725 Local queue size: 0
30/08 16:47:08:730 Local queue size: 0
30/08 16:47:18:732 Local queue size: 0
30/08 16:47:28:783 Local queue size: 0
30/08 16:47:38:798 Local queue size: 0
30/08 16:47:48:800 Local queue size: 0
30/08 16:47:58:802 Local queue size: 0
30/08 16:48:08:810 Local queue size: 0
30/08 16:48:18:817 Local queue size: 0
30/08 16:48:28:818 Local queue size: 0
30/08 16:48:38:827 Local queue size: 0
30/08 16:48:48:832 Local queue size: 0
30/08 16:48:58:834 Local queue size: 0
30/08 16:49:08:836 Local queue size: 0
30/08 16:49:18:837 Local queue size: 0
30/08 16:49:28:840 Local queue size: 0
30/08 16:49:38:841 Local queue size: 0
30/08 16:49:48:844 Local queue size: 0
30/08 16:49:58:849 Local queue size: 0
30/08 16:50:08:857 Local queue size: 0
30/08 16:50:18:863 Local queue size: 0
30/08 16:50:28:950 Local queue size: 0
30/08 16:51:36:424 OSA Callback started
30/08 16:51:38:539 Starting process session
30/08 16:51:38:780 Total 0 instances are started
30/08 16:51:38:784 Total 1 instances are added
30/08 16:51:49:036 Local queue size: 0
30/08 16:51:59:038 Local queue size: 0
30/08 16:52:09:047 Local queue size: 0
30/08 16:52:19:080 Local queue size: 0
30/08 16:52:29:083 Local queue size: 0
30/08 16:52:39:087 Local queue size: 0
30/08 16:52:49:089 Local queue size: 0
30/08 16:52:59:133 Local queue size: 0
30/08 16:53:09:141 Local queue size: 0
30/08 16:53:19:143 Local queue size: 0
30/08 16:53:29:153 Local queue size: 0
30/08 16:53:39:204 Local queue size: 0
30/08 16:53:49:207 Local queue size: 0
30/08 16:53:59:208 Local queue size: 0
30/08 16:54:09:222 Local queue size: 0
30/08 16:54:19:227 Local queue size: 0
30/08 16:54:29:269 Local queue size: 0
30/08 16:54:39:272 Local queue size: 0
30/08 16:54:49:763 OSA Callback started
30/08 16:54:53:376 Starting process session
30/08 16:54:53:504 Total 0 instances are started
30/08 16:54:53:505 Total 1 instances are added
30/08 16:55:03:704 Local queue size: 0
30/08 16:55:13:752 Local queue size: 0
30/08 16:55:23:754 Local queue size: 0
30/08 16:55:33:766 Local queue size: 0
30/08 16:55:43:774 Local queue size: 0
30/08 16:56:09:434 OSA Callback started
30/08 16:56:11:870 Starting process session
30/08 16:56:12:385 Total 0 instances are started
30/08 16:56:12:387 Total 1 instances are added
30/08 16:56:22:673 Local queue size: 0
30/08 16:56:32:688 Local queue size: 0
30/08 16:56:42:722 Local queue size: 0
30/08 16:56:52:726 Local queue size: 0
30/08 16:57:02:743 Local queue size: 0
30/08 16:57:12:752 Local queue size: 0
30/08 16:57:22:757 Local queue size: 0
30/08 16:57:32:838 Local queue size: 0
30/08 16:57:42:844 Local queue size: 0
30/08 16:57:52:853 Local queue size: 0
30/08 16:58:02:864 Local queue size: 0
30/08 16:58:12:921 Local queue size: 0
30/08 16:58:22:947 Local queue size: 0
30/08 16:58:32:970 Local queue size: 0
30/08 16:58:42:972 Local queue size: 0
30/08 16:58:53:000 Local queue size: 0
30/08 16:59:03:014 Local queue size: 0
30/08 16:59:13:019 Local queue size: 0
30/08 16:59:23:021 Local queue size: 0
30/08 16:59:33:022 Local queue size: 0
30/08 16:59:43:071 Local queue size: 0
30/08 16:59:53:077 Local queue size: 0
30/08 17:00:03:080 Local queue size: 0
30/08 17:00:13:086 Local queue size: 0
30/08 17:00:23:100 Local queue size: 0
30/08 17:00:33:124 Local queue size: 0
30/08 17:00:43:129 Local queue size: 0
30/08 17:00:53:141 Local queue size: 0
30/08 18:12:52:886 OSA Callback started
30/08 18:12:54:744 Starting process session
30/08 18:12:54:930 Total 0 instances are started
30/08 18:12:54:932 Total 1 instances are added
30/08 18:13:05:165 Local queue size: 0
30/08 18:13:21:444 OSA Callback started
30/08 18:13:25:039 Starting process session
30/08 18:13:25:142 Total 0 instances are started
30/08 18:13:25:143 Total 1 instances are added
30/08 18:13:35:311 Local queue size: 0
30/08 18:13:45:314 Local queue size: 0
30/08 18:13:55:348 Local queue size: 0
30/08 18:14:05:405 Local queue size: 0
30/08 18:14:15:421 Local queue size: 0
30/08 18:14:25:445 Local queue size: 0
30/08 18:14:35:474 Local queue size: 0
30/08 18:14:45:556 Local queue size: 0
30/08 18:14:55:564 Local queue size: 0
30/08 18:15:05:570 Local queue size: 0
30/08 18:15:15:572 Local queue size: 0
30/08 18:15:25:577 Local queue size: 0
30/08 18:15:35:626 Local queue size: 0
30/08 18:15:45:631 Local queue size: 0
30/08 18:15:55:632 Local queue size: 0
30/08 18:16:05:643 Local queue size: 0
30/08 18:16:25:930 OSA Callback started
30/08 18:16:26:718 Starting process session
30/08 18:16:26:832 Total 0 instances are started
30/08 18:16:26:833 Total 1 instances are added
30/08 18:16:36:999 Local queue size: 0
30/08 18:16:47:000 Local queue size: 0
30/08 18:16:57:009 Local queue size: 0
30/08 18:17:07:050 Local queue size: 0
30/08 18:17:17:052 Local queue size: 0
30/08 18:17:27:056 Local queue size: 0
30/08 18:17:37:142 Local queue size: 0
30/08 18:17:47:148 Local queue size: 0
30/08 18:17:57:155 Local queue size: 0
30/08 18:18:07:158 Local queue size: 0
30/08 18:18:17:227 Local queue size: 0
30/08 18:18:27:238 Local queue size: 0
30/08 18:18:37:245 Local queue size: 0
30/08 18:18:47:246 Local queue size: 0
30/08 18:18:57:303 Local queue size: 0
30/08 18:19:07:329 Local queue size: 0
30/08 18:19:17:337 Local queue size: 0
30/08 18:19:27:338 Local queue size: 0
30/08 18:19:37:370 Local queue size: 0
30/08 18:20:35:272 OSA Callback started
30/08 18:20:37:140 Starting process session
30/08 18:20:37:302 Total 0 instances are started
30/08 18:20:37:305 Total 1 instances are added
30/08 18:20:47:801 Local queue size: 0
30/08 18:20:57:804 Local queue size: 0
30/08 18:21:07:814 Local queue size: 0
30/08 18:21:17:823 Local queue size: 0
30/08 18:21:27:837 Local queue size: 0
30/08 18:21:37:862 Local queue size: 0
30/08 18:21:47:872 Local queue size: 0
30/08 18:21:57:885 Local queue size: 0
30/08 18:22:07:887 Local queue size: 0
30/08 18:22:17:889 Local queue size: 0
30/08 18:22:27:896 Local queue size: 0
30/08 18:22:37:897 Local queue size: 0
30/08 18:22:47:903 Local queue size: 0
30/08 18:22:57:910 Local queue size: 0
30/08 18:23:07:913 Local queue size: 0
30/08 18:23:17:915 Local queue size: 0
30/08 18:23:27:916 Local queue size: 0
30/08 18:23:37:918 Local queue size: 0
30/08 18:23:47:937 Local queue size: 0
30/08 18:23:57:941 Local queue size: 0
30/08 18:24:07:945 Local queue size: 0
30/08 18:24:17:950 Local queue size: 0
30/08 18:24:27:969 Local queue size: 0
30/08 18:24:37:979 Local queue size: 0
30/08 18:24:47:984 Local queue size: 0
30/08 18:24:58:082 Local queue size: 0
30/08 18:27:00:895 OSA Callback started
30/08 18:27:04:273 Starting process session
30/08 18:27:04:450 Total 0 instances are started
30/08 18:27:04:451 Total 1 instances are added
30/08 18:27:14:677 Local queue size: 0
30/08 18:27:24:679 Local queue size: 0
30/08 18:27:34:681 Local queue size: 0
30/08 18:27:44:711 Local queue size: 0
30/08 18:27:54:736 Local queue size: 0
30/08 18:28:04:744 Local queue size: 0
30/08 18:28:14:751 Local queue size: 0
30/08 18:28:24:754 Local queue size: 0
30/08 18:28:34:787 Local queue size: 0
30/08 18:28:44:853 Local queue size: 0
30/08 18:28:54:882 Local queue size: 0
30/08 18:29:04:891 Local queue size: 0
30/08 18:29:17:770 OSA Callback started
30/08 18:29:21:607 Starting process session
30/08 18:29:21:733 Total 0 instances are started
30/08 18:29:21:733 Total 1 instances are added
30/08 18:29:31:933 Local queue size: 0
30/08 18:29:41:953 Local queue size: 0
30/08 18:29:51:975 Local queue size: 0
30/08 18:30:02:002 Local queue size: 0
30/08 18:30:12:014 Local queue size: 0
30/08 18:30:22:017 Local queue size: 0
30/08 18:30:32:081 Local queue size: 0
30/08 18:30:42:098 Local queue size: 0
