12/09 08:49:37:169 OSA Callback started
12/09 08:49:38:017 Starting process session
12/09 08:49:38:151 Total 0 instances are started
12/09 08:49:38:151 Total 1 instances are added
12/09 08:49:48:280 Local queue size: 0
12/09 08:49:58:287 Local queue size: 0
12/09 08:50:02:293 com.sun.messaging.jms.JMSException: [C4003]: Error occurred on connection creation [10.32.62.70:7676]. - cause: java.net.ConnectException: Connection timed out: connect
12/09 08:50:02:294 Consumer was closed, reconnect.
12/09 08:50:08:353 Local queue size: 0
12/09 08:50:18:367 Local queue size: 0
12/09 08:50:28:398 Local queue size: 0
12/09 08:50:38:416 Local queue size: 0
12/09 08:50:48:418 Local queue size: 0
12/09 08:50:58:518 Local queue size: 0
12/09 08:51:08:520 Local queue size: 0
12/09 08:51:18:620 Local queue size: 0
12/09 08:51:28:622 Local queue size: 0
12/09 08:51:38:625 Local queue size: 0
12/09 08:51:48:626 Local queue size: 0
12/09 08:51:58:627 Local queue size: 0
12/09 08:52:08:727 Local queue size: 0
12/09 08:52:18:740 Local queue size: 0
12/09 08:52:28:741 Local queue size: 0
12/09 08:52:38:766 Local queue size: 0
12/09 08:52:48:866 Local queue size: 0
12/09 08:52:58:868 Local queue size: 0
12/09 08:53:08:966 Local queue size: 0
12/09 08:53:18:967 Local queue size: 0
12/09 08:53:28:968 Local queue size: 0
12/09 08:53:38:973 Local queue size: 0
12/09 08:53:48:974 Local queue size: 0
12/09 08:53:58:976 Local queue size: 0
12/09 08:54:08:977 Local queue size: 0
12/09 08:54:18:979 Local queue size: 0
12/09 08:54:29:079 Local queue size: 0
12/09 08:54:39:083 Local queue size: 0
12/09 08:54:49:183 Local queue size: 0
12/09 08:54:59:184 Local queue size: 0
12/09 08:55:09:185 Local queue size: 0
12/09 08:55:19:190 Local queue size: 0
12/09 08:55:29:192 Local queue size: 0
12/09 08:55:39:195 Local queue size: 0
12/09 08:55:49:196 Local queue size: 0
12/09 08:55:59:200 Local queue size: 0
12/09 08:56:09:298 Local queue size: 0
12/09 08:56:19:398 Local queue size: 0
12/09 08:56:29:399 Local queue size: 0
12/09 08:56:39:400 Local queue size: 0
12/09 08:56:49:407 Local queue size: 0
12/09 08:56:59:408 Local queue size: 0
12/09 08:57:09:409 Local queue size: 0
12/09 08:57:19:414 Local queue size: 0
12/09 08:57:29:423 Local queue size: 0
12/09 08:57:39:424 Local queue size: 0
12/09 08:57:49:440 Local queue size: 0
12/09 08:57:59:448 Local queue size: 0
12/09 08:58:17:419 OSA Callback started
12/09 08:58:19:320 Starting process session
12/09 08:58:19:476 Total 0 instances are started
12/09 08:58:19:479 Total 1 instances are added
12/09 08:58:29:896 Local queue size: 0
12/09 08:58:39:920 Local queue size: 0
12/09 08:58:42:386 com.sun.messaging.jms.JMSException: [C4003]: Error occurred on connection creation [10.32.62.75:7676]. - cause: java.net.ConnectException: Connection timed out: connect
12/09 08:58:42:386 Consumer was closed, reconnect.
12/09 08:58:50:020 Local queue size: 0
12/09 08:59:00:022 Local queue size: 0
12/09 08:59:10:024 Local queue size: 0
12/09 08:59:20:025 Local queue size: 0
12/09 08:59:30:125 Local queue size: 0
12/09 08:59:42:433 OSA Callback started
12/09 08:59:43:698 Starting process session
12/09 08:59:43:850 Total 0 instances are started
12/09 08:59:43:851 Total 1 instances are added
12/09 08:59:54:029 Local queue size: 0
12/09 09:00:04:119 Local queue size: 0
12/09 09:00:14:124 Local queue size: 0
12/09 09:00:24:125 Local queue size: 0
12/09 09:00:34:148 Local queue size: 0
12/09 09:00:44:158 Local queue size: 0
12/09 09:00:54:258 Local queue size: 0
12/09 09:01:04:262 Local queue size: 0
12/09 09:01:14:358 Local queue size: 0
12/09 09:01:24:360 Local queue size: 0
12/09 09:01:34:410 Local queue size: 0
12/09 09:01:44:412 Local queue size: 0
12/09 09:01:54:415 Local queue size: 0
12/09 09:02:04:417 Local queue size: 0
12/09 09:02:14:419 Local queue size: 0
12/09 09:02:24:459 Local queue size: 0
12/09 09:02:34:465 Local queue size: 0
12/09 09:02:44:470 Local queue size: 0
12/09 09:02:54:471 Local queue size: 0
12/09 09:03:04:526 Local queue size: 0
12/09 09:03:14:528 Local queue size: 0
12/09 09:03:24:530 Local queue size: 0
12/09 09:03:34:532 Local queue size: 0
12/09 09:03:44:534 Local queue size: 0
12/09 09:03:54:588 Local queue size: 0
12/09 09:04:04:688 Local queue size: 0
12/09 09:04:14:690 Local queue size: 0
12/09 09:04:24:693 Local queue size: 0
12/09 09:04:34:792 Local queue size: 0
12/09 09:04:44:796 Local queue size: 0
12/09 09:04:54:798 Local queue size: 0
12/09 09:05:04:803 Local queue size: 0
12/09 09:05:14:897 Local queue size: 0
12/09 09:05:24:899 Local queue size: 0
12/09 09:05:34:999 Local queue size: 0
12/09 09:05:45:006 Local queue size: 0
12/09 09:05:55:019 Local queue size: 0
12/09 09:06:05:025 Local queue size: 0
12/09 09:06:15:027 Local queue size: 0
12/09 09:06:25:031 Local queue size: 0
12/09 09:06:35:050 Local queue size: 0
12/09 09:06:45:056 Local queue size: 0
12/09 09:06:55:057 Local queue size: 0
12/09 09:07:05:061 Local queue size: 0
12/09 09:07:15:104 Local queue size: 0
12/09 09:07:25:105 Local queue size: 0
12/09 09:07:35:110 Local queue size: 0
12/09 09:07:45:113 Local queue size: 0
12/09 09:07:55:152 Local queue size: 0
12/09 09:08:05:153 Local queue size: 0
12/09 09:08:15:253 Local queue size: 0
12/09 09:08:25:261 Local queue size: 0
12/09 09:08:35:267 Local queue size: 0
12/09 09:08:45:365 Local queue size: 0
12/09 09:08:55:370 Local queue size: 0
12/09 09:09:05:371 Local queue size: 0
12/09 09:09:15:374 Local queue size: 0
12/09 09:09:25:378 Local queue size: 0
12/09 09:09:35:380 Local queue size: 0
12/09 09:09:45:385 Local queue size: 0
12/09 09:09:55:387 Local queue size: 0
12/09 09:10:05:391 Local queue size: 0
12/09 09:10:15:470 Local queue size: 0
12/09 09:10:25:472 Local queue size: 0
12/09 09:10:35:475 Local queue size: 0
12/09 09:10:45:476 Local queue size: 0
12/09 09:10:55:477 Local queue size: 0
12/09 09:11:05:546 Local queue size: 0
12/09 09:11:15:548 Local queue size: 0
12/09 09:11:25:549 Local queue size: 0
12/09 09:11:35:558 Local queue size: 0
12/09 09:11:45:579 Local queue size: 0
12/09 09:11:55:582 Local queue size: 0
12/09 09:12:05:588 Local queue size: 0
12/09 09:12:15:589 Local queue size: 0
12/09 09:12:25:676 Local queue size: 0
12/09 09:12:35:680 Local queue size: 0
12/09 09:12:45:681 Local queue size: 0
12/09 09:12:55:684 Local queue size: 0
12/09 09:13:05:749 Local queue size: 0
12/09 09:13:15:751 Local queue size: 0
12/09 09:13:25:851 Local queue size: 0
12/09 09:13:35:853 Local queue size: 0
12/09 09:13:45:860 Local queue size: 0
12/09 09:13:55:959 Local queue size: 0
12/09 09:14:05:960 Local queue size: 0
12/09 09:14:15:962 Local queue size: 0
12/09 09:14:25:964 Local queue size: 0
12/09 09:14:36:064 Local queue size: 0
12/09 09:14:46:098 Local queue size: 0
12/09 09:14:56:198 Local queue size: 0
12/09 09:15:06:200 Local queue size: 0
12/09 09:15:16:201 Local queue size: 0
12/09 09:15:26:301 Local queue size: 0
12/09 09:15:36:333 Local queue size: 0
12/09 09:15:46:433 Local queue size: 0
12/09 09:15:56:437 Local queue size: 0
12/09 09:16:06:537 Local queue size: 0
12/09 09:16:16:544 Local queue size: 0
12/09 09:16:26:546 Local queue size: 0
12/09 09:16:36:547 Local queue size: 0
12/09 09:16:46:551 Local queue size: 0
12/09 09:16:56:552 Local queue size: 0
12/09 09:17:06:590 Local queue size: 0
12/09 09:17:16:595 Local queue size: 0
12/09 09:17:26:596 Local queue size: 0
12/09 09:17:36:600 Local queue size: 0
12/09 09:17:46:699 Local queue size: 0
12/09 09:17:56:701 Local queue size: 0
12/09 09:18:06:704 Local queue size: 0
12/09 09:18:16:705 Local queue size: 0
12/09 09:18:26:711 Local queue size: 0
12/09 09:18:36:772 Local queue size: 0
12/09 09:18:46:778 Local queue size: 0
12/09 09:18:56:783 Local queue size: 0
12/09 09:19:06:784 Local queue size: 0
12/09 09:19:16:820 Local queue size: 0
12/09 09:19:26:824 Local queue size: 0
12/09 09:19:36:827 Local queue size: 0
12/09 09:19:46:828 Local queue size: 0
12/09 09:19:56:833 Local queue size: 0
12/09 09:20:06:835 Local queue size: 0
12/09 09:20:16:837 Local queue size: 0
12/09 09:20:26:937 Local queue size: 0
12/09 09:20:36:942 Local queue size: 0
12/09 09:20:46:997 Local queue size: 0
12/09 09:21:00:059 OSA Callback started
12/09 09:21:02:212 Starting process session
12/09 09:21:02:718 Total 0 instances are started
12/09 09:21:02:734 Total 1 instances are added
12/09 09:21:12:950 Local queue size: 0
12/09 09:21:22:954 Local queue size: 0
12/09 09:21:32:955 Local queue size: 0
12/09 09:21:42:957 Local queue size: 0
12/09 09:21:53:017 Local queue size: 0
12/09 09:22:03:020 Local queue size: 0
12/09 09:22:13:120 Local queue size: 0
12/09 09:22:23:121 Local queue size: 0
12/09 09:22:33:221 Local queue size: 0
12/09 09:22:43:230 Local queue size: 0
12/09 09:22:53:257 Local queue size: 0
12/09 09:23:03:357 Local queue size: 0
12/09 09:23:13:358 Local queue size: 0
12/09 09:23:23:458 Local queue size: 0
12/09 09:23:33:459 Local queue size: 0
12/09 09:23:43:460 Local queue size: 0
12/09 09:23:53:560 Local queue size: 0
12/09 09:24:11:752 OSA Callback started
12/09 09:24:13:459 Starting process session
12/09 09:24:13:633 Total 0 instances are started
12/09 09:24:13:633 Total 1 instances are added
12/09 09:24:24:144 Local queue size: 0
12/09 09:24:34:145 Local queue size: 0
12/09 09:24:44:149 Local queue size: 0
12/09 09:24:54:150 Local queue size: 0
12/09 09:25:04:160 Local queue size: 0
12/09 09:25:14:224 Local queue size: 0
12/09 09:25:24:226 Local queue size: 0
12/09 09:25:34:235 Local queue size: 0
12/09 09:25:44:291 Local queue size: 0
12/09 09:25:54:296 Local queue size: 0
12/09 09:26:04:297 Local queue size: 0
12/09 09:26:14:306 Local queue size: 0
12/09 09:26:24:324 Local queue size: 0
12/09 09:26:34:325 Local queue size: 0
12/09 09:26:44:329 Local queue size: 0
12/09 09:26:54:333 Local queue size: 0
12/09 09:27:04:348 Local queue size: 0
12/09 09:27:32:436 OSA Callback started
12/09 09:27:34:042 Starting process session
12/09 09:27:34:197 Total 0 instances are started
12/09 09:27:34:199 Total 1 instances are added
12/09 09:27:44:409 Local queue size: 0
12/09 09:27:54:412 Local queue size: 0
12/09 09:28:04:458 Local queue size: 0
12/09 09:28:14:460 Local queue size: 0
12/09 09:28:24:461 Local queue size: 0
12/09 09:28:34:463 Local queue size: 0
12/09 09:28:44:464 Local queue size: 0
12/09 09:28:54:465 Local queue size: 0
12/09 09:29:04:507 Local queue size: 0
12/09 09:29:14:508 Local queue size: 0
12/09 09:29:24:510 Local queue size: 0
12/09 09:29:34:521 Local queue size: 0
12/09 09:29:44:527 Local queue size: 0
12/09 09:29:54:537 Local queue size: 0
12/09 09:30:04:637 Local queue size: 0
12/09 09:30:14:650 Local queue size: 0
12/09 09:30:24:658 Local queue size: 0
12/09 09:30:34:663 Local queue size: 0
12/09 09:30:44:668 Local queue size: 0
12/09 09:30:54:669 Local queue size: 0
12/09 09:31:04:727 Local queue size: 0
12/09 09:31:14:732 Local queue size: 0
12/09 09:31:24:736 Local queue size: 0
12/09 11:25:00:103 OSA Callback started
12/09 11:25:01:959 Starting process session
12/09 11:25:02:155 Total 0 instances are started
12/09 11:25:02:166 Total 1 instances are added
12/09 11:25:12:343 Local queue size: 0
12/09 11:25:22:347 Local queue size: 0
12/09 11:25:32:348 Local queue size: 0
12/09 11:25:42:349 Local queue size: 0
12/09 11:25:52:354 Local queue size: 0
12/09 11:26:02:396 Local queue size: 0
12/09 11:26:12:399 Local queue size: 0
12/09 11:26:22:499 Local queue size: 0
12/09 11:26:32:542 Local queue size: 0
12/09 11:26:42:543 Local queue size: 0
12/09 11:26:52:550 Local queue size: 0
12/09 11:27:02:555 Local queue size: 0
12/09 11:27:12:634 Local queue size: 0
12/09 11:27:22:635 Local queue size: 0
12/09 11:27:32:735 Local queue size: 0
12/09 11:27:42:736 Local queue size: 0
12/09 11:27:52:790 Local queue size: 0
12/09 11:28:02:792 Local queue size: 0
12/09 11:28:12:802 Local queue size: 0
12/09 11:28:22:806 Local queue size: 0
12/09 11:28:32:839 Local queue size: 0
12/09 11:28:42:842 Local queue size: 0
12/09 11:28:52:844 Local queue size: 0
12/09 11:29:02:846 Local queue size: 0
12/09 11:29:12:910 Local queue size: 0
12/09 11:29:22:919 Local queue size: 0
12/09 11:29:32:920 Local queue size: 0
12/09 11:29:42:930 Local queue size: 0
12/09 11:29:53:017 Local queue size: 0
12/09 11:30:03:022 Local queue size: 0
12/09 11:30:13:031 Local queue size: 0
12/09 11:30:23:044 Local queue size: 0
12/09 11:30:33:090 Local queue size: 0
12/09 11:30:43:123 Local queue size: 0
12/09 11:30:53:132 Local queue size: 0
12/09 11:31:03:198 Local queue size: 0
12/09 11:31:19:448 OSA Callback started
12/09 11:31:21:751 Starting process session
12/09 11:31:22:181 Total 0 instances are started
12/09 11:31:22:186 Total 1 instances are added
12/09 11:31:32:524 Local queue size: 0
12/09 11:31:42:525 Local queue size: 0
12/09 11:31:52:625 Local queue size: 0
12/09 11:32:02:626 Local queue size: 0
12/09 11:32:12:634 Local queue size: 0
12/09 11:32:22:636 Local queue size: 0
12/09 11:32:32:720 Local queue size: 0
12/09 11:32:42:820 Local queue size: 0
12/09 11:32:52:823 Local queue size: 0
12/09 11:33:02:824 Local queue size: 0
12/09 11:33:12:827 Local queue size: 0
12/09 11:33:22:927 Local queue size: 0
12/09 11:33:32:929 Local queue size: 0
12/09 11:33:42:932 Local queue size: 0
12/09 11:33:52:933 Local queue size: 0
12/09 11:34:02:938 Local queue size: 0
12/09 11:34:13:038 Local queue size: 0
12/09 11:34:23:046 Local queue size: 0
12/09 11:34:33:047 Local queue size: 0
12/09 11:34:43:049 Local queue size: 0
12/09 11:34:53:050 Local queue size: 0
12/09 11:35:03:051 Local queue size: 0
12/09 11:35:13:053 Local queue size: 0
12/09 11:35:23:102 Local queue size: 0
12/09 11:35:33:104 Local queue size: 0
12/09 11:35:43:105 Local queue size: 0
12/09 11:35:53:107 Local queue size: 0
12/09 11:36:03:109 Local queue size: 0
12/09 11:36:13:111 Local queue size: 0
12/09 11:36:23:112 Local queue size: 0
12/09 11:36:33:113 Local queue size: 0
12/09 11:36:43:115 Local queue size: 0
12/09 11:36:53:118 Local queue size: 0
12/09 11:37:03:119 Local queue size: 0
12/09 11:37:13:169 Local queue size: 0
12/09 11:37:23:269 Local queue size: 0
12/09 11:37:33:272 Local queue size: 0
12/09 11:37:43:353 Local queue size: 0
12/09 11:37:53:357 Local queue size: 0
12/09 11:38:03:358 Local queue size: 0
12/09 11:38:13:367 Local queue size: 0
12/09 11:38:23:426 Local queue size: 0
12/09 11:38:33:526 Local queue size: 0
12/09 11:38:43:527 Local queue size: 0
12/09 11:38:53:528 Local queue size: 0
12/09 11:39:03:619 Local queue size: 0
12/09 11:39:13:623 Local queue size: 0
12/09 11:39:23:723 Local queue size: 0
12/09 11:39:33:724 Local queue size: 0
12/09 11:39:43:780 Local queue size: 0
12/09 11:39:53:784 Local queue size: 0
12/09 11:40:03:785 Local queue size: 0
12/09 11:40:13:790 Local queue size: 0
12/09 11:40:23:794 Local queue size: 0
12/09 11:40:33:798 Local queue size: 0
12/09 11:40:43:806 Local queue size: 0
12/09 11:40:53:906 Local queue size: 0
12/09 11:41:03:910 Local queue size: 0
12/09 11:41:14:008 Local queue size: 0
12/09 11:41:24:010 Local queue size: 0
12/09 11:41:34:016 Local queue size: 0
12/09 11:41:44:116 Local queue size: 0
12/09 11:41:54:188 Local queue size: 0
12/09 11:42:04:190 Local queue size: 0
12/09 11:42:14:193 Local queue size: 0
12/09 11:42:24:196 Local queue size: 0
12/09 11:42:34:209 Local queue size: 0
12/09 11:42:44:213 Local queue size: 0
12/09 11:42:54:313 Local queue size: 0
12/09 11:43:04:319 Local queue size: 0
12/09 11:43:14:324 Local queue size: 0
12/09 11:43:24:403 Local queue size: 0
12/09 11:43:34:503 Local queue size: 0
12/09 11:43:44:507 Local queue size: 0
12/09 11:43:54:508 Local queue size: 0
12/09 11:44:04:589 Local queue size: 0
12/09 11:44:14:590 Local queue size: 0
12/09 11:44:24:591 Local queue size: 0
12/09 11:44:34:593 Local queue size: 0
12/09 11:44:44:625 Local queue size: 0
12/09 11:44:54:627 Local queue size: 0
12/09 11:45:04:631 Local queue size: 0
12/09 11:45:14:633 Local queue size: 0
12/09 11:45:24:636 Local queue size: 0
12/09 11:45:34:637 Local queue size: 0
12/09 11:45:44:638 Local queue size: 0
12/09 11:45:54:738 Local queue size: 0
12/09 11:46:04:758 Local queue size: 0
12/09 11:46:14:766 Local queue size: 0
12/09 11:46:24:814 Local queue size: 0
12/09 11:46:34:817 Local queue size: 0
12/09 11:46:44:917 Local queue size: 0
12/09 11:46:54:918 Local queue size: 0
12/09 11:47:05:018 Local queue size: 0
12/09 11:47:15:118 Local queue size: 0
12/09 11:47:25:120 Local queue size: 0
12/09 11:47:35:121 Local queue size: 0
12/09 11:47:45:124 Local queue size: 0
12/09 11:47:55:135 Local queue size: 0
12/09 11:48:05:138 Local queue size: 0
12/09 11:48:15:140 Local queue size: 0
12/09 11:48:25:144 Local queue size: 0
12/09 11:48:35:145 Local queue size: 0
12/09 11:48:45:164 Local queue size: 0
12/09 11:48:55:166 Local queue size: 0
12/09 11:49:05:167 Local queue size: 0
12/09 11:49:15:169 Local queue size: 0
12/09 11:49:25:183 Local queue size: 0
12/09 11:49:35:188 Local queue size: 0
12/09 11:49:45:189 Local queue size: 0
12/09 11:49:55:194 Local queue size: 0
12/09 11:50:05:204 Local queue size: 0
12/09 11:50:15:245 Local queue size: 0
12/09 11:50:25:249 Local queue size: 0
12/09 11:50:35:251 Local queue size: 0
12/09 11:50:45:253 Local queue size: 0
12/09 11:50:55:317 Local queue size: 0
12/09 11:51:05:325 Local queue size: 0
12/09 11:51:15:337 Local queue size: 0
12/09 11:51:25:341 Local queue size: 0
12/09 11:51:35:352 Local queue size: 0
12/09 11:51:45:354 Local queue size: 0
12/09 11:51:55:356 Local queue size: 0
12/09 11:52:05:357 Local queue size: 0
12/09 11:52:15:361 Local queue size: 0
12/09 11:52:25:414 Local queue size: 0
12/09 11:52:35:514 Local queue size: 0
12/09 11:52:45:516 Local queue size: 0
12/09 11:52:55:520 Local queue size: 0
12/09 11:53:05:521 Local queue size: 0
12/09 11:53:15:524 Local queue size: 0
12/09 11:53:25:525 Local queue size: 0
12/09 11:53:35:532 Local queue size: 0
12/09 11:53:45:535 Local queue size: 0
12/09 11:53:55:576 Local queue size: 0
12/09 11:54:05:577 Local queue size: 0
12/09 11:54:15:584 Local queue size: 0
12/09 11:54:25:587 Local queue size: 0
12/09 11:54:35:665 Local queue size: 0
12/09 11:54:45:669 Local queue size: 0
12/09 11:54:55:672 Local queue size: 0
12/09 11:55:05:676 Local queue size: 0
12/09 11:55:15:754 Local queue size: 0
12/09 11:55:25:755 Local queue size: 0
12/09 11:55:35:757 Local queue size: 0
12/09 11:55:45:857 Local queue size: 0
12/09 11:55:55:859 Local queue size: 0
12/09 11:56:05:876 Local queue size: 0
12/09 11:56:15:877 Local queue size: 0
12/09 11:56:25:881 Local queue size: 0
12/09 11:56:35:981 Local queue size: 0
12/09 11:56:45:984 Local queue size: 0
12/09 11:56:55:985 Local queue size: 0
12/09 11:57:05:986 Local queue size: 0
12/09 11:57:16:086 Local queue size: 0
12/09 11:57:26:107 Local queue size: 0
12/09 11:57:36:108 Local queue size: 0
12/09 11:57:54:805 OSA Callback started
12/09 11:57:57:822 Starting process session
12/09 11:57:58:822 Total 0 instances are started
12/09 11:57:58:823 Total 1 instances are added
12/09 11:58:08:964 Local queue size: 0
12/09 11:58:18:988 Local queue size: 0
12/09 11:58:28:994 Local queue size: 0
12/09 11:58:38:995 Local queue size: 0
12/09 11:58:48:997 Local queue size: 0
12/09 11:58:59:059 Local queue size: 0
12/09 11:59:09:061 Local queue size: 0
12/09 11:59:19:132 Local queue size: 0
12/09 11:59:29:143 Local queue size: 0
12/09 11:59:39:154 Local queue size: 0
12/09 11:59:49:155 Local queue size: 0
12/09 11:59:59:171 Local queue size: 0
12/09 12:00:09:188 Local queue size: 0
12/09 12:00:19:189 Local queue size: 0
12/09 12:00:29:289 Local queue size: 0
12/09 12:00:39:291 Local queue size: 0
12/09 12:00:49:293 Local queue size: 0
12/09 12:00:59:295 Local queue size: 0
12/09 12:01:09:299 Local queue size: 0
12/09 12:01:19:301 Local queue size: 0
12/09 12:01:29:302 Local queue size: 0
12/09 12:01:39:306 Local queue size: 0
12/09 12:01:49:406 Local queue size: 0
12/09 12:01:59:407 Local queue size: 0
12/09 12:02:09:413 Local queue size: 0
12/09 12:06:47:322 OSA Callback started
12/09 12:06:49:279 Starting process session
12/09 12:06:50:611 Total 0 instances are started
12/09 12:06:50:616 Total 1 instances are added
12/09 12:07:01:219 Local queue size: 0
12/09 12:07:11:238 Local queue size: 0
12/09 12:07:21:248 Local queue size: 0
12/09 12:07:31:314 Local queue size: 0
12/09 12:07:41:317 Local queue size: 0
12/09 12:07:51:323 Local queue size: 0
12/09 12:08:01:326 Local queue size: 0
12/09 12:08:11:352 Local queue size: 0
12/09 12:08:21:353 Local queue size: 0
12/09 12:08:31:407 Local queue size: 0
12/09 12:08:41:412 Local queue size: 0
12/09 12:08:51:435 Local queue size: 0
12/09 12:09:01:450 Local queue size: 0
12/09 12:09:11:462 Local queue size: 0
12/09 12:09:21:535 Local queue size: 0
12/09 12:09:31:543 Local queue size: 0
12/09 12:09:41:553 Local queue size: 0
12/09 12:09:51:556 Local queue size: 0
12/09 12:10:01:557 Local queue size: 0
12/09 12:10:11:581 Local queue size: 0
12/09 12:10:21:595 Local queue size: 0
12/09 12:10:31:596 Local queue size: 0
12/09 12:10:41:608 Local queue size: 0
12/09 12:10:51:708 Local queue size: 0
12/09 12:11:01:711 Local queue size: 0
12/09 12:11:11:729 Local queue size: 0
12/09 12:11:21:730 Local queue size: 0
12/09 12:11:31:793 Local queue size: 0
12/09 12:11:41:794 Local queue size: 0
12/09 12:11:51:801 Local queue size: 0
12/09 12:12:01:815 Local queue size: 0
12/09 12:12:11:825 Local queue size: 0
12/09 12:13:23:805 OSA Callback started
12/09 12:13:25:551 Starting process session
12/09 12:13:25:738 Total 0 instances are started
12/09 12:13:25:738 Total 1 instances are added
12/09 12:13:35:877 Local queue size: 0
12/09 12:13:45:879 Local queue size: 0
12/09 12:13:55:886 Local queue size: 0
12/09 12:14:05:895 Local queue size: 0
12/09 12:14:15:897 Local queue size: 0
12/09 12:14:25:938 Local queue size: 0
12/09 12:14:35:942 Local queue size: 0
12/09 12:14:45:952 Local queue size: 0
12/09 12:14:56:050 Local queue size: 0
12/09 12:15:06:056 Local queue size: 0
12/09 12:15:16:061 Local queue size: 0
12/09 12:15:26:066 Local queue size: 0
12/09 12:15:42:122 OSA Callback started
12/09 12:15:44:065 Starting process session
12/09 12:15:44:600 Total 0 instances are started
12/09 12:15:44:600 Total 1 instances are added
12/09 12:15:55:829 Local queue size: 0
12/09 12:16:05:858 Local queue size: 0
12/09 12:16:15:863 Local queue size: 0
12/09 12:16:25:872 Local queue size: 0
12/09 12:16:35:873 Local queue size: 0
12/09 12:16:45:893 Local queue size: 0
12/09 12:16:55:895 Local queue size: 0
12/09 12:17:05:928 Local queue size: 0
12/09 12:17:15:954 Local queue size: 0
12/09 12:17:25:964 Local queue size: 0
12/09 12:17:35:965 Local queue size: 0
12/09 12:17:45:970 Local queue size: 0
12/09 12:17:55:971 Local queue size: 0
12/09 12:18:05:993 Local queue size: 0
12/09 12:18:16:016 Local queue size: 0
12/09 12:18:26:116 Local queue size: 0
12/09 12:18:36:197 Local queue size: 0
12/09 12:18:46:205 Local queue size: 0
12/09 12:18:56:223 Local queue size: 0
12/09 12:19:06:234 Local queue size: 0
12/09 12:19:16:294 Local queue size: 0
12/09 12:19:26:298 Local queue size: 0
12/09 12:19:36:300 Local queue size: 0
12/09 12:19:46:304 Local queue size: 0
12/09 12:19:56:404 Local queue size: 0
12/09 12:20:06:438 Local queue size: 0
12/09 12:20:16:538 Local queue size: 0
12/09 12:20:26:543 Local queue size: 0
12/09 12:21:43:879 OSA Callback started
12/09 12:21:47:399 Starting process session
12/09 12:21:47:524 Total 0 instances are started
12/09 12:21:47:525 Total 1 instances are added
12/09 12:21:57:668 Local queue size: 0
12/09 12:22:07:674 Local queue size: 0
12/09 12:22:17:774 Local queue size: 0
12/09 12:22:27:778 Local queue size: 0
12/09 12:22:39:763 OSA Callback started
12/09 12:22:40:814 Starting process session
12/09 12:22:40:955 Total 0 instances are started
12/09 12:22:40:955 Total 1 instances are added
12/09 12:22:51:162 Local queue size: 0
12/09 12:23:01:172 Local queue size: 0
12/09 12:23:11:199 Local queue size: 0
12/09 12:23:21:231 Local queue size: 0
12/09 12:23:31:291 Local queue size: 0
12/09 12:23:41:301 Local queue size: 0
12/09 12:23:51:309 Local queue size: 0
12/09 12:24:01:316 Local queue size: 0
12/09 12:24:11:318 Local queue size: 0
12/09 12:24:21:375 Local queue size: 0
12/09 12:24:31:452 Local queue size: 0
12/09 12:24:41:470 Local queue size: 0
12/09 12:24:51:473 Local queue size: 0
12/09 12:25:01:479 Local queue size: 0
12/09 12:25:11:480 Local queue size: 0
12/09 12:25:21:481 Local queue size: 0
12/09 12:25:31:483 Local queue size: 0
12/09 12:25:41:514 Local queue size: 0
12/09 12:25:51:528 Local queue size: 0
12/09 12:26:01:531 Local queue size: 0
12/09 12:26:11:541 Local queue size: 0
12/09 12:26:21:559 Local queue size: 0
12/09 12:26:31:570 Local queue size: 0
12/09 12:26:41:571 Local queue size: 0
12/09 12:26:51:576 Local queue size: 0
12/09 12:27:01:578 Local queue size: 0
12/09 12:27:11:579 Local queue size: 0
12/09 12:27:21:583 Local queue size: 0
12/09 12:27:31:585 Local queue size: 0
12/09 12:27:41:657 Local queue size: 0
12/09 12:27:51:757 Local queue size: 0
12/09 12:28:01:760 Local queue size: 0
12/09 12:28:11:765 Local queue size: 0
12/09 12:28:21:808 Local queue size: 0
12/09 14:16:17:270 OSA Callback started
12/09 14:16:19:739 Starting process session
12/09 14:16:20:061 Total 0 instances are started
12/09 14:16:20:064 Total 1 instances are added
12/09 14:16:30:582 Local queue size: 0
12/09 14:16:40:674 Local queue size: 0
12/09 14:16:50:774 Local queue size: 0
12/09 14:17:00:776 Local queue size: 0
12/09 14:17:10:778 Local queue size: 0
12/09 14:17:20:779 Local queue size: 0
12/09 14:17:30:792 Local queue size: 0
12/09 14:17:40:794 Local queue size: 0
12/09 14:17:50:797 Local queue size: 0
12/09 14:18:00:801 Local queue size: 0
12/09 14:18:10:802 Local queue size: 0
12/09 14:18:20:804 Local queue size: 0
12/09 14:18:30:805 Local queue size: 0
12/09 14:18:40:807 Local queue size: 0
12/09 14:18:50:869 Local queue size: 0
12/09 14:19:00:871 Local queue size: 0
12/09 14:19:10:872 Local queue size: 0
12/09 14:19:20:879 Local queue size: 0
12/09 14:19:30:885 Local queue size: 0
12/09 14:19:40:944 Local queue size: 0
12/09 14:19:50:952 Local queue size: 0
12/09 14:20:00:958 Local queue size: 0
12/09 14:20:10:963 Local queue size: 0
12/09 14:20:20:968 Local queue size: 0
12/09 14:20:30:977 Local queue size: 0
12/09 14:20:40:979 Local queue size: 0
12/09 14:20:51:079 Local queue size: 0
12/09 14:21:01:118 Local queue size: 0
12/09 14:21:11:119 Local queue size: 0
12/09 14:21:21:121 Local queue size: 0
12/09 14:21:31:125 Local queue size: 0
12/09 14:21:41:127 Local queue size: 0
12/09 14:21:51:146 Local queue size: 0
12/09 14:22:01:147 Local queue size: 0
12/09 14:22:11:150 Local queue size: 0
12/09 14:22:21:250 Local queue size: 0
12/09 14:22:31:323 Local queue size: 0
12/09 14:22:41:325 Local queue size: 0
12/09 14:22:51:327 Local queue size: 0
12/09 14:23:01:370 Local queue size: 0
12/09 14:23:11:376 Local queue size: 0
12/09 14:23:21:378 Local queue size: 0
12/09 14:23:31:382 Local queue size: 0
12/09 14:23:41:384 Local queue size: 0
12/09 14:23:51:453 Local queue size: 0
12/09 14:24:01:457 Local queue size: 0
12/09 14:24:11:461 Local queue size: 0
12/09 14:24:21:465 Local queue size: 0
12/09 14:24:31:516 Local queue size: 0
12/09 14:24:41:517 Local queue size: 0
12/09 14:24:51:518 Local queue size: 0
12/09 14:25:01:519 Local queue size: 0
12/09 14:25:11:522 Local queue size: 0
12/09 14:25:21:557 Local queue size: 0
12/09 14:25:31:657 Local queue size: 0
12/09 14:25:41:660 Local queue size: 0
12/09 14:25:51:661 Local queue size: 0
12/09 14:26:01:722 Local queue size: 0
12/09 14:26:11:725 Local queue size: 0
12/09 14:26:21:726 Local queue size: 0
12/09 14:26:31:730 Local queue size: 0
12/09 14:26:41:731 Local queue size: 0
12/09 14:26:51:825 Local queue size: 0
12/09 14:27:01:826 Local queue size: 0
12/09 14:27:11:831 Local queue size: 0
12/09 14:27:21:838 Local queue size: 0
12/09 14:27:31:840 Local queue size: 0
12/09 14:27:41:901 Local queue size: 0
12/09 14:27:51:910 Local queue size: 0
12/09 14:28:01:915 Local queue size: 0
12/09 14:28:11:919 Local queue size: 0
12/09 14:28:21:922 Local queue size: 0
12/09 14:28:31:945 Local queue size: 0
12/09 14:28:41:949 Local queue size: 0
12/09 14:28:51:955 Local queue size: 0
12/09 14:29:01:981 Local queue size: 0
12/09 14:29:11:983 Local queue size: 0
12/09 14:29:21:990 Local queue size: 0
12/09 14:29:31:995 Local queue size: 0
12/09 14:29:41:997 Local queue size: 0
12/09 14:29:52:082 Local queue size: 0
12/09 14:30:02:093 Local queue size: 0
12/09 14:30:12:097 Local queue size: 0
12/09 14:30:22:110 Local queue size: 0
12/09 14:30:32:119 Local queue size: 0
12/09 14:30:42:121 Local queue size: 0
12/09 14:30:52:143 Local queue size: 0
12/09 14:31:02:147 Local queue size: 0
12/09 14:31:12:149 Local queue size: 0
12/09 14:31:22:150 Local queue size: 0
12/09 14:31:32:160 Local queue size: 0
12/09 14:31:42:168 Local queue size: 0
12/09 14:31:52:170 Local queue size: 0
12/09 14:32:02:172 Local queue size: 0
12/09 14:32:12:210 Local queue size: 0
12/09 14:32:22:212 Local queue size: 0
12/09 14:32:32:214 Local queue size: 0
12/09 14:32:42:216 Local queue size: 0
12/09 14:32:52:221 Local queue size: 0
12/09 14:33:02:296 Local queue size: 0
12/09 14:33:12:298 Local queue size: 0
12/09 14:33:22:304 Local queue size: 0
12/09 14:33:32:309 Local queue size: 0
12/09 14:33:42:405 Local queue size: 0
12/09 14:33:52:413 Local queue size: 0
12/09 14:34:02:429 Local queue size: 0
12/09 14:34:12:445 Local queue size: 0
12/09 14:34:22:447 Local queue size: 0
12/09 14:34:32:448 Local queue size: 0
12/09 14:34:42:452 Local queue size: 0
12/09 14:34:52:453 Local queue size: 0
12/09 14:35:02:458 Local queue size: 0
12/09 14:35:12:494 Local queue size: 0
12/09 14:35:22:500 Local queue size: 0
12/09 14:35:32:502 Local queue size: 0
12/09 14:35:42:505 Local queue size: 0
12/09 14:35:52:510 Local queue size: 0
12/09 14:36:10:065 OSA Callback started
12/09 14:36:10:673 Starting process session
12/09 14:36:10:784 Total 0 instances are started
12/09 14:36:10:785 Total 1 instances are added
12/09 14:36:20:957 Local queue size: 0
12/09 14:36:30:981 Local queue size: 0
12/09 14:36:40:991 Local queue size: 0
12/09 14:36:51:003 Local queue size: 0
12/09 14:37:01:005 Local queue size: 0
12/09 14:37:11:009 Local queue size: 0
12/09 14:37:21:010 Local queue size: 0
12/09 14:37:31:014 Local queue size: 0
12/09 14:37:41:017 Local queue size: 0
12/09 14:37:51:019 Local queue size: 0
12/09 14:38:01:021 Local queue size: 0
12/09 14:38:11:023 Local queue size: 0
12/09 14:38:21:024 Local queue size: 0
12/09 14:38:31:025 Local queue size: 0
12/09 14:38:41:071 Local queue size: 0
12/09 14:38:51:075 Local queue size: 0
12/09 14:39:01:079 Local queue size: 0
12/09 14:39:11:081 Local queue size: 0
12/09 14:39:21:108 Local queue size: 0
12/09 14:39:31:113 Local queue size: 0
12/09 14:39:41:129 Local queue size: 0
12/09 14:39:51:138 Local queue size: 0
12/09 14:40:01:140 Local queue size: 0
12/09 14:40:11:144 Local queue size: 0
12/09 14:40:21:145 Local queue size: 0
12/09 14:40:31:147 Local queue size: 0
12/09 14:40:41:150 Local queue size: 0
12/09 14:40:51:225 Local queue size: 0
12/09 14:41:01:227 Local queue size: 0
12/09 14:41:11:232 Local queue size: 0
12/09 14:41:21:233 Local queue size: 0
12/09 14:41:31:301 Local queue size: 0
12/09 14:41:41:307 Local queue size: 0
12/09 14:41:51:311 Local queue size: 0
12/09 14:42:01:312 Local queue size: 0
12/09 14:42:11:340 Local queue size: 0
12/09 14:42:21:347 Local queue size: 0
12/09 14:42:31:356 Local queue size: 0
12/09 14:42:41:425 Local queue size: 0
12/09 14:42:51:429 Local queue size: 0
12/09 14:43:01:433 Local queue size: 0
12/09 14:43:11:437 Local queue size: 0
12/09 14:43:21:438 Local queue size: 0
12/09 14:43:31:454 Local queue size: 0
12/09 14:43:41:461 Local queue size: 0
12/09 14:43:51:561 Local queue size: 0
12/09 14:44:01:567 Local queue size: 0
12/09 14:44:11:667 Local queue size: 0
12/09 14:44:21:670 Local queue size: 0
12/09 14:44:31:672 Local queue size: 0
12/09 14:44:41:681 Local queue size: 0
12/09 14:44:51:682 Local queue size: 0
12/09 14:45:01:684 Local queue size: 0
12/09 14:45:11:691 Local queue size: 0
12/09 14:45:21:791 Local queue size: 0
12/09 14:45:31:793 Local queue size: 0
12/09 14:45:41:795 Local queue size: 0
12/09 14:45:51:882 Local queue size: 0
12/09 14:46:01:893 Local queue size: 0
12/09 14:46:11:894 Local queue size: 0
12/09 14:46:26:402 OSA Callback started
12/09 14:46:29:921 Starting process session
12/09 14:46:30:023 Total 0 instances are started
12/09 14:46:30:024 Total 1 instances are added
12/09 14:46:40:225 Local queue size: 0
12/09 14:46:50:226 Local queue size: 0
12/09 14:47:00:239 Local queue size: 0
12/09 14:47:10:288 Local queue size: 0
12/09 14:47:20:289 Local queue size: 0
12/09 14:47:30:291 Local queue size: 0
12/09 14:47:40:294 Local queue size: 0
12/09 14:47:50:297 Local queue size: 0
12/09 14:48:00:315 Local queue size: 0
12/09 14:48:10:317 Local queue size: 0
12/09 14:48:20:362 Local queue size: 0
12/09 14:48:30:384 Local queue size: 0
12/09 14:48:40:388 Local queue size: 0
12/09 14:48:50:389 Local queue size: 0
12/09 14:49:00:395 Local queue size: 0
12/09 14:49:10:409 Local queue size: 0
12/09 14:49:20:411 Local queue size: 0
12/09 14:49:30:417 Local queue size: 0
12/09 14:49:40:426 Local queue size: 0
12/09 14:49:50:435 Local queue size: 0
12/09 14:50:00:535 Local queue size: 0
12/09 14:50:10:537 Local queue size: 0
12/09 14:50:20:538 Local queue size: 0
12/09 14:50:30:541 Local queue size: 0
12/09 14:50:40:543 Local queue size: 0
12/09 14:50:50:643 Local queue size: 0
12/09 14:51:00:728 Local queue size: 0
12/09 14:51:10:729 Local queue size: 0
12/09 14:51:20:731 Local queue size: 0
12/09 14:51:30:741 Local queue size: 0
12/09 14:51:40:791 Local queue size: 0
12/09 14:51:50:793 Local queue size: 0
12/09 14:52:00:797 Local queue size: 0
12/09 14:52:10:799 Local queue size: 0
12/09 14:52:20:800 Local queue size: 0
12/09 14:52:30:802 Local queue size: 0
12/09 14:52:40:803 Local queue size: 0
12/09 14:52:50:813 Local queue size: 0
12/09 14:53:00:865 Local queue size: 0
12/09 14:53:10:867 Local queue size: 0
12/09 14:53:20:878 Local queue size: 0
12/09 14:53:30:879 Local queue size: 0
12/09 14:53:40:884 Local queue size: 0
12/09 14:53:50:935 Local queue size: 0
12/09 14:54:00:945 Local queue size: 0
12/09 14:54:10:947 Local queue size: 0
12/09 14:54:20:949 Local queue size: 0
12/09 14:54:30:999 Local queue size: 0
12/09 14:54:41:051 Local queue size: 0
12/09 14:54:51:059 Local queue size: 0
12/09 14:55:01:060 Local queue size: 0
12/09 14:55:11:062 Local queue size: 0
12/09 14:55:21:109 Local queue size: 0
12/09 14:55:31:114 Local queue size: 0
12/09 14:55:41:116 Local queue size: 0
12/09 14:55:51:117 Local queue size: 0
12/09 14:56:01:125 Local queue size: 0
12/09 14:56:11:198 Local queue size: 0
12/09 14:56:21:200 Local queue size: 0
12/09 14:56:31:204 Local queue size: 0
12/09 14:56:41:304 Local queue size: 0
12/09 14:56:51:305 Local queue size: 0
12/09 14:57:01:376 Local queue size: 0
12/09 14:57:11:378 Local queue size: 0
12/09 14:57:21:478 Local queue size: 0
12/09 14:57:31:493 Local queue size: 0
12/09 14:57:41:495 Local queue size: 0
12/09 14:57:51:506 Local queue size: 0
12/09 14:58:01:508 Local queue size: 0
12/09 14:58:11:608 Local queue size: 0
12/09 14:58:21:625 Local queue size: 0
12/09 14:58:31:640 Local queue size: 0
12/09 14:58:41:735 Local queue size: 0
12/09 14:58:51:740 Local queue size: 0
12/09 14:59:01:743 Local queue size: 0
12/09 14:59:11:769 Local queue size: 0
12/09 14:59:21:770 Local queue size: 0
12/09 14:59:31:779 Local queue size: 0
12/09 14:59:41:793 Local queue size: 0
12/09 14:59:51:801 Local queue size: 0
12/09 15:00:01:812 Local queue size: 0
12/09 15:00:11:844 Local queue size: 0
12/09 15:00:21:853 Local queue size: 0
12/09 15:00:31:856 Local queue size: 0
12/09 15:00:41:870 Local queue size: 0
12/09 15:00:51:875 Local queue size: 0
12/09 15:01:01:877 Local queue size: 0
12/09 15:01:11:882 Local queue size: 0
12/09 15:01:18:843 OSA Callback started
12/09 15:01:20:655 Error occured: An SQLException was provoked by the following failure: java.lang.InterruptedException
12/09 15:22:57:368 OSA Callback started
12/09 15:23:00:883 Starting process session
12/09 15:23:01:154 Total 0 instances are started
12/09 15:23:01:155 Total 1 instances are added
12/09 15:23:11:311 Local queue size: 0
12/09 15:23:21:312 Local queue size: 0
12/09 15:23:31:314 Local queue size: 0
12/09 15:23:41:316 Local queue size: 0
12/09 15:23:51:373 Local queue size: 0
12/09 15:24:01:390 Local queue size: 0
12/09 15:24:11:460 Local queue size: 0
12/09 15:24:21:462 Local queue size: 0
12/09 15:24:31:470 Local queue size: 0
12/09 15:24:41:474 Local queue size: 0
12/09 15:24:51:479 Local queue size: 0
12/09 15:25:01:485 Local queue size: 0
12/09 15:25:12:108 OSA Callback started
12/09 15:25:13:566 Starting process session
12/09 15:25:13:804 Total 0 instances are started
12/09 15:25:13:806 Total 1 instances are added
12/09 15:25:23:971 Local queue size: 0
12/09 15:25:36:268 OSA Callback started
12/09 15:25:39:802 Starting process session
12/09 15:25:39:991 Total 0 instances are started
12/09 15:25:39:992 Total 1 instances are added
12/09 15:25:50:108 Local queue size: 0
12/09 15:26:00:144 Local queue size: 0
12/09 15:26:10:191 Local queue size: 0
12/09 15:26:20:203 Local queue size: 0
12/09 15:26:30:261 Local queue size: 0
12/09 15:26:40:270 Local queue size: 0
12/09 15:26:50:271 Local queue size: 0
12/09 15:27:00:287 Local queue size: 0
12/09 15:27:10:313 Local queue size: 0
12/09 15:27:20:357 Local queue size: 0
12/09 15:27:30:443 Local queue size: 0
12/09 15:27:40:457 Local queue size: 0
12/09 15:27:50:465 Local queue size: 0
12/09 15:28:00:470 Local queue size: 0
12/09 15:28:10:474 Local queue size: 0
12/09 15:28:20:537 Local queue size: 0
12/09 15:28:30:547 Local queue size: 0
12/09 15:28:40:550 Local queue size: 0
12/09 15:28:50:565 Local queue size: 0
12/09 15:29:00:572 Local queue size: 0
12/09 15:29:10:669 Local queue size: 0
12/09 15:29:20:769 Local queue size: 0
12/09 15:29:30:772 Local queue size: 0
12/09 15:29:40:774 Local queue size: 0
12/09 15:29:50:776 Local queue size: 0
12/09 15:30:00:861 Local queue size: 0
12/09 15:30:10:862 Local queue size: 0
12/09 15:30:20:864 Local queue size: 0
12/09 15:30:30:867 Local queue size: 0
12/09 15:30:40:941 Local queue size: 0
12/09 15:30:50:945 Local queue size: 0
12/09 15:31:00:949 Local queue size: 0
12/09 15:31:10:962 Local queue size: 0
12/09 15:31:20:964 Local queue size: 0
12/09 15:31:30:999 Local queue size: 0
12/09 15:31:41:003 Local queue size: 0
12/09 15:31:51:005 Local queue size: 0
12/09 15:32:01:009 Local queue size: 0
12/09 15:32:11:073 Local queue size: 0
12/09 15:32:21:075 Local queue size: 0
12/09 15:32:31:080 Local queue size: 0
12/09 15:32:41:085 Local queue size: 0
12/09 15:32:51:087 Local queue size: 0
12/09 15:33:01:089 Local queue size: 0
12/09 15:33:11:091 Local queue size: 0
12/09 15:33:21:093 Local queue size: 0
12/09 15:33:31:151 Local queue size: 0
12/09 15:33:41:164 Local queue size: 0
12/09 15:33:51:171 Local queue size: 0
12/09 15:34:01:198 Local queue size: 0
12/09 15:34:11:206 Local queue size: 0
12/09 15:34:21:260 Local queue size: 0
12/09 15:34:31:271 Local queue size: 0
12/09 15:34:41:273 Local queue size: 0
12/09 15:34:51:276 Local queue size: 0
12/09 15:35:01:279 Local queue size: 0
12/09 15:35:11:371 Local queue size: 0
12/09 15:35:21:396 Local queue size: 0
12/09 15:35:31:397 Local queue size: 0
12/09 15:35:41:399 Local queue size: 0
12/09 15:35:51:479 Local queue size: 0
12/09 15:36:01:480 Local queue size: 0
12/09 15:36:11:486 Local queue size: 0
12/09 15:36:21:491 Local queue size: 0
12/09 15:36:31:493 Local queue size: 0
12/09 15:36:41:521 Local queue size: 0
12/09 15:36:51:527 Local queue size: 0
12/09 15:37:01:529 Local queue size: 0
12/09 15:37:11:533 Local queue size: 0
12/09 15:37:21:538 Local queue size: 0
12/09 15:37:31:548 Local queue size: 0
12/09 15:37:41:553 Local queue size: 0
12/09 15:37:51:554 Local queue size: 0
12/09 15:38:01:562 Local queue size: 0
12/09 15:38:11:618 Local queue size: 0
12/09 15:38:21:625 Local queue size: 0
12/09 15:38:31:635 Local queue size: 0
12/09 15:38:41:654 Local queue size: 0
12/09 15:38:51:656 Local queue size: 0
12/09 15:39:01:730 Local queue size: 0
12/09 15:39:11:740 Local queue size: 0
12/09 15:39:21:747 Local queue size: 0
12/09 15:39:31:769 Local queue size: 0
12/09 15:39:41:862 Local queue size: 0
12/09 15:39:51:867 Local queue size: 0
12/09 15:40:01:868 Local queue size: 0
12/09 15:40:11:878 Local queue size: 0
12/09 15:40:21:879 Local queue size: 0
12/09 15:40:31:962 Local queue size: 0
12/09 15:40:41:966 Local queue size: 0
12/09 15:40:51:968 Local queue size: 0
12/09 15:41:02:068 Local queue size: 0
12/09 15:41:12:070 Local queue size: 0
12/09 15:41:22:121 Local queue size: 0
12/09 15:41:32:143 Local queue size: 0
12/09 15:41:42:150 Local queue size: 0
12/09 15:41:52:162 Local queue size: 0
12/09 15:42:02:169 Local queue size: 0
12/09 15:42:12:214 Local queue size: 0
12/09 15:42:22:216 Local queue size: 0
12/09 15:42:32:218 Local queue size: 0
12/09 15:42:42:221 Local queue size: 0
12/09 15:42:52:255 Local queue size: 0
12/09 15:43:02:256 Local queue size: 0
12/09 15:43:12:262 Local queue size: 0
12/09 15:43:22:267 Local queue size: 0
12/09 15:43:32:276 Local queue size: 0
12/09 15:43:42:355 Local queue size: 0
12/09 15:43:52:359 Local queue size: 0
12/09 15:44:02:374 Local queue size: 0
12/09 15:44:12:474 Local queue size: 0
12/09 15:44:22:479 Local queue size: 0
12/09 15:44:32:522 Local queue size: 0
12/09 15:44:42:524 Local queue size: 0
12/09 15:44:52:526 Local queue size: 0
12/09 15:45:02:626 Local queue size: 0
12/09 15:45:12:707 Local queue size: 0
12/09 15:45:22:712 Local queue size: 0
12/09 16:10:52:348 OSA Callback started
12/09 16:10:54:574 Starting process session
12/09 16:10:55:004 Total 0 instances are started
12/09 16:10:55:090 Total 1 instances are added
12/09 16:10:57:226 com.sun.messaging.jms.JMSException: [C4003]: Error occurred on connection creation [10.32.62.73:7676]. - cause: java.net.ConnectException: Connection refused: connect
12/09 16:10:57:226 Consumer was closed, reconnect.
12/09 16:11:05:254 Local queue size: 0
12/09 16:11:15:278 Local queue size: 0
12/09 16:11:25:315 Local queue size: 0
12/09 16:11:35:353 Local queue size: 0
12/09 16:11:45:410 Local queue size: 0
12/09 16:11:55:416 Local queue size: 0
12/09 16:12:05:436 Local queue size: 0
12/09 16:12:15:482 Local queue size: 0
12/09 16:12:25:504 Local queue size: 0
12/09 16:12:35:534 Local queue size: 0
12/09 16:12:45:583 Local queue size: 0
12/09 16:12:55:600 Local queue size: 0
12/09 16:13:05:629 Local queue size: 0
12/09 16:13:15:674 Local queue size: 0
12/09 16:13:25:700 Local queue size: 0
12/09 16:13:35:703 Local queue size: 0
12/09 16:13:45:707 Local queue size: 0
12/09 16:13:55:807 Local queue size: 0
12/09 16:14:05:808 Local queue size: 0
12/09 16:14:15:813 Local queue size: 0
12/09 16:14:25:908 Local queue size: 0
12/09 16:14:35:912 Local queue size: 0
12/09 16:14:46:012 Local queue size: 0
12/09 16:14:56:015 Local queue size: 0
12/09 16:15:06:042 Local queue size: 0
12/09 16:15:16:043 Local queue size: 0
12/09 16:15:26:103 Local queue size: 0
12/09 16:15:36:109 Local queue size: 0
12/09 16:15:46:120 Local queue size: 0
12/09 16:15:56:220 Local queue size: 0
12/09 16:16:06:313 Local queue size: 0
12/09 16:16:16:413 Local queue size: 0
12/09 16:16:26:419 Local queue size: 0
12/09 16:16:36:519 Local queue size: 0
12/09 16:16:46:528 Local queue size: 0
12/09 16:16:56:537 Local queue size: 0
12/09 16:17:06:538 Local queue size: 0
12/09 16:17:16:583 Local queue size: 0
12/09 16:17:26:585 Local queue size: 0
12/09 16:17:36:590 Local queue size: 0
12/09 16:17:46:593 Local queue size: 0
12/09 16:17:56:596 Local queue size: 0
12/09 16:18:06:646 Local queue size: 0
12/09 16:18:16:659 Local queue size: 0
12/09 16:18:26:661 Local queue size: 0
12/09 16:18:36:670 Local queue size: 0
12/09 16:18:46:678 Local queue size: 0
12/09 16:18:56:687 Local queue size: 0
12/09 16:19:05:710 OSA Callback started
12/09 16:19:06:567 Starting process session
12/09 16:19:06:680 Total 0 instances are started
12/09 16:19:06:680 Total 1 instances are added
12/09 16:19:16:857 Local queue size: 0
12/09 16:19:26:869 Local queue size: 0
12/09 16:19:36:938 Local queue size: 0
12/09 16:19:47:038 Local queue size: 0
12/09 16:19:57:040 Local queue size: 0
12/09 16:20:07:111 Local queue size: 0
12/09 16:20:17:116 Local queue size: 0
12/09 16:20:27:118 Local queue size: 0
12/09 16:20:37:126 Local queue size: 0
12/09 16:20:47:216 Local queue size: 0
12/09 16:20:57:228 Local queue size: 0
12/09 16:21:07:241 Local queue size: 0
12/09 16:21:17:260 Local queue size: 0
12/09 16:21:27:266 Local queue size: 0
12/09 16:21:37:309 Local queue size: 0
12/09 16:21:47:311 Local queue size: 0
12/09 16:21:57:318 Local queue size: 0
12/09 16:22:07:319 Local queue size: 0
12/09 16:22:17:323 Local queue size: 0
12/09 16:22:27:327 Local queue size: 0
12/09 16:22:37:427 Local queue size: 0
12/09 16:22:47:438 Local queue size: 0
12/09 16:22:57:439 Local queue size: 0
12/09 16:23:07:443 Local queue size: 0
12/09 16:23:17:445 Local queue size: 0
12/09 16:23:27:450 Local queue size: 0
12/09 16:23:37:545 Local queue size: 0
12/09 16:23:47:645 Local queue size: 0
12/09 16:23:57:647 Local queue size: 0
12/09 16:24:07:649 Local queue size: 0
12/09 16:24:17:693 Local queue size: 0
12/09 16:24:27:793 Local queue size: 0
12/09 16:24:37:801 Local queue size: 0
12/09 16:24:47:802 Local queue size: 0
12/09 16:24:57:902 Local queue size: 0
12/09 16:25:07:909 Local queue size: 0
12/09 16:25:18:009 Local queue size: 0
12/09 16:25:28:011 Local queue size: 0
12/09 16:25:38:097 Local queue size: 0
12/09 16:25:48:100 Local queue size: 0
12/09 16:25:58:101 Local queue size: 0
12/09 16:26:08:104 Local queue size: 0
12/09 16:26:18:127 Local queue size: 0
12/09 16:26:28:130 Local queue size: 0
12/09 16:26:38:132 Local queue size: 0
12/09 16:26:48:133 Local queue size: 0
12/09 16:26:58:233 Local queue size: 0
12/09 16:27:08:239 Local queue size: 0
12/09 16:27:18:259 Local queue size: 0
12/09 16:27:28:261 Local queue size: 0
12/09 16:27:38:262 Local queue size: 0
12/09 16:27:48:341 Local queue size: 0
12/09 16:27:58:349 Local queue size: 0
12/09 16:28:08:352 Local queue size: 0
12/09 16:28:18:354 Local queue size: 0
12/09 16:28:28:399 Local queue size: 0
12/09 16:28:38:407 Local queue size: 0
12/09 16:28:48:408 Local queue size: 0
12/09 16:28:58:409 Local queue size: 0
12/09 16:29:08:509 Local queue size: 0
12/09 16:29:18:608 Local queue size: 0
12/09 16:29:28:609 Local queue size: 0
12/09 16:29:38:709 Local queue size: 0
12/09 16:29:48:710 Local queue size: 0
12/09 16:29:58:778 Local queue size: 0
12/09 16:30:08:783 Local queue size: 0
12/09 16:30:18:787 Local queue size: 0
12/09 16:30:28:794 Local queue size: 0
12/09 16:30:38:800 Local queue size: 0
12/09 16:30:48:840 Local queue size: 0
12/09 16:30:58:869 Local queue size: 0
12/09 16:31:08:879 Local queue size: 0
12/09 16:31:18:880 Local queue size: 0
12/09 16:31:28:887 Local queue size: 0
12/09 16:31:38:893 Local queue size: 0
12/09 16:31:48:902 Local queue size: 0
12/09 16:31:58:904 Local queue size: 0
12/09 16:32:08:909 Local queue size: 0
12/09 16:32:18:910 Local queue size: 0
12/09 16:32:28:913 Local queue size: 0
12/09 16:32:38:915 Local queue size: 0
12/09 16:32:48:983 Local queue size: 0
12/09 16:32:58:994 Local queue size: 0
12/09 16:33:09:094 Local queue size: 0
12/09 16:33:32:741 OSA Callback started
12/09 16:33:34:865 Starting process session
12/09 16:33:35:280 Total 0 instances are started
12/09 16:33:35:283 Total 1 instances are added
12/09 16:33:45:692 Local queue size: 0
12/09 16:33:55:697 Local queue size: 0
12/09 16:34:05:699 Local queue size: 0
12/09 16:34:15:789 Local queue size: 0
12/09 16:34:25:791 Local queue size: 0
12/09 16:34:35:793 Local queue size: 0
12/09 16:34:45:868 Local queue size: 0
12/09 16:34:55:875 Local queue size: 0
12/09 16:35:05:877 Local queue size: 0
12/09 16:35:15:879 Local queue size: 0
12/09 16:35:25:886 Local queue size: 0
12/09 16:35:35:898 Local queue size: 0
12/09 16:35:45:903 Local queue size: 0
12/09 16:35:55:905 Local queue size: 0
12/09 16:36:05:908 Local queue size: 0
12/09 16:36:15:922 Local queue size: 0
12/09 16:36:25:924 Local queue size: 0
12/09 16:36:44:903 OSA Callback started
12/09 16:36:48:354 Starting process session
12/09 16:36:48:587 Total 0 instances are started
12/09 16:36:48:588 Total 1 instances are added
12/09 16:36:58:735 Local queue size: 0
12/09 16:37:08:739 Local queue size: 0
12/09 16:37:18:762 Local queue size: 0
12/09 16:37:28:763 Local queue size: 0
12/09 16:37:38:766 Local queue size: 0
12/09 16:37:48:769 Local queue size: 0
12/09 16:37:58:771 Local queue size: 0
12/09 16:38:08:775 Local queue size: 0
12/09 16:38:18:781 Local queue size: 0
12/09 16:38:28:782 Local queue size: 0
12/09 16:38:38:787 Local queue size: 0
12/09 16:38:48:788 Local queue size: 0
12/09 16:38:58:790 Local queue size: 0
12/09 16:39:08:794 Local queue size: 0
12/09 16:39:18:894 Local queue size: 0
12/09 16:39:28:896 Local queue size: 0
12/09 16:39:38:897 Local queue size: 0
12/09 16:39:48:898 Local queue size: 0
12/09 16:39:58:904 Local queue size: 0
12/09 16:40:08:905 Local queue size: 0
12/09 16:40:18:908 Local queue size: 0
12/09 16:40:28:911 Local queue size: 0
12/09 16:40:38:913 Local queue size: 0
12/09 16:40:48:917 Local queue size: 0
12/09 16:40:58:923 Local queue size: 0
12/09 16:41:08:925 Local queue size: 0
12/09 16:41:19:025 Local queue size: 0
12/09 16:41:29:028 Local queue size: 0
12/09 16:41:39:029 Local queue size: 0
12/09 16:41:49:031 Local queue size: 0
12/09 16:41:59:032 Local queue size: 0
12/09 16:42:09:033 Local queue size: 0
12/09 16:42:19:036 Local queue size: 0
12/09 16:42:29:037 Local queue size: 0
12/09 16:42:39:100 Local queue size: 0
12/09 16:42:49:200 Local queue size: 0
12/09 16:42:59:201 Local queue size: 0
12/09 16:43:09:202 Local queue size: 0
12/09 16:43:19:257 Local queue size: 0
12/09 16:43:29:263 Local queue size: 0
12/09 16:43:39:264 Local queue size: 0
12/09 16:43:49:266 Local queue size: 0
12/09 16:43:59:268 Local queue size: 0
12/09 16:44:09:269 Local queue size: 0
12/09 16:44:19:271 Local queue size: 0
12/09 16:44:29:371 Local queue size: 0
12/09 16:44:39:375 Local queue size: 0
12/09 16:44:49:437 Local queue size: 0
12/09 16:44:59:439 Local queue size: 0
12/09 16:45:09:539 Local queue size: 0
12/09 16:45:19:540 Local queue size: 0
12/09 16:45:29:584 Local queue size: 0
12/09 16:45:39:585 Local queue size: 0
12/09 16:45:49:586 Local queue size: 0
12/09 16:45:59:587 Local queue size: 0
12/09 16:46:09:600 Local queue size: 0
12/09 16:46:19:732 Local queue size: 0
12/09 16:46:29:741 Local queue size: 0
12/09 16:46:39:743 Local queue size: 0
12/09 16:46:49:843 Local queue size: 0
12/09 16:46:59:845 Local queue size: 0
12/09 16:47:09:846 Local queue size: 0
12/09 16:47:19:911 Local queue size: 0
12/09 16:47:29:913 Local queue size: 0
12/09 16:47:39:920 Local queue size: 0
12/09 16:47:49:924 Local queue size: 0
12/09 16:47:59:954 Local queue size: 0
12/09 16:48:09:956 Local queue size: 0
12/09 16:48:19:957 Local queue size: 0
12/09 16:48:29:959 Local queue size: 0
12/09 16:48:39:963 Local queue size: 0
12/09 16:48:49:965 Local queue size: 0
12/09 16:48:59:966 Local queue size: 0
12/09 16:49:16:721 OSA Callback started
12/09 16:49:17:379 Starting process session
12/09 16:49:17:517 Total 0 instances are started
12/09 16:49:17:517 Total 1 instances are added
12/09 16:49:27:658 Local queue size: 0
12/09 16:49:37:690 Local queue size: 0
12/09 16:49:47:696 Local queue size: 0
12/09 16:49:57:699 Local queue size: 0
12/09 16:50:07:744 Local queue size: 0
12/09 16:50:17:748 Local queue size: 0
12/09 16:50:27:754 Local queue size: 0
12/09 16:50:37:854 Local queue size: 0
12/09 16:50:47:949 Local queue size: 0
12/09 16:51:03:644 OSA Callback started
12/09 16:51:05:222 Starting process session
12/09 16:51:05:374 Total 0 instances are started
12/09 16:51:05:376 Total 1 instances are added
12/09 16:51:15:546 Local queue size: 0
12/09 16:51:25:547 Local queue size: 0
12/09 16:51:35:550 Local queue size: 0
12/09 16:51:45:551 Local queue size: 0
12/09 16:51:55:580 Local queue size: 0
12/09 16:52:05:581 Local queue size: 0
12/09 16:52:15:583 Local queue size: 0
12/09 16:52:25:587 Local queue size: 0
12/09 16:52:35:588 Local queue size: 0
12/09 16:52:45:589 Local queue size: 0
12/09 16:52:55:590 Local queue size: 0
12/09 16:53:05:599 Local queue size: 0
12/09 16:53:15:601 Local queue size: 0
12/09 16:53:25:606 Local queue size: 0
12/09 16:53:35:608 Local queue size: 0
12/09 16:53:45:609 Local queue size: 0
12/09 16:53:55:611 Local queue size: 0
12/09 16:54:05:612 Local queue size: 0
12/09 16:54:15:613 Local queue size: 0
12/09 16:54:25:614 Local queue size: 0
12/09 16:54:35:620 Local queue size: 0
12/09 16:54:45:621 Local queue size: 0
12/09 16:54:55:623 Local queue size: 0
12/09 16:55:05:625 Local queue size: 0
12/09 16:55:15:626 Local queue size: 0
12/09 16:55:23:166 OSA Callback started
12/09 16:55:25:761 Starting process session
12/09 16:55:26:208 Total 0 instances are started
12/09 16:55:26:210 Total 1 instances are added
12/09 16:55:36:445 Local queue size: 0
12/09 16:55:46:446 Local queue size: 0
12/09 16:55:56:448 Local queue size: 0
12/09 16:56:06:449 Local queue size: 0
12/09 16:56:16:451 Local queue size: 0
12/09 16:56:26:551 Local queue size: 0
12/09 16:56:36:569 Local queue size: 0
12/09 16:56:46:570 Local queue size: 0
12/09 16:56:56:571 Local queue size: 0
12/09 16:57:06:671 Local queue size: 0
12/09 16:57:16:678 Local queue size: 0
12/09 16:57:26:737 Local queue size: 0
12/09 16:57:36:837 Local queue size: 0
12/09 16:57:46:844 Local queue size: 0
12/09 16:57:56:944 Local queue size: 0
12/09 16:58:07:015 Local queue size: 0
12/09 16:58:17:019 Local queue size: 0
12/09 16:58:27:021 Local queue size: 0
12/09 16:58:37:025 Local queue size: 0
12/09 16:58:47:036 Local queue size: 0
12/09 16:58:57:125 Local queue size: 0
12/09 16:59:07:136 Local queue size: 0
12/09 16:59:17:139 Local queue size: 0
12/09 16:59:27:242 Local queue size: 0
12/09 16:59:37:263 Local queue size: 0
12/09 16:59:47:266 Local queue size: 0
12/09 16:59:57:270 Local queue size: 0
12/09 17:00:07:275 Local queue size: 0
12/09 17:00:17:280 Local queue size: 0
12/09 17:00:27:286 Local queue size: 0
12/09 17:00:37:387 Local queue size: 0
12/09 17:00:47:487 Local queue size: 0
12/09 17:00:57:489 Local queue size: 0
12/09 17:01:07:490 Local queue size: 0
12/09 17:01:17:545 Local queue size: 0
12/09 17:01:27:547 Local queue size: 0
12/09 17:01:48:827 OSA Callback started
12/09 17:01:51:728 Starting process session
12/09 17:01:51:953 Total 0 instances are started
12/09 17:01:51:958 Total 1 instances are added
12/09 17:02:02:171 Local queue size: 0
12/09 17:02:12:182 Local queue size: 0
12/09 17:02:22:283 Local queue size: 0
12/09 17:02:32:289 Local queue size: 0
12/09 17:02:42:349 Local queue size: 0
12/09 17:02:52:352 Local queue size: 0
12/09 17:03:02:356 Local queue size: 0
12/09 17:03:12:363 Local queue size: 0
12/09 17:03:22:444 Local queue size: 0
12/09 17:03:32:448 Local queue size: 0
12/09 17:03:42:454 Local queue size: 0
12/09 17:03:52:456 Local queue size: 0
12/09 17:04:02:459 Local queue size: 0
12/09 17:04:12:461 Local queue size: 0
12/09 17:04:22:466 Local queue size: 0
12/09 17:04:32:470 Local queue size: 0
12/09 17:04:42:472 Local queue size: 0
12/09 17:04:52:566 Local queue size: 0
12/09 17:05:02:568 Local queue size: 0
12/09 17:05:12:668 Local queue size: 0
12/09 17:05:22:671 Local queue size: 0
12/09 17:05:32:676 Local queue size: 0
12/09 17:05:42:712 Local queue size: 0
12/09 17:05:52:718 Local queue size: 0
12/09 17:06:02:818 Local queue size: 0
12/09 17:06:12:822 Local queue size: 0
12/09 17:06:22:824 Local queue size: 0
12/09 17:06:32:826 Local queue size: 0
12/09 17:06:42:827 Local queue size: 0
12/09 17:06:52:848 Local queue size: 0
12/09 17:07:02:865 Local queue size: 0
12/09 17:07:12:869 Local queue size: 0
12/09 17:07:22:872 Local queue size: 0
12/09 17:07:32:927 Local queue size: 0
12/09 17:07:49:378 OSA Callback started
12/09 17:07:51:679 Starting process session
12/09 17:07:52:322 Total 0 instances are started
12/09 17:07:52:325 Total 1 instances are added
12/09 17:08:02:483 Local queue size: 0
12/09 17:08:12:485 Local queue size: 0
12/09 17:08:22:561 Local queue size: 0
12/09 17:08:32:562 Local queue size: 0
12/09 17:08:42:569 Local queue size: 0
12/09 17:08:52:570 Local queue size: 0
12/09 17:09:02:572 Local queue size: 0
12/09 17:09:12:574 Local queue size: 0
12/09 17:09:22:576 Local queue size: 0
12/09 17:09:32:676 Local queue size: 0
12/09 17:09:42:720 Local queue size: 0
12/09 17:09:52:723 Local queue size: 0
12/09 17:10:02:725 Local queue size: 0
12/09 17:10:12:728 Local queue size: 0
12/09 17:10:22:729 Local queue size: 0
12/09 17:10:32:734 Local queue size: 0
12/09 17:10:42:834 Local queue size: 0
12/09 17:10:52:835 Local queue size: 0
12/09 17:11:02:838 Local queue size: 0
12/09 17:11:12:917 Local queue size: 0
12/09 17:11:22:921 Local queue size: 0
12/09 17:11:32:928 Local queue size: 0
12/09 17:11:42:934 Local queue size: 0
12/09 17:11:52:940 Local queue size: 0
12/09 17:12:03:007 Local queue size: 0
12/09 17:12:13:008 Local queue size: 0
12/09 17:12:23:013 Local queue size: 0
12/09 17:12:33:016 Local queue size: 0
12/09 17:12:43:024 Local queue size: 0
12/09 17:12:53:054 Local queue size: 0
12/09 17:13:03:055 Local queue size: 0
12/09 17:13:13:056 Local queue size: 0
12/09 17:13:23:093 Local queue size: 0
12/09 17:13:33:117 Local queue size: 0
12/09 17:13:43:194 Local queue size: 0
12/09 17:13:53:199 Local queue size: 0
12/09 17:14:03:205 Local queue size: 0
12/09 17:14:13:258 Local queue size: 0
12/09 17:14:23:262 Local queue size: 0
12/09 17:14:33:266 Local queue size: 0
12/09 17:14:43:271 Local queue size: 0
12/09 17:14:53:279 Local queue size: 0
12/09 17:15:03:291 Local queue size: 0
12/09 17:15:13:337 Local queue size: 0
12/09 17:15:23:355 Local queue size: 0
12/09 17:15:41:752 OSA Callback started
12/09 17:15:44:544 Starting process session
12/09 17:15:44:651 Total 0 instances are started
12/09 17:15:44:655 Total 1 instances are added
12/09 17:15:54:875 Local queue size: 0
12/09 17:16:04:935 Local queue size: 0
12/09 17:16:14:939 Local queue size: 0
12/09 17:16:24:941 Local queue size: 0
12/09 17:16:34:974 Local queue size: 0
12/09 17:16:44:976 Local queue size: 0
12/09 17:16:54:977 Local queue size: 0
12/09 17:17:04:987 Local queue size: 0
12/09 17:17:15:052 Local queue size: 0
12/09 17:17:25:057 Local queue size: 0
12/09 17:17:35:058 Local queue size: 0
12/09 17:17:45:059 Local queue size: 0
12/09 17:17:55:119 Local queue size: 0
12/09 17:18:05:120 Local queue size: 0
12/09 17:18:15:122 Local queue size: 0
12/09 17:18:25:123 Local queue size: 0
12/09 17:18:35:175 Local queue size: 0
12/09 17:18:45:194 Local queue size: 0
12/09 17:18:55:198 Local queue size: 0
12/09 17:19:05:201 Local queue size: 0
12/09 17:19:15:292 Local queue size: 0
12/09 17:19:25:297 Local queue size: 0
12/09 17:19:35:298 Local queue size: 0
12/09 17:19:45:299 Local queue size: 0
12/09 17:19:55:310 Local queue size: 0
12/09 17:20:05:410 Local queue size: 0
12/09 17:20:15:417 Local queue size: 0
12/09 17:20:25:517 Local queue size: 0
12/09 17:20:35:604 Local queue size: 0
12/09 17:20:45:605 Local queue size: 0
12/09 17:20:55:606 Local queue size: 0
12/09 17:21:05:607 Local queue size: 0
